Set parameter Username
Academic license - for non-commercial use only - expires 2025-08-28
Set parameter Threads to value 1
Set parameter Method to value 4
Gurobi Optimizer version 11.0.0 build v11.0.0rc2 (mac64[arm] - Darwin 23.5.0 23F79)

CPU model: Apple M3 Pro
Thread count: 12 physical cores, 12 logical processors, using up to 1 threads

Optimize a model with 3634 rows, 499 columns and 10933 nonzeros
Model fingerprint: 0xbdfeb15f
Variable types: 299 continuous, 200 integer (200 binary)
Coefficient statistics:
  Matrix range     [1e+00, 1e+00]
  Objective range  [1e+01, 3e+02]
  Bounds range     [1e+00, 1e+00]
  RHS range        [1e+00, 2e+00]
Presolve removed 613 rows and 88 columns
Presolve time: 0.01s
Presolved: 3021 rows, 411 columns, 8910 nonzeros
Variable types: 0 continuous, 411 integer (411 binary)
Found heuristic solution: objective 3803.0000000
Found heuristic solution: objective 3614.0000000

Root relaxation: objective 0.000000e+00, 175 iterations, 0.00 seconds (0.01 work units)

    Nodes    |    Current Node    |     Objective Bounds      |     Work
 Expl Unexpl |  Obj  Depth IntInf | Incumbent    BestBd   Gap | It/Node Time

     0     0    0.00000    0   40 3614.00000    0.00000   100%     -    0s
H    0     0                    1406.0000000    0.00000   100%     -    0s
H    0     0                    1362.0000000    0.00000   100%     -    0s
H    0     0                    1287.0000000    0.00000   100%     -    0s
     0     0    0.00000    0   91 1287.00000    0.00000   100%     -    0s
H    0     0                    1035.0000000    0.00000   100%     -    0s
H    0     0                     973.0000000    0.00000   100%     -    0s
     0     0    0.00000    0   84  973.00000    0.00000   100%     -    0s
H    0     0                     905.0000000    0.00000   100%     -    0s
     0     0    0.00000    0   83  905.00000    0.00000   100%     -    0s
     0     0    0.00000    0   87  905.00000    0.00000   100%     -    0s
H    0     0                     773.0000000    0.00000   100%     -    0s
H    0     0                     746.0000000    0.00000   100%     -    0s
     0     0    0.00000    0   71  746.00000    0.00000   100%     -    0s
     0     0    0.00000    0  103  746.00000    0.00000   100%     -    0s
H    0     0                     707.0000000    0.00000   100%     -    0s
     0     0    0.00000    0  106  707.00000    0.00000   100%     -    0s
     0     0    0.00000    0  134  707.00000    0.00000   100%     -    0s
     0     0    0.00000    0  132  707.00000    0.00000   100%     -    0s
H    0     0                     626.0000000    0.00000   100%     -    0s
     0     2    0.00000    0  132  626.00000    0.00000   100%     -    0s
H   26    24                     545.0000000    0.00000   100%  96.6    0s
H   27    25                     489.0000000    0.00000   100%  93.6    0s
*  137   109              38     478.0000000    0.00000   100%  52.3    0s
H  169   120                     424.0000000    0.00000   100%  49.0    0s
H  292   172                     409.0000000    0.00000   100%  43.4    1s
H  495   309                     405.0000000   11.00000  97.3%  47.1    1s
H  502   305                     393.0000000   11.00000  97.2%  47.2    1s
H  528   316                     392.0000000   15.00000  96.2%  47.1    1s
  1417   584  224.00000   25   97  392.00000   85.33333  78.2%  43.4    5s
  3057  1116  164.00000   23   62  392.00000  144.00000  63.3%  36.4   10s
  5011  1959  242.08333   27   94  392.00000  165.33333  57.8%  33.8   15s
  7163  2767     cutoff   33       392.00000  191.42857  51.2%  32.2   20s
  9478  3576     cutoff   26       392.00000  207.00000  47.2%  31.4   25s
 10202  3778  219.00000   29  102  392.00000  211.00000  46.2%  31.1   31s
 12107  4311  300.40000   32  101  392.00000  219.33333  44.0%  31.3   35s
 14544  4959  338.16667   42   95  392.00000  229.33333  41.5%  31.4   40s
 16998  5574  336.07143   35  115  392.00000  236.00000  39.8%  31.4   45s
 19688  6148  320.75000   43   69  392.00000  245.00000  37.5%  31.3   50s
 22266  6643     cutoff   33       392.00000  252.00000  35.7%  31.2   55s
 25125  7199  295.50000   41   91  392.00000  258.00000  34.2%  30.9   60s
 27829  7578  314.28571   29   62  392.00000  263.50000  32.8%  30.7   65s
 30611  7909  297.16667   40  125  392.00000  268.62500  31.5%  30.5   70s
 33582  8261  335.50000   34   66  392.00000  274.00000  30.1%  30.5   75s
 36359  8512  353.28571   38   92  392.00000  279.70000  28.6%  30.3   80s
 39026  8599 infeasible   41       392.00000  284.00000  27.6%  30.3   85s
 41801  8631  316.00000   36  147  392.00000  288.50000  26.4%  30.3   90s
 44417  8683  363.75000   39   91  392.00000  292.85714  25.3%  30.2   95s
 46999  8612  368.23958   33   88  392.00000  296.57143  24.3%  30.2  100s
 49773  8581  384.75000   34   23  392.00000  300.25000  23.4%  30.1  105s
 52653  8490  317.56667   35  133  392.00000  304.33333  22.4%  30.0  110s
 55444  8299  376.50000   35   64  392.00000  308.00000  21.4%  29.9  115s
 58459  8086  376.00000   35   74  392.00000  311.64706  20.5%  29.8  120s
 61314  7764  390.67500   41  101  392.00000  315.00000  19.6%  29.7  125s
 64436  7382  377.83333   34   85  392.00000  319.00000  18.6%  29.6  130s
 67239  6928  331.00000   33  116  392.00000  323.00000  17.6%  29.5  135s
 70178  6343  357.71154   32  142  392.00000  327.68750  16.4%  29.5  140s
 73250  5596 infeasible   41       392.00000  332.33333  15.2%  29.4  145s
 76677  4540  369.00000   37   66  392.00000  339.00000  13.5%  29.3  150s
 80335  3080  384.75000   38   24  392.00000  349.25882  10.9%  29.1  155s
 84653   787     cutoff   46       392.00000  371.42424  5.25%  28.5  160s

Cutting planes:
  Implied bound: 1
  MIR: 2
  Flow cover: 16
  Zero half: 14
  RLT: 6
  BQP: 6

Explored 85833 nodes (2425693 simplex iterations) in 161.20 seconds (200.35 work units)
Thread count was 1 (of 12 available processors)

Solution count 10: 392 392 393 ... 626

Optimal solution found (tolerance 1.00e-04)
Best objective 3.920000000000e+02, best bound 3.920000000000e+02, gap 0.0000%
392.0
