Set parameter Username
Academic license - for non-commercial use only - expires 2025-08-28
Set parameter Threads to value 1
Set parameter Method to value 4
Gurobi Optimizer version 11.0.0 build v11.0.0rc2 (mac64[arm] - Darwin 23.5.0 23F79)

CPU model: Apple M3 Pro
Thread count: 12 physical cores, 12 logical processors, using up to 1 threads

Optimize a model with 3451 rows, 480 columns and 10381 nonzeros
Model fingerprint: 0x319fd027
Variable types: 290 continuous, 190 integer (190 binary)
Coefficient statistics:
  Matrix range     [1e+00, 1e+00]
  Objective range  [1e+01, 3e+02]
  Bounds range     [1e+00, 1e+00]
  RHS range        [1e+00, 2e+00]
Presolve removed 591 rows and 86 columns
Presolve time: 0.01s
Presolved: 2860 rows, 394 columns, 8440 nonzeros
Variable types: 0 continuous, 394 integer (394 binary)
Found heuristic solution: objective 3221.0000000
Found heuristic solution: objective 3059.0000000

Root relaxation: objective 0.000000e+00, 207 iterations, 0.01 seconds (0.01 work units)

    Nodes    |    Current Node    |     Objective Bounds      |     Work
 Expl Unexpl |  Obj  Depth IntInf | Incumbent    BestBd   Gap | It/Node Time

     0     0    0.00000    0   42 3059.00000    0.00000   100%     -    0s
H    0     0                    2659.0000000    0.00000   100%     -    0s
H    0     0                    2251.0000000    0.00000   100%     -    0s
     0     0    0.00000    0   91 2251.00000    0.00000   100%     -    0s
H    0     0                    1418.0000000    0.00000   100%     -    0s
H    0     0                    1307.0000000    0.00000   100%     -    0s
     0     0    0.00000    0   99 1307.00000    0.00000   100%     -    0s
H    0     0                    1224.0000000    0.00000   100%     -    0s
     0     0    0.00000    0   94 1224.00000    0.00000   100%     -    0s
     0     0    0.00000    0   91 1224.00000    0.00000   100%     -    0s
H    0     0                     683.0000000    0.00000   100%     -    0s
     0     0    0.00000    0   77  683.00000    0.00000   100%     -    0s
     0     0    0.00000    0  108  683.00000    0.00000   100%     -    0s
H    0     0                     573.0000000    0.00000   100%     -    0s
     0     0    0.00000    0  100  573.00000    0.00000   100%     -    0s
     0     0    0.00000    0   91  573.00000    0.00000   100%     -    0s
     0     0    0.00000    0   87  573.00000    0.00000   100%     -    0s
H    0     0                     562.0000000    0.00000   100%     -    0s
     0     2    0.00000    0   65  562.00000    0.00000   100%     -    0s
H   27    27                     550.0000000   21.00000  96.2%  89.4    0s
*   30    27              17     318.0000000   21.00000  93.4%  84.1    0s
*   34    27              20     298.0000000   21.00000  93.0%  75.3    0s
  1847   530  213.00000   29   52  298.00000  110.00000  63.1%  32.2    5s
  4536  1323  218.00000   20   57  298.00000  149.00000  50.0%  26.4   10s
  7064  1968  264.00000   33   23  298.00000  164.00000  45.0%  25.3   15s
  9782  2463  283.00000   34   32  298.00000  186.00000  37.6%  24.5   20s
 10203  2561  234.00000   34   87  298.00000  187.00000  37.2%  24.4   25s
 11189  2633  187.00000   35   77  298.00000  187.00000  37.2%  24.6   30s
 13265  2465  256.00000   38   77  298.00000  201.75000  32.3%  26.6   35s
 15846  1783  243.22222   37   43  298.00000  234.00000  21.5%  26.8   40s
 18612   831  278.50000   35   85  298.00000  262.50000  11.9%  26.3   45s

Cutting planes:
  Gomory: 12
  Implied bound: 29
  Flow cover: 21
  Zero half: 97
  RLT: 45
  BQP: 35

Explored 20662 nodes (556128 simplex iterations) in 48.23 seconds (58.17 work units)
Thread count was 1 (of 12 available processors)

Solution count 10: 298 318 550 ... 2251

Optimal solution found (tolerance 1.00e-04)
Best objective 2.980000000000e+02, best bound 2.980000000000e+02, gap 0.0000%
298.0
