Set parameter Username
Academic license - for non-commercial use only - expires 2025-08-28
Set parameter Threads to value 1
Set parameter Method to value 4
Gurobi Optimizer version 11.0.0 build v11.0.0rc2 (mac64[arm] - Darwin 23.5.0 23F79)

CPU model: Apple M3 Pro
Thread count: 12 physical cores, 12 logical processors, using up to 1 threads

Optimize a model with 3634 rows, 499 columns and 10933 nonzeros
Model fingerprint: 0xb59929be
Variable types: 299 continuous, 200 integer (200 binary)
Coefficient statistics:
  Matrix range     [1e+00, 1e+00]
  Objective range  [1e+01, 3e+02]
  Bounds range     [1e+00, 1e+00]
  RHS range        [1e+00, 2e+00]
Presolve removed 613 rows and 88 columns
Presolve time: 0.01s
Presolved: 3021 rows, 411 columns, 8910 nonzeros
Variable types: 0 continuous, 411 integer (411 binary)
Found heuristic solution: objective 3823.0000000
Found heuristic solution: objective 3634.0000000

Root relaxation: objective 0.000000e+00, 175 iterations, 0.00 seconds (0.01 work units)

    Nodes    |    Current Node    |     Objective Bounds      |     Work
 Expl Unexpl |  Obj  Depth IntInf | Incumbent    BestBd   Gap | It/Node Time

     0     0    0.00000    0   40 3634.00000    0.00000   100%     -    0s
H    0     0                    1429.0000000    0.00000   100%     -    0s
H    0     0                    1391.0000000    0.00000   100%     -    0s
H    0     0                    1316.0000000    0.00000   100%     -    0s
     0     0    0.00000    0   91 1316.00000    0.00000   100%     -    0s
H    0     0                     933.0000000    0.00000   100%     -    0s
H    0     0                     825.0000000    0.00000   100%     -    0s
     0     0    0.00000    0   59  825.00000    0.00000   100%     -    0s
     0     0    0.00000    0   69  825.00000    0.00000   100%     -    0s
     0     0    0.00000    0  116  825.00000    0.00000   100%     -    0s
H    0     0                     712.0000000    0.00000   100%     -    0s
     0     0    0.00000    0  112  712.00000    0.00000   100%     -    0s
     0     0    0.00000    0   79  712.00000    0.00000   100%     -    0s
H    0     0                     687.0000000    0.00000   100%     -    0s
     0     0    0.00000    0   87  687.00000    0.00000   100%     -    0s
     0     0    0.00000    0  116  687.00000    0.00000   100%     -    0s
     0     0    0.00000    0   88  687.00000    0.00000   100%     -    0s
H    0     0                     552.0000000    0.00000   100%     -    0s
     0     2    0.00000    0   88  552.00000    0.00000   100%     -    0s
H   53    41                     539.0000000   11.00000  98.0%  56.5    0s
*   95    71              26     400.0000000   11.00000  97.2%  66.1    0s
  1636   650  219.86029   25  118  400.00000  115.04167  71.2%  44.2    5s
  3845  1416  365.16667   35   33  400.00000  178.00000  55.5%  37.2   10s
  6242  2096  384.00000   43   66  400.00000  208.00000  48.0%  34.4   15s
  8425  2644  368.00000   31   94  400.00000  222.00000  44.5%  33.3   20s
 10202  2964     cutoff   28       400.00000  236.28571  40.9%  32.4   28s
 11019  3126  306.50000   42   74  400.00000  244.25000  38.9%  32.4   30s
 13347  3454     cutoff   30       400.00000  258.75000  35.3%  32.5   35s
 16007  3737  337.75000   37   67  400.00000  273.00000  31.8%  32.1   40s
 18799  3819     cutoff   32       400.00000  287.75000  28.1%  31.8   45s
 21686  3804  377.75000   30   81  400.00000  301.50000  24.6%  31.4   50s
 24709  3546  360.65000   34   44  400.00000  313.75000  21.6%  31.1   55s
 27871  3078  394.83333   31   45  400.00000  326.50000  18.4%  30.6   60s
 30857  2400  377.90000   33   33  400.00000  339.31818  15.2%  30.2   65s
 33868  1374     cutoff   33       400.00000  355.77778  11.1%  29.6   70s

Cutting planes:
  Lift-and-project: 4
  Implied bound: 5
  MIR: 1
  Flow cover: 8
  Zero half: 60
  RLT: 32
  BQP: 37

Explored 36297 nodes (1047230 simplex iterations) in 73.33 seconds (91.11 work units)
Thread count was 1 (of 12 available processors)

Solution count 10: 400 400 539 ... 1391

Optimal solution found (tolerance 1.00e-04)
Best objective 4.000000000000e+02, best bound 4.000000000000e+02, gap 0.0000%
400.0
