Set parameter Username
Academic license - for non-commercial use only - expires 2025-08-28
Set parameter Threads to value 1
Set parameter Method to value 4
Gurobi Optimizer version 11.0.0 build v11.0.0rc2 (mac64[arm] - Darwin 23.5.0 23F79)

CPU model: Apple M3 Pro
Thread count: 12 physical cores, 12 logical processors, using up to 1 threads

Optimize a model with 3634 rows, 499 columns and 10933 nonzeros
Model fingerprint: 0x9aabe70c
Variable types: 299 continuous, 200 integer (200 binary)
Coefficient statistics:
  Matrix range     [1e+00, 1e+00]
  Objective range  [1e+01, 3e+02]
  Bounds range     [1e+00, 1e+00]
  RHS range        [1e+00, 2e+00]
Presolve removed 613 rows and 88 columns
Presolve time: 0.01s
Presolved: 3021 rows, 411 columns, 8910 nonzeros
Variable types: 0 continuous, 411 integer (411 binary)
Found heuristic solution: objective 3823.0000000
Found heuristic solution: objective 3634.0000000

Root relaxation: objective 0.000000e+00, 169 iterations, 0.00 seconds (0.01 work units)

    Nodes    |    Current Node    |     Objective Bounds      |     Work
 Expl Unexpl |  Obj  Depth IntInf | Incumbent    BestBd   Gap | It/Node Time

     0     0    0.00000    0   40 3634.00000    0.00000   100%     -    0s
H    0     0                    1169.0000000    0.00000   100%     -    0s
     0     0    0.00000    0   82 1169.00000    0.00000   100%     -    0s
H    0     0                     741.0000000    0.00000   100%     -    0s
H    0     0                     711.0000000    0.00000   100%     -    0s
     0     0    0.00000    0   83  711.00000    0.00000   100%     -    0s
     0     0    0.00000    0   95  711.00000    0.00000   100%     -    0s
     0     0    0.00000    0  112  711.00000    0.00000   100%     -    0s
H    0     0                     637.0000000    0.00000   100%     -    0s
     0     0    0.00000    0  108  637.00000    0.00000   100%     -    0s
     0     0    0.00000    0  105  637.00000    0.00000   100%     -    0s
     0     0    0.00000    0  105  637.00000    0.00000   100%     -    0s
     0     0    0.00000    0  133  637.00000    0.00000   100%     -    0s
     0     0    0.00000    0   86  637.00000    0.00000   100%     -    0s
     0     2    0.00000    0   86  637.00000    0.00000   100%     -    0s
H   54    22                     440.0000000    0.00000   100%  37.5    0s
H  225   139                     420.0000000   10.00000  97.6%  64.4    1s
H  235   149                     419.0000000   10.00000  97.6%  63.8    1s
H  313   185                     410.0000000   15.00000  96.3%  65.0    1s
H  334   202                     395.0000000   15.00000  96.2%  67.3    1s
H  339   199                     376.0000000   15.00000  96.0%  67.6    1s
H  389   219                     373.0000000   21.00000  94.4%  65.1    1s
  1167   459   76.83333   29  136  373.00000   36.00000  90.3%  51.4    5s
  2976   823     cutoff   33       373.00000   85.20000  77.2%  41.1   10s
  5277  1485  229.66667   38   69  373.00000  135.78571  63.6%  35.8   15s
  7407  2116  310.00000   32   49  373.00000  165.00000  55.8%  33.0   20s
  9892  2793  180.00000   29   37  373.00000  180.00000  51.7%  31.5   25s
 10203  2855  233.66667   25   86  373.00000  182.00000  51.2%  31.4   30s
 11066  2740  329.92857   34  112  373.00000  255.30000  31.6%  27.9   35s

Cutting planes:
  Gomory: 2
  Cover: 1
  Implied bound: 2
  Flow cover: 19
  Zero half: 29
  RLT: 13
  BQP: 8

Explored 12161 nodes (380388 simplex iterations) in 37.98 seconds (45.50 work units)
Thread count was 1 (of 12 available processors)

Solution count 10: 373 376 395 ... 741

Optimal solution found (tolerance 1.00e-04)
Best objective 3.730000000000e+02, best bound 3.730000000000e+02, gap 0.0000%
373.0
