Set parameter Username
Academic license - for non-commercial use only - expires 2025-08-28
Set parameter Threads to value 1
Set parameter Method to value 4
Gurobi Optimizer version 11.0.0 build v11.0.0rc2 (mac64[arm] - Darwin 23.5.0 23F79)

CPU model: Apple M3 Pro
Thread count: 12 physical cores, 12 logical processors, using up to 1 threads

Optimize a model with 3451 rows, 480 columns and 10381 nonzeros
Model fingerprint: 0x183d5918
Variable types: 290 continuous, 190 integer (190 binary)
Coefficient statistics:
  Matrix range     [1e+00, 1e+00]
  Objective range  [1e+01, 3e+02]
  Bounds range     [1e+00, 1e+00]
  RHS range        [1e+00, 2e+00]
Presolve removed 591 rows and 86 columns
Presolve time: 0.01s
Presolved: 2860 rows, 394 columns, 8440 nonzeros
Variable types: 0 continuous, 394 integer (394 binary)
Found heuristic solution: objective 3222.0000000
Found heuristic solution: objective 3060.0000000

Root relaxation: objective 0.000000e+00, 207 iterations, 0.01 seconds (0.01 work units)

    Nodes    |    Current Node    |     Objective Bounds      |     Work
 Expl Unexpl |  Obj  Depth IntInf | Incumbent    BestBd   Gap | It/Node Time

     0     0    0.00000    0   42 3060.00000    0.00000   100%     -    0s
H    0     0                    2659.0000000    0.00000   100%     -    0s
H    0     0                    2252.0000000    0.00000   100%     -    0s
     0     0    0.00000    0   91 2252.00000    0.00000   100%     -    0s
     0     0    0.00000    0  104 2252.00000    0.00000   100%     -    0s
H    0     0                     528.0000000    0.00000   100%     -    0s
H    0     0                     367.0000000    0.00000   100%     -    0s
     0     0    0.00000    0  108  367.00000    0.00000   100%     -    0s
     0     0    0.00000    0   99  367.00000    0.00000   100%     -    0s
H    0     0                     343.0000000    0.00000   100%     -    0s
     0     0    0.00000    0   98  343.00000    0.00000   100%     -    0s
     0     0    0.00000    0   94  343.00000    0.00000   100%     -    0s
H    0     0                     331.0000000    0.00000   100%     -    0s
     0     0    0.00000    0   89  331.00000    0.00000   100%     -    0s
     0     0    0.00000    0  116  331.00000    0.00000   100%     -    0s
     0     0    0.00000    0  115  331.00000    0.00000   100%     -    0s
     0     2    0.00000    0  115  331.00000    0.00000   100%     -    0s
H  164    98                     304.0000000    0.00000   100%  39.7    0s
*  486   264              36     301.0000000    1.71429  99.4%  37.5    1s
  1623   526  142.28571   21   84  301.00000  111.00000  63.1%  33.8    5s
  3832   869  201.00000   21   70  301.00000  168.00000  44.2%  27.1   10s
  6236   972  272.85714   24   83  301.00000  204.16667  32.2%  24.4   15s
  9244   719 infeasible   30       301.00000  245.28125  18.5%  22.9   20s

Cutting planes:
  Zero half: 3
  BQP: 1

Explored 10826 nodes (241864 simplex iterations) in 22.08 seconds (26.48 work units)
Thread count was 1 (of 12 available processors)

Solution count 10: 301 304 331 ... 3222

Optimal solution found (tolerance 1.00e-04)
Best objective 3.010000000000e+02, best bound 3.010000000000e+02, gap 0.0000%
301.0
