Set parameter Username
Academic license - for non-commercial use only - expires 2025-08-28
Set parameter Threads to value 1
Set parameter Method to value 4
Gurobi Optimizer version 11.0.0 build v11.0.0rc2 (mac64[arm] - Darwin 23.5.0 23F79)

CPU model: Apple M3 Pro
Thread count: 12 physical cores, 12 logical processors, using up to 1 threads

Optimize a model with 3634 rows, 499 columns and 10933 nonzeros
Model fingerprint: 0xc50ad04a
Variable types: 299 continuous, 200 integer (200 binary)
Coefficient statistics:
  Matrix range     [1e+00, 1e+00]
  Objective range  [1e+01, 3e+02]
  Bounds range     [1e+00, 1e+00]
  RHS range        [1e+00, 2e+00]
Presolve removed 613 rows and 88 columns
Presolve time: 0.01s
Presolved: 3021 rows, 411 columns, 8910 nonzeros
Variable types: 0 continuous, 411 integer (411 binary)
Found heuristic solution: objective 3851.0000000
Found heuristic solution: objective 3662.0000000

Root relaxation: objective 0.000000e+00, 169 iterations, 0.00 seconds (0.01 work units)

    Nodes    |    Current Node    |     Objective Bounds      |     Work
 Expl Unexpl |  Obj  Depth IntInf | Incumbent    BestBd   Gap | It/Node Time

     0     0    0.00000    0   40 3662.00000    0.00000   100%     -    0s
H    0     0                    1164.0000000    0.00000   100%     -    0s
     0     0    0.00000    0   81 1164.00000    0.00000   100%     -    0s
H    0     0                     804.0000000    0.00000   100%     -    0s
H    0     0                     778.0000000    0.00000   100%     -    0s
     0     0    0.00000    0   54  778.00000    0.00000   100%     -    0s
H    0     0                     704.0000000    0.00000   100%     -    0s
     0     0    0.00000    0   85  704.00000    0.00000   100%     -    0s
H    0     0                     673.0000000    0.00000   100%     -    0s
H    0     0                     549.0000000    0.00000   100%     -    0s
     0     0    0.00000    0   84  549.00000    0.00000   100%     -    0s
     0     0    0.00000    0   90  549.00000    0.00000   100%     -    0s
H    0     0                     472.0000000    0.00000   100%     -    0s
H    0     0                     463.0000000    0.00000   100%     -    0s
     0     0    0.00000    0   93  463.00000    0.00000   100%     -    0s
     0     0    0.00000    0  125  463.00000    0.00000   100%     -    0s
     0     0    0.00000    0   78  463.00000    0.00000   100%     -    0s
     0     2    0.00000    0   78  463.00000    0.00000   100%     -    0s
H   27    26                     453.0000000   13.00000  97.1%  52.5    0s
H   51    43                     443.0000000   13.00000  97.1%  46.5    0s
H  135    97                     417.0000000   14.50000  96.5%  53.8    0s
H  172   123                     416.0000000   14.50000  96.5%  55.1    0s
H  340   206                     371.0000000   19.75000  94.7%  48.4    1s
  1317   521  290.00000   35   30  371.00000   30.33333  91.8%  45.8    5s
  2860   887  120.92857   27  121  371.00000   87.00000  76.5%  39.0   10s
  4599  1619  231.00000   33   45  371.00000  129.90476  65.0%  34.7   15s
  6447  2309  248.00000   30   48  371.00000  153.25000  58.7%  32.1   20s
  8354  2931  220.25840   28  125  371.00000  168.66667  54.5%  30.8   25s
 10203  3392  260.90000   34   78  371.00000  181.00000  51.2%  29.9   34s
 10218  3402  310.00000   42  140  371.00000  181.00000  51.2%  29.8   35s
 11581  3391  314.33333   33   45  371.00000  230.00000  38.0%  30.6   40s
 14002  2963  301.00000   36   76  371.00000  274.00000  26.1%  30.0   45s
 17064  1655  356.91667   38   67  371.00000  322.44444  13.1%  29.0   50s

Cutting planes:
  Gomory: 1
  Cover: 1
  Implied bound: 5
  MIR: 2
  Flow cover: 28
  Zero half: 48
  RLT: 27
  BQP: 23

Explored 18161 nodes (518329 simplex iterations) in 51.43 seconds (64.36 work units)
Thread count was 1 (of 12 available processors)

Solution count 10: 371 371 416 ... 673

Optimal solution found (tolerance 1.00e-04)
Best objective 3.710000000000e+02, best bound 3.710000000000e+02, gap 0.0000%
371.0
