Set parameter Username
Academic license - for non-commercial use only - expires 2025-08-28
Set parameter Threads to value 1
Set parameter Method to value 4
Gurobi Optimizer version 11.0.0 build v11.0.0rc2 (mac64[arm] - Darwin 23.5.0 23F79)

CPU model: Apple M3 Pro
Thread count: 12 physical cores, 12 logical processors, using up to 1 threads

Optimize a model with 3451 rows, 480 columns and 10381 nonzeros
Model fingerprint: 0xaec59b61
Variable types: 290 continuous, 190 integer (190 binary)
Coefficient statistics:
  Matrix range     [1e+00, 1e+00]
  Objective range  [1e+01, 3e+02]
  Bounds range     [1e+00, 1e+00]
  RHS range        [1e+00, 2e+00]
Presolve removed 591 rows and 86 columns
Presolve time: 0.01s
Presolved: 2860 rows, 394 columns, 8440 nonzeros
Variable types: 0 continuous, 394 integer (394 binary)
Found heuristic solution: objective 3753.0000000
Found heuristic solution: objective 3557.0000000

Root relaxation: objective 0.000000e+00, 219 iterations, 0.00 seconds (0.01 work units)

    Nodes    |    Current Node    |     Objective Bounds      |     Work
 Expl Unexpl |  Obj  Depth IntInf | Incumbent    BestBd   Gap | It/Node Time

     0     0    0.00000    0   44 3557.00000    0.00000   100%     -    0s
H    0     0                    3338.0000000    0.00000   100%     -    0s
H    0     0                    2310.0000000    0.00000   100%     -    0s
     0     0    0.00000    0   75 2310.00000    0.00000   100%     -    0s
H    0     0                    1835.0000000    0.00000   100%     -    0s
H    0     0                    1605.0000000    0.00000   100%     -    0s
H    0     0                     656.0000000    0.00000   100%     -    0s
     0     0    0.00000    0   86  656.00000    0.00000   100%     -    0s
H    0     0                     596.0000000    0.00000   100%     -    0s
     0     0    0.00000    0   86  596.00000    0.00000   100%     -    0s
     0     0    0.00000    0   81  596.00000    0.00000   100%     -    0s
H    0     0                     560.0000000    0.00000   100%     -    0s
     0     0    0.00000    0   88  560.00000    0.00000   100%     -    0s
     0     0    0.00000    0  112  560.00000    0.00000   100%     -    0s
     0     0    0.00000    0  112  560.00000    0.00000   100%     -    0s
     0     0    0.00000    0   76  560.00000    0.00000   100%     -    0s
     0     0    0.00000    0   76  560.00000    0.00000   100%     -    0s
     0     2    0.00000    0   76  560.00000    0.00000   100%     -    0s
*   79    63              31     494.0000000    0.00000   100%  46.2    0s
*   80    62              31     464.0000000    0.00000   100%  45.8    0s
H  110    78                     438.0000000    0.00000   100%  43.7    0s
H  246   153                     363.0000000    6.00000  98.3%  49.3    1s
H  263   160                     361.0000000    6.00000  98.3%  47.7    1s
  1579   436  355.00000   33   36  361.00000   60.00000  83.4%  36.8    5s
  3253   688  336.00000   24   74  361.00000  153.00000  57.6%  33.3   10s
  5060   963     cutoff   31       361.00000  208.50000  42.2%  32.0   15s
  7205  1176  266.90000   27   89  361.00000  245.00000  32.1%  30.7   20s
  9552  1123     cutoff   30       361.00000  277.00000  23.3%  29.6   25s
 12575   552     cutoff   29       361.00000  317.75000  12.0%  28.3   30s

Cutting planes:
  Zero half: 1
  RLT: 2
  BQP: 4

Explored 13642 nodes (376112 simplex iterations) in 31.72 seconds (37.53 work units)
Thread count was 1 (of 12 available processors)

Solution count 10: 361 363 438 ... 1835

Optimal solution found (tolerance 1.00e-04)
Best objective 3.610000000000e+02, best bound 3.610000000000e+02, gap 0.0000%
361.0
