Set parameter Username
Academic license - for non-commercial use only - expires 2025-08-28
Set parameter Threads to value 1
Set parameter Method to value 4
Gurobi Optimizer version 11.0.0 build v11.0.0rc2 (mac64[arm] - Darwin 23.5.0 23F79)

CPU model: Apple M3 Pro
Thread count: 12 physical cores, 12 logical processors, using up to 1 threads

Optimize a model with 3634 rows, 499 columns and 10933 nonzeros
Model fingerprint: 0xa5b5c6b1
Variable types: 299 continuous, 200 integer (200 binary)
Coefficient statistics:
  Matrix range     [1e+00, 1e+00]
  Objective range  [1e+01, 3e+02]
  Bounds range     [1e+00, 1e+00]
  RHS range        [1e+00, 2e+00]
Presolve removed 613 rows and 88 columns
Presolve time: 0.01s
Presolved: 3021 rows, 411 columns, 8910 nonzeros
Variable types: 0 continuous, 411 integer (411 binary)
Found heuristic solution: objective 3830.0000000
Found heuristic solution: objective 3634.0000000

Root relaxation: objective 0.000000e+00, 175 iterations, 0.00 seconds (0.01 work units)

    Nodes    |    Current Node    |     Objective Bounds      |     Work
 Expl Unexpl |  Obj  Depth IntInf | Incumbent    BestBd   Gap | It/Node Time

     0     0    0.00000    0   40 3634.00000    0.00000   100%     -    0s
H    0     0                    1426.0000000    0.00000   100%     -    0s
H    0     0                    1391.0000000    0.00000   100%     -    0s
H    0     0                    1316.0000000    0.00000   100%     -    0s
     0     0    0.00000    0   91 1316.00000    0.00000   100%     -    0s
H    0     0                    1112.0000000    0.00000   100%     -    0s
     0     0    0.00000    0   72 1112.00000    0.00000   100%     -    0s
H    0     0                     977.0000000    0.00000   100%     -    0s
     0     0    0.00000    0   77  977.00000    0.00000   100%     -    0s
     0     0    0.00000    0  114  977.00000    0.00000   100%     -    0s
H    0     0                     758.0000000    0.00000   100%     -    0s
H    0     0                     656.0000000    0.00000   100%     -    0s
     0     0    0.00000    0  109  656.00000    0.00000   100%     -    0s
     0     0    0.00000    0   82  656.00000    0.00000   100%     -    0s
     0     0    0.00000    0   90  656.00000    0.00000   100%     -    0s
     0     0    0.00000    0  118  656.00000    0.00000   100%     -    0s
     0     0    0.00000    0   95  656.00000    0.00000   100%     -    0s
H    0     0                     644.0000000    0.00000   100%     -    0s
     0     2    0.00000    0   95  644.00000    0.00000   100%     -    0s
H   27    27                     476.0000000    0.00000   100%  62.2    0s
*  188   130              27     454.0000000    0.00000   100%  52.8    0s
H  218   145                     424.0000000    0.00000   100%  53.0    1s
H  574   355                     403.0000000    0.00000   100%  46.8    2s
  1387   580  356.33333   53   74  403.00000   11.00000  97.3%  40.9    5s
H 1907   677                     400.0000000   16.40000  95.9%  37.3    6s
  3283  1362  336.50000   31   65  400.00000   47.00000  88.2%  33.2   10s
  5195  2099  258.00000   27   68  400.00000  143.66667  64.1%  31.2   15s
  7066  1703     cutoff   35       400.00000  305.75000  23.6%  29.3   20s

Cutting planes:
  Inf proof: 1
  Zero half: 2
  RLT: 1
  BQP: 3

Explored 8505 nodes (238233 simplex iterations) in 22.79 seconds (26.56 work units)
Thread count was 1 (of 12 available processors)

Solution count 10: 400 403 424 ... 1112

Optimal solution found (tolerance 1.00e-04)
Best objective 4.000000000000e+02, best bound 4.000000000000e+02, gap 0.0000%
400.0
