Set parameter Username
Academic license - for non-commercial use only - expires 2025-08-28
Set parameter Threads to value 1
Set parameter Method to value 4
Gurobi Optimizer version 11.0.0 build v11.0.0rc2 (mac64[arm] - Darwin 23.5.0 23F79)

CPU model: Apple M3 Pro
Thread count: 12 physical cores, 12 logical processors, using up to 1 threads

Optimize a model with 3451 rows, 480 columns and 10381 nonzeros
Model fingerprint: 0x887b80ee
Variable types: 290 continuous, 190 integer (190 binary)
Coefficient statistics:
  Matrix range     [1e+00, 1e+00]
  Objective range  [1e+01, 3e+02]
  Bounds range     [1e+00, 1e+00]
  RHS range        [1e+00, 2e+00]
Presolve removed 591 rows and 86 columns
Presolve time: 0.01s
Presolved: 2860 rows, 394 columns, 8440 nonzeros
Variable types: 0 continuous, 394 integer (394 binary)
Found heuristic solution: objective 3215.0000000
Found heuristic solution: objective 3047.0000000

Root relaxation: objective 0.000000e+00, 207 iterations, 0.00 seconds (0.01 work units)

    Nodes    |    Current Node    |     Objective Bounds      |     Work
 Expl Unexpl |  Obj  Depth IntInf | Incumbent    BestBd   Gap | It/Node Time

     0     0    0.00000    0   42 3047.00000    0.00000   100%     -    0s
H    0     0                    2651.0000000    0.00000   100%     -    0s
H    0     0                    2247.0000000    0.00000   100%     -    0s
     0     0    0.00000    0   91 2247.00000    0.00000   100%     -    0s
H    0     0                    2093.0000000    0.00000   100%     -    0s
     0     0    0.00000    0   97 2093.00000    0.00000   100%     -    0s
H    0     0                    1859.0000000    0.00000   100%     -    0s
H    0     0                    1002.0000000    0.00000   100%     -    0s
H    0     0                     965.0000000    0.00000   100%     -    0s
     0     0    0.00000    0   95  965.00000    0.00000   100%     -    0s
     0     0    0.00000    0   79  965.00000    0.00000   100%     -    0s
H    0     0                     621.0000000    0.00000   100%     -    0s
H    0     0                     594.0000000    0.00000   100%     -    0s
     0     0    0.00000    0   75  594.00000    0.00000   100%     -    0s
     0     0    0.00000    0   97  594.00000    0.00000   100%     -    0s
H    0     0                     578.0000000    0.00000   100%     -    0s
     0     0    0.00000    0   79  578.00000    0.00000   100%     -    0s
     0     0    0.00000    0   77  578.00000    0.00000   100%     -    0s
     0     0    0.00000    0   73  578.00000    0.00000   100%     -    0s
H    0     0                     554.0000000    0.00000   100%     -    0s
     0     2    0.00000    0   56  554.00000    0.00000   100%     -    0s
*   45    41              26     387.0000000    0.00000   100%  53.4    0s
H   52    41                     335.0000000    0.00000   100%  50.9    0s
H   78    63                     318.0000000    0.00000   100%  51.5    0s
H  137    96                     305.0000000    0.00000   100%  47.6    0s
H  157   109                     292.0000000    0.00000   100%  47.8    0s
  1527   496     cutoff   28       292.00000  107.00000  63.4%  36.7    5s
  3798  1072  146.00000   25  126  292.00000  146.00000  50.0%  28.4   10s
  6487  1872  220.00000   30   56  292.00000  168.83333  42.2%  25.9   15s
  9493  2379  220.00000   27   64  292.00000  188.00000  35.6%  24.6   20s
 10203  2469  269.00000   45   73  292.00000  191.00000  34.6%  24.2   25s
 12199  2576  250.00000   36   61  292.00000  191.00000  34.6%  23.8   30s
 16010  2054     cutoff   44       292.00000  228.66667  21.7%  23.8   35s
 20691  1546  288.00000   45   17  292.00000  256.00000  12.3%  23.0   40s

Cutting planes:
  Gomory: 3
  Implied bound: 34
  Clique: 1
  Flow cover: 22
  Zero half: 80
  RLT: 35
  BQP: 17

Explored 24379 nodes (568235 simplex iterations) in 43.44 seconds (57.09 work units)
Thread count was 1 (of 12 available processors)

Solution count 10: 292 305 318 ... 965

Optimal solution found (tolerance 1.00e-04)
Best objective 2.920000000000e+02, best bound 2.920000000000e+02, gap 0.0000%
292.0
