Set parameter Username
Academic license - for non-commercial use only - expires 2025-08-28
Set parameter Threads to value 1
Set parameter Method to value 4
Gurobi Optimizer version 11.0.0 build v11.0.0rc2 (mac64[arm] - Darwin 23.5.0 23F79)

CPU model: Apple M3 Pro
Thread count: 12 physical cores, 12 logical processors, using up to 1 threads

Optimize a model with 3451 rows, 480 columns and 10381 nonzeros
Model fingerprint: 0x0ea2874a
Variable types: 290 continuous, 190 integer (190 binary)
Coefficient statistics:
  Matrix range     [1e+00, 1e+00]
  Objective range  [1e+01, 3e+02]
  Bounds range     [1e+00, 1e+00]
  RHS range        [1e+00, 2e+00]
Presolve removed 591 rows and 86 columns
Presolve time: 0.01s
Presolved: 2860 rows, 394 columns, 8440 nonzeros
Variable types: 0 continuous, 394 integer (394 binary)
Found heuristic solution: objective 3732.0000000
Found heuristic solution: objective 3543.0000000

Root relaxation: objective 0.000000e+00, 219 iterations, 0.01 seconds (0.01 work units)

    Nodes    |    Current Node    |     Objective Bounds      |     Work
 Expl Unexpl |  Obj  Depth IntInf | Incumbent    BestBd   Gap | It/Node Time

     0     0    0.00000    0   44 3543.00000    0.00000   100%     -    0s
H    0     0                    3324.0000000    0.00000   100%     -    0s
H    0     0                    2292.0000000    0.00000   100%     -    0s
     0     0    0.00000    0   75 2292.00000    0.00000   100%     -    0s
H    0     0                    1825.0000000    0.00000   100%     -    0s
H    0     0                    1597.0000000    0.00000   100%     -    0s
H    0     0                     653.0000000    0.00000   100%     -    0s
     0     0    0.00000    0   56  653.00000    0.00000   100%     -    0s
H    0     0                     643.0000000    0.00000   100%     -    0s
     0     0    0.00000    0   69  643.00000    0.00000   100%     -    0s
     0     0    0.00000    0  104  643.00000    0.00000   100%     -    0s
H    0     0                     613.0000000    0.00000   100%     -    0s
     0     0    0.00000    0   97  613.00000    0.00000   100%     -    0s
     0     0    0.00000    0   56  613.00000    0.00000   100%     -    0s
     0     0    0.00000    0   93  613.00000    0.00000   100%     -    0s
     0     0    0.00000    0   76  613.00000    0.00000   100%     -    0s
     0     0    0.00000    0   76  613.00000    0.00000   100%     -    0s
H    0     0                     598.0000000    0.00000   100%     -    0s
     0     2    0.00000    0   76  598.00000    0.00000   100%     -    0s
*   95    68              28     562.0000000   15.00000  97.3%  49.3    0s
H  106    67                     468.0000000   15.00000  96.8%  49.1    0s
H  111    70                     419.0000000   15.00000  96.4%  48.2    0s
H  165   106                     409.0000000   15.00000  96.3%  41.8    0s
H  192   122                     379.0000000   15.00000  96.0%  38.7    0s
H  328   192                     363.0000000   15.00000  95.9%  40.8    1s
H  526   318                     360.0000000   22.50000  93.8%  41.7    1s
H  605   372                     357.0000000   27.00000  92.4%  42.7    2s
  1584   721   93.00000   28   82  357.00000   28.28571  92.1%  40.4    5s
  3894  1996  307.00000   38   53  357.00000   28.28571  92.1%  35.0   10s
  6013  3055  236.00000   36  113  357.00000   28.28571  92.1%  34.9   15s
  8117  3885  171.33333   25   87  357.00000   55.14286  84.6%  33.8   20s
 10203  4847  246.00000   39   76  357.00000   64.00000  82.1%  32.9   28s
 10235  4868  142.00000   25  131  357.00000   64.00000  82.1%  32.8   30s
 11770  5088     cutoff   38       357.00000  125.00000  65.0%  33.2   35s
 14045  5052 infeasible   31       357.00000  175.00000  51.0%  31.9   40s
 16584  4757     cutoff   41       357.00000  203.42857  43.0%  30.8   45s
 19293  4233  351.66667   45   50  357.00000  225.33333  36.9%  29.9   50s
 22630  3335     cutoff   47       357.00000  245.50000  31.2%  28.8   55s
 26117  2594  338.00000   42   52  357.00000  264.50000  25.9%  27.9   60s
 29334  2284     cutoff   40       357.00000  282.50000  20.9%  27.3   65s
 32746  1295     cutoff   41       357.00000  309.12500  13.4%  26.6   70s

Cutting planes:
  Gomory: 7
  Implied bound: 5
  Flow cover: 14
  Zero half: 20
  RLT: 16
  BQP: 14

Explored 35214 nodes (913559 simplex iterations) in 73.23 seconds (91.41 work units)
Thread count was 1 (of 12 available processors)

Solution count 10: 357 357 360 ... 598

Optimal solution found (tolerance 1.00e-04)
Best objective 3.570000000000e+02, best bound 3.570000000000e+02, gap 0.0000%
357.0
