Set parameter Username
Academic license - for non-commercial use only - expires 2025-08-28
Set parameter Threads to value 1
Set parameter Method to value 4
Gurobi Optimizer version 11.0.0 build v11.0.0rc2 (mac64[arm] - Darwin 23.5.0 23F79)

CPU model: Apple M3 Pro
Thread count: 12 physical cores, 12 logical processors, using up to 1 threads

Optimize a model with 3451 rows, 480 columns and 10381 nonzeros
Model fingerprint: 0x2119a82b
Variable types: 290 continuous, 190 integer (190 binary)
Coefficient statistics:
  Matrix range     [1e+00, 1e+00]
  Objective range  [1e+01, 3e+02]
  Bounds range     [1e+00, 1e+00]
  RHS range        [1e+00, 2e+00]
Presolve removed 591 rows and 86 columns
Presolve time: 0.01s
Presolved: 2860 rows, 394 columns, 8440 nonzeros
Variable types: 0 continuous, 394 integer (394 binary)
Found heuristic solution: objective 3740.0000000
Found heuristic solution: objective 3551.0000000

Root relaxation: objective 0.000000e+00, 219 iterations, 0.00 seconds (0.01 work units)

    Nodes    |    Current Node    |     Objective Bounds      |     Work
 Expl Unexpl |  Obj  Depth IntInf | Incumbent    BestBd   Gap | It/Node Time

     0     0    0.00000    0   44 3551.00000    0.00000   100%     -    0s
H    0     0                    3323.0000000    0.00000   100%     -    0s
H    0     0                    2306.0000000    0.00000   100%     -    0s
     0     0    0.00000    0   75 2306.00000    0.00000   100%     -    0s
H    0     0                    1812.0000000    0.00000   100%     -    0s
H    0     0                    1585.0000000    0.00000   100%     -    0s
H    0     0                     633.0000000    0.00000   100%     -    0s
     0     0    0.00000    0   56  633.00000    0.00000   100%     -    0s
     0     0    0.00000    0   69  633.00000    0.00000   100%     -    0s
     0     0    0.00000    0  119  633.00000    0.00000   100%     -    0s
H    0     0                     581.0000000    0.00000   100%     -    0s
H    0     0                     559.0000000    0.00000   100%     -    0s
     0     0    0.00000    0  106  559.00000    0.00000   100%     -    0s
     0     0    0.00000    0   81  559.00000    0.00000   100%     -    0s
H    0     0                     466.0000000    0.00000   100%     -    0s
     0     0    0.00000    0   85  466.00000    0.00000   100%     -    0s
     0     0    0.00000    0   75  466.00000    0.00000   100%     -    0s
     0     0    0.00000    0   75  466.00000    0.00000   100%     -    0s
H    0     0                     454.0000000    0.00000   100%     -    0s
H    0     0                     394.0000000    0.00000   100%     -    0s
     0     2    0.00000    0   75  394.00000    0.00000   100%     -    0s
*   36    33              19     369.0000000   12.00000  96.7%  52.6    0s
*   80    67              28     358.0000000   12.00000  96.6%  44.5    0s
*  130    93              19     357.0000000   27.10000  92.4%  42.9    0s
H  479   255                     347.0000000   56.75000  83.6%  44.0    1s
  1403   521     cutoff   25       347.00000   69.00000  80.1%  38.6    5s
  3191  1137 infeasible   39       347.00000  118.00000  66.0%  31.8   10s
  5535  2113  342.10526   30  101  347.00000  147.00000  57.6%  29.5   15s
  7855  2842  249.66667   37   81  347.00000  166.00000  52.2%  28.6   20s
 10202  3549  231.00000   26   50  347.00000  178.00000  48.7%  28.2   29s
 10662  3706  339.00000   45   76  347.00000  180.00000  48.1%  28.1   30s
 13171  4402  223.83333   27   94  347.00000  193.00000  44.4%  27.9   35s
 15806  5074  251.64063   31  117  347.00000  201.00000  42.1%  28.1   40s
 18483  5823  260.75000   37  119  347.00000  209.00000  39.8%  28.3   45s
 21086  6354  319.50000   37   68  347.00000  217.00000  37.5%  28.5   50s
 23646  6792  270.10000   41   82  347.00000  224.00000  35.4%  28.5   55s
 26149  7096  312.20000   36   27  347.00000  230.00000  33.7%  28.7   60s
 28752  7444  332.18182   38  125  347.00000  235.00000  32.3%  28.7   65s
 31326  7697 infeasible   31       347.00000  239.50000  31.0%  28.7   70s
 33935  7930     cutoff   40       347.00000  243.50000  29.8%  28.7   75s
 36697  8148  259.92000   27  120  347.00000  248.00000  28.5%  28.7   80s
 39453  8281  317.80000   41   42  347.00000  252.00000  27.4%  28.5   85s
 42153  8351  284.75000   33   70  347.00000  256.00000  26.2%  28.3   90s
 44734  8350  337.25000   28   69  347.00000  259.50000  25.2%  28.2   95s
 47702  8292  333.22500   40  105  347.00000  263.00000  24.2%  28.0  100s
 50512  8157  324.00000   39   22  347.00000  267.00000  23.1%  27.8  105s
 53535  7961  285.87500   43   65  347.00000  270.88889  21.9%  27.7  110s
 56635  7663  305.00000   35   51  347.00000  275.00000  20.7%  27.5  115s
 59648  7353  310.35000   37  132  347.00000  278.83333  19.6%  27.5  120s
 62350  7070     cutoff   40       347.00000  282.00000  18.7%  27.4  125s
 65333  6583     cutoff   39       347.00000  286.46296  17.4%  27.2  130s
 68445  6027  308.16667   32   60  347.00000  291.00000  16.1%  26.9  135s
 71301  5306     cutoff   38       347.00000  296.00000  14.7%  26.8  140s
 74584  4127     cutoff   43       347.00000  303.75000  12.5%  26.6  145s
 78059  2352  325.00000   37   88  347.00000  314.00000  9.51%  26.4  150s

Cutting planes:
  Gomory: 2
  Flow cover: 16
  Zero half: 70
  RLT: 50
  BQP: 50

Explored 81354 nodes (2113264 simplex iterations) in 154.61 seconds (192.62 work units)
Thread count was 1 (of 12 available processors)

Solution count 10: 347 347 357 ... 581

Optimal solution found (tolerance 1.00e-04)
Best objective 3.470000000000e+02, best bound 3.470000000000e+02, gap 0.0000%
347.0
