Set parameter Username
Academic license - for non-commercial use only - expires 2025-08-28
Set parameter Threads to value 1
Set parameter Method to value 4
Gurobi Optimizer version 11.0.0 build v11.0.0rc2 (mac64[arm] - Darwin 23.5.0 23F79)

CPU model: Apple M3 Pro
Thread count: 12 physical cores, 12 logical processors, using up to 1 threads

Optimize a model with 3451 rows, 480 columns and 10381 nonzeros
Model fingerprint: 0x05c76bfa
Variable types: 290 continuous, 190 integer (190 binary)
Coefficient statistics:
  Matrix range     [1e+00, 1e+00]
  Objective range  [1e+01, 3e+02]
  Bounds range     [1e+00, 1e+00]
  RHS range        [1e+00, 2e+00]
Presolve removed 591 rows and 86 columns
Presolve time: 0.01s
Presolved: 2860 rows, 394 columns, 8440 nonzeros
Variable types: 0 continuous, 394 integer (394 binary)
Found heuristic solution: objective 3747.0000000
Found heuristic solution: objective 3558.0000000

Root relaxation: objective 0.000000e+00, 219 iterations, 0.00 seconds (0.01 work units)

    Nodes    |    Current Node    |     Objective Bounds      |     Work
 Expl Unexpl |  Obj  Depth IntInf | Incumbent    BestBd   Gap | It/Node Time

     0     0    0.00000    0   44 3558.00000    0.00000   100%     -    0s
H    0     0                    3340.0000000    0.00000   100%     -    0s
H    0     0                    2301.0000000    0.00000   100%     -    0s
     0     0    0.00000    0   75 2301.00000    0.00000   100%     -    0s
H    0     0                    1834.0000000    0.00000   100%     -    0s
H    0     0                    1612.0000000    0.00000   100%     -    0s
H    0     0                     667.0000000    0.00000   100%     -    0s
     0     0    0.00000    0   56  667.00000    0.00000   100%     -    0s
H    0     0                     608.0000000    0.00000   100%     -    0s
     0     0    0.00000    0   69  608.00000    0.00000   100%     -    0s
     0     0    0.00000    0   79  608.00000    0.00000   100%     -    0s
     0     0    0.00000    0   76  608.00000    0.00000   100%     -    0s
     0     0    0.00000    0   75  608.00000    0.00000   100%     -    0s
H    0     0                     521.0000000    0.00000   100%     -    0s
     0     0    0.00000    0   75  521.00000    0.00000   100%     -    0s
     0     0    0.00000    0   96  521.00000    0.00000   100%     -    0s
     0     0    0.00000    0   85  521.00000    0.00000   100%     -    0s
H    0     0                     462.0000000    0.00000   100%     -    0s
H    0     0                     426.0000000    0.00000   100%     -    0s
     0     2    0.00000    0   85  426.00000    0.00000   100%     -    0s
H   79    55                     401.0000000   52.00000  87.0%  54.1    0s
H  135    78                     389.0000000   52.00000  86.6%  53.4    0s
H  349   183                     378.0000000   67.00000  82.3%  47.0    1s
H  375   198                     371.0000000   69.00000  81.4%  47.4    1s
H  453   240                     366.0000000   72.50000  80.2%  46.9    1s
H  479   253                     363.0000000   73.00000  79.9%  47.4    1s
  1462   509  301.46667   24   81  363.00000   98.00000  73.0%  41.3    5s
  3216   987  239.66667   24   61  363.00000   98.00000  73.0%  34.3   10s
  5263  1900  358.83333   30   53  363.00000   98.00000  73.0%  31.2   15s
  7364  2767  207.00000   30   52  363.00000  115.00000  68.3%  30.3   20s
  9430  3670 infeasible   51       363.00000  131.25000  63.8%  29.5   25s
 10203  3965  225.16667   30   85  363.00000  135.00000  62.8%  29.1   31s
 10708  4105 infeasible   32       363.00000  135.00000  62.8%  30.1   35s
 12205  4359  159.00000   32   73  363.00000  135.00000  62.8%  30.5   40s
 14282  4504  254.55556   38   79  363.00000  150.00000  58.7%  30.3   45s
 16467  4595  347.75000   46   85  363.00000  166.91667  54.0%  30.1   50s
 18774  4716  292.00000   37   63  363.00000  180.00000  50.4%  29.7   55s
 21200  4658  267.06667   53   62  363.00000  191.37500  47.3%  29.6   60s
 23776  5112     cutoff   32       363.00000  200.00000  44.9%  29.3   65s
 26771  6070  233.75000   52   78  363.00000  208.14035  42.7%  28.8   70s
 29423  6853     cutoff   51       363.00000  215.00000  40.8%  28.6   75s
 32120  7537  233.75000   43   63  363.00000  219.50000  39.5%  28.3   80s
 34777  8242  341.00000   39   66  363.00000  225.00000  38.0%  28.0   85s
 37540  8802 infeasible   48       363.00000  230.00000  36.6%  27.8   90s
 40715  9529     cutoff   50       363.00000  235.00000  35.3%  27.5   95s
 43539 10167  332.66667   47   86  363.00000  239.00000  34.2%  27.3  100s
 46344 10701  327.50000   47   76  363.00000  242.62500  33.2%  27.1  105s
 49181 11195     cutoff   41       363.00000  246.50000  32.1%  27.0  110s
 51977 11644  299.64583   45   69  363.00000  249.50000  31.3%  26.9  115s
 54663 11976  342.33333   42   31  363.00000  252.00000  30.6%  26.7  120s
 57400 12267  302.00000   43   62  363.00000  255.33333  29.7%  26.6  125s
 60122 12542  259.00000   42   56  363.00000  259.00000  28.7%  26.6  130s
 62860 12736  296.66667   49  110  363.00000  261.50000  28.0%  26.5  135s
 65588 12976  323.00000   41   53  363.00000  264.00000  27.3%  26.4  140s
 68490 13125  344.00000   38   42  363.00000  266.50000  26.6%  26.3  145s
 71477 13312     cutoff   38       363.00000  269.16667  25.8%  26.2  150s
 74524 13496  284.00000   39   37  363.00000  272.00000  25.1%  26.1  155s
 77669 13621  335.25000   54   54  363.00000  274.00000  24.5%  26.0  160s
 80618 13657  309.50000   46   41  363.00000  276.30000  23.9%  25.9  165s
 83704 13621     cutoff   36       363.00000  279.00000  23.1%  25.8  170s
 86593 13544  319.00000   41   64  363.00000  281.50000  22.5%  25.7  175s
 89804 13441  335.50000   50   78  363.00000  284.00000  21.8%  25.6  180s
 92965 13228  295.25000   48   66  363.00000  286.12121  21.2%  25.5  185s
 96200 12992  352.75000   47   82  363.00000  288.83333  20.4%  25.4  190s
 99348 12823  320.00000   37   36  363.00000  291.00000  19.8%  25.3  195s
 102630 12478  339.42857   50   29  363.00000  294.00000  19.0%  25.2  200s
 105939 12127  319.50000   44   97  363.00000  296.00000  18.5%  25.1  205s
 109266 11672  328.60000   46   37  363.00000  299.00000  17.6%  25.0  210s
 112421 11185  326.18750   53   79  363.00000  301.66667  16.9%  25.0  215s
 115556 10619     cutoff   58       363.00000  304.41667  16.1%  24.9  220s
 119042  9933     cutoff   45       363.00000  308.00000  15.2%  24.7  225s
 122371  9227  337.00000   44   22  363.00000  311.00000  14.3%  24.6  230s
 125784  8324  334.60000   39   65  363.00000  314.50000  13.4%  24.5  235s
 129312  7175  354.75000   40   18  363.00000  319.00000  12.1%  24.4  240s
 132857  5853  357.49231   52   87  363.00000  323.58333  10.9%  24.3  245s
 136328  4371     cutoff   57       363.00000  329.30000  9.28%  24.2  250s
 139842  2533 infeasible   45       363.00000  337.00000  7.16%  24.0  255s

Cutting planes:
  Gomory: 2
  Cover: 2
  Implied bound: 4
  Flow cover: 13
  Zero half: 25
  RLT: 14
  BQP: 11

Explored 143440 nodes (3401722 simplex iterations) in 259.23 seconds (319.68 work units)
Thread count was 1 (of 12 available processors)

Solution count 10: 363 363 366 ... 521

Optimal solution found (tolerance 1.00e-04)
Best objective 3.630000000000e+02, best bound 3.630000000000e+02, gap 0.0000%
363.0
