Set parameter Username
Academic license - for non-commercial use only - expires 2025-08-28
Set parameter Threads to value 1
Set parameter Method to value 4
Gurobi Optimizer version 11.0.0 build v11.0.0rc2 (mac64[arm] - Darwin 23.5.0 23F79)

CPU model: Apple M3 Pro
Thread count: 12 physical cores, 12 logical processors, using up to 1 threads

Optimize a model with 3451 rows, 480 columns and 10381 nonzeros
Model fingerprint: 0x713b56f7
Variable types: 290 continuous, 190 integer (190 binary)
Coefficient statistics:
  Matrix range     [1e+00, 1e+00]
  Objective range  [1e+01, 3e+02]
  Bounds range     [1e+00, 1e+00]
  RHS range        [1e+00, 2e+00]
Presolve removed 591 rows and 86 columns
Presolve time: 0.01s
Presolved: 2860 rows, 394 columns, 8440 nonzeros
Variable types: 0 continuous, 394 integer (394 binary)
Found heuristic solution: objective 3768.0000000
Found heuristic solution: objective 3579.0000000

Root relaxation: objective 0.000000e+00, 219 iterations, 0.00 seconds (0.01 work units)

    Nodes    |    Current Node    |     Objective Bounds      |     Work
 Expl Unexpl |  Obj  Depth IntInf | Incumbent    BestBd   Gap | It/Node Time

     0     0    0.00000    0   44 3579.00000    0.00000   100%     -    0s
H    0     0                    3351.0000000    0.00000   100%     -    0s
H    0     0                    2322.0000000    0.00000   100%     -    0s
     0     0    0.00000    0   75 2322.00000    0.00000   100%     -    0s
H    0     0                    1840.0000000    0.00000   100%     -    0s
H    0     0                    1618.0000000    0.00000   100%     -    0s
H    0     0                     668.0000000    0.00000   100%     -    0s
     0     0    0.00000    0   56  668.00000    0.00000   100%     -    0s
H    0     0                     657.0000000    0.00000   100%     -    0s
     0     0    0.00000    0   69  657.00000    0.00000   100%     -    0s
     0     0    0.00000    0   97  657.00000    0.00000   100%     -    0s
H    0     0                     603.0000000    0.00000   100%     -    0s
     0     0    0.00000    0   89  603.00000    0.00000   100%     -    0s
     0     0    0.00000    0   81  603.00000    0.00000   100%     -    0s
H    0     0                     591.0000000    0.00000   100%     -    0s
     0     0    0.00000    0   82  591.00000    0.00000   100%     -    0s
     0     0    0.00000    0   50  591.00000    0.00000   100%     -    0s
     0     0    0.00000    0   50  591.00000    0.00000   100%     -    0s
     0     2    0.00000    0   50  591.00000    0.00000   100%     -    0s
*   42    39              23     571.0000000   37.00000  93.5%  55.0    0s
H   54    39                     431.0000000   37.00000  91.4%  59.9    0s
H   78    48                     420.0000000   37.00000  91.2%  48.4    0s
H  162   106                     399.0000000   37.00000  90.7%  55.9    0s
*  227   143              36     367.0000000   50.50000  86.2%  48.2    1s
  1288   466  196.50000   20   56  367.00000   99.00000  73.0%  43.9    5s
  3081   975  323.25000   40   94  367.00000   99.00000  73.0%  35.5   10s
  5440  2027  255.66667   34   69  367.00000   99.00000  73.0%  33.9   15s
  7698  2771  292.50000   38   79  367.00000  117.00000  68.1%  33.2   20s
 10203  3523  196.00000   31   50  367.00000  129.00000  64.9%  32.4   28s
 10227  3539  193.50000   30   91  367.00000  129.00000  64.9%  32.3   30s
 11349  3681  271.81818   45   94  367.00000  129.00000  64.9%  33.7   35s
 13169  4033  322.00000   54   32  367.00000  129.00000  64.9%  33.5   40s
 15116  4250  276.00000   44   41  367.00000  129.00000  64.9%  33.2   45s
 17339  4395 infeasible   43       367.00000  132.00000  64.0%  32.8   50s
 19453  4473  267.00000   35   46  367.00000  143.00000  61.0%  32.6   55s
 21774  4797  261.50000   39   89  367.00000  155.50000  57.6%  32.1   60s
 24332  5577  241.00000   39   81  367.00000  165.00000  55.0%  31.7   65s
 26923  6310  323.00000   33   68  367.00000  175.00000  52.3%  31.3   70s
 29590  7013     cutoff   39       367.00000  183.75000  49.9%  30.9   75s
 32335  7750  223.50000   37  108  367.00000  191.00000  48.0%  30.6   80s
 34911  8345  314.16667   49   81  367.00000  196.50000  46.5%  30.5   85s
 37533  9010  253.16667   44   84  367.00000  201.50000  45.1%  30.2   90s
 40317  9601 infeasible   42       367.00000  206.50000  43.7%  30.1   95s
 42928 10103  332.50000   54   51  367.00000  211.65625  42.3%  29.8  100s
 45675 10650  267.60000   42   34  367.00000  216.00000  41.1%  29.6  105s
 48596 11163  296.28571   34   75  367.00000  220.40000  39.9%  29.5  110s
 51436 11647  335.67500   42  144  367.00000  224.66667  38.8%  29.2  115s
 54417 12105  279.50000   40   91  367.00000  229.00000  37.6%  29.0  120s
 57441 12638  360.40000   42   69  367.00000  232.90909  36.5%  28.8  125s
 60235 12994  358.00000   42   67  367.00000  236.50000  35.6%  28.7  130s
 63032 13400  270.00000   44   80  367.00000  240.00000  34.6%  28.5  135s
 65882 13764  311.00000   35   64  367.00000  243.00000  33.8%  28.4  140s
 68821 14093  246.00000   44   86  367.00000  246.00000  33.0%  28.2  145s
 71723 14477  347.50000   54  128  367.00000  248.66667  32.2%  28.1  150s
 74393 14772 infeasible   43       367.00000  251.00000  31.6%  28.0  155s
 77463 15075  293.57143   31  106  367.00000  254.00000  30.8%  27.8  160s
 80483 15377  333.33333   53  124  367.00000  256.72222  30.0%  27.7  165s
 83688 15705     cutoff   46       367.00000  259.66667  29.2%  27.6  170s
 86813 15956  302.50000   47   98  367.00000  262.25000  28.5%  27.5  175s
 90090 16144  298.00000   44   52  367.00000  265.00000  27.8%  27.3  180s
 93169 16206 infeasible   53       367.00000  267.33333  27.2%  27.2  185s
 96457 16351  344.50000   49   28  367.00000  270.00000  26.4%  27.1  190s
 99565 16531  348.00000   44   48  367.00000  272.00000  25.9%  27.0  195s
 102699 16607  345.33333   54   39  367.00000  274.00000  25.3%  26.9  200s
 105816 16664     cutoff   42       367.00000  276.00000  24.8%  26.8  205s
 108818 16662  339.00000   55   96  367.00000  278.08333  24.2%  26.7  210s
 111988 16644  333.33333   43  136  367.00000  280.50000  23.6%  26.6  215s
 115215 16580  329.00000   49   42  367.00000  283.00000  22.9%  26.5  220s
 118508 16416 infeasible   40       367.00000  285.00000  22.3%  26.5  225s
 121911 16264 infeasible   53       367.00000  287.50000  21.7%  26.4  230s
 125191 15999  349.00000   45   56  367.00000  289.66667  21.1%  26.3  235s
 128271 15779  343.00000   46   83  367.00000  292.00000  20.4%  26.2  240s
 131217 15520 infeasible   39       367.00000  294.00000  19.9%  26.1  245s
 134357 15167  350.51984   52  123  367.00000  296.50000  19.2%  26.0  250s
 137720 14683     cutoff   45       367.00000  299.00000  18.5%  25.9  255s
 141099 14111     cutoff   47       367.00000  301.71951  17.8%  25.8  260s
 144151 13585     cutoff   48       367.00000  304.00000  17.2%  25.7  265s
 147206 12964     cutoff   46       367.00000  306.86667  16.4%  25.7  270s
 150552 12172     cutoff   41       367.00000  310.00000  15.5%  25.6  275s
 153748 11263 infeasible   46       367.00000  313.14286  14.7%  25.5  280s
 157075 10179     cutoff   53       367.00000  316.50000  13.8%  25.4  285s
 160602  8871 infeasible   59       367.00000  321.00000  12.5%  25.3  290s
 164104  7330     cutoff   51       367.00000  325.50000  11.3%  25.2  295s
 167742  5467     cutoff   53       367.00000  331.00000  9.81%  25.0  300s
 171547  3107  362.00000   53   40  367.00000  339.00000  7.63%  24.9  305s

Cutting planes:
  Gomory: 11
  Implied bound: 2
  Flow cover: 7
  Zero half: 16
  RLT: 34
  BQP: 30

Explored 175671 nodes (4318121 simplex iterations) in 309.94 seconds (383.50 work units)
Thread count was 1 (of 12 available processors)

Solution count 10: 367 367 399 ... 668

Optimal solution found (tolerance 1.00e-04)
Best objective 3.670000000000e+02, best bound 3.670000000000e+02, gap 0.0000%
367.0
