Set parameter Username
Academic license - for non-commercial use only - expires 2025-08-28
Set parameter Threads to value 1
Set parameter Method to value 4
Gurobi Optimizer version 11.0.0 build v11.0.0rc2 (mac64[arm] - Darwin 23.5.0 23F79)

CPU model: Apple M3 Pro
Thread count: 12 physical cores, 12 logical processors, using up to 1 threads

Optimize a model with 3634 rows, 499 columns and 10933 nonzeros
Model fingerprint: 0x46bf262d
Variable types: 299 continuous, 200 integer (200 binary)
Coefficient statistics:
  Matrix range     [1e+00, 1e+00]
  Objective range  [1e+01, 3e+02]
  Bounds range     [1e+00, 1e+00]
  RHS range        [1e+00, 2e+00]
Presolve removed 613 rows and 88 columns
Presolve time: 0.01s
Presolved: 3021 rows, 411 columns, 8910 nonzeros
Variable types: 0 continuous, 411 integer (411 binary)
Found heuristic solution: objective 3802.0000000
Found heuristic solution: objective 3613.0000000

Root relaxation: objective 0.000000e+00, 175 iterations, 0.00 seconds (0.01 work units)

    Nodes    |    Current Node    |     Objective Bounds      |     Work
 Expl Unexpl |  Obj  Depth IntInf | Incumbent    BestBd   Gap | It/Node Time

     0     0    0.00000    0   40 3613.00000    0.00000   100%     -    0s
H    0     0                    1409.0000000    0.00000   100%     -    0s
H    0     0                    1373.0000000    0.00000   100%     -    0s
H    0     0                    1298.0000000    0.00000   100%     -    0s
     0     0    0.00000    0   91 1298.00000    0.00000   100%     -    0s
H    0     0                    1000.0000000    0.00000   100%     -    0s
H    0     0                     948.0000000    0.00000   100%     -    0s
     0     0    0.00000    0   80  948.00000    0.00000   100%     -    0s
H    0     0                     839.0000000    0.00000   100%     -    0s
     0     0    0.00000    0   79  839.00000    0.00000   100%     -    0s
     0     0    0.00000    0   87  839.00000    0.00000   100%     -    0s
H    0     0                     781.0000000    0.00000   100%     -    0s
H    0     0                     670.0000000    0.00000   100%     -    0s
     0     0    0.00000    0   90  670.00000    0.00000   100%     -    0s
     0     0    0.00000    0  109  670.00000    0.00000   100%     -    0s
     0     0    0.00000    0  112  670.00000    0.00000   100%     -    0s
     0     0    0.00000    0   88  670.00000    0.00000   100%     -    0s
     0     0    0.00000    0   88  670.00000    0.00000   100%     -    0s
H    0     0                     658.0000000    0.00000   100%     -    0s
     0     2    0.00000    0   88  658.00000    0.00000   100%     -    0s
*   44    37              26     531.0000000   10.00000  98.1%  49.8    0s
H   52    37                     518.0000000   10.00000  98.1%  49.1    0s
*  136    94              39     477.0000000   10.00000  97.9%  41.3    0s
H  291   175                     436.0000000   10.00000  97.7%  45.8    1s
H  369   199                     423.0000000   14.00000  96.7%  44.3    1s
H  395   210                     419.0000000   14.00000  96.7%  43.3    1s
H  553   303                     410.0000000   17.66667  95.7%  42.5    2s
H  579   294                     395.0000000   18.00000  95.4%  42.2    2s
  1377   586  173.66667   28   59  395.00000   21.00000  94.7%  39.4    5s
  3434  1419  217.00000   26   55  395.00000   58.00000  85.3%  33.5   10s
  5282  2046  220.00000   32   50  395.00000  189.00000  52.2%  32.7   15s

Cutting planes:
  MIR: 1
  Zero half: 4
  RLT: 2
  BQP: 2

Explored 6678 nodes (205808 simplex iterations) in 18.72 seconds (21.66 work units)
Thread count was 1 (of 12 available processors)

Solution count 10: 395 410 419 ... 670

Optimal solution found (tolerance 1.00e-04)
Best objective 3.950000000000e+02, best bound 3.950000000000e+02, gap 0.0000%
395.0
