Set parameter Username
Academic license - for non-commercial use only - expires 2025-08-28
Set parameter Threads to value 1
Set parameter Method to value 4
Gurobi Optimizer version 11.0.0 build v11.0.0rc2 (mac64[arm] - Darwin 23.5.0 23F79)

CPU model: Apple M3 Pro
Thread count: 12 physical cores, 12 logical processors, using up to 1 threads

Optimize a model with 3451 rows, 480 columns and 10381 nonzeros
Model fingerprint: 0x875bbc63
Variable types: 290 continuous, 190 integer (190 binary)
Coefficient statistics:
  Matrix range     [1e+00, 1e+00]
  Objective range  [1e+01, 3e+02]
  Bounds range     [1e+00, 1e+00]
  RHS range        [1e+00, 2e+00]
Presolve removed 591 rows and 86 columns
Presolve time: 0.01s
Presolved: 2860 rows, 394 columns, 8440 nonzeros
Variable types: 0 continuous, 394 integer (394 binary)
Found heuristic solution: objective 3227.0000000
Found heuristic solution: objective 3059.0000000

Root relaxation: objective 0.000000e+00, 207 iterations, 0.01 seconds (0.01 work units)

    Nodes    |    Current Node    |     Objective Bounds      |     Work
 Expl Unexpl |  Obj  Depth IntInf | Incumbent    BestBd   Gap | It/Node Time

     0     0    0.00000    0   42 3059.00000    0.00000   100%     -    0s
H    0     0                    2659.0000000    0.00000   100%     -    0s
H    0     0                    2257.0000000    0.00000   100%     -    0s
     0     0    0.00000    0   91 2257.00000    0.00000   100%     -    0s
H    0     0                    1074.0000000    0.00000   100%     -    0s
     0     0    0.00000    0   91 1074.00000    0.00000   100%     -    0s
H    0     0                     643.0000000    0.00000   100%     -    0s
H    0     0                     601.0000000    0.00000   100%     -    0s
     0     0    0.00000    0   76  601.00000    0.00000   100%     -    0s
H    0     0                     597.0000000    0.00000   100%     -    0s
H    0     0                     515.0000000    0.00000   100%     -    0s
H    0     0                     489.0000000    0.00000   100%     -    0s
     0     0    0.00000    0   78  489.00000    0.00000   100%     -    0s
     0     0    0.00000    0   62  489.00000    0.00000   100%     -    0s
H    0     0                     402.0000000    0.00000   100%     -    0s
H    0     0                     365.0000000    0.00000   100%     -    0s
     0     0    0.00000    0   62  365.00000    0.00000   100%     -    0s
     0     0    0.00000    0  117  365.00000    0.00000   100%     -    0s
     0     0    0.00000    0  115  365.00000    0.00000   100%     -    0s
H    0     0                     341.0000000    0.00000   100%     -    0s
     0     2    0.00000    0  115  341.00000    0.00000   100%     -    0s
*  137    92              40     339.0000000   10.00000  97.1%  45.1    0s
*  179   110              31     311.0000000   10.00000  96.8%  40.4    0s
H  479   218                     298.0000000   16.00000  94.6%  40.4    1s
  1544   471     cutoff   31       298.00000  114.50000  61.6%  34.6    5s
  3382   900  230.35000   30   45  298.00000  152.00000  49.0%  30.5   10s
  5714  1219     cutoff   27       298.00000  185.33333  37.8%  27.8   15s
  8013  1199 infeasible   31       298.00000  213.50000  28.4%  26.4   20s
 10203  1249  270.00000   33  115  298.00000  228.50000  23.3%  24.9   27s
 10674  1297  228.50000   39   91  298.00000  228.50000  23.3%  25.5   30s
 13380   869  250.20000   44   79  298.00000  228.50000  23.3%  25.0   35s
 16762   284     cutoff   42       298.00000  262.33333  12.0%  24.3   40s

Cutting planes:
  Implied bound: 5
  Flow cover: 12
  Zero half: 19
  RLT: 36
  BQP: 8

Explored 17448 nodes (417259 simplex iterations) in 40.74 seconds (48.06 work units)
Thread count was 1 (of 12 available processors)

Solution count 10: 298 311 339 ... 597

Optimal solution found (tolerance 1.00e-04)
Best objective 2.980000000000e+02, best bound 2.980000000000e+02, gap 0.0000%
298.0
