Set parameter Username
Academic license - for non-commercial use only - expires 2025-08-28
Set parameter Threads to value 1
Set parameter Method to value 4
Gurobi Optimizer version 11.0.0 build v11.0.0rc2 (mac64[arm] - Darwin 23.5.0 23F79)

CPU model: Apple M3 Pro
Thread count: 12 physical cores, 12 logical processors, using up to 1 threads

Optimize a model with 3451 rows, 480 columns and 10381 nonzeros
Model fingerprint: 0x0d5f65ce
Variable types: 290 continuous, 190 integer (190 binary)
Coefficient statistics:
  Matrix range     [1e+00, 1e+00]
  Objective range  [1e+01, 3e+02]
  Bounds range     [1e+00, 1e+00]
  RHS range        [1e+00, 2e+00]
Presolve removed 591 rows and 86 columns
Presolve time: 0.01s
Presolved: 2860 rows, 394 columns, 8440 nonzeros
Variable types: 0 continuous, 394 integer (394 binary)
Found heuristic solution: objective 3705.0000000
Found heuristic solution: objective 3516.0000000

Root relaxation: objective 0.000000e+00, 219 iterations, 0.01 seconds (0.01 work units)

    Nodes    |    Current Node    |     Objective Bounds      |     Work
 Expl Unexpl |  Obj  Depth IntInf | Incumbent    BestBd   Gap | It/Node Time

     0     0    0.00000    0   44 3516.00000    0.00000   100%     -    0s
H    0     0                    3291.0000000    0.00000   100%     -    0s
H    0     0                    2283.0000000    0.00000   100%     -    0s
     0     0    0.00000    0   75 2283.00000    0.00000   100%     -    0s
H    0     0                    1798.0000000    0.00000   100%     -    0s
H    0     0                    1570.0000000    0.00000   100%     -    0s
H    0     0                     624.0000000    0.00000   100%     -    0s
     0     0    0.00000    0   56  624.00000    0.00000   100%     -    0s
     0     0    0.00000    0   69  624.00000    0.00000   100%     -    0s
     0     0    0.00000    0  112  624.00000    0.00000   100%     -    0s
H    0     0                     564.0000000    0.00000   100%     -    0s
     0     0    0.00000    0  105  564.00000    0.00000   100%     -    0s
     0     0    0.00000    0   98  564.00000    0.00000   100%     -    0s
H    0     0                     530.0000000    0.00000   100%     -    0s
H    0     0                     470.0000000    0.00000   100%     -    0s
     0     0    0.00000    0   97  470.00000    0.00000   100%     -    0s
     0     0    0.00000    0   69  470.00000    0.00000   100%     -    0s
     0     0    0.00000    0   62  470.00000    0.00000   100%     -    0s
     0     2    0.00000    0   62  470.00000    0.00000   100%     -    0s
H   27    25                     418.0000000    0.00000   100%  52.5    0s
*   39    35              23     382.0000000    0.00000   100%  46.4    0s
*   42    34              24     381.0000000    0.00000   100%  43.3    0s
*   75    60              22     377.0000000    0.00000   100%  43.0    0s
H  110    81                     347.0000000    0.00000   100%  45.1    0s
H  210   126                     342.0000000    0.00000   100%  38.8    0s
*  275   159              34     340.0000000    5.50000  98.4%  38.1    1s
  1495   405     cutoff   16       340.00000  168.66667  50.4%  35.9    5s
  3546   112  308.00000   26   66  340.00000  304.50000  10.4%  29.7   10s

Cutting planes:
  Inf proof: 1
  Zero half: 6
  RLT: 4
  BQP: 4

Explored 3791 nodes (112739 simplex iterations) in 10.36 seconds (12.68 work units)
Thread count was 1 (of 12 available processors)

Solution count 10: 340 342 347 ... 564

Optimal solution found (tolerance 1.00e-04)
Best objective 3.400000000000e+02, best bound 3.400000000000e+02, gap 0.0000%
340.0
