Set parameter Username
Academic license - for non-commercial use only - expires 2025-08-28
Set parameter Threads to value 1
Set parameter Method to value 4
Gurobi Optimizer version 11.0.0 build v11.0.0rc2 (mac64[arm] - Darwin 23.5.0 23F79)

CPU model: Apple M3 Pro
Thread count: 12 physical cores, 12 logical processors, using up to 1 threads

Optimize a model with 3451 rows, 480 columns and 10381 nonzeros
Model fingerprint: 0x69183aab
Variable types: 290 continuous, 190 integer (190 binary)
Coefficient statistics:
  Matrix range     [1e+00, 1e+00]
  Objective range  [1e+01, 3e+02]
  Bounds range     [1e+00, 1e+00]
  RHS range        [1e+00, 2e+00]
Presolve removed 591 rows and 86 columns
Presolve time: 0.01s
Presolved: 2860 rows, 394 columns, 8440 nonzeros
Variable types: 0 continuous, 394 integer (394 binary)
Found heuristic solution: objective 3726.0000000
Found heuristic solution: objective 3537.0000000

Root relaxation: objective 0.000000e+00, 219 iterations, 0.01 seconds (0.01 work units)

    Nodes    |    Current Node    |     Objective Bounds      |     Work
 Expl Unexpl |  Obj  Depth IntInf | Incumbent    BestBd   Gap | It/Node Time

     0     0    0.00000    0   44 3537.00000    0.00000   100%     -    0s
H    0     0                    3316.0000000    0.00000   100%     -    0s
H    0     0                    2292.0000000    0.00000   100%     -    0s
     0     0    0.00000    0   75 2292.00000    0.00000   100%     -    0s
H    0     0                    1820.0000000    0.00000   100%     -    0s
H    0     0                    1596.0000000    0.00000   100%     -    0s
H    0     0                     655.0000000    0.00000   100%     -    0s
     0     0    0.00000    0   56  655.00000    0.00000   100%     -    0s
H    0     0                     644.0000000    0.00000   100%     -    0s
     0     0    0.00000    0   69  644.00000    0.00000   100%     -    0s
     0     0    0.00000    0   93  644.00000    0.00000   100%     -    0s
H    0     0                     481.0000000    0.00000   100%     -    0s
     0     0    0.00000    0   88  481.00000    0.00000   100%     -    0s
     0     0    0.00000    0   98  481.00000    0.00000   100%     -    0s
     0     0    0.00000    0   90  481.00000    0.00000   100%     -    0s
     0     0    0.00000    0  108  481.00000    0.00000   100%     -    0s
     0     0    0.00000    0   72  481.00000    0.00000   100%     -    0s
H    0     0                     423.0000000    0.00000   100%     -    0s
     0     2    0.00000    0   72  423.00000    0.00000   100%     -    0s
H  135   103                     412.0000000    0.00000   100%  58.7    0s
H  156   103                     397.0000000    0.00000   100%  53.8    0s
H  182   123                     373.0000000    0.00000   100%  51.6    0s
H  189   130                     359.0000000    0.00000   100%  50.9    0s
  1507   388  339.00000   25   65  359.00000  203.50000  43.3%  40.6    5s

Cutting planes:
  MIR: 1
  Inf proof: 1
  Zero half: 3
  RLT: 2
  BQP: 3

Explored 3566 nodes (110931 simplex iterations) in 9.01 seconds (11.02 work units)
Thread count was 1 (of 12 available processors)

Solution count 10: 359 373 397 ... 1820

Optimal solution found (tolerance 1.00e-04)
Best objective 3.590000000000e+02, best bound 3.590000000000e+02, gap 0.0000%
359.0
