Set parameter Username
Academic license - for non-commercial use only - expires 2025-08-28
Set parameter Threads to value 1
Set parameter Method to value 4
Gurobi Optimizer version 11.0.0 build v11.0.0rc2 (mac64[arm] - Darwin 23.5.0 23F79)

CPU model: Apple M3 Pro
Thread count: 12 physical cores, 12 logical processors, using up to 1 threads

Optimize a model with 3818 rows, 518 columns and 11486 nonzeros
Model fingerprint: 0xe54a0c64
Variable types: 308 continuous, 210 integer (210 binary)
Coefficient statistics:
  Matrix range     [1e+00, 1e+00]
  Objective range  [1e+01, 3e+02]
  Bounds range     [1e+00, 1e+00]
  RHS range        [1e+00, 2e+00]
Presolve removed 646 rows and 91 columns
Presolve time: 0.01s
Presolved: 3172 rows, 427 columns, 9340 nonzeros
Variable types: 0 continuous, 427 integer (427 binary)
Found heuristic solution: objective 3884.0000000
Found heuristic solution: objective 3695.0000000

Root relaxation: objective 0.000000e+00, 218 iterations, 0.01 seconds (0.01 work units)

    Nodes    |    Current Node    |     Objective Bounds      |     Work
 Expl Unexpl |  Obj  Depth IntInf | Incumbent    BestBd   Gap | It/Node Time

     0     0    0.00000    0   42 3695.00000    0.00000   100%     -    0s
H    0     0                    1144.0000000    0.00000   100%     -    0s
H    0     0                    1134.0000000    0.00000   100%     -    0s
     0     0    0.00000    0  101 1134.00000    0.00000   100%     -    0s
H    0     0                    1008.0000000    0.00000   100%     -    0s
H    0     0                     805.0000000    0.00000   100%     -    0s
     0     0    0.00000    0   81  805.00000    0.00000   100%     -    0s
     0     0    0.00000    0   94  805.00000    0.00000   100%     -    0s
     0     0    0.00000    0  111  805.00000    0.00000   100%     -    0s
H    0     0                     752.0000000    0.00000   100%     -    0s
     0     0    0.00000    0  113  752.00000    0.00000   100%     -    0s
     0     0    0.00000    0   71  752.00000    0.00000   100%     -    0s
     0     0    0.00000    0   82  752.00000    0.00000   100%     -    0s
     0     0    0.00000    0  115  752.00000    0.00000   100%     -    0s
     0     0    0.00000    0   75  752.00000    0.00000   100%     -    0s
H    0     0                     732.0000000    0.00000   100%     -    0s
H    0     0                     708.0000000    0.00000   100%     -    0s
H    0     0                     537.0000000    0.00000   100%     -    0s
     0     2    0.00000    0   75  537.00000    0.00000   100%     -    0s
H  161   112                     464.0000000    0.00000   100%  57.7    1s
*  170   121              25     441.0000000    0.00000   100%  57.9    1s
*  171   119              26     432.0000000    0.00000   100%  57.6    1s
H  289   197                     420.0000000    0.00000   100%  52.8    1s
H  474   300                     417.0000000    0.00000   100%  55.2    2s
H  498   320                     414.0000000    0.00000   100%  54.9    2s
  1170   561  252.00000   23   82  414.00000  160.00000  61.4%  54.5    5s
  2917   741  404.00000   38   39  414.00000  224.00000  45.9%  40.3   10s
  4916   934  370.00000   31   46  414.00000  276.00000  33.3%  35.5   15s
  7337  1046  363.00000   32   49  414.00000  309.19565  25.3%  32.5   20s
  9828   660     cutoff   31       414.00000  348.00000  15.9%  30.8   25s

Cutting planes:
  Zero half: 3
  RLT: 3
  BQP: 4

Explored 11706 nodes (342287 simplex iterations) in 27.92 seconds (33.51 work units)
Thread count was 1 (of 12 available processors)

Solution count 10: 414 417 420 ... 752

Optimal solution found (tolerance 1.00e-04)
Best objective 4.140000000000e+02, best bound 4.140000000000e+02, gap 0.0000%
414.0
