Set parameter Username
Academic license - for non-commercial use only - expires 2025-08-28
Set parameter Threads to value 1
Set parameter Method to value 4
Gurobi Optimizer version 11.0.0 build v11.0.0rc2 (mac64[arm] - Darwin 23.5.0 23F79)

CPU model: Apple M3 Pro
Thread count: 12 physical cores, 12 logical processors, using up to 1 threads

Optimize a model with 3818 rows, 518 columns and 11486 nonzeros
Model fingerprint: 0x9a87253d
Variable types: 308 continuous, 210 integer (210 binary)
Coefficient statistics:
  Matrix range     [1e+00, 1e+00]
  Objective range  [1e+01, 3e+02]
  Bounds range     [1e+00, 1e+00]
  RHS range        [1e+00, 2e+00]
Presolve removed 646 rows and 91 columns
Presolve time: 0.01s
Presolved: 3172 rows, 427 columns, 9340 nonzeros
Variable types: 0 continuous, 427 integer (427 binary)
Found heuristic solution: objective 3884.0000000
Found heuristic solution: objective 3695.0000000

Root relaxation: objective 0.000000e+00, 218 iterations, 0.00 seconds (0.01 work units)

    Nodes    |    Current Node    |     Objective Bounds      |     Work
 Expl Unexpl |  Obj  Depth IntInf | Incumbent    BestBd   Gap | It/Node Time

     0     0    0.00000    0   42 3695.00000    0.00000   100%     -    0s
H    0     0                    1144.0000000    0.00000   100%     -    0s
H    0     0                    1134.0000000    0.00000   100%     -    0s
     0     0    0.00000    0  101 1134.00000    0.00000   100%     -    0s
H    0     0                    1008.0000000    0.00000   100%     -    0s
H    0     0                     805.0000000    0.00000   100%     -    0s
     0     0    0.00000    0   87  805.00000    0.00000   100%     -    0s
H    0     0                     744.0000000    0.00000   100%     -    0s
     0     0    0.00000    0   88  744.00000    0.00000   100%     -    0s
     0     0    0.00000    0   71  744.00000    0.00000   100%     -    0s
H    0     0                     670.0000000    0.00000   100%     -    0s
     0     0    0.00000    0   71  670.00000    0.00000   100%     -    0s
     0     0    0.00000    0   78  670.00000    0.00000   100%     -    0s
     0     0    0.00000    0   77  670.00000    0.00000   100%     -    0s
     0     2    0.00000    0   77  670.00000    0.00000   100%     -    0s
H   79    60                     640.0000000    0.00000   100%  67.4    0s
H   82    59                     584.0000000    0.00000   100%  65.4    0s
H  147    97                     498.0000000    0.00000   100%  58.3    0s
H  160   102                     493.0000000    0.00000   100%  57.2    0s
H  167    99                     469.0000000    0.00000   100%  55.7    0s
H  275   165                     432.0000000    0.00000   100%  51.3    1s
H  302   176                     417.0000000    0.00000   100%  51.0    1s
H  720   362                     414.0000000    0.00000   100%  38.3    2s
   783   400  141.00000   18  159  414.00000   66.18283  84.0%  37.8    5s
   898   480  362.00000   55   96  414.00000  149.00000  64.0%  63.5   10s
  1914   712  329.33333   59   89  414.00000  172.00000  58.5%  64.9   15s
  3244  1348  344.29116   64  142  414.00000  183.58333  55.7%  65.3   20s
  4702  2058  347.90000   58  164  414.00000  197.00000  52.4%  63.6   25s
  6423  2841  274.50000   55  111  414.00000  208.80000  49.6%  61.3   30s
  7921  3508  394.61111   61  110  414.00000  217.35000  47.5%  61.3   35s
  9383  4021  399.62500   55  112  414.00000  227.40000  45.1%  60.3   40s
 10203  4355  331.75000   63   77  414.00000  231.10000  44.2%  60.2   48s
 10225  4370  344.11111   54  211  414.00000  231.10000  44.2%  60.1   50s
 10311  4426  296.13636   64   95  414.00000  231.10000  44.2%  63.1   55s
 11376  4451  409.14286   59  141  414.00000  241.25000  41.7%  63.6   60s
 13549  4018  369.14286   64  146  414.00000  301.00000  27.3%  61.7   65s
 16341  2934  371.77500   75  148  414.00000  360.60714  12.9%  58.0   70s

Cutting planes:
  Gomory: 10
  Cover: 3
  Implied bound: 23
  StrongCG: 2
  Flow cover: 64
  GUB cover: 1
  Inf proof: 46
  Zero half: 166
  RLT: 59
  BQP: 31

Explored 17676 nodes (1018021 simplex iterations) in 72.01 seconds (96.12 work units)
Thread count was 1 (of 12 available processors)

Solution count 10: 414 417 432 ... 744

Optimal solution found (tolerance 1.00e-04)
Best objective 4.140000000000e+02, best bound 4.140000000000e+02, gap 0.0000%
414.0
