Set parameter Username
Academic license - for non-commercial use only - expires 2025-08-28
Set parameter Threads to value 1
Set parameter Method to value 4
Gurobi Optimizer version 11.0.0 build v11.0.0rc2 (mac64[arm] - Darwin 23.5.0 23F79)

CPU model: Apple M3 Pro
Thread count: 12 physical cores, 12 logical processors, using up to 1 threads

Optimize a model with 427 rows, 136 columns and 1229 nonzeros
Model fingerprint: 0x4a8a969d
Variable types: 98 continuous, 38 integer (38 binary)
Coefficient statistics:
  Matrix range     [1e+00, 1e+00]
  Objective range  [1e+01, 3e+02]
  Bounds range     [1e+00, 1e+00]
  RHS range        [1e+00, 2e+00]
Found heuristic solution: objective 3097.0000000
Presolve removed 219 rows and 36 columns
Presolve time: 0.00s
Presolved: 208 rows, 100 columns, 582 nonzeros
Variable types: 0 continuous, 100 integer (100 binary)
Found heuristic solution: objective 1437.0000000

Root relaxation: objective 0.000000e+00, 30 iterations, 0.00 seconds (0.00 work units)

    Nodes    |    Current Node    |     Objective Bounds      |     Work
 Expl Unexpl |  Obj  Depth IntInf | Incumbent    BestBd   Gap | It/Node Time

     0     0    0.00000    0   26 1437.00000    0.00000   100%     -    0s
H    0     0                    1057.0000000    0.00000   100%     -    0s
     0     0  351.50000    0   51 1057.00000  351.50000  66.7%     -    0s
     0     0  402.83333    0   45 1057.00000  402.83333  61.9%     -    0s
     0     0  418.83333    0   44 1057.00000  418.83333  60.4%     -    0s
     0     0  442.00000    0   49 1057.00000  442.00000  58.2%     -    0s
     0     0  451.75000    0   45 1057.00000  451.75000  57.3%     -    0s
     0     0  529.75000    0   52 1057.00000  529.75000  49.9%     -    0s
     0     0  549.75000    0   53 1057.00000  549.75000  48.0%     -    0s
     0     0  608.00000    0   63 1057.00000  608.00000  42.5%     -    0s
     0     0  617.00000    0   62 1057.00000  617.00000  41.6%     -    0s
     0     0  618.83333    0   61 1057.00000  618.83333  41.5%     -    0s
     0     0  643.00000    0   58 1057.00000  643.00000  39.2%     -    0s
     0     0  662.25000    0   61 1057.00000  662.25000  37.3%     -    0s
     0     0  677.80000    0   66 1057.00000  677.80000  35.9%     -    0s
     0     0  688.60000    0   71 1057.00000  688.60000  34.9%     -    0s
     0     0  696.75000    0   65 1057.00000  696.75000  34.1%     -    0s
     0     0  713.50000    0   47 1057.00000  713.50000  32.5%     -    0s
     0     0  718.50000    0   46 1057.00000  718.50000  32.0%     -    0s
     0     0  732.75000    0   70 1057.00000  732.75000  30.7%     -    0s
     0     0  734.62500    0   71 1057.00000  734.62500  30.5%     -    0s
     0     0  734.66667    0   71 1057.00000  734.66667  30.5%     -    0s
     0     0  741.21429    0   64 1057.00000  741.21429  29.9%     -    0s
     0     0  743.66667    0   63 1057.00000  743.66667  29.6%     -    0s
     0     0  745.20000    0   63 1057.00000  745.20000  29.5%     -    0s
     0     0  745.64706    0   69 1057.00000  745.64706  29.5%     -    0s
     0     0  749.00000    0   45 1057.00000  749.00000  29.1%     -    0s
     0     0  755.54545    0   70 1057.00000  755.54545  28.5%     -    0s
     0     0  756.50000    0   44 1057.00000  756.50000  28.4%     -    0s
     0     0  758.27027    0   71 1057.00000  758.27027  28.3%     -    0s
     0     0  758.45000    0   71 1057.00000  758.45000  28.2%     -    0s
     0     0  758.66667    0   70 1057.00000  758.66667  28.2%     -    0s
     0     0  758.76271    0   71 1057.00000  758.76271  28.2%     -    0s
     0     0  758.76271    0   71 1057.00000  758.76271  28.2%     -    0s
     0     2  759.23333    0   71 1057.00000  759.23333  28.2%     -    0s

Cutting planes:
  Gomory: 1
  Clique: 5
  MIR: 31
  Flow cover: 4
  Zero half: 15
  RLT: 6
  BQP: 7

Explored 5 nodes (776 simplex iterations) in 0.07 seconds (0.06 work units)
Thread count was 1 (of 12 available processors)

Solution count 3: 1057 1437 3097 

Optimal solution found (tolerance 1.00e-04)
Best objective 1.057000000000e+03, best bound 1.057000000000e+03, gap 0.0000%
1057.0
