Set parameter Username
Academic license - for non-commercial use only - expires 2025-08-28
Set parameter Threads to value 1
Set parameter Method to value 4
Gurobi Optimizer version 11.0.0 build v11.0.0rc2 (mac64[arm] - Darwin 23.5.0 23F79)

CPU model: Apple M3 Pro
Thread count: 12 physical cores, 12 logical processors, using up to 1 threads

Optimize a model with 427 rows, 136 columns and 1229 nonzeros
Model fingerprint: 0xca9ca995
Variable types: 98 continuous, 38 integer (38 binary)
Coefficient statistics:
  Matrix range     [1e+00, 1e+00]
  Objective range  [1e+01, 3e+02]
  Bounds range     [1e+00, 1e+00]
  RHS range        [1e+00, 2e+00]
Found heuristic solution: objective 3139.0000000
Presolve removed 219 rows and 36 columns
Presolve time: 0.00s
Presolved: 208 rows, 100 columns, 582 nonzeros
Variable types: 0 continuous, 100 integer (100 binary)
Found heuristic solution: objective 1455.0000000

Root relaxation: objective 0.000000e+00, 30 iterations, 0.00 seconds (0.00 work units)

    Nodes    |    Current Node    |     Objective Bounds      |     Work
 Expl Unexpl |  Obj  Depth IntInf | Incumbent    BestBd   Gap | It/Node Time

     0     0    0.00000    0   26 1455.00000    0.00000   100%     -    0s
H    0     0                    1069.0000000    0.00000   100%     -    0s
     0     0  364.50000    0   38 1069.00000  364.50000  65.9%     -    0s
     0     0  418.33333    0   45 1069.00000  418.33333  60.9%     -    0s
     0     0  461.66667    0   48 1069.00000  461.66667  56.8%     -    0s
     0     0  468.66667    0   40 1069.00000  468.66667  56.2%     -    0s
     0     0  540.25000    0   51 1069.00000  540.25000  49.5%     -    0s
     0     0  558.75000    0   50 1069.00000  558.75000  47.7%     -    0s
     0     0  559.25000    0   52 1069.00000  559.25000  47.7%     -    0s
     0     0  608.50000    0   52 1069.00000  608.50000  43.1%     -    0s
     0     0  609.50000    0   52 1069.00000  609.50000  43.0%     -    0s
     0     0  610.33333    0   60 1069.00000  610.33333  42.9%     -    0s
     0     0  612.00000    0   57 1069.00000  612.00000  42.8%     -    0s
     0     0  655.50000    0   35 1069.00000  655.50000  38.7%     -    0s
     0     0  667.25000    0   61 1069.00000  667.25000  37.6%     -    0s
     0     0  672.42857    0   62 1069.00000  672.42857  37.1%     -    0s
     0     0  673.12500    0   65 1069.00000  673.12500  37.0%     -    0s
     0     0  688.75000    0   61 1069.00000  688.75000  35.6%     -    0s
     0     0  691.13636    0   67 1069.00000  691.13636  35.3%     -    0s
     0     0  696.00000    0   65 1069.00000  696.00000  34.9%     -    0s
     0     0  717.71429    0   66 1069.00000  717.71429  32.9%     -    0s
     0     0  718.50000    0   63 1069.00000  718.50000  32.8%     -    0s
     0     0  718.75000    0   64 1069.00000  718.75000  32.8%     -    0s
     0     0  722.50000    0   64 1069.00000  722.50000  32.4%     -    0s
     0     0  723.00000    0   65 1069.00000  723.00000  32.4%     -    0s
     0     0  723.91667    0   67 1069.00000  723.91667  32.3%     -    0s
     0     0  724.00000    0   68 1069.00000  724.00000  32.3%     -    0s
     0     0  731.20000    0   68 1069.00000  731.20000  31.6%     -    0s
     0     0  736.75000    0   65 1069.00000  736.75000  31.1%     -    0s
     0     0  742.40000    0   59 1069.00000  742.40000  30.6%     -    0s
     0     0  748.50000    0   67 1069.00000  748.50000  30.0%     -    0s
     0     0  749.45455    0   70 1069.00000  749.45455  29.9%     -    0s
     0     0  749.66667    0   73 1069.00000  749.66667  29.9%     -    0s
     0     0  750.42857    0   73 1069.00000  750.42857  29.8%     -    0s
     0     0  750.42857    0   71 1069.00000  750.42857  29.8%     -    0s
     0     2  754.00000    0   71 1069.00000  754.00000  29.5%     -    0s

Cutting planes:
  Gomory: 1
  Clique: 2
  MIR: 27
  Flow cover: 1
  Zero half: 18
  Mod-K: 1
  RLT: 5
  BQP: 7

Explored 3 nodes (619 simplex iterations) in 0.07 seconds (0.07 work units)
Thread count was 1 (of 12 available processors)

Solution count 3: 1069 1455 3139 

Optimal solution found (tolerance 1.00e-04)
Best objective 1.069000000000e+03, best bound 1.069000000000e+03, gap 0.0000%
1069.0
