Set parameter Username
Academic license - for non-commercial use only - expires 2025-08-28
Set parameter Threads to value 1
Set parameter Method to value 4
Gurobi Optimizer version 11.0.0 build v11.0.0rc2 (mac64[arm] - Darwin 23.5.0 23F79)

CPU model: Apple M3 Pro
Thread count: 12 physical cores, 12 logical processors, using up to 1 threads

Optimize a model with 466 rows, 147 columns and 1341 nonzeros
Model fingerprint: 0x8f9ca684
Variable types: 107 continuous, 40 integer (40 binary)
Coefficient statistics:
  Matrix range     [1e+00, 1e+00]
  Objective range  [1e+01, 3e+02]
  Bounds range     [1e+00, 1e+00]
  RHS range        [1e+00, 2e+00]
Found heuristic solution: objective 3283.0000000
Presolve removed 240 rows and 39 columns
Presolve time: 0.00s
Presolved: 226 rows, 108 columns, 632 nonzeros
Variable types: 0 continuous, 108 integer (108 binary)
Found heuristic solution: objective 1967.0000000

Root relaxation: objective 0.000000e+00, 31 iterations, 0.00 seconds (0.00 work units)

    Nodes    |    Current Node    |     Objective Bounds      |     Work
 Expl Unexpl |  Obj  Depth IntInf | Incumbent    BestBd   Gap | It/Node Time

     0     0    0.00000    0   29 1967.00000    0.00000   100%     -    0s
H    0     0                    1548.0000000    0.00000   100%     -    0s
     0     0  346.50000    0   45 1548.00000  346.50000  77.6%     -    0s
     0     0  352.50000    0   46 1548.00000  352.50000  77.2%     -    0s
     0     0  387.75000    0   55 1548.00000  387.75000  75.0%     -    0s
     0     0  393.00000    0   54 1548.00000  393.00000  74.6%     -    0s
     0     0  511.75000    0   53 1548.00000  511.75000  66.9%     -    0s
     0     0  519.75000    0   50 1548.00000  519.75000  66.4%     -    0s
     0     0  533.75000    0   51 1548.00000  533.75000  65.5%     -    0s
     0     0  600.50000    0   58 1548.00000  600.50000  61.2%     -    0s
H    0     0                    1273.0000000  600.50000  52.8%     -    0s
     0     0  624.50000    0   58 1273.00000  624.50000  50.9%     -    0s
     0     0  624.50000    0   58 1273.00000  624.50000  50.9%     -    0s
     0     0  647.62500    0   73 1273.00000  647.62500  49.1%     -    0s
     0     0  657.70833    0   76 1273.00000  657.70833  48.3%     -    0s
     0     0  658.00000    0   72 1273.00000  658.00000  48.3%     -    0s
     0     0  686.00000    0   91 1273.00000  686.00000  46.1%     -    0s
     0     0  692.43182    0   89 1273.00000  692.43182  45.6%     -    0s
     0     0  697.27917    0   98 1273.00000  697.27917  45.2%     -    0s
     0     0  697.76364    0   98 1273.00000  697.76364  45.2%     -    0s
     0     0  773.00000    0   55 1273.00000  773.00000  39.3%     -    0s
     0     0  786.00000    0   51 1273.00000  786.00000  38.3%     -    0s
     0     0  794.52500    0   97 1273.00000  794.52500  37.6%     -    0s
     0     0  794.96842    0  101 1273.00000  794.96842  37.6%     -    0s
     0     0  822.00000    0   96 1273.00000  822.00000  35.4%     -    0s
     0     0  822.20000    0   97 1273.00000  822.20000  35.4%     -    0s
     0     0  830.00000    0   89 1273.00000  830.00000  34.8%     -    0s
     0     0  831.16667    0   82 1273.00000  831.16667  34.7%     -    0s
     0     0  831.50000    0   82 1273.00000  831.50000  34.7%     -    0s
     0     0  843.20588    0  101 1273.00000  843.20588  33.8%     -    0s
     0     0  843.90909    0   96 1273.00000  843.90909  33.7%     -    0s
     0     0  844.00000    0  100 1273.00000  844.00000  33.7%     -    0s
     0     0  846.50000    0   54 1273.00000  846.50000  33.5%     -    0s
     0     0  849.14474    0  102 1273.00000  849.14474  33.3%     -    0s
     0     0  849.30000    0  102 1273.00000  849.30000  33.3%     -    0s
     0     0  855.70000    0   90 1273.00000  855.70000  32.8%     -    0s
     0     0  856.00000    0   90 1273.00000  856.00000  32.8%     -    0s
     0     0  860.91667    0   86 1273.00000  860.91667  32.4%     -    0s
     0     0  860.91667    0   86 1273.00000  860.91667  32.4%     -    0s
     0     2  862.66667    0   86 1273.00000  862.66667  32.2%     -    0s

Cutting planes:
  Gomory: 1
  Clique: 5
  MIR: 32
  Zero half: 38
  RLT: 9
  BQP: 9

Explored 6 nodes (974 simplex iterations) in 0.09 seconds (0.09 work units)
Thread count was 1 (of 12 available processors)

Solution count 4: 1273 1548 1967 3283 

Optimal solution found (tolerance 1.00e-04)
Best objective 1.273000000000e+03, best bound 1.273000000000e+03, gap 0.0000%
1273.0
