Set parameter Username
Academic license - for non-commercial use only - expires 2025-08-28
Set parameter Threads to value 1
Set parameter Method to value 4
Gurobi Optimizer version 11.0.0 build v11.0.0rc2 (mac64[arm] - Darwin 23.5.0 23F79)

CPU model: Apple M3 Pro
Thread count: 12 physical cores, 12 logical processors, using up to 1 threads

Optimize a model with 466 rows, 147 columns and 1341 nonzeros
Model fingerprint: 0x7b9a9cd3
Variable types: 107 continuous, 40 integer (40 binary)
Coefficient statistics:
  Matrix range     [1e+00, 1e+00]
  Objective range  [1e+01, 3e+02]
  Bounds range     [1e+00, 1e+00]
  RHS range        [1e+00, 2e+00]
Found heuristic solution: objective 3288.0000000
Presolve removed 240 rows and 39 columns
Presolve time: 0.00s
Presolved: 226 rows, 108 columns, 632 nonzeros
Variable types: 0 continuous, 108 integer (108 binary)
Found heuristic solution: objective 1968.0000000

Root relaxation: objective 0.000000e+00, 31 iterations, 0.00 seconds (0.00 work units)

    Nodes    |    Current Node    |     Objective Bounds      |     Work
 Expl Unexpl |  Obj  Depth IntInf | Incumbent    BestBd   Gap | It/Node Time

     0     0    0.00000    0   29 1968.00000    0.00000   100%     -    0s
     0     0  338.00000    0   45 1968.00000  338.00000  82.8%     -    0s
H    0     0                    1274.0000000  338.00000  73.5%     -    0s
     0     0  344.00000    0   46 1274.00000  344.00000  73.0%     -    0s
     0     0  401.62500    0   57 1274.00000  401.62500  68.5%     -    0s
     0     0  408.75000    0   57 1274.00000  408.75000  67.9%     -    0s
     0     0  539.12500    0   75 1274.00000  539.12500  57.7%     -    0s
     0     0  554.50000    0   62 1274.00000  554.50000  56.5%     -    0s
     0     0  587.50000    0   77 1274.00000  587.50000  53.9%     -    0s
     0     0  595.30000    0   78 1274.00000  595.30000  53.3%     -    0s
     0     0  596.55556    0   79 1274.00000  596.55556  53.2%     -    0s
     0     0  662.00000    0   71 1274.00000  662.00000  48.0%     -    0s
     0     0  668.00000    0   72 1274.00000  668.00000  47.6%     -    0s
     0     0  677.00000    0   84 1274.00000  677.00000  46.9%     -    0s
     0     0  692.00000    0   84 1274.00000  692.00000  45.7%     -    0s
     0     0  692.00000    0   83 1274.00000  692.00000  45.7%     -    0s
     0     0  710.66667    0   85 1274.00000  710.66667  44.2%     -    0s
     0     0  715.16667    0   88 1274.00000  715.16667  43.9%     -    0s
     0     0  719.66667    0   87 1274.00000  719.66667  43.5%     -    0s
     0     0  723.51111    0   94 1274.00000  723.51111  43.2%     -    0s
     0     0  723.51111    0   94 1274.00000  723.51111  43.2%     -    0s
     0     0  787.50000    0   83 1274.00000  787.50000  38.2%     -    0s
     0     0  797.50000    0   52 1274.00000  797.50000  37.4%     -    0s
     0     0  805.75000    0   83 1274.00000  805.75000  36.8%     -    0s
     0     0  806.30000    0   83 1274.00000  806.30000  36.7%     -    0s
     0     0  817.25000    0   78 1274.00000  817.25000  35.9%     -    0s
     0     0  821.47826    0   85 1274.00000  821.47826  35.5%     -    0s
     0     0  822.63235    0   86 1274.00000  822.63235  35.4%     -    0s
     0     0  823.26471    0   85 1274.00000  823.26471  35.4%     -    0s
     0     0  823.50000    0   82 1274.00000  823.50000  35.4%     -    0s
     0     0  824.00000    0   83 1274.00000  824.00000  35.3%     -    0s
     0     0  826.52632    0   86 1274.00000  826.52632  35.1%     -    0s
     0     0  827.14286    0   84 1274.00000  827.14286  35.1%     -    0s
     0     0  827.14286    0   84 1274.00000  827.14286  35.1%     -    0s
     0     2  827.50000    0   84 1274.00000  827.50000  35.0%     -    0s

Cutting planes:
  Clique: 7
  MIR: 23
  StrongCG: 1
  Zero half: 38
  RLT: 13
  BQP: 7

Explored 7 nodes (844 simplex iterations) in 0.07 seconds (0.07 work units)
Thread count was 1 (of 12 available processors)

Solution count 3: 1274 1968 3288 

Optimal solution found (tolerance 1.00e-04)
Best objective 1.274000000000e+03, best bound 1.274000000000e+03, gap 0.0000%
1274.0
