Set parameter Username
Academic license - for non-commercial use only - expires 2025-08-28
Set parameter Threads to value 1
Set parameter Method to value 4
Gurobi Optimizer version 11.0.0 build v11.0.0rc2 (mac64[arm] - Darwin 23.5.0 23F79)

CPU model: Apple M3 Pro
Thread count: 12 physical cores, 12 logical processors, using up to 1 threads

Optimize a model with 427 rows, 136 columns and 1229 nonzeros
Model fingerprint: 0x0ec81a85
Variable types: 98 continuous, 38 integer (38 binary)
Coefficient statistics:
  Matrix range     [1e+00, 1e+00]
  Objective range  [1e+01, 3e+02]
  Bounds range     [1e+00, 1e+00]
  RHS range        [1e+00, 2e+00]
Found heuristic solution: objective 3127.0000000
Presolve removed 219 rows and 36 columns
Presolve time: 0.00s
Presolved: 208 rows, 100 columns, 582 nonzeros
Variable types: 0 continuous, 100 integer (100 binary)
Found heuristic solution: objective 1459.0000000

Root relaxation: objective 0.000000e+00, 30 iterations, 0.00 seconds (0.00 work units)

    Nodes    |    Current Node    |     Objective Bounds      |     Work
 Expl Unexpl |  Obj  Depth IntInf | Incumbent    BestBd   Gap | It/Node Time

     0     0    0.00000    0   26 1459.00000    0.00000   100%     -    0s
H    0     0                    1077.0000000    0.00000   100%     -    0s
     0     0  356.16667    0   51 1077.00000  356.16667  66.9%     -    0s
     0     0  408.50000    0   45 1077.00000  408.50000  62.1%     -    0s
     0     0  424.50000    0   44 1077.00000  424.50000  60.6%     -    0s
     0     0  455.00000    0   49 1077.00000  455.00000  57.8%     -    0s
     0     0  463.00000    0   42 1077.00000  463.00000  57.0%     -    0s
     0     0  516.50000    0   54 1077.00000  516.50000  52.0%     -    0s
     0     0  542.00000    0   52 1077.00000  542.00000  49.7%     -    0s
     0     0  569.00000    0   49 1077.00000  569.00000  47.2%     -    0s
     0     0  577.16667    0   53 1077.00000  577.16667  46.4%     -    0s
     0     0  577.75000    0   53 1077.00000  577.75000  46.4%     -    0s
     0     0  635.00000    0   37 1077.00000  635.00000  41.0%     -    0s
     0     0  642.00000    0   39 1077.00000  642.00000  40.4%     -    0s
     0     0  646.00000    0   41 1077.00000  646.00000  40.0%     -    0s
     0     0  649.50000    0   40 1077.00000  649.50000  39.7%     -    0s
     0     0  659.00000    0   62 1077.00000  659.00000  38.8%     -    0s
     0     0  667.17188    0   67 1077.00000  667.17188  38.1%     -    0s
     0     0  670.16667    0   68 1077.00000  670.16667  37.8%     -    0s
     0     0  672.53571    0   69 1077.00000  672.53571  37.6%     -    0s
     0     0  672.94118    0   70 1077.00000  672.94118  37.5%     -    0s
     0     0  711.65306    0   70 1077.00000  711.65306  33.9%     -    0s
     0     0  718.00000    0   68 1077.00000  718.00000  33.3%     -    0s
     0     0  721.84000    0   69 1077.00000  721.84000  33.0%     -    0s
     0     0  722.20000    0   69 1077.00000  722.20000  32.9%     -    0s
     0     0  728.75000    0   69 1077.00000  728.75000  32.3%     -    0s
     0     0  742.23656    0   76 1077.00000  742.23656  31.1%     -    0s
     0     0  742.96000    0   74 1077.00000  742.96000  31.0%     -    0s
     0     0  743.04762    0   74 1077.00000  743.04762  31.0%     -    0s
     0     0  753.94118    0   74 1077.00000  753.94118  30.0%     -    0s
     0     0  758.16667    0   68 1077.00000  758.16667  29.6%     -    0s
     0     0  759.45455    0   74 1077.00000  759.45455  29.5%     -    0s
     0     0  760.21368    0   77 1077.00000  760.21368  29.4%     -    0s
     0     0  760.75000    0   75 1077.00000  760.75000  29.4%     -    0s
     0     0  760.77305    0   77 1077.00000  760.77305  29.4%     -    0s
     0     0  769.50000    0   48 1077.00000  769.50000  28.6%     -    0s
     0     0  771.83019    0   74 1077.00000  771.83019  28.3%     -    0s
     0     0  773.28571    0   75 1077.00000  773.28571  28.2%     -    0s
     0     0  773.91667    0   75 1077.00000  773.91667  28.1%     -    0s
     0     0  776.00000    0   49 1077.00000  776.00000  27.9%     -    0s
     0     0  778.16667    0   67 1077.00000  778.16667  27.7%     -    0s
     0     0  778.16667    0   67 1077.00000  778.16667  27.7%     -    0s
     0     0  778.16667    0   67 1077.00000  778.16667  27.7%     -    0s
     0     2  778.50000    0   67 1077.00000  778.50000  27.7%     -    0s

Cutting planes:
  Clique: 7
  MIR: 29
  Flow cover: 1
  Zero half: 24
  RLT: 5
  BQP: 4

Explored 5 nodes (830 simplex iterations) in 0.08 seconds (0.07 work units)
Thread count was 1 (of 12 available processors)

Solution count 3: 1077 1459 3127 

Optimal solution found (tolerance 1.00e-04)
Best objective 1.077000000000e+03, best bound 1.077000000000e+03, gap 0.0000%
1077.0
