Set parameter Username
Academic license - for non-commercial use only - expires 2025-08-28
Set parameter Threads to value 1
Set parameter Method to value 4
Gurobi Optimizer version 11.0.0 build v11.0.0rc2 (mac64[arm] - Darwin 23.5.0 23F79)

CPU model: Apple M3 Pro
Thread count: 12 physical cores, 12 logical processors, using up to 1 threads

Optimize a model with 466 rows, 147 columns and 1341 nonzeros
Model fingerprint: 0xe8aa2078
Variable types: 107 continuous, 40 integer (40 binary)
Coefficient statistics:
  Matrix range     [1e+00, 1e+00]
  Objective range  [1e+01, 3e+02]
  Bounds range     [1e+00, 1e+00]
  RHS range        [1e+00, 2e+00]
Found heuristic solution: objective 3316.0000000
Presolve removed 240 rows and 39 columns
Presolve time: 0.00s
Presolved: 226 rows, 108 columns, 632 nonzeros
Variable types: 0 continuous, 108 integer (108 binary)
Found heuristic solution: objective 2004.0000000

Root relaxation: objective 0.000000e+00, 31 iterations, 0.00 seconds (0.00 work units)

    Nodes    |    Current Node    |     Objective Bounds      |     Work
 Expl Unexpl |  Obj  Depth IntInf | Incumbent    BestBd   Gap | It/Node Time

     0     0    0.00000    0   29 2004.00000    0.00000   100%     -    0s
     0     0  342.50000    0   45 2004.00000  342.50000  82.9%     -    0s
     0     0  348.50000    0   46 2004.00000  348.50000  82.6%     -    0s
     0     0  424.66667    0   59 2004.00000  424.66667  78.8%     -    0s
H    0     0                    1314.0000000  424.66667  67.7%     -    0s
     0     0  428.00000    0   59 1314.00000  428.00000  67.4%     -    0s
     0     0  529.75000    0   73 1314.00000  529.75000  59.7%     -    0s
     0     0  539.00000    0   64 1314.00000  539.00000  59.0%     -    0s
     0     0  623.00000    0   48 1314.00000  623.00000  52.6%     -    0s
     0     0  649.63889    0   77 1314.00000  649.63889  50.6%     -    0s
     0     0  655.70395    0   85 1314.00000  655.70395  50.1%     -    0s
     0     0  720.12500    0   80 1314.00000  720.12500  45.2%     -    0s
     0     0  724.33333    0   81 1314.00000  724.33333  44.9%     -    0s
     0     0  743.20000    0   87 1314.00000  743.20000  43.4%     -    0s
     0     0  745.70000    0   88 1314.00000  745.70000  43.2%     -    0s
     0     0  791.29412    0   91 1314.00000  791.29412  39.8%     -    0s
     0     0  798.69231    0   94 1314.00000  798.69231  39.2%     -    0s
     0     0  800.33333    0   91 1314.00000  800.33333  39.1%     -    0s
     0     0  806.33333    0   91 1314.00000  806.33333  38.6%     -    0s
     0     0  809.25000    0   91 1314.00000  809.25000  38.4%     -    0s
     0     0  810.00000    0   92 1314.00000  810.00000  38.4%     -    0s
     0     0  819.66667    0   96 1314.00000  819.66667  37.6%     -    0s
     0     0  820.28378    0   97 1314.00000  820.28378  37.6%     -    0s
     0     0  820.51389    0   95 1314.00000  820.51389  37.6%     -    0s
     0     0  827.00000    0   94 1314.00000  827.00000  37.1%     -    0s
     0     0  830.67742    0   97 1314.00000  830.67742  36.8%     -    0s
     0     0  833.16667    0   95 1314.00000  833.16667  36.6%     -    0s
     0     0  834.37879    0   98 1314.00000  834.37879  36.5%     -    0s
     0     0  834.83333    0   98 1314.00000  834.83333  36.5%     -    0s
     0     0  848.83333    0   83 1314.00000  848.83333  35.4%     -    0s
     0     0  849.56667    0   85 1314.00000  849.56667  35.3%     -    0s
     0     0  850.83333    0   82 1314.00000  850.83333  35.2%     -    0s
     0     0  855.66667    0   73 1314.00000  855.66667  34.9%     -    0s
     0     0  858.65217    0   84 1314.00000  858.65217  34.7%     -    0s
     0     0  860.70031    0   96 1314.00000  860.70031  34.5%     -    0s
     0     0  860.96429    0   83 1314.00000  860.96429  34.5%     -    0s
     0     0  861.30097    0   97 1314.00000  861.30097  34.5%     -    0s
     0     0  861.68473    0   97 1314.00000  861.68473  34.4%     -    0s
     0     0  864.60000    0   83 1314.00000  864.60000  34.2%     -    0s
     0     0  864.80000    0   83 1314.00000  864.80000  34.2%     -    0s
     0     0  871.57143    0   82 1314.00000  871.57143  33.7%     -    0s
     0     0  871.75000    0   82 1314.00000  871.75000  33.7%     -    0s
     0     0  871.75000    0   80 1314.00000  871.75000  33.7%     -    0s
     0     2  872.25000    0   80 1314.00000  872.25000  33.6%     -    0s

Cutting planes:
  Gomory: 1
  Cover: 1
  Clique: 8
  MIR: 33
  Zero half: 33
  RLT: 8
  BQP: 3

Explored 5 nodes (897 simplex iterations) in 0.10 seconds (0.09 work units)
Thread count was 1 (of 12 available processors)

Solution count 3: 1314 2004 3316 

Optimal solution found (tolerance 1.00e-04)
Best objective 1.314000000000e+03, best bound 1.314000000000e+03, gap 0.0000%
1314.0
