Set parameter Username
Academic license - for non-commercial use only - expires 2025-08-28
Set parameter Threads to value 1
Set parameter Method to value 4
Gurobi Optimizer version 11.0.0 build v11.0.0rc2 (mac64[arm] - Darwin 23.5.0 23F79)

CPU model: Apple M3 Pro
Thread count: 12 physical cores, 12 logical processors, using up to 1 threads

Optimize a model with 427 rows, 136 columns and 1229 nonzeros
Model fingerprint: 0xee4b4ea0
Variable types: 98 continuous, 38 integer (38 binary)
Coefficient statistics:
  Matrix range     [1e+00, 1e+00]
  Objective range  [1e+01, 3e+02]
  Bounds range     [1e+00, 1e+00]
  RHS range        [1e+00, 2e+00]
Found heuristic solution: objective 3740.0000000
Presolve removed 219 rows and 36 columns
Presolve time: 0.00s
Presolved: 208 rows, 100 columns, 582 nonzeros
Variable types: 0 continuous, 100 integer (100 binary)

Root relaxation: objective 0.000000e+00, 35 iterations, 0.00 seconds (0.00 work units)

    Nodes    |    Current Node    |     Objective Bounds      |     Work
 Expl Unexpl |  Obj  Depth IntInf | Incumbent    BestBd   Gap | It/Node Time

     0     0    0.00000    0   28 3740.00000    0.00000   100%     -    0s
H    0     0                    2294.0000000    0.00000   100%     -    0s
H    0     0                    1241.0000000    0.00000   100%     -    0s
H    0     0                    1166.0000000    0.00000   100%     -    0s
     0     0  367.00000    0   40 1166.00000  367.00000  68.5%     -    0s
     0     0  425.12500    0   40 1166.00000  425.12500  63.5%     -    0s
     0     0  481.96875    0   47 1166.00000  481.96875  58.7%     -    0s
     0     0  483.97059    0   47 1166.00000  483.97059  58.5%     -    0s
     0     0  484.10000    0   47 1166.00000  484.10000  58.5%     -    0s
     0     0  562.25000    0   58 1166.00000  562.25000  51.8%     -    0s
     0     0  577.20313    0   66 1166.00000  577.20313  50.5%     -    0s
     0     0  577.37500    0   60 1166.00000  577.37500  50.5%     -    0s
     0     0  668.00000    0   62 1166.00000  668.00000  42.7%     -    0s
     0     0  684.80000    0   68 1166.00000  684.80000  41.3%     -    0s
     0     0  685.90000    0   71 1166.00000  685.90000  41.2%     -    0s
     0     0  690.04167    0   73 1166.00000  690.04167  40.8%     -    0s
     0     0  690.04412    0   74 1166.00000  690.04412  40.8%     -    0s
     0     0  750.25000    0   79 1166.00000  750.25000  35.7%     -    0s
     0     0  759.60714    0   78 1166.00000  759.60714  34.9%     -    0s
     0     0  760.25000    0   76 1166.00000  760.25000  34.8%     -    0s
     0     0  769.75000    0   74 1166.00000  769.75000  34.0%     -    0s
     0     0  773.16667    0   74 1166.00000  773.16667  33.7%     -    0s
     0     0  802.86364    0   84 1166.00000  802.86364  31.1%     -    0s
     0     0  809.17647    0   80 1166.00000  809.17647  30.6%     -    0s
     0     0  812.00000    0   65 1166.00000  812.00000  30.4%     -    0s
     0     0  812.22727    0   78 1166.00000  812.22727  30.3%     -    0s
     0     0  813.33333    0   69 1166.00000  813.33333  30.2%     -    0s
     0     0  814.66929    0   86 1166.00000  814.66929  30.1%     -    0s
     0     0  815.13208    0   84 1166.00000  815.13208  30.1%     -    0s
     0     0  815.22222    0   81 1166.00000  815.22222  30.1%     -    0s
     0     0  815.22222    0   81 1166.00000  815.22222  30.1%     -    0s
     0     2  815.33333    0   81 1166.00000  815.33333  30.1%     -    0s

Cutting planes:
  Cover: 1
  Clique: 5
  MIR: 39
  Zero half: 16
  RLT: 6
  BQP: 4

Explored 5 nodes (744 simplex iterations) in 0.07 seconds (0.06 work units)
Thread count was 1 (of 12 available processors)

Solution count 4: 1166 1241 2294 3740 

Optimal solution found (tolerance 1.00e-04)
Best objective 1.166000000000e+03, best bound 1.166000000000e+03, gap 0.0000%
1166.0
