Set parameter Username
Academic license - for non-commercial use only - expires 2025-08-28
Set parameter Threads to value 1
Set parameter Method to value 4
Gurobi Optimizer version 11.0.0 build v11.0.0rc2 (mac64[arm] - Darwin 23.5.0 23F79)

CPU model: Apple M3 Pro
Thread count: 12 physical cores, 12 logical processors, using up to 1 threads

Optimize a model with 388 rows, 125 columns and 1117 nonzeros
Model fingerprint: 0xe74d1fd4
Variable types: 89 continuous, 36 integer (36 binary)
Coefficient statistics:
  Matrix range     [1e+00, 1e+00]
  Objective range  [1e+01, 3e+02]
  Bounds range     [1e+00, 1e+00]
  RHS range        [1e+00, 2e+00]
Found heuristic solution: objective 2922.0000000
Presolve removed 198 rows and 33 columns
Presolve time: 0.00s
Presolved: 190 rows, 92 columns, 532 nonzeros
Variable types: 0 continuous, 92 integer (92 binary)
Found heuristic solution: objective 1779.0000000

Root relaxation: objective 0.000000e+00, 30 iterations, 0.00 seconds (0.00 work units)

    Nodes    |    Current Node    |     Objective Bounds      |     Work
 Expl Unexpl |  Obj  Depth IntInf | Incumbent    BestBd   Gap | It/Node Time

     0     0    0.00000    0   25 1779.00000    0.00000   100%     -    0s
H    0     0                    1008.0000000    0.00000   100%     -    0s
     0     0  323.20000    0   45 1008.00000  323.20000  67.9%     -    0s
     0     0  370.00000    0   30 1008.00000  370.00000  63.3%     -    0s
H    0     0                    1000.0000000  370.00000  63.0%     -    0s
     0     0  384.16667    0   40 1000.00000  384.16667  61.6%     -    0s
     0     0  439.75000    0   39 1000.00000  439.75000  56.0%     -    0s
     0     0  446.09677    0   47 1000.00000  446.09677  55.4%     -    0s
     0     0  446.18750    0   47 1000.00000  446.18750  55.4%     -    0s
     0     0  500.50000    0   32 1000.00000  500.50000  50.0%     -    0s
     0     0  506.50000    0   33 1000.00000  506.50000  49.4%     -    0s
     0     0  507.00000    0   35 1000.00000  507.00000  49.3%     -    0s
     0     0  512.83333    0   37 1000.00000  512.83333  48.7%     -    0s
     0     0  595.28571    0   61 1000.00000  595.28571  40.5%     -    0s
     0     0  614.33333    0   42 1000.00000  614.33333  38.6%     -    0s
     0     0  620.33333    0   43 1000.00000  620.33333  38.0%     -    0s
     0     0  655.21429    0   63 1000.00000  655.21429  34.5%     -    0s
     0     0  659.39286    0   63 1000.00000  659.39286  34.1%     -    0s
     0     0  661.66667    0   58 1000.00000  661.66667  33.8%     -    0s
     0     0  662.25000    0   56 1000.00000  662.25000  33.8%     -    0s
     0     0  706.50000    0   59 1000.00000  706.50000  29.3%     -    0s
     0     0  707.66667    0   54 1000.00000  707.66667  29.2%     -    0s
     0     0  711.78571    0   64 1000.00000  711.78571  28.8%     -    0s
     0     0  728.66667    0   59 1000.00000  728.66667  27.1%     -    0s
     0     0  731.25000    0   61 1000.00000  731.25000  26.9%     -    0s
     0     0  734.00000    0   62 1000.00000  734.00000  26.6%     -    0s
     0     0  734.77778    0   64 1000.00000  734.77778  26.5%     -    0s
     0     0  735.40000    0   62 1000.00000  735.40000  26.5%     -    0s
     0     0  735.63636    0   64 1000.00000  735.63636  26.4%     -    0s
     0     0  736.50000    0   46 1000.00000  736.50000  26.4%     -    0s
     0     0  737.91667    0   62 1000.00000  737.91667  26.2%     -    0s
     0     0  738.42308    0   65 1000.00000  738.42308  26.2%     -    0s
     0     0  738.66667    0   63 1000.00000  738.66667  26.1%     -    0s
     0     0  738.66667    0   63 1000.00000  738.66667  26.1%     -    0s
     0     2  741.83333    0   63 1000.00000  741.83333  25.8%     -    0s

Cutting planes:
  Gomory: 1
  MIR: 29
  Flow cover: 1
  Zero half: 25
  Mod-K: 1
  RLT: 6
  BQP: 4

Explored 3 nodes (526 simplex iterations) in 0.05 seconds (0.05 work units)
Thread count was 1 (of 12 available processors)

Solution count 4: 1000 1008 1779 2922 

Optimal solution found (tolerance 1.00e-04)
Best objective 1.000000000000e+03, best bound 1.000000000000e+03, gap 0.0000%
1000.0
