Set parameter Username
Academic license - for non-commercial use only - expires 2025-08-28
Set parameter Threads to value 1
Set parameter Method to value 4
Gurobi Optimizer version 11.0.0 build v11.0.0rc2 (mac64[arm] - Darwin 23.5.0 23F79)

CPU model: Apple M3 Pro
Thread count: 12 physical cores, 12 logical processors, using up to 1 threads

Optimize a model with 467 rows, 147 columns and 1342 nonzeros
Model fingerprint: 0xbb76dd8e
Variable types: 107 continuous, 40 integer (40 binary)
Coefficient statistics:
  Matrix range     [1e+00, 1e+00]
  Objective range  [1e+01, 3e+02]
  Bounds range     [1e+00, 1e+00]
  RHS range        [1e+00, 2e+00]
Found heuristic solution: objective 3800.0000000
Presolve removed 241 rows and 40 columns
Presolve time: 0.00s
Presolved: 226 rows, 107 columns, 630 nonzeros
Variable types: 0 continuous, 107 integer (107 binary)

Root relaxation: objective 0.000000e+00, 32 iterations, 0.00 seconds (0.00 work units)

    Nodes    |    Current Node    |     Objective Bounds      |     Work
 Expl Unexpl |  Obj  Depth IntInf | Incumbent    BestBd   Gap | It/Node Time

     0     0    0.00000    0   29 3800.00000    0.00000   100%     -    0s
H    0     0                    2792.0000000    0.00000   100%     -    0s
H    0     0                    1329.0000000    0.00000   100%     -    0s
     0     0  374.75000    0   56 1329.00000  374.75000  71.8%     -    0s
H    0     0                    1268.0000000  374.75000  70.4%     -    0s
     0     0  380.25000    0   55 1268.00000  380.25000  70.0%     -    0s
     0     0  450.00000    0   50 1268.00000  450.00000  64.5%     -    0s
     0     0  527.00000    0   59 1268.00000  527.00000  58.4%     -    0s
     0     0  541.50000    0   55 1268.00000  541.50000  57.3%     -    0s
     0     0  551.50000    0   60 1268.00000  551.50000  56.5%     -    0s
     0     0  562.00000    0   61 1268.00000  562.00000  55.7%     -    0s
     0     0  654.00000    0   74 1268.00000  654.00000  48.4%     -    0s
     0     0  654.50000    0   77 1268.00000  654.50000  48.4%     -    0s
     0     0  694.75000    0   75 1268.00000  694.75000  45.2%     -    0s
     0     0  697.91667    0   83 1268.00000  697.91667  45.0%     -    0s
     0     0  699.58333    0   83 1268.00000  699.58333  44.8%     -    0s
     0     0  744.50000    0   55 1268.00000  744.50000  41.3%     -    0s
     0     0  754.25000    0   85 1268.00000  754.25000  40.5%     -    0s
     0     0  764.22222    0   90 1268.00000  764.22222  39.7%     -    0s
     0     0  766.12500    0   90 1268.00000  766.12500  39.6%     -    0s
     0     0  793.25000    0   87 1268.00000  793.25000  37.4%     -    0s
     0     0  798.75000    0   88 1268.00000  798.75000  37.0%     -    0s
     0     0  809.16667    0   86 1268.00000  809.16667  36.2%     -    0s
     0     0  814.75000    0   76 1268.00000  814.75000  35.7%     -    0s
     0     0  815.00000    0   89 1268.00000  815.00000  35.7%     -    0s
     0     0  817.00000    0   91 1268.00000  817.00000  35.6%     -    0s
     0     0  818.95833    0   93 1268.00000  818.95833  35.4%     -    0s
     0     0  819.91667    0   91 1268.00000  819.91667  35.3%     -    0s
     0     0  827.00000    0   93 1268.00000  827.00000  34.8%     -    0s
     0     0  829.31250    0   90 1268.00000  829.31250  34.6%     -    0s
     0     0  865.91667    0   97 1268.00000  865.91667  31.7%     -    0s
     0     0  871.66667    0   85 1268.00000  871.66667  31.3%     -    0s
     0     0  878.15556    0  101 1268.00000  878.15556  30.7%     -    0s
     0     0  878.41667    0   94 1268.00000  878.41667  30.7%     -    0s
     0     0  889.66667    0   93 1268.00000  889.66667  29.8%     -    0s
     0     0  891.00000    0   93 1268.00000  891.00000  29.7%     -    0s
     0     0  891.10000    0   94 1268.00000  891.10000  29.7%     -    0s
     0     0  906.40741    0   99 1268.00000  906.40741  28.5%     -    0s
     0     0  911.77593    0  102 1268.00000  911.77593  28.1%     -    0s
     0     0  912.82609    0  102 1268.00000  912.82609  28.0%     -    0s
     0     0  912.90000    0  102 1268.00000  912.90000  28.0%     -    0s
     0     0  926.00000    0   70 1268.00000  926.00000  27.0%     -    0s
     0     0  927.50000    0   74 1268.00000  927.50000  26.9%     -    0s
     0     0  929.50000    0   97 1268.00000  929.50000  26.7%     -    0s
     0     0  929.81609    0  103 1268.00000  929.81609  26.7%     -    0s
     0     0  929.81609    0  103 1268.00000  929.81609  26.7%     -    0s
     0     2  931.86885    0  103 1268.00000  931.86885  26.5%     -    0s

Cutting planes:
  Gomory: 1
  Clique: 3
  MIR: 35
  Zero half: 27
  RLT: 15
  BQP: 5

Explored 7 nodes (922 simplex iterations) in 0.10 seconds (0.09 work units)
Thread count was 1 (of 12 available processors)

Solution count 4: 1268 1329 2792 3800 

Optimal solution found (tolerance 1.00e-04)
Best objective 1.268000000000e+03, best bound 1.268000000000e+03, gap 0.0000%
1268.0
