Set parameter Username
Academic license - for non-commercial use only - expires 2025-08-28
Set parameter Threads to value 1
Set parameter Method to value 4
Gurobi Optimizer version 11.0.0 build v11.0.0rc2 (mac64[arm] - Darwin 23.5.0 23F79)

CPU model: Apple M3 Pro
Thread count: 12 physical cores, 12 logical processors, using up to 1 threads

Optimize a model with 427 rows, 136 columns and 1229 nonzeros
Model fingerprint: 0xd5900d03
Variable types: 98 continuous, 38 integer (38 binary)
Coefficient statistics:
  Matrix range     [1e+00, 1e+00]
  Objective range  [1e+01, 3e+02]
  Bounds range     [1e+00, 1e+00]
  RHS range        [1e+00, 2e+00]
Found heuristic solution: objective 3726.0000000
Presolve removed 219 rows and 36 columns
Presolve time: 0.00s
Presolved: 208 rows, 100 columns, 582 nonzeros
Variable types: 0 continuous, 100 integer (100 binary)

Root relaxation: objective 0.000000e+00, 35 iterations, 0.00 seconds (0.00 work units)

    Nodes    |    Current Node    |     Objective Bounds      |     Work
 Expl Unexpl |  Obj  Depth IntInf | Incumbent    BestBd   Gap | It/Node Time

     0     0    0.00000    0   28 3726.00000    0.00000   100%     -    0s
H    0     0                    2292.0000000    0.00000   100%     -    0s
H    0     0                    1248.0000000    0.00000   100%     -    0s
H    0     0                    1176.0000000    0.00000   100%     -    0s
     0     0  320.75000    0   40 1176.00000  320.75000  72.7%     -    0s
     0     0  370.25000    0   47 1176.00000  370.25000  68.5%     -    0s
     0     0  373.25000    0   47 1176.00000  373.25000  68.3%     -    0s
     0     0  506.00000    0   66 1176.00000  506.00000  57.0%     -    0s
     0     0  548.00000    0   64 1176.00000  548.00000  53.4%     -    0s
     0     0  615.07143    0   82 1176.00000  615.07143  47.7%     -    0s
     0     0  621.00000    0   82 1176.00000  621.00000  47.2%     -    0s
     0     0  667.16667    0   80 1176.00000  667.16667  43.3%     -    0s
     0     0  668.50000    0   81 1176.00000  668.50000  43.2%     -    0s
     0     0  711.33333    0   86 1176.00000  711.33333  39.5%     -    0s
     0     0  712.33333    0   87 1176.00000  712.33333  39.4%     -    0s
     0     0  722.66667    0   85 1176.00000  722.66667  38.5%     -    0s
     0     0  724.00000    0   84 1176.00000  724.00000  38.4%     -    0s
     0     0  744.50000    0   84 1176.00000  744.50000  36.7%     -    0s
     0     0  753.42857    0   89 1176.00000  753.42857  35.9%     -    0s
     0     0  754.33333    0   87 1176.00000  754.33333  35.9%     -    0s
     0     0  758.00000    0   85 1176.00000  758.00000  35.5%     -    0s
     0     0  758.25000    0   86 1176.00000  758.25000  35.5%     -    0s
     0     0  758.87500    0   90 1176.00000  758.87500  35.5%     -    0s
     0     0  758.87500    0   87 1176.00000  758.87500  35.5%     -    0s
     0     2  764.25000    0   87 1176.00000  764.25000  35.0%     -    0s

Cutting planes:
  Gomory: 2
  Clique: 9
  MIR: 23
  Zero half: 22
  RLT: 13
  BQP: 6

Explored 3 nodes (655 simplex iterations) in 0.07 seconds (0.06 work units)
Thread count was 1 (of 12 available processors)

Solution count 4: 1176 1248 2292 3726 

Optimal solution found (tolerance 1.00e-04)
Best objective 1.176000000000e+03, best bound 1.176000000000e+03, gap 0.0000%
1176.0
