Set parameter Username
Academic license - for non-commercial use only - expires 2025-08-28
Set parameter Threads to value 1
Set parameter Method to value 4
Gurobi Optimizer version 11.0.0 build v11.0.0rc2 (mac64[arm] - Darwin 23.5.0 23F79)

CPU model: Apple M3 Pro
Thread count: 12 physical cores, 12 logical processors, using up to 1 threads

Optimize a model with 466 rows, 147 columns and 1341 nonzeros
Model fingerprint: 0xe4f3b7d2
Variable types: 107 continuous, 40 integer (40 binary)
Coefficient statistics:
  Matrix range     [1e+00, 1e+00]
  Objective range  [1e+01, 3e+02]
  Bounds range     [1e+00, 1e+00]
  RHS range        [1e+00, 2e+00]
Found heuristic solution: objective 3273.0000000
Presolve removed 240 rows and 39 columns
Presolve time: 0.00s
Presolved: 226 rows, 108 columns, 632 nonzeros
Variable types: 0 continuous, 108 integer (108 binary)
Found heuristic solution: objective 1953.0000000

Root relaxation: objective 0.000000e+00, 31 iterations, 0.00 seconds (0.00 work units)

    Nodes    |    Current Node    |     Objective Bounds      |     Work
 Expl Unexpl |  Obj  Depth IntInf | Incumbent    BestBd   Gap | It/Node Time

     0     0    0.00000    0   29 1953.00000    0.00000   100%     -    0s
H    0     0                    1557.0000000    0.00000   100%     -    0s
     0     0  344.00000    0   47 1557.00000  344.00000  77.9%     -    0s
     0     0  358.00000    0   46 1557.00000  358.00000  77.0%     -    0s
     0     0  403.75000    0   53 1557.00000  403.75000  74.1%     -    0s
     0     0  505.00000    0   62 1557.00000  505.00000  67.6%     -    0s
     0     0  580.20000    0   73 1557.00000  580.20000  62.7%     -    0s
     0     0  587.00000    0   68 1557.00000  587.00000  62.3%     -    0s
     0     0  634.10000    0   83 1557.00000  634.10000  59.3%     -    0s
     0     0  635.40000    0   79 1557.00000  635.40000  59.2%     -    0s
     0     0  637.30909    0   92 1557.00000  637.30909  59.1%     -    0s
     0     0  637.36923    0   92 1557.00000  637.36923  59.1%     -    0s
     0     0  716.00000    0   89 1557.00000  716.00000  54.0%     -    0s
H    0     0                    1261.0000000  716.00000  43.2%     -    0s
     0     0  739.20000    0   90 1261.00000  739.20000  41.4%     -    0s
     0     0  745.80000    0   90 1261.00000  745.80000  40.9%     -    0s
     0     0  790.16667    0   83 1261.00000  790.16667  37.3%     -    0s
     0     0  794.56000    0   96 1261.00000  794.56000  37.0%     -    0s
     0     0  797.78571    0   93 1261.00000  797.78571  36.7%     -    0s
     0     0  812.93939    0   97 1261.00000  812.93939  35.5%     -    0s
     0     0  815.23611    0   98 1261.00000  815.23611  35.4%     -    0s
     0     0  815.73333    0   98 1261.00000  815.73333  35.3%     -    0s
     0     0  816.19231    0   98 1261.00000  816.19231  35.3%     -    0s
     0     0  816.20290    0   98 1261.00000  816.20290  35.3%     -    0s
     0     0  816.50000    0   55 1261.00000  816.50000  35.2%     -    0s
     0     0  822.50000    0   56 1261.00000  822.50000  34.8%     -    0s
     0     0  828.72222    0  100 1261.00000  828.72222  34.3%     -    0s
     0     0  830.48276    0  101 1261.00000  830.48276  34.1%     -    0s
     0     0  832.57576    0  100 1261.00000  832.57576  34.0%     -    0s
     0     0  832.85859    0  101 1261.00000  832.85859  34.0%     -    0s
     0     0  839.50000    0   97 1261.00000  839.50000  33.4%     -    0s
     0     0  840.50000    0   56 1261.00000  840.50000  33.3%     -    0s
     0     0  842.60000    0   95 1261.00000  842.60000  33.2%     -    0s
     0     0  844.09091    0   95 1261.00000  844.09091  33.1%     -    0s
     0     0  844.22222    0   96 1261.00000  844.22222  33.1%     -    0s
     0     0  845.29268    0  101 1261.00000  845.29268  33.0%     -    0s
     0     0  845.50000    0  101 1261.00000  845.50000  33.0%     -    0s
     0     0  845.87302    0  100 1261.00000  845.87302  32.9%     -    0s
     0     0  845.87302    0  100 1261.00000  845.87302  32.9%     -    0s
     0     2  852.33333    0  100 1261.00000  852.33333  32.4%     -    0s

Cutting planes:
  Gomory: 2
  Clique: 2
  MIR: 23
  Zero half: 37
  RLT: 9
  BQP: 8

Explored 6 nodes (874 simplex iterations) in 0.09 seconds (0.09 work units)
Thread count was 1 (of 12 available processors)

Solution count 4: 1261 1557 1953 3273 

Optimal solution found (tolerance 1.00e-04)
Best objective 1.261000000000e+03, best bound 1.261000000000e+03, gap 0.0000%
1261.0
