Set parameter Username
Academic license - for non-commercial use only - expires 2025-08-28
Set parameter Threads to value 1
Set parameter Method to value 4
Gurobi Optimizer version 11.0.0 build v11.0.0rc2 (mac64[arm] - Darwin 23.5.0 23F79)

CPU model: Apple M3 Pro
Thread count: 12 physical cores, 12 logical processors, using up to 1 threads

Optimize a model with 466 rows, 147 columns and 1341 nonzeros
Model fingerprint: 0x7aea906f
Variable types: 107 continuous, 40 integer (40 binary)
Coefficient statistics:
  Matrix range     [1e+00, 1e+00]
  Objective range  [1e+01, 3e+02]
  Bounds range     [1e+00, 1e+00]
  RHS range        [1e+00, 2e+00]
Found heuristic solution: objective 1903.0000000
Presolve removed 240 rows and 39 columns
Presolve time: 0.00s
Presolved: 226 rows, 108 columns, 632 nonzeros
Variable types: 0 continuous, 108 integer (108 binary)

Root relaxation: objective 0.000000e+00, 33 iterations, 0.00 seconds (0.00 work units)

    Nodes    |    Current Node    |     Objective Bounds      |     Work
 Expl Unexpl |  Obj  Depth IntInf | Incumbent    BestBd   Gap | It/Node Time

     0     0    0.00000    0   29 1903.00000    0.00000   100%     -    0s
     0     0  346.00000    0   46 1903.00000  346.00000  81.8%     -    0s
     0     0  352.00000    0   47 1903.00000  352.00000  81.5%     -    0s
     0     0  432.75000    0   59 1903.00000  432.75000  77.3%     -    0s
H    0     0                    1626.0000000  432.75000  73.4%     -    0s
H    0     0                    1259.0000000  432.75000  65.6%     -    0s
     0     0  436.50000    0   59 1259.00000  436.50000  65.3%     -    0s
     0     0  530.50000    0   65 1259.00000  530.50000  57.9%     -    0s
     0     0  551.50000    0   66 1259.00000  551.50000  56.2%     -    0s
     0     0  606.50000    0   77 1259.00000  606.50000  51.8%     -    0s
     0     0  622.14286    0   89 1259.00000  622.14286  50.6%     -    0s
     0     0  628.00000    0   86 1259.00000  628.00000  50.1%     -    0s
     0     0  628.14286    0   89 1259.00000  628.14286  50.1%     -    0s
     0     0  704.75000    0   80 1259.00000  704.75000  44.0%     -    0s
     0     0  712.00000    0   80 1259.00000  712.00000  43.4%     -    0s
     0     0  713.00000    0   83 1259.00000  713.00000  43.4%     -    0s
     0     0  713.00000    0   80 1259.00000  713.00000  43.4%     -    0s
     0     0  790.00000    0   53 1259.00000  790.00000  37.3%     -    0s
     0     0  796.75000    0   75 1259.00000  796.75000  36.7%     -    0s
     0     0  804.00000    0   55 1259.00000  804.00000  36.1%     -    0s
     0     0  824.42857    0   85 1259.00000  824.42857  34.5%     -    0s
     0     0  825.37500    0   85 1259.00000  825.37500  34.4%     -    0s
     0     0  825.80000    0   85 1259.00000  825.80000  34.4%     -    0s
     0     0  833.51429    0   87 1259.00000  833.51429  33.8%     -    0s
     0     0  833.83333    0   86 1259.00000  833.83333  33.8%     -    0s
     0     0  846.00000    0   60 1259.00000  846.00000  32.8%     -    0s
     0     0  848.50000    0   60 1259.00000  848.50000  32.6%     -    0s
     0     0  855.55357    0   87 1259.00000  855.55357  32.0%     -    0s
     0     0  855.87500    0   80 1259.00000  855.87500  32.0%     -    0s
     0     0  856.11765    0   89 1259.00000  856.11765  32.0%     -    0s
     0     0  856.11765    0   89 1259.00000  856.11765  32.0%     -    0s
     0     2  857.00000    0   89 1259.00000  857.00000  31.9%     -    0s

Cutting planes:
  Gomory: 2
  Cover: 1
  Clique: 7
  MIR: 35
  Zero half: 39
  RLT: 11
  BQP: 4

Explored 3 nodes (824 simplex iterations) in 0.08 seconds (0.08 work units)
Thread count was 1 (of 12 available processors)

Solution count 3: 1259 1626 1903 

Optimal solution found (tolerance 1.00e-04)
Best objective 1.259000000000e+03, best bound 1.259000000000e+03, gap 0.0000%
1259.0
