Set parameter Username
Academic license - for non-commercial use only - expires 2025-08-28
Set parameter Threads to value 1
Set parameter Method to value 4
Gurobi Optimizer version 11.0.0 build v11.0.0rc2 (mac64[arm] - Darwin 23.5.0 23F79)

CPU model: Apple M3 Pro
Thread count: 12 physical cores, 12 logical processors, using up to 1 threads

Optimize a model with 427 rows, 136 columns and 1229 nonzeros
Model fingerprint: 0xbeb44f6d
Variable types: 98 continuous, 38 integer (38 binary)
Coefficient statistics:
  Matrix range     [1e+00, 1e+00]
  Objective range  [1e+01, 3e+02]
  Bounds range     [1e+00, 1e+00]
  RHS range        [1e+00, 2e+00]
Found heuristic solution: objective 3126.0000000
Presolve removed 219 rows and 36 columns
Presolve time: 0.00s
Presolved: 208 rows, 100 columns, 582 nonzeros
Variable types: 0 continuous, 100 integer (100 binary)
Found heuristic solution: objective 1450.0000000

Root relaxation: objective 0.000000e+00, 30 iterations, 0.00 seconds (0.00 work units)

    Nodes    |    Current Node    |     Objective Bounds      |     Work
 Expl Unexpl |  Obj  Depth IntInf | Incumbent    BestBd   Gap | It/Node Time

     0     0    0.00000    0   26 1450.00000    0.00000   100%     -    0s
     0     0  334.50000    0   40 1450.00000  334.50000  76.9%     -    0s
H    0     0                    1080.0000000  334.50000  69.0%     -    0s
H    0     0                    1067.0000000  334.50000  68.7%     -    0s
     0     0  337.50000    0   41 1067.00000  337.50000  68.4%     -    0s
     0     0  436.50000    0   42 1067.00000  436.50000  59.1%     -    0s
     0     0  548.00000    0   40 1067.00000  548.00000  48.6%     -    0s
     0     0  563.56250    0   57 1067.00000  563.56250  47.2%     -    0s
     0     0  564.75000    0   36 1067.00000  564.75000  47.1%     -    0s
     0     0  566.00000    0   33 1067.00000  566.00000  47.0%     -    0s
     0     0  590.25000    0   55 1067.00000  590.25000  44.7%     -    0s
     0     0  607.50000    0   60 1067.00000  607.50000  43.1%     -    0s
     0     0  608.66667    0   62 1067.00000  608.66667  43.0%     -    0s
     0     0  640.03448    0   70 1067.00000  640.03448  40.0%     -    0s
     0     0  683.77778    0   68 1067.00000  683.77778  35.9%     -    0s
     0     0  684.91667    0   68 1067.00000  684.91667  35.8%     -    0s
     0     0  685.35714    0   68 1067.00000  685.35714  35.8%     -    0s
     0     0  685.39130    0   68 1067.00000  685.39130  35.8%     -    0s
     0     0  696.96552    0   68 1067.00000  696.96552  34.7%     -    0s
     0     0  700.75000    0   67 1067.00000  700.75000  34.3%     -    0s
     0     0  705.90909    0   69 1067.00000  705.90909  33.8%     -    0s
     0     0  706.25000    0   68 1067.00000  706.25000  33.8%     -    0s
     0     0  710.87500    0   71 1067.00000  710.87500  33.4%     -    0s
     0     0  711.85714    0   74 1067.00000  711.85714  33.3%     -    0s
     0     0  712.12281    0   74 1067.00000  712.12281  33.3%     -    0s
     0     0  713.67742    0   69 1067.00000  713.67742  33.1%     -    0s
     0     0  713.67742    0   69 1067.00000  713.67742  33.1%     -    0s
     0     2  717.28571    0   69 1067.00000  717.28571  32.8%     -    0s

Cutting planes:
  Cover: 1
  Clique: 10
  MIR: 18
  Flow cover: 2
  Zero half: 29
  RLT: 9
  BQP: 6

Explored 3 nodes (627 simplex iterations) in 0.06 seconds (0.06 work units)
Thread count was 1 (of 12 available processors)

Solution count 4: 1067 1080 1450 3126 

Optimal solution found (tolerance 1.00e-04)
Best objective 1.067000000000e+03, best bound 1.067000000000e+03, gap 0.0000%
1067.0
