Set parameter Username
Academic license - for non-commercial use only - expires 2025-08-28
Set parameter Threads to value 1
Set parameter Method to value 4
Gurobi Optimizer version 11.0.0 build v11.0.0rc2 (mac64[arm] - Darwin 23.5.0 23F79)

CPU model: Apple M3 Pro
Thread count: 12 physical cores, 12 logical processors, using up to 1 threads

Optimize a model with 427 rows, 136 columns and 1229 nonzeros
Model fingerprint: 0xcfb7539f
Variable types: 98 continuous, 38 integer (38 binary)
Coefficient statistics:
  Matrix range     [1e+00, 1e+00]
  Objective range  [1e+01, 3e+02]
  Bounds range     [1e+00, 1e+00]
  RHS range        [1e+00, 2e+00]
Found heuristic solution: objective 3096.0000000
Presolve removed 219 rows and 36 columns
Presolve time: 0.00s
Presolved: 208 rows, 100 columns, 582 nonzeros
Variable types: 0 continuous, 100 integer (100 binary)
Found heuristic solution: objective 1436.0000000

Root relaxation: objective 0.000000e+00, 30 iterations, 0.00 seconds (0.00 work units)

    Nodes    |    Current Node    |     Objective Bounds      |     Work
 Expl Unexpl |  Obj  Depth IntInf | Incumbent    BestBd   Gap | It/Node Time

     0     0    0.00000    0   26 1436.00000    0.00000   100%     -    0s
H    0     0                    1057.0000000    0.00000   100%     -    0s
     0     0  349.83333    0   51 1057.00000  349.83333  66.9%     -    0s
     0     0  401.00000    0   45 1057.00000  401.00000  62.1%     -    0s
     0     0  416.33333    0   44 1057.00000  416.33333  60.6%     -    0s
     0     0  446.33333    0   48 1057.00000  446.33333  57.8%     -    0s
     0     0  450.25000    0   42 1057.00000  450.25000  57.4%     -    0s
     0     0  541.75000    0   54 1057.00000  541.75000  48.7%     -    0s
     0     0  554.75000    0   51 1057.00000  554.75000  47.5%     -    0s
     0     0  576.00000    0   50 1057.00000  576.00000  45.5%     -    0s
     0     0  581.00000    0   51 1057.00000  581.00000  45.0%     -    0s
     0     0  641.25000    0   62 1057.00000  641.25000  39.3%     -    0s
     0     0  648.00000    0   44 1057.00000  648.00000  38.7%     -    0s
     0     0  674.00000    0   66 1057.00000  674.00000  36.2%     -    0s
     0     0  675.11429    0   69 1057.00000  675.11429  36.1%     -    0s
     0     0  675.26563    0   69 1057.00000  675.26563  36.1%     -    0s
     0     0  699.00000    0   42 1057.00000  699.00000  33.9%     -    0s
     0     0  703.88889    0   70 1057.00000  703.88889  33.4%     -    0s
     0     0  705.20000    0   70 1057.00000  705.20000  33.3%     -    0s
     0     0  723.38462    0   71 1057.00000  723.38462  31.6%     -    0s
     0     0  734.84211    0   73 1057.00000  734.84211  30.5%     -    0s
     0     0  735.20859    0   74 1057.00000  735.20859  30.4%     -    0s
     0     0  738.67391    0   73 1057.00000  738.67391  30.1%     -    0s
     0     0  742.58824    0   70 1057.00000  742.58824  29.7%     -    0s
     0     0  742.80488    0   71 1057.00000  742.80488  29.7%     -    0s
     0     0  743.80000    0   67 1057.00000  743.80000  29.6%     -    0s
     0     0  747.25000    0   68 1057.00000  747.25000  29.3%     -    0s
     0     0  747.25000    0   68 1057.00000  747.25000  29.3%     -    0s
     0     2  749.00000    0   68 1057.00000  749.00000  29.1%     -    0s

Cutting planes:
  Clique: 6
  MIR: 23
  Flow cover: 5
  Zero half: 36
  RLT: 7
  BQP: 4

Explored 3 nodes (672 simplex iterations) in 0.07 seconds (0.06 work units)
Thread count was 1 (of 12 available processors)

Solution count 3: 1057 1436 3096 

Optimal solution found (tolerance 1.00e-04)
Best objective 1.057000000000e+03, best bound 1.057000000000e+03, gap 0.0000%
1057.0
