Set parameter Username
Academic license - for non-commercial use only - expires 2025-08-28
Set parameter Threads to value 1
Set parameter Method to value 4
Gurobi Optimizer version 11.0.0 build v11.0.0rc2 (mac64[arm] - Darwin 23.5.0 23F79)

CPU model: Apple M3 Pro
Thread count: 12 physical cores, 12 logical processors, using up to 1 threads

Optimize a model with 466 rows, 147 columns and 1341 nonzeros
Model fingerprint: 0xed506e65
Variable types: 107 continuous, 40 integer (40 binary)
Coefficient statistics:
  Matrix range     [1e+00, 1e+00]
  Objective range  [1e+01, 3e+02]
  Bounds range     [1e+00, 1e+00]
  RHS range        [1e+00, 2e+00]
Found heuristic solution: objective 3267.0000000
Presolve removed 240 rows and 39 columns
Presolve time: 0.00s
Presolved: 226 rows, 108 columns, 632 nonzeros
Variable types: 0 continuous, 108 integer (108 binary)
Found heuristic solution: objective 1947.0000000

Root relaxation: objective 0.000000e+00, 31 iterations, 0.00 seconds (0.00 work units)

    Nodes    |    Current Node    |     Objective Bounds      |     Work
 Expl Unexpl |  Obj  Depth IntInf | Incumbent    BestBd   Gap | It/Node Time

     0     0    0.00000    0   29 1947.00000    0.00000   100%     -    0s
H    0     0                    1543.0000000    0.00000   100%     -    0s
     0     0  342.25000    0   47 1543.00000  342.25000  77.8%     -    0s
     0     0  355.75000    0   46 1543.00000  355.75000  76.9%     -    0s
     0     0  394.25000    0   55 1543.00000  394.25000  74.4%     -    0s
     0     0  394.25000    0   54 1543.00000  394.25000  74.4%     -    0s
     0     0  634.36111    0   84 1543.00000  634.36111  58.9%     -    0s
     0     0  634.75000    0   64 1543.00000  634.75000  58.9%     -    0s
     0     0  634.75000    0   64 1543.00000  634.75000  58.9%     -    0s
     0     0  740.83333    0   91 1543.00000  740.83333  52.0%     -    0s
     0     0  770.42857    0   94 1543.00000  770.42857  50.1%     -    0s
     0     0  771.66667    0   78 1543.00000  771.66667  50.0%     -    0s
     0     0  774.41667    0   94 1543.00000  774.41667  49.8%     -    0s
     0     0  774.47619    0   96 1543.00000  774.47619  49.8%     -    0s
     0     0  810.75000    0   71 1543.00000  810.75000  47.5%     -    0s
H    0     0                    1318.0000000  810.75000  38.5%     -    0s
H    0     0                    1253.0000000  810.75000  35.3%     -    0s
     0     0  814.67241    0   98 1253.00000  814.67241  35.0%     -    0s
     0     0  818.80000    0   83 1253.00000  818.80000  34.7%     -    0s
     0     0  819.16667    0   82 1253.00000  819.16667  34.6%     -    0s
     0     0  819.73134    0   98 1253.00000  819.73134  34.6%     -    0s
     0     0  819.83417    0   99 1253.00000  819.83417  34.6%     -    0s
     0     0  827.00000    0   82 1253.00000  827.00000  34.0%     -    0s
     0     0  827.00000    0   82 1253.00000  827.00000  34.0%     -    0s
     0     0  827.33333    0   81 1253.00000  827.33333  34.0%     -    0s
     0     0  827.33333    0   81 1253.00000  827.33333  34.0%     -    0s
     0     2  828.66667    0   81 1253.00000  828.66667  33.9%     -    0s

Cutting planes:
  Gomory: 2
  Clique: 6
  MIR: 26
  Zero half: 35
  RLT: 17
  BQP: 6

Explored 3 nodes (713 simplex iterations) in 0.06 seconds (0.06 work units)
Thread count was 1 (of 12 available processors)

Solution count 5: 1253 1318 1543 ... 3267

Optimal solution found (tolerance 1.00e-04)
Best objective 1.253000000000e+03, best bound 1.253000000000e+03, gap 0.0000%
1253.0
