Set parameter Username
Academic license - for non-commercial use only - expires 2025-08-28
Set parameter Threads to value 1
Set parameter Method to value 4
Gurobi Optimizer version 11.0.0 build v11.0.0rc2 (mac64[arm] - Darwin 23.5.0 23F79)

CPU model: Apple M3 Pro
Thread count: 12 physical cores, 12 logical processors, using up to 1 threads

Optimize a model with 427 rows, 136 columns and 1229 nonzeros
Model fingerprint: 0xccf8e990
Variable types: 98 continuous, 38 integer (38 binary)
Coefficient statistics:
  Matrix range     [1e+00, 1e+00]
  Objective range  [1e+01, 3e+02]
  Bounds range     [1e+00, 1e+00]
  RHS range        [1e+00, 2e+00]
Found heuristic solution: objective 3121.0000000
Presolve removed 219 rows and 36 columns
Presolve time: 0.00s
Presolved: 208 rows, 100 columns, 582 nonzeros
Variable types: 0 continuous, 100 integer (100 binary)
Found heuristic solution: objective 1449.0000000

Root relaxation: objective 0.000000e+00, 30 iterations, 0.00 seconds (0.00 work units)

    Nodes    |    Current Node    |     Objective Bounds      |     Work
 Expl Unexpl |  Obj  Depth IntInf | Incumbent    BestBd   Gap | It/Node Time

     0     0    0.00000    0   26 1449.00000    0.00000   100%     -    0s
H    0     0                    1066.0000000    0.00000   100%     -    0s
     0     0  354.00000    0   51 1066.00000  354.00000  66.8%     -    0s
     0     0  406.00000    0   45 1066.00000  406.00000  61.9%     -    0s
     0     0  421.83333    0   44 1066.00000  421.83333  60.4%     -    0s
     0     0  449.33333    0   49 1066.00000  449.33333  57.8%     -    0s
     0     0  453.75000    0   42 1066.00000  453.75000  57.4%     -    0s
     0     0  456.25000    0   46 1066.00000  456.25000  57.2%     -    0s
     0     0  522.00000    0   50 1066.00000  522.00000  51.0%     -    0s
     0     0  546.75000    0   50 1066.00000  546.75000  48.7%     -    0s
     0     0  588.50000    0   59 1066.00000  588.50000  44.8%     -    0s
     0     0  600.25000    0   59 1066.00000  600.25000  43.7%     -    0s
     0     0  640.25000    0   58 1066.00000  640.25000  39.9%     -    0s
     0     0  652.50000    0   44 1066.00000  652.50000  38.8%     -    0s
     0     0  658.25000    0   58 1066.00000  658.25000  38.3%     -    0s
     0     0  659.25000    0   63 1066.00000  659.25000  38.2%     -    0s
     0     0  710.25000    0   67 1066.00000  710.25000  33.4%     -    0s
     0     0  713.62500    0   68 1066.00000  713.62500  33.1%     -    0s
     0     0  714.04545    0   71 1066.00000  714.04545  33.0%     -    0s
     0     0  714.16667    0   71 1066.00000  714.16667  33.0%     -    0s
     0     0  721.50000    0   54 1066.00000  721.50000  32.3%     -    0s
     0     0  728.50000    0   63 1066.00000  728.50000  31.7%     -    0s
     0     0  732.30000    0   69 1066.00000  732.30000  31.3%     -    0s
     0     0  732.50000    0   66 1066.00000  732.50000  31.3%     -    0s
     0     0  735.00000    0   43 1066.00000  735.00000  31.1%     -    0s
     0     0  735.33333    0   71 1066.00000  735.33333  31.0%     -    0s
     0     0  740.66667    0   65 1066.00000  740.66667  30.5%     -    0s
     0     0  741.87500    0   66 1066.00000  741.87500  30.4%     -    0s
     0     0  742.37500    0   61 1066.00000  742.37500  30.4%     -    0s
     0     0  742.72500    0   66 1066.00000  742.72500  30.3%     -    0s
     0     0  748.39286    0   68 1066.00000  748.39286  29.8%     -    0s
     0     0  753.37500    0   68 1066.00000  753.37500  29.3%     -    0s
     0     0  753.85714    0   68 1066.00000  753.85714  29.3%     -    0s
     0     0  754.25000    0   68 1066.00000  754.25000  29.2%     -    0s
     0     0  755.75000    0   69 1066.00000  755.75000  29.1%     -    0s
     0     0  756.75000    0   68 1066.00000  756.75000  29.0%     -    0s
     0     0  756.75000    0   67 1066.00000  756.75000  29.0%     -    0s
     0     2  757.92857    0   67 1066.00000  757.92857  28.9%     -    0s

Cutting planes:
  Clique: 3
  MIR: 31
  Flow cover: 1
  Zero half: 21
  RLT: 6
  BQP: 6

Explored 3 nodes (759 simplex iterations) in 0.07 seconds (0.07 work units)
Thread count was 1 (of 12 available processors)

Solution count 3: 1066 1449 3121 

Optimal solution found (tolerance 1.00e-04)
Best objective 1.066000000000e+03, best bound 1.066000000000e+03, gap 0.0000%
1066.0
