Set parameter Username
Academic license - for non-commercial use only - expires 2025-08-28
Set parameter Threads to value 1
Set parameter Method to value 4
Gurobi Optimizer version 11.0.0 build v11.0.0rc2 (mac64[arm] - Darwin 23.5.0 23F79)

CPU model: Apple M3 Pro
Thread count: 12 physical cores, 12 logical processors, using up to 1 threads

Optimize a model with 506 rows, 158 columns and 1454 nonzeros
Model fingerprint: 0xa89194fd
Variable types: 116 continuous, 42 integer (42 binary)
Coefficient statistics:
  Matrix range     [1e+00, 1e+00]
  Objective range  [1e+01, 3e+02]
  Bounds range     [1e+00, 1e+00]
  RHS range        [1e+00, 2e+00]
Found heuristic solution: objective 3129.0000000
Presolve removed 262 rows and 43 columns
Presolve time: 0.00s
Presolved: 244 rows, 115 columns, 680 nonzeros
Variable types: 0 continuous, 115 integer (115 binary)
Found heuristic solution: objective 2364.0000000

Root relaxation: objective 0.000000e+00, 33 iterations, 0.00 seconds (0.00 work units)

    Nodes    |    Current Node    |     Objective Bounds      |     Work
 Expl Unexpl |  Obj  Depth IntInf | Incumbent    BestBd   Gap | It/Node Time

     0     0    0.00000    0   30 2364.00000    0.00000   100%     -    0s
     0     0  398.50000    0   47 2364.00000  398.50000  83.1%     -    0s
H    0     0                    1915.0000000  398.50000  79.2%     -    0s
     0     0  404.00000    0   46 1915.00000  404.00000  78.9%     -    0s
     0     0  443.00000    0   56 1915.00000  443.00000  76.9%     -    0s
H    0     0                    1561.0000000  443.00000  71.6%     -    0s
     0     0  555.00000    0   63 1561.00000  555.00000  64.4%     -    0s
     0     0  556.00000    0   61 1561.00000  556.00000  64.4%     -    0s
     0     0  616.16667    0   73 1561.00000  616.16667  60.5%     -    0s
     0     0  620.25000    0   73 1561.00000  620.25000  60.3%     -    0s
     0     0  679.16667    0   72 1561.00000  679.16667  56.5%     -    0s
     0     0  695.91667    0   95 1561.00000  695.91667  55.4%     -    0s
     0     0  773.25000    0   80 1561.00000  773.25000  50.5%     -    0s
     0     0  783.50000    0   89 1561.00000  783.50000  49.8%     -    0s
     0     0  783.50000    0   69 1561.00000  783.50000  49.8%     -    0s
     0     0  798.83333    0   90 1561.00000  798.83333  48.8%     -    0s
H    0     0                    1347.0000000  798.83333  40.7%     -    0s
     0     0  799.00000    0   71 1347.00000  799.00000  40.7%     -    0s
     0     0  819.41667    0  102 1347.00000  819.41667  39.2%     -    0s
     0     0  823.66667    0   86 1347.00000  823.66667  38.9%     -    0s
     0     0  826.68750    0   99 1347.00000  826.68750  38.6%     -    0s
     0     0  826.85714    0   99 1347.00000  826.85714  38.6%     -    0s
     0     0  850.03846    0   98 1347.00000  850.03846  36.9%     -    0s
     0     0  854.23077    0  104 1347.00000  854.23077  36.6%     -    0s
     0     0  855.88889    0  104 1347.00000  855.88889  36.5%     -    0s
     0     0  857.08000    0  104 1347.00000  857.08000  36.4%     -    0s
     0     0  857.25000    0  100 1347.00000  857.25000  36.4%     -    0s
     0     0  868.27778    0  104 1347.00000  868.27778  35.5%     -    0s
     0     0  874.14286    0  104 1347.00000  874.14286  35.1%     -    0s
     0     0  874.14815    0  105 1347.00000  874.14815  35.1%     -    0s
     0     0  884.40000    0   83 1347.00000  884.40000  34.3%     -    0s
     0     0  903.00000    0   65 1347.00000  903.00000  33.0%     -    0s
     0     0  905.75000    0   89 1347.00000  905.75000  32.8%     -    0s
     0     0  906.92308    0  103 1347.00000  906.92308  32.7%     -    0s
     0     0  907.00000    0   90 1347.00000  907.00000  32.7%     -    0s
     0     0  908.00000    0  102 1347.00000  908.00000  32.6%     -    0s
     0     0  908.75000    0   89 1347.00000  908.75000  32.5%     -    0s
     0     0  913.39832    0  109 1347.00000  913.39832  32.2%     -    0s
     0     0  913.39832    0  109 1347.00000  913.39832  32.2%     -    0s
     0     2  914.34917    0  109 1347.00000  914.34917  32.1%     -    0s

Cutting planes:
  Gomory: 1
  Clique: 1
  MIR: 28
  Zero half: 42
  RLT: 12
  BQP: 10

Explored 7 nodes (1042 simplex iterations) in 0.10 seconds (0.10 work units)
Thread count was 1 (of 12 available processors)

Solution count 5: 1347 1561 1915 ... 3129

Optimal solution found (tolerance 1.00e-04)
Best objective 1.347000000000e+03, best bound 1.347000000000e+03, gap 0.0000%
1347.0
