Set parameter Username
Academic license - for non-commercial use only - expires 2025-08-28
Set parameter Threads to value 1
Set parameter Method to value 4
Gurobi Optimizer version 11.0.0 build v11.0.0rc2 (mac64[arm] - Darwin 23.5.0 23F79)

CPU model: Apple M3 Pro
Thread count: 12 physical cores, 12 logical processors, using up to 1 threads

Optimize a model with 794 rows, 189 columns and 2330 nonzeros
Model fingerprint: 0xb35a595d
Variable types: 126 continuous, 63 integer (63 binary)
Coefficient statistics:
  Matrix range     [1e+00, 1e+00]
  Objective range  [1e+01, 3e+02]
  Bounds range     [1e+00, 1e+00]
  RHS range        [1e+00, 2e+00]
Presolve removed 128 rows and 35 columns
Presolve time: 0.00s
Presolved: 666 rows, 154 columns, 1920 nonzeros
Variable types: 0 continuous, 154 integer (154 binary)
Found heuristic solution: objective 2208.0000000
Found heuristic solution: objective 1569.0000000
Found heuristic solution: objective 1561.0000000

Root relaxation: objective 0.000000e+00, 75 iterations, 0.00 seconds (0.00 work units)

    Nodes    |    Current Node    |     Objective Bounds      |     Work
 Expl Unexpl |  Obj  Depth IntInf | Incumbent    BestBd   Gap | It/Node Time

     0     0    0.00000    0   45 1561.00000    0.00000   100%     -    0s
H    0     0                    1090.0000000    0.00000   100%     -    0s
H    0     0                    1050.0000000    0.00000   100%     -    0s
     0     0    0.00000    0   67 1050.00000    0.00000   100%     -    0s
H    0     0                     914.0000000    0.00000   100%     -    0s
     0     0  133.70309    0   99  914.00000  133.70309  85.4%     -    0s
     0     0  140.38889    0   92  914.00000  140.38889  84.6%     -    0s
     0     0  141.30000    0   92  914.00000  141.30000  84.5%     -    0s
     0     0  141.39130    0   93  914.00000  141.39130  84.5%     -    0s
     0     0  141.85714    0   93  914.00000  141.85714  84.5%     -    0s
     0     0  206.79341    0  109  914.00000  206.79341  77.4%     -    0s
     0     0  207.41805    0  110  914.00000  207.41805  77.3%     -    0s
     0     0  208.50481    0  110  914.00000  208.50481  77.2%     -    0s
     0     0  208.50481    0  110  914.00000  208.50481  77.2%     -    0s
     0     0  223.50245    0  115  914.00000  223.50245  75.5%     -    0s
     0     0  224.31466    0  117  914.00000  224.31466  75.5%     -    0s
     0     0  224.61622    0  117  914.00000  224.61622  75.4%     -    0s
     0     0  230.18984    0  113  914.00000  230.18984  74.8%     -    0s
     0     0  232.16068    0  115  914.00000  232.16068  74.6%     -    0s
     0     0  232.91139    0  114  914.00000  232.91139  74.5%     -    0s
     0     0  233.16667    0  110  914.00000  233.16667  74.5%     -    0s
     0     0  233.22135    0  117  914.00000  233.22135  74.5%     -    0s
     0     0  239.28571    0  111  914.00000  239.28571  73.8%     -    0s
     0     0  242.08594    0  113  914.00000  242.08594  73.5%     -    0s
     0     0  242.21680    0  113  914.00000  242.21680  73.5%     -    0s
     0     0  242.50541    0  114  914.00000  242.50541  73.5%     -    0s
     0     0  242.54347    0  114  914.00000  242.54347  73.5%     -    0s
     0     0  242.54347    0  115  914.00000  242.54347  73.5%     -    0s
     0     0  242.54347    0  117  914.00000  242.54347  73.5%     -    0s
     0     0  242.54347    0  119  914.00000  242.54347  73.5%     -    0s
     0     0  242.54347    0  119  914.00000  242.54347  73.5%     -    0s
     0     0  242.54347    0  118  914.00000  242.54347  73.5%     -    0s
     0     0  242.54347    0  118  914.00000  242.54347  73.5%     -    0s
H    0     0                     902.0000000  242.54347  73.1%     -    0s
     0     2  245.77465    0  117  902.00000  245.77465  72.8%     -    0s
*   36     5               5     850.0000000  624.00000  26.6%  38.5    0s

Cutting planes:
  MIR: 22
  Zero half: 30
  RLT: 21
  BQP: 16

Explored 60 nodes (2628 simplex iterations) in 0.17 seconds (0.17 work units)
Thread count was 1 (of 12 available processors)

Solution count 8: 850 902 914 ... 2208

Optimal solution found (tolerance 1.00e-04)
Best objective 8.500000000000e+02, best bound 8.500000000000e+02, gap 0.0000%
850.0
