Set parameter Username
Academic license - for non-commercial use only - expires 2025-08-28
Set parameter Threads to value 1
Set parameter Method to value 4
Gurobi Optimizer version 11.0.0 build v11.0.0rc2 (mac64[arm] - Darwin 23.5.0 23F79)

CPU model: Apple M3 Pro
Thread count: 12 physical cores, 12 logical processors, using up to 1 threads

Optimize a model with 736 rows, 177 columns and 2162 nonzeros
Model fingerprint: 0x1078f2b1
Variable types: 117 continuous, 60 integer (60 binary)
Coefficient statistics:
  Matrix range     [1e+00, 1e+00]
  Objective range  [1e+01, 3e+02]
  Bounds range     [1e+00, 1e+00]
  RHS range        [1e+00, 2e+00]
Found heuristic solution: objective 3353.0000000
Presolve removed 116 rows and 32 columns
Presolve time: 0.00s
Presolved: 620 rows, 145 columns, 1791 nonzeros
Variable types: 0 continuous, 145 integer (145 binary)

Root relaxation: objective 0.000000e+00, 82 iterations, 0.00 seconds (0.00 work units)

    Nodes    |    Current Node    |     Objective Bounds      |     Work
 Expl Unexpl |  Obj  Depth IntInf | Incumbent    BestBd   Gap | It/Node Time

     0     0    0.00000    0   53 3353.00000    0.00000   100%     -    0s
H    0     0                    2200.0000000    0.00000   100%     -    0s
H    0     0                    1053.0000000    0.00000   100%     -    0s
     0     0   16.66667    0   70 1053.00000   16.66667  98.4%     -    0s
H    0     0                    1029.0000000   16.66667  98.4%     -    0s
     0     0  146.53623    0   95 1029.00000  146.53623  85.8%     -    0s
H    0     0                     955.0000000  146.53623  84.7%     -    0s
     0     0  148.57168    0   94  955.00000  148.57168  84.4%     -    0s
     0     0  150.09758    0   98  955.00000  150.09758  84.3%     -    0s
     0     0  150.17523    0   96  955.00000  150.17523  84.3%     -    0s
     0     0  150.17523    0   96  955.00000  150.17523  84.3%     -    0s
     0     0  200.13675    0  100  955.00000  200.13675  79.0%     -    0s
     0     0  202.42373    0  107  955.00000  202.42373  78.8%     -    0s
     0     0  202.90625    0  107  955.00000  202.90625  78.8%     -    0s
     0     0  202.91712    0  111  955.00000  202.91712  78.8%     -    0s
     0     0  232.56250    0   97  955.00000  232.56250  75.6%     -    0s
     0     0  240.04054    0  114  955.00000  240.04054  74.9%     -    0s
     0     0  240.59929    0  119  955.00000  240.59929  74.8%     -    0s
     0     0  241.25556    0  114  955.00000  241.25556  74.7%     -    0s
     0     0  241.37193    0  114  955.00000  241.37193  74.7%     -    0s
     0     0  241.37193    0  114  955.00000  241.37193  74.7%     -    0s
     0     0  250.42361    0  121  955.00000  250.42361  73.8%     -    0s
     0     0  252.32090    0  121  955.00000  252.32090  73.6%     -    0s
     0     0  252.54569    0  122  955.00000  252.54569  73.6%     -    0s
     0     0  252.79932    0  123  955.00000  252.79932  73.5%     -    0s
     0     0  253.00529    0  121  955.00000  253.00529  73.5%     -    0s
     0     0  253.02091    0  121  955.00000  253.02091  73.5%     -    0s
     0     0  253.96960    0  120  955.00000  253.96960  73.4%     -    0s
     0     0  255.70801    0  127  955.00000  255.70801  73.2%     -    0s
     0     0  256.48964    0  126  955.00000  256.48964  73.1%     -    0s
     0     0  256.83572    0  126  955.00000  256.83572  73.1%     -    0s
     0     0  257.41255    0  128  955.00000  257.41255  73.0%     -    0s
     0     0  258.34884    0  122  955.00000  258.34884  72.9%     -    0s
H    0     0                     919.0000000  258.34884  71.9%     -    0s
H    0     0                     889.0000000  258.34884  70.9%     -    0s
     0     0  259.62852    0  121  889.00000  259.62852  70.8%     -    0s
     0     0  259.75439    0  122  889.00000  259.75439  70.8%     -    0s
     0     0  265.43860    0  122  889.00000  265.43860  70.1%     -    0s
     0     0  272.06117    0  122  889.00000  272.06117  69.4%     -    0s
     0     0  272.14583    0  118  889.00000  272.14583  69.4%     -    0s
     0     0  273.01364    0  119  889.00000  273.01364  69.3%     -    0s
H    0     0                     827.0000000  273.01364  67.0%     -    0s
     0     0  274.76053    0  119  827.00000  274.76053  66.8%     -    0s
     0     0  275.77500    0  122  827.00000  275.77500  66.7%     -    0s
     0     0  275.86969    0  122  827.00000  275.86969  66.6%     -    0s
     0     0  276.94108    0  118  827.00000  276.94108  66.5%     -    0s
     0     0  277.16415    0  121  827.00000  277.16415  66.5%     -    0s
     0     0  277.25726    0  119  827.00000  277.25726  66.5%     -    0s
     0     0  284.51333    0  123  827.00000  284.51333  65.6%     -    0s
     0     0  288.11563    0  117  827.00000  288.11563  65.2%     -    0s
     0     0  289.50000    0  116  827.00000  289.50000  65.0%     -    0s
     0     0  289.54545    0  118  827.00000  289.54545  65.0%     -    0s
     0     0  289.91398    0  117  827.00000  289.91398  64.9%     -    0s
     0     0  290.42996    0  117  827.00000  290.42996  64.9%     -    0s
     0     0  291.64261    0  119  827.00000  291.64261  64.7%     -    0s
     0     0  291.65625    0  120  827.00000  291.65625  64.7%     -    0s
     0     0  291.65625    0  119  827.00000  291.65625  64.7%     -    0s
     0     0  291.65625    0  121  827.00000  291.65625  64.7%     -    0s
     0     0  291.65625    0  122  827.00000  291.65625  64.7%     -    0s
     0     0  291.65625    0  119  827.00000  291.65625  64.7%     -    0s
     0     2  297.26042    0  118  827.00000  297.26042  64.1%     -    0s

Cutting planes:
  MIR: 9
  Zero half: 59
  RLT: 24
  BQP: 11

Explored 52 nodes (2652 simplex iterations) in 0.18 seconds (0.21 work units)
Thread count was 1 (of 12 available processors)

Solution count 8: 827 889 919 ... 3353

Optimal solution found (tolerance 1.00e-04)
Best objective 8.270000000000e+02, best bound 8.270000000000e+02, gap 0.0000%
827.0
