Set parameter Username
Academic license - for non-commercial use only - expires 2025-08-28
Set parameter Threads to value 1
Set parameter Method to value 4
Gurobi Optimizer version 11.0.0 build v11.0.0rc2 (mac64[arm] - Darwin 23.5.0 23F79)

CPU model: Apple M3 Pro
Thread count: 12 physical cores, 12 logical processors, using up to 1 threads

Optimize a model with 736 rows, 177 columns and 2162 nonzeros
Model fingerprint: 0x8e004cfe
Variable types: 117 continuous, 60 integer (60 binary)
Coefficient statistics:
  Matrix range     [1e+00, 1e+00]
  Objective range  [1e+01, 3e+02]
  Bounds range     [1e+00, 1e+00]
  RHS range        [1e+00, 2e+00]
Presolve removed 116 rows and 32 columns
Presolve time: 0.00s
Presolved: 620 rows, 145 columns, 1791 nonzeros
Variable types: 0 continuous, 145 integer (145 binary)
Found heuristic solution: objective 3352.0000000
Found heuristic solution: objective 1259.0000000
Found heuristic solution: objective 939.0000000

Root relaxation: objective 0.000000e+00, 79 iterations, 0.00 seconds (0.00 work units)

    Nodes    |    Current Node    |     Objective Bounds      |     Work
 Expl Unexpl |  Obj  Depth IntInf | Incumbent    BestBd   Gap | It/Node Time

     0     0    0.00000    0   55  939.00000    0.00000   100%     -    0s
     0     0   10.00000    0   64  939.00000   10.00000  98.9%     -    0s
H    0     0                     902.0000000   10.00000  98.9%     -    0s
     0     0  155.80769    0   93  902.00000  155.80769  82.7%     -    0s
H    0     0                     817.0000000  155.80769  80.9%     -    0s
     0     0  156.61538    0   93  817.00000  156.61538  80.8%     -    0s
     0     0  195.45865    0  106  817.00000  195.45865  76.1%     -    0s
     0     0  200.45676    0  104  817.00000  200.45676  75.5%     -    0s
     0     0  201.95900    0  107  817.00000  201.95900  75.3%     -    0s
     0     0  202.45062    0  107  817.00000  202.45062  75.2%     -    0s
     0     0  202.73567    0  107  817.00000  202.73567  75.2%     -    0s
     0     0  202.86400    0  107  817.00000  202.86400  75.2%     -    0s
     0     0  202.88868    0  108  817.00000  202.88868  75.2%     -    0s
     0     0  211.04494    0  110  817.00000  211.04494  74.2%     -    0s
     0     0  212.95129    0  110  817.00000  212.95129  73.9%     -    0s
     0     0  213.00928    0  110  817.00000  213.00928  73.9%     -    0s
     0     0  215.95455    0  108  817.00000  215.95455  73.6%     -    0s
H    0     0                     767.0000000  215.95455  71.8%     -    0s
     0     0  216.66667    0  110  767.00000  216.66667  71.8%     -    0s
     0     0  216.84167    0  110  767.00000  216.84167  71.7%     -    0s
     0     0  216.84167    0  110  767.00000  216.84167  71.7%     -    0s
     0     0  216.84167    0  109  767.00000  216.84167  71.7%     -    0s
     0     2  220.27778    0  108  767.00000  220.27778  71.3%     -    0s

Cutting planes:
  MIR: 7
  Zero half: 27
  RLT: 18
  BQP: 14

Explored 35 nodes (1730 simplex iterations) in 0.11 seconds (0.13 work units)
Thread count was 1 (of 12 available processors)

Solution count 6: 767 817 902 ... 3352

Optimal solution found (tolerance 1.00e-04)
Best objective 7.670000000000e+02, best bound 7.670000000000e+02, gap 0.0000%
767.0
