Set parameter Username
Academic license - for non-commercial use only - expires 2025-08-28
Set parameter Threads to value 1
Set parameter Method to value 4
Gurobi Optimizer version 11.0.0 build v11.0.0rc2 (mac64[arm] - Darwin 23.5.0 23F79)

CPU model: Apple M3 Pro
Thread count: 12 physical cores, 12 logical processors, using up to 1 threads

Optimize a model with 736 rows, 177 columns and 2162 nonzeros
Model fingerprint: 0x098b6a9f
Variable types: 117 continuous, 60 integer (60 binary)
Coefficient statistics:
  Matrix range     [1e+00, 1e+00]
  Objective range  [1e+01, 3e+02]
  Bounds range     [1e+00, 1e+00]
  RHS range        [1e+00, 2e+00]
Found heuristic solution: objective 3335.0000000
Presolve removed 116 rows and 32 columns
Presolve time: 0.00s
Presolved: 620 rows, 145 columns, 1791 nonzeros
Variable types: 0 continuous, 145 integer (145 binary)

Root relaxation: objective 0.000000e+00, 82 iterations, 0.00 seconds (0.00 work units)

    Nodes    |    Current Node    |     Objective Bounds      |     Work
 Expl Unexpl |  Obj  Depth IntInf | Incumbent    BestBd   Gap | It/Node Time

     0     0    0.00000    0   53 3335.00000    0.00000   100%     -    0s
H    0     0                    2194.0000000    0.00000   100%     -    0s
H    0     0                    1049.0000000    0.00000   100%     -    0s
     0     0   16.66667    0   70 1049.00000   16.66667  98.4%     -    0s
H    0     0                    1023.0000000   16.66667  98.4%     -    0s
     0     0  146.44767    0   96 1023.00000  146.44767  85.7%     -    0s
     0     0  149.25357    0   97 1023.00000  149.25357  85.4%     -    0s
     0     0  149.88914    0   97 1023.00000  149.88914  85.3%     -    0s
     0     0  150.09676    0   97 1023.00000  150.09676  85.3%     -    0s
     0     0  150.16319    0   97 1023.00000  150.16319  85.3%     -    0s
     0     0  150.16756    0   97 1023.00000  150.16756  85.3%     -    0s
     0     0  199.25926    0   97 1023.00000  199.25926  80.5%     -    0s
     0     0  204.01724    0  108 1023.00000  204.01724  80.1%     -    0s
     0     0  204.60294    0  107 1023.00000  204.60294  80.0%     -    0s
     0     0  204.67742    0  109 1023.00000  204.67742  80.0%     -    0s
     0     0  204.70000    0  107 1023.00000  204.70000  80.0%     -    0s
     0     0  233.13043    0  103 1023.00000  233.13043  77.2%     -    0s
     0     0  239.36957    0  120 1023.00000  239.36957  76.6%     -    0s
     0     0  240.06083    0  119 1023.00000  240.06083  76.5%     -    0s
     0     0  240.23354    0  120 1023.00000  240.23354  76.5%     -    0s
     0     0  245.73232    0  120 1023.00000  245.73232  76.0%     -    0s
     0     0  249.07516    0  123 1023.00000  249.07516  75.7%     -    0s
     0     0  250.19975    0  121 1023.00000  250.19975  75.5%     -    0s
     0     0  250.19975    0  121 1023.00000  250.19975  75.5%     -    0s
     0     0  266.35714    0  117 1023.00000  266.35714  74.0%     -    0s
H    0     0                     983.0000000  266.35714  72.9%     -    0s
H    0     0                     920.0000000  266.35714  71.0%     -    0s
     0     0  267.11644    0  119  920.00000  267.11644  71.0%     -    0s
     0     0  267.16071    0  118  920.00000  267.16071  71.0%     -    0s
     0     0  268.31579    0  118  920.00000  268.31579  70.8%     -    0s
H    0     0                     905.0000000  268.31579  70.4%     -    0s
     0     0  269.16033    0  119  905.00000  269.16033  70.3%     -    0s
     0     0  269.20308    0  119  905.00000  269.20308  70.3%     -    0s
     0     0  278.25301    0  115  905.00000  278.25301  69.3%     -    0s
     0     0  281.07788    0  118  905.00000  281.07788  68.9%     -    0s
     0     0  281.88494    0  115  905.00000  281.88494  68.9%     -    0s
     0     0  281.94473    0  115  905.00000  281.94473  68.8%     -    0s
     0     0  284.74138    0  117  905.00000  284.74138  68.5%     -    0s
H    0     0                     886.0000000  284.74138  67.9%     -    0s
     0     0  285.75185    0  120  886.00000  285.75185  67.7%     -    0s
     0     0  285.75347    0  120  886.00000  285.75347  67.7%     -    0s
     0     0  287.87950    0  118  886.00000  287.87950  67.5%     -    0s
     0     0  288.18575    0  120  886.00000  288.18575  67.5%     -    0s
     0     0  288.42642    0  120  886.00000  288.42642  67.4%     -    0s
     0     0  288.51831    0  120  886.00000  288.51831  67.4%     -    0s
     0     0  288.55917    0  120  886.00000  288.55917  67.4%     -    0s
     0     0  288.55917    0  119  886.00000  288.55917  67.4%     -    0s
     0     2  289.70020    0  118  886.00000  289.70020  67.3%     -    0s
*   40     5               7     823.0000000  617.00000  25.0%  35.8    0s

Cutting planes:
  MIR: 13
  Zero half: 73
  RLT: 23
  BQP: 14

Explored 61 nodes (2836 simplex iterations) in 0.17 seconds (0.19 work units)
Thread count was 1 (of 12 available processors)

Solution count 9: 823 886 905 ... 3335

Optimal solution found (tolerance 1.00e-04)
Best objective 8.230000000000e+02, best bound 8.230000000000e+02, gap 0.0000%
823.0
