Set parameter Username
Academic license - for non-commercial use only - expires 2025-08-28
Set parameter Threads to value 1
Set parameter Method to value 4
Gurobi Optimizer version 11.0.0 build v11.0.0rc2 (mac64[arm] - Darwin 23.5.0 23F79)

CPU model: Apple M3 Pro
Thread count: 12 physical cores, 12 logical processors, using up to 1 threads

Optimize a model with 679 rows, 165 columns and 1995 nonzeros
Model fingerprint: 0x3e91539a
Variable types: 108 continuous, 57 integer (57 binary)
Coefficient statistics:
  Matrix range     [1e+00, 1e+00]
  Objective range  [1e+01, 3e+02]
  Bounds range     [1e+00, 1e+00]
  RHS range        [1e+00, 2e+00]
Found heuristic solution: objective 2877.0000000
Presolve removed 108 rows and 30 columns
Presolve time: 0.00s
Presolved: 571 rows, 135 columns, 1650 nonzeros
Variable types: 0 continuous, 135 integer (135 binary)

Root relaxation: objective 0.000000e+00, 63 iterations, 0.00 seconds (0.00 work units)

    Nodes    |    Current Node    |     Objective Bounds      |     Work
 Expl Unexpl |  Obj  Depth IntInf | Incumbent    BestBd   Gap | It/Node Time

     0     0    0.00000    0   47 2877.00000    0.00000   100%     -    0s
H    0     0                    2712.0000000    0.00000   100%     -    0s
H    0     0                     814.0000000    0.00000   100%     -    0s
     0     0   15.33333    0   64  814.00000   15.33333  98.1%     -    0s
H    0     0                     775.0000000   15.33333  98.0%     -    0s
H    0     0                     723.0000000   15.33333  97.9%     -    0s
     0     0  123.28248    0   88  723.00000  123.28248  82.9%     -    0s
     0     0  127.90278    0   88  723.00000  127.90278  82.3%     -    0s
     0     0  128.71429    0   85  723.00000  128.71429  82.2%     -    0s
     0     0  128.79762    0   90  723.00000  128.79762  82.2%     -    0s
     0     0  128.82143    0   87  723.00000  128.82143  82.2%     -    0s
     0     0  160.78788    0   87  723.00000  160.78788  77.8%     -    0s
H    0     0                     716.0000000  160.78788  77.5%     -    0s
     0     0  170.14706    0   92  716.00000  170.14706  76.2%     -    0s
     0     0  170.75926    0   89  716.00000  170.75926  76.2%     -    0s
     0     0  170.85714    0   91  716.00000  170.85714  76.1%     -    0s
     0     0  197.57471    0   93  716.00000  197.57471  72.4%     -    0s
H    0     0                     615.0000000  197.57471  67.9%     -    0s
     0     0  198.42857    0   89  615.00000  198.42857  67.7%     -    0s
     0     0  198.50000    0   92  615.00000  198.50000  67.7%     -    0s
     0     0  209.20000    0   93  615.00000  209.20000  66.0%     -    0s
     0     0  212.80000    0   93  615.00000  212.80000  65.4%     -    0s
     0     0  213.73773    0  100  615.00000  213.73773  65.2%     -    0s
     0     0  215.99044    0  101  615.00000  215.99044  64.9%     -    0s
     0     0  216.16203    0  100  615.00000  216.16203  64.9%     -    0s
     0     0  217.97715    0  101  615.00000  217.97715  64.6%     -    0s
     0     0  218.35909    0  102  615.00000  218.35909  64.5%     -    0s
     0     0  221.02963    0   99  615.00000  221.02963  64.1%     -    0s
     0     0  221.17500    0   99  615.00000  221.17500  64.0%     -    0s
     0     0  221.18684    0  100  615.00000  221.18684  64.0%     -    0s
     0     0  221.23760    0  100  615.00000  221.23760  64.0%     -    0s
     0     0  236.02778    0  102  615.00000  236.02778  61.6%     -    0s
     0     0  237.71221    0  100  615.00000  237.71221  61.3%     -    0s
     0     0  237.97797    0  102  615.00000  237.97797  61.3%     -    0s
     0     0  238.07474    0  101  615.00000  238.07474  61.3%     -    0s
     0     0  238.08974    0  101  615.00000  238.08974  61.3%     -    0s
     0     0  238.33871    0  101  615.00000  238.33871  61.2%     -    0s
     0     0  238.49155    0   99  615.00000  238.49155  61.2%     -    0s
     0     0  238.49155    0  102  615.00000  238.49155  61.2%     -    0s
     0     0  243.43636    0   99  615.00000  243.43636  60.4%     -    0s
     0     0  243.86051    0   97  615.00000  243.86051  60.3%     -    0s
     0     0  243.99616    0  100  615.00000  243.99616  60.3%     -    0s
     0     0  244.03472    0   93  615.00000  244.03472  60.3%     -    0s
     0     0  244.03728    0  100  615.00000  244.03728  60.3%     -    0s
     0     0  244.06645    0  101  615.00000  244.06645  60.3%     -    0s
     0     0  244.95216    0  100  615.00000  244.95216  60.2%     -    0s
     0     0  245.11455    0  102  615.00000  245.11455  60.1%     -    0s
     0     0  245.27444    0  103  615.00000  245.27444  60.1%     -    0s
     0     0  245.46483    0  104  615.00000  245.46483  60.1%     -    0s
     0     0  245.46483    0  100  615.00000  245.46483  60.1%     -    0s
     0     2  246.10481    0  100  615.00000  246.10481  60.0%     -    0s

Cutting planes:
  MIR: 8
  StrongCG: 1
  Zero half: 36
  RLT: 19
  BQP: 9

Explored 23 nodes (1476 simplex iterations) in 0.13 seconds (0.16 work units)
Thread count was 1 (of 12 available processors)

Solution count 7: 615 716 723 ... 2877

Optimal solution found (tolerance 1.00e-04)
Best objective 6.150000000000e+02, best bound 6.150000000000e+02, gap 0.0000%
615.0
