Set parameter Username
Academic license - for non-commercial use only - expires 2025-08-28
Set parameter Threads to value 1
Set parameter Method to value 4
Gurobi Optimizer version 11.0.0 build v11.0.0rc2 (mac64[arm] - Darwin 23.5.0 23F79)

CPU model: Apple M3 Pro
Thread count: 12 physical cores, 12 logical processors, using up to 1 threads

Optimize a model with 794 rows, 189 columns and 2330 nonzeros
Model fingerprint: 0x7191dbf7
Variable types: 126 continuous, 63 integer (63 binary)
Coefficient statistics:
  Matrix range     [1e+00, 1e+00]
  Objective range  [1e+01, 3e+02]
  Bounds range     [1e+00, 1e+00]
  RHS range        [1e+00, 2e+00]
Presolve removed 128 rows and 35 columns
Presolve time: 0.00s
Presolved: 666 rows, 154 columns, 1920 nonzeros
Variable types: 0 continuous, 154 integer (154 binary)
Found heuristic solution: objective 2205.0000000
Found heuristic solution: objective 1574.0000000
Found heuristic solution: objective 1559.0000000

Root relaxation: objective 0.000000e+00, 75 iterations, 0.00 seconds (0.00 work units)

    Nodes    |    Current Node    |     Objective Bounds      |     Work
 Expl Unexpl |  Obj  Depth IntInf | Incumbent    BestBd   Gap | It/Node Time

     0     0    0.00000    0   45 1559.00000    0.00000   100%     -    0s
H    0     0                    1097.0000000    0.00000   100%     -    0s
H    0     0                    1053.0000000    0.00000   100%     -    0s
     0     0    0.00000    0   67 1053.00000    0.00000   100%     -    0s
H    0     0                     917.0000000    0.00000   100%     -    0s
     0     0  136.13854    0   96  917.00000  136.13854  85.2%     -    0s
     0     0  141.83333    0   93  917.00000  141.83333  84.5%     -    0s
     0     0  143.55128    0   92  917.00000  143.55128  84.3%     -    0s
     0     0  144.28571    0   93  917.00000  144.28571  84.3%     -    0s
     0     0  197.37059    0  106  917.00000  197.37059  78.5%     -    0s
     0     0  199.80886    0  108  917.00000  199.80886  78.2%     -    0s
     0     0  200.12929    0  108  917.00000  200.12929  78.2%     -    0s
     0     0  200.13765    0  108  917.00000  200.13765  78.2%     -    0s
     0     0  209.89342    0  109  917.00000  209.89342  77.1%     -    0s
     0     0  210.66765    0  111  917.00000  210.66765  77.0%     -    0s
     0     0  210.91707    0  113  917.00000  210.91707  77.0%     -    0s
     0     0  211.30477    0  113  917.00000  211.30477  77.0%     -    0s
     0     0  211.36522    0  113  917.00000  211.36522  77.0%     -    0s
     0     0  214.67342    0  112  917.00000  214.67342  76.6%     -    0s
     0     0  215.78804    0  112  917.00000  215.78804  76.5%     -    0s
     0     0  216.81934    0  115  917.00000  216.81934  76.4%     -    0s
     0     0  216.98750    0  109  917.00000  216.98750  76.3%     -    0s
     0     0  216.98917    0  115  917.00000  216.98917  76.3%     -    0s
     0     0  218.13333    0  115  917.00000  218.13333  76.2%     -    0s
     0     0  218.66154    0  118  917.00000  218.66154  76.2%     -    0s
     0     0  218.94465    0  118  917.00000  218.94465  76.1%     -    0s
     0     0  218.95238    0  118  917.00000  218.95238  76.1%     -    0s
     0     0  222.28227    0  115  917.00000  222.28227  75.8%     -    0s
     0     0  224.96825    0  109  917.00000  224.96825  75.5%     -    0s
     0     0  225.18182    0  111  917.00000  225.18182  75.4%     -    0s
     0     0  225.32792    0  113  917.00000  225.32792  75.4%     -    0s
     0     0  225.47222    0  112  917.00000  225.47222  75.4%     -    0s
     0     0  225.58333    0  111  917.00000  225.58333  75.4%     -    0s
     0     0  225.58333    0  113  917.00000  225.58333  75.4%     -    0s
     0     0  228.61111    0  114  917.00000  228.61111  75.1%     -    0s
     0     0  229.11667    0  113  917.00000  229.11667  75.0%     -    0s
     0     0  229.14103    0  113  917.00000  229.14103  75.0%     -    0s
     0     0  229.22222    0  112  917.00000  229.22222  75.0%     -    0s
     0     0  229.27083    0  113  917.00000  229.27083  75.0%     -    0s
     0     0  229.29167    0  114  917.00000  229.29167  75.0%     -    0s
     0     0  229.29167    0  114  917.00000  229.29167  75.0%     -    0s
H    0     0                     905.0000000  229.29167  74.7%     -    0s
     0     2  233.49603    0  113  905.00000  233.49603  74.2%     -    0s
*   28     7               7     853.0000000  410.00000  51.9%  33.1    0s

Cutting planes:
  MIR: 15
  Zero half: 20
  RLT: 25
  BQP: 23

Explored 51 nodes (2417 simplex iterations) in 0.15 seconds (0.17 work units)
Thread count was 1 (of 12 available processors)

Solution count 8: 853 905 917 ... 2205

Optimal solution found (tolerance 1.00e-04)
Best objective 8.530000000000e+02, best bound 8.530000000000e+02, gap 0.0000%
853.0
