Set parameter Username
Academic license - for non-commercial use only - expires 2025-08-28
Set parameter Threads to value 1
Set parameter Method to value 4
Gurobi Optimizer version 11.0.0 build v11.0.0rc2 (mac64[arm] - Darwin 23.5.0 23F79)

CPU model: Apple M3 Pro
Thread count: 12 physical cores, 12 logical processors, using up to 1 threads

Optimize a model with 679 rows, 165 columns and 1995 nonzeros
Model fingerprint: 0x8669559f
Variable types: 108 continuous, 57 integer (57 binary)
Coefficient statistics:
  Matrix range     [1e+00, 1e+00]
  Objective range  [1e+01, 3e+02]
  Bounds range     [1e+00, 1e+00]
  RHS range        [1e+00, 2e+00]
Found heuristic solution: objective 1789.0000000
Presolve removed 108 rows and 30 columns
Presolve time: 0.00s
Presolved: 571 rows, 135 columns, 1650 nonzeros
Variable types: 0 continuous, 135 integer (135 binary)

Root relaxation: objective 0.000000e+00, 89 iterations, 0.00 seconds (0.00 work units)

    Nodes    |    Current Node    |     Objective Bounds      |     Work
 Expl Unexpl |  Obj  Depth IntInf | Incumbent    BestBd   Gap | It/Node Time

     0     0    0.00000    0   51 1789.00000    0.00000   100%     -    0s
H    0     0                    1485.0000000    0.00000   100%     -    0s
H    0     0                    1048.0000000    0.00000   100%     -    0s
H    0     0                     900.0000000    0.00000   100%     -    0s
     0     0    7.66667    0   61  900.00000    7.66667  99.1%     -    0s
H    0     0                     831.0000000    7.66667  99.1%     -    0s
     0     0   95.00000    0   51  831.00000   95.00000  88.6%     -    0s
     0     0   95.00000    0   51  831.00000   95.00000  88.6%     -    0s
     0     0  131.79920    0   96  831.00000  131.79920  84.1%     -    0s
     0     0  135.94866    0   94  831.00000  135.94866  83.6%     -    0s
     0     0  137.13278    0   91  831.00000  137.13278  83.5%     -    0s
     0     0  137.72727    0   93  831.00000  137.72727  83.4%     -    0s
     0     0  137.82131    0   93  831.00000  137.82131  83.4%     -    0s
     0     0  137.86389    0   94  831.00000  137.86389  83.4%     -    0s
     0     0  137.87025    0   94  831.00000  137.87025  83.4%     -    0s
     0     0  160.19728    0   99  831.00000  160.19728  80.7%     -    0s
     0     0  165.17200    0  104  831.00000  165.17200  80.1%     -    0s
     0     0  166.15497    0  103  831.00000  166.15497  80.0%     -    0s
     0     0  167.04891    0  102  831.00000  167.04891  79.9%     -    0s
     0     0  167.13241    0  101  831.00000  167.13241  79.9%     -    0s
     0     0  167.14972    0  100  831.00000  167.14972  79.9%     -    0s
     0     0  171.69258    0   99  831.00000  171.69258  79.3%     -    0s
     0     0  172.62233    0  102  831.00000  172.62233  79.2%     -    0s
     0     0  173.02042    0  103  831.00000  173.02042  79.2%     -    0s
     0     0  173.05333    0   92  831.00000  173.05333  79.2%     -    0s
     0     0  184.15070    0  102  831.00000  184.15070  77.8%     -    0s
     0     0  185.05333    0   92  831.00000  185.05333  77.7%     -    0s
     0     0  185.05333    0   92  831.00000  185.05333  77.7%     -    0s
H    0     0                     795.0000000  185.05333  76.7%     -    0s
     0     2  185.23936    0   92  795.00000  185.23936  76.7%     -    0s
*   24     7               8     787.0000000  314.00000  60.1%  44.2    0s
*   59     6               7     717.0000000  563.00000  21.5%  32.5    0s

Cutting planes:
  MIR: 7
  Zero half: 26
  Mod-K: 1
  RLT: 23
  BQP: 14

Explored 70 nodes (2975 simplex iterations) in 0.12 seconds (0.15 work units)
Thread count was 1 (of 12 available processors)

Solution count 8: 717 787 795 ... 1789

Optimal solution found (tolerance 1.00e-04)
Best objective 7.170000000000e+02, best bound 7.170000000000e+02, gap 0.0000%
717.0
