Set parameter Username
Academic license - for non-commercial use only - expires 2025-08-28
Set parameter Threads to value 1
Set parameter Method to value 4
Gurobi Optimizer version 11.0.0 build v11.0.0rc2 (mac64[arm] - Darwin 23.5.0 23F79)

CPU model: Apple M3 Pro
Thread count: 12 physical cores, 12 logical processors, using up to 1 threads

Optimize a model with 736 rows, 177 columns and 2162 nonzeros
Model fingerprint: 0x9cf1624c
Variable types: 117 continuous, 60 integer (60 binary)
Coefficient statistics:
  Matrix range     [1e+00, 1e+00]
  Objective range  [1e+01, 3e+02]
  Bounds range     [1e+00, 1e+00]
  RHS range        [1e+00, 2e+00]
Found heuristic solution: objective 3348.0000000
Presolve removed 116 rows and 32 columns
Presolve time: 0.00s
Presolved: 620 rows, 145 columns, 1791 nonzeros
Variable types: 0 continuous, 145 integer (145 binary)

Root relaxation: objective 0.000000e+00, 82 iterations, 0.00 seconds (0.00 work units)

    Nodes    |    Current Node    |     Objective Bounds      |     Work
 Expl Unexpl |  Obj  Depth IntInf | Incumbent    BestBd   Gap | It/Node Time

     0     0    0.00000    0   53 3348.00000    0.00000   100%     -    0s
H    0     0                    2205.0000000    0.00000   100%     -    0s
H    0     0                    1050.0000000    0.00000   100%     -    0s
     0     0   16.66667    0   70 1050.00000   16.66667  98.4%     -    0s
H    0     0                    1026.0000000   16.66667  98.4%     -    0s
     0     0  150.91197    0   99 1026.00000  150.91197  85.3%     -    0s
     0     0  153.10797    0   98 1026.00000  153.10797  85.1%     -    0s
     0     0  153.32297    0  102 1026.00000  153.32297  85.1%     -    0s
     0     0  153.41213    0  101 1026.00000  153.41213  85.0%     -    0s
     0     0  153.43336    0  100 1026.00000  153.43336  85.0%     -    0s
     0     0  215.06667    0   99 1026.00000  215.06667  79.0%     -    0s
     0     0  218.41192    0  112 1026.00000  218.41192  78.7%     -    0s
     0     0  219.77158    0  111 1026.00000  219.77158  78.6%     -    0s
     0     0  220.43798    0  110 1026.00000  220.43798  78.5%     -    0s
     0     0  220.53424    0  114 1026.00000  220.53424  78.5%     -    0s
     0     0  220.59903    0  113 1026.00000  220.59903  78.5%     -    0s
     0     0  220.65083    0  113 1026.00000  220.65083  78.5%     -    0s
     0     0  244.23840    0  117 1026.00000  244.23840  76.2%     -    0s
     0     0  250.49384    0  116 1026.00000  250.49384  75.6%     -    0s
     0     0  251.92206    0  116 1026.00000  251.92206  75.4%     -    0s
     0     0  253.09340    0  116 1026.00000  253.09340  75.3%     -    0s
     0     0  253.40876    0  115 1026.00000  253.40876  75.3%     -    0s
     0     0  253.70819    0  116 1026.00000  253.70819  75.3%     -    0s
     0     0  253.96959    0  116 1026.00000  253.96959  75.2%     -    0s
     0     0  253.97049    0  116 1026.00000  253.97049  75.2%     -    0s
     0     0  260.53452    0  114 1026.00000  260.53452  74.6%     -    0s
     0     0  262.93841    0  114 1026.00000  262.93841  74.4%     -    0s
     0     0  263.53537    0  117 1026.00000  263.53537  74.3%     -    0s
     0     0  263.55526    0  118 1026.00000  263.55526  74.3%     -    0s
     0     0  276.69972    0  109 1026.00000  276.69972  73.0%     -    0s
H    0     0                     872.0000000  276.69972  68.3%     -    0s
     0     0  277.37302    0  116  872.00000  277.37302  68.2%     -    0s
     0     0  277.52734    0  113  872.00000  277.52734  68.2%     -    0s
     0     0  277.60294    0  117  872.00000  277.60294  68.2%     -    0s
     0     0  278.09615    0  113  872.00000  278.09615  68.1%     -    0s
     0     0  278.09615    0  113  872.00000  278.09615  68.1%     -    0s
     0     0  280.42292    0  116  872.00000  280.42292  67.8%     -    0s
H    0     0                     832.0000000  280.42292  66.3%     -    0s
     0     0  281.48754    0  118  832.00000  281.48754  66.2%     -    0s
     0     0  281.69171    0  118  832.00000  281.69171  66.1%     -    0s
     0     0  281.69658    0  118  832.00000  281.69658  66.1%     -    0s
     0     0  282.37299    0  115  832.00000  282.37299  66.1%     -    0s
     0     0  285.51920    0  115  832.00000  285.51920  65.7%     -    0s
     0     0  285.98744    0  115  832.00000  285.98744  65.6%     -    0s
     0     0  286.27755    0  119  832.00000  286.27755  65.6%     -    0s
     0     0  286.30252    0  119  832.00000  286.30252  65.6%     -    0s
     0     0  286.39667    0  116  832.00000  286.39667  65.6%     -    0s
     0     0  286.45820    0  118  832.00000  286.45820  65.6%     -    0s
     0     0  286.50466    0  119  832.00000  286.50466  65.6%     -    0s
     0     0  286.50466    0  115  832.00000  286.50466  65.6%     -    0s
     0     2  287.43978    0  114  832.00000  287.43978  65.5%     -    0s
*   19     9               7     828.0000000  413.79167  50.0%  38.7    0s

Cutting planes:
  MIR: 16
  Zero half: 39
  RLT: 24
  BQP: 12

Explored 50 nodes (2699 simplex iterations) in 0.13 seconds (0.19 work units)
Thread count was 1 (of 12 available processors)

Solution count 7: 828 832 872 ... 3348

Optimal solution found (tolerance 1.00e-04)
Best objective 8.280000000000e+02, best bound 8.280000000000e+02, gap 0.0000%
828.0
