Set parameter Username
Academic license - for non-commercial use only - expires 2025-08-28
Set parameter Threads to value 1
Set parameter Method to value 4
Gurobi Optimizer version 11.0.0 build v11.0.0rc2 (mac64[arm] - Darwin 23.5.0 23F79)

CPU model: Apple M3 Pro
Thread count: 12 physical cores, 12 logical processors, using up to 1 threads

Optimize a model with 679 rows, 165 columns and 1995 nonzeros
Model fingerprint: 0x0208db0b
Variable types: 108 continuous, 57 integer (57 binary)
Coefficient statistics:
  Matrix range     [1e+00, 1e+00]
  Objective range  [1e+01, 3e+02]
  Bounds range     [1e+00, 1e+00]
  RHS range        [1e+00, 2e+00]
Found heuristic solution: objective 2875.0000000
Presolve removed 108 rows and 30 columns
Presolve time: 0.00s
Presolved: 571 rows, 135 columns, 1650 nonzeros
Variable types: 0 continuous, 135 integer (135 binary)

Root relaxation: objective 0.000000e+00, 63 iterations, 0.00 seconds (0.00 work units)

    Nodes    |    Current Node    |     Objective Bounds      |     Work
 Expl Unexpl |  Obj  Depth IntInf | Incumbent    BestBd   Gap | It/Node Time

     0     0    0.00000    0   47 2875.00000    0.00000   100%     -    0s
H    0     0                    2707.0000000    0.00000   100%     -    0s
H    0     0                     814.0000000    0.00000   100%     -    0s
     0     0   15.33333    0   64  814.00000   15.33333  98.1%     -    0s
     0     0  123.39080    0   85  814.00000  123.39080  84.8%     -    0s
     0     0  126.85714    0   85  814.00000  126.85714  84.4%     -    0s
     0     0  127.78146    0   84  814.00000  127.78146  84.3%     -    0s
     0     0  128.14286    0   84  814.00000  128.14286  84.3%     -    0s
     0     0  128.21250    0   88  814.00000  128.21250  84.2%     -    0s
     0     0  164.36667    0   88  814.00000  164.36667  79.8%     -    0s
     0     0  171.04762    0   90  814.00000  171.04762  79.0%     -    0s
     0     0  171.53977    0   92  814.00000  171.53977  78.9%     -    0s
     0     0  171.90476    0   92  814.00000  171.90476  78.9%     -    0s
     0     0  193.00000    0   75  814.00000  193.00000  76.3%     -    0s
H    0     0                     759.0000000  193.00000  74.6%     -    0s
     0     0  194.40000    0   86  759.00000  194.40000  74.4%     -    0s
     0     0  194.87500    0   77  759.00000  194.87500  74.3%     -    0s
     0     0  195.13636    0   87  759.00000  195.13636  74.3%     -    0s
     0     0  206.11881    0   94  759.00000  206.11881  72.8%     -    0s
H    0     0                     663.0000000  206.11881  68.9%     -    0s
H    0     0                     611.0000000  206.11881  66.3%     -    0s
     0     0  210.53704    0   92  611.00000  210.53704  65.5%     -    0s
     0     0  210.87500    0   91  611.00000  210.87500  65.5%     -    0s
     0     0  210.87500    0   91  611.00000  210.87500  65.5%     -    0s
     0     0  213.61481    0   95  611.00000  213.61481  65.0%     -    0s
     0     0  214.24667    0   98  611.00000  214.24667  64.9%     -    0s
     0     0  214.28621    0  100  611.00000  214.28621  64.9%     -    0s
     0     0  215.45755    0   97  611.00000  215.45755  64.7%     -    0s
     0     0  215.63583    0   97  611.00000  215.63583  64.7%     -    0s
     0     0  215.67241    0   95  611.00000  215.67241  64.7%     -    0s
     0     0  217.75616    0  100  611.00000  217.75616  64.4%     -    0s
     0     0  218.07719    0  100  611.00000  218.07719  64.3%     -    0s
     0     0  218.31579    0  101  611.00000  218.31579  64.3%     -    0s
     0     0  218.54964    0   99  611.00000  218.54964  64.2%     -    0s
     0     0  218.57175    0  101  611.00000  218.57175  64.2%     -    0s
     0     0  234.14583    0   95  611.00000  234.14583  61.7%     -    0s
     0     0  235.79237    0  100  611.00000  235.79237  61.4%     -    0s
     0     0  237.45820    0  102  611.00000  237.45820  61.1%     -    0s
     0     0  237.61547    0  102  611.00000  237.61547  61.1%     -    0s
     0     0  237.76985    0  102  611.00000  237.76985  61.1%     -    0s
     0     0  240.87560    0  101  611.00000  240.87560  60.6%     -    0s
     0     0  241.25987    0  102  611.00000  241.25987  60.5%     -    0s
     0     0  241.42797    0  102  611.00000  241.42797  60.5%     -    0s
     0     0  241.42941    0  102  611.00000  241.42941  60.5%     -    0s
     0     0  241.81328    0  103  611.00000  241.81328  60.4%     -    0s
     0     0  242.05085    0  102  611.00000  242.05085  60.4%     -    0s
     0     0  242.05085    0  102  611.00000  242.05085  60.4%     -    0s
     0     0  247.58889    0   99  611.00000  247.58889  59.5%     -    0s
     0     0  248.11364    0   98  611.00000  248.11364  59.4%     -    0s
     0     0  248.13261    0  101  611.00000  248.13261  59.4%     -    0s
     0     0  248.92593    0  101  611.00000  248.92593  59.3%     -    0s
     0     0  249.04317    0  103  611.00000  249.04317  59.2%     -    0s
     0     0  249.04317    0  103  611.00000  249.04317  59.2%     -    0s
     0     0  249.04317    0  102  611.00000  249.04317  59.2%     -    0s
     0     2  249.04317    0   99  611.00000  249.04317  59.2%     -    0s

Cutting planes:
  MIR: 8
  Zero half: 39
  RLT: 21
  BQP: 13

Explored 22 nodes (1690 simplex iterations) in 0.16 seconds (0.16 work units)
Thread count was 1 (of 12 available processors)

Solution count 6: 611 663 759 ... 2875

Optimal solution found (tolerance 1.00e-04)
Best objective 6.110000000000e+02, best bound 6.110000000000e+02, gap 0.0000%
611.0
