Set parameter Username
Academic license - for non-commercial use only - expires 2025-08-28
Set parameter Threads to value 1
Set parameter Method to value 4
Gurobi Optimizer version 11.0.0 build v11.0.0rc2 (mac64[arm] - Darwin 23.5.0 23F79)

CPU model: Apple M3 Pro
Thread count: 12 physical cores, 12 logical processors, using up to 1 threads

Optimize a model with 679 rows, 165 columns and 1995 nonzeros
Model fingerprint: 0x98e42ddf
Variable types: 108 continuous, 57 integer (57 binary)
Coefficient statistics:
  Matrix range     [1e+00, 1e+00]
  Objective range  [1e+01, 3e+02]
  Bounds range     [1e+00, 1e+00]
  RHS range        [1e+00, 2e+00]
Found heuristic solution: objective 1817.0000000
Presolve removed 108 rows and 30 columns
Presolve time: 0.00s
Presolved: 571 rows, 135 columns, 1650 nonzeros
Variable types: 0 continuous, 135 integer (135 binary)

Root relaxation: objective 0.000000e+00, 89 iterations, 0.00 seconds (0.00 work units)

    Nodes    |    Current Node    |     Objective Bounds      |     Work
 Expl Unexpl |  Obj  Depth IntInf | Incumbent    BestBd   Gap | It/Node Time

     0     0    0.00000    0   51 1817.00000    0.00000   100%     -    0s
H    0     0                    1528.0000000    0.00000   100%     -    0s
H    0     0                    1077.0000000    0.00000   100%     -    0s
H    0     0                     929.0000000    0.00000   100%     -    0s
     0     0    8.00000    0   61  929.00000    8.00000  99.1%     -    0s
H    0     0                     917.0000000    8.00000  99.1%     -    0s
H    0     0                     878.0000000    8.00000  99.1%     -    0s
     0     0   97.50000    0   54  878.00000   97.50000  88.9%     -    0s
H    0     0                     796.0000000   97.50000  87.8%     -    0s
     0     0  109.30488    0   88  796.00000  109.30488  86.3%     -    0s
     0     0  109.75000    0   51  796.00000  109.75000  86.2%     -    0s
     0     0  109.75000    0   52  796.00000  109.75000  86.2%     -    0s
     0     0  153.24117    0   96  796.00000  153.24117  80.7%     -    0s
     0     0  155.92998    0  101  796.00000  155.92998  80.4%     -    0s
     0     0  156.84906    0   99  796.00000  156.84906  80.3%     -    0s
     0     0  157.25288    0  101  796.00000  157.25288  80.2%     -    0s
     0     0  157.50560    0  100  796.00000  157.50560  80.2%     -    0s
     0     0  157.52208    0  101  796.00000  157.52208  80.2%     -    0s
     0     0  179.47763    0  106  796.00000  179.47763  77.5%     -    0s
     0     0  180.55672    0  101  796.00000  180.55672  77.3%     -    0s
     0     0  180.56912    0  102  796.00000  180.56912  77.3%     -    0s
     0     0  180.72049    0  102  796.00000  180.72049  77.3%     -    0s
     0     0  180.85106    0   97  796.00000  180.85106  77.3%     -    0s
     0     0  180.85106    0   98  796.00000  180.85106  77.3%     -    0s
     0     0  180.85106    0  100  796.00000  180.85106  77.3%     -    0s
     0     0  183.52917    0  103  796.00000  183.52917  76.9%     -    0s
     0     0  183.55747    0  105  796.00000  183.55747  76.9%     -    0s
     0     0  183.61702    0  100  796.00000  183.61702  76.9%     -    0s
     0     0  183.61702    0  100  796.00000  183.61702  76.9%     -    0s
     0     0  183.61702    0   99  796.00000  183.61702  76.9%     -    0s
H    0     0                     753.0000000  183.61702  75.6%     -    0s
     0     2  185.83333    0   96  753.00000  185.83333  75.3%     -    0s

Cutting planes:
  MIR: 13
  Flow cover: 1
  Zero half: 33
  RLT: 20
  BQP: 14

Explored 52 nodes (2516 simplex iterations) in 0.12 seconds (0.15 work units)
Thread count was 1 (of 12 available processors)

Solution count 8: 753 796 878 ... 1817

Optimal solution found (tolerance 1.00e-04)
Best objective 7.530000000000e+02, best bound 7.530000000000e+02, gap 0.0000%
753.0
