Set parameter Username
Academic license - for non-commercial use only - expires 2025-08-28
Set parameter Threads to value 1
Set parameter Method to value 4
Gurobi Optimizer version 11.0.0 build v11.0.0rc2 (mac64[arm] - Darwin 23.5.0 23F79)

CPU model: Apple M3 Pro
Thread count: 12 physical cores, 12 logical processors, using up to 1 threads

Optimize a model with 736 rows, 177 columns and 2162 nonzeros
Model fingerprint: 0xe84529d7
Variable types: 117 continuous, 60 integer (60 binary)
Coefficient statistics:
  Matrix range     [1e+00, 1e+00]
  Objective range  [1e+01, 3e+02]
  Bounds range     [1e+00, 1e+00]
  RHS range        [1e+00, 2e+00]
Found heuristic solution: objective 3365.0000000
Presolve removed 116 rows and 32 columns
Presolve time: 0.00s
Presolved: 620 rows, 145 columns, 1791 nonzeros
Variable types: 0 continuous, 145 integer (145 binary)

Root relaxation: objective 0.000000e+00, 82 iterations, 0.00 seconds (0.00 work units)

    Nodes    |    Current Node    |     Objective Bounds      |     Work
 Expl Unexpl |  Obj  Depth IntInf | Incumbent    BestBd   Gap | It/Node Time

     0     0    0.00000    0   53 3365.00000    0.00000   100%     -    0s
H    0     0                    2206.0000000    0.00000   100%     -    0s
H    0     0                    1073.0000000    0.00000   100%     -    0s
     0     0   16.66667    0   70 1073.00000   16.66667  98.4%     -    0s
H    0     0                    1049.0000000   16.66667  98.4%     -    0s
     0     0  151.99979    0   97 1049.00000  151.99979  85.5%     -    0s
     0     0  154.66526    0   96 1049.00000  154.66526  85.3%     -    0s
     0     0  155.22864    0   99 1049.00000  155.22864  85.2%     -    0s
     0     0  155.30382    0  100 1049.00000  155.30382  85.2%     -    0s
     0     0  207.46425    0   97 1049.00000  207.46425  80.2%     -    0s
     0     0  212.47727    0  104 1049.00000  212.47727  79.7%     -    0s
     0     0  212.92500    0  102 1049.00000  212.92500  79.7%     -    0s
     0     0  213.14063    0  103 1049.00000  213.14063  79.7%     -    0s
     0     0  213.14063    0  105 1049.00000  213.14063  79.7%     -    0s
     0     0  228.92500    0  110 1049.00000  228.92500  78.2%     -    0s
     0     0  232.46360    0  104 1049.00000  232.46360  77.8%     -    0s
     0     0  236.34934    0  110 1049.00000  236.34934  77.5%     -    0s
     0     0  237.38014    0  109 1049.00000  237.38014  77.4%     -    0s
     0     0  237.89225    0  110 1049.00000  237.89225  77.3%     -    0s
     0     0  238.16271    0  114 1049.00000  238.16271  77.3%     -    0s
     0     0  238.29055    0  113 1049.00000  238.29055  77.3%     -    0s
     0     0  238.31548    0  114 1049.00000  238.31548  77.3%     -    0s
     0     0  245.14477    0  113 1049.00000  245.14477  76.6%     -    0s
H    0     0                     839.0000000  245.14477  70.8%     -    0s
     0     0  247.17063    0  114  839.00000  247.17063  70.5%     -    0s
     0     0  247.57653    0  114  839.00000  247.57653  70.5%     -    0s
     0     0  247.83715    0  114  839.00000  247.83715  70.5%     -    0s
     0     0  247.90376    0  114  839.00000  247.90376  70.5%     -    0s
     0     0  248.41612    0  117  839.00000  248.41612  70.4%     -    0s
     0     0  248.41638    0  117  839.00000  248.41638  70.4%     -    0s
     0     0  254.65077    0  115  839.00000  254.65077  69.6%     -    0s
     0     0  256.25100    0  112  839.00000  256.25100  69.5%     -    0s
     0     0  257.17211    0  115  839.00000  257.17211  69.3%     -    0s
     0     0  257.41399    0  116  839.00000  257.41399  69.3%     -    0s
     0     0  257.57571    0  112  839.00000  257.57571  69.3%     -    0s
     0     0  257.59642    0  114  839.00000  257.59642  69.3%     -    0s
     0     0  269.24965    0  113  839.00000  269.24965  67.9%     -    0s
     0     0  269.27228    0  113  839.00000  269.27228  67.9%     -    0s
     0     0  271.60714    0  113  839.00000  271.60714  67.6%     -    0s
     0     0  272.20014    0  113  839.00000  272.20014  67.6%     -    0s
     0     0  272.99741    0  113  839.00000  272.99741  67.5%     -    0s
     0     0  273.12805    0  113  839.00000  273.12805  67.4%     -    0s
     0     0  273.14385    0  114  839.00000  273.14385  67.4%     -    0s
     0     0  275.61076    0  114  839.00000  275.61076  67.2%     -    0s
     0     0  276.62675    0  118  839.00000  276.62675  67.0%     -    0s
     0     0  276.91827    0  117  839.00000  276.91827  67.0%     -    0s
     0     0  276.91877    0  117  839.00000  276.91877  67.0%     -    0s
     0     0  276.98077    0  117  839.00000  276.98077  67.0%     -    0s
     0     0  276.98077    0  117  839.00000  276.98077  67.0%     -    0s
     0     0  276.98077    0  113  839.00000  276.98077  67.0%     -    0s
     0     2  277.58654    0  113  839.00000  277.58654  66.9%     -    0s

Cutting planes:
  MIR: 9
  Zero half: 48
  RLT: 26
  BQP: 12

Explored 52 nodes (2535 simplex iterations) in 0.13 seconds (0.19 work units)
Thread count was 1 (of 12 available processors)

Solution count 5: 839 1049 1073 ... 3365

Optimal solution found (tolerance 1.00e-04)
Best objective 8.390000000000e+02, best bound 8.390000000000e+02, gap 0.0000%
839.0
