Set parameter Username
Academic license - for non-commercial use only - expires 2025-08-28
Set parameter Threads to value 1
Set parameter Method to value 4
Gurobi Optimizer version 11.0.0 build v11.0.0rc2 (mac64[arm] - Darwin 23.5.0 23F79)

CPU model: Apple M3 Pro
Thread count: 12 physical cores, 12 logical processors, using up to 1 threads

Optimize a model with 736 rows, 177 columns and 2162 nonzeros
Model fingerprint: 0xc6f1faf0
Variable types: 117 continuous, 60 integer (60 binary)
Coefficient statistics:
  Matrix range     [1e+00, 1e+00]
  Objective range  [1e+01, 3e+02]
  Bounds range     [1e+00, 1e+00]
  RHS range        [1e+00, 2e+00]
Found heuristic solution: objective 3360.0000000
Presolve removed 116 rows and 32 columns
Presolve time: 0.00s
Presolved: 620 rows, 145 columns, 1791 nonzeros
Variable types: 0 continuous, 145 integer (145 binary)

Root relaxation: objective 0.000000e+00, 82 iterations, 0.00 seconds (0.00 work units)

    Nodes    |    Current Node    |     Objective Bounds      |     Work
 Expl Unexpl |  Obj  Depth IntInf | Incumbent    BestBd   Gap | It/Node Time

     0     0    0.00000    0   53 3360.00000    0.00000   100%     -    0s
H    0     0                    2218.0000000    0.00000   100%     -    0s
H    0     0                    1068.0000000    0.00000   100%     -    0s
     0     0   17.00000    0   70 1068.00000   17.00000  98.4%     -    0s
H    0     0                    1042.0000000   17.00000  98.4%     -    0s
     0     0  151.69118    0   97 1042.00000  151.69118  85.4%     -    0s
     0     0  155.05357    0   96 1042.00000  155.05357  85.1%     -    0s
     0     0  155.57323    0   99 1042.00000  155.57323  85.1%     -    0s
     0     0  155.59234    0   99 1042.00000  155.59234  85.1%     -    0s
     0     0  207.66667    0  101 1042.00000  207.66667  80.1%     -    0s
     0     0  222.17989    0  111 1042.00000  222.17989  78.7%     -    0s
     0     0  222.76259    0  111 1042.00000  222.76259  78.6%     -    0s
     0     0  222.98438    0  107 1042.00000  222.98438  78.6%     -    0s
     0     0  223.05426    0  111 1042.00000  223.05426  78.6%     -    0s
     0     0  256.83499    0  120 1042.00000  256.83499  75.4%     -    0s
H    0     0                     912.0000000  256.83499  71.8%     -    0s
     0     0  259.18845    0  118  912.00000  259.18845  71.6%     -    0s
     0     0  260.16842    0  121  912.00000  260.16842  71.5%     -    0s
     0     0  260.41222    0  119  912.00000  260.41222  71.4%     -    0s
     0     0  260.44469    0  118  912.00000  260.44469  71.4%     -    0s
     0     0  265.16396    0  121  912.00000  265.16396  70.9%     -    0s
     0     0  266.74351    0  122  912.00000  266.74351  70.8%     -    0s
     0     0  267.01177    0  122  912.00000  267.01177  70.7%     -    0s
     0     0  279.21845    0  119  912.00000  279.21845  69.4%     -    0s
     0     0  281.07364    0  121  912.00000  281.07364  69.2%     -    0s
     0     0  281.13400    0  122  912.00000  281.13400  69.2%     -    0s
     0     0  286.29657    0  118  912.00000  286.29657  68.6%     -    0s
     0     0  289.34266    0  120  912.00000  289.34266  68.3%     -    0s
     0     0  289.50000    0  119  912.00000  289.50000  68.3%     -    0s
     0     0  289.63122    0  120  912.00000  289.63122  68.2%     -    0s
     0     0  289.65918    0  120  912.00000  289.65918  68.2%     -    0s
     0     0  289.98925    0  122  912.00000  289.98925  68.2%     -    0s
     0     0  290.26045    0  124  912.00000  290.26045  68.2%     -    0s
     0     0  290.72739    0  120  912.00000  290.72739  68.1%     -    0s
     0     0  290.73925    0  124  912.00000  290.73925  68.1%     -    0s
     0     0  290.76159    0  124  912.00000  290.76159  68.1%     -    0s
     0     0  290.76159    0  123  912.00000  290.76159  68.1%     -    0s
H    0     0                     840.0000000  290.76159  65.4%     -    0s
     0     2  291.40413    0  121  840.00000  291.40413  65.3%     -    0s

Cutting planes:
  MIR: 9
  Zero half: 52
  RLT: 22
  BQP: 14

Explored 50 nodes (2414 simplex iterations) in 0.15 seconds (0.17 work units)
Thread count was 1 (of 12 available processors)

Solution count 6: 840 912 1042 ... 3360

Optimal solution found (tolerance 1.00e-04)
Best objective 8.400000000000e+02, best bound 8.400000000000e+02, gap 0.0000%
840.0
