Set parameter Username
Academic license - for non-commercial use only - expires 2025-08-28
Set parameter Threads to value 1
Set parameter Method to value 4
Gurobi Optimizer version 11.0.0 build v11.0.0rc2 (mac64[arm] - Darwin 23.5.0 23F79)

CPU model: Apple M3 Pro
Thread count: 12 physical cores, 12 logical processors, using up to 1 threads

Optimize a model with 679 rows, 165 columns and 1995 nonzeros
Model fingerprint: 0x758c1d16
Variable types: 108 continuous, 57 integer (57 binary)
Coefficient statistics:
  Matrix range     [1e+00, 1e+00]
  Objective range  [1e+01, 3e+02]
  Bounds range     [1e+00, 1e+00]
  RHS range        [1e+00, 2e+00]
Found heuristic solution: objective 1793.0000000
Presolve removed 108 rows and 30 columns
Presolve time: 0.00s
Presolved: 571 rows, 135 columns, 1650 nonzeros
Variable types: 0 continuous, 135 integer (135 binary)

Root relaxation: objective 0.000000e+00, 89 iterations, 0.00 seconds (0.00 work units)

    Nodes    |    Current Node    |     Objective Bounds      |     Work
 Expl Unexpl |  Obj  Depth IntInf | Incumbent    BestBd   Gap | It/Node Time

     0     0    0.00000    0   51 1793.00000    0.00000   100%     -    0s
H    0     0                    1532.0000000    0.00000   100%     -    0s
H    0     0                    1061.0000000    0.00000   100%     -    0s
H    0     0                     913.0000000    0.00000   100%     -    0s
     0     0    7.66667    0   60  913.00000    7.66667  99.2%     -    0s
     0     0  104.46667    0   84  913.00000  104.46667  88.6%     -    0s
     0     0  106.26087    0   94  913.00000  106.26087  88.4%     -    0s
     0     0  106.26087    0   93  913.00000  106.26087  88.4%     -    0s
     0     0  165.09444    0  103  913.00000  165.09444  81.9%     -    0s
     0     0  171.92325    0  105  913.00000  171.92325  81.2%     -    0s
     0     0  172.85055    0  103  913.00000  172.85055  81.1%     -    0s
     0     0  172.87945    0  103  913.00000  172.87945  81.1%     -    0s
     0     0  185.19711    0  106  913.00000  185.19711  79.7%     -    0s
     0     0  187.31315    0  108  913.00000  187.31315  79.5%     -    0s
     0     0  187.98888    0  106  913.00000  187.98888  79.4%     -    0s
     0     0  188.01900    0  107  913.00000  188.01900  79.4%     -    0s
     0     0  188.42315    0  107  913.00000  188.42315  79.4%     -    0s
H    0     0                     880.0000000  188.42315  78.6%     -    0s
H    0     0                     865.0000000  188.42315  78.2%     -    0s
     0     0  188.42566    0  107  865.00000  188.42566  78.2%     -    0s
     0     0  188.43296    0  107  865.00000  188.43296  78.2%     -    0s
     0     0  188.43296    0  107  865.00000  188.43296  78.2%     -    0s
H    0     0                     826.0000000  188.43296  77.2%     -    0s
     0     2  189.03704    0  104  826.00000  189.03704  77.1%     -    0s
*   20    14               8     793.0000000  206.75000  73.9%  47.1    0s
*   76     6               7     761.0000000  675.00000  11.3%  32.1    0s

Cutting planes:
  MIR: 9
  Zero half: 26
  RLT: 24
  BQP: 13

Explored 85 nodes (3330 simplex iterations) in 0.13 seconds (0.15 work units)
Thread count was 1 (of 12 available processors)

Solution count 9: 761 793 826 ... 1793

Optimal solution found (tolerance 1.00e-04)
Best objective 7.610000000000e+02, best bound 7.610000000000e+02, gap 0.0000%
761.0
