Set parameter Username
Academic license - for non-commercial use only - expires 2025-08-28
Set parameter Threads to value 1
Set parameter Method to value 4
Gurobi Optimizer version 11.0.0 build v11.0.0rc2 (mac64[arm] - Darwin 23.5.0 23F79)

CPU model: Apple M3 Pro
Thread count: 12 physical cores, 12 logical processors, using up to 1 threads

Optimize a model with 679 rows, 165 columns and 1995 nonzeros
Model fingerprint: 0x4aa7ea37
Variable types: 108 continuous, 57 integer (57 binary)
Coefficient statistics:
  Matrix range     [1e+00, 1e+00]
  Objective range  [1e+01, 3e+02]
  Bounds range     [1e+00, 1e+00]
  RHS range        [1e+00, 2e+00]
Found heuristic solution: objective 2878.0000000
Presolve removed 108 rows and 30 columns
Presolve time: 0.00s
Presolved: 571 rows, 135 columns, 1650 nonzeros
Variable types: 0 continuous, 135 integer (135 binary)

Root relaxation: objective 0.000000e+00, 63 iterations, 0.00 seconds (0.00 work units)

    Nodes    |    Current Node    |     Objective Bounds      |     Work
 Expl Unexpl |  Obj  Depth IntInf | Incumbent    BestBd   Gap | It/Node Time

     0     0    0.00000    0   47 2878.00000    0.00000   100%     -    0s
H    0     0                    2712.0000000    0.00000   100%     -    0s
H    0     0                     810.0000000    0.00000   100%     -    0s
     0     0   15.98964    0   74  810.00000   15.98964  98.0%     -    0s
H    0     0                     656.0000000   15.98964  97.6%     -    0s
H    0     0                     616.0000000   15.98964  97.4%     -    0s
     0     0  107.50000    0   43  616.00000  107.50000  82.5%     -    0s
     0     0  115.90487    0   86  616.00000  115.90487  81.2%     -    0s
     0     0  117.18529    0   86  616.00000  117.18529  81.0%     -    0s
     0     0  117.19108    0   86  616.00000  117.19108  81.0%     -    0s
     0     0  172.88889    0   85  616.00000  172.88889  71.9%     -    0s
     0     0  174.53571    0   94  616.00000  174.53571  71.7%     -    0s
     0     0  174.75000    0   82  616.00000  174.75000  71.6%     -    0s
     0     0  175.77949    0   95  616.00000  175.77949  71.5%     -    0s
     0     0  197.57609    0   92  616.00000  197.57609  67.9%     -    0s
     0     0  198.04545    0   94  616.00000  198.04545  67.8%     -    0s
     0     0  198.48077    0   92  616.00000  198.48077  67.8%     -    0s
     0     0  198.48077    0   93  616.00000  198.48077  67.8%     -    0s
     0     0  202.47444    0   95  616.00000  202.47444  67.1%     -    0s
     0     0  203.18182    0   96  616.00000  203.18182  67.0%     -    0s
     0     0  203.25556    0   96  616.00000  203.25556  67.0%     -    0s
     0     0  203.40000    0   95  616.00000  203.40000  67.0%     -    0s
     0     0  203.42683    0   96  616.00000  203.42683  67.0%     -    0s
     0     0  204.58333    0   93  616.00000  204.58333  66.8%     -    0s
     0     0  204.90278    0   94  616.00000  204.90278  66.7%     -    0s
     0     0  204.94444    0   94  616.00000  204.94444  66.7%     -    0s
     0     0  205.23485    0   96  616.00000  205.23485  66.7%     -    0s
     0     0  205.30670    0   97  616.00000  205.30670  66.7%     -    0s
     0     0  205.33730    0   95  616.00000  205.33730  66.7%     -    0s
     0     0  205.33730    0   97  616.00000  205.33730  66.7%     -    0s
     0     0  205.33730    0   97  616.00000  205.33730  66.7%     -    0s
     0     0  205.33730    0   97  616.00000  205.33730  66.7%     -    0s
     0     2  205.54365    0   94  616.00000  205.54365  66.6%     -    0s

Cutting planes:
  MIR: 8
  Zero half: 28
  RLT: 17
  BQP: 9

Explored 22 nodes (1234 simplex iterations) in 0.09 seconds (0.10 work units)
Thread count was 1 (of 12 available processors)

Solution count 5: 616 656 810 ... 2878

Optimal solution found (tolerance 1.00e-04)
Best objective 6.160000000000e+02, best bound 6.160000000000e+02, gap 0.0000%
616.0
