Set parameter Username
Academic license - for non-commercial use only - expires 2025-08-28
Set parameter Threads to value 1
Set parameter Method to value 4
Gurobi Optimizer version 11.0.0 build v11.0.0rc2 (mac64[arm] - Darwin 23.5.0 23F79)

CPU model: Apple M3 Pro
Thread count: 12 physical cores, 12 logical processors, using up to 1 threads

Optimize a model with 679 rows, 165 columns and 1995 nonzeros
Model fingerprint: 0x8110c3aa
Variable types: 108 continuous, 57 integer (57 binary)
Coefficient statistics:
  Matrix range     [1e+00, 1e+00]
  Objective range  [1e+01, 3e+02]
  Bounds range     [1e+00, 1e+00]
  RHS range        [1e+00, 2e+00]
Found heuristic solution: objective 1795.0000000
Presolve removed 108 rows and 30 columns
Presolve time: 0.00s
Presolved: 571 rows, 135 columns, 1650 nonzeros
Variable types: 0 continuous, 135 integer (135 binary)

Root relaxation: objective 0.000000e+00, 89 iterations, 0.00 seconds (0.00 work units)

    Nodes    |    Current Node    |     Objective Bounds      |     Work
 Expl Unexpl |  Obj  Depth IntInf | Incumbent    BestBd   Gap | It/Node Time

     0     0    0.00000    0   51 1795.00000    0.00000   100%     -    0s
H    0     0                    1516.0000000    0.00000   100%     -    0s
H    0     0                    1057.0000000    0.00000   100%     -    0s
H    0     0                     909.0000000    0.00000   100%     -    0s
     0     0    7.66667    0   60  909.00000    7.66667  99.2%     -    0s
     0     0  104.49474    0   92  909.00000  104.49474  88.5%     -    0s
H    0     0                     904.0000000  104.49474  88.4%     -    0s
H    0     0                     893.0000000  104.49474  88.3%     -    0s
     0     0  105.41379    0   91  893.00000  105.41379  88.2%     -    0s
     0     0  105.41379    0   91  893.00000  105.41379  88.2%     -    0s
     0     0  165.61115    0  101  893.00000  165.61115  81.5%     -    0s
H    0     0                     892.0000000  165.61115  81.4%     -    0s
H    0     0                     844.0000000  165.61115  80.4%     -    0s
     0     0  168.26326    0  102  844.00000  168.26326  80.1%     -    0s
     0     0  169.10541    0  103  844.00000  169.10541  80.0%     -    0s
     0     0  169.16667    0  102  844.00000  169.16667  80.0%     -    0s
     0     0  169.16783    0  102  844.00000  169.16783  80.0%     -    0s
     0     0  177.37177    0  102  844.00000  177.37177  79.0%     -    0s
     0     0  183.35642    0  106  844.00000  183.35642  78.3%     -    0s
     0     0  184.40330    0  104  844.00000  184.40330  78.2%     -    0s
     0     0  185.20781    0  106  844.00000  185.20781  78.1%     -    0s
     0     0  185.56169    0  106  844.00000  185.56169  78.0%     -    0s
     0     0  185.77299    0  106  844.00000  185.77299  78.0%     -    0s
     0     0  185.90495    0  106  844.00000  185.90495  78.0%     -    0s
     0     0  186.44196    0  107  844.00000  186.44196  77.9%     -    0s
     0     0  186.51223    0  106  844.00000  186.51223  77.9%     -    0s
     0     0  186.66625    0  106  844.00000  186.66625  77.9%     -    0s
     0     0  186.66667    0  106  844.00000  186.66667  77.9%     -    0s
     0     0  186.78024    0  106  844.00000  186.78024  77.9%     -    0s
     0     0  186.80614    0  106  844.00000  186.80614  77.9%     -    0s
     0     0  186.91667    0  105  844.00000  186.91667  77.9%     -    0s
     0     0  186.91667    0  107  844.00000  186.91667  77.9%     -    0s
     0     0  186.91667    0  105  844.00000  186.91667  77.9%     -    0s
     0     2  188.66667    0  104  844.00000  188.66667  77.6%     -    0s
*   19    14              11     834.0000000  325.33333  61.0%  46.3    0s
*   37    15               8     822.0000000  327.37037  60.2%  35.0    0s
H   57    14                     818.0000000  530.50000  35.1%  29.2    0s
*   82     8               8     800.0000000  620.00000  22.5%  28.0    0s
*   83     7               8     748.0000000  620.00000  17.1%  27.7    0s

Cutting planes:
  MIR: 9
  Zero half: 41
  RLT: 31
  BQP: 12

Explored 93 nodes (3298 simplex iterations) in 0.13 seconds (0.16 work units)
Thread count was 1 (of 12 available processors)

Solution count 10: 748 800 818 ... 909

Optimal solution found (tolerance 1.00e-04)
Best objective 7.480000000000e+02, best bound 7.480000000000e+02, gap 0.0000%
748.0
