Set parameter Username
Academic license - for non-commercial use only - expires 2025-08-28
Set parameter Threads to value 1
Set parameter Method to value 4
Gurobi Optimizer version 11.0.0 build v11.0.0rc2 (mac64[arm] - Darwin 23.5.0 23F79)

CPU model: Apple M3 Pro
Thread count: 12 physical cores, 12 logical processors, using up to 1 threads

Optimize a model with 736 rows, 177 columns and 2162 nonzeros
Model fingerprint: 0x8d9f4525
Variable types: 117 continuous, 60 integer (60 binary)
Coefficient statistics:
  Matrix range     [1e+00, 1e+00]
  Objective range  [1e+01, 3e+02]
  Bounds range     [1e+00, 1e+00]
  RHS range        [1e+00, 2e+00]
Found heuristic solution: objective 3377.0000000
Presolve removed 116 rows and 32 columns
Presolve time: 0.00s
Presolved: 620 rows, 145 columns, 1791 nonzeros
Variable types: 0 continuous, 145 integer (145 binary)

Root relaxation: objective 0.000000e+00, 82 iterations, 0.00 seconds (0.00 work units)

    Nodes    |    Current Node    |     Objective Bounds      |     Work
 Expl Unexpl |  Obj  Depth IntInf | Incumbent    BestBd   Gap | It/Node Time

     0     0    0.00000    0   53 3377.00000    0.00000   100%     -    0s
H    0     0                    2212.0000000    0.00000   100%     -    0s
H    0     0                    1083.0000000    0.00000   100%     -    0s
     0     0   16.66667    0   70 1083.00000   16.66667  98.5%     -    0s
H    0     0                    1059.0000000   16.66667  98.4%     -    0s
     0     0  151.63415    0   99 1059.00000  151.63415  85.7%     -    0s
H    0     0                    1024.0000000  151.63415  85.2%     -    0s
     0     0  154.82456    0   97 1024.00000  154.82456  84.9%     -    0s
     0     0  155.44097    0  100 1024.00000  155.44097  84.8%     -    0s
     0     0  155.72785    0  100 1024.00000  155.72785  84.8%     -    0s
     0     0  155.73638    0  100 1024.00000  155.73638  84.8%     -    0s
     0     0  209.00000    0  100 1024.00000  209.00000  79.6%     -    0s
H    0     0                    1018.0000000  209.00000  79.5%     -    0s
H    0     0                     985.0000000  209.00000  78.8%     -    0s
     0     0  211.80700    0  106  985.00000  211.80700  78.5%     -    0s
     0     0  211.99039    0  104  985.00000  211.99039  78.5%     -    0s
     0     0  212.16846    0  106  985.00000  212.16846  78.5%     -    0s
     0     0  212.52653    0  106  985.00000  212.52653  78.4%     -    0s
     0     0  212.58730    0  108  985.00000  212.58730  78.4%     -    0s
     0     0  231.54337    0  108  985.00000  231.54337  76.5%     -    0s
     0     0  234.59038    0  111  985.00000  234.59038  76.2%     -    0s
     0     0  236.11368    0  107  985.00000  236.11368  76.0%     -    0s
     0     0  236.43056    0  107  985.00000  236.43056  76.0%     -    0s
     0     0  236.68162    0  107  985.00000  236.68162  76.0%     -    0s
     0     0  236.71822    0  107  985.00000  236.71822  76.0%     -    0s
     0     0  238.68220    0  109  985.00000  238.68220  75.8%     -    0s
H    0     0                     949.0000000  238.68220  74.8%     -    0s
     0     0  239.30985    0  107  949.00000  239.30985  74.8%     -    0s
     0     0  239.38513    0  108  949.00000  239.38513  74.8%     -    0s
     0     0  239.47797    0  110  949.00000  239.47797  74.8%     -    0s
     0     0  239.57108    0  108  949.00000  239.57108  74.8%     -    0s
     0     0  239.58430    0  108  949.00000  239.58430  74.8%     -    0s
     0     0  253.59008    0  109  949.00000  253.59008  73.3%     -    0s
     0     0  255.33629    0  109  949.00000  255.33629  73.1%     -    0s
     0     0  256.14149    0  109  949.00000  256.14149  73.0%     -    0s
     0     0  256.42525    0  109  949.00000  256.42525  73.0%     -    0s
     0     0  258.85018    0  109  949.00000  258.85018  72.7%     -    0s
     0     0  260.40909    0  107  949.00000  260.40909  72.6%     -    0s
     0     0  260.72500    0  111  949.00000  260.72500  72.5%     -    0s
     0     0  260.78723    0  111  949.00000  260.78723  72.5%     -    0s
     0     0  271.76111    0  109  949.00000  271.76111  71.4%     -    0s
H    0     0                     911.0000000  271.76111  70.2%     -    0s
H    0     0                     851.0000000  271.76111  68.1%     -    0s
     0     0  273.11806    0  109  851.00000  273.11806  67.9%     -    0s
     0     0  273.20833    0  109  851.00000  273.20833  67.9%     -    0s
     0     0  273.20833    0  109  851.00000  273.20833  67.9%     -    0s
     0     2  273.97917    0  106  851.00000  273.97917  67.8%     -    0s
H   28     2                     845.0000000  421.12500  50.2%  35.0    0s

Cutting planes:
  MIR: 9
  Zero half: 40
  RLT: 31
  BQP: 16

Explored 48 nodes (2385 simplex iterations) in 0.14 seconds (0.17 work units)
Thread count was 1 (of 12 available processors)

Solution count 10: 845 851 911 ... 2212

Optimal solution found (tolerance 1.00e-04)
Best objective 8.450000000000e+02, best bound 8.450000000000e+02, gap 0.0000%
845.0
