Set parameter Username
Academic license - for non-commercial use only - expires 2025-08-28
Set parameter Threads to value 1
Set parameter Method to value 4
Gurobi Optimizer version 11.0.0 build v11.0.0rc2 (mac64[arm] - Darwin 23.5.0 23F79)

CPU model: Apple M3 Pro
Thread count: 12 physical cores, 12 logical processors, using up to 1 threads

Optimize a model with 1118 rows, 224 columns and 3314 nonzeros
Model fingerprint: 0xd7d85b23
Variable types: 140 continuous, 84 integer (84 binary)
Coefficient statistics:
  Matrix range     [1e+00, 1e+00]
  Objective range  [1e+01, 3e+02]
  Bounds range     [1e+00, 1e+00]
  RHS range        [1e+00, 2e+00]
Presolve removed 178 rows and 40 columns
Presolve time: 0.00s
Presolved: 940 rows, 184 columns, 2728 nonzeros
Variable types: 0 continuous, 184 integer (184 binary)
Found heuristic solution: objective 2374.0000000
Found heuristic solution: objective 1366.0000000
Found heuristic solution: objective 1050.0000000

Root relaxation: objective 0.000000e+00, 88 iterations, 0.00 seconds (0.00 work units)

    Nodes    |    Current Node    |     Objective Bounds      |     Work
 Expl Unexpl |  Obj  Depth IntInf | Incumbent    BestBd   Gap | It/Node Time

     0     0    0.00000    0   42 1050.00000    0.00000   100%     -    0s
H    0     0                    1039.0000000    0.00000   100%     -    0s
     0     0    0.00000    0   69 1039.00000    0.00000   100%     -    0s
H    0     0                     932.0000000    0.00000   100%     -    0s
     0     0    0.00000    0   56  932.00000    0.00000   100%     -    0s
     0     0    0.00000    0   67  932.00000    0.00000   100%     -    0s
     0     0   15.40785    0   87  932.00000   15.40785  98.3%     -    0s
     0     0   25.56954    0   93  932.00000   25.56954  97.3%     -    0s
     0     0   27.77778    0   91  932.00000   27.77778  97.0%     -    0s
     0     0   28.33333    0   75  932.00000   28.33333  97.0%     -    0s
     0     0   28.66667    0   89  932.00000   28.66667  96.9%     -    0s
     0     0   44.60156    0   98  932.00000   44.60156  95.2%     -    0s
     0     0   51.09087    0  103  932.00000   51.09087  94.5%     -    0s
     0     0   53.15190    0  103  932.00000   53.15190  94.3%     -    0s
     0     0   53.41388    0  101  932.00000   53.41388  94.3%     -    0s
     0     0   53.61153    0  103  932.00000   53.61153  94.2%     -    0s
     0     0   53.61348    0  103  932.00000   53.61348  94.2%     -    0s
     0     0   57.58120    0  102  932.00000   57.58120  93.8%     -    0s
H    0     0                     930.0000000   57.58120  93.8%     -    0s
H    0     0                     894.0000000   57.58120  93.6%     -    0s
     0     0   60.70257    0  110  894.00000   60.70257  93.2%     -    0s
     0     0   61.18746    0  110  894.00000   61.18746  93.2%     -    0s
     0     0   61.50820    0  106  894.00000   61.50820  93.1%     -    0s
     0     0   61.53666    0  107  894.00000   61.53666  93.1%     -    0s
     0     0   61.91050    0  105  894.00000   61.91050  93.1%     -    0s
     0     0   61.98148    0   98  894.00000   61.98148  93.1%     -    0s
     0     0   62.07752    0  105  894.00000   62.07752  93.1%     -    0s
     0     0   62.14682    0  112  894.00000   62.14682  93.0%     -    0s
     0     0   62.19852    0  108  894.00000   62.19852  93.0%     -    0s
     0     0   62.27305    0  106  894.00000   62.27305  93.0%     -    0s
     0     0   62.27778    0   88  894.00000   62.27778  93.0%     -    0s
     0     0   63.52823    0  120  894.00000   63.52823  92.9%     -    0s
H    0     0                     861.0000000   63.52823  92.6%     -    0s
     0     0   64.48801    0  116  861.00000   64.48801  92.5%     -    0s
     0     0   64.53026    0  115  861.00000   64.53026  92.5%     -    0s
     0     0   64.53805    0  112  861.00000   64.53805  92.5%     -    0s
     0     0   65.21494    0  117  861.00000   65.21494  92.4%     -    0s
H    0     0                     831.0000000   65.21494  92.2%     -    0s
     0     0   65.81824    0  114  831.00000   65.81824  92.1%     -    0s
     0     0   65.92148    0  116  831.00000   65.92148  92.1%     -    0s
     0     0   66.37500    0  104  831.00000   66.37500  92.0%     -    0s
     0     0   66.37500    0  104  831.00000   66.37500  92.0%     -    0s
     0     0   70.24325    0  122  831.00000   70.24325  91.5%     -    0s
     0     0   70.85093    0  121  831.00000   70.85093  91.5%     -    0s
     0     0   70.87525    0  120  831.00000   70.87525  91.5%     -    0s
     0     0   70.96574    0  120  831.00000   70.96574  91.5%     -    0s
     0     0   70.98802    0  120  831.00000   70.98802  91.5%     -    0s
     0     0   70.98802    0  120  831.00000   70.98802  91.5%     -    0s
     0     0   71.03509    0  120  831.00000   71.03509  91.5%     -    0s
     0     0   71.03509    0  120  831.00000   71.03509  91.5%     -    0s
     0     0   71.03509    0  121  831.00000   71.03509  91.5%     -    0s
     0     0   71.03509    0  122  831.00000   71.03509  91.5%     -    0s
     0     0   71.03509    0  120  831.00000   71.03509  91.5%     -    0s
     0     0   71.03509    0  116  831.00000   71.03509  91.5%     -    0s
     0     2   71.03509    0  116  831.00000   71.03509  91.5%     -    0s
H   27    13                     743.0000000   73.41176  90.1%  75.1    0s
H  108    22                     721.0000000  360.00000  50.1%  45.4    0s
*  127    32              11     668.0000000  365.00000  45.4%  43.7    0s

Cutting planes:
  MIR: 17
  Zero half: 88
  RLT: 33
  BQP: 46

Explored 265 nodes (10517 simplex iterations) in 0.38 seconds (0.51 work units)
Thread count was 1 (of 12 available processors)

Solution count 10: 668 721 743 ... 1050

Optimal solution found (tolerance 1.00e-04)
Best objective 6.680000000000e+02, best bound 6.680000000000e+02, gap 0.0000%
668.0
