Set parameter Username
Academic license - for non-commercial use only - expires 2025-08-28
Set parameter Threads to value 1
Set parameter Method to value 4
Gurobi Optimizer version 11.0.0 build v11.0.0rc2 (mac64[arm] - Darwin 23.5.0 23F79)

CPU model: Apple M3 Pro
Thread count: 12 physical cores, 12 logical processors, using up to 1 threads

Optimize a model with 967 rows, 198 columns and 2869 nonzeros
Model fingerprint: 0x08c14480
Variable types: 122 continuous, 76 integer (76 binary)
Coefficient statistics:
  Matrix range     [1e+00, 1e+00]
  Objective range  [1e+01, 3e+02]
  Bounds range     [1e+00, 1e+00]
  RHS range        [1e+00, 2e+00]
Presolve removed 153 rows and 35 columns
Presolve time: 0.00s
Presolved: 814 rows, 163 columns, 2368 nonzeros
Variable types: 0 continuous, 163 integer (163 binary)
Found heuristic solution: objective 1879.0000000
Found heuristic solution: objective 1067.0000000

Root relaxation: objective 0.000000e+00, 94 iterations, 0.00 seconds (0.00 work units)

    Nodes    |    Current Node    |     Objective Bounds      |     Work
 Expl Unexpl |  Obj  Depth IntInf | Incumbent    BestBd   Gap | It/Node Time

     0     0    0.00000    0   38 1067.00000    0.00000   100%     -    0s
H    0     0                    1043.0000000    0.00000   100%     -    0s
H    0     0                     969.0000000    0.00000   100%     -    0s
     0     0    0.00000    0   60  969.00000    0.00000   100%     -    0s
H    0     0                     888.0000000    0.00000   100%     -    0s
H    0     0                     864.0000000    0.00000   100%     -    0s
H    0     0                     855.0000000    0.00000   100%     -    0s
H    0     0                     638.0000000    0.00000   100%     -    0s
     0     0    0.00000    0   52  638.00000    0.00000   100%     -    0s
     0     0   11.66667    0   66  638.00000   11.66667  98.2%     -    0s
H    0     0                     626.0000000   11.66667  98.1%     -    0s
H    0     0                     602.0000000   11.66667  98.1%     -    0s
     0     0   16.18750    0   71  602.00000   16.18750  97.3%     -    0s
     0     0   16.55556    0   71  602.00000   16.55556  97.2%     -    0s
     0     0   34.37209    0   78  602.00000   34.37209  94.3%     -    0s
H    0     0                     588.0000000   34.37209  94.2%     -    0s
     0     0   38.59494    0   78  588.00000   38.59494  93.4%     -    0s
     0     0   41.98246    0   80  588.00000   41.98246  92.9%     -    0s
     0     0   43.06842    0   79  588.00000   43.06842  92.7%     -    0s
     0     0   43.16667    0   79  588.00000   43.16667  92.7%     -    0s
     0     0   43.22407    0   80  588.00000   43.22407  92.6%     -    0s
     0     0   43.25000    0   81  588.00000   43.25000  92.6%     -    0s
     0     0   43.25000    0   81  588.00000   43.25000  92.6%     -    0s
     0     0   46.91000    0   82  588.00000   46.91000  92.0%     -    0s
     0     0   47.83333    0   71  588.00000   47.83333  91.9%     -    0s
     0     0   47.83333    0   72  588.00000   47.83333  91.9%     -    0s
H    0     0                     570.0000000   47.83333  91.6%     -    0s
     0     0   48.66542    0   90  570.00000   48.66542  91.5%     -    0s
     0     0   49.06977    0   90  570.00000   49.06977  91.4%     -    0s
     0     0   49.80769    0   90  570.00000   49.80769  91.3%     -    0s
     0     0   49.91167    0   90  570.00000   49.91167  91.2%     -    0s
     0     0   50.38889    0   86  570.00000   50.38889  91.2%     -    0s
     0     0   50.38889    0   88  570.00000   50.38889  91.2%     -    0s
     0     0   50.38889    0   88  570.00000   50.38889  91.2%     -    0s
     0     0   50.38889    0   88  570.00000   50.38889  91.2%     -    0s
     0     0   50.38889    0   84  570.00000   50.38889  91.2%     -    0s
     0     0   50.38889    0   82  570.00000   50.38889  91.2%     -    0s
     0     2   50.47222    0   82  570.00000   50.47222  91.1%     -    0s
*   38    13               9     548.0000000  312.80000  42.9%  39.5    0s
*   42    11              10     539.0000000  312.80000  42.0%  36.2    0s
*   59    12               8     525.0000000  314.10000  40.2%  30.8    0s
*   80    11               7     454.0000000  355.33333  21.7%  26.2    0s

Cutting planes:
  MIR: 16
  Zero half: 38
  RLT: 29
  BQP: 17

Explored 104 nodes (3474 simplex iterations) in 0.19 seconds (0.23 work units)
Thread count was 1 (of 12 available processors)

Solution count 10: 454 525 539 ... 855

Optimal solution found (tolerance 1.00e-04)
Best objective 4.540000000000e+02, best bound 4.540000000000e+02, gap 0.0000%
454.0
