Set parameter Username
Academic license - for non-commercial use only - expires 2025-08-28
Set parameter Threads to value 1
Set parameter Method to value 4
Gurobi Optimizer version 11.0.0 build v11.0.0rc2 (mac64[arm] - Darwin 23.5.0 23F79)

CPU model: Apple M3 Pro
Thread count: 12 physical cores, 12 logical processors, using up to 1 threads

Optimize a model with 967 rows, 198 columns and 2869 nonzeros
Model fingerprint: 0x9d01f792
Variable types: 122 continuous, 76 integer (76 binary)
Coefficient statistics:
  Matrix range     [1e+00, 1e+00]
  Objective range  [1e+01, 3e+02]
  Bounds range     [1e+00, 1e+00]
  RHS range        [1e+00, 2e+00]
Presolve removed 153 rows and 35 columns
Presolve time: 0.00s
Presolved: 814 rows, 163 columns, 2368 nonzeros
Variable types: 0 continuous, 163 integer (163 binary)
Found heuristic solution: objective 1890.0000000
Found heuristic solution: objective 1069.0000000

Root relaxation: objective 0.000000e+00, 94 iterations, 0.00 seconds (0.00 work units)

    Nodes    |    Current Node    |     Objective Bounds      |     Work
 Expl Unexpl |  Obj  Depth IntInf | Incumbent    BestBd   Gap | It/Node Time

     0     0    0.00000    0   38 1069.00000    0.00000   100%     -    0s
H    0     0                     921.0000000    0.00000   100%     -    0s
     0     0    0.00000    0   57  921.00000    0.00000   100%     -    0s
H    0     0                     912.0000000    0.00000   100%     -    0s
H    0     0                     801.0000000    0.00000   100%     -    0s
     0     0    0.00000    0   59  801.00000    0.00000   100%     -    0s
H    0     0                     711.0000000    0.00000   100%     -    0s
     0     0    0.00000    0   63  711.00000    0.00000   100%     -    0s
     0     0   15.91639    0   78  711.00000   15.91639  97.8%     -    0s
     0     0   23.18093    0   79  711.00000   23.18093  96.7%     -    0s
     0     0   23.44118    0   78  711.00000   23.44118  96.7%     -    0s
     0     0   23.59434    0   79  711.00000   23.59434  96.7%     -    0s
     0     0   38.26081    0   81  711.00000   38.26081  94.6%     -    0s
H    0     0                     683.0000000   38.26081  94.4%     -    0s
H    0     0                     605.0000000   38.26081  93.7%     -    0s
     0     0   41.57143    0   81  605.00000   41.57143  93.1%     -    0s
     0     0   41.91848    0   82  605.00000   41.91848  93.1%     -    0s
     0     0   42.00000    0   82  605.00000   42.00000  93.1%     -    0s
     0     0   42.00000    0   82  605.00000   42.00000  93.1%     -    0s
     0     0   42.00000    0   67  605.00000   42.00000  93.1%     -    0s
H    0     0                     589.0000000   42.00000  92.9%     -    0s
     0     0   42.00000    0   70  589.00000   42.00000  92.9%     -    0s
     0     0   43.33333    0   76  589.00000   43.33333  92.6%     -    0s
H    0     0                     552.0000000   43.33333  92.1%     -    0s
     0     0   47.33083    0   81  552.00000   47.33083  91.4%     -    0s
     0     0   47.83333    0   77  552.00000   47.83333  91.3%     -    0s
     0     0   47.83333    0   78  552.00000   47.83333  91.3%     -    0s
     0     0   48.33333    0   69  552.00000   48.33333  91.2%     -    0s
     0     0   48.35392    0   83  552.00000   48.35392  91.2%     -    0s
     0     0   49.00000    0   77  552.00000   49.00000  91.1%     -    0s
     0     0   49.00000    0   77  552.00000   49.00000  91.1%     -    0s
     0     0   52.02564    0   91  552.00000   52.02564  90.6%     -    0s
H    0     0                     535.0000000   52.02564  90.3%     -    0s
     0     0   52.23246    0   92  535.00000   52.23246  90.2%     -    0s
     0     0   52.94534    0   93  535.00000   52.94534  90.1%     -    0s
     0     0   53.05556    0   84  535.00000   53.05556  90.1%     -    0s
     0     0   53.28788    0   81  535.00000   53.28788  90.0%     -    0s
     0     0   53.58385    0   89  535.00000   53.58385  90.0%     -    0s
     0     0   53.62201    0   87  535.00000   53.62201  90.0%     -    0s
     0     0   53.62429    0   95  535.00000   53.62429  90.0%     -    0s
     0     0   53.74359    0   86  535.00000   53.74359  90.0%     -    0s
     0     0   54.00000    0   86  535.00000   54.00000  89.9%     -    0s
     0     0   54.00000    0   86  535.00000   54.00000  89.9%     -    0s
     0     0   54.00000    0   86  535.00000   54.00000  89.9%     -    0s
     0     0   54.00000    0   84  535.00000   54.00000  89.9%     -    0s
     0     2   54.14286    0   83  535.00000   54.14286  89.9%     -    0s
H  139     8                     451.0000000  385.03030  14.6%  27.3    0s

Cutting planes:
  Gomory: 1
  MIR: 11
  Zero half: 71
  RLT: 28
  BQP: 35

Explored 155 nodes (5255 simplex iterations) in 0.27 seconds (0.31 work units)
Thread count was 1 (of 12 available processors)

Solution count 10: 451 535 552 ... 921

Optimal solution found (tolerance 1.00e-04)
Best objective 4.510000000000e+02, best bound 4.510000000000e+02, gap 0.0000%
451.0
