Set parameter Username
Academic license - for non-commercial use only - expires 2025-08-28
Set parameter Threads to value 1
Set parameter Method to value 4
Gurobi Optimizer version 11.0.0 build v11.0.0rc2 (mac64[arm] - Darwin 23.5.0 23F79)

CPU model: Apple M3 Pro
Thread count: 12 physical cores, 12 logical processors, using up to 1 threads

Optimize a model with 967 rows, 198 columns and 2869 nonzeros
Model fingerprint: 0x1d4f8908
Variable types: 122 continuous, 76 integer (76 binary)
Coefficient statistics:
  Matrix range     [1e+00, 1e+00]
  Objective range  [1e+01, 3e+02]
  Bounds range     [1e+00, 1e+00]
  RHS range        [1e+00, 2e+00]
Presolve removed 153 rows and 35 columns
Presolve time: 0.00s
Presolved: 814 rows, 163 columns, 2368 nonzeros
Variable types: 0 continuous, 163 integer (163 binary)
Found heuristic solution: objective 1865.0000000
Found heuristic solution: objective 1057.0000000

Root relaxation: objective 0.000000e+00, 94 iterations, 0.00 seconds (0.00 work units)

    Nodes    |    Current Node    |     Objective Bounds      |     Work
 Expl Unexpl |  Obj  Depth IntInf | Incumbent    BestBd   Gap | It/Node Time

     0     0    0.00000    0   38 1057.00000    0.00000   100%     -    0s
H    0     0                    1038.0000000    0.00000   100%     -    0s
H    0     0                    1001.0000000    0.00000   100%     -    0s
     0     0    0.00000    0   72 1001.00000    0.00000   100%     -    0s
H    0     0                     644.0000000    0.00000   100%     -    0s
H    0     0                     568.0000000    0.00000   100%     -    0s
     0     0    3.00000    0   53  568.00000    3.00000  99.5%     -    0s
     0     0   10.61905    0   64  568.00000   10.61905  98.1%     -    0s
     0     0   10.61905    0   64  568.00000   10.61905  98.1%     -    0s
     0     0   30.49231    0   76  568.00000   30.49231  94.6%     -    0s
H    0     0                     535.0000000   30.49231  94.3%     -    0s
     0     0   32.90435    0   78  535.00000   32.90435  93.8%     -    0s
     0     0   32.94595    0   78  535.00000   32.94595  93.8%     -    0s
     0     0   32.95000    0   76  535.00000   32.95000  93.8%     -    0s
     0     0   43.54054    0   82  535.00000   43.54054  91.9%     -    0s
     0     0   45.95721    0   89  535.00000   45.95721  91.4%     -    0s
     0     0   47.06452    0   88  535.00000   47.06452  91.2%     -    0s
     0     0   48.48085    0   84  535.00000   48.48085  90.9%     -    0s
     0     0   49.29283    0   90  535.00000   49.29283  90.8%     -    0s
     0     0   49.43898    0   91  535.00000   49.43898  90.8%     -    0s
     0     0   49.46269    0   92  535.00000   49.46269  90.8%     -    0s
     0     0   49.53846    0   91  535.00000   49.53846  90.7%     -    0s
     0     0   49.53846    0   91  535.00000   49.53846  90.7%     -    0s
     0     0   50.76720    0   94  535.00000   50.76720  90.5%     -    0s
     0     0   50.93333    0   83  535.00000   50.93333  90.5%     -    0s
     0     0   50.97139    0   91  535.00000   50.97139  90.5%     -    0s
     0     0   51.01842    0   91  535.00000   51.01842  90.5%     -    0s
     0     0   51.03175    0   86  535.00000   51.03175  90.5%     -    0s
     0     0   51.03333    0   87  535.00000   51.03333  90.5%     -    0s
     0     0   51.03333    0   85  535.00000   51.03333  90.5%     -    0s
     0     0   51.03333    0   85  535.00000   51.03333  90.5%     -    0s
     0     0   51.03333    0   87  535.00000   51.03333  90.5%     -    0s
     0     0   51.03333    0   82  535.00000   51.03333  90.5%     -    0s
     0     2   51.39863    0   81  535.00000   51.39863  90.4%     -    0s
*   39    10               6     447.0000000  292.20000  34.6%  42.8    0s

Cutting planes:
  MIR: 6
  Zero half: 38
  RLT: 16
  BQP: 16

Explored 81 nodes (3422 simplex iterations) in 0.16 seconds (0.20 work units)
Thread count was 1 (of 12 available processors)

Solution count 8: 447 535 568 ... 1865

Optimal solution found (tolerance 1.00e-04)
Best objective 4.470000000000e+02, best bound 4.470000000000e+02, gap 0.0000%
447.0
