Set parameter Username
Academic license - for non-commercial use only - expires 2025-08-28
Set parameter Threads to value 1
Set parameter Method to value 4
Gurobi Optimizer version 11.0.0 build v11.0.0rc2 (mac64[arm] - Darwin 23.5.0 23F79)

CPU model: Apple M3 Pro
Thread count: 12 physical cores, 12 logical processors, using up to 1 threads

Optimize a model with 1118 rows, 224 columns and 3314 nonzeros
Model fingerprint: 0x5d183f90
Variable types: 140 continuous, 84 integer (84 binary)
Coefficient statistics:
  Matrix range     [1e+00, 1e+00]
  Objective range  [1e+01, 3e+02]
  Bounds range     [1e+00, 1e+00]
  RHS range        [1e+00, 2e+00]
Presolve removed 178 rows and 40 columns
Presolve time: 0.00s
Presolved: 940 rows, 184 columns, 2728 nonzeros
Variable types: 0 continuous, 184 integer (184 binary)
Found heuristic solution: objective 2362.0000000
Found heuristic solution: objective 1352.0000000
Found heuristic solution: objective 1036.0000000

Root relaxation: objective 0.000000e+00, 88 iterations, 0.00 seconds (0.00 work units)

    Nodes    |    Current Node    |     Objective Bounds      |     Work
 Expl Unexpl |  Obj  Depth IntInf | Incumbent    BestBd   Gap | It/Node Time

     0     0    0.00000    0   42 1036.00000    0.00000   100%     -    0s
H    0     0                    1013.0000000    0.00000   100%     -    0s
H    0     0                     999.0000000    0.00000   100%     -    0s
     0     0    0.00000    0   72  999.00000    0.00000   100%     -    0s
H    0     0                     934.0000000    0.00000   100%     -    0s
     0     0    0.00000    0   67  934.00000    0.00000   100%     -    0s
     0     0    1.50000    0   72  934.00000    1.50000   100%     -    0s
     0     0   15.21053    0   76  934.00000   15.21053  98.4%     -    0s
H    0     0                     924.0000000   15.21053  98.4%     -    0s
     0     0   29.27163    0  105  924.00000   29.27163  96.8%     -    0s
     0     0   30.33333    0   74  924.00000   30.33333  96.7%     -    0s
     0     0   32.54852    0  102  924.00000   32.54852  96.5%     -    0s
     0     0   32.90381    0  105  924.00000   32.90381  96.4%     -    0s
     0     0   32.94165    0  106  924.00000   32.94165  96.4%     -    0s
     0     0   50.71058    0  114  924.00000   50.71058  94.5%     -    0s
     0     0   53.37355    0  113  924.00000   53.37355  94.2%     -    0s
     0     0   54.05601    0  119  924.00000   54.05601  94.1%     -    0s
     0     0   54.49128    0  114  924.00000   54.49128  94.1%     -    0s
     0     0   54.65891    0  117  924.00000   54.65891  94.1%     -    0s
     0     0   54.87292    0  118  924.00000   54.87292  94.1%     -    0s
     0     0   54.87542    0  118  924.00000   54.87542  94.1%     -    0s
     0     0   59.63352    0  113  924.00000   59.63352  93.5%     -    0s
H    0     0                     799.0000000   59.63352  92.5%     -    0s
     0     0   60.26835    0  110  799.00000   60.26835  92.5%     -    0s
     0     0   60.29370    0  115  799.00000   60.29370  92.5%     -    0s
     0     0   60.33217    0  121  799.00000   60.33217  92.4%     -    0s
     0     0   60.37931    0  120  799.00000   60.37931  92.4%     -    0s
     0     0   60.40408    0  121  799.00000   60.40408  92.4%     -    0s
     0     0   60.48282    0  119  799.00000   60.48282  92.4%     -    0s
     0     0   60.51032    0  119  799.00000   60.51032  92.4%     -    0s
     0     0   60.51922    0  119  799.00000   60.51922  92.4%     -    0s
     0     0   60.53726    0  119  799.00000   60.53726  92.4%     -    0s
     0     0   60.55162    0  123  799.00000   60.55162  92.4%     -    0s
     0     0   60.55333    0  121  799.00000   60.55333  92.4%     -    0s
     0     0   60.55333    0  121  799.00000   60.55333  92.4%     -    0s
     0     2   60.66267    0  117  799.00000   60.66267  92.4%     -    0s
*   27    20              10     784.0000000  174.38095  77.8%  60.0    0s
H   28    19                     783.0000000  174.38095  77.7%  57.8    0s
*   30    19              10     772.0000000  174.38095  77.4%  54.5    0s
*  107    38              11     746.0000000  363.50000  51.3%  36.6    0s
*  111    37              11     741.0000000  363.50000  50.9%  35.4    0s
H  136    38                     715.0000000  367.00000  48.7%  32.5    0s
H  217    31                     664.0000000  478.25000  28.0%  28.7    0s

Cutting planes:
  MIR: 7
  Zero half: 55
  RLT: 22
  BQP: 30

Explored 321 nodes (9392 simplex iterations) in 0.33 seconds (0.41 work units)
Thread count was 1 (of 12 available processors)

Solution count 10: 664 715 741 ... 934

Optimal solution found (tolerance 1.00e-04)
Best objective 6.640000000000e+02, best bound 6.640000000000e+02, gap 0.0000%
664.0
