Set parameter Username
Academic license - for non-commercial use only - expires 2025-08-28
Set parameter Threads to value 1
Set parameter Method to value 4
Gurobi Optimizer version 11.0.0 build v11.0.0rc2 (mac64[arm] - Darwin 23.5.0 23F79)

CPU model: Apple M3 Pro
Thread count: 12 physical cores, 12 logical processors, using up to 1 threads

Optimize a model with 892 rows, 185 columns and 2647 nonzeros
Model fingerprint: 0x649bad09
Variable types: 113 continuous, 72 integer (72 binary)
Coefficient statistics:
  Matrix range     [1e+00, 1e+00]
  Objective range  [1e+01, 3e+02]
  Bounds range     [1e+00, 1e+00]
  RHS range        [1e+00, 2e+00]
Found heuristic solution: objective 1641.0000000
Presolve removed 143 rows and 33 columns
Presolve time: 0.00s
Presolved: 749 rows, 152 columns, 2180 nonzeros
Variable types: 0 continuous, 152 integer (152 binary)

Root relaxation: objective 0.000000e+00, 88 iterations, 0.00 seconds (0.00 work units)

    Nodes    |    Current Node    |     Objective Bounds      |     Work
 Expl Unexpl |  Obj  Depth IntInf | Incumbent    BestBd   Gap | It/Node Time

     0     0    0.00000    0   37 1641.00000    0.00000   100%     -    0s
H    0     0                    1025.0000000    0.00000   100%     -    0s
H    0     0                     985.0000000    0.00000   100%     -    0s
H    0     0                     925.0000000    0.00000   100%     -    0s
     0     0    0.00000    0   65  925.00000    0.00000   100%     -    0s
H    0     0                     882.0000000    0.00000   100%     -    0s
H    0     0                     852.0000000    0.00000   100%     -    0s
     0     0    2.96552    0   68  852.00000    2.96552   100%     -    0s
H    0     0                     643.0000000    2.96552   100%     -    0s
H    0     0                     515.0000000    2.96552  99.4%     -    0s
     0     0    5.00000    0   56  515.00000    5.00000  99.0%     -    0s
     0     0    6.51705    0   74  515.00000    6.51705  98.7%     -    0s
     0     0    6.54113    0   76  515.00000    6.54113  98.7%     -    0s
     0     0    6.54113    0   77  515.00000    6.54113  98.7%     -    0s
     0     0   23.86037    0   81  515.00000   23.86037  95.4%     -    0s
     0     0   24.00631    0   79  515.00000   24.00631  95.3%     -    0s
     0     0   24.14132    0   80  515.00000   24.14132  95.3%     -    0s
     0     0   24.22569    0   80  515.00000   24.22569  95.3%     -    0s
     0     0   24.22603    0   80  515.00000   24.22603  95.3%     -    0s
     0     0   32.00000    0   68  515.00000   32.00000  93.8%     -    0s
     0     0   32.00000    0   69  515.00000   32.00000  93.8%     -    0s
     0     0   42.66189    0   81  515.00000   42.66189  91.7%     -    0s
     0     0   43.25691    0   84  515.00000   43.25691  91.6%     -    0s
     0     0   43.47926    0   84  515.00000   43.47926  91.6%     -    0s
     0     0   43.79796    0   84  515.00000   43.79796  91.5%     -    0s
     0     0   43.79796    0   84  515.00000   43.79796  91.5%     -    0s
     0     0   44.32917    0   85  515.00000   44.32917  91.4%     -    0s
     0     0   44.66144    0   86  515.00000   44.66144  91.3%     -    0s
     0     0   44.70447    0   86  515.00000   44.70447  91.3%     -    0s
     0     0   44.71110    0   87  515.00000   44.71110  91.3%     -    0s
     0     0   44.86455    0   87  515.00000   44.86455  91.3%     -    0s
     0     0   44.87459    0   85  515.00000   44.87459  91.3%     -    0s
     0     0   44.87459    0   84  515.00000   44.87459  91.3%     -    0s
H    0     0                     511.0000000   44.87459  91.2%     -    0s
     0     0   44.87459    0   85  511.00000   44.87459  91.2%     -    0s
     0     0   44.87459    0   80  511.00000   44.87459  91.2%     -    0s
     0     2   46.84909    0   76  511.00000   46.84909  90.8%     -    0s
*   31    13               7     502.0000000  196.00000  61.0%  37.3    0s
*  132    11               7     481.0000000  368.20000  23.5%  22.7    0s
*  147     1               9     426.0000000  423.00000  0.70%  21.5    0s

Cutting planes:
  Cover: 1
  MIR: 5
  Zero half: 24
  RLT: 19
  BQP: 13

Explored 149 nodes (4069 simplex iterations) in 0.17 seconds (0.21 work units)
Thread count was 1 (of 12 available processors)

Solution count 10: 426 481 502 ... 985

Optimal solution found (tolerance 1.00e-04)
Best objective 4.260000000000e+02, best bound 4.260000000000e+02, gap 0.0000%
426.0
