Set parameter Username
Academic license - for non-commercial use only - expires 2025-08-28
Set parameter Threads to value 1
Set parameter Method to value 4
Gurobi Optimizer version 11.0.0 build v11.0.0rc2 (mac64[arm] - Darwin 23.5.0 23F79)

CPU model: Apple M3 Pro
Thread count: 12 physical cores, 12 logical processors, using up to 1 threads

Optimize a model with 1042 rows, 211 columns and 3091 nonzeros
Model fingerprint: 0xc7e84457
Variable types: 131 continuous, 80 integer (80 binary)
Coefficient statistics:
  Matrix range     [1e+00, 1e+00]
  Objective range  [1e+01, 3e+02]
  Bounds range     [1e+00, 1e+00]
  RHS range        [1e+00, 2e+00]
Presolve removed 163 rows and 37 columns
Presolve time: 0.00s
Presolved: 879 rows, 174 columns, 2556 nonzeros
Variable types: 0 continuous, 174 integer (174 binary)
Found heuristic solution: objective 3265.0000000
Found heuristic solution: objective 1273.0000000
Found heuristic solution: objective 957.0000000

Root relaxation: objective 0.000000e+00, 85 iterations, 0.00 seconds (0.00 work units)

    Nodes    |    Current Node    |     Objective Bounds      |     Work
 Expl Unexpl |  Obj  Depth IntInf | Incumbent    BestBd   Gap | It/Node Time

     0     0    0.00000    0   40  957.00000    0.00000   100%     -    0s
H    0     0                     897.0000000    0.00000   100%     -    0s
     0     0    0.00000    0   71  897.00000    0.00000   100%     -    0s
     0     0    4.61538    0   69  897.00000    4.61538  99.5%     -    0s
H    0     0                     888.0000000    4.61538  99.5%     -    0s
     0     0    5.33333    0   69  888.00000    5.33333  99.4%     -    0s
     0     0    5.33333    0   70  888.00000    5.33333  99.4%     -    0s
     0     0   37.50000    0   73  888.00000   37.50000  95.8%     -    0s
H    0     0                     828.0000000   37.50000  95.5%     -    0s
     0     0   39.19312    0   96  828.00000   39.19312  95.3%     -    0s
     0     0   40.23005    0  102  828.00000   40.23005  95.1%     -    0s
     0     0   40.72914    0  107  828.00000   40.72914  95.1%     -    0s
     0     0   40.79495    0  112  828.00000   40.79495  95.1%     -    0s
     0     0   51.83333    0   78  828.00000   51.83333  93.7%     -    0s
H    0     0                     818.0000000   51.83333  93.7%     -    0s
     0     0   54.27778    0   88  818.00000   54.27778  93.4%     -    0s
     0     0   58.73301    0  112  818.00000   58.73301  92.8%     -    0s
H    0     0                     761.0000000   58.73301  92.3%     -    0s
     0     0   58.89343    0  111  761.00000   58.89343  92.3%     -    0s
     0     0   59.08937    0  112  761.00000   59.08937  92.2%     -    0s
     0     0   59.17715    0  111  761.00000   59.17715  92.2%     -    0s
     0     0   59.18962    0  113  761.00000   59.18962  92.2%     -    0s
     0     0   59.30183    0  113  761.00000   59.30183  92.2%     -    0s
H    0     0                     742.0000000   59.30183  92.0%     -    0s
     0     0   59.30183    0  112  742.00000   59.30183  92.0%     -    0s
     0     0   59.30183    0  112  742.00000   59.30183  92.0%     -    0s
     0     0   59.30183    0  114  742.00000   59.30183  92.0%     -    0s
     0     0   59.30183    0  109  742.00000   59.30183  92.0%     -    0s
     0     0   59.30183    0  107  742.00000   59.30183  92.0%     -    0s
     0     2   59.54808    0  107  742.00000   59.54808  92.0%     -    0s
*   12     8               7     728.0000000   61.30147  91.6%  57.1    0s
*   57    32              11     718.0000000  301.50000  58.0%  40.3    0s
*   70    35               9     710.0000000  301.50000  57.5%  36.8    0s
*  161    39               9     688.0000000  433.50000  37.0%  27.1    0s
*  171    36               7     643.0000000  433.50000  32.6%  26.5    0s

Cutting planes:
  MIR: 4
  Zero half: 47
  RLT: 21
  BQP: 23

Explored 295 nodes (8033 simplex iterations) in 0.34 seconds (0.42 work units)
Thread count was 1 (of 12 available processors)

Solution count 10: 643 688 710 ... 888

Optimal solution found (tolerance 1.00e-04)
Best objective 6.430000000000e+02, best bound 6.430000000000e+02, gap 0.0000%
643.0
