Set parameter Username
Academic license - for non-commercial use only - expires 2025-08-28
Set parameter Threads to value 1
Set parameter Method to value 4
Gurobi Optimizer version 11.0.0 build v11.0.0rc2 (mac64[arm] - Darwin 23.5.0 23F79)

CPU model: Apple M3 Pro
Thread count: 12 physical cores, 12 logical processors, using up to 1 threads

Optimize a model with 1118 rows, 224 columns and 3314 nonzeros
Model fingerprint: 0xae65e1e4
Variable types: 140 continuous, 84 integer (84 binary)
Coefficient statistics:
  Matrix range     [1e+00, 1e+00]
  Objective range  [1e+01, 3e+02]
  Bounds range     [1e+00, 1e+00]
  RHS range        [1e+00, 2e+00]
Presolve removed 178 rows and 40 columns
Presolve time: 0.00s
Presolved: 940 rows, 184 columns, 2728 nonzeros
Variable types: 0 continuous, 184 integer (184 binary)
Found heuristic solution: objective 2362.0000000
Found heuristic solution: objective 1347.0000000
Found heuristic solution: objective 1029.0000000

Root relaxation: objective 0.000000e+00, 88 iterations, 0.00 seconds (0.00 work units)

    Nodes    |    Current Node    |     Objective Bounds      |     Work
 Expl Unexpl |  Obj  Depth IntInf | Incumbent    BestBd   Gap | It/Node Time

     0     0    0.00000    0   42 1029.00000    0.00000   100%     -    0s
H    0     0                     989.0000000    0.00000   100%     -    0s
     0     0    0.00000    0   70  989.00000    0.00000   100%     -    0s
H    0     0                     922.0000000    0.00000   100%     -    0s
     0     0    0.00000    0   67  922.00000    0.00000   100%     -    0s
     0     0    2.50000    0   75  922.00000    2.50000   100%     -    0s
     0     0   25.03333    0   83  922.00000   25.03333  97.3%     -    0s
     0     0   30.90500    0  102  922.00000   30.90500  96.6%     -    0s
     0     0   31.83333    0   76  922.00000   31.83333  96.5%     -    0s
     0     0   31.83333    0   78  922.00000   31.83333  96.5%     -    0s
     0     0   41.19222    0  104  922.00000   41.19222  95.5%     -    0s
     0     0   48.59471    0  102  922.00000   48.59471  94.7%     -    0s
     0     0   49.14017    0  108  922.00000   49.14017  94.7%     -    0s
     0     0   49.24658    0  107  922.00000   49.24658  94.7%     -    0s
     0     0   49.26542    0  107  922.00000   49.26542  94.7%     -    0s
     0     0   49.26987    0  107  922.00000   49.26987  94.7%     -    0s
     0     0   51.73850    0   97  922.00000   51.73850  94.4%     -    0s
H    0     0                     827.0000000   51.73850  93.7%     -    0s
     0     0   51.88889    0   84  827.00000   51.88889  93.7%     -    0s
     0     0   54.56827    0  100  827.00000   54.56827  93.4%     -    0s
     0     0   56.26320    0  104  827.00000   56.26320  93.2%     -    0s
     0     0   56.58333    0  101  827.00000   56.58333  93.2%     -    0s
     0     0   56.66036    0  104  827.00000   56.66036  93.1%     -    0s
     0     0   56.67087    0  103  827.00000   56.67087  93.1%     -    0s
     0     0   56.75556    0  106  827.00000   56.75556  93.1%     -    0s
     0     0   56.97473    0  106  827.00000   56.97473  93.1%     -    0s
     0     0   56.97619    0   97  827.00000   56.97619  93.1%     -    0s
     0     0   57.03065    0  109  827.00000   57.03065  93.1%     -    0s
H    0     0                     805.0000000   57.03065  92.9%     -    0s
     0     0   57.03065    0  110  805.00000   57.03065  92.9%     -    0s
     0     0   57.03971    0  110  805.00000   57.03971  92.9%     -    0s
     0     0   57.27273    0   97  805.00000   57.27273  92.9%     -    0s
     0     0   57.27273    0   98  805.00000   57.27273  92.9%     -    0s
     0     0   57.28316    0  111  805.00000   57.28316  92.9%     -    0s
     0     0   57.28405    0  111  805.00000   57.28405  92.9%     -    0s
     0     0   57.28405    0  111  805.00000   57.28405  92.9%     -    0s
     0     0   57.28405    0  108  805.00000   57.28405  92.9%     -    0s
     0     2   57.32881    0  104  805.00000   57.32881  92.9%     -    0s
*   34    20              12     796.0000000  228.00000  71.4%  54.7    0s
*   35    19              12     776.0000000  228.00000  70.6%  53.2    0s
*   61    28               9     719.0000000  358.00000  50.2%  45.0    0s
*   80    28              11     712.0000000  358.13333  49.7%  37.9    0s
H  107    29                     701.0000000  391.34884  44.2%  32.3    0s
*  114    30              11     662.0000000  391.34884  40.9%  31.4    0s
*  135    25              11     661.0000000  398.00000  39.8%  30.1    0s

Cutting planes:
  MIR: 9
  Zero half: 52
  RLT: 23
  BQP: 25

Explored 240 nodes (7762 simplex iterations) in 0.38 seconds (0.47 work units)
Thread count was 1 (of 12 available processors)

Solution count 10: 661 662 701 ... 922

Optimal solution found (tolerance 1.00e-04)
Best objective 6.610000000000e+02, best bound 6.610000000000e+02, gap 0.0000%
661.0
