Set parameter Username
Academic license - for non-commercial use only - expires 2025-08-28
Set parameter Threads to value 1
Set parameter Method to value 4
Gurobi Optimizer version 11.0.0 build v11.0.0rc2 (mac64[arm] - Darwin 23.5.0 23F79)

CPU model: Apple M3 Pro
Thread count: 12 physical cores, 12 logical processors, using up to 1 threads

Optimize a model with 1042 rows, 211 columns and 3091 nonzeros
Model fingerprint: 0x709a1c7a
Variable types: 131 continuous, 80 integer (80 binary)
Coefficient statistics:
  Matrix range     [1e+00, 1e+00]
  Objective range  [1e+01, 3e+02]
  Bounds range     [1e+00, 1e+00]
  RHS range        [1e+00, 2e+00]
Presolve removed 163 rows and 37 columns
Presolve time: 0.00s
Presolved: 879 rows, 174 columns, 2556 nonzeros
Variable types: 0 continuous, 174 integer (174 binary)
Found heuristic solution: objective 3254.0000000
Found heuristic solution: objective 1286.0000000
Found heuristic solution: objective 970.0000000

Root relaxation: objective 0.000000e+00, 85 iterations, 0.00 seconds (0.00 work units)

    Nodes    |    Current Node    |     Objective Bounds      |     Work
 Expl Unexpl |  Obj  Depth IntInf | Incumbent    BestBd   Gap | It/Node Time

     0     0    0.00000    0   40  970.00000    0.00000   100%     -    0s
H    0     0                     933.0000000    0.00000   100%     -    0s
     0     0    0.00000    0   71  933.00000    0.00000   100%     -    0s
H    0     0                     878.0000000    0.00000   100%     -    0s
     0     0    0.00000    0   61  878.00000    0.00000   100%     -    0s
     0     0    0.00000    0   57  878.00000    0.00000   100%     -    0s
     0     0   26.55556    0   73  878.00000   26.55556  97.0%     -    0s
H    0     0                     865.0000000   26.55556  96.9%     -    0s
     0     0   30.66667    0   71  865.00000   30.66667  96.5%     -    0s
     0     0   49.59198    0   99  865.00000   49.59198  94.3%     -    0s
H    0     0                     807.0000000   49.59198  93.9%     -    0s
H    0     0                     744.0000000   49.59198  93.3%     -    0s
     0     0   51.74483    0  100  744.00000   51.74483  93.0%     -    0s
     0     0   53.32287    0  101  744.00000   53.32287  92.8%     -    0s
     0     0   53.33010    0  102  744.00000   53.33010  92.8%     -    0s
     0     0   60.70837    0   88  744.00000   60.70837  91.8%     -    0s
H    0     0                     708.0000000   60.70837  91.4%     -    0s
     0     0   61.30000    0   92  708.00000   61.30000  91.3%     -    0s
     0     0   61.75000    0   80  708.00000   61.75000  91.3%     -    0s
     0     0   61.75000    0   84  708.00000   61.75000  91.3%     -    0s
     0     0   66.38655    0  117  708.00000   66.38655  90.6%     -    0s
     0     0   66.83973    0  117  708.00000   66.83973  90.6%     -    0s
     0     0   67.10373    0  118  708.00000   67.10373  90.5%     -    0s
     0     0   67.31999    0  117  708.00000   67.31999  90.5%     -    0s
     0     0   67.32910    0  118  708.00000   67.32910  90.5%     -    0s
     0     0   69.63302    0  117  708.00000   69.63302  90.2%     -    0s
     0     0   69.67363    0  115  708.00000   69.67363  90.2%     -    0s
     0     0   69.82928    0  116  708.00000   69.82928  90.1%     -    0s
     0     0   69.92708    0  117  708.00000   69.92708  90.1%     -    0s
     0     0   69.92708    0  113  708.00000   69.92708  90.1%     -    0s
     0     2   70.48551    0  111  708.00000   70.48551  90.0%     -    0s
*  146    39              12     688.0000000  358.33333  47.9%  37.6    0s
*  147    36              12     674.0000000  358.33333  46.8%  37.4    0s
H  191    32                     644.0000000  412.00000  36.0%  33.1    0s

Cutting planes:
  Gomory: 1
  MIR: 21
  Zero half: 118
  RLT: 24
  BQP: 19

Explored 310 nodes (10179 simplex iterations) in 0.40 seconds (0.51 work units)
Thread count was 1 (of 12 available processors)

Solution count 10: 644 674 688 ... 970

Optimal solution found (tolerance 1.00e-04)
Best objective 6.440000000000e+02, best bound 6.440000000000e+02, gap 0.0000%
644.0
