Set parameter Username
Academic license - for non-commercial use only - expires 2025-08-28
Set parameter Threads to value 1
Set parameter Method to value 4
Gurobi Optimizer version 11.0.0 build v11.0.0rc2 (mac64[arm] - Darwin 23.5.0 23F79)

CPU model: Apple M3 Pro
Thread count: 12 physical cores, 12 logical processors, using up to 1 threads

Optimize a model with 967 rows, 198 columns and 2869 nonzeros
Model fingerprint: 0x368c7e13
Variable types: 122 continuous, 76 integer (76 binary)
Coefficient statistics:
  Matrix range     [1e+00, 1e+00]
  Objective range  [1e+01, 3e+02]
  Bounds range     [1e+00, 1e+00]
  RHS range        [1e+00, 2e+00]
Presolve removed 153 rows and 35 columns
Presolve time: 0.00s
Presolved: 814 rows, 163 columns, 2368 nonzeros
Variable types: 0 continuous, 163 integer (163 binary)
Found heuristic solution: objective 1880.0000000
Found heuristic solution: objective 1077.0000000

Root relaxation: objective 0.000000e+00, 94 iterations, 0.00 seconds (0.00 work units)

    Nodes    |    Current Node    |     Objective Bounds      |     Work
 Expl Unexpl |  Obj  Depth IntInf | Incumbent    BestBd   Gap | It/Node Time

     0     0    0.00000    0   38 1077.00000    0.00000   100%     -    0s
H    0     0                    1049.0000000    0.00000   100%     -    0s
H    0     0                     974.0000000    0.00000   100%     -    0s
     0     0    0.00000    0   74  974.00000    0.00000   100%     -    0s
H    0     0                     825.0000000    0.00000   100%     -    0s
H    0     0                     799.0000000    0.00000   100%     -    0s
     0     0    9.89189    0   68  799.00000    9.89189  98.8%     -    0s
H    0     0                     737.0000000    9.89189  98.7%     -    0s
H    0     0                     725.0000000    9.89189  98.6%     -    0s
     0     0   10.65721    0   70  725.00000   10.65721  98.5%     -    0s
     0     0   11.64179    0   70  725.00000   11.64179  98.4%     -    0s
     0     0   11.72727    0   69  725.00000   11.72727  98.4%     -    0s
     0     0   11.76923    0   70  725.00000   11.76923  98.4%     -    0s
     0     0   34.32500    0   81  725.00000   34.32500  95.3%     -    0s
H    0     0                     640.0000000   34.32500  94.6%     -    0s
     0     0   36.06250    0   87  640.00000   36.06250  94.4%     -    0s
     0     0   36.55039    0   88  640.00000   36.55039  94.3%     -    0s
     0     0   36.58333    0   91  640.00000   36.58333  94.3%     -    0s
     0     0   47.94000    0   84  640.00000   47.94000  92.5%     -    0s
     0     0   52.26316    0   93  640.00000   52.26316  91.8%     -    0s
     0     0   53.04351    0   94  640.00000   53.04351  91.7%     -    0s
     0     0   53.15730    0   95  640.00000   53.15730  91.7%     -    0s
     0     0   53.21395    0   99  640.00000   53.21395  91.7%     -    0s
     0     0   53.25571    0  102  640.00000   53.25571  91.7%     -    0s
     0     0   54.66667    0   68  640.00000   54.66667  91.5%     -    0s
H    0     0                     587.0000000   54.66667  90.7%     -    0s
H    0     0                     535.0000000   54.66667  89.8%     -    0s
     0     0   54.84815    0   96  535.00000   54.84815  89.7%     -    0s
     0     0   55.13041    0   98  535.00000   55.13041  89.7%     -    0s
     0     0   55.18043    0   98  535.00000   55.18043  89.7%     -    0s
     0     0   55.20125    0   97  535.00000   55.20125  89.7%     -    0s
     0     0   57.52402    0   96  535.00000   57.52402  89.2%     -    0s
     0     0   57.65103    0   90  535.00000   57.65103  89.2%     -    0s
     0     0   57.77273    0   87  535.00000   57.77273  89.2%     -    0s
     0     0   57.79012    0   89  535.00000   57.79012  89.2%     -    0s
     0     0   57.85733    0   95  535.00000   57.85733  89.2%     -    0s
     0     0   57.86304    0   95  535.00000   57.86304  89.2%     -    0s
     0     0   58.44444    0   90  535.00000   58.44444  89.1%     -    0s
     0     0   58.58550    0   91  535.00000   58.58550  89.0%     -    0s
     0     0   58.62500    0   88  535.00000   58.62500  89.0%     -    0s
     0     0   58.66667    0   80  535.00000   58.66667  89.0%     -    0s
     0     0   58.83333    0   76  535.00000   58.83333  89.0%     -    0s
     0     0   58.84211    0   98  535.00000   58.84211  89.0%     -    0s
     0     0   59.22619    0   92  535.00000   59.22619  88.9%     -    0s
     0     0   59.29845    0   95  535.00000   59.29845  88.9%     -    0s
     0     0   59.44000    0   99  535.00000   59.44000  88.9%     -    0s
     0     0   59.45536    0  100  535.00000   59.45536  88.9%     -    0s
     0     0   59.63619    0  100  535.00000   59.63619  88.9%     -    0s
     0     0   59.65278    0   92  535.00000   59.65278  88.8%     -    0s
     0     0   59.72336    0  100  535.00000   59.72336  88.8%     -    0s
     0     0   59.77932    0  100  535.00000   59.77932  88.8%     -    0s
     0     0   59.81757    0   99  535.00000   59.81757  88.8%     -    0s
     0     0   59.90967    0  100  535.00000   59.90967  88.8%     -    0s
     0     0   59.91238    0  100  535.00000   59.91238  88.8%     -    0s
     0     0   59.92846    0  100  535.00000   59.92846  88.8%     -    0s
     0     0   59.93151    0  100  535.00000   59.93151  88.8%     -    0s
     0     0   62.90000    0   88  535.00000   62.90000  88.2%     -    0s
     0     0   63.05792    0  100  535.00000   63.05792  88.2%     -    0s
     0     0   63.34135    0  100  535.00000   63.34135  88.2%     -    0s
     0     0   63.42459    0   96  535.00000   63.42459  88.1%     -    0s
     0     0   63.42639    0  100  535.00000   63.42639  88.1%     -    0s
     0     0   63.42639    0  100  535.00000   63.42639  88.1%     -    0s
     0     0   63.42639    0   93  535.00000   63.42639  88.1%     -    0s
     0     2   63.49583    0   93  535.00000   63.49583  88.1%     -    0s
*   34    14               9     493.0000000  110.99338  77.5%  40.1    0s
*   80    11               9     453.0000000  312.00000  31.1%  27.6    0s

Cutting planes:
  MIR: 13
  Zero half: 33
  RLT: 13
  BQP: 8

Explored 99 nodes (3878 simplex iterations) in 0.23 seconds (0.27 work units)
Thread count was 1 (of 12 available processors)

Solution count 10: 453 493 535 ... 974

Optimal solution found (tolerance 1.00e-04)
Best objective 4.530000000000e+02, best bound 4.530000000000e+02, gap 0.0000%
453.0
