Set parameter Username
Academic license - for non-commercial use only - expires 2025-08-28
Set parameter Threads to value 1
Set parameter Method to value 4
Gurobi Optimizer version 11.0.0 build v11.0.0rc2 (mac64[arm] - Darwin 23.5.0 23F79)

CPU model: Apple M3 Pro
Thread count: 12 physical cores, 12 logical processors, using up to 1 threads

Optimize a model with 1042 rows, 211 columns and 3091 nonzeros
Model fingerprint: 0xc8be6222
Variable types: 131 continuous, 80 integer (80 binary)
Coefficient statistics:
  Matrix range     [1e+00, 1e+00]
  Objective range  [1e+01, 3e+02]
  Bounds range     [1e+00, 1e+00]
  RHS range        [1e+00, 2e+00]
Presolve removed 163 rows and 37 columns
Presolve time: 0.00s
Presolved: 879 rows, 174 columns, 2556 nonzeros
Variable types: 0 continuous, 174 integer (174 binary)
Found heuristic solution: objective 3362.0000000
Found heuristic solution: objective 1245.0000000
Found heuristic solution: objective 925.0000000

Root relaxation: objective 0.000000e+00, 84 iterations, 0.00 seconds (0.00 work units)

    Nodes    |    Current Node    |     Objective Bounds      |     Work
 Expl Unexpl |  Obj  Depth IntInf | Incumbent    BestBd   Gap | It/Node Time

     0     0    0.00000    0   40  925.00000    0.00000   100%     -    0s
H    0     0                     912.0000000    0.00000   100%     -    0s
     0     0    0.00000    0   72  912.00000    0.00000   100%     -    0s
H    0     0                     754.0000000    0.00000   100%     -    0s
H    0     0                     732.0000000    0.00000   100%     -    0s
     0     0    0.00000    0   53  732.00000    0.00000   100%     -    0s
     0     0    2.26667    0   70  732.00000    2.26667   100%     -    0s
     0     0   20.97222    0   79  732.00000   20.97222  97.1%     -    0s
     0     0   21.33333    0   68  732.00000   21.33333  97.1%     -    0s
     0     0   41.58429    0  109  732.00000   41.58429  94.3%     -    0s
     0     0   41.83708    0  114  732.00000   41.83708  94.3%     -    0s
     0     0   45.66667    0   75  732.00000   45.66667  93.8%     -    0s
     0     0   49.00000    0   80  732.00000   49.00000  93.3%     -    0s
     0     0   55.27878    0  115  732.00000   55.27878  92.4%     -    0s
     0     0   56.01887    0  105  732.00000   56.01887  92.3%     -    0s
     0     0   56.14834    0   97  732.00000   56.14834  92.3%     -    0s
     0     0   56.22222    0   95  732.00000   56.22222  92.3%     -    0s
     0     0   56.34080    0  103  732.00000   56.34080  92.3%     -    0s
     0     0   56.47829    0  101  732.00000   56.47829  92.3%     -    0s
     0     0   56.48663    0  105  732.00000   56.48663  92.3%     -    0s
     0     0   56.99673    0  103  732.00000   56.99673  92.2%     -    0s
     0     0   57.31250    0  103  732.00000   57.31250  92.2%     -    0s
     0     0   57.36631    0  107  732.00000   57.36631  92.2%     -    0s
     0     0   57.36773    0  107  732.00000   57.36773  92.2%     -    0s
     0     0   58.68143    0  108  732.00000   58.68143  92.0%     -    0s
     0     0   59.39600    0  108  732.00000   59.39600  91.9%     -    0s
     0     0   59.45437    0  113  732.00000   59.45437  91.9%     -    0s
     0     0   59.48901    0  111  732.00000   59.48901  91.9%     -    0s
     0     0   59.51116    0  113  732.00000   59.51116  91.9%     -    0s
     0     0   59.58251    0  113  732.00000   59.58251  91.9%     -    0s
     0     0   59.58506    0  113  732.00000   59.58506  91.9%     -    0s
     0     0   61.07223    0  110  732.00000   61.07223  91.7%     -    0s
     0     0   61.14624    0  110  732.00000   61.14624  91.6%     -    0s
     0     0   61.19857    0  110  732.00000   61.19857  91.6%     -    0s
     0     0   61.21939    0  107  732.00000   61.21939  91.6%     -    0s
     0     0   61.21943    0  111  732.00000   61.21943  91.6%     -    0s
     0     0   61.29610    0  110  732.00000   61.29610  91.6%     -    0s
     0     0   61.30530    0  110  732.00000   61.30530  91.6%     -    0s
     0     0   62.35568    0  108  732.00000   62.35568  91.5%     -    0s
     0     0   62.93300    0  108  732.00000   62.93300  91.4%     -    0s
     0     0   63.23874    0  109  732.00000   63.23874  91.4%     -    0s
     0     0   63.41813    0  108  732.00000   63.41813  91.3%     -    0s
     0     0   63.42774    0  108  732.00000   63.42774  91.3%     -    0s
     0     0   63.50674    0  108  732.00000   63.50674  91.3%     -    0s
     0     0   63.56554    0  108  732.00000   63.56554  91.3%     -    0s
     0     0   63.56554    0  106  732.00000   63.56554  91.3%     -    0s
     0     2   63.87640    0  104  732.00000   63.87640  91.3%     -    0s
*   42    32               9     695.0000000  131.16667  81.1%  50.5    0s
H   55    31                     645.0000000  131.70833  79.6%  42.7    0s
*   68    34               9     636.0000000  131.70833  79.3%  36.5    0s
*  197    28               9     626.0000000  449.72222  28.2%  30.4    0s
H  241    11                     557.0000000  470.50000  15.5%  28.9    0s

Cutting planes:
  Gomory: 1
  MIR: 19
  Zero half: 52
  RLT: 23
  BQP: 22

Explored 262 nodes (8664 simplex iterations) in 0.33 seconds (0.43 work units)
Thread count was 1 (of 12 available processors)

Solution count 10: 557 626 636 ... 1245

Optimal solution found (tolerance 1.00e-04)
Best objective 5.570000000000e+02, best bound 5.570000000000e+02, gap 0.0000%
557.0
