Set parameter Username
Academic license - for non-commercial use only - expires 2025-08-28
Set parameter Threads to value 1
Set parameter Method to value 4
Gurobi Optimizer version 11.0.0 build v11.0.0rc2 (mac64[arm] - Darwin 23.5.0 23F79)

CPU model: Apple M3 Pro
Thread count: 12 physical cores, 12 logical processors, using up to 1 threads

Optimize a model with 1043 rows, 211 columns and 3092 nonzeros
Model fingerprint: 0xde59e5b6
Variable types: 131 continuous, 80 integer (80 binary)
Coefficient statistics:
  Matrix range     [1e+00, 1e+00]
  Objective range  [1e+01, 3e+02]
  Bounds range     [1e+00, 1e+00]
  RHS range        [1e+00, 2e+00]
Presolve removed 168 rows and 38 columns
Presolve time: 0.00s
Presolved: 875 rows, 173 columns, 2540 nonzeros
Variable types: 0 continuous, 173 integer (173 binary)
Found heuristic solution: objective 2288.0000000
Found heuristic solution: objective 1268.0000000
Found heuristic solution: objective 952.0000000

Root relaxation: objective 0.000000e+00, 103 iterations, 0.00 seconds (0.00 work units)

    Nodes    |    Current Node    |     Objective Bounds      |     Work
 Expl Unexpl |  Obj  Depth IntInf | Incumbent    BestBd   Gap | It/Node Time

     0     0    0.00000    0   40  952.00000    0.00000   100%     -    0s
H    0     0                     847.0000000    0.00000   100%     -    0s
     0     0    0.00000    0   79  847.00000    0.00000   100%     -    0s
     0     0    2.49153    0   68  847.00000    2.49153   100%     -    0s
H    0     0                     845.0000000    2.49153   100%     -    0s
     0     0    7.00000    0   64  845.00000    7.00000  99.2%     -    0s
     0     0   33.79678    0   96  845.00000   33.79678  96.0%     -    0s
H    0     0                     809.0000000   33.79678  95.8%     -    0s
     0     0   34.57305    0   93  809.00000   34.57305  95.7%     -    0s
     0     0   34.58509    0   93  809.00000   34.58509  95.7%     -    0s
     0     0   45.23198    0  100  809.00000   45.23198  94.4%     -    0s
     0     0   47.55140    0  104  809.00000   47.55140  94.1%     -    0s
     0     0   48.24255    0  104  809.00000   48.24255  94.0%     -    0s
     0     0   48.34439    0  104  809.00000   48.34439  94.0%     -    0s
     0     0   48.76631    0  103  809.00000   48.76631  94.0%     -    0s
     0     0   48.85773    0  103  809.00000   48.85773  94.0%     -    0s
     0     0   48.88114    0  102  809.00000   48.88114  94.0%     -    0s
     0     0   48.88665    0  103  809.00000   48.88665  94.0%     -    0s
     0     0   51.46314    0  109  809.00000   51.46314  93.6%     -    0s
     0     0   52.45955    0  113  809.00000   52.45955  93.5%     -    0s
     0     0   53.03328    0  104  809.00000   53.03328  93.4%     -    0s
     0     0   53.42785    0  105  809.00000   53.42785  93.4%     -    0s
     0     0   53.43196    0  105  809.00000   53.43196  93.4%     -    0s
     0     0   54.28569    0  105  809.00000   54.28569  93.3%     -    0s
     0     0   54.29521    0  102  809.00000   54.29521  93.3%     -    0s
     0     0   55.78941    0  106  809.00000   55.78941  93.1%     -    0s
     0     0   56.77428    0  107  809.00000   56.77428  93.0%     -    0s
     0     0   57.06410    0  108  809.00000   57.06410  92.9%     -    0s
     0     0   57.11525    0  108  809.00000   57.11525  92.9%     -    0s
     0     0   57.17694    0  108  809.00000   57.17694  92.9%     -    0s
     0     0   57.22649    0  110  809.00000   57.22649  92.9%     -    0s
     0     0   57.30968    0  108  809.00000   57.30968  92.9%     -    0s
     0     0   57.31447    0  110  809.00000   57.31447  92.9%     -    0s
     0     0   57.33475    0  110  809.00000   57.33475  92.9%     -    0s
     0     0   57.33475    0  111  809.00000   57.33475  92.9%     -    0s
     0     0   59.51357    0  109  809.00000   59.51357  92.6%     -    0s
H    0     0                     735.0000000   59.51357  91.9%     -    0s
     0     0   60.97085    0  105  735.00000   60.97085  91.7%     -    0s
     0     0   61.02963    0  105  735.00000   61.02963  91.7%     -    0s
     0     0   61.12571    0  107  735.00000   61.12571  91.7%     -    0s
     0     0   61.16543    0  105  735.00000   61.16543  91.7%     -    0s
     0     0   61.18975    0  110  735.00000   61.18975  91.7%     -    0s
     0     0   61.22452    0  107  735.00000   61.22452  91.7%     -    0s
     0     0   61.24115    0  107  735.00000   61.24115  91.7%     -    0s
     0     0   62.37652    0  105  735.00000   62.37652  91.5%     -    0s
     0     0   63.44965    0  105  735.00000   63.44965  91.4%     -    0s
     0     0   63.66152    0  107  735.00000   63.66152  91.3%     -    0s
     0     0   64.03440    0  111  735.00000   64.03440  91.3%     -    0s
     0     0   64.27002    0  113  735.00000   64.27002  91.3%     -    0s
     0     0   64.35158    0  112  735.00000   64.35158  91.2%     -    0s
     0     0   64.37118    0  112  735.00000   64.37118  91.2%     -    0s
     0     0   64.44360    0  113  735.00000   64.44360  91.2%     -    0s
     0     0   64.44360    0  113  735.00000   64.44360  91.2%     -    0s
     0     0   64.56771    0  109  735.00000   64.56771  91.2%     -    0s
     0     0   64.68866    0  105  735.00000   64.68866  91.2%     -    0s
     0     0   64.86545    0  107  735.00000   64.86545  91.2%     -    0s
     0     0   64.86545    0  107  735.00000   64.86545  91.2%     -    0s
     0     0   64.86545    0  102  735.00000   64.86545  91.2%     -    0s
     0     2   67.14626    0  100  735.00000   67.14626  90.9%     -    0s
*   45    26              11     655.0000000  161.36028  75.4%  54.4    0s
*   47    23              12     628.0000000  161.36028  74.3%  52.4    0s

Cutting planes:
  MIR: 10
  StrongCG: 1
  Zero half: 73
  RLT: 30
  BQP: 31

Explored 277 nodes (10404 simplex iterations) in 0.41 seconds (0.56 work units)
Thread count was 1 (of 12 available processors)

Solution count 9: 628 655 735 ... 2288

Optimal solution found (tolerance 1.00e-04)
Best objective 6.280000000000e+02, best bound 6.280000000000e+02, gap 0.0000%
628.0
