Set parameter Username
Academic license - for non-commercial use only - expires 2025-08-28
Set parameter Threads to value 1
Set parameter Method to value 4
Gurobi Optimizer version 11.0.0 build v11.0.0rc2 (mac64[arm] - Darwin 23.5.0 23F79)

CPU model: Apple M3 Pro
Thread count: 12 physical cores, 12 logical processors, using up to 1 threads

Optimize a model with 1042 rows, 211 columns and 3091 nonzeros
Model fingerprint: 0x09d2f5a2
Variable types: 131 continuous, 80 integer (80 binary)
Coefficient statistics:
  Matrix range     [1e+00, 1e+00]
  Objective range  [1e+01, 3e+02]
  Bounds range     [1e+00, 1e+00]
  RHS range        [1e+00, 2e+00]
Presolve removed 163 rows and 37 columns
Presolve time: 0.00s
Presolved: 879 rows, 174 columns, 2556 nonzeros
Variable types: 0 continuous, 174 integer (174 binary)
Found heuristic solution: objective 3272.0000000
Found heuristic solution: objective 1261.0000000
Found heuristic solution: objective 943.0000000

Root relaxation: objective 0.000000e+00, 85 iterations, 0.00 seconds (0.00 work units)

    Nodes    |    Current Node    |     Objective Bounds      |     Work
 Expl Unexpl |  Obj  Depth IntInf | Incumbent    BestBd   Gap | It/Node Time

     0     0    0.00000    0   40  943.00000    0.00000   100%     -    0s
H    0     0                     906.0000000    0.00000   100%     -    0s
     0     0    0.00000    0   71  906.00000    0.00000   100%     -    0s
H    0     0                     752.0000000    0.00000   100%     -    0s
     0     0    0.00000    0   61  752.00000    0.00000   100%     -    0s
     0     0   32.35678    0  100  752.00000   32.35678  95.7%     -    0s
     0     0   38.81956    0  100  752.00000   38.81956  94.8%     -    0s
     0     0   39.54762    0  100  752.00000   39.54762  94.7%     -    0s
     0     0   39.65255    0  106  752.00000   39.65255  94.7%     -    0s
     0     0   39.71590    0  103  752.00000   39.71590  94.7%     -    0s
     0     0   54.04847    0   97  752.00000   54.04847  92.8%     -    0s
     0     0   55.41667    0   90  752.00000   55.41667  92.6%     -    0s
     0     0   55.66667    0   89  752.00000   55.66667  92.6%     -    0s
     0     0   55.66667    0   91  752.00000   55.66667  92.6%     -    0s
     0     0   61.97155    0  110  752.00000   61.97155  91.8%     -    0s
     0     0   62.60186    0  108  752.00000   62.60186  91.7%     -    0s
     0     0   62.80204    0  110  752.00000   62.80204  91.6%     -    0s
     0     0   62.85282    0  113  752.00000   62.85282  91.6%     -    0s
     0     0   62.85375    0  113  752.00000   62.85375  91.6%     -    0s
     0     0   63.10707    0  111  752.00000   63.10707  91.6%     -    0s
     0     0   63.23491    0  114  752.00000   63.23491  91.6%     -    0s
     0     0   63.27873    0  114  752.00000   63.27873  91.6%     -    0s
     0     0   63.28735    0  113  752.00000   63.28735  91.6%     -    0s
     0     0   63.36322    0  114  752.00000   63.36322  91.6%     -    0s
     0     0   63.36813    0  114  752.00000   63.36813  91.6%     -    0s
     0     0   63.40893    0  113  752.00000   63.40893  91.6%     -    0s
     0     0   63.40893    0  115  752.00000   63.40893  91.6%     -    0s
     0     0   63.40893    0  113  752.00000   63.40893  91.6%     -    0s
     0     2   63.42362    0  113  752.00000   63.42362  91.6%     -    0s
*   39    28              11     748.0000000  167.13735  77.7%  67.4    0s
*   42    27              12     744.0000000  167.13735  77.5%  62.9    0s
*   45    26              12     718.0000000  167.13735  76.7%  58.9    0s
*   57    30              10     711.0000000  168.71000  76.3%  56.9    0s
*   91    31               9     632.0000000  272.00000  57.0%  50.7    0s

Cutting planes:
  MIR: 19
  Zero half: 79
  RLT: 22
  BQP: 28

Explored 323 nodes (11451 simplex iterations) in 0.39 seconds (0.48 work units)
Thread count was 1 (of 12 available processors)

Solution count 10: 632 711 718 ... 3272

Optimal solution found (tolerance 1.00e-04)
Best objective 6.320000000000e+02, best bound 6.320000000000e+02, gap 0.0000%
632.0
