Set parameter Username
Academic license - for non-commercial use only - expires 2025-08-28
Set parameter Threads to value 1
Set parameter Method to value 4
Gurobi Optimizer version 11.0.0 build v11.0.0rc2 (mac64[arm] - Darwin 23.5.0 23F79)

CPU model: Apple M3 Pro
Thread count: 12 physical cores, 12 logical processors, using up to 1 threads

Optimize a model with 967 rows, 198 columns and 2869 nonzeros
Model fingerprint: 0xc7eb424b
Variable types: 122 continuous, 76 integer (76 binary)
Coefficient statistics:
  Matrix range     [1e+00, 1e+00]
  Objective range  [1e+01, 3e+02]
  Bounds range     [1e+00, 1e+00]
  RHS range        [1e+00, 2e+00]
Presolve removed 153 rows and 35 columns
Presolve time: 0.00s
Presolved: 814 rows, 163 columns, 2368 nonzeros
Variable types: 0 continuous, 163 integer (163 binary)
Found heuristic solution: objective 1873.0000000
Found heuristic solution: objective 1060.0000000

Root relaxation: objective 0.000000e+00, 94 iterations, 0.00 seconds (0.00 work units)

    Nodes    |    Current Node    |     Objective Bounds      |     Work
 Expl Unexpl |  Obj  Depth IntInf | Incumbent    BestBd   Gap | It/Node Time

     0     0    0.00000    0   38 1060.00000    0.00000   100%     -    0s
H    0     0                     911.0000000    0.00000   100%     -    0s
     0     0    0.00000    0   57  911.00000    0.00000   100%     -    0s
H    0     0                     903.0000000    0.00000   100%     -    0s
H    0     0                     792.0000000    0.00000   100%     -    0s
     0     0    0.00000    0   59  792.00000    0.00000   100%     -    0s
     0     0    0.00000    0   63  792.00000    0.00000   100%     -    0s
     0     0   16.25490    0   77  792.00000   16.25490  97.9%     -    0s
H    0     0                     681.0000000   16.25490  97.6%     -    0s
     0     0   24.06061    0   77  681.00000   24.06061  96.5%     -    0s
     0     0   35.74156    0   79  681.00000   35.74156  94.8%     -    0s
H    0     0                     557.0000000   35.74156  93.6%     -    0s
     0     0   36.81999    0   80  557.00000   36.81999  93.4%     -    0s
     0     0   37.62367    0   81  557.00000   37.62367  93.2%     -    0s
     0     0   37.77333    0   80  557.00000   37.77333  93.2%     -    0s
     0     0   37.81221    0   81  557.00000   37.81221  93.2%     -    0s
     0     0   37.92998    0   80  557.00000   37.92998  93.2%     -    0s
     0     0   38.05455    0   80  557.00000   38.05455  93.2%     -    0s
     0     0   38.06139    0   81  557.00000   38.06139  93.2%     -    0s
     0     0   39.23973    0   88  557.00000   39.23973  93.0%     -    0s
     0     0   40.06579    0   90  557.00000   40.06579  92.8%     -    0s
     0     0   40.30135    0   99  557.00000   40.30135  92.8%     -    0s
     0     0   40.33333    0   70  557.00000   40.33333  92.8%     -    0s
     0     0   40.33333    0   72  557.00000   40.33333  92.8%     -    0s
     0     0   40.33333    0   76  557.00000   40.33333  92.8%     -    0s
     0     0   40.33333    0   77  557.00000   40.33333  92.8%     -    0s
     0     0   40.66667    0   81  557.00000   40.66667  92.7%     -    0s
     0     0   43.52728    0  100  557.00000   43.52728  92.2%     -    0s
     0     0   44.00000    0   80  557.00000   44.00000  92.1%     -    0s
     0     0   44.40351    0   89  557.00000   44.40351  92.0%     -    0s
     0     0   44.59829    0   96  557.00000   44.59829  92.0%     -    0s
     0     0   44.62500    0   92  557.00000   44.62500  92.0%     -    0s
     0     0   44.63211    0   93  557.00000   44.63211  92.0%     -    0s
     0     0   45.00000    0   88  557.00000   45.00000  91.9%     -    0s
     0     0   45.03914    0  101  557.00000   45.03914  91.9%     -    0s
     0     0   45.07692    0   91  557.00000   45.07692  91.9%     -    0s
     0     0   45.07692    0   91  557.00000   45.07692  91.9%     -    0s
     0     2   45.37415    0   89  557.00000   45.37415  91.9%     -    0s
*   47    18               9     533.0000000  130.50000  75.5%  41.5    0s
*   55    17              12     527.0000000  130.50000  75.2%  36.0    0s
*  101    12              12     489.0000000  282.66667  42.2%  27.9    0s
*  109    11               7     449.0000000  284.66667  36.6%  26.9    0s

Cutting planes:
  MIR: 9
  StrongCG: 1
  Zero half: 74
  RLT: 19
  BQP: 36

Explored 132 nodes (4466 simplex iterations) in 0.22 seconds (0.27 work units)
Thread count was 1 (of 12 available processors)

Solution count 10: 449 489 527 ... 1060

Optimal solution found (tolerance 1.00e-04)
Best objective 4.490000000000e+02, best bound 4.490000000000e+02, gap 0.0000%
449.0
