Set parameter Username
Academic license - for non-commercial use only - expires 2025-08-28
Set parameter Threads to value 1
Set parameter Method to value 4
Gurobi Optimizer version 11.0.0 build v11.0.0rc2 (mac64[arm] - Darwin 23.5.0 23F79)

CPU model: Apple M3 Pro
Thread count: 12 physical cores, 12 logical processors, using up to 1 threads

Optimize a model with 967 rows, 198 columns and 2869 nonzeros
Model fingerprint: 0x9f022e5d
Variable types: 122 continuous, 76 integer (76 binary)
Coefficient statistics:
  Matrix range     [1e+00, 1e+00]
  Objective range  [1e+01, 3e+02]
  Bounds range     [1e+00, 1e+00]
  RHS range        [1e+00, 2e+00]
Presolve removed 153 rows and 35 columns
Presolve time: 0.00s
Presolved: 814 rows, 163 columns, 2368 nonzeros
Variable types: 0 continuous, 163 integer (163 binary)
Found heuristic solution: objective 1452.0000000
Found heuristic solution: objective 1176.0000000
Found heuristic solution: objective 859.0000000

Root relaxation: objective 0.000000e+00, 107 iterations, 0.00 seconds (0.00 work units)

    Nodes    |    Current Node    |     Objective Bounds      |     Work
 Expl Unexpl |  Obj  Depth IntInf | Incumbent    BestBd   Gap | It/Node Time

     0     0    0.00000    0   40  859.00000    0.00000   100%     -    0s
H    0     0                     799.0000000    0.00000   100%     -    0s
     0     0    0.00000    0   65  799.00000    0.00000   100%     -    0s
     0     0    0.00000    0   54  799.00000    0.00000   100%     -    0s
     0     0    0.00000    0   63  799.00000    0.00000   100%     -    0s
     0     0   12.74419    0   71  799.00000   12.74419  98.4%     -    0s
H    0     0                     762.0000000   12.74419  98.3%     -    0s
     0     0   18.50497    0   86  762.00000   18.50497  97.6%     -    0s
     0     0   21.53283    0   84  762.00000   21.53283  97.2%     -    0s
     0     0   21.82879    0   88  762.00000   21.82879  97.1%     -    0s
     0     0   22.15189    0   78  762.00000   22.15189  97.1%     -    0s
     0     0   22.17796    0   80  762.00000   22.17796  97.1%     -    0s
     0     0   22.22333    0   80  762.00000   22.22333  97.1%     -    0s
     0     0   38.95223    0   92  762.00000   38.95223  94.9%     -    0s
     0     0   39.97534    0   91  762.00000   39.97534  94.8%     -    0s
     0     0   41.21422    0   89  762.00000   41.21422  94.6%     -    0s
     0     0   41.47498    0   93  762.00000   41.47498  94.6%     -    0s
     0     0   41.49957    0   94  762.00000   41.49957  94.6%     -    0s
     0     0   41.53003    0   94  762.00000   41.53003  94.5%     -    0s
     0     0   43.64643    0   90  762.00000   43.64643  94.3%     -    0s
     0     0   44.55952    0   91  762.00000   44.55952  94.2%     -    0s
     0     0   44.79672    0   92  762.00000   44.79672  94.1%     -    0s
     0     0   45.57184    0   92  762.00000   45.57184  94.0%     -    0s
     0     0   45.88175    0   92  762.00000   45.88175  94.0%     -    0s
     0     0   45.94158    0   92  762.00000   45.94158  94.0%     -    0s
     0     0   45.97144    0   94  762.00000   45.97144  94.0%     -    0s
     0     0   45.97333    0   94  762.00000   45.97333  94.0%     -    0s
     0     0   46.65000    0   91  762.00000   46.65000  93.9%     -    0s
H    0     0                     730.0000000   46.65000  93.6%     -    0s
     0     0   46.94167    0   93  730.00000   46.94167  93.6%     -    0s
     0     0   46.99291    0   91  730.00000   46.99291  93.6%     -    0s
     0     0   47.04313    0   92  730.00000   47.04313  93.6%     -    0s
     0     0   47.17776    0   93  730.00000   47.17776  93.5%     -    0s
     0     0   47.19859    0   93  730.00000   47.19859  93.5%     -    0s
     0     0   47.22951    0   95  730.00000   47.22951  93.5%     -    0s
     0     0   47.27805    0   95  730.00000   47.27805  93.5%     -    0s
     0     0   47.51910    0   92  730.00000   47.51910  93.5%     -    0s
     0     0   47.95735    0   92  730.00000   47.95735  93.4%     -    0s
     0     0   47.97308    0   92  730.00000   47.97308  93.4%     -    0s
     0     0   47.98812    0   91  730.00000   47.98812  93.4%     -    0s
     0     0   48.02192    0   91  730.00000   48.02192  93.4%     -    0s
     0     0   48.02439    0   87  730.00000   48.02439  93.4%     -    0s
     0     0   48.22490    0   91  730.00000   48.22490  93.4%     -    0s
     0     0   49.63964    0   95  730.00000   49.63964  93.2%     -    0s
     0     0   49.64404    0   95  730.00000   49.64404  93.2%     -    0s
     0     0   49.87805    0   89  730.00000   49.87805  93.2%     -    0s
H    0     0                     702.0000000   49.87805  92.9%     -    0s
     0     0   49.87805    0   91  702.00000   49.87805  92.9%     -    0s
     0     0   49.87805    0   91  702.00000   49.87805  92.9%     -    0s
H    0     0                     701.0000000   49.87805  92.9%     -    0s
     0     0   50.21369    0   89  701.00000   50.21369  92.8%     -    0s
     0     0   50.28455    0   91  701.00000   50.28455  92.8%     -    0s
     0     0   50.28455    0   92  701.00000   50.28455  92.8%     -    0s
     0     0   50.28455    0   93  701.00000   50.28455  92.8%     -    0s
     0     0   50.28455    0   92  701.00000   50.28455  92.8%     -    0s
     0     0   50.28455    0   90  701.00000   50.28455  92.8%     -    0s
     0     2   50.34244    0   88  701.00000   50.34244  92.8%     -    0s
H   27    20                     646.0000000   98.16667  84.8%  70.6    0s
H  105    40                     645.0000000  223.48309  65.4%  44.6    0s
*  180    57              12     642.0000000  272.56818  57.5%  36.7    0s
*  216    60              11     619.0000000  295.00000  52.3%  33.4    0s
*  298    59              14     611.0000000  404.00000  33.9%  31.4    0s
H  365    46                     559.0000000  426.00000  23.8%  29.2    0s

Cutting planes:
  MIR: 14
  Zero half: 114
  RLT: 20
  BQP: 25

Explored 471 nodes (14020 simplex iterations) in 0.45 seconds (0.54 work units)
Thread count was 1 (of 12 available processors)

Solution count 10: 559 611 619 ... 762

Optimal solution found (tolerance 1.00e-04)
Best objective 5.590000000000e+02, best bound 5.590000000000e+02, gap 0.0000%
559.0
