Set parameter Username
Academic license - for non-commercial use only - expires 2025-08-28
Set parameter Threads to value 1
Set parameter Method to value 4
Gurobi Optimizer version 11.0.0 build v11.0.0rc2 (mac64[arm] - Darwin 23.5.0 23F79)

CPU model: Apple M3 Pro
Thread count: 12 physical cores, 12 logical processors, using up to 1 threads

Optimize a model with 1042 rows, 211 columns and 3091 nonzeros
Model fingerprint: 0x79519a8f
Variable types: 131 continuous, 80 integer (80 binary)
Coefficient statistics:
  Matrix range     [1e+00, 1e+00]
  Objective range  [1e+01, 3e+02]
  Bounds range     [1e+00, 1e+00]
  RHS range        [1e+00, 2e+00]
Presolve removed 228 rows and 48 columns
Presolve time: 0.00s
Presolved: 814 rows, 163 columns, 2368 nonzeros
Variable types: 0 continuous, 163 integer (163 binary)
Found heuristic solution: objective 3206.0000000
Found heuristic solution: objective 3148.0000000
Found heuristic solution: objective 1234.0000000

Root relaxation: objective 0.000000e+00, 89 iterations, 0.00 seconds (0.00 work units)

    Nodes    |    Current Node    |     Objective Bounds      |     Work
 Expl Unexpl |  Obj  Depth IntInf | Incumbent    BestBd   Gap | It/Node Time

     0     0    0.00000    0   40 1234.00000    0.00000   100%     -    0s
H    0     0                    1102.0000000    0.00000   100%     -    0s
H    0     0                    1090.0000000    0.00000   100%     -    0s
     0     0    0.00000    0   63 1090.00000    0.00000   100%     -    0s
H    0     0                     953.0000000    0.00000   100%     -    0s
     0     0    0.00000    0   60  953.00000    0.00000   100%     -    0s
     0     0    0.00000    0   64  953.00000    0.00000   100%     -    0s
     0     0   16.00000    0   63  953.00000   16.00000  98.3%     -    0s
     0     0   18.00000    0   66  953.00000   18.00000  98.1%     -    0s
     0     0   49.13327    0  102  953.00000   49.13327  94.8%     -    0s
     0     0   53.05925    0  103  953.00000   53.05925  94.4%     -    0s
     0     0   53.51462    0  100  953.00000   53.51462  94.4%     -    0s
     0     0   53.54251    0  106  953.00000   53.54251  94.4%     -    0s
     0     0   65.47016    0   96  953.00000   65.47016  93.1%     -    0s
     0     0   66.45429    0   98  953.00000   66.45429  93.0%     -    0s
     0     0   68.97619    0   96  953.00000   68.97619  92.8%     -    0s
     0     0   69.02725    0   99  953.00000   69.02725  92.8%     -    0s
     0     0   69.08557    0   99  953.00000   69.08557  92.8%     -    0s
     0     0   69.13199    0   99  953.00000   69.13199  92.7%     -    0s
     0     0   69.15226    0   99  953.00000   69.15226  92.7%     -    0s
     0     0   69.15241    0   99  953.00000   69.15241  92.7%     -    0s
     0     0   74.91990    0   95  953.00000   74.91990  92.1%     -    0s
H    0     0                     937.0000000   74.91990  92.0%     -    0s
     0     0   75.05128    0   94  937.00000   75.05128  92.0%     -    0s
     0     0   77.12074    0   98  937.00000   77.12074  91.8%     -    0s
H    0     0                     927.0000000   77.12074  91.7%     -    0s
H    0     0                     816.0000000   77.12074  90.5%     -    0s
     0     0   79.11546    0   95  816.00000   79.11546  90.3%     -    0s
     0     0   79.33333    0   84  816.00000   79.33333  90.3%     -    0s
     0     0   79.46435    0  102  816.00000   79.46435  90.3%     -    0s
     0     0   79.69160    0  100  816.00000   79.69160  90.2%     -    0s
     0     0   79.75487    0  100  816.00000   79.75487  90.2%     -    0s
     0     0   79.75637    0  101  816.00000   79.75637  90.2%     -    0s
     0     0   84.30303    0  104  816.00000   84.30303  89.7%     -    0s
H    0     0                     741.0000000   84.30303  88.6%     -    0s
     0     0   84.82645    0   96  741.00000   84.82645  88.6%     -    0s
     0     0   84.88419    0   99  741.00000   84.88419  88.5%     -    0s
     0     0   84.90476    0   97  741.00000   84.90476  88.5%     -    0s
     0     0   84.90476    0   98  741.00000   84.90476  88.5%     -    0s
     0     0   84.91883    0   99  741.00000   84.91883  88.5%     -    0s
     0     0   85.32191    0   95  741.00000   85.32191  88.5%     -    0s
     0     0   85.45238    0   97  741.00000   85.45238  88.5%     -    0s
     0     0   85.59524    0   98  741.00000   85.59524  88.4%     -    0s
     0     0   85.59524    0   99  741.00000   85.59524  88.4%     -    0s
     0     0   85.59524    0   92  741.00000   85.59524  88.4%     -    0s
     0     2   85.83968    0   91  741.00000   85.83968  88.4%     -    0s
*   31    18               7     696.0000000  161.00000  76.9%  56.8    0s
*   32    17               8     653.0000000  161.00000  75.3%  55.1    0s
*  128    23              10     640.0000000  384.00000  40.0%  29.2    0s
*  131    20              11     598.0000000  384.00000  35.8%  28.7    0s

Cutting planes:
  MIR: 13
  Inf proof: 1
  Zero half: 61
  RLT: 13
  BQP: 20

Explored 180 nodes (6288 simplex iterations) in 0.28 seconds (0.35 work units)
Thread count was 1 (of 12 available processors)

Solution count 10: 598 640 653 ... 1090

Optimal solution found (tolerance 1.00e-04)
Best objective 5.980000000000e+02, best bound 5.980000000000e+02, gap 0.0000%
598.0
