Set parameter Username
Academic license - for non-commercial use only - expires 2025-08-28
Set parameter Threads to value 1
Set parameter Method to value 4
Gurobi Optimizer version 11.0.0 build v11.0.0rc2 (mac64[arm] - Darwin 23.5.0 23F79)

CPU model: Apple M3 Pro
Thread count: 12 physical cores, 12 logical processors, using up to 1 threads

Optimize a model with 1042 rows, 211 columns and 3091 nonzeros
Model fingerprint: 0x2d6de2f3
Variable types: 131 continuous, 80 integer (80 binary)
Coefficient statistics:
  Matrix range     [1e+00, 1e+00]
  Objective range  [1e+01, 3e+02]
  Bounds range     [1e+00, 1e+00]
  RHS range        [1e+00, 2e+00]
Presolve removed 163 rows and 37 columns
Presolve time: 0.00s
Presolved: 879 rows, 174 columns, 2556 nonzeros
Variable types: 0 continuous, 174 integer (174 binary)
Found heuristic solution: objective 3258.0000000
Found heuristic solution: objective 1314.0000000
Found heuristic solution: objective 998.0000000

Root relaxation: objective 0.000000e+00, 85 iterations, 0.00 seconds (0.00 work units)

    Nodes    |    Current Node    |     Objective Bounds      |     Work
 Expl Unexpl |  Obj  Depth IntInf | Incumbent    BestBd   Gap | It/Node Time

     0     0    0.00000    0   40  998.00000    0.00000   100%     -    0s
H    0     0                     961.0000000    0.00000   100%     -    0s
     0     0    0.00000    0   71  961.00000    0.00000   100%     -    0s
H    0     0                     789.0000000    0.00000   100%     -    0s
     0     0    0.00000    0   61  789.00000    0.00000   100%     -    0s
H    0     0                     787.0000000    0.00000   100%     -    0s
     0     0    0.00000    0   57  787.00000    0.00000   100%     -    0s
     0     0   25.95000    0   90  787.00000   25.95000  96.7%     -    0s
     0     0   34.69684    0   81  787.00000   34.69684  95.6%     -    0s
     0     0   35.96429    0   97  787.00000   35.96429  95.4%     -    0s
     0     0   36.05052    0  100  787.00000   36.05052  95.4%     -    0s
     0     0   50.94958    0   87  787.00000   50.94958  93.5%     -    0s
     0     0   51.66667    0   76  787.00000   51.66667  93.4%     -    0s
     0     0   57.82625    0  102  787.00000   57.82625  92.7%     -    0s
     0     0   58.76923    0  101  787.00000   58.76923  92.5%     -    0s
     0     0   59.04268    0  106  787.00000   59.04268  92.5%     -    0s
     0     0   59.06392    0  106  787.00000   59.06392  92.5%     -    0s
     0     0   59.12500    0  105  787.00000   59.12500  92.5%     -    0s
     0     0   59.12500    0  106  787.00000   59.12500  92.5%     -    0s
     0     0   63.83333    0   88  787.00000   63.83333  91.9%     -    0s
     0     0   64.54839    0  103  787.00000   64.54839  91.8%     -    0s
     0     0   65.01974    0  106  787.00000   65.01974  91.7%     -    0s
     0     0   65.57243    0  103  787.00000   65.57243  91.7%     -    0s
     0     0   65.65823    0  101  787.00000   65.65823  91.7%     -    0s
     0     0   65.83971    0  107  787.00000   65.83971  91.6%     -    0s
     0     0   65.84178    0  105  787.00000   65.84178  91.6%     -    0s
     0     0   66.33333    0   92  787.00000   66.33333  91.6%     -    0s
     0     0   67.36798    0  109  787.00000   67.36798  91.4%     -    0s
     0     0   67.63876    0  112  787.00000   67.63876  91.4%     -    0s
     0     0   67.71212    0  110  787.00000   67.71212  91.4%     -    0s
     0     0   67.76675    0  113  787.00000   67.76675  91.4%     -    0s
     0     0   67.84369    0  118  787.00000   67.84369  91.4%     -    0s
     0     0   67.91543    0  114  787.00000   67.91543  91.4%     -    0s
     0     0   67.96309    0  116  787.00000   67.96309  91.4%     -    0s
     0     0   67.96465    0  115  787.00000   67.96465  91.4%     -    0s
     0     0   68.02529    0  112  787.00000   68.02529  91.4%     -    0s
     0     0   68.03419    0  112  787.00000   68.03419  91.4%     -    0s
     0     0   68.04902    0  113  787.00000   68.04902  91.4%     -    0s
     0     0   68.04902    0  115  787.00000   68.04902  91.4%     -    0s
     0     0   68.04902    0  108  787.00000   68.04902  91.4%     -    0s
     0     2   68.26042    0  108  787.00000   68.26042  91.3%     -    0s
*   48    23              11     781.0000000  147.78571  81.1%  48.9    0s
H   60    27                     741.0000000  156.50000  78.9%  46.2    0s
*   62    27               9     719.0000000  156.50000  78.2%  45.1    0s
*   83    28              12     704.0000000  349.00000  50.4%  38.3    0s
H   87    24                     702.0000000  349.00000  50.3%  36.8    0s
H  198    29                     656.0000000  463.00000  29.4%  30.5    0s

Cutting planes:
  MIR: 11
  Zero half: 33
  RLT: 14
  BQP: 19

Explored 299 nodes (9339 simplex iterations) in 0.32 seconds (0.42 work units)
Thread count was 1 (of 12 available processors)

Solution count 10: 656 702 704 ... 998

Optimal solution found (tolerance 1.00e-04)
Best objective 6.560000000000e+02, best bound 6.560000000000e+02, gap 0.0000%
656.0
