Set parameter Username
Academic license - for non-commercial use only - expires 2025-08-28
Set parameter Threads to value 1
Set parameter Method to value 4
Gurobi Optimizer version 11.0.0 build v11.0.0rc2 (mac64[arm] - Darwin 23.5.0 23F79)

CPU model: Apple M3 Pro
Thread count: 12 physical cores, 12 logical processors, using up to 1 threads

Optimize a model with 1384 rows, 249 columns and 4128 nonzeros
Model fingerprint: 0x3d841d7b
Variable types: 149 continuous, 100 integer (100 binary)
Coefficient statistics:
  Matrix range     [1e+00, 1e+00]
  Objective range  [1e+01, 3e+02]
  Bounds range     [1e+00, 1e+00]
  RHS range        [1e+00, 2e+00]
Presolve removed 218 rows and 43 columns
Presolve time: 0.00s
Presolved: 1166 rows, 206 columns, 3405 nonzeros
Variable types: 0 continuous, 206 integer (206 binary)
Found heuristic solution: objective 3524.0000000
Found heuristic solution: objective 1337.0000000

Root relaxation: objective 0.000000e+00, 112 iterations, 0.00 seconds (0.00 work units)

    Nodes    |    Current Node    |     Objective Bounds      |     Work
 Expl Unexpl |  Obj  Depth IntInf | Incumbent    BestBd   Gap | It/Node Time

     0     0    0.00000    0   40 1337.00000    0.00000   100%     -    0s
H    0     0                    1326.0000000    0.00000   100%     -    0s
     0     0    0.00000    0   68 1326.00000    0.00000   100%     -    0s
H    0     0                    1307.0000000    0.00000   100%     -    0s
H    0     0                    1265.0000000    0.00000   100%     -    0s
H    0     0                    1138.0000000    0.00000   100%     -    0s
H    0     0                     988.0000000    0.00000   100%     -    0s
     0     0    0.00000    0   41  988.00000    0.00000   100%     -    0s
H    0     0                     824.0000000    0.00000   100%     -    0s
H    0     0                     530.0000000    0.00000   100%     -    0s
     0     0    0.00000    0   71  530.00000    0.00000   100%     -    0s
     0     0    0.00000    0   78  530.00000    0.00000   100%     -    0s
     0     0    0.00000    0   71  530.00000    0.00000   100%     -    0s
     0     0    0.00000    0   70  530.00000    0.00000   100%     -    0s
H    0     0                     528.0000000    0.00000   100%     -    0s
     0     2    0.00000    0   70  528.00000    0.00000   100%     -    0s
H   26    18                     498.0000000   20.00000  96.0%  53.9    0s
H   54    28                     497.0000000   27.00000  94.6%  41.9    0s
H  477    99                     494.0000000  133.00000  73.1%  33.3    0s
H  603   120                     493.0000000  177.00000  64.1%  32.1    0s
*  812   166              15     485.0000000  222.50000  54.1%  30.4    0s

Cutting planes:
  Inf proof: 13
  Zero half: 30
  RLT: 34
  BQP: 62

Explored 2303 nodes (61268 simplex iterations) in 2.01 seconds (2.56 work units)
Thread count was 1 (of 12 available processors)

Solution count 10: 485 493 494 ... 1138

Optimal solution found (tolerance 1.00e-04)
Best objective 4.850000000000e+02, best bound 4.850000000000e+02, gap 0.0000%
485.0
