Set parameter Username
Academic license - for non-commercial use only - expires 2025-08-28
Set parameter Threads to value 1
Set parameter Method to value 4
Gurobi Optimizer version 11.0.0 build v11.0.0rc2 (mac64[arm] - Darwin 23.5.0 23F79)

CPU model: Apple M3 Pro
Thread count: 12 physical cores, 12 logical processors, using up to 1 threads

Optimize a model with 1291 rows, 235 columns and 3851 nonzeros
Model fingerprint: 0x007361ad
Variable types: 140 continuous, 95 integer (95 binary)
Coefficient statistics:
  Matrix range     [1e+00, 1e+00]
  Objective range  [1e+01, 3e+02]
  Bounds range     [1e+00, 1e+00]
  RHS range        [1e+00, 2e+00]
Presolve removed 206 rows and 41 columns
Presolve time: 0.00s
Presolved: 1085 rows, 194 columns, 3170 nonzeros
Variable types: 0 continuous, 194 integer (194 binary)
Found heuristic solution: objective 3179.0000000
Found heuristic solution: objective 3107.0000000

Root relaxation: objective 0.000000e+00, 115 iterations, 0.00 seconds (0.00 work units)

    Nodes    |    Current Node    |     Objective Bounds      |     Work
 Expl Unexpl |  Obj  Depth IntInf | Incumbent    BestBd   Gap | It/Node Time

     0     0    0.00000    0   59 3107.00000    0.00000   100%     -    0s
H    0     0                    1503.0000000    0.00000   100%     -    0s
H    0     0                     815.0000000    0.00000   100%     -    0s
H    0     0                     755.0000000    0.00000   100%     -    0s
     0     0    0.00000    0   78  755.00000    0.00000   100%     -    0s
H    0     0                     591.0000000    0.00000   100%     -    0s
H    0     0                     566.0000000    0.00000   100%     -    0s
     0     0    0.00000    0   69  566.00000    0.00000   100%     -    0s
H    0     0                     553.0000000    0.00000   100%     -    0s
     0     0    0.00000    0   66  553.00000    0.00000   100%     -    0s
     0     0    0.00000    0   75  553.00000    0.00000   100%     -    0s
H    0     0                     491.0000000    0.00000   100%     -    0s
     0     0    0.00000    0   72  491.00000    0.00000   100%     -    0s
     0     0    0.00000    0   65  491.00000    0.00000   100%     -    0s
     0     0    0.00000    0   59  491.00000    0.00000   100%     -    0s
H    0     0                     475.0000000    0.00000   100%     -    0s
H    0     0                     449.0000000    0.00000   100%     -    0s
     0     2    0.00000    0   59  449.00000    0.00000   100%     -    0s
H  150    57                     416.0000000   42.25000  89.8%  43.4    0s
H  222    74                     386.0000000   49.16667  87.3%  38.6    0s
*  226    78              14     359.0000000   49.16667  86.3%  38.3    0s

Cutting planes:
  Gomory: 3
  MIR: 3
  Inf proof: 12
  Zero half: 52
  RLT: 34
  BQP: 36

Explored 1052 nodes (32475 simplex iterations) in 1.00 seconds (1.24 work units)
Thread count was 1 (of 12 available processors)

Solution count 10: 359 386 416 ... 755

Optimal solution found (tolerance 1.00e-04)
Best objective 3.590000000000e+02, best bound 3.590000000000e+02, gap 0.0000%
359.0
