Set parameter Username
Academic license - for non-commercial use only - expires 2025-08-28
Set parameter Threads to value 1
Set parameter Method to value 4
Gurobi Optimizer version 11.0.0 build v11.0.0rc2 (mac64[arm] - Darwin 23.5.0 23F79)

CPU model: Apple M3 Pro
Thread count: 12 physical cores, 12 logical processors, using up to 1 threads

Optimize a model with 1385 rows, 249 columns and 4129 nonzeros
Model fingerprint: 0x5b60d178
Variable types: 149 continuous, 100 integer (100 binary)
Coefficient statistics:
  Matrix range     [1e+00, 1e+00]
  Objective range  [1e+01, 3e+02]
  Bounds range     [1e+00, 1e+00]
  RHS range        [1e+00, 2e+00]
Presolve removed 224 rows and 44 columns
Presolve time: 0.00s
Presolved: 1161 rows, 205 columns, 3385 nonzeros
Variable types: 0 continuous, 205 integer (205 binary)
Found heuristic solution: objective 3238.0000000
Found heuristic solution: objective 1326.0000000
Found heuristic solution: objective 1254.0000000

Root relaxation: objective 0.000000e+00, 112 iterations, 0.00 seconds (0.00 work units)

    Nodes    |    Current Node    |     Objective Bounds      |     Work
 Expl Unexpl |  Obj  Depth IntInf | Incumbent    BestBd   Gap | It/Node Time

     0     0    0.00000    0   40 1254.00000    0.00000   100%     -    0s
H    0     0                     881.0000000    0.00000   100%     -    0s
     0     0    0.00000    0   88  881.00000    0.00000   100%     -    0s
H    0     0                     870.0000000    0.00000   100%     -    0s
     0     0    0.00000    0   62  870.00000    0.00000   100%     -    0s
H    0     0                     857.0000000    0.00000   100%     -    0s
     0     0    0.00000    0   60  857.00000    0.00000   100%     -    0s
     0     0    0.00000    0   66  857.00000    0.00000   100%     -    0s
H    0     0                     763.0000000    0.00000   100%     -    0s
H    0     0                     703.0000000    0.00000   100%     -    0s
     0     0    0.00000    0   76  703.00000    0.00000   100%     -    0s
     0     0    0.00000    0   89  703.00000    0.00000   100%     -    0s
     0     0    0.00000    0   82  703.00000    0.00000   100%     -    0s
H    0     0                     681.0000000    0.00000   100%     -    0s
     0     2    0.00000    0   58  681.00000    0.00000   100%     -    0s
H   27    25                     650.0000000   15.17391  97.7%  91.9    0s
*   76    52              16     572.0000000   43.50000  92.4%  61.1    0s
*   77    48              16     560.0000000   43.50000  92.2%  60.3    0s
*   80    43              17     552.0000000   43.50000  92.1%  58.4    0s
H  211    91                     535.0000000   86.00000  83.9%  56.0    0s
H  237    97                     505.0000000   93.56250  81.5%  56.6    0s
H  318   127                     484.0000000  118.00000  75.6%  53.5    0s

Cutting planes:
  MIR: 3
  Inf proof: 4
  Zero half: 84
  RLT: 24
  BQP: 36

Explored 1667 nodes (58020 simplex iterations) in 1.86 seconds (2.41 work units)
Thread count was 1 (of 12 available processors)

Solution count 10: 484 505 535 ... 763

Optimal solution found (tolerance 1.00e-04)
Best objective 4.840000000000e+02, best bound 4.840000000000e+02, gap 0.0000%
484.0
