Set parameter Username
Academic license - for non-commercial use only - expires 2025-08-28
Set parameter Threads to value 1
Set parameter Method to value 4
Gurobi Optimizer version 11.0.0 build v11.0.0rc2 (mac64[arm] - Darwin 23.5.0 23F79)

CPU model: Apple M3 Pro
Thread count: 12 physical cores, 12 logical processors, using up to 1 threads

Optimize a model with 1384 rows, 249 columns and 4128 nonzeros
Model fingerprint: 0xf45ecdce
Variable types: 149 continuous, 100 integer (100 binary)
Coefficient statistics:
  Matrix range     [1e+00, 1e+00]
  Objective range  [1e+01, 3e+02]
  Bounds range     [1e+00, 1e+00]
  RHS range        [1e+00, 2e+00]
Presolve removed 218 rows and 43 columns
Presolve time: 0.00s
Presolved: 1166 rows, 206 columns, 3405 nonzeros
Variable types: 0 continuous, 206 integer (206 binary)
Found heuristic solution: objective 3483.0000000
Found heuristic solution: objective 1351.0000000

Root relaxation: objective 0.000000e+00, 94 iterations, 0.00 seconds (0.00 work units)

    Nodes    |    Current Node    |     Objective Bounds      |     Work
 Expl Unexpl |  Obj  Depth IntInf | Incumbent    BestBd   Gap | It/Node Time

     0     0    0.00000    0   40 1351.00000    0.00000   100%     -    0s
H    0     0                    1198.0000000    0.00000   100%     -    0s
H    0     0                    1141.0000000    0.00000   100%     -    0s
     0     0    0.00000    0   59 1141.00000    0.00000   100%     -    0s
H    0     0                    1050.0000000    0.00000   100%     -    0s
H    0     0                     939.0000000    0.00000   100%     -    0s
     0     0    0.00000    0   58  939.00000    0.00000   100%     -    0s
H    0     0                     887.0000000    0.00000   100%     -    0s
H    0     0                     815.0000000    0.00000   100%     -    0s
     0     0    0.00000    0   64  815.00000    0.00000   100%     -    0s
     0     0    0.00000    0   82  815.00000    0.00000   100%     -    0s
     0     0    0.00000    0   86  815.00000    0.00000   100%     -    0s
     0     0    0.00000    0   84  815.00000    0.00000   100%     -    0s
     0     2    0.00000    0   84  815.00000    0.00000   100%     -    0s
H   52    43                     752.0000000   15.00000  98.0%  58.5    0s
H   87    66                     751.0000000   27.33333  96.4%  59.0    0s
H  117    73                     724.0000000   44.66667  93.8%  56.0    0s
*  122    67              15     611.0000000   44.66667  92.7%  54.4    0s
*  123    65              15     598.0000000   44.66667  92.5%  54.0    0s
*  127    63              14     586.0000000   44.66667  92.4%  52.4    0s
H  139    67                     559.0000000   46.66667  91.7%  50.6    0s
*  142    66              13     545.0000000   46.66667  91.4%  49.7    0s
*  147    64              13     543.0000000   46.66667  91.4%  48.2    0s
H  497   139                     537.0000000  191.00000  64.4%  40.2    0s
H  592   136                     521.0000000  245.00000  53.0%  38.1    0s
H  673   125                     499.0000000  252.39130  49.4%  36.7    0s

Cutting planes:
  Gomory: 4
  MIR: 1
  Inf proof: 7
  Zero half: 42
  RLT: 38
  BQP: 35

Explored 1353 nodes (42384 simplex iterations) in 1.36 seconds (1.72 work units)
Thread count was 1 (of 12 available processors)

Solution count 10: 499 521 537 ... 724

Optimal solution found (tolerance 1.00e-04)
Best objective 4.990000000000e+02, best bound 4.990000000000e+02, gap 0.0000%
499.0
