Set parameter Username
Academic license - for non-commercial use only - expires 2025-08-28
Set parameter Threads to value 1
Set parameter Method to value 4
Gurobi Optimizer version 11.0.0 build v11.0.0rc2 (mac64[arm] - Darwin 23.5.0 23F79)

CPU model: Apple M3 Pro
Thread count: 12 physical cores, 12 logical processors, using up to 1 threads

Optimize a model with 1291 rows, 235 columns and 3851 nonzeros
Model fingerprint: 0x0409955d
Variable types: 140 continuous, 95 integer (95 binary)
Coefficient statistics:
  Matrix range     [1e+00, 1e+00]
  Objective range  [1e+01, 3e+02]
  Bounds range     [1e+00, 1e+00]
  RHS range        [1e+00, 2e+00]
Presolve removed 206 rows and 41 columns
Presolve time: 0.00s
Presolved: 1085 rows, 194 columns, 3170 nonzeros
Variable types: 0 continuous, 194 integer (194 binary)
Found heuristic solution: objective 3198.0000000
Found heuristic solution: objective 3137.0000000

Root relaxation: objective 0.000000e+00, 115 iterations, 0.00 seconds (0.00 work units)

    Nodes    |    Current Node    |     Objective Bounds      |     Work
 Expl Unexpl |  Obj  Depth IntInf | Incumbent    BestBd   Gap | It/Node Time

     0     0    0.00000    0   59 3137.00000    0.00000   100%     -    0s
H    0     0                    1523.0000000    0.00000   100%     -    0s
H    0     0                     827.0000000    0.00000   100%     -    0s
H    0     0                     767.0000000    0.00000   100%     -    0s
     0     0    0.00000    0   78  767.00000    0.00000   100%     -    0s
H    0     0                     603.0000000    0.00000   100%     -    0s
H    0     0                     578.0000000    0.00000   100%     -    0s
     0     0    0.00000    0   69  578.00000    0.00000   100%     -    0s
H    0     0                     541.0000000    0.00000   100%     -    0s
     0     0    0.00000    0   66  541.00000    0.00000   100%     -    0s
     0     0    0.00000    0   65  541.00000    0.00000   100%     -    0s
     0     0    0.00000    0   77  541.00000    0.00000   100%     -    0s
     0     0    0.00000    0   75  541.00000    0.00000   100%     -    0s
     0     0    0.00000    0   62  541.00000    0.00000   100%     -    0s
H    0     0                     429.0000000    0.00000   100%     -    0s
H    0     0                     426.0000000    0.00000   100%     -    0s
     0     2    0.00000    0   56  426.00000    0.00000   100%     -    0s
*   40    24              10     387.0000000   20.66667  94.7%  52.0    0s
H  193    30                     380.0000000  207.50000  45.4%  34.0    0s
*  245    29              13     378.0000000  248.00000  34.4%  30.1    0s
*  262    24              10     367.0000000  257.33333  29.9%  28.9    0s

Cutting planes:
  Zero half: 25
  RLT: 26
  BQP: 27

Explored 331 nodes (10023 simplex iterations) in 0.35 seconds (0.44 work units)
Thread count was 1 (of 12 available processors)

Solution count 10: 367 378 380 ... 767

Optimal solution found (tolerance 1.00e-04)
Best objective 3.670000000000e+02, best bound 3.670000000000e+02, gap 0.0000%
367.0
