Set parameter Username
Academic license - for non-commercial use only - expires 2025-08-28
Set parameter Threads to value 1
Set parameter Method to value 4
Gurobi Optimizer version 11.0.0 build v11.0.0rc2 (mac64[arm] - Darwin 23.5.0 23F79)

CPU model: Apple M3 Pro
Thread count: 12 physical cores, 12 logical processors, using up to 1 threads

Optimize a model with 1384 rows, 249 columns and 4128 nonzeros
Model fingerprint: 0x5086555b
Variable types: 149 continuous, 100 integer (100 binary)
Coefficient statistics:
  Matrix range     [1e+00, 1e+00]
  Objective range  [1e+01, 3e+02]
  Bounds range     [1e+00, 1e+00]
  RHS range        [1e+00, 2e+00]
Presolve removed 218 rows and 43 columns
Presolve time: 0.00s
Presolved: 1166 rows, 206 columns, 3405 nonzeros
Variable types: 0 continuous, 206 integer (206 binary)
Found heuristic solution: objective 3500.0000000
Found heuristic solution: objective 3210.0000000

Root relaxation: objective 0.000000e+00, 94 iterations, 0.00 seconds (0.00 work units)

    Nodes    |    Current Node    |     Objective Bounds      |     Work
 Expl Unexpl |  Obj  Depth IntInf | Incumbent    BestBd   Gap | It/Node Time

     0     0    0.00000    0   40 3210.00000    0.00000   100%     -    0s
H    0     0                    1200.0000000    0.00000   100%     -    0s
H    0     0                    1128.0000000    0.00000   100%     -    0s
     0     0    0.00000    0   59 1128.00000    0.00000   100%     -    0s
H    0     0                    1011.0000000    0.00000   100%     -    0s
H    0     0                     972.0000000    0.00000   100%     -    0s
     0     0    0.00000    0   73  972.00000    0.00000   100%     -    0s
H    0     0                     880.0000000    0.00000   100%     -    0s
     0     0    0.00000    0   73  880.00000    0.00000   100%     -    0s
     0     0    0.00000    0   70  880.00000    0.00000   100%     -    0s
     0     0    0.00000    0   73  880.00000    0.00000   100%     -    0s
     0     0    0.00000    0   69  880.00000    0.00000   100%     -    0s
     0     0    0.00000    0   69  880.00000    0.00000   100%     -    0s
H    0     0                     633.0000000    0.00000   100%     -    0s
     0     2    0.00000    0   69  633.00000    0.00000   100%     -    0s
H   54    36                     602.0000000   16.33333  97.3%  54.1    0s
H  162    77                     588.0000000  155.00000  73.6%  49.5    0s
H  266   106                     557.0000000  189.50000  66.0%  44.9    0s
H  292   106                     535.0000000  194.19608  63.7%  44.0    0s
*  593   143              13     528.0000000  327.00000  38.1%  38.9    0s
*  639   135              12     516.0000000  333.25000  35.4%  37.9    0s

Cutting planes:
  Gomory: 2
  Flow cover: 1
  Zero half: 35
  RLT: 35
  BQP: 46

Explored 1104 nodes (36810 simplex iterations) in 1.12 seconds (1.42 work units)
Thread count was 1 (of 12 available processors)

Solution count 10: 516 528 535 ... 1011

Optimal solution found (tolerance 1.00e-04)
Best objective 5.160000000000e+02, best bound 5.160000000000e+02, gap 0.0000%
516.0
