Set parameter Username
Academic license - for non-commercial use only - expires 2025-08-28
Set parameter Threads to value 1
Set parameter Method to value 4
Gurobi Optimizer version 11.0.0 build v11.0.0rc2 (mac64[arm] - Darwin 23.5.0 23F79)

CPU model: Apple M3 Pro
Thread count: 12 physical cores, 12 logical processors, using up to 1 threads

Optimize a model with 1478 rows, 263 columns and 4406 nonzeros
Model fingerprint: 0x2015c9a3
Variable types: 158 continuous, 105 integer (105 binary)
Coefficient statistics:
  Matrix range     [1e+00, 1e+00]
  Objective range  [1e+01, 3e+02]
  Bounds range     [1e+00, 1e+00]
  RHS range        [1e+00, 2e+00]
Presolve removed 236 rows and 46 columns
Presolve time: 0.00s
Presolved: 1242 rows, 217 columns, 3620 nonzeros
Variable types: 0 continuous, 217 integer (217 binary)
Found heuristic solution: objective 3884.0000000
Found heuristic solution: objective 1352.0000000

Root relaxation: objective 0.000000e+00, 110 iterations, 0.00 seconds (0.00 work units)

    Nodes    |    Current Node    |     Objective Bounds      |     Work
 Expl Unexpl |  Obj  Depth IntInf | Incumbent    BestBd   Gap | It/Node Time

     0     0    0.00000    0   42 1352.00000    0.00000   100%     -    0s
H    0     0                    1007.0000000    0.00000   100%     -    0s
H    0     0                     963.0000000    0.00000   100%     -    0s
     0     0    0.00000    0   75  963.00000    0.00000   100%     -    0s
H    0     0                     786.0000000    0.00000   100%     -    0s
     0     0    0.00000    0   81  786.00000    0.00000   100%     -    0s
H    0     0                     780.0000000    0.00000   100%     -    0s
     0     0    0.00000    0   78  780.00000    0.00000   100%     -    0s
     0     0    0.00000    0   85  780.00000    0.00000   100%     -    0s
H    0     0                     743.0000000    0.00000   100%     -    0s
     0     0    0.00000    0   92  743.00000    0.00000   100%     -    0s
     0     0    0.00000    0   83  743.00000    0.00000   100%     -    0s
     0     0    0.00000    0   83  743.00000    0.00000   100%     -    0s
     0     2    0.00000    0   83  743.00000    0.00000   100%     -    0s
*   23    22              15     672.0000000   27.00000  96.0%  59.7    0s
*   24    21              15     667.0000000   27.00000  96.0%  57.2    0s
*   26    21              16     642.0000000   27.00000  95.8%  53.0    0s
H   29    15                     570.0000000   27.00000  95.3%  47.5    0s
*   82    54              13     552.0000000   77.00000  86.1%  52.9    0s
H  365   102                     526.0000000  226.75000  56.9%  38.0    0s

Cutting planes:
  Gomory: 5
  MIR: 1
  Inf proof: 9
  Zero half: 49
  RLT: 22
  BQP: 47

Explored 1476 nodes (45070 simplex iterations) in 1.69 seconds (1.93 work units)
Thread count was 1 (of 12 available processors)

Solution count 10: 526 552 570 ... 963

Optimal solution found (tolerance 1.00e-04)
Best objective 5.260000000000e+02, best bound 5.260000000000e+02, gap 0.0000%
526.0
