Set parameter Username
Academic license - for non-commercial use only - expires 2025-08-28
Set parameter Threads to value 1
Set parameter Method to value 4
Gurobi Optimizer version 11.0.0 build v11.0.0rc2 (mac64[arm] - Darwin 23.5.0 23F79)

CPU model: Apple M3 Pro
Thread count: 12 physical cores, 12 logical processors, using up to 1 threads

Optimize a model with 1384 rows, 249 columns and 4128 nonzeros
Model fingerprint: 0xf4773baf
Variable types: 149 continuous, 100 integer (100 binary)
Coefficient statistics:
  Matrix range     [1e+00, 1e+00]
  Objective range  [1e+01, 3e+02]
  Bounds range     [1e+00, 1e+00]
  RHS range        [1e+00, 2e+00]
Presolve removed 218 rows and 43 columns
Presolve time: 0.00s
Presolved: 1166 rows, 206 columns, 3405 nonzeros
Variable types: 0 continuous, 206 integer (206 binary)
Found heuristic solution: objective 3484.0000000
Found heuristic solution: objective 1346.0000000

Root relaxation: objective 0.000000e+00, 94 iterations, 0.00 seconds (0.00 work units)

    Nodes    |    Current Node    |     Objective Bounds      |     Work
 Expl Unexpl |  Obj  Depth IntInf | Incumbent    BestBd   Gap | It/Node Time

     0     0    0.00000    0   40 1346.00000    0.00000   100%     -    0s
H    0     0                    1190.0000000    0.00000   100%     -    0s
H    0     0                    1130.0000000    0.00000   100%     -    0s
     0     0    0.00000    0   59 1130.00000    0.00000   100%     -    0s
     0     0    0.00000    0   42 1130.00000    0.00000   100%     -    0s
     0     0    0.00000    0   68 1130.00000    0.00000   100%     -    0s
H    0     0                     929.0000000    0.00000   100%     -    0s
     0     0    0.00000    0   66  929.00000    0.00000   100%     -    0s
     0     0    0.00000    0   75  929.00000    0.00000   100%     -    0s
     0     0    0.00000    0   75  929.00000    0.00000   100%     -    0s
H    0     0                     875.0000000    0.00000   100%     -    0s
     0     2    0.00000    0   66  875.00000    0.00000   100%     -    0s
*   51    35              14     709.0000000   24.31250  96.6%  60.6    0s
*   53    33              15     697.0000000   24.31250  96.5%  58.4    0s
H   82    40                     584.0000000   89.94737  84.6%  58.3    0s
*  342   138              12     525.0000000  199.50000  62.0%  49.6    0s
H  344   126                     511.0000000  199.50000  61.0%  49.4    0s
H  397   126                     498.0000000  221.25000  55.6%  46.1    0s

Cutting planes:
  Gomory: 1
  MIR: 4
  Inf proof: 1
  Zero half: 38
  RLT: 22
  BQP: 31

Explored 1169 nodes (40488 simplex iterations) in 1.24 seconds (1.57 work units)
Thread count was 1 (of 12 available processors)

Solution count 10: 498 511 525 ... 1190

Optimal solution found (tolerance 1.00e-04)
Best objective 4.980000000000e+02, best bound 4.980000000000e+02, gap 0.0000%
498.0
