Set parameter Username
Academic license - for non-commercial use only - expires 2025-08-28
Set parameter Threads to value 1
Set parameter Method to value 4
Gurobi Optimizer version 11.0.0 build v11.0.0rc2 (mac64[arm] - Darwin 23.5.0 23F79)

CPU model: Apple M3 Pro
Thread count: 12 physical cores, 12 logical processors, using up to 1 threads

Optimize a model with 1291 rows, 235 columns and 3851 nonzeros
Model fingerprint: 0x67fd3fc5
Variable types: 140 continuous, 95 integer (95 binary)
Coefficient statistics:
  Matrix range     [1e+00, 1e+00]
  Objective range  [1e+01, 3e+02]
  Bounds range     [1e+00, 1e+00]
  RHS range        [1e+00, 2e+00]
Presolve removed 206 rows and 41 columns
Presolve time: 0.00s
Presolved: 1085 rows, 194 columns, 3170 nonzeros
Variable types: 0 continuous, 194 integer (194 binary)
Found heuristic solution: objective 2953.0000000
Found heuristic solution: objective 1260.0000000

Root relaxation: objective 0.000000e+00, 116 iterations, 0.00 seconds (0.00 work units)

    Nodes    |    Current Node    |     Objective Bounds      |     Work
 Expl Unexpl |  Obj  Depth IntInf | Incumbent    BestBd   Gap | It/Node Time

     0     0    0.00000    0   52 1260.00000    0.00000   100%     -    0s
H    0     0                    1042.0000000    0.00000   100%     -    0s
     0     0    0.00000    0   81 1042.00000    0.00000   100%     -    0s
     0     0    0.00000    0   58 1042.00000    0.00000   100%     -    0s
H    0     0                     932.0000000    0.00000   100%     -    0s
H    0     0                     904.0000000    0.00000   100%     -    0s
     0     0    0.00000    0   60  904.00000    0.00000   100%     -    0s
     0     0    0.00000    0   86  904.00000    0.00000   100%     -    0s
H    0     0                     758.0000000    0.00000   100%     -    0s
H    0     0                     732.0000000    0.00000   100%     -    0s
     0     0    0.00000    0   86  732.00000    0.00000   100%     -    0s
     0     0    0.00000    0   76  732.00000    0.00000   100%     -    0s
     0     0    0.00000    0   76  732.00000    0.00000   100%     -    0s
H    0     0                     716.0000000    0.00000   100%     -    0s
     0     2    0.00000    0   76  716.00000    0.00000   100%     -    0s
H   27    25                     714.0000000   16.91803  97.6%  57.7    0s
H   82    61                     668.0000000   55.50000  91.7%  53.6    0s
H  139    90                     632.0000000   58.19444  90.8%  47.0    0s
H  185    91                     611.0000000   78.00000  87.2%  44.7    0s
H  196    91                     572.0000000   78.50000  86.3%  45.2    0s
H  212    96                     547.0000000   78.50000  85.6%  45.3    0s
H  240   101                     508.0000000   84.44565  83.4%  46.5    0s
*  377   149              15     506.0000000  111.30000  78.0%  45.3    0s
H  388   135                     469.0000000  118.00000  74.8%  45.1    0s
H  586   142                     460.0000000  163.31250  64.5%  39.6    0s

Cutting planes:
  Gomory: 1
  MIR: 4
  StrongCG: 1
  Inf proof: 6
  Zero half: 49
  RLT: 25
  BQP: 44

Explored 1566 nodes (49840 simplex iterations) in 1.57 seconds (1.92 work units)
Thread count was 1 (of 12 available processors)

Solution count 10: 460 469 506 ... 714

Optimal solution found (tolerance 1.00e-04)
Best objective 4.600000000000e+02, best bound 4.600000000000e+02, gap 0.0000%
460.0
