Set parameter Username
Academic license - for non-commercial use only - expires 2025-08-28
Set parameter Threads to value 1
Set parameter Method to value 4
Gurobi Optimizer version 11.0.0 build v11.0.0rc2 (mac64[arm] - Darwin 23.5.0 23F79)

CPU model: Apple M3 Pro
Thread count: 12 physical cores, 12 logical processors, using up to 1 threads

Optimize a model with 1478 rows, 263 columns and 4406 nonzeros
Model fingerprint: 0x56c152fd
Variable types: 158 continuous, 105 integer (105 binary)
Coefficient statistics:
  Matrix range     [1e+00, 1e+00]
  Objective range  [1e+01, 3e+02]
  Bounds range     [1e+00, 1e+00]
  RHS range        [1e+00, 2e+00]
Presolve removed 236 rows and 46 columns
Presolve time: 0.01s
Presolved: 1242 rows, 217 columns, 3620 nonzeros
Variable types: 0 continuous, 217 integer (217 binary)
Found heuristic solution: objective 3898.0000000
Found heuristic solution: objective 1366.0000000

Root relaxation: objective 0.000000e+00, 110 iterations, 0.00 seconds (0.00 work units)

    Nodes    |    Current Node    |     Objective Bounds      |     Work
 Expl Unexpl |  Obj  Depth IntInf | Incumbent    BestBd   Gap | It/Node Time

     0     0    0.00000    0   42 1366.00000    0.00000   100%     -    0s
H    0     0                    1300.0000000    0.00000   100%     -    0s
H    0     0                    1252.0000000    0.00000   100%     -    0s
H    0     0                    1171.0000000    0.00000   100%     -    0s
     0     0    0.00000    0   77 1171.00000    0.00000   100%     -    0s
H    0     0                    1080.0000000    0.00000   100%     -    0s
     0     0    0.00000    0   51 1080.00000    0.00000   100%     -    0s
H    0     0                    1077.0000000    0.00000   100%     -    0s
     0     0    0.00000    0   57 1077.00000    0.00000   100%     -    0s
H    0     0                     921.0000000    0.00000   100%     -    0s
     0     0    0.00000    0   87  921.00000    0.00000   100%     -    0s
     0     0    0.00000    0   89  921.00000    0.00000   100%     -    0s
     0     0    0.00000    0   69  921.00000    0.00000   100%     -    0s
H    0     0                     846.0000000    0.00000   100%     -    0s
     0     2    0.00000    0   69  846.00000    0.00000   100%     -    0s
H   27    27                     843.0000000    0.00000   100%  71.7    0s
H   54    33                     789.0000000   38.00000  95.2%  61.6    0s
*   73    46              19     655.0000000   38.00000  94.2%  65.1    0s
*  143    72              15     638.0000000   73.44444  88.5%  55.9    0s
H  158    67                     636.0000000   73.44444  88.5%  51.8    0s
H  184    66                     573.0000000   73.44444  87.2%  48.6    0s
*  187    67              14     565.0000000   73.44444  87.0%  48.3    0s
*  263    84              15     560.0000000  150.92975  73.0%  47.5    0s
H  547   117                     539.0000000  279.60345  48.1%  45.2    0s
* 1212    71              16     532.0000000  432.66667  18.7%  39.7    1s

Cutting planes:
  Gomory: 1
  MIR: 2
  Inf proof: 5
  Zero half: 57
  RLT: 32
  BQP: 54

Explored 1352 nodes (53471 simplex iterations) in 1.80 seconds (2.27 work units)
Thread count was 1 (of 12 available processors)

Solution count 10: 532 539 560 ... 843

Optimal solution found (tolerance 1.00e-04)
Best objective 5.320000000000e+02, best bound 5.320000000000e+02, gap 0.0000%
532.0
