Set parameter Username
Academic license - for non-commercial use only - expires 2025-08-28
Set parameter Threads to value 1
Set parameter Method to value 4
Gurobi Optimizer version 11.0.0 build v11.0.0rc2 (mac64[arm] - Darwin 23.5.0 23F79)

CPU model: Apple M3 Pro
Thread count: 12 physical cores, 12 logical processors, using up to 1 threads

Optimize a model with 1291 rows, 235 columns and 3851 nonzeros
Model fingerprint: 0x3a895c95
Variable types: 140 continuous, 95 integer (95 binary)
Coefficient statistics:
  Matrix range     [1e+00, 1e+00]
  Objective range  [1e+01, 3e+02]
  Bounds range     [1e+00, 1e+00]
  RHS range        [1e+00, 2e+00]
Presolve removed 206 rows and 41 columns
Presolve time: 0.00s
Presolved: 1085 rows, 194 columns, 3170 nonzeros
Variable types: 0 continuous, 194 integer (194 binary)
Found heuristic solution: objective 2967.0000000
Found heuristic solution: objective 1221.0000000

Root relaxation: objective 0.000000e+00, 116 iterations, 0.00 seconds (0.00 work units)

    Nodes    |    Current Node    |     Objective Bounds      |     Work
 Expl Unexpl |  Obj  Depth IntInf | Incumbent    BestBd   Gap | It/Node Time

     0     0    0.00000    0   52 1221.00000    0.00000   100%     -    0s
H    0     0                    1025.0000000    0.00000   100%     -    0s
H    0     0                     840.0000000    0.00000   100%     -    0s
     0     0    0.00000    0   90  840.00000    0.00000   100%     -    0s
     0     0    0.00000    0   73  840.00000    0.00000   100%     -    0s
H    0     0                     753.0000000    0.00000   100%     -    0s
H    0     0                     729.0000000    0.00000   100%     -    0s
     0     0    0.00000    0   76  729.00000    0.00000   100%     -    0s
     0     0    0.00000    0   52  729.00000    0.00000   100%     -    0s
     0     0    0.00000    0   73  729.00000    0.00000   100%     -    0s
     0     0    0.00000    0   78  729.00000    0.00000   100%     -    0s
     0     0    0.00000    0   78  729.00000    0.00000   100%     -    0s
H    0     0                     690.0000000    0.00000   100%     -    0s
     0     2    0.00000    0   78  690.00000    0.00000   100%     -    0s
*   22    22              12     601.0000000   21.50000  96.4%  54.5    0s
H   29    20                     531.0000000   21.50000  96.0%  43.0    0s
*   70    40              10     513.0000000   94.00000  81.7%  36.7    0s
*  121    47              11     441.0000000  144.85714  67.2%  38.3    0s
H  244    51                     426.0000000  178.50000  58.1%  32.0    0s

Cutting planes:
  MIR: 6
  Inf proof: 1
  Zero half: 55
  RLT: 18
  BQP: 47

Explored 545 nodes (17046 simplex iterations) in 0.55 seconds (0.75 work units)
Thread count was 1 (of 12 available processors)

Solution count 10: 426 441 513 ... 1025

Optimal solution found (tolerance 1.00e-04)
Best objective 4.260000000000e+02, best bound 4.260000000000e+02, gap 0.0000%
426.0
