Set parameter Username
Academic license - for non-commercial use only - expires 2025-08-28
Set parameter Threads to value 1
Set parameter Method to value 4
Gurobi Optimizer version 11.0.0 build v11.0.0rc2 (mac64[arm] - Darwin 23.5.0 23F79)

CPU model: Apple M3 Pro
Thread count: 12 physical cores, 12 logical processors, using up to 1 threads

Optimize a model with 1291 rows, 235 columns and 3851 nonzeros
Model fingerprint: 0x1d826a0b
Variable types: 140 continuous, 95 integer (95 binary)
Coefficient statistics:
  Matrix range     [1e+00, 1e+00]
  Objective range  [1e+01, 3e+02]
  Bounds range     [1e+00, 1e+00]
  RHS range        [1e+00, 2e+00]
Presolve removed 206 rows and 41 columns
Presolve time: 0.00s
Presolved: 1085 rows, 194 columns, 3170 nonzeros
Variable types: 0 continuous, 194 integer (194 binary)
Found heuristic solution: objective 2993.0000000
Found heuristic solution: objective 1238.0000000

Root relaxation: objective 0.000000e+00, 116 iterations, 0.00 seconds (0.00 work units)

    Nodes    |    Current Node    |     Objective Bounds      |     Work
 Expl Unexpl |  Obj  Depth IntInf | Incumbent    BestBd   Gap | It/Node Time

     0     0    0.00000    0   52 1238.00000    0.00000   100%     -    0s
H    0     0                    1034.0000000    0.00000   100%     -    0s
     0     0    0.00000    0   81 1034.00000    0.00000   100%     -    0s
H    0     0                    1010.0000000    0.00000   100%     -    0s
     0     0    0.00000    0   51 1010.00000    0.00000   100%     -    0s
H    0     0                     770.0000000    0.00000   100%     -    0s
     0     0    0.00000    0   49  770.00000    0.00000   100%     -    0s
     0     0    0.00000    0   54  770.00000    0.00000   100%     -    0s
H    0     0                     628.0000000    0.00000   100%     -    0s
H    0     0                     580.0000000    0.00000   100%     -    0s
     0     0    0.00000    0   79  580.00000    0.00000   100%     -    0s
     0     0    0.00000    0   73  580.00000    0.00000   100%     -    0s
     0     0    0.00000    0   58  580.00000    0.00000   100%     -    0s
H    0     0                     573.0000000    0.00000   100%     -    0s
     0     2    0.00000    0   58  573.00000    0.00000   100%     -    0s
H   32    22                     494.0000000   26.28571  94.7%  50.1    0s
H  136    73                     483.0000000   42.66667  91.2%  43.4    0s
*  233    93              13     456.0000000   78.00000  82.9%  36.7    0s
*  245    93              10     446.0000000   86.00000  80.7%  36.2    0s
*  249    93              11     436.0000000   86.00000  80.3%  35.8    0s

Cutting planes:
  Gomory: 1
  MIR: 2
  Inf proof: 3
  Zero half: 40
  RLT: 20
  BQP: 43

Explored 1719 nodes (53188 simplex iterations) in 1.65 seconds (2.07 work units)
Thread count was 1 (of 12 available processors)

Solution count 10: 436 446 456 ... 1010

Optimal solution found (tolerance 1.00e-04)
Best objective 4.360000000000e+02, best bound 4.360000000000e+02, gap 0.0000%
436.0
