Set parameter Username
Academic license - for non-commercial use only - expires 2025-08-28
Set parameter Threads to value 1
Set parameter Method to value 4
Gurobi Optimizer version 11.0.0 build v11.0.0rc2 (mac64[arm] - Darwin 23.5.0 23F79)

CPU model: Apple M3 Pro
Thread count: 12 physical cores, 12 logical processors, using up to 1 threads

Optimize a model with 1291 rows, 235 columns and 3851 nonzeros
Model fingerprint: 0x740a0442
Variable types: 140 continuous, 95 integer (95 binary)
Coefficient statistics:
  Matrix range     [1e+00, 1e+00]
  Objective range  [1e+01, 3e+02]
  Bounds range     [1e+00, 1e+00]
  RHS range        [1e+00, 2e+00]
Presolve removed 206 rows and 41 columns
Presolve time: 0.00s
Presolved: 1085 rows, 194 columns, 3170 nonzeros
Variable types: 0 continuous, 194 integer (194 binary)
Found heuristic solution: objective 3191.0000000
Found heuristic solution: objective 3125.0000000

Root relaxation: objective 0.000000e+00, 115 iterations, 0.00 seconds (0.00 work units)

    Nodes    |    Current Node    |     Objective Bounds      |     Work
 Expl Unexpl |  Obj  Depth IntInf | Incumbent    BestBd   Gap | It/Node Time

     0     0    0.00000    0   59 3125.00000    0.00000   100%     -    0s
H    0     0                    1512.0000000    0.00000   100%     -    0s
H    0     0                     821.0000000    0.00000   100%     -    0s
H    0     0                     761.0000000    0.00000   100%     -    0s
     0     0    0.00000    0   78  761.00000    0.00000   100%     -    0s
H    0     0                     595.0000000    0.00000   100%     -    0s
H    0     0                     570.0000000    0.00000   100%     -    0s
     0     0    0.00000    0   55  570.00000    0.00000   100%     -    0s
H    0     0                     567.0000000    0.00000   100%     -    0s
     0     0    0.00000    0   53  567.00000    0.00000   100%     -    0s
     0     0    0.00000    0   71  567.00000    0.00000   100%     -    0s
H    0     0                     554.0000000    0.00000   100%     -    0s
     0     0    0.00000    0   73  554.00000    0.00000   100%     -    0s
     0     0    0.00000    0   76  554.00000    0.00000   100%     -    0s
     0     0    0.00000    0   76  554.00000    0.00000   100%     -    0s
H    0     0                     485.0000000    0.00000   100%     -    0s
     0     2    0.00000    0   70  485.00000    0.00000   100%     -    0s
H  192    50                     410.0000000  148.75000  63.7%  39.9    0s
*  240    58              11     369.0000000  155.89362  57.8%  36.1    0s
*  523    24               9     361.0000000  306.00000  15.2%  29.2    0s

Cutting planes:
  Gomory: 2
  MIR: 4
  Inf proof: 2
  Zero half: 35
  RLT: 29
  BQP: 30

Explored 558 nodes (17262 simplex iterations) in 0.53 seconds (0.69 work units)
Thread count was 1 (of 12 available processors)

Solution count 10: 361 369 410 ... 821

Optimal solution found (tolerance 1.00e-04)
Best objective 3.610000000000e+02, best bound 3.610000000000e+02, gap 0.0000%
361.0
