Set parameter Username
Academic license - for non-commercial use only - expires 2025-08-28
Set parameter Threads to value 1
Set parameter Method to value 4
Gurobi Optimizer version 11.0.0 build v11.0.0rc2 (mac64[arm] - Darwin 23.5.0 23F79)

CPU model: Apple M3 Pro
Thread count: 12 physical cores, 12 logical processors, using up to 1 threads

Optimize a model with 1291 rows, 235 columns and 3851 nonzeros
Model fingerprint: 0xaca9fcd9
Variable types: 140 continuous, 95 integer (95 binary)
Coefficient statistics:
  Matrix range     [1e+00, 1e+00]
  Objective range  [1e+01, 3e+02]
  Bounds range     [1e+00, 1e+00]
  RHS range        [1e+00, 2e+00]
Presolve removed 206 rows and 41 columns
Presolve time: 0.00s
Presolved: 1085 rows, 194 columns, 3170 nonzeros
Variable types: 0 continuous, 194 integer (194 binary)
Found heuristic solution: objective 2988.0000000
Found heuristic solution: objective 1185.0000000

Root relaxation: objective 0.000000e+00, 116 iterations, 0.00 seconds (0.00 work units)

    Nodes    |    Current Node    |     Objective Bounds      |     Work
 Expl Unexpl |  Obj  Depth IntInf | Incumbent    BestBd   Gap | It/Node Time

     0     0    0.00000    0   52 1185.00000    0.00000   100%     -    0s
H    0     0                     816.0000000    0.00000   100%     -    0s
     0     0    0.00000    0   77  816.00000    0.00000   100%     -    0s
H    0     0                     664.0000000    0.00000   100%     -    0s
H    0     0                     638.0000000    0.00000   100%     -    0s
     0     0    0.00000    0   46  638.00000    0.00000   100%     -    0s
     0     0    0.00000    0   76  638.00000    0.00000   100%     -    0s
     0     0    0.00000    0   80  638.00000    0.00000   100%     -    0s
     0     0    0.00000    0   76  638.00000    0.00000   100%     -    0s
     0     0    0.00000    0   77  638.00000    0.00000   100%     -    0s
     0     0    0.00000    0   84  638.00000    0.00000   100%     -    0s
     0     0    0.00000    0   81  638.00000    0.00000   100%     -    0s
     0     0    0.00000    0   80  638.00000    0.00000   100%     -    0s
H    0     0                     558.0000000    0.00000   100%     -    0s
     0     2    0.00000    0   78  558.00000    0.00000   100%     -    0s
H   16    16                     551.0000000   51.00000  90.7%  76.4    0s
*   17    17              10     477.0000000   51.00000  89.3%  75.8    0s
H   26    16                     476.0000000   51.00000  89.3%  53.1    0s
H  159    41                     463.0000000  146.50000  68.4%  44.3    0s
*  268    54              11     462.0000000  250.00000  45.9%  40.1    0s
H  312    47                     460.0000000  283.25000  38.4%  38.8    0s
H  340    46                     454.0000000  294.00000  35.2%  37.5    0s

Cutting planes:
  Inf proof: 1
  Zero half: 25
  RLT: 19
  BQP: 31

Explored 489 nodes (17140 simplex iterations) in 0.53 seconds (0.67 work units)
Thread count was 1 (of 12 available processors)

Solution count 10: 454 460 462 ... 664

Optimal solution found (tolerance 1.00e-04)
Best objective 4.540000000000e+02, best bound 4.540000000000e+02, gap 0.0000%
454.0
