Set parameter Username
Academic license - for non-commercial use only - expires 2025-08-28
Set parameter Threads to value 1
Set parameter Method to value 4
Gurobi Optimizer version 11.0.0 build v11.0.0rc2 (mac64[arm] - Darwin 23.5.0 23F79)

CPU model: Apple M3 Pro
Thread count: 12 physical cores, 12 logical processors, using up to 1 threads

Optimize a model with 1291 rows, 235 columns and 3851 nonzeros
Model fingerprint: 0xb2d66b62
Variable types: 140 continuous, 95 integer (95 binary)
Coefficient statistics:
  Matrix range     [1e+00, 1e+00]
  Objective range  [1e+01, 3e+02]
  Bounds range     [1e+00, 1e+00]
  RHS range        [1e+00, 2e+00]
Presolve removed 206 rows and 41 columns
Presolve time: 0.00s
Presolved: 1085 rows, 194 columns, 3170 nonzeros
Variable types: 0 continuous, 194 integer (194 binary)
Found heuristic solution: objective 3196.0000000
Found heuristic solution: objective 3131.0000000

Root relaxation: objective 0.000000e+00, 115 iterations, 0.00 seconds (0.00 work units)

    Nodes    |    Current Node    |     Objective Bounds      |     Work
 Expl Unexpl |  Obj  Depth IntInf | Incumbent    BestBd   Gap | It/Node Time

     0     0    0.00000    0   59 3131.00000    0.00000   100%     -    0s
H    0     0                    1514.0000000    0.00000   100%     -    0s
H    0     0                     827.0000000    0.00000   100%     -    0s
H    0     0                     767.0000000    0.00000   100%     -    0s
     0     0    0.00000    0   78  767.00000    0.00000   100%     -    0s
     0     0    0.00000    0   62  767.00000    0.00000   100%     -    0s
H    0     0                     755.0000000    0.00000   100%     -    0s
H    0     0                     636.0000000    0.00000   100%     -    0s
     0     0    0.00000    0   64  636.00000    0.00000   100%     -    0s
     0     0    0.00000    0   79  636.00000    0.00000   100%     -    0s
H    0     0                     594.0000000    0.00000   100%     -    0s
     0     0    0.00000    0   77  594.00000    0.00000   100%     -    0s
     0     0    0.00000    0   73  594.00000    0.00000   100%     -    0s
     0     0    0.00000    0   64  594.00000    0.00000   100%     -    0s
H    0     0                     560.0000000    0.00000   100%     -    0s
     0     2    0.00000    0   64  560.00000    0.00000   100%     -    0s
H   26    24                     392.0000000   14.50000  96.3%  48.3    0s
H  108    50                     363.0000000   31.00000  91.5%  40.4    0s

Cutting planes:
  Gomory: 1
  MIR: 2
  Inf proof: 2
  Zero half: 35
  RLT: 24
  BQP: 23

Explored 948 nodes (25934 simplex iterations) in 0.81 seconds (1.05 work units)
Thread count was 1 (of 12 available processors)

Solution count 10: 363 392 560 ... 3131

Optimal solution found (tolerance 1.00e-04)
Best objective 3.630000000000e+02, best bound 3.630000000000e+02, gap 0.0000%
363.0
