Set parameter Username
Academic license - for non-commercial use only - expires 2025-08-28
Set parameter Threads to value 1
Set parameter Method to value 4
Gurobi Optimizer version 11.0.0 build v11.0.0rc2 (mac64[arm] - Darwin 23.5.0 23F79)

CPU model: Apple M3 Pro
Thread count: 12 physical cores, 12 logical processors, using up to 1 threads

Optimize a model with 1291 rows, 235 columns and 3851 nonzeros
Model fingerprint: 0xabb35b00
Variable types: 140 continuous, 95 integer (95 binary)
Coefficient statistics:
  Matrix range     [1e+00, 1e+00]
  Objective range  [1e+01, 3e+02]
  Bounds range     [1e+00, 1e+00]
  RHS range        [1e+00, 2e+00]
Presolve removed 206 rows and 41 columns
Presolve time: 0.00s
Presolved: 1085 rows, 194 columns, 3170 nonzeros
Variable types: 0 continuous, 194 integer (194 binary)
Found heuristic solution: objective 2959.0000000
Found heuristic solution: objective 1176.0000000

Root relaxation: objective 0.000000e+00, 116 iterations, 0.00 seconds (0.00 work units)

    Nodes    |    Current Node    |     Objective Bounds      |     Work
 Expl Unexpl |  Obj  Depth IntInf | Incumbent    BestBd   Gap | It/Node Time

     0     0    0.00000    0   52 1176.00000    0.00000   100%     -    0s
H    0     0                     802.0000000    0.00000   100%     -    0s
     0     0    0.00000    0   82  802.00000    0.00000   100%     -    0s
H    0     0                     791.0000000    0.00000   100%     -    0s
     0     0    0.00000    0   76  791.00000    0.00000   100%     -    0s
     0     0    0.00000    0   75  791.00000    0.00000   100%     -    0s
     0     0    0.00000    0   72  791.00000    0.00000   100%     -    0s
H    0     0                     684.0000000    0.00000   100%     -    0s
H    0     0                     587.0000000    0.00000   100%     -    0s
     0     0    0.00000    0   79  587.00000    0.00000   100%     -    0s
     0     0    0.00000    0   73  587.00000    0.00000   100%     -    0s
     0     0    0.00000    0   73  587.00000    0.00000   100%     -    0s
     0     2    0.00000    0   73  587.00000    0.00000   100%     -    0s
H   27    17                     571.0000000   59.00000  89.7%  45.7    0s
*   49    30              14     456.0000000   78.00000  82.9%  50.0    0s

Cutting planes:
  MIR: 3
  Zero half: 56
  RLT: 21
  BQP: 34

Explored 1132 nodes (31303 simplex iterations) in 1.01 seconds (1.26 work units)
Thread count was 1 (of 12 available processors)

Solution count 8: 456 571 587 ... 2959

Optimal solution found (tolerance 1.00e-04)
Best objective 4.560000000000e+02, best bound 4.560000000000e+02, gap 0.0000%
456.0
