Set parameter Username
Academic license - for non-commercial use only - expires 2025-08-28
Set parameter Threads to value 1
Set parameter Method to value 4
Gurobi Optimizer version 11.0.0 build v11.0.0rc2 (mac64[arm] - Darwin 23.5.0 23F79)

CPU model: Apple M3 Pro
Thread count: 12 physical cores, 12 logical processors, using up to 1 threads

Optimize a model with 1291 rows, 235 columns and 3851 nonzeros
Model fingerprint: 0x5b3588dd
Variable types: 140 continuous, 95 integer (95 binary)
Coefficient statistics:
  Matrix range     [1e+00, 1e+00]
  Objective range  [1e+01, 3e+02]
  Bounds range     [1e+00, 1e+00]
  RHS range        [1e+00, 2e+00]
Presolve removed 206 rows and 41 columns
Presolve time: 0.01s
Presolved: 1085 rows, 194 columns, 3170 nonzeros
Variable types: 0 continuous, 194 integer (194 binary)
Found heuristic solution: objective 3197.0000000
Found heuristic solution: objective 3132.0000000

Root relaxation: objective 0.000000e+00, 115 iterations, 0.00 seconds (0.00 work units)

    Nodes    |    Current Node    |     Objective Bounds      |     Work
 Expl Unexpl |  Obj  Depth IntInf | Incumbent    BestBd   Gap | It/Node Time

     0     0    0.00000    0   59 3132.00000    0.00000   100%     -    0s
H    0     0                    1517.0000000    0.00000   100%     -    0s
H    0     0                     828.0000000    0.00000   100%     -    0s
H    0     0                     768.0000000    0.00000   100%     -    0s
     0     0    0.00000    0   78  768.00000    0.00000   100%     -    0s
     0     0    0.00000    0   57  768.00000    0.00000   100%     -    0s
H    0     0                     568.0000000    0.00000   100%     -    0s
     0     0    0.00000    0   53  568.00000    0.00000   100%     -    0s
     0     0    0.00000    0   60  568.00000    0.00000   100%     -    0s
     0     0    0.00000    0   75  568.00000    0.00000   100%     -    0s
     0     0    0.00000    0   75  568.00000    0.00000   100%     -    0s
     0     0    0.00000    0   75  568.00000    0.00000   100%     -    0s
     0     2    0.00000    0   75  568.00000    0.00000   100%     -    0s
H   26    24                     494.0000000   22.00000  95.5%  61.9    0s
*   62    40              11     400.0000000   69.11111  82.7%  55.2    0s
*  403    37              13     380.0000000  257.00000  32.4%  34.1    0s
H  414    32                     377.0000000  258.58333  31.4%  33.7    0s
*  430    35              13     370.0000000  261.25000  29.4%  32.9    0s

Cutting planes:
  Gomory: 2
  MIR: 3
  Inf proof: 1
  Zero half: 32
  RLT: 26
  BQP: 29

Explored 505 nodes (17058 simplex iterations) in 0.52 seconds (0.67 work units)
Thread count was 1 (of 12 available processors)

Solution count 10: 370 377 380 ... 3132

Optimal solution found (tolerance 1.00e-04)
Best objective 3.700000000000e+02, best bound 3.700000000000e+02, gap 0.0000%
370.0
