Set parameter Username
Academic license - for non-commercial use only - expires 2025-08-28
Set parameter Threads to value 1
Set parameter Method to value 4
Gurobi Optimizer version 11.0.0 build v11.0.0rc2 (mac64[arm] - Darwin 23.5.0 23F79)

CPU model: Apple M3 Pro
Thread count: 12 physical cores, 12 logical processors, using up to 1 threads

Optimize a model with 1384 rows, 249 columns and 4128 nonzeros
Model fingerprint: 0xc7b8eb3f
Variable types: 149 continuous, 100 integer (100 binary)
Coefficient statistics:
  Matrix range     [1e+00, 1e+00]
  Objective range  [1e+01, 3e+02]
  Bounds range     [1e+00, 1e+00]
  RHS range        [1e+00, 2e+00]
Presolve removed 218 rows and 43 columns
Presolve time: 0.00s
Presolved: 1166 rows, 206 columns, 3405 nonzeros
Variable types: 0 continuous, 206 integer (206 binary)
Found heuristic solution: objective 3480.0000000
Found heuristic solution: objective 1358.0000000

Root relaxation: objective 0.000000e+00, 94 iterations, 0.00 seconds (0.00 work units)

    Nodes    |    Current Node    |     Objective Bounds      |     Work
 Expl Unexpl |  Obj  Depth IntInf | Incumbent    BestBd   Gap | It/Node Time

     0     0    0.00000    0   40 1358.00000    0.00000   100%     -    0s
H    0     0                    1191.0000000    0.00000   100%     -    0s
H    0     0                    1128.0000000    0.00000   100%     -    0s
     0     0    0.00000    0   59 1128.00000    0.00000   100%     -    0s
H    0     0                     979.0000000    0.00000   100%     -    0s
H    0     0                     831.0000000    0.00000   100%     -    0s
     0     0    0.00000    0   59  831.00000    0.00000   100%     -    0s
H    0     0                     723.0000000    0.00000   100%     -    0s
     0     0    0.00000    0   57  723.00000    0.00000   100%     -    0s
     0     0    0.00000    0   84  723.00000    0.00000   100%     -    0s
     0     0    0.00000    0   72  723.00000    0.00000   100%     -    0s
     0     0    0.00000    0   72  723.00000    0.00000   100%     -    0s
H    0     0                     669.0000000    0.00000   100%     -    0s
     0     2    0.00000    0   71  669.00000    0.00000   100%     -    0s
H   72    51                     630.0000000   33.35714  94.7%  55.1    0s
H   72    45                     578.0000000   33.35714  94.2%  55.1    0s
H   72    41                     542.0000000   33.35714  93.8%  55.1    0s
*  106    53              13     519.0000000   83.53333  83.9%  50.9    0s
H  211    64                     504.0000000  174.76923  65.3%  46.1    0s

Cutting planes:
  Gomory: 3
  Inf proof: 4
  Zero half: 45
  RLT: 30
  BQP: 37

Explored 896 nodes (30913 simplex iterations) in 0.94 seconds (1.25 work units)
Thread count was 1 (of 12 available processors)

Solution count 10: 504 519 542 ... 1128

Optimal solution found (tolerance 1.00e-04)
Best objective 5.040000000000e+02, best bound 5.040000000000e+02, gap 0.0000%
504.0
