Set parameter Username
Academic license - for non-commercial use only - expires 2025-08-28
Set parameter Threads to value 1
Set parameter Method to value 4
Gurobi Optimizer version 11.0.0 build v11.0.0rc2 (mac64[arm] - Darwin 23.5.0 23F79)

CPU model: Apple M3 Pro
Thread count: 12 physical cores, 12 logical processors, using up to 1 threads

Optimize a model with 1478 rows, 263 columns and 4406 nonzeros
Model fingerprint: 0x1bdfacee
Variable types: 158 continuous, 105 integer (105 binary)
Coefficient statistics:
  Matrix range     [1e+00, 1e+00]
  Objective range  [1e+01, 3e+02]
  Bounds range     [1e+00, 1e+00]
  RHS range        [1e+00, 2e+00]
Presolve removed 236 rows and 46 columns
Presolve time: 0.00s
Presolved: 1242 rows, 217 columns, 3620 nonzeros
Variable types: 0 continuous, 217 integer (217 binary)
Found heuristic solution: objective 3884.0000000
Found heuristic solution: objective 1352.0000000

Root relaxation: objective 0.000000e+00, 110 iterations, 0.00 seconds (0.00 work units)

    Nodes    |    Current Node    |     Objective Bounds      |     Work
 Expl Unexpl |  Obj  Depth IntInf | Incumbent    BestBd   Gap | It/Node Time

     0     0    0.00000    0   42 1352.00000    0.00000   100%     -    0s
H    0     0                    1004.0000000    0.00000   100%     -    0s
H    0     0                     958.0000000    0.00000   100%     -    0s
     0     0    0.00000    0   75  958.00000    0.00000   100%     -    0s
H    0     0                     880.0000000    0.00000   100%     -    0s
H    0     0                     823.0000000    0.00000   100%     -    0s
     0     0    0.00000    0   74  823.00000    0.00000   100%     -    0s
     0     0    0.00000    0   76  823.00000    0.00000   100%     -    0s
     0     0    0.00000    0   87  823.00000    0.00000   100%     -    0s
H    0     0                     737.0000000    0.00000   100%     -    0s
     0     0    0.00000    0   89  737.00000    0.00000   100%     -    0s
     0     0    0.00000    0   74  737.00000    0.00000   100%     -    0s
     0     0    0.00000    0   64  737.00000    0.00000   100%     -    0s
     0     2    0.00000    0   64  737.00000    0.00000   100%     -    0s
H   64    42                     664.0000000   32.00000  95.2%  69.2    0s
H   64    41                     619.0000000   32.00000  94.8%  69.2    0s
*   71    43              21     610.0000000   32.00000  94.8%  62.9    0s
*   87    53              15     606.0000000   55.52632  90.8%  59.3    0s
*  258   127              18     595.0000000  119.13333  80.0%  48.5    0s
H  344   159                     582.0000000  135.41667  76.7%  47.0    0s
H  422   186                     566.0000000  169.00000  70.1%  45.6    0s
*  470   207              18     565.0000000  184.83333  67.3%  45.0    0s
H  543   221                     552.0000000  194.50000  64.8%  44.9    0s
H  614   211                     526.0000000  200.74561  61.8%  44.0    0s

Cutting planes:
  Gomory: 3
  Inf proof: 5
  Zero half: 36
  RLT: 23
  BQP: 56

Explored 2359 nodes (74917 simplex iterations) in 2.11 seconds (2.63 work units)
Thread count was 1 (of 12 available processors)

Solution count 10: 526 552 565 ... 664

Optimal solution found (tolerance 1.00e-04)
Best objective 5.260000000000e+02, best bound 5.260000000000e+02, gap 0.0000%
526.0
