Set parameter Username
Academic license - for non-commercial use only - expires 2025-08-28
Set parameter Threads to value 1
Set parameter Method to value 4
Gurobi Optimizer version 11.0.0 build v11.0.0rc2 (mac64[arm] - Darwin 23.5.0 23F79)

CPU model: Apple M3 Pro
Thread count: 12 physical cores, 12 logical processors, using up to 1 threads

Optimize a model with 1384 rows, 249 columns and 4128 nonzeros
Model fingerprint: 0x029a4234
Variable types: 149 continuous, 100 integer (100 binary)
Coefficient statistics:
  Matrix range     [1e+00, 1e+00]
  Objective range  [1e+01, 3e+02]
  Bounds range     [1e+00, 1e+00]
  RHS range        [1e+00, 2e+00]
Presolve removed 218 rows and 43 columns
Presolve time: 0.00s
Presolved: 1166 rows, 206 columns, 3405 nonzeros
Variable types: 0 continuous, 206 integer (206 binary)
Found heuristic solution: objective 3487.0000000
Found heuristic solution: objective 1339.0000000

Root relaxation: objective 0.000000e+00, 94 iterations, 0.00 seconds (0.00 work units)

    Nodes    |    Current Node    |     Objective Bounds      |     Work
 Expl Unexpl |  Obj  Depth IntInf | Incumbent    BestBd   Gap | It/Node Time

     0     0    0.00000    0   40 1339.00000    0.00000   100%     -    0s
H    0     0                    1200.0000000    0.00000   100%     -    0s
H    0     0                    1196.0000000    0.00000   100%     -    0s
H    0     0                    1163.0000000    0.00000   100%     -    0s
     0     0    0.00000    0   73 1163.00000    0.00000   100%     -    0s
H    0     0                     870.0000000    0.00000   100%     -    0s
H    0     0                     846.0000000    0.00000   100%     -    0s
H    0     0                     835.0000000    0.00000   100%     -    0s
     0     0    0.00000    0   54  835.00000    0.00000   100%     -    0s
     0     0    0.00000    0   54  835.00000    0.00000   100%     -    0s
     0     0    0.00000    0   84  835.00000    0.00000   100%     -    0s
H    0     0                     775.0000000    0.00000   100%     -    0s
     0     0    0.00000    0   86  775.00000    0.00000   100%     -    0s
     0     0    0.00000    0   68  775.00000    0.00000   100%     -    0s
     0     0    0.00000    0   68  775.00000    0.00000   100%     -    0s
H    0     0                     718.0000000    0.00000   100%     -    0s
     0     2    0.00000    0   68  718.00000    0.00000   100%     -    0s
*   23    21              13     514.0000000    9.07143  98.2%  67.0    0s
H   27    19                     494.0000000    9.07143  98.2%  58.3    0s

Cutting planes:
  Gomory: 2
  Inf proof: 5
  Zero half: 47
  RLT: 32
  BQP: 52

Explored 830 nodes (26970 simplex iterations) in 0.77 seconds (1.11 work units)
Thread count was 1 (of 12 available processors)

Solution count 10: 494 514 718 ... 1200

Optimal solution found (tolerance 1.00e-04)
Best objective 4.940000000000e+02, best bound 4.940000000000e+02, gap 0.0000%
494.0
