Set parameter Username
Academic license - for non-commercial use only - expires 2025-08-28
Set parameter Threads to value 1
Set parameter Method to value 4
Gurobi Optimizer version 11.0.0 build v11.0.0rc2 (mac64[arm] - Darwin 23.5.0 23F79)

CPU model: Apple M3 Pro
Thread count: 12 physical cores, 12 logical processors, using up to 1 threads

Optimize a model with 1384 rows, 249 columns and 4128 nonzeros
Model fingerprint: 0x6dfc799a
Variable types: 149 continuous, 100 integer (100 binary)
Coefficient statistics:
  Matrix range     [1e+00, 1e+00]
  Objective range  [1e+01, 3e+02]
  Bounds range     [1e+00, 1e+00]
  RHS range        [1e+00, 2e+00]
Presolve removed 299 rows and 55 columns
Presolve time: 0.00s
Presolved: 1085 rows, 194 columns, 3170 nonzeros
Variable types: 0 continuous, 194 integer (194 binary)
Found heuristic solution: objective 2919.0000000
Found heuristic solution: objective 1234.0000000

Root relaxation: objective 0.000000e+00, 125 iterations, 0.00 seconds (0.00 work units)

    Nodes    |    Current Node    |     Objective Bounds      |     Work
 Expl Unexpl |  Obj  Depth IntInf | Incumbent    BestBd   Gap | It/Node Time

     0     0    0.00000    0   50 1234.00000    0.00000   100%     -    0s
H    0     0                    1228.0000000    0.00000   100%     -    0s
H    0     0                    1056.0000000    0.00000   100%     -    0s
     0     0    0.00000    0   81 1056.00000    0.00000   100%     -    0s
H    0     0                     832.0000000    0.00000   100%     -    0s
     0     0    0.00000    0   53  832.00000    0.00000   100%     -    0s
     0     0    0.00000    0   50  832.00000    0.00000   100%     -    0s
     0     0    0.00000    0   68  832.00000    0.00000   100%     -    0s
H    0     0                     668.0000000    0.00000   100%     -    0s
H    0     0                     550.0000000    0.00000   100%     -    0s
     0     0    0.00000    0   80  550.00000    0.00000   100%     -    0s
     0     0    0.00000    0   64  550.00000    0.00000   100%     -    0s
     0     0    0.00000    0   64  550.00000    0.00000   100%     -    0s
H    0     0                     478.0000000    0.00000   100%     -    0s
     0     2    0.00000    0   64  478.00000    0.00000   100%     -    0s

Cutting planes:
  MIR: 1
  Zero half: 34
  RLT: 21
  BQP: 32

Explored 445 nodes (13819 simplex iterations) in 0.46 seconds (0.58 work units)
Thread count was 1 (of 12 available processors)

Solution count 8: 478 550 668 ... 2919

Optimal solution found (tolerance 1.00e-04)
Best objective 4.780000000000e+02, best bound 4.780000000000e+02, gap 0.0000%
478.0
