Set parameter Username
Academic license - for non-commercial use only - expires 2025-08-28
Set parameter Threads to value 1
Set parameter Method to value 4
Gurobi Optimizer version 11.0.0 build v11.0.0rc2 (mac64[arm] - Darwin 23.5.0 23F79)

CPU model: Apple M3 Pro
Thread count: 12 physical cores, 12 logical processors, using up to 1 threads

Optimize a model with 1291 rows, 235 columns and 3851 nonzeros
Model fingerprint: 0x5ff97b39
Variable types: 140 continuous, 95 integer (95 binary)
Coefficient statistics:
  Matrix range     [1e+00, 1e+00]
  Objective range  [1e+01, 3e+02]
  Bounds range     [1e+00, 1e+00]
  RHS range        [1e+00, 2e+00]
Presolve removed 206 rows and 41 columns
Presolve time: 0.00s
Presolved: 1085 rows, 194 columns, 3170 nonzeros
Variable types: 0 continuous, 194 integer (194 binary)
Found heuristic solution: objective 2992.0000000
Found heuristic solution: objective 1200.0000000

Root relaxation: objective 0.000000e+00, 116 iterations, 0.00 seconds (0.00 work units)

    Nodes    |    Current Node    |     Objective Bounds      |     Work
 Expl Unexpl |  Obj  Depth IntInf | Incumbent    BestBd   Gap | It/Node Time

     0     0    0.00000    0   52 1200.00000    0.00000   100%     -    0s
H    0     0                    1030.0000000    0.00000   100%     -    0s
     0     0    0.00000    0   83 1030.00000    0.00000   100%     -    0s
H    0     0                     939.0000000    0.00000   100%     -    0s
H    0     0                     667.0000000    0.00000   100%     -    0s
     0     0    0.00000    0   69  667.00000    0.00000   100%     -    0s
     0     0    0.00000    0   66  667.00000    0.00000   100%     -    0s
     0     0    0.00000    0   74  667.00000    0.00000   100%     -    0s
     0     0    0.00000    0   78  667.00000    0.00000   100%     -    0s
     0     0    0.00000    0   74  667.00000    0.00000   100%     -    0s
     0     0    0.00000    0   61  667.00000    0.00000   100%     -    0s
H    0     0                     661.0000000    0.00000   100%     -    0s
     0     2    0.00000    0   61  661.00000    0.00000   100%     -    0s
*   45    24              10     467.0000000   23.50000  95.0%  58.4    0s

Cutting planes:
  Inf proof: 7
  Zero half: 70
  RLT: 17
  BQP: 32

Explored 1145 nodes (34436 simplex iterations) in 1.14 seconds (1.47 work units)
Thread count was 1 (of 12 available processors)

Solution count 7: 467 661 667 ... 2992

Optimal solution found (tolerance 1.00e-04)
Best objective 4.670000000000e+02, best bound 4.670000000000e+02, gap 0.0000%
467.0
