Set parameter Username
Academic license - for non-commercial use only - expires 2025-08-28
Set parameter Threads to value 1
Set parameter Method to value 4
Gurobi Optimizer version 11.0.0 build v11.0.0rc2 (mac64[arm] - Darwin 23.5.0 23F79)

CPU model: Apple M3 Pro
Thread count: 12 physical cores, 12 logical processors, using up to 1 threads

Optimize a model with 1291 rows, 235 columns and 3851 nonzeros
Model fingerprint: 0xce0d22fe
Variable types: 140 continuous, 95 integer (95 binary)
Coefficient statistics:
  Matrix range     [1e+00, 1e+00]
  Objective range  [1e+01, 3e+02]
  Bounds range     [1e+00, 1e+00]
  RHS range        [1e+00, 2e+00]
Presolve removed 206 rows and 41 columns
Presolve time: 0.00s
Presolved: 1085 rows, 194 columns, 3170 nonzeros
Variable types: 0 continuous, 194 integer (194 binary)
Found heuristic solution: objective 2966.0000000
Found heuristic solution: objective 1185.0000000

Root relaxation: objective 0.000000e+00, 116 iterations, 0.00 seconds (0.00 work units)

    Nodes    |    Current Node    |     Objective Bounds      |     Work
 Expl Unexpl |  Obj  Depth IntInf | Incumbent    BestBd   Gap | It/Node Time

     0     0    0.00000    0   52 1185.00000    0.00000   100%     -    0s
H    0     0                     805.0000000    0.00000   100%     -    0s
     0     0    0.00000    0   73  805.00000    0.00000   100%     -    0s
H    0     0                     667.0000000    0.00000   100%     -    0s
H    0     0                     628.0000000    0.00000   100%     -    0s
     0     0    0.00000    0   53  628.00000    0.00000   100%     -    0s
H    0     0                     616.0000000    0.00000   100%     -    0s
     0     0    0.00000    0   54  616.00000    0.00000   100%     -    0s
     0     0    0.00000    0   57  616.00000    0.00000   100%     -    0s
H    0     0                     592.0000000    0.00000   100%     -    0s
     0     0    0.00000    0   82  592.00000    0.00000   100%     -    0s
     0     0    0.00000    0   66  592.00000    0.00000   100%     -    0s
     0     0    0.00000    0   66  592.00000    0.00000   100%     -    0s
     0     2    0.00000    0   66  592.00000    0.00000   100%     -    0s
H   26    24                     589.0000000    0.00000   100%  60.7    0s
H   81    57                     562.0000000   32.57143  94.2%  54.1    0s
*  158    96              10     537.0000000   81.35417  84.9%  49.4    0s
*  159    92              10     517.0000000   81.35417  84.3%  49.1    0s
*  162    86              12     497.0000000   81.35417  83.6%  48.4    0s
H  238    85                     484.0000000  123.50000  74.5%  41.8    0s
H  266    83                     460.0000000  128.00000  72.2%  41.0    0s

Cutting planes:
  MIR: 4
  Zero half: 29
  RLT: 25
  BQP: 41

Explored 1185 nodes (38557 simplex iterations) in 1.13 seconds (1.43 work units)
Thread count was 1 (of 12 available processors)

Solution count 10: 460 484 497 ... 628

Optimal solution found (tolerance 1.00e-04)
Best objective 4.600000000000e+02, best bound 4.600000000000e+02, gap 0.0000%
460.0
