Set parameter Username
Academic license - for non-commercial use only - expires 2025-08-28
Set parameter Threads to value 1
Set parameter Method to value 4
Gurobi Optimizer version 11.0.0 build v11.0.0rc2 (mac64[arm] - Darwin 23.5.0 23F79)

CPU model: Apple M3 Pro
Thread count: 12 physical cores, 12 logical processors, using up to 1 threads

Optimize a model with 1874 rows, 306 columns and 5606 nonzeros
Model fingerprint: 0x583fe3f2
Variable types: 180 continuous, 126 integer (126 binary)
Coefficient statistics:
  Matrix range     [1e+00, 1e+00]
  Objective range  [1e+01, 3e+02]
  Bounds range     [1e+00, 1e+00]
  RHS range        [1e+00, 2e+00]
Presolve removed 302 rows and 53 columns
Presolve time: 0.01s
Presolved: 1572 rows, 253 columns, 4596 nonzeros
Variable types: 0 continuous, 253 integer (253 binary)
Found heuristic solution: objective 3262.0000000
Found heuristic solution: objective 1639.0000000

Root relaxation: objective 0.000000e+00, 158 iterations, 0.00 seconds (0.01 work units)

    Nodes    |    Current Node    |     Objective Bounds      |     Work
 Expl Unexpl |  Obj  Depth IntInf | Incumbent    BestBd   Gap | It/Node Time

     0     0    0.00000    0   47 1639.00000    0.00000   100%     -    0s
H    0     0                    1593.0000000    0.00000   100%     -    0s
H    0     0                    1545.0000000    0.00000   100%     -    0s
     0     0    0.00000    0   75 1545.00000    0.00000   100%     -    0s
H    0     0                    1132.0000000    0.00000   100%     -    0s
H    0     0                    1112.0000000    0.00000   100%     -    0s
H    0     0                     968.0000000    0.00000   100%     -    0s
     0     0    0.00000    0   75  968.00000    0.00000   100%     -    0s
H    0     0                     943.0000000    0.00000   100%     -    0s
H    0     0                     830.0000000    0.00000   100%     -    0s
H    0     0                     800.0000000    0.00000   100%     -    0s
     0     0    0.00000    0   75  800.00000    0.00000   100%     -    0s
     0     0    0.00000    0   45  800.00000    0.00000   100%     -    0s
H    0     0                     764.0000000    0.00000   100%     -    0s
H    0     0                     725.0000000    0.00000   100%     -    0s
H    0     0                     671.0000000    0.00000   100%     -    0s
H    0     0                     644.0000000    0.00000   100%     -    0s
     0     2    0.00000    0   45  644.00000    0.00000   100%     -    0s
H   94    62                     613.0000000   16.00000  97.4%  46.2    0s
*  109    73              23     543.0000000   16.00000  97.1%  46.0    0s
*  110    72              24     504.0000000   16.00000  96.8%  45.7    0s
H  136    75                     484.0000000   22.00000  95.5%  42.5    0s
H  409   179                     469.0000000  107.13810  77.2%  40.8    0s
H 1013   286                     464.0000000  192.50000  58.5%  33.7    1s

Cutting planes:
  RLT: 1
  BQP: 6

Explored 3627 nodes (100701 simplex iterations) in 3.92 seconds (5.09 work units)
Thread count was 1 (of 12 available processors)

Solution count 10: 464 469 484 ... 764

Optimal solution found (tolerance 1.00e-04)
Best objective 4.640000000000e+02, best bound 4.640000000000e+02, gap 0.0000%
464.0
