Set parameter Username
Academic license - for non-commercial use only - expires 2025-08-28
Set parameter Threads to value 1
Set parameter Method to value 4
Gurobi Optimizer version 11.0.0 build v11.0.0rc2 (mac64[arm] - Darwin 23.5.0 23F79)

CPU model: Apple M3 Pro
Thread count: 12 physical cores, 12 logical processors, using up to 1 threads

Optimize a model with 1762 rows, 291 columns and 5273 nonzeros
Model fingerprint: 0x6030f251
Variable types: 171 continuous, 120 integer (120 binary)
Coefficient statistics:
  Matrix range     [1e+00, 1e+00]
  Objective range  [1e+01, 3e+02]
  Bounds range     [1e+00, 1e+00]
  RHS range        [1e+00, 2e+00]
Presolve removed 281 rows and 50 columns
Presolve time: 0.00s
Presolved: 1481 rows, 241 columns, 4338 nonzeros
Variable types: 0 continuous, 241 integer (241 binary)
Found heuristic solution: objective 3817.0000000
Found heuristic solution: objective 3621.0000000

Root relaxation: objective 0.000000e+00, 151 iterations, 0.00 seconds (0.00 work units)

    Nodes    |    Current Node    |     Objective Bounds      |     Work
 Expl Unexpl |  Obj  Depth IntInf | Incumbent    BestBd   Gap | It/Node Time

     0     0    0.00000    0   40 3621.00000    0.00000   100%     -    0s
H    0     0                    2609.0000000    0.00000   100%     -    0s
H    0     0                    1591.0000000    0.00000   100%     -    0s
H    0     0                    1519.0000000    0.00000   100%     -    0s
H    0     0                    1464.0000000    0.00000   100%     -    0s
     0     0    0.00000    0   92 1464.00000    0.00000   100%     -    0s
H    0     0                    1249.0000000    0.00000   100%     -    0s
H    0     0                     900.0000000    0.00000   100%     -    0s
     0     0    0.00000    0   58  900.00000    0.00000   100%     -    0s
H    0     0                     575.0000000    0.00000   100%     -    0s
     0     0    0.00000    0   58  575.00000    0.00000   100%     -    0s
     0     0    0.00000    0   84  575.00000    0.00000   100%     -    0s
     0     0    0.00000    0   77  575.00000    0.00000   100%     -    0s
     0     0    0.00000    0   77  575.00000    0.00000   100%     -    0s
H    0     0                     522.0000000    0.00000   100%     -    0s
H    0     0                     500.0000000    0.00000   100%     -    0s
     0     2    0.00000    0   74  500.00000    0.00000   100%     -    0s
H   78    58                     493.0000000   17.18182  96.5%  58.6    0s
H  161    86                     481.0000000   28.60000  94.1%  55.7    0s
H  330   141                     460.0000000   34.50000  92.5%  53.4    0s
H  343   143                     436.0000000   35.00000  92.0%  53.3    0s

Cutting planes:
  Zero half: 8
  RLT: 9
  BQP: 11

Explored 3112 nodes (108303 simplex iterations) in 4.25 seconds (5.55 work units)
Thread count was 1 (of 12 available processors)

Solution count 10: 436 460 481 ... 1464

Optimal solution found (tolerance 1.00e-04)
Best objective 4.360000000000e+02, best bound 4.360000000000e+02, gap 0.0000%
436.0
