Set parameter Username
Academic license - for non-commercial use only - expires 2025-08-28
Set parameter Threads to value 1
Set parameter Method to value 4
Gurobi Optimizer version 11.0.0 build v11.0.0rc2 (mac64[arm] - Darwin 23.5.0 23F79)

CPU model: Apple M3 Pro
Thread count: 12 physical cores, 12 logical processors, using up to 1 threads

Optimize a model with 1651 rows, 276 columns and 4941 nonzeros
Model fingerprint: 0x71146f67
Variable types: 162 continuous, 114 integer (114 binary)
Coefficient statistics:
  Matrix range     [1e+00, 1e+00]
  Objective range  [1e+01, 3e+02]
  Bounds range     [1e+00, 1e+00]
  RHS range        [1e+00, 2e+00]
Presolve removed 267 rows and 48 columns
Presolve time: 0.00s
Presolved: 1384 rows, 228 columns, 4056 nonzeros
Variable types: 0 continuous, 228 integer (228 binary)
Found heuristic solution: objective 3629.0000000
Found heuristic solution: objective 3432.0000000
Found heuristic solution: objective 3219.0000000

Root relaxation: objective 0.000000e+00, 120 iterations, 0.00 seconds (0.00 work units)

    Nodes    |    Current Node    |     Objective Bounds      |     Work
 Expl Unexpl |  Obj  Depth IntInf | Incumbent    BestBd   Gap | It/Node Time

     0     0    0.00000    0   39 3219.00000    0.00000   100%     -    0s
H    0     0                     964.0000000    0.00000   100%     -    0s
     0     0    0.00000    0   83  964.00000    0.00000   100%     -    0s
H    0     0                     672.0000000    0.00000   100%     -    0s
     0     0    0.00000    0   77  672.00000    0.00000   100%     -    0s
     0     0    0.00000    0   78  672.00000    0.00000   100%     -    0s
     0     0    0.00000    0   62  672.00000    0.00000   100%     -    0s
H    0     0                     633.0000000    0.00000   100%     -    0s
H    0     0                     456.0000000    0.00000   100%     -    0s
     0     0    0.00000    0   61  456.00000    0.00000   100%     -    0s
     0     0    0.00000    0   73  456.00000    0.00000   100%     -    0s
     0     0    0.00000    0   64  456.00000    0.00000   100%     -    0s
     0     0    0.00000    0   58  456.00000    0.00000   100%     -    0s
     0     0    0.00000    0   58  456.00000    0.00000   100%     -    0s
H    0     0                     445.0000000    0.00000   100%     -    0s
     0     2    0.00000    0   58  445.00000    0.00000   100%     -    0s
H   26    24                     431.0000000    6.50000  98.5%  66.9    0s
*   37    33              22     416.0000000    6.50000  98.4%  57.1    0s
*   38    32              22     404.0000000    6.50000  98.4%  55.9    0s
H  104    61                     403.0000000   15.00000  96.3%  48.6    0s
H  879   233                     398.0000000  134.27273  66.3%  37.8    1s
  3864    52  361.16667   27   43  398.00000  342.00000  14.1%  31.6    5s

Cutting planes:
  Inf proof: 2
  Zero half: 3
  RLT: 7
  BQP: 18

Explored 3945 nodes (125513 simplex iterations) in 5.08 seconds (6.35 work units)
Thread count was 1 (of 12 available processors)

Solution count 10: 398 403 404 ... 964

Optimal solution found (tolerance 1.00e-04)
Best objective 3.980000000000e+02, best bound 3.980000000000e+02, gap 0.0000%
398.0
