Set parameter Username
Academic license - for non-commercial use only - expires 2025-08-28
Set parameter Threads to value 1
Set parameter Method to value 4
Gurobi Optimizer version 11.0.0 build v11.0.0rc2 (mac64[arm] - Darwin 23.5.0 23F79)

CPU model: Apple M3 Pro
Thread count: 12 physical cores, 12 logical processors, using up to 1 threads

Optimize a model with 1651 rows, 276 columns and 4941 nonzeros
Model fingerprint: 0x58792cc7
Variable types: 162 continuous, 114 integer (114 binary)
Coefficient statistics:
  Matrix range     [1e+00, 1e+00]
  Objective range  [1e+01, 3e+02]
  Bounds range     [1e+00, 1e+00]
  RHS range        [1e+00, 2e+00]
Presolve removed 267 rows and 48 columns
Presolve time: 0.00s
Presolved: 1384 rows, 228 columns, 4056 nonzeros
Variable types: 0 continuous, 228 integer (228 binary)
Found heuristic solution: objective 3629.0000000
Found heuristic solution: objective 3432.0000000
Found heuristic solution: objective 3219.0000000

Root relaxation: objective 0.000000e+00, 120 iterations, 0.00 seconds (0.00 work units)

    Nodes    |    Current Node    |     Objective Bounds      |     Work
 Expl Unexpl |  Obj  Depth IntInf | Incumbent    BestBd   Gap | It/Node Time

     0     0    0.00000    0   39 3219.00000    0.00000   100%     -    0s
H    0     0                     959.0000000    0.00000   100%     -    0s
     0     0    0.00000    0   83  959.00000    0.00000   100%     -    0s
H    0     0                     668.0000000    0.00000   100%     -    0s
     0     0    0.00000    0   76  668.00000    0.00000   100%     -    0s
     0     0    0.00000    0   84  668.00000    0.00000   100%     -    0s
     0     0    0.00000    0   89  668.00000    0.00000   100%     -    0s
     0     0    0.00000    0   91  668.00000    0.00000   100%     -    0s
     0     0    0.00000    0   74  668.00000    0.00000   100%     -    0s
     0     0    0.00000    0   74  668.00000    0.00000   100%     -    0s
H    0     0                     608.0000000    0.00000   100%     -    0s
H    0     0                     579.0000000    0.00000   100%     -    0s
     0     2    0.00000    0   74  579.00000    0.00000   100%     -    0s
H   27    14                     554.0000000    0.00000   100%  51.4    0s
H   73    38                     533.0000000   39.00000  92.7%  44.0    0s
H  105    68                     485.0000000   39.00000  92.0%  45.7    0s
H  157    72                     466.0000000   57.75000  87.6%  39.5    0s
H  289   128                     457.0000000   64.87500  85.8%  40.2    0s
H  315   120                     444.0000000   71.66667  83.9%  41.2    0s
H  341   117                     403.0000000   76.00000  81.1%  40.1    0s
H  369   118                     401.0000000   76.50000  80.9%  39.4    0s
H  437   136                     396.0000000  105.00000  73.5%  38.8    0s

Cutting planes:
  Zero half: 3
  RLT: 5
  BQP: 10

Explored 3077 nodes (86471 simplex iterations) in 3.61 seconds (4.45 work units)
Thread count was 1 (of 12 available processors)

Solution count 10: 396 401 403 ... 579

Optimal solution found (tolerance 1.00e-04)
Best objective 3.960000000000e+02, best bound 3.960000000000e+02, gap 0.0000%
396.0
