Set parameter Username
Academic license - for non-commercial use only - expires 2025-08-28
Set parameter Threads to value 1
Set parameter Method to value 4
Gurobi Optimizer version 11.0.0 build v11.0.0rc2 (mac64[arm] - Darwin 23.5.0 23F79)

CPU model: Apple M3 Pro
Thread count: 12 physical cores, 12 logical processors, using up to 1 threads

Optimize a model with 1762 rows, 291 columns and 5273 nonzeros
Model fingerprint: 0x41fa63ad
Variable types: 171 continuous, 120 integer (120 binary)
Coefficient statistics:
  Matrix range     [1e+00, 1e+00]
  Objective range  [1e+01, 3e+02]
  Bounds range     [1e+00, 1e+00]
  RHS range        [1e+00, 2e+00]
Presolve removed 281 rows and 50 columns
Presolve time: 0.00s
Presolved: 1481 rows, 241 columns, 4338 nonzeros
Variable types: 0 continuous, 241 integer (241 binary)
Found heuristic solution: objective 3823.0000000
Found heuristic solution: objective 3634.0000000

Root relaxation: objective 0.000000e+00, 131 iterations, 0.00 seconds (0.00 work units)

    Nodes    |    Current Node    |     Objective Bounds      |     Work
 Expl Unexpl |  Obj  Depth IntInf | Incumbent    BestBd   Gap | It/Node Time

     0     0    0.00000    0   40 3634.00000    0.00000   100%     -    0s
H    0     0                    1082.0000000    0.00000   100%     -    0s
H    0     0                     823.0000000    0.00000   100%     -    0s
     0     0    0.00000    0  101  823.00000    0.00000   100%     -    0s
     0     0    0.00000    0   74  823.00000    0.00000   100%     -    0s
H    0     0                     819.0000000    0.00000   100%     -    0s
H    0     0                     716.0000000    0.00000   100%     -    0s
     0     0    0.00000    0   83  716.00000    0.00000   100%     -    0s
     0     0    0.00000    0   67  716.00000    0.00000   100%     -    0s
H    0     0                     531.0000000    0.00000   100%     -    0s
     0     0    0.00000    0   66  531.00000    0.00000   100%     -    0s
     0     0    0.00000    0   79  531.00000    0.00000   100%     -    0s
     0     0    0.00000    0   79  531.00000    0.00000   100%     -    0s
H    0     0                     492.0000000    0.00000   100%     -    0s
H    0     0                     418.0000000    0.00000   100%     -    0s
     0     2    0.00000    0   74  418.00000    0.00000   100%     -    0s
H  271   136                     412.0000000   35.66667  91.3%  46.1    0s

Cutting planes:
  Zero half: 10
  RLT: 3
  BQP: 4

Explored 3481 nodes (94347 simplex iterations) in 3.86 seconds (4.88 work units)
Thread count was 1 (of 12 available processors)

Solution count 10: 412 418 492 ... 3823

Optimal solution found (tolerance 1.00e-04)
Best objective 4.120000000000e+02, best bound 4.120000000000e+02, gap 0.0000%
412.0
