Set parameter Username
Academic license - for non-commercial use only - expires 2025-08-28
Set parameter Threads to value 1
Set parameter Method to value 4
Gurobi Optimizer version 11.0.0 build v11.0.0rc2 (mac64[arm] - Darwin 23.5.0 23F79)

CPU model: Apple M3 Pro
Thread count: 12 physical cores, 12 logical processors, using up to 1 threads

Optimize a model with 1651 rows, 276 columns and 4941 nonzeros
Model fingerprint: 0x054bc2b3
Variable types: 162 continuous, 114 integer (114 binary)
Coefficient statistics:
  Matrix range     [1e+00, 1e+00]
  Objective range  [1e+01, 3e+02]
  Bounds range     [1e+00, 1e+00]
  RHS range        [1e+00, 2e+00]
Presolve removed 267 rows and 48 columns
Presolve time: 0.00s
Presolved: 1384 rows, 228 columns, 4056 nonzeros
Variable types: 0 continuous, 228 integer (228 binary)
Found heuristic solution: objective 3591.0000000
Found heuristic solution: objective 3192.0000000
Found heuristic solution: objective 3030.0000000

Root relaxation: objective 0.000000e+00, 106 iterations, 0.00 seconds (0.00 work units)

    Nodes    |    Current Node    |     Objective Bounds      |     Work
 Expl Unexpl |  Obj  Depth IntInf | Incumbent    BestBd   Gap | It/Node Time

     0     0    0.00000    0   37 3030.00000    0.00000   100%     -    0s
H    0     0                    2021.0000000    0.00000   100%     -    0s
H    0     0                    1284.0000000    0.00000   100%     -    0s
H    0     0                    1224.0000000    0.00000   100%     -    0s
H    0     0                     924.0000000    0.00000   100%     -    0s
     0     0    0.00000    0   68  924.00000    0.00000   100%     -    0s
H    0     0                     912.0000000    0.00000   100%     -    0s
     0     0    0.00000    0   74  912.00000    0.00000   100%     -    0s
H    0     0                     648.0000000    0.00000   100%     -    0s
     0     0    0.00000    0   72  648.00000    0.00000   100%     -    0s
     0     0    0.00000    0   56  648.00000    0.00000   100%     -    0s
H    0     0                     540.0000000    0.00000   100%     -    0s
     0     0    0.00000    0   66  540.00000    0.00000   100%     -    0s
     0     0    0.00000    0   68  540.00000    0.00000   100%     -    0s
     0     0    0.00000    0   68  540.00000    0.00000   100%     -    0s
     0     2    0.00000    0   62  540.00000    0.00000   100%     -    0s
H   26    19                     474.0000000   10.00000  97.9%  35.8    0s
H   28    17                     426.0000000   10.00000  97.7%  33.5    0s
H   52    28                     306.0000000   21.00000  93.1%  40.1    0s

Cutting planes:
  MIR: 2
  Flow cover: 1
  Inf proof: 8
  Zero half: 38
  RLT: 24
  BQP: 38

Explored 1336 nodes (36869 simplex iterations) in 1.41 seconds (1.77 work units)
Thread count was 1 (of 12 available processors)

Solution count 10: 306 426 474 ... 2021

Optimal solution found (tolerance 1.00e-04)
Best objective 3.060000000000e+02, best bound 3.060000000000e+02, gap 0.0000%
306.0
