Set parameter Username
Academic license - for non-commercial use only - expires 2025-08-28
Set parameter Threads to value 1
Set parameter Method to value 4
Gurobi Optimizer version 11.0.0 build v11.0.0rc2 (mac64[arm] - Darwin 23.5.0 23F79)

CPU model: Apple M3 Pro
Thread count: 12 physical cores, 12 logical processors, using up to 1 threads

Optimize a model with 1651 rows, 276 columns and 4941 nonzeros
Model fingerprint: 0xd75cd545
Variable types: 162 continuous, 114 integer (114 binary)
Coefficient statistics:
  Matrix range     [1e+00, 1e+00]
  Objective range  [1e+01, 3e+02]
  Bounds range     [1e+00, 1e+00]
  RHS range        [1e+00, 2e+00]
Presolve removed 267 rows and 48 columns
Presolve time: 0.00s
Presolved: 1384 rows, 228 columns, 4056 nonzeros
Variable types: 0 continuous, 228 integer (228 binary)
Found heuristic solution: objective 3618.0000000
Found heuristic solution: objective 3215.0000000
Found heuristic solution: objective 3047.0000000

Root relaxation: objective 0.000000e+00, 106 iterations, 0.00 seconds (0.00 work units)

    Nodes    |    Current Node    |     Objective Bounds      |     Work
 Expl Unexpl |  Obj  Depth IntInf | Incumbent    BestBd   Gap | It/Node Time

     0     0    0.00000    0   37 3047.00000    0.00000   100%     -    0s
H    0     0                    2038.0000000    0.00000   100%     -    0s
H    0     0                    1295.0000000    0.00000   100%     -    0s
H    0     0                    1230.0000000    0.00000   100%     -    0s
H    0     0                     930.0000000    0.00000   100%     -    0s
     0     0    0.00000    0   68  930.00000    0.00000   100%     -    0s
H    0     0                     920.0000000    0.00000   100%     -    0s
     0     0    0.00000    0   64  920.00000    0.00000   100%     -    0s
H    0     0                     557.0000000    0.00000   100%     -    0s
H    0     0                     554.0000000    0.00000   100%     -    0s
H    0     0                     487.0000000    0.00000   100%     -    0s
     0     0    0.00000    0   71  487.00000    0.00000   100%     -    0s
     0     0    0.00000    0   63  487.00000    0.00000   100%     -    0s
     0     0    0.00000    0   62  487.00000    0.00000   100%     -    0s
     0     0    0.00000    0   57  487.00000    0.00000   100%     -    0s
     0     0    0.00000    0   57  487.00000    0.00000   100%     -    0s
H    0     0                     435.0000000    0.00000   100%     -    0s
     0     2    0.00000    0   57  435.00000    0.00000   100%     -    0s
*   50    34              14     425.0000000   66.00000  84.5%  34.5    0s
*   52    34              15     385.0000000   66.00000  82.9%  33.5    0s
H   54    32                     372.0000000   66.00000  82.3%  32.3    0s
H   58    32                     361.0000000   70.00000  80.6%  32.0    0s
*   72    41              12     359.0000000   70.00000  80.5%  32.1    0s
H  139    68                     316.0000000   82.50000  73.9%  33.0    0s
H  158    69                     307.0000000   89.00000  71.0%  31.8    0s

Cutting planes:
  Cover: 1
  Inf proof: 11
  Zero half: 32
  RLT: 29
  BQP: 35

Explored 888 nodes (26368 simplex iterations) in 1.03 seconds (1.28 work units)
Thread count was 1 (of 12 available processors)

Solution count 10: 307 316 359 ... 554

Optimal solution found (tolerance 1.00e-04)
Best objective 3.070000000000e+02, best bound 3.070000000000e+02, gap 0.0000%
307.0
