Set parameter Username
Academic license - for non-commercial use only - expires 2025-08-28
Set parameter Threads to value 1
Set parameter Method to value 4
Gurobi Optimizer version 11.0.0 build v11.0.0rc2 (mac64[arm] - Darwin 23.5.0 23F79)

CPU model: Apple M3 Pro
Thread count: 12 physical cores, 12 logical processors, using up to 1 threads

Optimize a model with 1651 rows, 276 columns and 4941 nonzeros
Model fingerprint: 0xc0708ae8
Variable types: 162 continuous, 114 integer (114 binary)
Coefficient statistics:
  Matrix range     [1e+00, 1e+00]
  Objective range  [1e+01, 3e+02]
  Bounds range     [1e+00, 1e+00]
  RHS range        [1e+00, 2e+00]
Presolve removed 267 rows and 48 columns
Presolve time: 0.01s
Presolved: 1384 rows, 228 columns, 4056 nonzeros
Variable types: 0 continuous, 228 integer (228 binary)
Found heuristic solution: objective 3650.0000000
Found heuristic solution: objective 3453.0000000
Found heuristic solution: objective 3237.0000000

Root relaxation: objective 0.000000e+00, 120 iterations, 0.00 seconds (0.00 work units)

    Nodes    |    Current Node    |     Objective Bounds      |     Work
 Expl Unexpl |  Obj  Depth IntInf | Incumbent    BestBd   Gap | It/Node Time

     0     0    0.00000    0   39 3237.00000    0.00000   100%     -    0s
H    0     0                     974.0000000    0.00000   100%     -    0s
     0     0    0.00000    0   83  974.00000    0.00000   100%     -    0s
H    0     0                     620.0000000    0.00000   100%     -    0s
     0     0    0.00000    0   60  620.00000    0.00000   100%     -    0s
     0     0    0.00000    0   60  620.00000    0.00000   100%     -    0s
     0     0    0.00000    0   71  620.00000    0.00000   100%     -    0s
     0     0    0.00000    0   79  620.00000    0.00000   100%     -    0s
     0     0    0.00000    0   64  620.00000    0.00000   100%     -    0s
H    0     0                     594.0000000    0.00000   100%     -    0s
     0     0    0.00000    0   79  594.00000    0.00000   100%     -    0s
     0     0    0.00000    0   58  594.00000    0.00000   100%     -    0s
     0     0    0.00000    0   58  594.00000    0.00000   100%     -    0s
H    0     0                     579.0000000    0.00000   100%     -    0s
     0     2    0.00000    0   58  579.00000    0.00000   100%     -    0s
H   27    27                     564.0000000   30.00000  94.7%  56.0    0s
*  108    72              19     559.0000000   36.00000  93.6%  55.0    0s
*  157    84              13     512.0000000   54.42857  89.4%  47.6    0s
*  161    80              15     484.0000000   54.42857  88.8%  46.6    0s
H  170    87                     458.0000000   54.66667  88.1%  46.4    0s
H  240   107                     427.0000000   57.60000  86.5%  45.4    0s
H  344   142                     412.0000000   74.11667  82.0%  45.6    0s
H  396   166                     410.0000000   74.66667  81.8%  44.8    0s
H  584   197                     406.0000000  102.75000  74.7%  44.7    0s
* 1095   218              15     404.0000000  178.00000  55.9%  39.9    1s

Cutting planes:
  Gomory: 6
  MIR: 2
  Inf proof: 16
  Zero half: 63
  RLT: 25
  BQP: 46

Explored 2306 nodes (82561 simplex iterations) in 2.91 seconds (3.61 work units)
Thread count was 1 (of 12 available processors)

Solution count 10: 404 406 410 ... 564

Optimal solution found (tolerance 1.00e-04)
Best objective 4.040000000000e+02, best bound 4.040000000000e+02, gap 0.0000%
404.0
