Set parameter Username
Academic license - for non-commercial use only - expires 2025-08-28
Set parameter Threads to value 1
Set parameter Method to value 4
Gurobi Optimizer version 11.0.0 build v11.0.0rc2 (mac64[arm] - Darwin 23.5.0 23F79)

CPU model: Apple M3 Pro
Thread count: 12 physical cores, 12 logical processors, using up to 1 threads

Optimize a model with 1651 rows, 276 columns and 4941 nonzeros
Model fingerprint: 0xb5b1c462
Variable types: 162 continuous, 114 integer (114 binary)
Coefficient statistics:
  Matrix range     [1e+00, 1e+00]
  Objective range  [1e+01, 3e+02]
  Bounds range     [1e+00, 1e+00]
  RHS range        [1e+00, 2e+00]
Presolve removed 267 rows and 48 columns
Presolve time: 0.00s
Presolved: 1384 rows, 228 columns, 4056 nonzeros
Variable types: 0 continuous, 228 integer (228 binary)
Found heuristic solution: objective 3616.0000000
Found heuristic solution: objective 3215.0000000
Found heuristic solution: objective 3053.0000000

Root relaxation: objective 0.000000e+00, 106 iterations, 0.00 seconds (0.00 work units)

    Nodes    |    Current Node    |     Objective Bounds      |     Work
 Expl Unexpl |  Obj  Depth IntInf | Incumbent    BestBd   Gap | It/Node Time

     0     0    0.00000    0   37 3053.00000    0.00000   100%     -    0s
H    0     0                    2036.0000000    0.00000   100%     -    0s
H    0     0                    1301.0000000    0.00000   100%     -    0s
H    0     0                    1236.0000000    0.00000   100%     -    0s
H    0     0                     926.0000000    0.00000   100%     -    0s
     0     0    0.00000    0   68  926.00000    0.00000   100%     -    0s
H    0     0                     913.0000000    0.00000   100%     -    0s
     0     0    0.00000    0   64  913.00000    0.00000   100%     -    0s
H    0     0                     567.0000000    0.00000   100%     -    0s
H    0     0                     564.0000000    0.00000   100%     -    0s
H    0     0                     491.0000000    0.00000   100%     -    0s
H    0     0                     478.0000000    0.00000   100%     -    0s
     0     0    0.00000    0   71  478.00000    0.00000   100%     -    0s
     0     0    0.00000    0   70  478.00000    0.00000   100%     -    0s
H    0     0                     471.0000000    0.00000   100%     -    0s
     0     0    0.00000    0   70  471.00000    0.00000   100%     -    0s
     0     0    0.00000    0   59  471.00000    0.00000   100%     -    0s
     0     0    0.00000    0   59  471.00000    0.00000   100%     -    0s
     0     2    0.00000    0   59  471.00000    0.00000   100%     -    0s
*   20    17              11     340.0000000   18.50000  94.6%  66.5    0s
*   21    16              12     339.0000000   18.50000  94.5%  63.6    0s
H   27    16                     329.0000000   27.50000  91.6%  59.3    0s
*  176    76              11     311.0000000   70.00000  77.5%  51.2    0s

Cutting planes:
  Inf proof: 23
  Zero half: 52
  RLT: 31
  BQP: 44

Explored 1746 nodes (63562 simplex iterations) in 2.17 seconds (2.77 work units)
Thread count was 1 (of 12 available processors)

Solution count 10: 311 329 339 ... 913

Optimal solution found (tolerance 1.00e-04)
Best objective 3.110000000000e+02, best bound 3.110000000000e+02, gap 0.0000%
311.0
