Set parameter Username
Academic license - for non-commercial use only - expires 2025-08-28
Set parameter Threads to value 1
Set parameter Method to value 4
Gurobi Optimizer version 11.0.0 build v11.0.0rc2 (mac64[arm] - Darwin 23.5.0 23F79)

CPU model: Apple M3 Pro
Thread count: 12 physical cores, 12 logical processors, using up to 1 threads

Optimize a model with 1651 rows, 276 columns and 4941 nonzeros
Model fingerprint: 0xde64ba29
Variable types: 162 continuous, 114 integer (114 binary)
Coefficient statistics:
  Matrix range     [1e+00, 1e+00]
  Objective range  [1e+01, 3e+02]
  Bounds range     [1e+00, 1e+00]
  RHS range        [1e+00, 2e+00]
Presolve removed 267 rows and 48 columns
Presolve time: 0.01s
Presolved: 1384 rows, 228 columns, 4056 nonzeros
Variable types: 0 continuous, 228 integer (228 binary)
Found heuristic solution: objective 3596.0000000
Found heuristic solution: objective 3197.0000000
Found heuristic solution: objective 3029.0000000

Root relaxation: objective 0.000000e+00, 106 iterations, 0.00 seconds (0.00 work units)

    Nodes    |    Current Node    |     Objective Bounds      |     Work
 Expl Unexpl |  Obj  Depth IntInf | Incumbent    BestBd   Gap | It/Node Time

     0     0    0.00000    0   37 3029.00000    0.00000   100%     -    0s
H    0     0                    2035.0000000    0.00000   100%     -    0s
H    0     0                    1289.0000000    0.00000   100%     -    0s
H    0     0                    1224.0000000    0.00000   100%     -    0s
H    0     0                     924.0000000    0.00000   100%     -    0s
     0     0    0.00000    0   92  924.00000    0.00000   100%     -    0s
H    0     0                     787.0000000    0.00000   100%     -    0s
H    0     0                     712.0000000    0.00000   100%     -    0s
     0     0    0.00000    0   49  712.00000    0.00000   100%     -    0s
H    0     0                     688.0000000    0.00000   100%     -    0s
     0     0    0.00000    0   46  688.00000    0.00000   100%     -    0s
     0     0    0.00000    0   55  688.00000    0.00000   100%     -    0s
H    0     0                     659.0000000    0.00000   100%     -    0s
H    0     0                     395.0000000    0.00000   100%     -    0s
     0     0    0.00000    0   55  395.00000    0.00000   100%     -    0s
     0     0    0.00000    0   51  395.00000    0.00000   100%     -    0s
     0     0    0.00000    0   51  395.00000    0.00000   100%     -    0s
H    0     0                     365.0000000    0.00000   100%     -    0s
H    0     0                     313.0000000    0.00000   100%     -    0s
     0     2    0.00000    0   51  313.00000    0.00000   100%     -    0s

Cutting planes:
  Cover: 1
  MIR: 3
  Inf proof: 28
  Zero half: 33
  RLT: 34
  BQP: 40

Explored 2178 nodes (66956 simplex iterations) in 2.41 seconds (2.99 work units)
Thread count was 1 (of 12 available processors)

Solution count 10: 313 365 395 ... 1289

Optimal solution found (tolerance 1.00e-04)
Best objective 3.130000000000e+02, best bound 3.130000000000e+02, gap 0.0000%
313.0
