Set parameter Username
Academic license - for non-commercial use only - expires 2025-08-28
Set parameter Threads to value 1
Set parameter Method to value 4
Gurobi Optimizer version 11.0.0 build v11.0.0rc2 (mac64[arm] - Darwin 23.5.0 23F79)

CPU model: Apple M3 Pro
Thread count: 12 physical cores, 12 logical processors, using up to 1 threads

Optimize a model with 1762 rows, 291 columns and 5273 nonzeros
Model fingerprint: 0x09f6e1df
Variable types: 171 continuous, 120 integer (120 binary)
Coefficient statistics:
  Matrix range     [1e+00, 1e+00]
  Objective range  [1e+01, 3e+02]
  Bounds range     [1e+00, 1e+00]
  RHS range        [1e+00, 2e+00]
Presolve removed 281 rows and 50 columns
Presolve time: 0.00s
Presolved: 1481 rows, 241 columns, 4338 nonzeros
Variable types: 0 continuous, 241 integer (241 binary)
Found heuristic solution: objective 3838.0000000
Found heuristic solution: objective 3649.0000000

Root relaxation: objective 0.000000e+00, 151 iterations, 0.00 seconds (0.00 work units)

    Nodes    |    Current Node    |     Objective Bounds      |     Work
 Expl Unexpl |  Obj  Depth IntInf | Incumbent    BestBd   Gap | It/Node Time

     0     0    0.00000    0   40 3649.00000    0.00000   100%     -    0s
H    0     0                    2640.0000000    0.00000   100%     -    0s
H    0     0                    1626.0000000    0.00000   100%     -    0s
H    0     0                    1554.0000000    0.00000   100%     -    0s
H    0     0                    1499.0000000    0.00000   100%     -    0s
     0     0    0.00000    0   87 1499.00000    0.00000   100%     -    0s
H    0     0                    1130.0000000    0.00000   100%     -    0s
H    0     0                    1018.0000000    0.00000   100%     -    0s
     0     0    0.00000    0   71 1018.00000    0.00000   100%     -    0s
H    0     0                     896.0000000    0.00000   100%     -    0s
H    0     0                     806.0000000    0.00000   100%     -    0s
H    0     0                     560.0000000    0.00000   100%     -    0s
H    0     0                     532.0000000    0.00000   100%     -    0s
     0     0    0.00000    0   70  532.00000    0.00000   100%     -    0s
     0     0    0.00000    0   70  532.00000    0.00000   100%     -    0s
     0     0    0.00000    0   69  532.00000    0.00000   100%     -    0s
     0     0    0.00000    0   85  532.00000    0.00000   100%     -    0s
     0     0    0.00000    0   73  532.00000    0.00000   100%     -    0s
H    0     0                     526.0000000    0.00000   100%     -    0s
     0     2    0.00000    0   73  526.00000    0.00000   100%     -    0s
H  303   141                     512.0000000   63.85000  87.5%  40.4    0s
*  308   145              16     507.0000000   63.85000  87.4%  40.0    0s
H  330   144                     471.0000000   64.50000  86.3%  40.3    0s
H  423   191                     459.0000000   69.00000  85.0%  38.6    0s
H  742   241                     456.0000000  109.50000  76.0%  33.0    0s

Cutting planes:
  Inf proof: 1
  Zero half: 3
  RLT: 5
  BQP: 10

Explored 3910 nodes (101449 simplex iterations) in 3.04 seconds (5.20 work units)
Thread count was 1 (of 12 available processors)

Solution count 10: 456 459 471 ... 896

Optimal solution found (tolerance 1.00e-04)
Best objective 4.560000000000e+02, best bound 4.560000000000e+02, gap 0.0000%
456.0
