Set parameter Username
Academic license - for non-commercial use only - expires 2025-08-28
Set parameter Threads to value 1
Set parameter Method to value 4
Gurobi Optimizer version 11.0.0 build v11.0.0rc2 (mac64[arm] - Darwin 23.5.0 23F79)

CPU model: Apple M3 Pro
Thread count: 12 physical cores, 12 logical processors, using up to 1 threads

Optimize a model with 1651 rows, 276 columns and 4941 nonzeros
Model fingerprint: 0xf7dec4cf
Variable types: 162 continuous, 114 integer (114 binary)
Coefficient statistics:
  Matrix range     [1e+00, 1e+00]
  Objective range  [1e+01, 3e+02]
  Bounds range     [1e+00, 1e+00]
  RHS range        [1e+00, 2e+00]
Presolve removed 267 rows and 48 columns
Presolve time: 0.00s
Presolved: 1384 rows, 228 columns, 4056 nonzeros
Variable types: 0 continuous, 228 integer (228 binary)
Found heuristic solution: objective 3623.0000000
Found heuristic solution: objective 3222.0000000
Found heuristic solution: objective 3060.0000000

Root relaxation: objective 0.000000e+00, 106 iterations, 0.00 seconds (0.00 work units)

    Nodes    |    Current Node    |     Objective Bounds      |     Work
 Expl Unexpl |  Obj  Depth IntInf | Incumbent    BestBd   Gap | It/Node Time

     0     0    0.00000    0   37 3060.00000    0.00000   100%     -    0s
H    0     0                    2042.0000000    0.00000   100%     -    0s
H    0     0                    1302.0000000    0.00000   100%     -    0s
H    0     0                    1242.0000000    0.00000   100%     -    0s
H    0     0                     932.0000000    0.00000   100%     -    0s
     0     0    0.00000    0   92  932.00000    0.00000   100%     -    0s
H    0     0                     796.0000000    0.00000   100%     -    0s
H    0     0                     721.0000000    0.00000   100%     -    0s
     0     0    0.00000    0   68  721.00000    0.00000   100%     -    0s
     0     0    0.00000    0   61  721.00000    0.00000   100%     -    0s
     0     0    0.00000    0   79  721.00000    0.00000   100%     -    0s
H    0     0                     666.0000000    0.00000   100%     -    0s
     0     0    0.00000    0   78  666.00000    0.00000   100%     -    0s
     0     0    0.00000    0   60  666.00000    0.00000   100%     -    0s
     0     0    0.00000    0   60  666.00000    0.00000   100%     -    0s
H    0     0                     618.0000000    0.00000   100%     -    0s
H    0     0                     370.0000000    0.00000   100%     -    0s
     0     2    0.00000    0   60  370.00000    0.00000   100%     -    0s
*  141    78              15     336.0000000   32.81250  90.2%  45.0    0s
H  458   155                     326.0000000   66.16080  79.7%  36.3    0s
H  636   177                     316.0000000   95.83333  69.7%  34.5    0s

Cutting planes:
  MIR: 5
  StrongCG: 2
  Inf proof: 37
  Zero half: 43
  RLT: 28
  BQP: 36

Explored 2356 nodes (71007 simplex iterations) in 2.68 seconds (3.34 work units)
Thread count was 1 (of 12 available processors)

Solution count 10: 316 326 336 ... 1242

Optimal solution found (tolerance 1.00e-04)
Best objective 3.160000000000e+02, best bound 3.160000000000e+02, gap 0.0000%
316.0
