Set parameter Username
Academic license - for non-commercial use only - expires 2025-08-28
Set parameter Threads to value 1
Set parameter Method to value 4
Gurobi Optimizer version 11.0.0 build v11.0.0rc2 (mac64[arm] - Darwin 23.5.0 23F79)

CPU model: Apple M3 Pro
Thread count: 12 physical cores, 12 logical processors, using up to 1 threads

Optimize a model with 1762 rows, 291 columns and 5273 nonzeros
Model fingerprint: 0xa1978acf
Variable types: 171 continuous, 120 integer (120 binary)
Coefficient statistics:
  Matrix range     [1e+00, 1e+00]
  Objective range  [1e+01, 3e+02]
  Bounds range     [1e+00, 1e+00]
  RHS range        [1e+00, 2e+00]
Presolve removed 281 rows and 50 columns
Presolve time: 0.00s
Presolved: 1481 rows, 241 columns, 4338 nonzeros
Variable types: 0 continuous, 241 integer (241 binary)
Found heuristic solution: objective 3802.0000000
Found heuristic solution: objective 3613.0000000

Root relaxation: objective 0.000000e+00, 151 iterations, 0.00 seconds (0.00 work units)

    Nodes    |    Current Node    |     Objective Bounds      |     Work
 Expl Unexpl |  Obj  Depth IntInf | Incumbent    BestBd   Gap | It/Node Time

     0     0    0.00000    0   40 3613.00000    0.00000   100%     -    0s
H    0     0                    2608.0000000    0.00000   100%     -    0s
H    0     0                    1590.0000000    0.00000   100%     -    0s
H    0     0                    1512.0000000    0.00000   100%     -    0s
H    0     0                    1457.0000000    0.00000   100%     -    0s
     0     0    0.00000    0   92 1457.00000    0.00000   100%     -    0s
H    0     0                    1234.0000000    0.00000   100%     -    0s
H    0     0                     941.0000000    0.00000   100%     -    0s
H    0     0                     872.0000000    0.00000   100%     -    0s
     0     0    0.00000    0   59  872.00000    0.00000   100%     -    0s
     0     0    0.00000    0   79  872.00000    0.00000   100%     -    0s
H    0     0                     798.0000000    0.00000   100%     -    0s
H    0     0                     780.0000000    0.00000   100%     -    0s
     0     0    0.00000    0   69  780.00000    0.00000   100%     -    0s
     0     0    0.00000    0   63  780.00000    0.00000   100%     -    0s
     0     0    0.00000    0   63  780.00000    0.00000   100%     -    0s
H    0     0                     591.0000000    0.00000   100%     -    0s
H    0     0                     590.0000000    0.00000   100%     -    0s
     0     2    0.00000    0   63  590.00000    0.00000   100%     -    0s
H  130    78                     577.0000000   43.00000  92.5%  56.2    0s
H  136    74                     535.0000000   43.00000  92.0%  55.9    0s
H  139    77                     526.0000000   43.00000  91.8%  55.2    0s
*  146    84              22     520.0000000   43.00000  91.7%  54.2    0s
*  167    98              20     496.0000000   46.00000  90.7%  52.6    0s
*  168    97              20     488.0000000   46.00000  90.6%  52.3    0s
H  298   148                     481.0000000  107.00000  77.8%  49.2    0s
H  325   149                     464.0000000  108.94444  76.5%  47.6    0s
H  445   169                     438.0000000  141.33333  67.7%  44.8    0s

Cutting planes:
  Cover: 1
  Inf proof: 37
  Zero half: 54
  RLT: 29
  BQP: 44

Explored 3641 nodes (111894 simplex iterations) in 3.39 seconds (4.30 work units)
Thread count was 1 (of 12 available processors)

Solution count 10: 438 464 481 ... 590

Optimal solution found (tolerance 1.00e-04)
Best objective 4.380000000000e+02, best bound 4.380000000000e+02, gap 0.0000%
438.0
