Set parameter Username
Academic license - for non-commercial use only - expires 2025-08-28
Set parameter Threads to value 1
Set parameter Method to value 4
Gurobi Optimizer version 11.0.0 build v11.0.0rc2 (mac64[arm] - Darwin 23.5.0 23F79)

CPU model: Apple M3 Pro
Thread count: 12 physical cores, 12 logical processors, using up to 1 threads

Optimize a model with 1762 rows, 291 columns and 5273 nonzeros
Model fingerprint: 0x44eacf1e
Variable types: 171 continuous, 120 integer (120 binary)
Coefficient statistics:
  Matrix range     [1e+00, 1e+00]
  Objective range  [1e+01, 3e+02]
  Bounds range     [1e+00, 1e+00]
  RHS range        [1e+00, 2e+00]
Presolve removed 281 rows and 50 columns
Presolve time: 0.01s
Presolved: 1481 rows, 241 columns, 4338 nonzeros
Variable types: 0 continuous, 241 integer (241 binary)
Found heuristic solution: objective 3851.0000000
Found heuristic solution: objective 3662.0000000

Root relaxation: objective 0.000000e+00, 131 iterations, 0.00 seconds (0.00 work units)

    Nodes    |    Current Node    |     Objective Bounds      |     Work
 Expl Unexpl |  Obj  Depth IntInf | Incumbent    BestBd   Gap | It/Node Time

     0     0    0.00000    0   40 3662.00000    0.00000   100%     -    0s
H    0     0                    1079.0000000    0.00000   100%     -    0s
H    0     0                     821.0000000    0.00000   100%     -    0s
     0     0    0.00000    0  101  821.00000    0.00000   100%     -    0s
     0     0    0.00000    0   39  821.00000    0.00000   100%     -    0s
     0     0    0.00000    0   72  821.00000    0.00000   100%     -    0s
H    0     0                     748.0000000    0.00000   100%     -    0s
     0     0    0.00000    0   75  748.00000    0.00000   100%     -    0s
     0     0    0.00000    0   80  748.00000    0.00000   100%     -    0s
     0     0    0.00000    0   80  748.00000    0.00000   100%     -    0s
H    0     0                     494.0000000    0.00000   100%     -    0s
H    0     0                     442.0000000    0.00000   100%     -    0s
     0     2    0.00000    0   80  442.00000    0.00000   100%     -    0s
H  117    67                     419.0000000   21.00000  95.0%  51.6    0s
H  339   161                     410.0000000   38.33333  90.7%  55.4    0s

Cutting planes:
  Zero half: 5
  RLT: 4
  BQP: 11

Explored 2534 nodes (88524 simplex iterations) in 3.23 seconds (4.15 work units)
Thread count was 1 (of 12 available processors)

Solution count 9: 410 419 442 ... 3851

Optimal solution found (tolerance 1.00e-04)
Best objective 4.100000000000e+02, best bound 4.100000000000e+02, gap 0.0000%
410.0
