Set parameter Username
Academic license - for non-commercial use only - expires 2025-08-28
Set parameter Threads to value 1
Set parameter Method to value 4
Gurobi Optimizer version 11.0.0 build v11.0.0rc2 (mac64[arm] - Darwin 23.5.0 23F79)

CPU model: Apple M3 Pro
Thread count: 12 physical cores, 12 logical processors, using up to 1 threads

Optimize a model with 1763 rows, 291 columns and 5274 nonzeros
Model fingerprint: 0x2a28267f
Variable types: 171 continuous, 120 integer (120 binary)
Coefficient statistics:
  Matrix range     [1e+00, 1e+00]
  Objective range  [1e+01, 3e+02]
  Bounds range     [1e+00, 1e+00]
  RHS range        [1e+00, 2e+00]
Presolve removed 288 rows and 51 columns
Presolve time: 0.00s
Presolved: 1475 rows, 240 columns, 4314 nonzeros
Variable types: 0 continuous, 240 integer (240 binary)
Found heuristic solution: objective 3800.0000000
Found heuristic solution: objective 3611.0000000

Root relaxation: objective 0.000000e+00, 145 iterations, 0.00 seconds (0.01 work units)

    Nodes    |    Current Node    |     Objective Bounds      |     Work
 Expl Unexpl |  Obj  Depth IntInf | Incumbent    BestBd   Gap | It/Node Time

     0     0    0.00000    0   40 3611.00000    0.00000   100%     -    0s
H    0     0                    2114.0000000    0.00000   100%     -    0s
H    0     0                    1588.0000000    0.00000   100%     -    0s
H    0     0                    1516.0000000    0.00000   100%     -    0s
H    0     0                    1461.0000000    0.00000   100%     -    0s
     0     0    0.00000    0  102 1461.00000    0.00000   100%     -    0s
H    0     0                    1102.0000000    0.00000   100%     -    0s
H    0     0                    1094.0000000    0.00000   100%     -    0s
H    0     0                     952.0000000    0.00000   100%     -    0s
     0     0    0.00000    0   67  952.00000    0.00000   100%     -    0s
H    0     0                     784.0000000    0.00000   100%     -    0s
H    0     0                     591.0000000    0.00000   100%     -    0s
     0     0    0.00000    0   61  591.00000    0.00000   100%     -    0s
     0     0    0.00000    0   74  591.00000    0.00000   100%     -    0s
H    0     0                     554.0000000    0.00000   100%     -    0s
     0     0    0.00000    0   91  554.00000    0.00000   100%     -    0s
     0     0    0.00000    0   96  554.00000    0.00000   100%     -    0s
     0     0    0.00000    0   73  554.00000    0.00000   100%     -    0s
H    0     0                     509.0000000    0.00000   100%     -    0s
     0     2    0.00000    0   63  509.00000    0.00000   100%     -    0s
H   27    25                     482.0000000   23.75000  95.1%  58.5    0s
H   58    30                     462.0000000   24.50000  94.7%  42.5    0s
H  134    69                     458.0000000   28.50000  93.8%  54.2    0s
H  583   228                     448.0000000  112.00000  75.0%  50.2    1s
H  616   229                     445.0000000  120.50000  72.9%  49.6    1s
H  637   239                     436.0000000  120.90099  72.3%  49.0    1s
  3655   488  311.87500   25   59  436.00000  236.00000  45.9%  34.5    5s

Cutting planes:
  MIR: 1
  Inf proof: 1
  Zero half: 11
  RLT: 15
  BQP: 30

Explored 9229 nodes (244195 simplex iterations) in 9.70 seconds (12.25 work units)
Thread count was 1 (of 12 available processors)

Solution count 10: 436 445 448 ... 784

Optimal solution found (tolerance 1.00e-04)
Best objective 4.360000000000e+02, best bound 4.360000000000e+02, gap 0.0000%
436.0
