Set parameter Username
Academic license - for non-commercial use only - expires 2025-08-28
Set parameter Threads to value 1
Set parameter Method to value 4
Gurobi Optimizer version 11.0.0 build v11.0.0rc2 (mac64[arm] - Darwin 23.5.0 23F79)

CPU model: Apple M3 Pro
Thread count: 12 physical cores, 12 logical processors, using up to 1 threads

Optimize a model with 1651 rows, 276 columns and 4941 nonzeros
Model fingerprint: 0x63b63d3c
Variable types: 162 continuous, 114 integer (114 binary)
Coefficient statistics:
  Matrix range     [1e+00, 1e+00]
  Objective range  [1e+01, 3e+02]
  Bounds range     [1e+00, 1e+00]
  RHS range        [1e+00, 2e+00]
Presolve removed 267 rows and 48 columns
Presolve time: 0.00s
Presolved: 1384 rows, 228 columns, 4056 nonzeros
Variable types: 0 continuous, 228 integer (228 binary)
Found heuristic solution: objective 3607.0000000
Found heuristic solution: objective 3411.0000000
Found heuristic solution: objective 3201.0000000

Root relaxation: objective 0.000000e+00, 120 iterations, 0.00 seconds (0.00 work units)

    Nodes    |    Current Node    |     Objective Bounds      |     Work
 Expl Unexpl |  Obj  Depth IntInf | Incumbent    BestBd   Gap | It/Node Time

     0     0    0.00000    0   39 3201.00000    0.00000   100%     -    0s
H    0     0                     943.0000000    0.00000   100%     -    0s
     0     0    0.00000    0   83  943.00000    0.00000   100%     -    0s
H    0     0                     594.0000000    0.00000   100%     -    0s
     0     0    0.00000    0   80  594.00000    0.00000   100%     -    0s
H    0     0                     591.0000000    0.00000   100%     -    0s
     0     0    0.00000    0   79  591.00000    0.00000   100%     -    0s
     0     0    0.00000    0   81  591.00000    0.00000   100%     -    0s
     0     0    0.00000    0   79  591.00000    0.00000   100%     -    0s
     0     0    0.00000    0   73  591.00000    0.00000   100%     -    0s
     0     0    0.00000    0   81  591.00000    0.00000   100%     -    0s
     0     0    0.00000    0   62  591.00000    0.00000   100%     -    0s
     0     0    0.00000    0   62  591.00000    0.00000   100%     -    0s
     0     2    0.00000    0   59  591.00000    0.00000   100%     -    0s
*   45    29              14     396.0000000   15.50000  96.1%  68.6    0s
*  221    82              11     390.0000000   61.40000  84.3%  47.6    0s
*  258   105              18     388.0000000   64.00000  83.5%  47.3    0s
H  342   120                     382.0000000   76.00000  80.1%  48.0    0s
H  423   159                     381.0000000   81.00000  78.7%  50.0    0s
*  447   167              13     375.0000000   84.62500  77.4%  49.7    0s

Cutting planes:
  Gomory: 4
  Inf proof: 46
  Zero half: 51
  RLT: 26
  BQP: 50

Explored 3844 nodes (137101 simplex iterations) in 4.61 seconds (5.84 work units)
Thread count was 1 (of 12 available processors)

Solution count 10: 375 381 382 ... 3201

Optimal solution found (tolerance 1.00e-04)
Best objective 3.750000000000e+02, best bound 3.750000000000e+02, gap 0.0000%
375.0
