Set parameter Username
Academic license - for non-commercial use only - expires 2025-08-28
Set parameter Threads to value 1
Set parameter Method to value 4
Gurobi Optimizer version 11.0.0 build v11.0.0rc2 (mac64[arm] - Darwin 23.5.0 23F79)

CPU model: Apple M3 Pro
Thread count: 12 physical cores, 12 logical processors, using up to 1 threads

Optimize a model with 1763 rows, 291 columns and 5274 nonzeros
Model fingerprint: 0x1a93e5cc
Variable types: 171 continuous, 120 integer (120 binary)
Coefficient statistics:
  Matrix range     [1e+00, 1e+00]
  Objective range  [1e+01, 3e+02]
  Bounds range     [1e+00, 1e+00]
  RHS range        [1e+00, 2e+00]
Presolve removed 288 rows and 51 columns
Presolve time: 0.00s
Presolved: 1475 rows, 240 columns, 4314 nonzeros
Variable types: 0 continuous, 240 integer (240 binary)
Found heuristic solution: objective 3786.0000000
Found heuristic solution: objective 3597.0000000

Root relaxation: objective 0.000000e+00, 145 iterations, 0.00 seconds (0.01 work units)

    Nodes    |    Current Node    |     Objective Bounds      |     Work
 Expl Unexpl |  Obj  Depth IntInf | Incumbent    BestBd   Gap | It/Node Time

     0     0    0.00000    0   40 3597.00000    0.00000   100%     -    0s
H    0     0                    2106.0000000    0.00000   100%     -    0s
H    0     0                    1574.0000000    0.00000   100%     -    0s
H    0     0                    1502.0000000    0.00000   100%     -    0s
H    0     0                    1447.0000000    0.00000   100%     -    0s
     0     0    0.00000    0  102 1447.00000    0.00000   100%     -    0s
H    0     0                    1090.0000000    0.00000   100%     -    0s
H    0     0                    1084.0000000    0.00000   100%     -    0s
H    0     0                     944.0000000    0.00000   100%     -    0s
     0     0    0.00000    0   94  944.00000    0.00000   100%     -    0s
H    0     0                     899.0000000    0.00000   100%     -    0s
H    0     0                     874.0000000    0.00000   100%     -    0s
H    0     0                     826.0000000    0.00000   100%     -    0s
     0     0    0.00000    0   86  826.00000    0.00000   100%     -    0s
     0     0    0.00000    0   75  826.00000    0.00000   100%     -    0s
H    0     0                     744.0000000    0.00000   100%     -    0s
     0     0    0.00000    0   97  744.00000    0.00000   100%     -    0s
     0     0    0.00000    0   85  744.00000    0.00000   100%     -    0s
     0     0    0.00000    0   81  744.00000    0.00000   100%     -    0s
H    0     0                     724.0000000    0.00000   100%     -    0s
     0     2    0.00000    0   54  724.00000    0.00000   100%     -    0s
H   26    24                     679.0000000    0.00000   100%  60.4    0s
H  139    92                     658.0000000   36.75000  94.4%  58.1    0s
H  162   102                     620.0000000   37.00000  94.0%  58.0    0s
H  172   112                     617.0000000   37.00000  94.0%  57.7    0s
*  178   113              24     602.0000000   37.00000  93.9%  56.7    0s
H  216   116                     484.0000000   39.00000  91.9%  56.0    0s
H  324   159                     465.0000000   69.82436  85.0%  57.7    0s
H  340   161                     438.0000000   69.82436  84.1%  57.1    0s
H  418   185                     430.0000000   75.00000  82.6%  57.0    0s

Cutting planes:
  Zero half: 7
  RLT: 8
  BQP: 22

Explored 3127 nodes (113741 simplex iterations) in 4.52 seconds (5.87 work units)
Thread count was 1 (of 12 available processors)

Solution count 10: 430 438 465 ... 724

Optimal solution found (tolerance 1.00e-04)
Best objective 4.300000000000e+02, best bound 4.300000000000e+02, gap 0.0000%
430.0
