Set parameter Username
Academic license - for non-commercial use only - expires 2025-08-28
Set parameter Threads to value 1
Set parameter Method to value 4
Gurobi Optimizer version 11.0.0 build v11.0.0rc2 (mac64[arm] - Darwin 23.5.0 23F79)

CPU model: Apple M3 Pro
Thread count: 12 physical cores, 12 logical processors, using up to 1 threads

Optimize a model with 1762 rows, 291 columns and 5273 nonzeros
Model fingerprint: 0xc38700fb
Variable types: 171 continuous, 120 integer (120 binary)
Coefficient statistics:
  Matrix range     [1e+00, 1e+00]
  Objective range  [1e+01, 3e+02]
  Bounds range     [1e+00, 1e+00]
  RHS range        [1e+00, 2e+00]
Presolve removed 281 rows and 50 columns
Presolve time: 0.01s
Presolved: 1481 rows, 241 columns, 4338 nonzeros
Variable types: 0 continuous, 241 integer (241 binary)
Found heuristic solution: objective 3803.0000000
Found heuristic solution: objective 3614.0000000

Root relaxation: objective 0.000000e+00, 151 iterations, 0.00 seconds (0.00 work units)

    Nodes    |    Current Node    |     Objective Bounds      |     Work
 Expl Unexpl |  Obj  Depth IntInf | Incumbent    BestBd   Gap | It/Node Time

     0     0    0.00000    0   40 3614.00000    0.00000   100%     -    0s
H    0     0                    2603.0000000    0.00000   100%     -    0s
H    0     0                    1577.0000000    0.00000   100%     -    0s
H    0     0                    1505.0000000    0.00000   100%     -    0s
H    0     0                    1450.0000000    0.00000   100%     -    0s
     0     0    0.00000    0   92 1450.00000    0.00000   100%     -    0s
H    0     0                    1230.0000000    0.00000   100%     -    0s
H    0     0                    1218.0000000    0.00000   100%     -    0s
     0     0    0.00000    0   60 1218.00000    0.00000   100%     -    0s
     0     0    0.00000    0   69 1218.00000    0.00000   100%     -    0s
     0     0    0.00000    0   88 1218.00000    0.00000   100%     -    0s
H    0     0                     940.0000000    0.00000   100%     -    0s
H    0     0                     913.0000000    0.00000   100%     -    0s
     0     0    0.00000    0   88  913.00000    0.00000   100%     -    0s
     0     0    0.00000    0   88  913.00000    0.00000   100%     -    0s
     0     0    0.00000    0   61  913.00000    0.00000   100%     -    0s
H    0     0                     805.0000000    0.00000   100%     -    0s
H    0     0                     693.0000000    0.00000   100%     -    0s
H    0     0                     649.0000000    0.00000   100%     -    0s
     0     2    0.00000    0   60  649.00000    0.00000   100%     -    0s
*   49    34              16     475.0000000   11.08333  97.7%  45.2    0s
H   83    55                     461.0000000   12.00000  97.4%  49.1    0s
H  110    70                     459.0000000   18.00000  96.1%  47.7    0s
H  368   171                     452.0000000   83.28846  81.6%  40.9    0s
H 2517   269                     435.0000000  291.50000  33.0%  32.8    3s

Cutting planes:
  Zero half: 7
  RLT: 9
  BQP: 11

Explored 3982 nodes (112587 simplex iterations) in 4.59 seconds (5.92 work units)
Thread count was 1 (of 12 available processors)

Solution count 10: 435 452 459 ... 940

Optimal solution found (tolerance 1.00e-04)
Best objective 4.350000000000e+02, best bound 4.350000000000e+02, gap 0.0000%
435.0
