Set parameter Username
Academic license - for non-commercial use only - expires 2025-08-28
Set parameter Threads to value 1
Set parameter Method to value 4
Gurobi Optimizer version 11.0.0 build v11.0.0rc2 (mac64[arm] - Darwin 23.5.0 23F79)

CPU model: Apple M3 Pro
Thread count: 12 physical cores, 12 logical processors, using up to 1 threads

Optimize a model with 1874 rows, 306 columns and 5606 nonzeros
Model fingerprint: 0xf0800f1d
Variable types: 180 continuous, 126 integer (126 binary)
Coefficient statistics:
  Matrix range     [1e+00, 1e+00]
  Objective range  [1e+01, 3e+02]
  Bounds range     [1e+00, 1e+00]
  RHS range        [1e+00, 2e+00]
Presolve removed 302 rows and 53 columns
Presolve time: 0.00s
Presolved: 1572 rows, 253 columns, 4596 nonzeros
Variable types: 0 continuous, 253 integer (253 binary)
Found heuristic solution: objective 3272.0000000
Found heuristic solution: objective 1660.0000000

Root relaxation: objective 0.000000e+00, 158 iterations, 0.00 seconds (0.01 work units)

    Nodes    |    Current Node    |     Objective Bounds      |     Work
 Expl Unexpl |  Obj  Depth IntInf | Incumbent    BestBd   Gap | It/Node Time

     0     0    0.00000    0   47 1660.00000    0.00000   100%     -    0s
H    0     0                    1019.0000000    0.00000   100%     -    0s
H    0     0                    1009.0000000    0.00000   100%     -    0s
     0     0    0.00000    0   72 1009.00000    0.00000   100%     -    0s
H    0     0                     777.0000000    0.00000   100%     -    0s
H    0     0                     757.0000000    0.00000   100%     -    0s
     0     0    0.00000    0   89  757.00000    0.00000   100%     -    0s
H    0     0                     685.0000000    0.00000   100%     -    0s
H    0     0                     661.0000000    0.00000   100%     -    0s
     0     0    0.00000    0   74  661.00000    0.00000   100%     -    0s
H    0     0                     587.0000000    0.00000   100%     -    0s
     0     0    0.00000    0   74  587.00000    0.00000   100%     -    0s
     0     0    0.00000    0   90  587.00000    0.00000   100%     -    0s
     0     0    0.00000    0   77  587.00000    0.00000   100%     -    0s
H    0     0                     567.0000000    0.00000   100%     -    0s
     0     2    0.00000    0   77  567.00000    0.00000   100%     -    0s
H  105    58                     551.0000000   51.25000  90.7%  47.0    0s
H  139    82                     538.0000000   52.00000  90.3%  45.8    0s
H  274   137                     532.0000000   88.00000  83.5%  48.2    0s
H  301   143                     508.0000000   89.16667  82.4%  48.4    0s
H  314   153                     498.0000000   89.16667  82.1%  49.4    0s
H  328   162                     496.0000000   89.16667  82.0%  50.0    0s
H  340   163                     479.0000000   89.16667  81.4%  49.6    0s
H  415   179                     478.0000000  101.52941  78.8%  46.4    0s
H 1084   304                     469.0000000  160.08056  65.9%  41.4    1s

Cutting planes:
  Zero half: 7
  RLT: 7
  BQP: 17

Explored 3179 nodes (100634 simplex iterations) in 4.73 seconds (5.66 work units)
Thread count was 1 (of 12 available processors)

Solution count 10: 469 478 479 ... 567

Optimal solution found (tolerance 1.00e-04)
Best objective 4.690000000000e+02, best bound 4.690000000000e+02, gap 0.0000%
469.0
