Set parameter Username
Academic license - for non-commercial use only - expires 2025-08-28
Set parameter Threads to value 1
Set parameter Method to value 4
Gurobi Optimizer version 11.0.0 build v11.0.0rc2 (mac64[arm] - Darwin 23.5.0 23F79)

CPU model: Apple M3 Pro
Thread count: 12 physical cores, 12 logical processors, using up to 1 threads

Optimize a model with 1762 rows, 291 columns and 5273 nonzeros
Model fingerprint: 0xa4feeaaa
Variable types: 171 continuous, 120 integer (120 binary)
Coefficient statistics:
  Matrix range     [1e+00, 1e+00]
  Objective range  [1e+01, 3e+02]
  Bounds range     [1e+00, 1e+00]
  RHS range        [1e+00, 2e+00]
Presolve removed 281 rows and 50 columns
Presolve time: 0.00s
Presolved: 1481 rows, 241 columns, 4338 nonzeros
Variable types: 0 continuous, 241 integer (241 binary)
Found heuristic solution: objective 3837.0000000
Found heuristic solution: objective 3641.0000000

Root relaxation: objective 0.000000e+00, 131 iterations, 0.00 seconds (0.00 work units)

    Nodes    |    Current Node    |     Objective Bounds      |     Work
 Expl Unexpl |  Obj  Depth IntInf | Incumbent    BestBd   Gap | It/Node Time

     0     0    0.00000    0   40 3641.00000    0.00000   100%     -    0s
H    0     0                    1071.0000000    0.00000   100%     -    0s
H    0     0                     813.0000000    0.00000   100%     -    0s
     0     0    0.00000    0   95  813.00000    0.00000   100%     -    0s
     0     0    0.00000    0   76  813.00000    0.00000   100%     -    0s
     0     0    0.00000    0   76  813.00000    0.00000   100%     -    0s
     0     0    0.00000    0   71  813.00000    0.00000   100%     -    0s
H    0     0                     762.0000000    0.00000   100%     -    0s
H    0     0                     756.0000000    0.00000   100%     -    0s
H    0     0                     745.0000000    0.00000   100%     -    0s
     0     0    0.00000    0   65  745.00000    0.00000   100%     -    0s
     0     0    0.00000    0   80  745.00000    0.00000   100%     -    0s
     0     0    0.00000    0   60  745.00000    0.00000   100%     -    0s
H    0     0                     713.0000000    0.00000   100%     -    0s
     0     2    0.00000    0   60  713.00000    0.00000   100%     -    0s
H   26    24                     701.0000000    0.00000   100%  40.0    0s
*   38    36              22     491.0000000    0.00000   100%  37.0    0s
H  355   199                     480.0000000   37.66667  92.2%  43.0    0s
H  391   213                     461.0000000   41.50000  91.0%  41.9    0s
H  417   217                     416.0000000   42.40000  89.8%  43.1    0s
H  443   227                     408.0000000   42.40000  89.6%  43.7    0s
H  469   244                     401.0000000   43.00000  89.3%  45.0    0s
H  864   336                     392.0000000   58.16667  85.2%  42.3    1s

Cutting planes:
  Inf proof: 2
  Zero half: 4
  RLT: 5
  BQP: 15

Explored 3365 nodes (104700 simplex iterations) in 4.11 seconds (5.22 work units)
Thread count was 1 (of 12 available processors)

Solution count 10: 392 401 408 ... 745

Optimal solution found (tolerance 1.00e-04)
Best objective 3.920000000000e+02, best bound 3.920000000000e+02, gap 0.0000%
392.0
