Set parameter Username
Academic license - for non-commercial use only - expires 2025-08-28
Set parameter Threads to value 1
Set parameter Method to value 4
Gurobi Optimizer version 11.0.0 build v11.0.0rc2 (mac64[arm] - Darwin 23.5.0 23F79)

CPU model: Apple M3 Pro
Thread count: 12 physical cores, 12 logical processors, using up to 1 threads

Optimize a model with 1651 rows, 276 columns and 4941 nonzeros
Model fingerprint: 0xa8357751
Variable types: 162 continuous, 114 integer (114 binary)
Coefficient statistics:
  Matrix range     [1e+00, 1e+00]
  Objective range  [1e+01, 3e+02]
  Bounds range     [1e+00, 1e+00]
  RHS range        [1e+00, 2e+00]
Presolve removed 267 rows and 48 columns
Presolve time: 0.00s
Presolved: 1384 rows, 228 columns, 4056 nonzeros
Variable types: 0 continuous, 228 integer (228 binary)
Found heuristic solution: objective 3642.0000000
Found heuristic solution: objective 3446.0000000
Found heuristic solution: objective 3231.0000000

Root relaxation: objective 0.000000e+00, 120 iterations, 0.00 seconds (0.00 work units)

    Nodes    |    Current Node    |     Objective Bounds      |     Work
 Expl Unexpl |  Obj  Depth IntInf | Incumbent    BestBd   Gap | It/Node Time

     0     0    0.00000    0   39 3231.00000    0.00000   100%     -    0s
H    0     0                     948.0000000    0.00000   100%     -    0s
     0     0    0.00000    0   83  948.00000    0.00000   100%     -    0s
H    0     0                     658.0000000    0.00000   100%     -    0s
     0     0    0.00000    0   91  658.00000    0.00000   100%     -    0s
     0     0    0.00000    0   80  658.00000    0.00000   100%     -    0s
     0     0    0.00000    0   65  658.00000    0.00000   100%     -    0s
H    0     0                     579.0000000    0.00000   100%     -    0s
H    0     0                     557.0000000    0.00000   100%     -    0s
     0     0    0.00000    0   65  557.00000    0.00000   100%     -    0s
     0     0    0.00000    0   74  557.00000    0.00000   100%     -    0s
     0     0    0.00000    0   74  557.00000    0.00000   100%     -    0s
     0     2    0.00000    0   74  557.00000    0.00000   100%     -    0s
H   53    40                     509.0000000   27.00000  94.7%  61.5    0s
H  105    73                     507.0000000   43.80000  91.4%  57.2    0s
H  133    87                     486.0000000   43.80000  91.0%  56.6    0s
*  154   106              20     479.0000000   45.10000  90.6%  55.8    0s
H  172   113                     475.0000000   47.00000  90.1%  53.9    0s
*  181   120              20     470.0000000   47.00000  90.0%  52.6    0s
*  239   122              18     421.0000000   50.33333  88.0%  50.1    0s
H  362   178                     384.0000000   54.93333  85.7%  49.9    0s

Cutting planes:
  Gomory: 1
  MIR: 1
  Zero half: 3
  RLT: 5
  BQP: 9

Explored 3222 nodes (93911 simplex iterations) in 3.63 seconds (4.50 work units)
Thread count was 1 (of 12 available processors)

Solution count 10: 384 421 470 ... 579

Optimal solution found (tolerance 1.00e-04)
Best objective 3.840000000000e+02, best bound 3.840000000000e+02, gap 0.0000%
384.0
