Set parameter Username
Academic license - for non-commercial use only - expires 2025-08-28
Set parameter Threads to value 1
Set parameter Method to value 4
Gurobi Optimizer version 11.0.0 build v11.0.0rc2 (mac64[arm] - Darwin 23.5.0 23F79)

CPU model: Apple M3 Pro
Thread count: 12 physical cores, 12 logical processors, using up to 1 threads

Optimize a model with 1762 rows, 291 columns and 5273 nonzeros
Model fingerprint: 0x3443d23d
Variable types: 171 continuous, 120 integer (120 binary)
Coefficient statistics:
  Matrix range     [1e+00, 1e+00]
  Objective range  [1e+01, 3e+02]
  Bounds range     [1e+00, 1e+00]
  RHS range        [1e+00, 2e+00]
Presolve removed 281 rows and 50 columns
Presolve time: 0.00s
Presolved: 1481 rows, 241 columns, 4338 nonzeros
Variable types: 0 continuous, 241 integer (241 binary)
Found heuristic solution: objective 3823.0000000
Found heuristic solution: objective 3634.0000000

Root relaxation: objective 0.000000e+00, 151 iterations, 0.00 seconds (0.00 work units)

    Nodes    |    Current Node    |     Objective Bounds      |     Work
 Expl Unexpl |  Obj  Depth IntInf | Incumbent    BestBd   Gap | It/Node Time

     0     0    0.00000    0   40 3634.00000    0.00000   100%     -    0s
H    0     0                    2621.0000000    0.00000   100%     -    0s
H    0     0                    1611.0000000    0.00000   100%     -    0s
H    0     0                    1533.0000000    0.00000   100%     -    0s
H    0     0                    1478.0000000    0.00000   100%     -    0s
     0     0    0.00000    0   92 1478.00000    0.00000   100%     -    0s
H    0     0                    1240.0000000    0.00000   100%     -    0s
H    0     0                    1227.0000000    0.00000   100%     -    0s
     0     0    0.00000    0   67 1227.00000    0.00000   100%     -    0s
H    0     0                     734.0000000    0.00000   100%     -    0s
     0     0    0.00000    0   66  734.00000    0.00000   100%     -    0s
     0     0    0.00000    0   89  734.00000    0.00000   100%     -    0s
H    0     0                     695.0000000    0.00000   100%     -    0s
H    0     0                     656.0000000    0.00000   100%     -    0s
     0     0    0.00000    0   93  656.00000    0.00000   100%     -    0s
     0     0    0.00000    0   76  656.00000    0.00000   100%     -    0s
     0     0    0.00000    0   76  656.00000    0.00000   100%     -    0s
     0     2    0.00000    0   76  656.00000    0.00000   100%     -    0s
H   27    24                     512.0000000    5.50000  98.9%  65.2    0s
H   54    35                     500.0000000    5.50000  98.9%  60.0    0s
*   91    56              23     445.0000000   20.37500  95.4%  49.5    0s

Cutting planes:
  Gomory: 5
  Cover: 2
  Inf proof: 33
  Zero half: 62
  RLT: 31
  BQP: 55

Explored 3610 nodes (108605 simplex iterations) in 4.05 seconds (5.17 work units)
Thread count was 1 (of 12 available processors)

Solution count 10: 445 500 512 ... 1533

Optimal solution found (tolerance 1.00e-04)
Best objective 4.450000000000e+02, best bound 4.450000000000e+02, gap 0.0000%
445.0
