Set parameter Username
Academic license - for non-commercial use only - expires 2025-08-28
Set parameter Threads to value 1
Set parameter Method to value 4
Gurobi Optimizer version 11.0.0 build v11.0.0rc2 (mac64[arm] - Darwin 23.5.0 23F79)

CPU model: Apple M3 Pro
Thread count: 12 physical cores, 12 logical processors, using up to 1 threads

Optimize a model with 1651 rows, 276 columns and 4941 nonzeros
Model fingerprint: 0x3a1f94da
Variable types: 162 continuous, 114 integer (114 binary)
Coefficient statistics:
  Matrix range     [1e+00, 1e+00]
  Objective range  [1e+01, 3e+02]
  Bounds range     [1e+00, 1e+00]
  RHS range        [1e+00, 2e+00]
Presolve removed 267 rows and 48 columns
Presolve time: 0.00s
Presolved: 1384 rows, 228 columns, 4056 nonzeros
Variable types: 0 continuous, 228 integer (228 binary)
Found heuristic solution: objective 3624.0000000
Found heuristic solution: objective 3221.0000000
Found heuristic solution: objective 3053.0000000

Root relaxation: objective 0.000000e+00, 106 iterations, 0.00 seconds (0.00 work units)

    Nodes    |    Current Node    |     Objective Bounds      |     Work
 Expl Unexpl |  Obj  Depth IntInf | Incumbent    BestBd   Gap | It/Node Time

     0     0    0.00000    0   37 3053.00000    0.00000   100%     -    0s
H    0     0                    2042.0000000    0.00000   100%     -    0s
H    0     0                    1301.0000000    0.00000   100%     -    0s
H    0     0                    1236.0000000    0.00000   100%     -    0s
H    0     0                     931.0000000    0.00000   100%     -    0s
     0     0    0.00000    0   68  931.00000    0.00000   100%     -    0s
H    0     0                     920.0000000    0.00000   100%     -    0s
     0     0    0.00000    0   64  920.00000    0.00000   100%     -    0s
H    0     0                     562.0000000    0.00000   100%     -    0s
H    0     0                     559.0000000    0.00000   100%     -    0s
     0     0    0.00000    0   71  559.00000    0.00000   100%     -    0s
     0     0    0.00000    0   70  559.00000    0.00000   100%     -    0s
H    0     0                     376.0000000    0.00000   100%     -    0s
     0     0    0.00000    0   68  376.00000    0.00000   100%     -    0s
     0     0    0.00000    0   66  376.00000    0.00000   100%     -    0s
     0     0    0.00000    0   65  376.00000    0.00000   100%     -    0s
H    0     0                     337.0000000    0.00000   100%     -    0s
     0     2    0.00000    0   65  337.00000    0.00000   100%     -    0s
H  136    58                     318.0000000   59.50000  81.3%  43.7    0s
H  262   104                     309.0000000   70.60000  77.2%  39.8    0s

Cutting planes:
  MIR: 1
  Inf proof: 13
  Zero half: 48
  RLT: 28
  BQP: 29

Explored 1993 nodes (53259 simplex iterations) in 2.06 seconds (2.56 work units)
Thread count was 1 (of 12 available processors)

Solution count 10: 309 318 337 ... 1301

Optimal solution found (tolerance 1.00e-04)
Best objective 3.090000000000e+02, best bound 3.090000000000e+02, gap 0.0000%
309.0
