Set parameter Username
Academic license - for non-commercial use only - expires 2025-08-28
Set parameter Threads to value 1
Set parameter Method to value 4
Gurobi Optimizer version 11.0.0 build v11.0.0rc2 (mac64[arm] - Darwin 23.5.0 23F79)

CPU model: Apple M3 Pro
Thread count: 12 physical cores, 12 logical processors, using up to 1 threads

Optimize a model with 2306 rows, 353 columns and 6914 nonzeros
Model fingerprint: 0xe365831d
Variable types: 206 continuous, 147 integer (147 binary)
Coefficient statistics:
  Matrix range     [1e+00, 1e+00]
  Objective range  [1e+01, 3e+02]
  Bounds range     [1e+00, 1e+00]
  RHS range        [1e+00, 2e+00]
Presolve removed 376 rows and 61 columns
Presolve time: 0.01s
Presolved: 1930 rows, 292 columns, 5656 nonzeros
Variable types: 0 continuous, 292 integer (292 binary)
Found heuristic solution: objective 3884.0000000
Found heuristic solution: objective 3695.0000000

Root relaxation: objective 0.000000e+00, 137 iterations, 0.00 seconds (0.01 work units)

    Nodes    |    Current Node    |     Objective Bounds      |     Work
 Expl Unexpl |  Obj  Depth IntInf | Incumbent    BestBd   Gap | It/Node Time

     0     0    0.00000    0   42 3695.00000    0.00000   100%     -    0s
H    0     0                     884.0000000    0.00000   100%     -    0s
     0     0    0.00000    0   69  884.00000    0.00000   100%     -    0s
H    0     0                     844.0000000    0.00000   100%     -    0s
     0     0    0.00000    0   63  844.00000    0.00000   100%     -    0s
H    0     0                     721.0000000    0.00000   100%     -    0s
     0     0    0.00000    0   47  721.00000    0.00000   100%     -    0s
H    0     0                     706.0000000    0.00000   100%     -    0s
     0     0    0.00000    0   57  706.00000    0.00000   100%     -    0s
     0     0    0.00000    0   82  706.00000    0.00000   100%     -    0s
     0     0    0.00000    0   82  706.00000    0.00000   100%     -    0s
     0     2    0.00000    0   82  706.00000    0.00000   100%     -    0s
H   81    74                     690.0000000    0.00000   100%  58.5    0s
H  108    92                     661.0000000    0.00000   100%  52.0    0s
*  116    98              38     614.0000000    0.00000   100%  50.0    0s
H  130   101                     609.0000000    0.00000   100%  51.2    0s
*  229   153              18     543.0000000   21.00000  96.1%  54.2    0s
*  233   143              19     507.0000000   21.00000  95.9%  53.3    0s
H  236   136                     450.0000000   21.00000  95.3%  52.7    0s
H  270   137                     438.0000000   27.00000  93.8%  50.5    0s
H  340   172                     429.0000000   33.68495  92.1%  51.3    0s
  2689   581  345.97222   26   68  429.00000  175.00000  59.2%  39.0    5s
  6891  1001  342.66667   26   52  429.00000  289.75000  32.5%  30.7   10s
 11267   485  410.50000   26   72  429.00000  360.16667  16.0%  27.8   15s

Cutting planes:
  Zero half: 2
  RLT: 5
  BQP: 14

Explored 12281 nodes (332337 simplex iterations) in 15.84 seconds (19.17 work units)
Thread count was 1 (of 12 available processors)

Solution count 10: 429 438 450 ... 706

Optimal solution found (tolerance 1.00e-04)
Best objective 4.290000000000e+02, best bound 4.290000000000e+02, gap 0.0000%
429.0
