Set parameter Username
Academic license - for non-commercial use only - expires 2025-08-28
Set parameter Threads to value 1
Set parameter Method to value 4
Gurobi Optimizer version 11.0.0 build v11.0.0rc2 (mac64[arm] - Darwin 23.5.0 23F79)

CPU model: Apple M3 Pro
Thread count: 12 physical cores, 12 logical processors, using up to 1 threads

Optimize a model with 2306 rows, 353 columns and 6914 nonzeros
Model fingerprint: 0x18ea6737
Variable types: 206 continuous, 147 integer (147 binary)
Coefficient statistics:
  Matrix range     [1e+00, 1e+00]
  Objective range  [1e+01, 3e+02]
  Bounds range     [1e+00, 1e+00]
  RHS range        [1e+00, 2e+00]
Presolve removed 376 rows and 61 columns
Presolve time: 0.01s
Presolved: 1930 rows, 292 columns, 5656 nonzeros
Variable types: 0 continuous, 292 integer (292 binary)
Found heuristic solution: objective 3877.0000000
Found heuristic solution: objective 3688.0000000

Root relaxation: objective 0.000000e+00, 137 iterations, 0.00 seconds (0.01 work units)

    Nodes    |    Current Node    |     Objective Bounds      |     Work
 Expl Unexpl |  Obj  Depth IntInf | Incumbent    BestBd   Gap | It/Node Time

     0     0    0.00000    0   42 3688.00000    0.00000   100%     -    0s
H    0     0                     881.0000000    0.00000   100%     -    0s
     0     0    0.00000    0   69  881.00000    0.00000   100%     -    0s
H    0     0                     841.0000000    0.00000   100%     -    0s
     0     0    0.00000    0   83  841.00000    0.00000   100%     -    0s
H    0     0                     789.0000000    0.00000   100%     -    0s
     0     0    0.00000    0  101  789.00000    0.00000   100%     -    0s
H    0     0                     622.0000000    0.00000   100%     -    0s
     0     0    0.00000    0  100  622.00000    0.00000   100%     -    0s
     0     0    0.00000    0   95  622.00000    0.00000   100%     -    0s
     0     0    0.00000    0   86  622.00000    0.00000   100%     -    0s
     0     0    0.00000    0   74  622.00000    0.00000   100%     -    0s
     0     0    0.00000    0   74  622.00000    0.00000   100%     -    0s
     0     2    0.00000    0   74  622.00000    0.00000   100%     -    0s
H  110    66                     611.0000000    5.50000  99.1%  52.0    0s
H  238   140                     610.0000000   14.50000  97.6%  56.1    0s
H  264   160                     607.0000000   14.93750  97.5%  59.4    0s
H  282   157                     444.0000000   15.00000  96.6%  59.7    0s
H  282   155                     432.0000000   15.00000  96.5%  59.7    0s
H  685   343                     427.0000000   52.00000  87.8%  57.5    1s
  2724   404 infeasible   23       427.00000  262.50000  38.5%  37.1    5s

Cutting planes:
  Zero half: 16
  RLT: 6
  BQP: 16

Explored 5347 nodes (155601 simplex iterations) in 7.51 seconds (9.71 work units)
Thread count was 1 (of 12 available processors)

Solution count 10: 427 432 444 ... 881

Optimal solution found (tolerance 1.00e-04)
Best objective 4.270000000000e+02, best bound 4.270000000000e+02, gap 0.0000%
427.0
