Set parameter Username
Academic license - for non-commercial use only - expires 2025-08-28
Set parameter Threads to value 1
Set parameter Method to value 4
Gurobi Optimizer version 11.0.0 build v11.0.0rc2 (mac64[arm] - Darwin 23.5.0 23F79)

CPU model: Apple M3 Pro
Thread count: 12 physical cores, 12 logical processors, using up to 1 threads

Optimize a model with 2176 rows, 337 columns and 6526 nonzeros
Model fingerprint: 0x0b1a59a8
Variable types: 197 continuous, 140 integer (140 binary)
Coefficient statistics:
  Matrix range     [1e+00, 1e+00]
  Objective range  [1e+01, 3e+02]
  Bounds range     [1e+00, 1e+00]
  RHS range        [1e+00, 2e+00]
Presolve removed 352 rows and 58 columns
Presolve time: 0.01s
Presolved: 1824 rows, 279 columns, 5355 nonzeros
Variable types: 0 continuous, 279 integer (279 binary)
Found heuristic solution: objective 3823.0000000
Found heuristic solution: objective 3634.0000000

Root relaxation: objective 0.000000e+00, 171 iterations, 0.00 seconds (0.01 work units)

    Nodes    |    Current Node    |     Objective Bounds      |     Work
 Expl Unexpl |  Obj  Depth IntInf | Incumbent    BestBd   Gap | It/Node Time

     0     0    0.00000    0   46 3634.00000    0.00000   100%     -    0s
H    0     0                    3439.0000000    0.00000   100%     -    0s
H    0     0                    2015.0000000    0.00000   100%     -    0s
H    0     0                    1067.0000000    0.00000   100%     -    0s
     0     0    0.00000    0   86 1067.00000    0.00000   100%     -    0s
H    0     0                     866.0000000    0.00000   100%     -    0s
     0     0    0.00000    0   72  866.00000    0.00000   100%     -    0s
H    0     0                     840.0000000    0.00000   100%     -    0s
H    0     0                     743.0000000    0.00000   100%     -    0s
     0     0    0.00000    0  101  743.00000    0.00000   100%     -    0s
H    0     0                     680.0000000    0.00000   100%     -    0s
     0     0    0.00000    0  101  680.00000    0.00000   100%     -    0s
     0     0    0.00000    0   85  680.00000    0.00000   100%     -    0s
     0     0    0.00000    0   99  680.00000    0.00000   100%     -    0s
     0     0    0.00000    0   83  680.00000    0.00000   100%     -    0s
     0     0    0.00000    0   83  680.00000    0.00000   100%     -    0s
H    0     0                     636.0000000    0.00000   100%     -    0s
     0     2    0.00000    0   83  636.00000    0.00000   100%     -    0s
H   27    25                     536.0000000    0.00000   100%  67.4    0s
*   86    73              27     437.0000000    5.25000  98.8%  54.3    0s
*   88    73              28     428.0000000    5.25000  98.8%  53.2    0s
H  104    77                     415.0000000   19.50000  95.3%  55.0    0s
  2724   363  382.28571   23   72  415.00000  252.00000  39.3%  32.5    5s

Cutting planes:
  Inf proof: 3
  Zero half: 11
  RLT: 12
  BQP: 10

Explored 5885 nodes (146091 simplex iterations) in 8.44 seconds (9.74 work units)
Thread count was 1 (of 12 available processors)

Solution count 10: 415 428 437 ... 1067

Optimal solution found (tolerance 1.00e-04)
Best objective 4.150000000000e+02, best bound 4.150000000000e+02, gap 0.0000%
415.0
