Set parameter Username
Academic license - for non-commercial use only - expires 2025-08-28
Set parameter Threads to value 1
Set parameter Method to value 4
Gurobi Optimizer version 11.0.0 build v11.0.0rc2 (mac64[arm] - Darwin 23.5.0 23F79)

CPU model: Apple M3 Pro
Thread count: 12 physical cores, 12 logical processors, using up to 1 threads

Optimize a model with 2047 rows, 321 columns and 6139 nonzeros
Model fingerprint: 0x00307152
Variable types: 188 continuous, 133 integer (133 binary)
Coefficient statistics:
  Matrix range     [1e+00, 1e+00]
  Objective range  [1e+01, 3e+02]
  Bounds range     [1e+00, 1e+00]
  RHS range        [1e+00, 2e+00]
Presolve removed 336 rows and 56 columns
Presolve time: 0.00s
Presolved: 1711 rows, 265 columns, 5026 nonzeros
Variable types: 0 continuous, 265 integer (265 binary)
Found heuristic solution: objective 3740.0000000
Found heuristic solution: objective 3551.0000000

Root relaxation: objective 0.000000e+00, 171 iterations, 0.00 seconds (0.01 work units)

    Nodes    |    Current Node    |     Objective Bounds      |     Work
 Expl Unexpl |  Obj  Depth IntInf | Incumbent    BestBd   Gap | It/Node Time

     0     0    0.00000    0   76 3551.00000    0.00000   100%     -    0s
H    0     0                    2473.0000000    0.00000   100%     -    0s
H    0     0                    2252.0000000    0.00000   100%     -    0s
     0     0    0.00000    0   83 2252.00000    0.00000   100%     -    0s
H    0     0                    1440.0000000    0.00000   100%     -    0s
H    0     0                    1425.0000000    0.00000   100%     -    0s
H    0     0                    1394.0000000    0.00000   100%     -    0s
     0     0    0.00000    0   69 1394.00000    0.00000   100%     -    0s
H    0     0                     756.0000000    0.00000   100%     -    0s
H    0     0                     713.0000000    0.00000   100%     -    0s
     0     0    0.00000    0   80  713.00000    0.00000   100%     -    0s
     0     0    0.00000    0   60  713.00000    0.00000   100%     -    0s
H    0     0                     639.0000000    0.00000   100%     -    0s
     0     0    0.00000    0   64  639.00000    0.00000   100%     -    0s
     0     0    0.00000    0   71  639.00000    0.00000   100%     -    0s
     0     0    0.00000    0   82  639.00000    0.00000   100%     -    0s
     0     0    0.00000    0   73  639.00000    0.00000   100%     -    0s
H    0     0                     602.0000000    0.00000   100%     -    0s
H    0     0                     528.0000000    0.00000   100%     -    0s
     0     2    0.00000    0   73  528.00000    0.00000   100%     -    0s
*   25    22              16     487.0000000    0.00000   100%  62.4    0s
H   29    18                     475.0000000    0.00000   100%  54.7    0s
H   29    18                     415.0000000    0.00000   100%  54.7    0s
H  110    68                     382.0000000   14.00000  96.3%  44.4    0s
*  118    76              29     372.0000000   14.00000  96.2%  43.0    0s
H  160    89                     362.0000000   16.66667  95.4%  38.8    0s
H  476   203                     359.0000000   40.00000  88.9%  38.9    0s
  3021   522     cutoff   38       359.00000  150.00000  58.2%  32.4    5s
  7749   828     cutoff   34       359.00000  260.00000  27.6%  25.1   10s

Cutting planes:
  MIR: 2
  Zero half: 5
  RLT: 11
  BQP: 26

Explored 11425 nodes (250142 simplex iterations) in 12.82 seconds (15.16 work units)
Thread count was 1 (of 12 available processors)

Solution count 10: 359 362 372 ... 639

Optimal solution found (tolerance 1.00e-04)
Best objective 3.590000000000e+02, best bound 3.590000000000e+02, gap 0.0000%
359.0
