Set parameter Username
Academic license - for non-commercial use only - expires 2025-08-28
Set parameter Threads to value 1
Set parameter Method to value 4
Gurobi Optimizer version 11.0.0 build v11.0.0rc2 (mac64[arm] - Darwin 23.5.0 23F79)

CPU model: Apple M3 Pro
Thread count: 12 physical cores, 12 logical processors, using up to 1 threads

Optimize a model with 2176 rows, 337 columns and 6526 nonzeros
Model fingerprint: 0x6227bc38
Variable types: 197 continuous, 140 integer (140 binary)
Coefficient statistics:
  Matrix range     [1e+00, 1e+00]
  Objective range  [1e+01, 3e+02]
  Bounds range     [1e+00, 1e+00]
  RHS range        [1e+00, 2e+00]
Presolve removed 352 rows and 58 columns
Presolve time: 0.00s
Presolved: 1824 rows, 279 columns, 5355 nonzeros
Variable types: 0 continuous, 279 integer (279 binary)
Found heuristic solution: objective 3851.0000000
Found heuristic solution: objective 3662.0000000

Root relaxation: objective 0.000000e+00, 157 iterations, 0.00 seconds (0.01 work units)

    Nodes    |    Current Node    |     Objective Bounds      |     Work
 Expl Unexpl |  Obj  Depth IntInf | Incumbent    BestBd   Gap | It/Node Time

     0     0    0.00000    0   46 3662.00000    0.00000   100%     -    0s
H    0     0                    2424.0000000    0.00000   100%     -    0s
H    0     0                    1611.0000000    0.00000   100%     -    0s
H    0     0                    1239.0000000    0.00000   100%     -    0s
H    0     0                    1143.0000000    0.00000   100%     -    0s
     0     0    0.00000    0  103 1143.00000    0.00000   100%     -    0s
H    0     0                    1055.0000000    0.00000   100%     -    0s
H    0     0                     857.0000000    0.00000   100%     -    0s
     0     0    0.00000    0  108  857.00000    0.00000   100%     -    0s
H    0     0                     784.0000000    0.00000   100%     -    0s
     0     0    0.00000    0  107  784.00000    0.00000   100%     -    0s
     0     0    0.00000    0   95  784.00000    0.00000   100%     -    0s
H    0     0                     720.0000000    0.00000   100%     -    0s
     0     0    0.00000    0   86  720.00000    0.00000   100%     -    0s
     0     0    0.00000    0   78  720.00000    0.00000   100%     -    0s
     0     0    0.00000    0   78  720.00000    0.00000   100%     -    0s
H    0     0                     696.0000000    0.00000   100%     -    0s
H    0     0                     659.0000000    0.00000   100%     -    0s
     0     2    0.00000    0   78  659.00000    0.00000   100%     -    0s
H   28    24                     616.0000000    0.00000   100%  57.1    0s
H  137    68                     508.0000000   19.00000  96.3%  45.1    0s
H  156    75                     434.0000000   19.00000  95.6%  44.5    0s
H  209    86                     402.0000000   30.00000  92.5%  45.8    0s
H  314   146                     398.0000000   33.00000  91.7%  45.6    0s
H  580   200                     384.0000000   59.91304  84.4%  39.5    1s

Cutting planes:
  Zero half: 8
  RLT: 6
  BQP: 8

Explored 2672 nodes (81536 simplex iterations) in 4.30 seconds (5.05 work units)
Thread count was 1 (of 12 available processors)

Solution count 10: 384 398 402 ... 784

Optimal solution found (tolerance 1.00e-04)
Best objective 3.840000000000e+02, best bound 3.840000000000e+02, gap 0.0000%
384.0
