Set parameter Username
Academic license - for non-commercial use only - expires 2025-08-28
Set parameter Threads to value 1
Set parameter Method to value 4
Gurobi Optimizer version 11.0.0 build v11.0.0rc2 (mac64[arm] - Darwin 23.5.0 23F79)

CPU model: Apple M3 Pro
Thread count: 12 physical cores, 12 logical processors, using up to 1 threads

Optimize a model with 2176 rows, 337 columns and 6526 nonzeros
Model fingerprint: 0x4cfe4728
Variable types: 197 continuous, 140 integer (140 binary)
Coefficient statistics:
  Matrix range     [1e+00, 1e+00]
  Objective range  [1e+01, 3e+02]
  Bounds range     [1e+00, 1e+00]
  RHS range        [1e+00, 2e+00]
Presolve removed 352 rows and 58 columns
Presolve time: 0.00s
Presolved: 1824 rows, 279 columns, 5355 nonzeros
Variable types: 0 continuous, 279 integer (279 binary)
Found heuristic solution: objective 3852.0000000
Found heuristic solution: objective 3663.0000000

Root relaxation: objective 0.000000e+00, 171 iterations, 0.00 seconds (0.01 work units)

    Nodes    |    Current Node    |     Objective Bounds      |     Work
 Expl Unexpl |  Obj  Depth IntInf | Incumbent    BestBd   Gap | It/Node Time

     0     0    0.00000    0   46 3663.00000    0.00000   100%     -    0s
H    0     0                    3444.0000000    0.00000   100%     -    0s
H    0     0                    2052.0000000    0.00000   100%     -    0s
H    0     0                    1104.0000000    0.00000   100%     -    0s
     0     0    0.00000    0   86 1104.00000    0.00000   100%     -    0s
     0     0    0.00000    0   96 1104.00000    0.00000   100%     -    0s
H    0     0                     858.0000000    0.00000   100%     -    0s
H    0     0                     808.0000000    0.00000   100%     -    0s
H    0     0                     784.0000000    0.00000   100%     -    0s
     0     0    0.00000    0  105  784.00000    0.00000   100%     -    0s
     0     0    0.00000    0   59  784.00000    0.00000   100%     -    0s
H    0     0                     662.0000000    0.00000   100%     -    0s
H    0     0                     602.0000000    0.00000   100%     -    0s
     0     0    0.00000    0   59  602.00000    0.00000   100%     -    0s
     0     0    0.00000    0   82  602.00000    0.00000   100%     -    0s
     0     0    0.00000    0   78  602.00000    0.00000   100%     -    0s
H    0     0                     555.0000000    0.00000   100%     -    0s
     0     2    0.00000    0   76  555.00000    0.00000   100%     -    0s
*  129    93              23     459.0000000   25.58333  94.4%  42.9    0s
H  208   104                     443.0000000   66.16667  85.1%  40.7    0s
H  217   103                     435.0000000   70.00000  83.9%  40.4    0s
H  395   193                     426.0000000   76.75000  82.0%  43.6    0s
H  421   207                     424.0000000   78.00000  81.6%  44.9    0s
  3302   580     cutoff   30       424.00000  188.33333  55.6%  32.8    5s
  8506   896  364.57143   24   66  424.00000  303.52381  28.4%  25.4   10s

Cutting planes:
  Zero half: 1
  RLT: 3
  BQP: 11

Explored 13102 nodes (290987 simplex iterations) in 12.91 seconds (17.60 work units)
Thread count was 1 (of 12 available processors)

Solution count 10: 424 426 435 ... 808

Optimal solution found (tolerance 1.00e-04)
Best objective 4.240000000000e+02, best bound 4.240000000000e+02, gap 0.0000%
424.0
