Set parameter Username
Academic license - for non-commercial use only - expires 2025-08-28
Set parameter Threads to value 1
Set parameter Method to value 4
Gurobi Optimizer version 11.0.0 build v11.0.0rc2 (mac64[arm] - Darwin 23.5.0 23F79)

CPU model: Apple M3 Pro
Thread count: 12 physical cores, 12 logical processors, using up to 1 threads

Optimize a model with 2176 rows, 337 columns and 6526 nonzeros
Model fingerprint: 0x93ac063f
Variable types: 197 continuous, 140 integer (140 binary)
Coefficient statistics:
  Matrix range     [1e+00, 1e+00]
  Objective range  [1e+01, 3e+02]
  Bounds range     [1e+00, 1e+00]
  RHS range        [1e+00, 2e+00]
Presolve removed 352 rows and 58 columns
Presolve time: 0.01s
Presolved: 1824 rows, 279 columns, 5355 nonzeros
Variable types: 0 continuous, 279 integer (279 binary)
Found heuristic solution: objective 3817.0000000
Found heuristic solution: objective 3621.0000000

Root relaxation: objective 0.000000e+00, 171 iterations, 0.01 seconds (0.01 work units)

    Nodes    |    Current Node    |     Objective Bounds      |     Work
 Expl Unexpl |  Obj  Depth IntInf | Incumbent    BestBd   Gap | It/Node Time

     0     0    0.00000    0   46 3621.00000    0.00000   100%     -    0s
H    0     0                    3441.0000000    0.00000   100%     -    0s
H    0     0                    2005.0000000    0.00000   100%     -    0s
H    0     0                    1051.0000000    0.00000   100%     -    0s
     0     0    0.00000    0   86 1051.00000    0.00000   100%     -    0s
     0     0    0.00000    0   84 1051.00000    0.00000   100%     -    0s
H    0     0                    1017.0000000    0.00000   100%     -    0s
H    0     0                     994.0000000    0.00000   100%     -    0s
H    0     0                     972.0000000    0.00000   100%     -    0s
     0     0    0.00000    0   82  972.00000    0.00000   100%     -    0s
     0     0    0.00000    0  106  972.00000    0.00000   100%     -    0s
H    0     0                     944.0000000    0.00000   100%     -    0s
H    0     0                     820.0000000    0.00000   100%     -    0s
     0     0    0.00000    0  104  820.00000    0.00000   100%     -    0s
     0     0    0.00000    0   73  820.00000    0.00000   100%     -    0s
H    0     0                     809.0000000    0.00000   100%     -    0s
     0     0    0.00000    0   86  809.00000    0.00000   100%     -    0s
     0     0    0.00000    0   64  809.00000    0.00000   100%     -    0s
     0     0    0.00000    0   64  809.00000    0.00000   100%     -    0s
     0     2    0.00000    0   64  809.00000    0.00000   100%     -    0s
H   27    27                     535.0000000    0.00000   100%  66.1    0s
*   33    33              20     489.0000000    0.00000   100%  56.8    0s
*   34    30              21     458.0000000    0.00000   100%  55.3    0s
H   52    42                     443.0000000    0.00000   100%  61.1    0s
H   54    44                     421.0000000    0.00000   100%  62.9    0s
H  190   112                     410.0000000   24.50000  94.0%  46.8    0s
H  464   227                     407.0000000   42.12500  89.6%  49.4    1s
  2753   386  259.62349   24  103  407.00000  242.50000  40.4%  31.7    5s

Cutting planes:
  MIR: 1
  Zero half: 2
  RLT: 8
  BQP: 16

Explored 6698 nodes (166966 simplex iterations) in 8.80 seconds (10.90 work units)
Thread count was 1 (of 12 available processors)

Solution count 10: 407 410 421 ... 944

Optimal solution found (tolerance 1.00e-04)
Best objective 4.070000000000e+02, best bound 4.070000000000e+02, gap 0.0000%
407.0
