Set parameter Username
Academic license - for non-commercial use only - expires 2025-08-28
Set parameter Threads to value 1
Set parameter Method to value 4
Gurobi Optimizer version 11.0.0 build v11.0.0rc2 (mac64[arm] - Darwin 23.5.0 23F79)

CPU model: Apple M3 Pro
Thread count: 12 physical cores, 12 logical processors, using up to 1 threads

Optimize a model with 2047 rows, 321 columns and 6139 nonzeros
Model fingerprint: 0x7dab585f
Variable types: 188 continuous, 133 integer (133 binary)
Coefficient statistics:
  Matrix range     [1e+00, 1e+00]
  Objective range  [1e+01, 3e+02]
  Bounds range     [1e+00, 1e+00]
  RHS range        [1e+00, 2e+00]
Presolve removed 336 rows and 56 columns
Presolve time: 0.00s
Presolved: 1711 rows, 265 columns, 5026 nonzeros
Variable types: 0 continuous, 265 integer (265 binary)
Found heuristic solution: objective 3221.0000000
Found heuristic solution: objective 3053.0000000

Root relaxation: objective 0.000000e+00, 155 iterations, 0.00 seconds (0.01 work units)

    Nodes    |    Current Node    |     Objective Bounds      |     Work
 Expl Unexpl |  Obj  Depth IntInf | Incumbent    BestBd   Gap | It/Node Time

     0     0    0.00000    0   55 3053.00000    0.00000   100%     -    0s
H    0     0                    1846.0000000    0.00000   100%     -    0s
H    0     0                    1139.0000000    0.00000   100%     -    0s
     0     0    0.00000    0   83 1139.00000    0.00000   100%     -    0s
H    0     0                     592.0000000    0.00000   100%     -    0s
     0     0    0.00000    0   69  592.00000    0.00000   100%     -    0s
H    0     0                     555.0000000    0.00000   100%     -    0s
     0     0    0.00000    0   74  555.00000    0.00000   100%     -    0s
     0     0    0.00000    0   54  555.00000    0.00000   100%     -    0s
H    0     0                     489.0000000    0.00000   100%     -    0s
H    0     0                     463.0000000    0.00000   100%     -    0s
     0     0    0.00000    0   50  463.00000    0.00000   100%     -    0s
     0     0    0.00000    0   68  463.00000    0.00000   100%     -    0s
H    0     0                     448.0000000    0.00000   100%     -    0s
     0     0    0.00000    0   69  448.00000    0.00000   100%     -    0s
     0     0    0.00000    0   63  448.00000    0.00000   100%     -    0s
     0     0    0.00000    0   62  448.00000    0.00000   100%     -    0s
H    0     0                     326.0000000    0.00000   100%     -    0s
     0     2    0.00000    0   62  326.00000    0.00000   100%     -    0s
*  211   121              22     314.0000000   30.00000  90.4%  48.7    0s
*  262   138              15     304.0000000   31.50000  89.6%  48.3    0s
H  358   171                     294.0000000   38.00000  87.1%  45.3    0s
  3635   254  262.83333   29   46  294.00000  197.41667  32.9%  25.7    5s

Cutting planes:
  Gomory: 1
  Zero half: 2
  RLT: 10
  BQP: 9

Explored 4509 nodes (109498 simplex iterations) in 5.86 seconds (6.78 work units)
Thread count was 1 (of 12 available processors)

Solution count 10: 294 304 314 ... 1139

Optimal solution found (tolerance 1.00e-04)
Best objective 2.940000000000e+02, best bound 2.940000000000e+02, gap 0.0000%
294.0
