Set parameter Username
Academic license - for non-commercial use only - expires 2025-08-28
Set parameter Threads to value 1
Set parameter Method to value 4
Gurobi Optimizer version 11.0.0 build v11.0.0rc2 (mac64[arm] - Darwin 23.5.0 23F79)

CPU model: Apple M3 Pro
Thread count: 12 physical cores, 12 logical processors, using up to 1 threads

Optimize a model with 2047 rows, 321 columns and 6139 nonzeros
Model fingerprint: 0xa99baa2a
Variable types: 188 continuous, 133 integer (133 binary)
Coefficient statistics:
  Matrix range     [1e+00, 1e+00]
  Objective range  [1e+01, 3e+02]
  Bounds range     [1e+00, 1e+00]
  RHS range        [1e+00, 2e+00]
Presolve removed 336 rows and 56 columns
Presolve time: 0.01s
Presolved: 1711 rows, 265 columns, 5026 nonzeros
Variable types: 0 continuous, 265 integer (265 binary)
Found heuristic solution: objective 3726.0000000
Found heuristic solution: objective 3537.0000000

Root relaxation: objective 0.000000e+00, 171 iterations, 0.00 seconds (0.01 work units)

    Nodes    |    Current Node    |     Objective Bounds      |     Work
 Expl Unexpl |  Obj  Depth IntInf | Incumbent    BestBd   Gap | It/Node Time

     0     0    0.00000    0   76 3537.00000    0.00000   100%     -    0s
H    0     0                    2448.0000000    0.00000   100%     -    0s
H    0     0                    2248.0000000    0.00000   100%     -    0s
     0     0    0.00000    0   83 2248.00000    0.00000   100%     -    0s
H    0     0                    1444.0000000    0.00000   100%     -    0s
H    0     0                    1411.0000000    0.00000   100%     -    0s
     0     0    0.00000    0   75 1411.00000    0.00000   100%     -    0s
H    0     0                     918.0000000    0.00000   100%     -    0s
     0     0    0.00000    0   71  918.00000    0.00000   100%     -    0s
     0     0    0.00000    0   77  918.00000    0.00000   100%     -    0s
H    0     0                     708.0000000    0.00000   100%     -    0s
     0     0    0.00000    0   87  708.00000    0.00000   100%     -    0s
     0     0    0.00000    0   67  708.00000    0.00000   100%     -    0s
H    0     0                     537.0000000    0.00000   100%     -    0s
H    0     0                     525.0000000    0.00000   100%     -    0s
     0     0    0.00000    0   99  525.00000    0.00000   100%     -    0s
     0     0    0.00000    0   63  525.00000    0.00000   100%     -    0s
     0     0    0.00000    0   63  525.00000    0.00000   100%     -    0s
     0     2    0.00000    0   63  525.00000    0.00000   100%     -    0s
*   23    19              14     524.0000000   12.00000  97.7%  61.1    0s
H   27    17                     453.0000000   12.00000  97.4%  60.4    0s
H   52    42                     420.0000000   12.00000  97.1%  60.2    0s
H  108    61                     409.0000000   16.50000  96.0%  46.6    0s
H  186    86                     396.0000000   27.00000  93.2%  44.7    0s
H  316   118                     377.0000000   40.50000  89.3%  40.6    0s
H  342   124                     374.0000000   41.33333  88.9%  39.8    0s

Cutting planes:
  Inf proof: 1
  Zero half: 2
  RLT: 5
  BQP: 8

Explored 2895 nodes (86411 simplex iterations) in 4.27 seconds (5.22 work units)
Thread count was 1 (of 12 available processors)

Solution count 10: 374 377 396 ... 708

Optimal solution found (tolerance 1.00e-04)
Best objective 3.740000000000e+02, best bound 3.740000000000e+02, gap 0.0000%
374.0
