Set parameter Username
Academic license - for non-commercial use only - expires 2025-08-28
Set parameter Threads to value 1
Set parameter Method to value 4
Gurobi Optimizer version 11.0.0 build v11.0.0rc2 (mac64[arm] - Darwin 23.5.0 23F79)

CPU model: Apple M3 Pro
Thread count: 12 physical cores, 12 logical processors, using up to 1 threads

Optimize a model with 2047 rows, 321 columns and 6139 nonzeros
Model fingerprint: 0xd766c937
Variable types: 188 continuous, 133 integer (133 binary)
Coefficient statistics:
  Matrix range     [1e+00, 1e+00]
  Objective range  [1e+01, 3e+02]
  Bounds range     [1e+00, 1e+00]
  RHS range        [1e+00, 2e+00]
Presolve removed 336 rows and 56 columns
Presolve time: 0.01s
Presolved: 1711 rows, 265 columns, 5026 nonzeros
Variable types: 0 continuous, 265 integer (265 binary)
Found heuristic solution: objective 3747.0000000
Found heuristic solution: objective 3558.0000000

Root relaxation: objective 0.000000e+00, 171 iterations, 0.00 seconds (0.01 work units)

    Nodes    |    Current Node    |     Objective Bounds      |     Work
 Expl Unexpl |  Obj  Depth IntInf | Incumbent    BestBd   Gap | It/Node Time

     0     0    0.00000    0   76 3558.00000    0.00000   100%     -    0s
H    0     0                    2453.0000000    0.00000   100%     -    0s
H    0     0                    2262.0000000    0.00000   100%     -    0s
     0     0    0.00000    0   83 2262.00000    0.00000   100%     -    0s
H    0     0                    1454.0000000    0.00000   100%     -    0s
     0     0    0.00000    0   80 1454.00000    0.00000   100%     -    0s
H    0     0                     866.0000000    0.00000   100%     -    0s
     0     0    0.00000    0   75  866.00000    0.00000   100%     -    0s
     0     0    0.00000    0   80  866.00000    0.00000   100%     -    0s
H    0     0                     605.0000000    0.00000   100%     -    0s
H    0     0                     555.0000000    0.00000   100%     -    0s
H    0     0                     538.0000000    0.00000   100%     -    0s
     0     0    0.00000    0   79  538.00000    0.00000   100%     -    0s
     0     0    0.00000    0  108  538.00000    0.00000   100%     -    0s
     0     0    0.00000    0   77  538.00000    0.00000   100%     -    0s
H    0     0                     504.0000000    0.00000   100%     -    0s
     0     2    0.00000    0   77  504.00000    0.00000   100%     -    0s
H   27    25                     468.0000000   12.00000  97.4%  45.9    0s
*   49    43              27     460.0000000   12.00000  97.4%  36.9    0s
H   81    66                     445.0000000   31.33333  93.0%  38.1    0s
H  108    74                     415.0000000   31.50000  92.4%  37.4    0s
H  130    89                     406.0000000   48.50000  88.1%  40.1    0s
H  163    98                     389.0000000   49.00000  87.4%  37.4    0s
H  345   174                     378.0000000   67.37500  82.2%  45.6    0s
  3189   584  184.20833   22   84  378.00000  143.60000  62.0%  33.9    5s
  8100  1029  328.00000   45   51  378.00000  259.62500  31.3%  26.7   10s

Cutting planes:
  MIR: 1
  Zero half: 13
  RLT: 4
  BQP: 7

Explored 12855 nodes (301291 simplex iterations) in 14.07 seconds (17.59 work units)
Thread count was 1 (of 12 available processors)

Solution count 10: 378 389 406 ... 555

Optimal solution found (tolerance 1.00e-04)
Best objective 3.780000000000e+02, best bound 3.780000000000e+02, gap 0.0000%
378.0
