Set parameter Username
Academic license - for non-commercial use only - expires 2025-08-28
Set parameter Threads to value 1
Set parameter Method to value 4
Gurobi Optimizer version 11.0.0 build v11.0.0rc2 (mac64[arm] - Darwin 23.5.0 23F79)

CPU model: Apple M3 Pro
Thread count: 12 physical cores, 12 logical processors, using up to 1 threads

Optimize a model with 2176 rows, 337 columns and 6526 nonzeros
Model fingerprint: 0x2567d01d
Variable types: 197 continuous, 140 integer (140 binary)
Coefficient statistics:
  Matrix range     [1e+00, 1e+00]
  Objective range  [1e+01, 3e+02]
  Bounds range     [1e+00, 1e+00]
  RHS range        [1e+00, 2e+00]
Presolve removed 352 rows and 58 columns
Presolve time: 0.01s
Presolved: 1824 rows, 279 columns, 5355 nonzeros
Variable types: 0 continuous, 279 integer (279 binary)
Found heuristic solution: objective 3802.0000000
Found heuristic solution: objective 3613.0000000

Root relaxation: objective 0.000000e+00, 171 iterations, 0.00 seconds (0.01 work units)

    Nodes    |    Current Node    |     Objective Bounds      |     Work
 Expl Unexpl |  Obj  Depth IntInf | Incumbent    BestBd   Gap | It/Node Time

     0     0    0.00000    0   46 3613.00000    0.00000   100%     -    0s
H    0     0                    3426.0000000    0.00000   100%     -    0s
H    0     0                    1998.0000000    0.00000   100%     -    0s
H    0     0                    1050.0000000    0.00000   100%     -    0s
     0     0    0.00000    0   86 1050.00000    0.00000   100%     -    0s
H    0     0                    1013.0000000    0.00000   100%     -    0s
H    0     0                     987.0000000    0.00000   100%     -    0s
     0     0    0.00000    0   59  987.00000    0.00000   100%     -    0s
     0     0    0.00000    0   82  987.00000    0.00000   100%     -    0s
H    0     0                     879.0000000    0.00000   100%     -    0s
     0     0    0.00000    0   66  879.00000    0.00000   100%     -    0s
     0     0    0.00000    0   66  879.00000    0.00000   100%     -    0s
H    0     0                     694.0000000    0.00000   100%     -    0s
     0     2    0.00000    0   66  694.00000    0.00000   100%     -    0s
*   37    34              21     447.0000000    0.00000   100%  73.1    0s
H  108    67                     442.0000000   17.75000  96.0%  49.6    0s
H  132    75                     429.0000000   26.23810  93.9%  45.6    0s
H  192    95                     419.0000000   27.00000  93.6%  47.8    0s
H  398   152                     410.0000000   60.00000  85.4%  50.2    0s
  3610   470  269.40000   20   96  410.00000  241.75000  41.0%  32.7    5s

Cutting planes:
  Zero half: 4
  RLT: 13
  BQP: 21

Explored 6963 nodes (189895 simplex iterations) in 7.57 seconds (11.29 work units)
Thread count was 1 (of 12 available processors)

Solution count 10: 410 419 429 ... 1050

Optimal solution found (tolerance 1.00e-04)
Best objective 4.100000000000e+02, best bound 4.100000000000e+02, gap 0.0000%
410.0
