Set parameter Username
Academic license - for non-commercial use only - expires 2025-08-28
Set parameter Threads to value 1
Set parameter Method to value 4
Gurobi Optimizer version 11.0.0 build v11.0.0rc2 (mac64[arm] - Darwin 23.5.0 23F79)

CPU model: Apple M3 Pro
Thread count: 12 physical cores, 12 logical processors, using up to 1 threads

Optimize a model with 2047 rows, 321 columns and 6139 nonzeros
Model fingerprint: 0x01a86b14
Variable types: 188 continuous, 133 integer (133 binary)
Coefficient statistics:
  Matrix range     [1e+00, 1e+00]
  Objective range  [1e+01, 3e+02]
  Bounds range     [1e+00, 1e+00]
  RHS range        [1e+00, 2e+00]
Presolve removed 336 rows and 56 columns
Presolve time: 0.01s
Presolved: 1711 rows, 265 columns, 5026 nonzeros
Variable types: 0 continuous, 265 integer (265 binary)
Found heuristic solution: objective 3732.0000000
Found heuristic solution: objective 3543.0000000

Root relaxation: objective 0.000000e+00, 171 iterations, 0.00 seconds (0.01 work units)

    Nodes    |    Current Node    |     Objective Bounds      |     Work
 Expl Unexpl |  Obj  Depth IntInf | Incumbent    BestBd   Gap | It/Node Time

     0     0    0.00000    0   76 3543.00000    0.00000   100%     -    0s
H    0     0                    2446.0000000    0.00000   100%     -    0s
H    0     0                    2249.0000000    0.00000   100%     -    0s
     0     0    0.00000    0   83 2249.00000    0.00000   100%     -    0s
H    0     0                    1441.0000000    0.00000   100%     -    0s
     0     0    0.00000    0   80 1441.00000    0.00000   100%     -    0s
H    0     0                     859.0000000    0.00000   100%     -    0s
H    0     0                     602.0000000    0.00000   100%     -    0s
H    0     0                     595.0000000    0.00000   100%     -    0s
     0     0    0.00000    0   75  595.00000    0.00000   100%     -    0s
     0     0    0.00000    0   70  595.00000    0.00000   100%     -    0s
H    0     0                     563.0000000    0.00000   100%     -    0s
H    0     0                     511.0000000    0.00000   100%     -    0s
     0     0    0.00000    0   72  511.00000    0.00000   100%     -    0s
     0     0    0.00000    0   63  511.00000    0.00000   100%     -    0s
H    0     0                     489.0000000    0.00000   100%     -    0s
     0     0    0.00000    0   62  489.00000    0.00000   100%     -    0s
     0     0    0.00000    0   98  489.00000    0.00000   100%     -    0s
     0     0    0.00000    0   83  489.00000    0.00000   100%     -    0s
H    0     0                     463.0000000    0.00000   100%     -    0s
     0     2    0.00000    0   72  463.00000    0.00000   100%     -    0s
H   26    25                     437.0000000   12.33333  97.2%  54.9    0s
H   27    26                     400.0000000   12.33333  96.9%  56.1    0s
H   52    41                     385.0000000   34.00000  91.2%  44.3    0s
H  190   100                     372.0000000   39.00000  89.5%  36.4    0s
  3536   679  346.94444   44   74  372.00000  164.75000  55.7%  31.6    5s
 10190   403  353.08721   32   99  372.00000  312.40000  16.0%  25.1   10s

Cutting planes:
  Zero half: 11
  RLT: 6
  BQP: 4

Explored 11001 nodes (270575 simplex iterations) in 10.43 seconds (15.54 work units)
Thread count was 1 (of 12 available processors)

Solution count 10: 372 385 400 ... 602

Optimal solution found (tolerance 1.00e-04)
Best objective 3.720000000000e+02, best bound 3.720000000000e+02, gap 0.0000%
372.0
