Set parameter Username
Academic license - for non-commercial use only - expires 2025-08-28
Set parameter Threads to value 1
Set parameter Method to value 4
Gurobi Optimizer version 11.0.0 build v11.0.0rc2 (mac64[arm] - Darwin 23.5.0 23F79)

CPU model: Apple M3 Pro
Thread count: 12 physical cores, 12 logical processors, using up to 1 threads

Optimize a model with 2176 rows, 337 columns and 6526 nonzeros
Model fingerprint: 0x8f523f48
Variable types: 197 continuous, 140 integer (140 binary)
Coefficient statistics:
  Matrix range     [1e+00, 1e+00]
  Objective range  [1e+01, 3e+02]
  Bounds range     [1e+00, 1e+00]
  RHS range        [1e+00, 2e+00]
Presolve removed 352 rows and 58 columns
Presolve time: 0.01s
Presolved: 1824 rows, 279 columns, 5355 nonzeros
Variable types: 0 continuous, 279 integer (279 binary)
Found heuristic solution: objective 3810.0000000
Found heuristic solution: objective 3621.0000000

Root relaxation: objective 0.000000e+00, 171 iterations, 0.00 seconds (0.01 work units)

    Nodes    |    Current Node    |     Objective Bounds      |     Work
 Expl Unexpl |  Obj  Depth IntInf | Incumbent    BestBd   Gap | It/Node Time

     0     0    0.00000    0   46 3621.00000    0.00000   100%     -    0s
H    0     0                    3430.0000000    0.00000   100%     -    0s
H    0     0                    2006.0000000    0.00000   100%     -    0s
H    0     0                    1055.0000000    0.00000   100%     -    0s
     0     0    0.00000    0   86 1055.00000    0.00000   100%     -    0s
H    0     0                     892.0000000    0.00000   100%     -    0s
H    0     0                     840.0000000    0.00000   100%     -    0s
     0     0    0.00000    0   75  840.00000    0.00000   100%     -    0s
H    0     0                     735.0000000    0.00000   100%     -    0s
H    0     0                     481.0000000    0.00000   100%     -    0s
     0     0    0.00000    0   73  481.00000    0.00000   100%     -    0s
     0     0    0.00000    0   56  481.00000    0.00000   100%     -    0s
     0     0    0.00000    0   93  481.00000    0.00000   100%     -    0s
     0     0    0.00000    0   93  481.00000    0.00000   100%     -    0s
H    0     0                     470.0000000    0.00000   100%     -    0s
     0     2    0.00000    0   93  470.00000    0.00000   100%     -    0s
H  104    61                     466.0000000   14.00000  97.0%  43.9    0s
H  370   165                     447.0000000   44.00000  90.2%  50.1    1s
H  490   184                     438.0000000   53.00000  87.9%  50.9    1s
H  517   193                     436.0000000   54.00000  87.6%  49.5    1s
H  532   190                     424.0000000   54.00000  87.3%  49.1    1s
H  850   275                     412.0000000   76.61111  81.4%  43.1    1s
  2875   553  389.37500   33   75  412.00000  190.25000  53.8%  32.5    5s

Cutting planes:
  Gomory: 1
  Zero half: 5
  RLT: 12
  BQP: 7

Explored 7766 nodes (190636 simplex iterations) in 9.84 seconds (11.87 work units)
Thread count was 1 (of 12 available processors)

Solution count 10: 412 424 436 ... 840

Optimal solution found (tolerance 1.00e-04)
Best objective 4.120000000000e+02, best bound 4.120000000000e+02, gap 0.0000%
412.0
