Set parameter Username
Academic license - for non-commercial use only - expires 2025-08-28
Set parameter Threads to value 1
Set parameter Method to value 4
Gurobi Optimizer version 11.0.0 build v11.0.0rc2 (mac64[arm] - Darwin 23.5.0 23F79)

CPU model: Apple M3 Pro
Thread count: 12 physical cores, 12 logical processors, using up to 1 threads

Optimize a model with 2176 rows, 337 columns and 6526 nonzeros
Model fingerprint: 0xc93326f5
Variable types: 197 continuous, 140 integer (140 binary)
Coefficient statistics:
  Matrix range     [1e+00, 1e+00]
  Objective range  [1e+01, 3e+02]
  Bounds range     [1e+00, 1e+00]
  RHS range        [1e+00, 2e+00]
Presolve removed 465 rows and 72 columns
Presolve time: 0.01s
Presolved: 1711 rows, 265 columns, 5026 nonzeros
Variable types: 0 continuous, 265 integer (265 binary)
Found heuristic solution: objective 3796.0000000
Found heuristic solution: objective 3600.0000000

Root relaxation: objective 0.000000e+00, 177 iterations, 0.00 seconds (0.01 work units)

    Nodes    |    Current Node    |     Objective Bounds      |     Work
 Expl Unexpl |  Obj  Depth IntInf | Incumbent    BestBd   Gap | It/Node Time

     0     0    0.00000    0   84 3600.00000    0.00000   100%     -    0s
H    0     0                    1238.0000000    0.00000   100%     -    0s
H    0     0                    1077.0000000    0.00000   100%     -    0s
H    0     0                    1026.0000000    0.00000   100%     -    0s
     0     0    0.00000    0   86 1026.00000    0.00000   100%     -    0s
H    0     0                     674.0000000    0.00000   100%     -    0s
     0     0    0.00000    0   71  674.00000    0.00000   100%     -    0s
     0     0    0.00000    0   72  674.00000    0.00000   100%     -    0s
     0     0    0.00000    0   80  674.00000    0.00000   100%     -    0s
     0     0    0.00000    0   85  674.00000    0.00000   100%     -    0s
     0     0    0.00000    0   55  674.00000    0.00000   100%     -    0s
     0     0    0.00000    0   83  674.00000    0.00000   100%     -    0s
     0     0    0.00000    0   90  674.00000    0.00000   100%     -    0s
H    0     0                     567.0000000    0.00000   100%     -    0s
     0     0    0.00000    0   83  567.00000    0.00000   100%     -    0s
     0     0    0.00000    0  103  567.00000    0.00000   100%     -    0s
     0     0    0.00000    0   78  567.00000    0.00000   100%     -    0s
H    0     0                     566.0000000    0.00000   100%     -    0s
H    0     0                     518.0000000    0.00000   100%     -    0s
     0     2    0.00000    0   78  518.00000    0.00000   100%     -    0s
H   78    58                     502.0000000    8.00000  98.4%  52.4    0s
H  104    63                     478.0000000   10.50781  97.8%  50.2    0s
H  235   100                     447.0000000   28.00000  93.7%  37.3    0s
H  300   135                     422.0000000   28.00000  93.4%  39.7    0s
H  391   197                     403.0000000   33.09091  91.8%  42.3    0s
H  417   213                     393.0000000   34.37500  91.3%  43.0    0s
  3427   567  370.66667   23   77  393.00000  250.00000  36.4%  29.9    5s

Cutting planes:
  Zero half: 5
  RLT: 11
  BQP: 10

Explored 7134 nodes (174609 simplex iterations) in 8.47 seconds (10.48 work units)
Thread count was 1 (of 12 available processors)

Solution count 10: 393 403 422 ... 674

Optimal solution found (tolerance 1.00e-04)
Best objective 3.930000000000e+02, best bound 3.930000000000e+02, gap 0.0000%
393.0
