Set parameter Username
Academic license - for non-commercial use only - expires 2025-08-28
Set parameter Threads to value 1
Set parameter Method to value 4
Gurobi Optimizer version 11.0.0 build v11.0.0rc2 (mac64[arm] - Darwin 23.5.0 23F79)

CPU model: Apple M3 Pro
Thread count: 12 physical cores, 12 logical processors, using up to 1 threads

Optimize a model with 2047 rows, 321 columns and 6139 nonzeros
Model fingerprint: 0x331eaadf
Variable types: 188 continuous, 133 integer (133 binary)
Coefficient statistics:
  Matrix range     [1e+00, 1e+00]
  Objective range  [1e+01, 3e+02]
  Bounds range     [1e+00, 1e+00]
  RHS range        [1e+00, 2e+00]
Presolve removed 336 rows and 56 columns
Presolve time: 0.01s
Presolved: 1711 rows, 265 columns, 5026 nonzeros
Variable types: 0 continuous, 265 integer (265 binary)
Found heuristic solution: objective 3705.0000000
Found heuristic solution: objective 3516.0000000

Root relaxation: objective 0.000000e+00, 171 iterations, 0.00 seconds (0.01 work units)

    Nodes    |    Current Node    |     Objective Bounds      |     Work
 Expl Unexpl |  Obj  Depth IntInf | Incumbent    BestBd   Gap | It/Node Time

     0     0    0.00000    0   76 3516.00000    0.00000   100%     -    0s
H    0     0                    2452.0000000    0.00000   100%     -    0s
H    0     0                    2228.0000000    0.00000   100%     -    0s
     0     0    0.00000    0   83 2228.00000    0.00000   100%     -    0s
H    0     0                    1422.0000000    0.00000   100%     -    0s
H    0     0                    1389.0000000    0.00000   100%     -    0s
     0     0    0.00000    0   54 1389.00000    0.00000   100%     -    0s
H    0     0                     666.0000000    0.00000   100%     -    0s
     0     0    0.00000    0   59  666.00000    0.00000   100%     -    0s
     0     0    0.00000    0   73  666.00000    0.00000   100%     -    0s
H    0     0                     615.0000000    0.00000   100%     -    0s
     0     0    0.00000    0   72  615.00000    0.00000   100%     -    0s
     0     0    0.00000    0   83  615.00000    0.00000   100%     -    0s
H    0     0                     537.0000000    0.00000   100%     -    0s
     0     0    0.00000    0   89  537.00000    0.00000   100%     -    0s
     0     0    0.00000    0   62  537.00000    0.00000   100%     -    0s
     0     0    0.00000    0   62  537.00000    0.00000   100%     -    0s
H    0     0                     477.0000000    0.00000   100%     -    0s
H    0     0                     465.0000000    0.00000   100%     -    0s
     0     2    0.00000    0   62  465.00000    0.00000   100%     -    0s
H   52    37                     423.0000000   24.00000  94.3%  52.9    0s
*   62    44              16     408.0000000   24.00000  94.1%  50.4    0s
*   69    43              18     388.0000000   24.00000  93.8%  46.6    0s
H  288   134                     382.0000000   60.00000  84.3%  39.3    0s
H  714   190                     352.0000000  105.25000  70.1%  34.3    1s
  3056   549     cutoff   30       352.00000  144.50000  58.9%  31.0    5s
  8103   958  280.25000   35   64  352.00000  246.57143  30.0%  24.4   10s

Cutting planes:
  Zero half: 5
  RLT: 9
  BQP: 11

Explored 13328 nodes (275768 simplex iterations) in 13.25 seconds (17.99 work units)
Thread count was 1 (of 12 available processors)

Solution count 10: 352 382 388 ... 666

Optimal solution found (tolerance 1.00e-04)
Best objective 3.520000000000e+02, best bound 3.520000000000e+02, gap 0.0000%
352.0
