Set parameter Username
Academic license - for non-commercial use only - expires 2025-08-28
Set parameter Threads to value 1
Set parameter Method to value 4
Gurobi Optimizer version 11.0.0 build v11.0.0rc2 (mac64[arm] - Darwin 23.5.0 23F79)

CPU model: Apple M3 Pro
Thread count: 12 physical cores, 12 logical processors, using up to 1 threads

Optimize a model with 2306 rows, 353 columns and 6914 nonzeros
Model fingerprint: 0xb9c5071d
Variable types: 206 continuous, 147 integer (147 binary)
Coefficient statistics:
  Matrix range     [1e+00, 1e+00]
  Objective range  [1e+01, 3e+02]
  Bounds range     [1e+00, 1e+00]
  RHS range        [1e+00, 2e+00]
Presolve removed 376 rows and 61 columns
Presolve time: 0.01s
Presolved: 1930 rows, 292 columns, 5656 nonzeros
Variable types: 0 continuous, 292 integer (292 binary)
Found heuristic solution: objective 3884.0000000
Found heuristic solution: objective 3695.0000000

Root relaxation: objective 0.000000e+00, 137 iterations, 0.00 seconds (0.01 work units)

    Nodes    |    Current Node    |     Objective Bounds      |     Work
 Expl Unexpl |  Obj  Depth IntInf | Incumbent    BestBd   Gap | It/Node Time

     0     0    0.00000    0   42 3695.00000    0.00000   100%     -    0s
H    0     0                     886.0000000    0.00000   100%     -    0s
     0     0    0.00000    0   69  886.00000    0.00000   100%     -    0s
H    0     0                     851.0000000    0.00000   100%     -    0s
     0     0    0.00000    0   59  851.00000    0.00000   100%     -    0s
     0     0    0.00000    0   79  851.00000    0.00000   100%     -    0s
H    0     0                     793.0000000    0.00000   100%     -    0s
H    0     0                     763.0000000    0.00000   100%     -    0s
     0     0    0.00000    0   86  763.00000    0.00000   100%     -    0s
     0     0    0.00000    0   86  763.00000    0.00000   100%     -    0s
H    0     0                     708.0000000    0.00000   100%     -    0s
     0     2    0.00000    0   86  708.00000    0.00000   100%     -    0s
H  159   104                     707.0000000   63.50000  91.0%  55.6    0s
H  164   101                     628.0000000   63.50000  89.9%  55.1    0s
*  166    91              22     559.0000000   63.50000  88.6%  54.9    0s
*  171    90              23     540.0000000   63.50000  88.2%  53.6    0s
H  211    97                     466.0000000   68.75000  85.2%  53.6    0s
H  221    86                     438.0000000   68.75000  84.3%  53.5    0s
H  290   127                     429.0000000   71.50000  83.3%  52.8    0s
  2513   559  410.00000   30   53  429.00000  184.50000  57.0%  39.8    5s
  6220   934  392.64286   24  107  429.00000  278.33333  35.1%  32.2   10s
 10946   320     cutoff   33       429.00000  372.08333  13.3%  28.5   15s

Cutting planes:
  Zero half: 8
  RLT: 13
  BQP: 23

Explored 11513 nodes (323711 simplex iterations) in 15.48 seconds (18.69 work units)
Thread count was 1 (of 12 available processors)

Solution count 10: 429 438 466 ... 793

Optimal solution found (tolerance 1.00e-04)
Best objective 4.290000000000e+02, best bound 4.290000000000e+02, gap 0.0000%
429.0
