Set parameter Username
Academic license - for non-commercial use only - expires 2025-08-28
Set parameter Threads to value 1
Set parameter Method to value 4
Gurobi Optimizer version 11.0.0 build v11.0.0rc2 (mac64[arm] - Darwin 23.5.0 23F79)

CPU model: Apple M3 Pro
Thread count: 12 physical cores, 12 logical processors, using up to 1 threads

Optimize a model with 2047 rows, 321 columns and 6139 nonzeros
Model fingerprint: 0x695769f2
Variable types: 188 continuous, 133 integer (133 binary)
Coefficient statistics:
  Matrix range     [1e+00, 1e+00]
  Objective range  [1e+01, 3e+02]
  Bounds range     [1e+00, 1e+00]
  RHS range        [1e+00, 2e+00]
Presolve removed 336 rows and 56 columns
Presolve time: 0.01s
Presolved: 1711 rows, 265 columns, 5026 nonzeros
Variable types: 0 continuous, 265 integer (265 binary)
Found heuristic solution: objective 3726.0000000
Found heuristic solution: objective 3537.0000000

Root relaxation: objective 0.000000e+00, 171 iterations, 0.00 seconds (0.01 work units)

    Nodes    |    Current Node    |     Objective Bounds      |     Work
 Expl Unexpl |  Obj  Depth IntInf | Incumbent    BestBd   Gap | It/Node Time

     0     0    0.00000    0   76 3537.00000    0.00000   100%     -    0s
H    0     0                    2453.0000000    0.00000   100%     -    0s
H    0     0                    2248.0000000    0.00000   100%     -    0s
     0     0    0.00000    0   83 2248.00000    0.00000   100%     -    0s
H    0     0                    1444.0000000    0.00000   100%     -    0s
H    0     0                    1155.0000000    0.00000   100%     -    0s
H    0     0                    1143.0000000    0.00000   100%     -    0s
     0     0    0.00000    0   59 1143.00000    0.00000   100%     -    0s
H    0     0                    1059.0000000    0.00000   100%     -    0s
H    0     0                     558.0000000    0.00000   100%     -    0s
     0     0    0.00000    0   59  558.00000    0.00000   100%     -    0s
     0     0    0.00000    0   75  558.00000    0.00000   100%     -    0s
H    0     0                     440.0000000    0.00000   100%     -    0s
     0     0    0.00000    0   71  440.00000    0.00000   100%     -    0s
     0     0    0.00000    0   71  440.00000    0.00000   100%     -    0s
     0     0    0.00000    0   76  440.00000    0.00000   100%     -    0s
     0     0    0.00000    0   82  440.00000    0.00000   100%     -    0s
     0     0    0.00000    0   80  440.00000    0.00000   100%     -    0s
H    0     0                     416.0000000    0.00000   100%     -    0s
     0     2    0.00000    0   71  416.00000    0.00000   100%     -    0s
H   28    24                     402.0000000    0.00000   100%  58.9    0s
H  130    94                     384.0000000    6.75000  98.2%  60.7    0s
H  260   160                     383.0000000   15.66667  95.9%  52.4    0s
H  338   200                     382.0000000   24.21429  93.7%  48.3    0s
H  526   298                     371.0000000   28.75000  92.3%  53.0    1s

Cutting planes:
  Gomory: 1
  Zero half: 13
  RLT: 6
  BQP: 10

Explored 1424 nodes (58808 simplex iterations) in 2.51 seconds (3.36 work units)
Thread count was 1 (of 12 available processors)

Solution count 10: 371 382 383 ... 1143

Optimal solution found (tolerance 1.00e-04)
Best objective 3.710000000000e+02, best bound 3.710000000000e+02, gap 0.0000%
371.0
