Set parameter Username
Academic license - for non-commercial use only - expires 2025-08-28
Set parameter Threads to value 1
Set parameter Method to value 4
Gurobi Optimizer version 11.0.0 build v11.0.0rc2 (mac64[arm] - Darwin 23.5.0 23F79)

CPU model: Apple M3 Pro
Thread count: 12 physical cores, 12 logical processors, using up to 1 threads

Optimize a model with 2047 rows, 321 columns and 6139 nonzeros
Model fingerprint: 0xb61d6017
Variable types: 188 continuous, 133 integer (133 binary)
Coefficient statistics:
  Matrix range     [1e+00, 1e+00]
  Objective range  [1e+01, 3e+02]
  Bounds range     [1e+00, 1e+00]
  RHS range        [1e+00, 2e+00]
Presolve removed 336 rows and 56 columns
Presolve time: 0.01s
Presolved: 1711 rows, 265 columns, 5026 nonzeros
Variable types: 0 continuous, 265 integer (265 binary)
Found heuristic solution: objective 3227.0000000
Found heuristic solution: objective 3059.0000000

Root relaxation: objective 0.000000e+00, 155 iterations, 0.00 seconds (0.01 work units)

    Nodes    |    Current Node    |     Objective Bounds      |     Work
 Expl Unexpl |  Obj  Depth IntInf | Incumbent    BestBd   Gap | It/Node Time

     0     0    0.00000    0   55 3059.00000    0.00000   100%     -    0s
H    0     0                    1846.0000000    0.00000   100%     -    0s
H    0     0                    1142.0000000    0.00000   100%     -    0s
     0     0    0.00000    0   83 1142.00000    0.00000   100%     -    0s
H    0     0                     592.0000000    0.00000   100%     -    0s
     0     0    0.00000    0   77  592.00000    0.00000   100%     -    0s
H    0     0                     575.0000000    0.00000   100%     -    0s
H    0     0                     562.0000000    0.00000   100%     -    0s
     0     0    0.00000    0   82  562.00000    0.00000   100%     -    0s
     0     0    0.00000    0   85  562.00000    0.00000   100%     -    0s
H    0     0                     559.0000000    0.00000   100%     -    0s
     0     0    0.00000    0   85  559.00000    0.00000   100%     -    0s
     0     0    0.00000    0   73  559.00000    0.00000   100%     -    0s
     0     0    0.00000    0   73  559.00000    0.00000   100%     -    0s
     0     2    0.00000    0   71  559.00000    0.00000   100%     -    0s
H   53    38                     499.0000000    5.00000  99.0%  55.5    0s
*   59    42              15     454.0000000    5.00000  98.9%  51.4    0s
*   63    42              16     445.0000000    5.00000  98.9%  48.3    0s
*  107    61              18     443.0000000   12.00000  97.3%  46.2    0s
H  109    55                     378.0000000   12.00000  96.8%  45.3    0s
H  139    73                     365.0000000   22.00000  94.0%  48.3    0s
*  144    72              15     341.0000000   22.00000  93.5%  47.9    0s
H  262   119                     313.0000000   28.00000  91.1%  45.6    0s
H  499   178                     298.0000000   43.00000  85.6%  44.6    0s

Cutting planes:
  Zero half: 4
  RLT: 5
  BQP: 11

Explored 1902 nodes (63288 simplex iterations) in 2.71 seconds (3.54 work units)
Thread count was 1 (of 12 available processors)

Solution count 10: 298 313 341 ... 559

Optimal solution found (tolerance 1.00e-04)
Best objective 2.980000000000e+02, best bound 2.980000000000e+02, gap 0.0000%
298.0
