Set parameter Username
Academic license - for non-commercial use only - expires 2025-08-28
Set parameter Threads to value 1
Set parameter Method to value 4
Gurobi Optimizer version 11.0.0 build v11.0.0rc2 (mac64[arm] - Darwin 23.5.0 23F79)

CPU model: Apple M3 Pro
Thread count: 12 physical cores, 12 logical processors, using up to 1 threads

Optimize a model with 2177 rows, 337 columns and 6527 nonzeros
Model fingerprint: 0xa5a9b2ab
Variable types: 197 continuous, 140 integer (140 binary)
Coefficient statistics:
  Matrix range     [1e+00, 1e+00]
  Objective range  [1e+01, 3e+02]
  Bounds range     [1e+00, 1e+00]
  RHS range        [1e+00, 2e+00]
Presolve removed 360 rows and 59 columns
Presolve time: 0.00s
Presolved: 1817 rows, 278 columns, 5327 nonzeros
Variable types: 0 continuous, 278 integer (278 binary)
Found heuristic solution: objective 3800.0000000
Found heuristic solution: objective 3611.0000000

Root relaxation: objective 0.000000e+00, 162 iterations, 0.00 seconds (0.01 work units)

    Nodes    |    Current Node    |     Objective Bounds      |     Work
 Expl Unexpl |  Obj  Depth IntInf | Incumbent    BestBd   Gap | It/Node Time

     0     0    0.00000    0   43 3611.00000    0.00000   100%     -    0s
H    0     0                    2277.0000000    0.00000   100%     -    0s
H    0     0                    1258.0000000    0.00000   100%     -    0s
H    0     0                    1096.0000000    0.00000   100%     -    0s
     0     0    0.00000    0   92 1096.00000    0.00000   100%     -    0s
H    0     0                    1032.0000000    0.00000   100%     -    0s
H    0     0                     879.0000000    0.00000   100%     -    0s
H    0     0                     765.0000000    0.00000   100%     -    0s
     0     0    0.00000    0   62  765.00000    0.00000   100%     -    0s
H    0     0                     646.0000000    0.00000   100%     -    0s
H    0     0                     636.0000000    0.00000   100%     -    0s
     0     0    0.00000    0   66  636.00000    0.00000   100%     -    0s
     0     0    0.00000    0   76  636.00000    0.00000   100%     -    0s
H    0     0                     562.0000000    0.00000   100%     -    0s
H    0     0                     493.0000000    0.00000   100%     -    0s
     0     0    0.00000    0   76  493.00000    0.00000   100%     -    0s
     0     0    0.00000    0   58  493.00000    0.00000   100%     -    0s
     0     0    0.00000    0   68  493.00000    0.00000   100%     -    0s
     0     0    0.00000    0   74  493.00000    0.00000   100%     -    0s
     0     0    0.00000    0   61  493.00000    0.00000   100%     -    0s
     0     2    0.00000    0   61  493.00000    0.00000   100%     -    0s
*  150    89              21     431.0000000   12.00000  97.2%  60.9    0s
H  186    91                     421.0000000   26.00000  93.8%  54.9    0s
H  290   145                     418.0000000   28.27083  93.2%  50.3    0s
H  327   171                     405.0000000   33.83333  91.6%  50.1    0s
  2834   647  316.00000   27   41  405.00000   94.00000  76.8%  36.6    5s
  7144  1343     cutoff   34       405.00000  225.00000  44.4%  28.5   10s
 10617  1483     cutoff   35       405.00000  277.00000  31.6%  26.4   15s
 18079   374     cutoff   31       405.00000  366.75000  9.44%  24.0   20s

Cutting planes:
  Gomory: 1
  Implied bound: 2
  Flow cover: 6
  Zero half: 8
  RLT: 11
  BQP: 8

Explored 18775 nodes (442633 simplex iterations) in 20.34 seconds (29.53 work units)
Thread count was 1 (of 12 available processors)

Solution count 10: 405 418 421 ... 879

Optimal solution found (tolerance 1.00e-04)
Best objective 4.050000000000e+02, best bound 4.050000000000e+02, gap 0.0000%
405.0
