Set parameter Username
Academic license - for non-commercial use only - expires 2025-08-28
Set parameter Threads to value 1
Set parameter Method to value 4
Gurobi Optimizer version 11.0.0 build v11.0.0rc2 (mac64[arm] - Darwin 23.5.0 23F79)

CPU model: Apple M3 Pro
Thread count: 12 physical cores, 12 logical processors, using up to 1 threads

Optimize a model with 2479 rows, 370 columns and 7445 nonzeros
Model fingerprint: 0xa8185cec
Variable types: 218 continuous, 152 integer (152 binary)
Coefficient statistics:
  Matrix range     [1e+00, 1e+00]
  Objective range  [1e+01, 3e+02]
  Bounds range     [1e+00, 1e+00]
  RHS range        [1e+00, 2e+00]
Presolve removed 413 rows and 65 columns
Presolve time: 0.01s
Presolved: 2066 rows, 305 columns, 6080 nonzeros
Variable types: 0 continuous, 305 integer (305 binary)
Found heuristic solution: objective 3740.0000000
Found heuristic solution: objective 3551.0000000

Root relaxation: objective 0.000000e+00, 222 iterations, 0.01 seconds (0.01 work units)

    Nodes    |    Current Node    |     Objective Bounds      |     Work
 Expl Unexpl |  Obj  Depth IntInf | Incumbent    BestBd   Gap | It/Node Time

     0     0    0.00000    0   68 3551.00000    0.00000   100%     -    0s
H    0     0                    2669.0000000    0.00000   100%     -    0s
H    0     0                    1500.0000000    0.00000   100%     -    0s
H    0     0                    1428.0000000    0.00000   100%     -    0s
H    0     0                    1068.0000000    0.00000   100%     -    0s
     0     0    0.00000    0   77 1068.00000    0.00000   100%     -    0s
H    0     0                     950.0000000    0.00000   100%     -    0s
H    0     0                     769.0000000    0.00000   100%     -    0s
     0     0    0.00000    0   88  769.00000    0.00000   100%     -    0s
H    0     0                     604.0000000    0.00000   100%     -    0s
H    0     0                     590.0000000    0.00000   100%     -    0s
     0     0    0.00000    0   84  590.00000    0.00000   100%     -    0s
     0     0    0.00000    0   52  590.00000    0.00000   100%     -    0s
     0     0    0.00000    0   57  590.00000    0.00000   100%     -    0s
H    0     0                     554.0000000    0.00000   100%     -    0s
     0     0    0.00000    0   95  554.00000    0.00000   100%     -    0s
     0     0    0.00000    0   84  554.00000    0.00000   100%     -    0s
     0     0    0.00000    0   84  554.00000    0.00000   100%     -    0s
H    0     0                     543.0000000    0.00000   100%     -    0s
     0     2    0.00000    0   81  543.00000    0.00000   100%     -    0s
H   26    26                     530.0000000    0.00000   100%  92.3    0s
*   41    38              24     445.0000000    0.00000   100%  73.5    0s
*   44    37              26     436.0000000    0.00000   100%  68.7    0s
H   82    57                     386.0000000   15.00000  96.1%  64.1    0s
H  136    81                     382.0000000   27.00000  92.9%  54.8    0s
H  190   114                     358.0000000   42.00000  88.3%  52.0    0s
H  244   128                     357.0000000   44.50000  87.5%  49.0    0s
H  383   210                     347.0000000   48.00000  86.2%  49.2    0s
  2713   247     cutoff   19       347.00000  258.00000  25.6%  32.9    5s

Cutting planes:
  Zero half: 14
  RLT: 8
  BQP: 9

Explored 3438 nodes (106272 simplex iterations) in 5.85 seconds (7.52 work units)
Thread count was 1 (of 12 available processors)

Solution count 10: 347 357 358 ... 554

Optimal solution found (tolerance 1.00e-04)
Best objective 3.470000000000e+02, best bound 3.470000000000e+02, gap 0.0000%
347.0
