Set parameter Username
Academic license - for non-commercial use only - expires 2025-08-28
Set parameter Threads to value 1
Set parameter Method to value 4
Gurobi Optimizer version 11.0.0 build v11.0.0rc2 (mac64[arm] - Darwin 23.5.0 23F79)

CPU model: Apple M3 Pro
Thread count: 12 physical cores, 12 logical processors, using up to 1 threads

Optimize a model with 2626 rows, 387 columns and 7887 nonzeros
Model fingerprint: 0x89f919bd
Variable types: 227 continuous, 160 integer (160 binary)
Coefficient statistics:
  Matrix range     [1e+00, 1e+00]
  Objective range  [1e+01, 3e+02]
  Bounds range     [1e+00, 1e+00]
  RHS range        [1e+00, 2e+00]
Presolve removed 431 rows and 67 columns
Presolve time: 0.01s
Presolved: 2195 rows, 320 columns, 6456 nonzeros
Variable types: 0 continuous, 320 integer (320 binary)
Found heuristic solution: objective 3390.0000000
Found heuristic solution: objective 3284.0000000

Root relaxation: objective 0.000000e+00, 166 iterations, 0.00 seconds (0.01 work units)

    Nodes    |    Current Node    |     Objective Bounds      |     Work
 Expl Unexpl |  Obj  Depth IntInf | Incumbent    BestBd   Gap | It/Node Time

     0     0    0.00000    0   59 3284.00000    0.00000   100%     -    0s
H    0     0                    3047.0000000    0.00000   100%     -    0s
H    0     0                    2365.0000000    0.00000   100%     -    0s
     0     0    0.00000    0  105 2365.00000    0.00000   100%     -    0s
H    0     0                    1586.0000000    0.00000   100%     -    0s
H    0     0                    1427.0000000    0.00000   100%     -    0s
H    0     0                    1332.0000000    0.00000   100%     -    0s
     0     0    0.00000    0  110 1332.00000    0.00000   100%     -    0s
     0     0    0.00000    0   71 1332.00000    0.00000   100%     -    0s
H    0     0                     769.0000000    0.00000   100%     -    0s
     0     0    0.00000    0   97  769.00000    0.00000   100%     -    0s
     0     0    0.00000    0   93  769.00000    0.00000   100%     -    0s
H    0     0                     735.0000000    0.00000   100%     -    0s
H    0     0                     711.0000000    0.00000   100%     -    0s
     0     0    0.00000    0   80  711.00000    0.00000   100%     -    0s
     0     0    0.00000    0   98  711.00000    0.00000   100%     -    0s
H    0     0                     700.0000000    0.00000   100%     -    0s
     0     0    0.00000    0   93  700.00000    0.00000   100%     -    0s
     0     0    0.00000    0   97  700.00000    0.00000   100%     -    0s
     0     0    0.00000    0   97  700.00000    0.00000   100%     -    0s
H    0     0                     626.0000000    0.00000   100%     -    0s
     0     2    0.00000    0   79  626.00000    0.00000   100%     -    0s
*   54    40              21     580.0000000    0.00000   100%  48.6    0s
H   55    37                     514.0000000    0.00000   100%  47.7    0s
*   62    39              24     505.0000000    0.00000   100%  43.4    0s
H  271   137                     449.0000000   17.20000  96.2%  46.4    0s
*  289   153              24     448.0000000   17.20000  96.2%  48.3    0s
H  293   151                     435.0000000   17.20000  96.0%  47.8    0s
H  557   261                     425.0000000   45.00000  89.4%  47.5    1s
H  599   268                     395.0000000   46.06667  88.3%  47.1    1s
  2142   362  335.25000   27   36  395.00000  194.65789  50.7%  36.6    5s
  5610   446  380.33333   34   25  395.00000  317.50000  19.6%  28.6   10s

Cutting planes:
  Zero half: 4
  RLT: 2
  BQP: 16

Explored 7065 nodes (189963 simplex iterations) in 11.54 seconds (13.88 work units)
Thread count was 1 (of 12 available processors)

Solution count 10: 395 425 435 ... 700

Optimal solution found (tolerance 1.00e-04)
Best objective 3.950000000000e+02, best bound 3.950000000000e+02, gap 0.0000%
395.0
