Set parameter Username
Academic license - for non-commercial use only - expires 2025-08-28
Set parameter Threads to value 1
Set parameter Method to value 4
Gurobi Optimizer version 11.0.0 build v11.0.0rc2 (mac64[arm] - Darwin 23.5.0 23F79)

CPU model: Apple M3 Pro
Thread count: 12 physical cores, 12 logical processors, using up to 1 threads

Optimize a model with 2479 rows, 370 columns and 7445 nonzeros
Model fingerprint: 0xb24ec45f
Variable types: 218 continuous, 152 integer (152 binary)
Coefficient statistics:
  Matrix range     [1e+00, 1e+00]
  Objective range  [1e+01, 3e+02]
  Bounds range     [1e+00, 1e+00]
  RHS range        [1e+00, 2e+00]
Presolve removed 413 rows and 65 columns
Presolve time: 0.01s
Presolved: 2066 rows, 305 columns, 6080 nonzeros
Variable types: 0 continuous, 305 integer (305 binary)
Found heuristic solution: objective 3222.0000000
Found heuristic solution: objective 3060.0000000

Root relaxation: objective 0.000000e+00, 145 iterations, 0.00 seconds (0.01 work units)

    Nodes    |    Current Node    |     Objective Bounds      |     Work
 Expl Unexpl |  Obj  Depth IntInf | Incumbent    BestBd   Gap | It/Node Time

     0     0    0.00000    0   36 3060.00000    0.00000   100%     -    0s
H    0     0                     984.0000000    0.00000   100%     -    0s
H    0     0                     947.0000000    0.00000   100%     -    0s
     0     0    0.00000    0   70  947.00000    0.00000   100%     -    0s
H    0     0                     627.0000000    0.00000   100%     -    0s
     0     0    0.00000    0   36  627.00000    0.00000   100%     -    0s
     0     0    0.00000    0   52  627.00000    0.00000   100%     -    0s
     0     0    0.00000    0   69  627.00000    0.00000   100%     -    0s
     0     0    0.00000    0   69  627.00000    0.00000   100%     -    0s
     0     0    0.00000    0   89  627.00000    0.00000   100%     -    0s
H    0     0                     600.0000000    0.00000   100%     -    0s
     0     0    0.00000    0   94  600.00000    0.00000   100%     -    0s
     0     0    0.00000    0   83  600.00000    0.00000   100%     -    0s
     0     0    0.00000    0   81  600.00000    0.00000   100%     -    0s
H    0     0                     538.0000000    0.00000   100%     -    0s
H    0     0                     526.0000000    0.00000   100%     -    0s
     0     2    0.00000    0   80  526.00000    0.00000   100%     -    0s
*   44    42              26     522.0000000    0.00000   100%  38.3    0s
*   45    41              27     512.0000000    0.00000   100%  37.5    0s
H   52    44                     500.0000000    0.00000   100%  40.9    0s
*   75    50              21     345.0000000    0.00000   100%  42.5    0s
*  200   103              21     335.0000000    3.00000  99.1%  38.0    0s
*  201   102              22     326.0000000    3.00000  99.1%  37.8    0s
H  273   123                     316.0000000    5.50000  98.3%  36.1    0s
H  286   126                     304.0000000    5.50000  98.2%  35.6    0s
H  495   192                     301.0000000   12.00000  96.0%  33.0    1s
  2881   359  294.00000   28   27  301.00000  177.05556  41.2%  27.9    5s

Cutting planes:
  Gomory: 1
  MIR: 2
  Zero half: 2
  RLT: 5
  BQP: 3

Explored 6757 nodes (143345 simplex iterations) in 8.81 seconds (10.78 work units)
Thread count was 1 (of 12 available processors)

Solution count 10: 301 304 316 ... 526

Optimal solution found (tolerance 1.00e-04)
Best objective 3.010000000000e+02, best bound 3.010000000000e+02, gap 0.0000%
301.0
