Set parameter Username
Academic license - for non-commercial use only - expires 2025-08-28
Set parameter Threads to value 1
Set parameter Method to value 4
Gurobi Optimizer version 11.0.0 build v11.0.0rc2 (mac64[arm] - Darwin 23.5.0 23F79)

CPU model: Apple M3 Pro
Thread count: 12 physical cores, 12 logical processors, using up to 1 threads

Optimize a model with 2479 rows, 370 columns and 7445 nonzeros
Model fingerprint: 0x890095b0
Variable types: 218 continuous, 152 integer (152 binary)
Coefficient statistics:
  Matrix range     [1e+00, 1e+00]
  Objective range  [1e+01, 3e+02]
  Bounds range     [1e+00, 1e+00]
  RHS range        [1e+00, 2e+00]
Presolve removed 413 rows and 65 columns
Presolve time: 0.01s
Presolved: 2066 rows, 305 columns, 6080 nonzeros
Variable types: 0 continuous, 305 integer (305 binary)
Found heuristic solution: objective 3197.0000000
Found heuristic solution: objective 3029.0000000

Root relaxation: objective 0.000000e+00, 145 iterations, 0.00 seconds (0.01 work units)

    Nodes    |    Current Node    |     Objective Bounds      |     Work
 Expl Unexpl |  Obj  Depth IntInf | Incumbent    BestBd   Gap | It/Node Time

     0     0    0.00000    0   36 3029.00000    0.00000   100%     -    0s
H    0     0                     971.0000000    0.00000   100%     -    0s
H    0     0                     934.0000000    0.00000   100%     -    0s
     0     0    0.00000    0   70  934.00000    0.00000   100%     -    0s
H    0     0                     556.0000000    0.00000   100%     -    0s
     0     0    0.00000    0   89  556.00000    0.00000   100%     -    0s
     0     0    0.00000    0   85  556.00000    0.00000   100%     -    0s
     0     0    0.00000    0   82  556.00000    0.00000   100%     -    0s
H    0     0                     543.0000000    0.00000   100%     -    0s
     0     0    0.00000    0   85  543.00000    0.00000   100%     -    0s
     0     0    0.00000    0   75  543.00000    0.00000   100%     -    0s
     0     0    0.00000    0  108  543.00000    0.00000   100%     -    0s
     0     0    0.00000    0   58  543.00000    0.00000   100%     -    0s
     0     0    0.00000    0   58  543.00000    0.00000   100%     -    0s
     0     2    0.00000    0   58  543.00000    0.00000   100%     -    0s
H   28    21                     440.0000000    0.00000   100%  61.8    0s
H   51    31                     367.0000000   13.25000  96.4%  51.7    0s
H   52    30                     343.0000000   13.25000  96.1%  50.8    0s
*   55    30              18     322.0000000   13.25000  95.9%  48.7    0s
*   64    29              19     313.0000000   13.25000  95.8%  42.7    0s
H  140    55                     301.0000000   22.00000  92.7%  34.1    0s
H  344   139                     298.0000000   38.00000  87.2%  35.4    0s
  2625   375  185.90000   22   54  298.00000  129.75000  56.5%  31.6    5s
  6875   276  293.66667   25   49  298.00000  248.85714  16.5%  23.1   10s

Cutting planes:
  Inf proof: 1
  Zero half: 13
  RLT: 10
  BQP: 11

Explored 7621 nodes (167998 simplex iterations) in 10.60 seconds (12.55 work units)
Thread count was 1 (of 12 available processors)

Solution count 10: 298 301 313 ... 934

Optimal solution found (tolerance 1.00e-04)
Best objective 2.980000000000e+02, best bound 2.980000000000e+02, gap 0.0000%
298.0
