Set parameter Username
Academic license - for non-commercial use only - expires 2025-08-28
Set parameter Threads to value 1
Set parameter Method to value 4
Gurobi Optimizer version 11.0.0 build v11.0.0rc2 (mac64[arm] - Darwin 23.5.0 23F79)

CPU model: Apple M3 Pro
Thread count: 12 physical cores, 12 logical processors, using up to 1 threads

Optimize a model with 2626 rows, 387 columns and 7887 nonzeros
Model fingerprint: 0x7d7e31d9
Variable types: 227 continuous, 160 integer (160 binary)
Coefficient statistics:
  Matrix range     [1e+00, 1e+00]
  Objective range  [1e+01, 3e+02]
  Bounds range     [1e+00, 1e+00]
  RHS range        [1e+00, 2e+00]
Presolve removed 431 rows and 67 columns
Presolve time: 0.01s
Presolved: 2195 rows, 320 columns, 6456 nonzeros
Variable types: 0 continuous, 320 integer (320 binary)
Found heuristic solution: objective 3417.0000000
Found heuristic solution: objective 3303.0000000

Root relaxation: objective 0.000000e+00, 166 iterations, 0.00 seconds (0.01 work units)

    Nodes    |    Current Node    |     Objective Bounds      |     Work
 Expl Unexpl |  Obj  Depth IntInf | Incumbent    BestBd   Gap | It/Node Time

     0     0    0.00000    0   59 3303.00000    0.00000   100%     -    0s
H    0     0                    3066.0000000    0.00000   100%     -    0s
H    0     0                    2378.0000000    0.00000   100%     -    0s
     0     0    0.00000    0  105 2378.00000    0.00000   100%     -    0s
H    0     0                    1599.0000000    0.00000   100%     -    0s
H    0     0                    1230.0000000    0.00000   100%     -    0s
H    0     0                     855.0000000    0.00000   100%     -    0s
     0     0    0.00000    0  110  855.00000    0.00000   100%     -    0s
     0     0    0.00000    0  113  855.00000    0.00000   100%     -    0s
     0     0    0.00000    0  108  855.00000    0.00000   100%     -    0s
     0     0    0.00000    0   64  855.00000    0.00000   100%     -    0s
     0     0    0.00000    0  109  855.00000    0.00000   100%     -    0s
H    0     0                     783.0000000    0.00000   100%     -    0s
H    0     0                     782.0000000    0.00000   100%     -    0s
H    0     0                     774.0000000    0.00000   100%     -    0s
     0     0    0.00000    0  113  774.00000    0.00000   100%     -    0s
     0     0    0.00000    0   44  774.00000    0.00000   100%     -    0s
H    0     0                     649.0000000    0.00000   100%     -    0s
     0     0    0.00000    0   59  649.00000    0.00000   100%     -    0s
     0     0    0.00000    0   77  649.00000    0.00000   100%     -    0s
     0     0    0.00000    0   77  649.00000    0.00000   100%     -    0s
     0     2   10.00000    0   77  649.00000   10.00000  98.5%     -    0s
H   27    27                     599.0000000   10.00000  98.3%  67.5    0s
*   37    35              23     561.0000000   10.00000  98.2%  57.9    0s
H   78    50                     553.0000000   13.00000  97.6%  46.3    0s
H  160    90                     541.0000000   21.00000  96.1%  53.7    0s
H  212   128                     539.0000000   21.00000  96.1%  52.8    0s
H  371   241                     536.0000000   28.00000  94.8%  55.0    1s
H  397   251                     525.0000000   28.00000  94.7%  52.8    1s
H  433   267                     476.0000000   29.00000  93.9%  53.6    1s
H  553   319                     431.0000000   32.66667  92.4%  51.9    1s
H  657   352                     423.0000000   37.00000  91.3%  50.2    1s
H  785   394                     399.0000000   38.12500  90.4%  52.5    2s
  1940   530  298.00000   27   45  399.00000   68.00000  83.0%  42.3    5s
  4960  1312  299.25000   34   56  399.00000  182.11667  54.4%  34.3   10s
  8181  1971  314.66667   29   60  399.00000  224.66667  43.7%  30.9   15s
 10203  2310  316.00000   37   77  399.00000  241.05000  39.6%  29.6   20s
 11714  2244  370.57143   51   98  399.00000  241.05000  39.6%  30.5   25s
 15941   611  352.14286   43   47  399.00000  352.07500  11.8%  29.0   30s

Cutting planes:
  Gomory: 4
  Implied bound: 2
  MIR: 1
  Flow cover: 15
  Zero half: 38
  RLT: 19
  Relax-and-lift: 1
  BQP: 13

Explored 16255 nodes (470682 simplex iterations) in 30.27 seconds (37.44 work units)
Thread count was 1 (of 12 available processors)

Solution count 10: 399 423 431 ... 561

Optimal solution found (tolerance 1.00e-04)
Best objective 3.990000000000e+02, best bound 3.990000000000e+02, gap 0.0000%
399.0
