Set parameter Username
Academic license - for non-commercial use only - expires 2025-08-28
Set parameter Threads to value 1
Set parameter Method to value 4
Gurobi Optimizer version 11.0.0 build v11.0.0rc2 (mac64[arm] - Darwin 23.5.0 23F79)

CPU model: Apple M3 Pro
Thread count: 12 physical cores, 12 logical processors, using up to 1 threads

Optimize a model with 2627 rows, 387 columns and 7888 nonzeros
Model fingerprint: 0x3045c4ca
Variable types: 227 continuous, 160 integer (160 binary)
Coefficient statistics:
  Matrix range     [1e+00, 1e+00]
  Objective range  [1e+01, 3e+02]
  Bounds range     [1e+00, 1e+00]
  RHS range        [1e+00, 2e+00]
Presolve removed 440 rows and 68 columns
Presolve time: 0.01s
Presolved: 2187 rows, 319 columns, 6424 nonzeros
Variable types: 0 continuous, 319 integer (319 binary)
Found heuristic solution: objective 3800.0000000
Found heuristic solution: objective 3611.0000000

Root relaxation: objective 0.000000e+00, 168 iterations, 0.00 seconds (0.01 work units)

    Nodes    |    Current Node    |     Objective Bounds      |     Work
 Expl Unexpl |  Obj  Depth IntInf | Incumbent    BestBd   Gap | It/Node Time

     0     0    0.00000    0   48 3611.00000    0.00000   100%     -    0s
H    0     0                    3290.0000000    0.00000   100%     -    0s
H    0     0                    3282.0000000    0.00000   100%     -    0s
H    0     0                    3222.0000000    0.00000   100%     -    0s
     0     0    0.00000    0  107 3222.00000    0.00000   100%     -    0s
H    0     0                    1276.0000000    0.00000   100%     -    0s
H    0     0                    1101.0000000    0.00000   100%     -    0s
H    0     0                     947.0000000    0.00000   100%     -    0s
     0     0    0.00000    0   68  947.00000    0.00000   100%     -    0s
H    0     0                     631.0000000    0.00000   100%     -    0s
     0     0    0.00000    0   82  631.00000    0.00000   100%     -    0s
     0     0    0.00000    0  113  631.00000    0.00000   100%     -    0s
     0     0    0.00000    0  107  631.00000    0.00000   100%     -    0s
     0     0    0.00000    0   70  631.00000    0.00000   100%     -    0s
     0     0    0.00000    0   70  631.00000    0.00000   100%     -    0s
H    0     0                     607.0000000    0.00000   100%     -    0s
     0     2    0.00000    0   70  607.00000    0.00000   100%     -    0s
H   27    25                     544.0000000    0.00000   100%  88.6    0s
H   55    35                     507.0000000    0.00000   100%  64.1    0s
H  106    61                     458.0000000    0.00000   100%  59.5    0s
H  182   101                     445.0000000    5.87500  98.7%  50.1    0s
H  234   120                     432.0000000    8.50000  98.0%  47.6    0s
*  279   158              33     421.0000000    8.50000  98.0%  47.5    0s
H  339   183                     420.0000000   10.00000  97.6%  45.5    0s
H  359   198                     393.0000000   10.00000  97.5%  46.3    1s
*  413   251              46     390.0000000   10.00000  97.4%  44.7    1s
  1973   373  352.33333   26   95  390.00000  144.00000  63.1%  39.4    5s
  4636   579  343.00000   30   55  390.00000  249.83333  35.9%  34.1   10s

Cutting planes:
  Inf proof: 2
  Zero half: 3
  RLT: 14
  BQP: 10

Explored 7711 nodes (237345 simplex iterations) in 14.45 seconds (17.12 work units)
Thread count was 1 (of 12 available processors)

Solution count 10: 390 393 420 ... 607

Optimal solution found (tolerance 1.00e-04)
Best objective 3.900000000000e+02, best bound 3.900000000000e+02, gap 0.0000%
390.0
