Set parameter Username
Academic license - for non-commercial use only - expires 2025-08-28
Set parameter Threads to value 1
Set parameter Method to value 4
Gurobi Optimizer version 11.0.0 build v11.0.0rc2 (mac64[arm] - Darwin 23.5.0 23F79)

CPU model: Apple M3 Pro
Thread count: 12 physical cores, 12 logical processors, using up to 1 threads

Optimize a model with 2774 rows, 404 columns and 8330 nonzeros
Model fingerprint: 0xb1ec0078
Variable types: 236 continuous, 168 integer (168 binary)
Coefficient statistics:
  Matrix range     [1e+00, 1e+00]
  Objective range  [1e+01, 3e+02]
  Bounds range     [1e+00, 1e+00]
  RHS range        [1e+00, 2e+00]
Presolve removed 458 rows and 70 columns
Presolve time: 0.01s
Presolved: 2316 rows, 334 columns, 6800 nonzeros
Variable types: 0 continuous, 334 integer (334 binary)
Found heuristic solution: objective 3891.0000000
Found heuristic solution: objective 3702.0000000

Root relaxation: objective 0.000000e+00, 158 iterations, 0.00 seconds (0.01 work units)

    Nodes    |    Current Node    |     Objective Bounds      |     Work
 Expl Unexpl |  Obj  Depth IntInf | Incumbent    BestBd   Gap | It/Node Time

     0     0    0.00000    0   49 3702.00000    0.00000   100%     -    0s
H    0     0                    3423.0000000    0.00000   100%     -    0s
H    0     0                    2827.0000000    0.00000   100%     -    0s
H    0     0                    2779.0000000    0.00000   100%     -    0s
     0     0    0.00000    0   89 2779.00000    0.00000   100%     -    0s
H    0     0                    1874.0000000    0.00000   100%     -    0s
H    0     0                    1239.0000000    0.00000   100%     -    0s
     0     0    0.00000    0   71 1239.00000    0.00000   100%     -    0s
H    0     0                     964.0000000    0.00000   100%     -    0s
H    0     0                     907.0000000    0.00000   100%     -    0s
     0     0    0.00000    0   95  907.00000    0.00000   100%     -    0s
H    0     0                     839.0000000    0.00000   100%     -    0s
H    0     0                     548.0000000    0.00000   100%     -    0s
H    0     0                     518.0000000    0.00000   100%     -    0s
     0     0    0.00000    0   96  518.00000    0.00000   100%     -    0s
     0     0    0.00000    0   85  518.00000    0.00000   100%     -    0s
     0     0    0.00000    0   85  518.00000    0.00000   100%     -    0s
     0     2    0.00000    0   85  518.00000    0.00000   100%     -    0s
H   29    27                     510.0000000    0.00000   100%  80.7    0s
H   53    37                     492.0000000    0.00000   100%  61.0    0s
H   54    37                     468.0000000    0.00000   100%  62.0    0s
H  106    69                     444.0000000    3.00000  99.3%  52.3    0s
H  111    66                     432.0000000    3.00000  99.3%  50.5    0s
H  167   104                     417.0000000    4.00000  99.0%  53.6    0s
H  329   188                     412.0000000   10.00000  97.6%  46.0    1s
  2155   548  264.00000   26   34  412.00000  125.00000  69.7%  33.1    5s
  5116  1305  273.00000   28   60  412.00000  202.00000  51.0%  29.5   10s
  8185  1616  348.87500   28   53  412.00000  251.75000  38.9%  28.5   15s
 10202  1786     cutoff   30       412.00000  272.53333  33.9%  28.0   21s
 12884  1722  362.60000   39   55  412.00000  305.66667  25.8%  27.8   25s
 16772  1259  369.62097   38   98  412.00000  342.00000  17.0%  27.0   30s

Cutting planes:
  Flow cover: 10
  Inf proof: 1
  Zero half: 10
  RLT: 2
  BQP: 12

Explored 20077 nodes (522819 simplex iterations) in 33.57 seconds (40.93 work units)
Thread count was 1 (of 12 available processors)

Solution count 10: 412 417 432 ... 839

Optimal solution found (tolerance 1.00e-04)
Best objective 4.120000000000e+02, best bound 4.120000000000e+02, gap 0.0000%
412.0
