Set parameter Username
Academic license - for non-commercial use only - expires 2025-08-28
Set parameter Threads to value 1
Set parameter Method to value 4
Gurobi Optimizer version 11.0.0 build v11.0.0rc2 (mac64[arm] - Darwin 23.5.0 23F79)

CPU model: Apple M3 Pro
Thread count: 12 physical cores, 12 logical processors, using up to 1 threads

Optimize a model with 2626 rows, 387 columns and 7887 nonzeros
Model fingerprint: 0x7bc96afe
Variable types: 227 continuous, 160 integer (160 binary)
Coefficient statistics:
  Matrix range     [1e+00, 1e+00]
  Objective range  [1e+01, 3e+02]
  Bounds range     [1e+00, 1e+00]
  RHS range        [1e+00, 2e+00]
Presolve removed 431 rows and 67 columns
Presolve time: 0.01s
Presolved: 2195 rows, 320 columns, 6456 nonzeros
Variable types: 0 continuous, 320 integer (320 binary)
Found heuristic solution: objective 1690.0000000
Found heuristic solution: objective 1245.0000000

Root relaxation: objective 0.000000e+00, 166 iterations, 0.00 seconds (0.01 work units)

    Nodes    |    Current Node    |     Objective Bounds      |     Work
 Expl Unexpl |  Obj  Depth IntInf | Incumbent    BestBd   Gap | It/Node Time

     0     0    0.00000    0   58 1245.00000    0.00000   100%     -    0s
H    0     0                    1211.0000000    0.00000   100%     -    0s
H    0     0                    1073.0000000    0.00000   100%     -    0s
     0     0    0.00000    0   91 1073.00000    0.00000   100%     -    0s
H    0     0                     918.0000000    0.00000   100%     -    0s
H    0     0                     774.0000000    0.00000   100%     -    0s
     0     0    0.00000    0   74  774.00000    0.00000   100%     -    0s
H    0     0                     581.0000000    0.00000   100%     -    0s
H    0     0                     444.0000000    0.00000   100%     -    0s
     0     0    0.00000    0   78  444.00000    0.00000   100%     -    0s
     0     0    0.00000    0   77  444.00000    0.00000   100%     -    0s
     0     0    0.00000    0   78  444.00000    0.00000   100%     -    0s
     0     0    0.00000    0   76  444.00000    0.00000   100%     -    0s
H    0     0                     402.0000000    0.00000   100%     -    0s
     0     2    0.00000    0   67  402.00000    0.00000   100%     -    0s
H  190   118                     357.0000000    0.00000   100%  37.9    0s
  2600   131     cutoff   24       357.00000  278.00000  22.1%  29.1    5s

Cutting planes:
  Zero half: 5
  RLT: 5
  BQP: 5

Explored 2991 nodes (84035 simplex iterations) in 5.44 seconds (6.84 work units)
Thread count was 1 (of 12 available processors)

Solution count 10: 357 402 444 ... 1690

Optimal solution found (tolerance 1.00e-04)
Best objective 3.570000000000e+02, best bound 3.570000000000e+02, gap 0.0000%
357.0
