Set parameter Username
Academic license - for non-commercial use only - expires 2025-08-28
Set parameter Threads to value 1
Set parameter Method to value 4
Gurobi Optimizer version 11.0.0 build v11.0.0rc2 (mac64[arm] - Darwin 23.5.0 23F79)

CPU model: Apple M3 Pro
Thread count: 12 physical cores, 12 logical processors, using up to 1 threads

Optimize a model with 2479 rows, 370 columns and 7445 nonzeros
Model fingerprint: 0xb5dffe10
Variable types: 218 continuous, 152 integer (152 binary)
Coefficient statistics:
  Matrix range     [1e+00, 1e+00]
  Objective range  [1e+01, 3e+02]
  Bounds range     [1e+00, 1e+00]
  RHS range        [1e+00, 2e+00]
Presolve removed 413 rows and 65 columns
Presolve time: 0.01s
Presolved: 2066 rows, 305 columns, 6080 nonzeros
Variable types: 0 continuous, 305 integer (305 binary)
Found heuristic solution: objective 3726.0000000
Found heuristic solution: objective 3537.0000000

Root relaxation: objective 0.000000e+00, 222 iterations, 0.01 seconds (0.01 work units)

    Nodes    |    Current Node    |     Objective Bounds      |     Work
 Expl Unexpl |  Obj  Depth IntInf | Incumbent    BestBd   Gap | It/Node Time

     0     0    0.00000    0   68 3537.00000    0.00000   100%     -    0s
H    0     0                    2667.0000000    0.00000   100%     -    0s
H    0     0                    1507.0000000    0.00000   100%     -    0s
H    0     0                    1435.0000000    0.00000   100%     -    0s
H    0     0                    1081.0000000    0.00000   100%     -    0s
     0     0    0.00000    0   77 1081.00000    0.00000   100%     -    0s
H    0     0                    1005.0000000    0.00000   100%     -    0s
H    0     0                     869.0000000    0.00000   100%     -    0s
     0     0    0.00000    0   61  869.00000    0.00000   100%     -    0s
H    0     0                     711.0000000    0.00000   100%     -    0s
     0     0    0.00000    0   83  711.00000    0.00000   100%     -    0s
     0     0    0.00000    0   77  711.00000    0.00000   100%     -    0s
H    0     0                     640.0000000    0.00000   100%     -    0s
H    0     0                     551.0000000    0.00000   100%     -    0s
     0     0    0.00000    0   92  551.00000    0.00000   100%     -    0s
     0     0    0.00000    0   86  551.00000    0.00000   100%     -    0s
     0     0    0.00000    0   86  551.00000    0.00000   100%     -    0s
     0     0    0.00000    0   86  551.00000    0.00000   100%     -    0s
     0     0    0.00000    0   86  551.00000    0.00000   100%     -    0s
     0     2    0.00000    0   86  551.00000    0.00000   100%     -    0s
*   37    35              20     490.0000000   12.00000  97.6%  57.4    0s
*   39    33              21     478.0000000   12.00000  97.5%  54.6    0s
H   67    55                     420.0000000   12.00000  97.1%  46.2    0s
H   78    59                     417.0000000   36.50000  91.2%  46.8    0s
H  163    81                     387.0000000   49.00000  87.3%  42.5    0s
H  317   134                     374.0000000   54.50000  85.4%  45.7    0s
H  544   230                     359.0000000   69.00000  80.8%  42.1    1s
  2416   638  303.00000   29   48  359.00000   91.75000  74.4%  33.4    5s
  5643  1652  135.50000   30   54  359.00000  128.00000  64.3%  28.4   10s
  8968  2606  232.16667   33   71  359.00000  156.50000  56.4%  27.3   15s
 10220  2928  200.62500   26  111  359.00000  163.75000  54.4%  27.0   20s
 11667  2993  241.00000   27   86  359.00000  163.75000  54.4%  29.9   25s
 14510  2837  200.50000   34   77  359.00000  185.00000  48.5%  30.6   30s
 17479  2462  287.00000   30   61  359.00000  214.00000  40.4%  30.7   35s
 20750  2383  238.00000   28   55  359.00000  238.00000  33.7%  30.4   40s
 24496  2591  256.00000   26   77  359.00000  256.00000  28.7%  30.0   45s
 28648  2487  296.25000   37   80  359.00000  274.25000  23.6%  29.7   50s
 32960  1925  337.09091   35   79  359.00000  294.00000  18.1%  29.1   55s
 37663   668  354.00000   49   59  359.00000  326.00000  9.19%  27.8   60s

Cutting planes:
  Gomory: 1
  Implied bound: 3
  Flow cover: 13
  Zero half: 43
  RLT: 19
  BQP: 10

Explored 38705 nodes (1062730 simplex iterations) in 61.06 seconds (73.83 work units)
Thread count was 1 (of 12 available processors)

Solution count 10: 359 374 387 ... 711

Optimal solution found (tolerance 1.00e-04)
Best objective 3.590000000000e+02, best bound 3.590000000000e+02, gap 0.0000%
359.0
