Set parameter Username
Academic license - for non-commercial use only - expires 2025-08-28
Set parameter Threads to value 1
Set parameter Method to value 4
Gurobi Optimizer version 11.0.0 build v11.0.0rc2 (mac64[arm] - Darwin 23.5.0 23F79)

CPU model: Apple M3 Pro
Thread count: 12 physical cores, 12 logical processors, using up to 1 threads

Optimize a model with 2626 rows, 387 columns and 7887 nonzeros
Model fingerprint: 0x41e9ac0f
Variable types: 227 continuous, 160 integer (160 binary)
Coefficient statistics:
  Matrix range     [1e+00, 1e+00]
  Objective range  [1e+01, 3e+02]
  Bounds range     [1e+00, 1e+00]
  RHS range        [1e+00, 2e+00]
Presolve removed 431 rows and 67 columns
Presolve time: 0.01s
Presolved: 2195 rows, 320 columns, 6456 nonzeros
Variable types: 0 continuous, 320 integer (320 binary)
Found heuristic solution: objective 3401.0000000
Found heuristic solution: objective 3298.0000000

Root relaxation: objective 0.000000e+00, 166 iterations, 0.00 seconds (0.01 work units)

    Nodes    |    Current Node    |     Objective Bounds      |     Work
 Expl Unexpl |  Obj  Depth IntInf | Incumbent    BestBd   Gap | It/Node Time

     0     0    0.00000    0   59 3298.00000    0.00000   100%     -    0s
H    0     0                    3056.0000000    0.00000   100%     -    0s
H    0     0                    2380.0000000    0.00000   100%     -    0s
     0     0    0.00000    0  105 2380.00000    0.00000   100%     -    0s
H    0     0                    1593.0000000    0.00000   100%     -    0s
H    0     0                    1183.0000000    0.00000   100%     -    0s
H    0     0                     688.0000000    0.00000   100%     -    0s
     0     0    0.00000    0  110  688.00000    0.00000   100%     -    0s
     0     0    0.00000    0  109  688.00000    0.00000   100%     -    0s
     0     0    0.00000    0  108  688.00000    0.00000   100%     -    0s
     0     0    0.00000    0   92  688.00000    0.00000   100%     -    0s
H    0     0                     618.0000000    0.00000   100%     -    0s
H    0     0                     582.0000000    0.00000   100%     -    0s
     0     0    0.00000    0   91  582.00000    0.00000   100%     -    0s
     0     0    0.00000    0   88  582.00000    0.00000   100%     -    0s
     0     0    0.00000    0   74  582.00000    0.00000   100%     -    0s
     0     2    0.00000    0   74  582.00000    0.00000   100%     -    0s
H   54    40                     511.0000000   11.00000  97.8%  54.9    0s
H   80    58                     491.0000000   11.00000  97.8%  48.5    0s
H   80    58                     481.0000000   11.00000  97.7%  48.5    0s
H  108    77                     459.0000000   11.00000  97.6%  51.2    0s
H  135   104                     447.0000000   11.00000  97.5%  53.6    0s
H  190   133                     436.0000000   11.00000  97.5%  48.1    0s
H  237   170                     417.0000000   11.00000  97.4%  51.7    0s
H  315   203                     414.0000000   18.00000  95.7%  49.7    0s
H  445   241                     395.0000000   22.00000  94.4%  48.1    1s
H 1801   384                     392.0000000  143.50000  63.4%  40.8    3s
  2481   529  230.50000   30   68  392.00000  187.00000  52.3%  36.0    5s
  6396   668  312.45062   32   69  392.00000  295.00000  24.7%  27.3   10s

Cutting planes:
  Gomory: 2
  MIR: 1
  Zero half: 5
  RLT: 7
  BQP: 7

Explored 8899 nodes (221219 simplex iterations) in 12.64 seconds (15.52 work units)
Thread count was 1 (of 12 available processors)

Solution count 10: 392 395 414 ... 511

Optimal solution found (tolerance 1.00e-04)
Best objective 3.920000000000e+02, best bound 3.920000000000e+02, gap 0.0000%
392.0
