Set parameter Username
Academic license - for non-commercial use only - expires 2025-08-28
Set parameter Threads to value 1
Set parameter Method to value 4
Gurobi Optimizer version 11.0.0 build v11.0.0rc2 (mac64[arm] - Darwin 23.5.0 23F79)

CPU model: Apple M3 Pro
Thread count: 12 physical cores, 12 logical processors, using up to 1 threads

Optimize a model with 2332 rows, 353 columns and 7003 nonzeros
Model fingerprint: 0x0b18ab64
Variable types: 209 continuous, 144 integer (144 binary)
Coefficient statistics:
  Matrix range     [1e+00, 1e+00]
  Objective range  [1e+01, 3e+02]
  Bounds range     [1e+00, 1e+00]
  RHS range        [1e+00, 2e+00]
Presolve removed 395 rows and 63 columns
Presolve time: 0.01s
Presolved: 1937 rows, 290 columns, 5704 nonzeros
Variable types: 0 continuous, 290 integer (290 binary)
Found heuristic solution: objective 3150.0000000
Found heuristic solution: objective 2988.0000000

Root relaxation: objective 0.000000e+00, 126 iterations, 0.00 seconds (0.00 work units)

    Nodes    |    Current Node    |     Objective Bounds      |     Work
 Expl Unexpl |  Obj  Depth IntInf | Incumbent    BestBd   Gap | It/Node Time

     0     0    0.00000    0   37 2988.00000    0.00000   100%     -    0s
H    0     0                     878.0000000    0.00000   100%     -    0s
H    0     0                     870.0000000    0.00000   100%     -    0s
     0     0    0.00000    0   66  870.00000    0.00000   100%     -    0s
H    0     0                     686.0000000    0.00000   100%     -    0s
H    0     0                     622.0000000    0.00000   100%     -    0s
     0     0    0.00000    0   95  622.00000    0.00000   100%     -    0s
H    0     0                     561.0000000    0.00000   100%     -    0s
     0     0    0.00000    0   94  561.00000    0.00000   100%     -    0s
     0     0    0.00000    0   95  561.00000    0.00000   100%     -    0s
H    0     0                     506.0000000    0.00000   100%     -    0s
H    0     0                     474.0000000    0.00000   100%     -    0s
H    0     0                     426.0000000    0.00000   100%     -    0s
     0     0    0.00000    0   93  426.00000    0.00000   100%     -    0s
     0     0    0.00000    0   67  426.00000    0.00000   100%     -    0s
     0     0    0.00000    0   76  426.00000    0.00000   100%     -    0s
     0     0    0.00000    0   59  426.00000    0.00000   100%     -    0s
     0     0    0.00000    0   58  426.00000    0.00000   100%     -    0s
H    0     0                     362.0000000    0.00000   100%     -    0s
     0     2    0.00000    0   58  362.00000    0.00000   100%     -    0s
*   77    50              18     326.0000000    9.75000  97.0%  46.0    0s
H  106    60                     296.0000000   23.83333  91.9%  43.9    0s
H  158    81                     284.0000000   41.00000  85.6%  42.8    0s
  2552   427  140.66667   25   68  284.00000  137.75000  51.5%  30.2    5s
  6925   223  262.00000   36   46  284.00000  249.00000  12.3%  23.8   10s

Cutting planes:
  Zero half: 13
  RLT: 8
  BQP: 12

Explored 7315 nodes (172500 simplex iterations) in 10.32 seconds (12.19 work units)
Thread count was 1 (of 12 available processors)

Solution count 10: 284 296 326 ... 686

Optimal solution found (tolerance 1.00e-04)
Best objective 2.840000000000e+02, best bound 2.840000000000e+02, gap 0.0000%
284.0
