Set parameter Username
Academic license - for non-commercial use only - expires 2025-08-28
Set parameter Threads to value 1
Set parameter Method to value 4
Gurobi Optimizer version 11.0.0 build v11.0.0rc2 (mac64[arm] - Darwin 23.5.0 23F79)

CPU model: Apple M3 Pro
Thread count: 12 physical cores, 12 logical processors, using up to 1 threads

Optimize a model with 2479 rows, 370 columns and 7445 nonzeros
Model fingerprint: 0x024e31ba
Variable types: 218 continuous, 152 integer (152 binary)
Coefficient statistics:
  Matrix range     [1e+00, 1e+00]
  Objective range  [1e+01, 3e+02]
  Bounds range     [1e+00, 1e+00]
  RHS range        [1e+00, 2e+00]
Presolve removed 413 rows and 65 columns
Presolve time: 0.01s
Presolved: 2066 rows, 305 columns, 6080 nonzeros
Variable types: 0 continuous, 305 integer (305 binary)
Found heuristic solution: objective 3726.0000000
Found heuristic solution: objective 3537.0000000

Root relaxation: objective 0.000000e+00, 222 iterations, 0.00 seconds (0.01 work units)

    Nodes    |    Current Node    |     Objective Bounds      |     Work
 Expl Unexpl |  Obj  Depth IntInf | Incumbent    BestBd   Gap | It/Node Time

     0     0    0.00000    0   68 3537.00000    0.00000   100%     -    0s
H    0     0                    2665.0000000    0.00000   100%     -    0s
H    0     0                    1507.0000000    0.00000   100%     -    0s
H    0     0                    1435.0000000    0.00000   100%     -    0s
H    0     0                    1081.0000000    0.00000   100%     -    0s
     0     0    0.00000    0   77 1081.00000    0.00000   100%     -    0s
H    0     0                    1074.0000000    0.00000   100%     -    0s
H    0     0                    1022.0000000    0.00000   100%     -    0s
     0     0    0.00000    0  106 1022.00000    0.00000   100%     -    0s
H    0     0                     678.0000000    0.00000   100%     -    0s
     0     0    0.00000    0   99  678.00000    0.00000   100%     -    0s
     0     0    0.00000    0   75  678.00000    0.00000   100%     -    0s
H    0     0                     651.0000000    0.00000   100%     -    0s
     0     0    0.00000    0   79  651.00000    0.00000   100%     -    0s
     0     0    0.00000    0   69  651.00000    0.00000   100%     -    0s
     0     0    0.00000    0   69  651.00000    0.00000   100%     -    0s
     0     2    0.00000    0   69  651.00000    0.00000   100%     -    0s
*   51    49              30     387.0000000    0.00000   100%  53.0    0s
H   52    48                     381.0000000    0.00000   100%  52.0    0s
*  128    89              23     368.0000000   60.00000  83.7%  47.4    0s
H  162   109                     357.0000000   60.00000  83.2%  47.2    0s
  2396   547  246.66667   26   62  357.00000  118.00000  66.9%  34.0    5s
  5110  1152  290.15000   29   80  357.00000  123.28000  65.5%  31.3   10s
  9004  1860  315.75000   35   82  357.00000  186.25000  47.8%  27.2   15s
 10551  2090 infeasible   28       357.00000  199.40000  44.1%  26.0   20s
 14606  2562  334.00000   34   33  357.00000  228.00000  36.1%  24.4   25s
 19503  2877  342.00000   35   32  357.00000  254.00000  28.9%  22.7   30s
 24675  2963  288.75000   36   42  357.00000  271.00000  24.1%  21.5   35s
 29863  2924  339.50000   36   29  357.00000  285.00000  20.2%  20.8   40s
 35623  2225  318.95000   35   53  357.00000  302.00000  15.4%  19.8   45s
 41446   997  356.00000   39   12  357.00000  322.00000  9.80%  18.9   50s

Cutting planes:
  Gomory: 4
  Implied bound: 2
  Flow cover: 5
  Zero half: 39
  RLT: 31
  BQP: 20

Explored 43385 nodes (804183 simplex iterations) in 51.76 seconds (63.43 work units)
Thread count was 1 (of 12 available processors)

Solution count 10: 357 368 381 ... 1435

Optimal solution found (tolerance 1.00e-04)
Best objective 3.570000000000e+02, best bound 3.570000000000e+02, gap 0.0000%
357.0
