Set parameter Username
Academic license - for non-commercial use only - expires 2025-08-28
Set parameter Threads to value 1
Set parameter Method to value 4
Gurobi Optimizer version 11.0.0 build v11.0.0rc2 (mac64[arm] - Darwin 23.5.0 23F79)

CPU model: Apple M3 Pro
Thread count: 12 physical cores, 12 logical processors, using up to 1 threads

Optimize a model with 2479 rows, 370 columns and 7445 nonzeros
Model fingerprint: 0x162116f1
Variable types: 218 continuous, 152 integer (152 binary)
Coefficient statistics:
  Matrix range     [1e+00, 1e+00]
  Objective range  [1e+01, 3e+02]
  Bounds range     [1e+00, 1e+00]
  RHS range        [1e+00, 2e+00]
Presolve removed 413 rows and 65 columns
Presolve time: 0.01s
Presolved: 2066 rows, 305 columns, 6080 nonzeros
Variable types: 0 continuous, 305 integer (305 binary)
Found heuristic solution: objective 3768.0000000
Found heuristic solution: objective 3579.0000000

Root relaxation: objective 0.000000e+00, 222 iterations, 0.01 seconds (0.01 work units)

    Nodes    |    Current Node    |     Objective Bounds      |     Work
 Expl Unexpl |  Obj  Depth IntInf | Incumbent    BestBd   Gap | It/Node Time

     0     0    0.00000    0   68 3579.00000    0.00000   100%     -    0s
H    0     0                    2699.0000000    0.00000   100%     -    0s
H    0     0                    1535.0000000    0.00000   100%     -    0s
H    0     0                    1463.0000000    0.00000   100%     -    0s
H    0     0                    1103.0000000    0.00000   100%     -    0s
     0     0    0.00000    0   77 1103.00000    0.00000   100%     -    0s
H    0     0                    1073.0000000    0.00000   100%     -    0s
H    0     0                     898.0000000    0.00000   100%     -    0s
H    0     0                     887.0000000    0.00000   100%     -    0s
     0     0    0.00000    0   64  887.00000    0.00000   100%     -    0s
H    0     0                     807.0000000    0.00000   100%     -    0s
     0     0    0.00000    0   64  807.00000    0.00000   100%     -    0s
     0     0    0.00000    0   94  807.00000    0.00000   100%     -    0s
H    0     0                     731.0000000    0.00000   100%     -    0s
H    0     0                     704.0000000    0.00000   100%     -    0s
H    0     0                     680.0000000    0.00000   100%     -    0s
     0     0    0.00000    0   89  680.00000    0.00000   100%     -    0s
     0     0    0.00000    0   79  680.00000    0.00000   100%     -    0s
H    0     0                     670.0000000    0.00000   100%     -    0s
     0     0    0.00000    0   89  670.00000    0.00000   100%     -    0s
     0     0    0.00000    0  100  670.00000    0.00000   100%     -    0s
     0     0    0.00000    0  100  670.00000    0.00000   100%     -    0s
     0     2    0.00000    0  100  670.00000    0.00000   100%     -    0s
H   27    27                     650.0000000    0.00000   100%  79.4    0s
H   54    46                     635.0000000   13.50000  97.9%  66.9    0s
*   68    55              24     404.0000000   13.50000  96.7%  63.2    0s
*   69    54              24     392.0000000   13.50000  96.6%  62.3    0s
H   81    58                     382.0000000   14.85714  96.1%  59.0    0s
H  439   195                     367.0000000   71.22222  80.6%  42.1    1s
  2409   580  316.50000   33   63  367.00000  154.00000  58.0%  34.9    5s
  5965  1182     cutoff   30       367.00000  243.75000  33.6%  28.8   10s
  9900  1033  315.00000   31   59  367.00000  291.50000  20.6%  26.4   15s

Cutting planes:
  Zero half: 14
  RLT: 5
  BQP: 4

Explored 12569 nodes (312030 simplex iterations) in 17.47 seconds (21.34 work units)
Thread count was 1 (of 12 available processors)

Solution count 10: 367 382 392 ... 731

Optimal solution found (tolerance 1.00e-04)
Best objective 3.670000000000e+02, best bound 3.670000000000e+02, gap 0.0000%
367.0
