Set parameter Username
Academic license - for non-commercial use only - expires 2025-08-28
Set parameter Threads to value 1
Set parameter Method to value 4
Gurobi Optimizer version 11.0.0 build v11.0.0rc2 (mac64[arm] - Darwin 23.5.0 23F79)

CPU model: Apple M3 Pro
Thread count: 12 physical cores, 12 logical processors, using up to 1 threads

Optimize a model with 2626 rows, 387 columns and 7887 nonzeros
Model fingerprint: 0x01381845
Variable types: 227 continuous, 160 integer (160 binary)
Coefficient statistics:
  Matrix range     [1e+00, 1e+00]
  Objective range  [1e+01, 3e+02]
  Bounds range     [1e+00, 1e+00]
  RHS range        [1e+00, 2e+00]
Presolve removed 431 rows and 67 columns
Presolve time: 0.01s
Presolved: 2195 rows, 320 columns, 6456 nonzeros
Variable types: 0 continuous, 320 integer (320 binary)
Found heuristic solution: objective 3409.0000000
Found heuristic solution: objective 3309.0000000

Root relaxation: objective 0.000000e+00, 166 iterations, 0.00 seconds (0.01 work units)

    Nodes    |    Current Node    |     Objective Bounds      |     Work
 Expl Unexpl |  Obj  Depth IntInf | Incumbent    BestBd   Gap | It/Node Time

     0     0    0.00000    0   59 3309.00000    0.00000   100%     -    0s
H    0     0                    3063.0000000    0.00000   100%     -    0s
H    0     0                    2390.0000000    0.00000   100%     -    0s
     0     0    0.00000    0  105 2390.00000    0.00000   100%     -    0s
H    0     0                    1599.0000000    0.00000   100%     -    0s
H    0     0                    1243.0000000    0.00000   100%     -    0s
H    0     0                     864.0000000    0.00000   100%     -    0s
     0     0    0.00000    0  110  864.00000    0.00000   100%     -    0s
     0     0    0.00000    0  101  864.00000    0.00000   100%     -    0s
H    0     0                     859.0000000    0.00000   100%     -    0s
     0     0    0.00000    0  103  859.00000    0.00000   100%     -    0s
     0     0    0.00000    0   86  859.00000    0.00000   100%     -    0s
H    0     0                     691.0000000    0.00000   100%     -    0s
     0     0    0.00000    0   76  691.00000    0.00000   100%     -    0s
     0     0    0.00000    0   88  691.00000    0.00000   100%     -    0s
H    0     0                     566.0000000    0.00000   100%     -    0s
     0     0    0.00000    0   81  566.00000    0.00000   100%     -    0s
     0     0    0.00000    0  102  566.00000    0.00000   100%     -    0s
     0     0    0.00000    0  102  566.00000    0.00000   100%     -    0s
H    0     0                     512.0000000    0.00000   100%     -    0s
H    0     0                     499.0000000    0.00000   100%     -    0s
H    0     0                     439.0000000    0.00000   100%     -    0s
     0     2    0.00000    0  101  439.00000    0.00000   100%     -    0s
*  128    94              24     433.0000000   23.00000  94.7%  49.5    0s
H  214   131                     429.0000000   23.00000  94.6%  50.6    0s
H  372   190                     415.0000000   26.00000  93.7%  44.0    1s
H  380   195                     400.0000000   28.00000  93.0%  43.6    1s
  2131   506  261.63760   29  114  400.00000  142.00000  64.5%  37.3    5s
  5151   979  359.16667   35   79  400.00000  248.00000  38.0%  31.0   10s
  9043   909  363.73913   39  138  400.00000  308.00000  23.0%  27.9   15s

Cutting planes:
  Gomory: 4
  MIR: 1
  Zero half: 5
  RLT: 5
  BQP: 14

Explored 12081 nodes (315784 simplex iterations) in 18.41 seconds (21.64 work units)
Thread count was 1 (of 12 available processors)

Solution count 10: 400 415 429 ... 859

Optimal solution found (tolerance 1.00e-04)
Best objective 4.000000000000e+02, best bound 4.000000000000e+02, gap 0.0000%
400.0
