Set parameter Username
Academic license - for non-commercial use only - expires 2025-08-28
Set parameter Threads to value 1
Set parameter Method to value 4
Gurobi Optimizer version 11.0.0 build v11.0.0rc2 (mac64[arm] - Darwin 23.5.0 23F79)

CPU model: Apple M3 Pro
Thread count: 12 physical cores, 12 logical processors, using up to 1 threads

Optimize a model with 2626 rows, 387 columns and 7887 nonzeros
Model fingerprint: 0x23ea1ad0
Variable types: 227 continuous, 160 integer (160 binary)
Coefficient statistics:
  Matrix range     [1e+00, 1e+00]
  Objective range  [1e+01, 3e+02]
  Bounds range     [1e+00, 1e+00]
  RHS range        [1e+00, 2e+00]
Presolve removed 431 rows and 67 columns
Presolve time: 0.01s
Presolved: 2195 rows, 320 columns, 6456 nonzeros
Variable types: 0 continuous, 320 integer (320 binary)
Found heuristic solution: objective 3435.0000000
Found heuristic solution: objective 3327.0000000

Root relaxation: objective 0.000000e+00, 166 iterations, 0.00 seconds (0.01 work units)

    Nodes    |    Current Node    |     Objective Bounds      |     Work
 Expl Unexpl |  Obj  Depth IntInf | Incumbent    BestBd   Gap | It/Node Time

     0     0    0.00000    0   59 3327.00000    0.00000   100%     -    0s
H    0     0                    3090.0000000    0.00000   100%     -    0s
H    0     0                    2394.0000000    0.00000   100%     -    0s
     0     0    0.00000    0  105 2394.00000    0.00000   100%     -    0s
H    0     0                    1625.0000000    0.00000   100%     -    0s
H    0     0                    1458.0000000    0.00000   100%     -    0s
H    0     0                    1363.0000000    0.00000   100%     -    0s
     0     0    0.00000    0  110 1363.00000    0.00000   100%     -    0s
     0     0    0.00000    0   78 1363.00000    0.00000   100%     -    0s
H    0     0                    1115.0000000    0.00000   100%     -    0s
H    0     0                     995.0000000    0.00000   100%     -    0s
H    0     0                     679.0000000    0.00000   100%     -    0s
     0     0    0.00000    0   81  679.00000    0.00000   100%     -    0s
     0     0    0.00000    0   97  679.00000    0.00000   100%     -    0s
H    0     0                     642.0000000    0.00000   100%     -    0s
     0     0    0.00000    0   97  642.00000    0.00000   100%     -    0s
     0     0    0.00000    0   73  642.00000    0.00000   100%     -    0s
     0     0    0.00000    0   73  642.00000    0.00000   100%     -    0s
H    0     0                     544.0000000    0.00000   100%     -    0s
     0     2    0.00000    0   73  544.00000    0.00000   100%     -    0s
H  139    85                     444.0000000    6.00000  98.6%  52.2    0s
*  142    85              21     411.0000000    6.00000  98.5%  51.9    0s
H  316   155                     409.0000000   27.00000  93.4%  46.8    0s
  2301   561  183.75000   28   83  409.00000  124.83333  69.5%  38.2    5s
  5836  1187     cutoff   35       409.00000  232.33333  43.2%  29.2   10s
 10023  1443  331.00000   36   50  409.00000  285.04167  30.3%  25.7   15s
 11883  1396  399.50000   34   69  409.00000  306.00000  25.2%  25.1   20s
 16733   525 infeasible   30       409.00000  364.66667  10.8%  23.6   25s

Cutting planes:
  Gomory: 3
  MIR: 2
  Flow cover: 3
  Zero half: 30
  RLT: 11
  BQP: 12

Explored 17875 nodes (408794 simplex iterations) in 25.89 seconds (33.20 work units)
Thread count was 1 (of 12 available processors)

Solution count 10: 409 411 444 ... 1458

Optimal solution found (tolerance 1.00e-04)
Best objective 4.090000000000e+02, best bound 4.090000000000e+02, gap 0.0000%
409.0
