Set parameter Username
Academic license - for non-commercial use only - expires 2025-08-28
Set parameter Threads to value 1
Set parameter Method to value 4
Gurobi Optimizer version 11.0.0 build v11.0.0rc2 (mac64[arm] - Darwin 23.5.0 23F79)

CPU model: Apple M3 Pro
Thread count: 12 physical cores, 12 logical processors, using up to 1 threads

Optimize a model with 2479 rows, 370 columns and 7445 nonzeros
Model fingerprint: 0x07ba8ec7
Variable types: 218 continuous, 152 integer (152 binary)
Coefficient statistics:
  Matrix range     [1e+00, 1e+00]
  Objective range  [1e+01, 3e+02]
  Bounds range     [1e+00, 1e+00]
  RHS range        [1e+00, 2e+00]
Presolve removed 413 rows and 65 columns
Presolve time: 0.01s
Presolved: 2066 rows, 305 columns, 6080 nonzeros
Variable types: 0 continuous, 305 integer (305 binary)
Found heuristic solution: objective 3192.0000000
Found heuristic solution: objective 3030.0000000

Root relaxation: objective 0.000000e+00, 145 iterations, 0.00 seconds (0.01 work units)

    Nodes    |    Current Node    |     Objective Bounds      |     Work
 Expl Unexpl |  Obj  Depth IntInf | Incumbent    BestBd   Gap | It/Node Time

     0     0    0.00000    0   36 3030.00000    0.00000   100%     -    0s
H    0     0                     968.0000000    0.00000   100%     -    0s
H    0     0                     931.0000000    0.00000   100%     -    0s
     0     0    0.00000    0   70  931.00000    0.00000   100%     -    0s
H    0     0                     819.0000000    0.00000   100%     -    0s
H    0     0                     627.0000000    0.00000   100%     -    0s
     0     0    0.00000    0   89  627.00000    0.00000   100%     -    0s
H    0     0                     580.0000000    0.00000   100%     -    0s
     0     0    0.00000    0   74  580.00000    0.00000   100%     -    0s
     0     0    0.00000    0   65  580.00000    0.00000   100%     -    0s
H    0     0                     498.0000000    0.00000   100%     -    0s
H    0     0                     375.0000000    0.00000   100%     -    0s
     0     0    0.00000    0   75  375.00000    0.00000   100%     -    0s
     0     0    0.00000    0   63  375.00000    0.00000   100%     -    0s
     0     0    0.00000    0   58  375.00000    0.00000   100%     -    0s
     0     0    0.00000    0   54  375.00000    0.00000   100%     -    0s
     0     0    0.00000    0   54  375.00000    0.00000   100%     -    0s
     0     2    0.00000    0   54  375.00000    0.00000   100%     -    0s
H   31    15                     315.0000000   10.00000  96.8%  45.4    0s
H   59    35                     304.0000000   10.00000  96.7%  52.7    0s
*  238   105              24     303.0000000   19.04167  93.7%  42.2    0s
H  717   263                     291.0000000   36.00000  87.6%  35.4    1s
  2955   148  264.66667   25   51  291.00000  250.00000  14.1%  25.5    5s

Cutting planes:
  Inf proof: 1
  Zero half: 6
  RLT: 10
  BQP: 12

Explored 3360 nodes (83470 simplex iterations) in 5.42 seconds (6.36 work units)
Thread count was 1 (of 12 available processors)

Solution count 10: 291 303 304 ... 931

Optimal solution found (tolerance 1.00e-04)
Best objective 2.910000000000e+02, best bound 2.910000000000e+02, gap 0.0000%
291.0
