Set parameter Username
Academic license - for non-commercial use only - expires 2025-08-28
Set parameter Threads to value 1
Set parameter Method to value 4
Gurobi Optimizer version 11.0.0 build v11.0.0rc2 (mac64[arm] - Darwin 23.5.0 23F79)

CPU model: Apple M3 Pro
Thread count: 12 physical cores, 12 logical processors, using up to 1 threads

Optimize a model with 2626 rows, 387 columns and 7887 nonzeros
Model fingerprint: 0xf80b63fa
Variable types: 227 continuous, 160 integer (160 binary)
Coefficient statistics:
  Matrix range     [1e+00, 1e+00]
  Objective range  [1e+01, 3e+02]
  Bounds range     [1e+00, 1e+00]
  RHS range        [1e+00, 2e+00]
Presolve removed 431 rows and 67 columns
Presolve time: 0.01s
Presolved: 2195 rows, 320 columns, 6456 nonzeros
Variable types: 0 continuous, 320 integer (320 binary)
Found heuristic solution: objective 3391.0000000
Found heuristic solution: objective 3285.0000000

Root relaxation: objective 0.000000e+00, 166 iterations, 0.00 seconds (0.01 work units)

    Nodes    |    Current Node    |     Objective Bounds      |     Work
 Expl Unexpl |  Obj  Depth IntInf | Incumbent    BestBd   Gap | It/Node Time

     0     0    0.00000    0   59 3285.00000    0.00000   100%     -    0s
H    0     0                    3048.0000000    0.00000   100%     -    0s
H    0     0                    2366.0000000    0.00000   100%     -    0s
     0     0    0.00000    0  105 2366.00000    0.00000   100%     -    0s
H    0     0                    1584.0000000    0.00000   100%     -    0s
H    0     0                    1531.0000000    0.00000   100%     -    0s
H    0     0                    1070.0000000    0.00000   100%     -    0s
     0     0    0.00000    0  110 1070.00000    0.00000   100%     -    0s
     0     0    0.00000    0   85 1070.00000    0.00000   100%     -    0s
H    0     0                     960.0000000    0.00000   100%     -    0s
H    0     0                     790.0000000    0.00000   100%     -    0s
H    0     0                     705.0000000    0.00000   100%     -    0s
     0     0    0.00000    0   85  705.00000    0.00000   100%     -    0s
     0     0    0.00000    0   72  705.00000    0.00000   100%     -    0s
H    0     0                     683.0000000    0.00000   100%     -    0s
H    0     0                     609.0000000    0.00000   100%     -    0s
     0     0    0.00000    0   71  609.00000    0.00000   100%     -    0s
     0     0    0.00000    0   89  609.00000    0.00000   100%     -    0s
     0     0    0.00000    0   89  609.00000    0.00000   100%     -    0s
H    0     0                     524.0000000    0.00000   100%     -    0s
H    0     0                     508.0000000    0.00000   100%     -    0s
     0     2    0.00000    0   88  508.00000    0.00000   100%     -    0s
H   29    29                     467.0000000    0.00000   100%  86.0    0s
*   32    32              19     419.0000000    0.00000   100%  81.2    0s
H  312   180                     407.0000000   27.00000  93.4%  57.1    0s
H 1561   438                     406.0000000   69.00000  83.0%  42.0    3s
H 1671   420                     392.0000000   74.25000  81.1%  41.3    3s
  2437   593  208.50000   29   75  392.00000  101.71111  74.1%  37.5    5s
  5795  1448  387.00000   37   19  392.00000  186.50000  52.4%  31.2   10s
  9486  2151     cutoff   33       392.00000  234.50000  40.2%  28.8   15s
 10244  2280  366.32360   42  114  392.00000  239.50000  38.9%  28.8   20s

Cutting planes:
  Cover: 1
  Implied bound: 6
  MIR: 1
  Flow cover: 19
  Zero half: 40
  RLT: 6
  BQP: 10

Explored 12806 nodes (365876 simplex iterations) in 24.21 seconds (30.32 work units)
Thread count was 1 (of 12 available processors)

Solution count 10: 392 406 407 ... 705

Optimal solution found (tolerance 1.00e-04)
Best objective 3.920000000000e+02, best bound 3.920000000000e+02, gap 0.0000%
392.0
