Set parameter Username
Academic license - for non-commercial use only - expires 2025-08-28
Set parameter Threads to value 1
Set parameter Method to value 4
Gurobi Optimizer version 11.0.0 build v11.0.0rc2 (mac64[arm] - Darwin 23.5.0 23F79)

CPU model: Apple M3 Pro
Thread count: 12 physical cores, 12 logical processors, using up to 1 threads

Optimize a model with 2479 rows, 370 columns and 7445 nonzeros
Model fingerprint: 0xbf1c09e0
Variable types: 218 continuous, 152 integer (152 binary)
Coefficient statistics:
  Matrix range     [1e+00, 1e+00]
  Objective range  [1e+01, 3e+02]
  Bounds range     [1e+00, 1e+00]
  RHS range        [1e+00, 2e+00]
Presolve removed 413 rows and 65 columns
Presolve time: 0.01s
Presolved: 2066 rows, 305 columns, 6080 nonzeros
Variable types: 0 continuous, 305 integer (305 binary)
Found heuristic solution: objective 3705.0000000
Found heuristic solution: objective 3516.0000000

Root relaxation: objective 0.000000e+00, 222 iterations, 0.00 seconds (0.01 work units)

    Nodes    |    Current Node    |     Objective Bounds      |     Work
 Expl Unexpl |  Obj  Depth IntInf | Incumbent    BestBd   Gap | It/Node Time

     0     0    0.00000    0   68 3516.00000    0.00000   100%     -    0s
H    0     0                    2642.0000000    0.00000   100%     -    0s
H    0     0                    1486.0000000    0.00000   100%     -    0s
H    0     0                    1414.0000000    0.00000   100%     -    0s
H    0     0                    1054.0000000    0.00000   100%     -    0s
     0     0    0.00000    0   77 1054.00000    0.00000   100%     -    0s
H    0     0                     943.0000000    0.00000   100%     -    0s
H    0     0                     762.0000000    0.00000   100%     -    0s
     0     0    0.00000    0   88  762.00000    0.00000   100%     -    0s
H    0     0                     595.0000000    0.00000   100%     -    0s
H    0     0                     546.0000000    0.00000   100%     -    0s
     0     0    0.00000    0   84  546.00000    0.00000   100%     -    0s
     0     0    0.00000    0   67  546.00000    0.00000   100%     -    0s
     0     0    0.00000    0   72  546.00000    0.00000   100%     -    0s
     0     0    0.00000    0   66  546.00000    0.00000   100%     -    0s
     0     0    0.00000    0   63  546.00000    0.00000   100%     -    0s
     0     0    0.00000    0   89  546.00000    0.00000   100%     -    0s
     0     0    0.00000    0   89  546.00000    0.00000   100%     -    0s
H    0     0                     486.0000000    0.00000   100%     -    0s
     0     2    0.00000    0   77  486.00000    0.00000   100%     -    0s
H   27    16                     474.0000000    0.00000   100%  54.9    0s
*   80    55              33     355.0000000    2.00000  99.4%  40.0    0s
H  421   211                     340.0000000   37.00000  89.1%  44.6    1s
  2306   435  123.00000   19   79  340.00000   90.00000  73.5%  36.7    5s
  5744   819  322.66667   25   34  340.00000  223.50000  34.3%  31.8   10s

Cutting planes:
  Zero half: 9
  RLT: 6
  BQP: 7

Explored 10003 nodes (273481 simplex iterations) in 14.98 seconds (18.22 work units)
Thread count was 1 (of 12 available processors)

Solution count 10: 340 355 474 ... 1414

Optimal solution found (tolerance 1.00e-04)
Best objective 3.400000000000e+02, best bound 3.400000000000e+02, gap 0.0000%
340.0
