Set parameter Username
Academic license - for non-commercial use only - expires 2025-08-28
Set parameter Threads to value 1
Set parameter Method to value 4
Gurobi Optimizer version 11.0.0 build v11.0.0rc2 (mac64[arm] - Darwin 23.5.0 23F79)

CPU model: Apple M3 Pro
Thread count: 12 physical cores, 12 logical processors, using up to 1 threads

Optimize a model with 2479 rows, 370 columns and 7445 nonzeros
Model fingerprint: 0x5e8a282b
Variable types: 218 continuous, 152 integer (152 binary)
Coefficient statistics:
  Matrix range     [1e+00, 1e+00]
  Objective range  [1e+01, 3e+02]
  Bounds range     [1e+00, 1e+00]
  RHS range        [1e+00, 2e+00]
Presolve removed 413 rows and 65 columns
Presolve time: 0.01s
Presolved: 2066 rows, 305 columns, 6080 nonzeros
Variable types: 0 continuous, 305 integer (305 binary)
Found heuristic solution: objective 3197.0000000
Found heuristic solution: objective 3029.0000000

Root relaxation: objective 0.000000e+00, 145 iterations, 0.00 seconds (0.01 work units)

    Nodes    |    Current Node    |     Objective Bounds      |     Work
 Expl Unexpl |  Obj  Depth IntInf | Incumbent    BestBd   Gap | It/Node Time

     0     0    0.00000    0   36 3029.00000    0.00000   100%     -    0s
H    0     0                     966.0000000    0.00000   100%     -    0s
H    0     0                     929.0000000    0.00000   100%     -    0s
     0     0    0.00000    0   70  929.00000    0.00000   100%     -    0s
H    0     0                     518.0000000    0.00000   100%     -    0s
     0     0    0.00000    0   82  518.00000    0.00000   100%     -    0s
H    0     0                     456.0000000    0.00000   100%     -    0s
     0     0    0.00000    0   80  456.00000    0.00000   100%     -    0s
     0     0    0.00000    0   54  456.00000    0.00000   100%     -    0s
     0     0    0.00000    0   71  456.00000    0.00000   100%     -    0s
     0     0    0.00000    0   78  456.00000    0.00000   100%     -    0s
     0     0    0.00000    0   78  456.00000    0.00000   100%     -    0s
     0     2    0.00000    0   65  456.00000    0.00000   100%     -    0s
*   35    29              19     324.0000000   10.00000  96.9%  50.7    0s
*  113    76              22     300.0000000   21.00000  93.0%  38.5    0s
H  607   240                     290.0000000   67.33333  76.8%  33.2    1s
  2869   361     cutoff   25       290.00000  180.00000  37.9%  28.3    5s

Cutting planes:
  RLT: 7
  BQP: 9

Explored 5072 nodes (123617 simplex iterations) in 7.33 seconds (8.78 work units)
Thread count was 1 (of 12 available processors)

Solution count 9: 290 300 324 ... 3197

Optimal solution found (tolerance 1.00e-04)
Best objective 2.900000000000e+02, best bound 2.900000000000e+02, gap 0.0000%
290.0
