Set parameter Username
Academic license - for non-commercial use only - expires 2025-08-28
Set parameter Threads to value 1
Set parameter Method to value 4
Gurobi Optimizer version 11.0.0 build v11.0.0rc2 (mac64[arm] - Darwin 23.5.0 23F79)

CPU model: Apple M3 Pro
Thread count: 12 physical cores, 12 logical processors, using up to 1 threads

Optimize a model with 2947 rows, 423 columns and 8859 nonzeros
Model fingerprint: 0x66fcabfb
Variable types: 252 continuous, 171 integer (171 binary)
Coefficient statistics:
  Matrix range     [1e+00, 1e+00]
  Objective range  [1e+01, 3e+02]
  Bounds range     [1e+00, 1e+00]
  RHS range        [1e+00, 2e+00]
Presolve removed 498 rows and 75 columns
Presolve time: 0.01s
Presolved: 2449 rows, 348 columns, 7218 nonzeros
Variable types: 0 continuous, 348 integer (348 binary)
Found heuristic solution: objective 3227.0000000
Found heuristic solution: objective 3059.0000000

Root relaxation: objective 0.000000e+00, 166 iterations, 0.00 seconds (0.01 work units)

    Nodes    |    Current Node    |     Objective Bounds      |     Work
 Expl Unexpl |  Obj  Depth IntInf | Incumbent    BestBd   Gap | It/Node Time

     0     0    0.00000    0   41 3059.00000    0.00000   100%     -    0s
H    0     0                    2097.0000000    0.00000   100%     -    0s
H    0     0                    1102.0000000    0.00000   100%     -    0s
     0     0    0.00000    0   81 1102.00000    0.00000   100%     -    0s
H    0     0                     955.0000000    0.00000   100%     -    0s
     0     0    0.00000    0   69  955.00000    0.00000   100%     -    0s
H    0     0                     813.0000000    0.00000   100%     -    0s
H    0     0                     753.0000000    0.00000   100%     -    0s
     0     0    0.00000    0   94  753.00000    0.00000   100%     -    0s
     0     0    0.00000    0  108  753.00000    0.00000   100%     -    0s
H    0     0                     736.0000000    0.00000   100%     -    0s
H    0     0                     647.0000000    0.00000   100%     -    0s
H    0     0                     621.0000000    0.00000   100%     -    0s
H    0     0                     524.0000000    0.00000   100%     -    0s
     0     0    0.00000    0  108  524.00000    0.00000   100%     -    0s
     0     0    0.00000    0   71  524.00000    0.00000   100%     -    0s
H    0     0                     479.0000000    0.00000   100%     -    0s
     0     0    0.00000    0   94  479.00000    0.00000   100%     -    0s
     0     0    0.00000    0   65  479.00000    0.00000   100%     -    0s
     0     0    0.00000    0   65  479.00000    0.00000   100%     -    0s
H    0     0                     390.0000000    0.00000   100%     -    0s
     0     2    0.00000    0   65  390.00000    0.00000   100%     -    0s
*   27    19              18     359.0000000   10.00000  97.2%  68.8    0s
*   83    54              20     354.0000000   10.00000  97.2%  52.0    0s
H  140    83                     311.0000000   13.11111  95.8%  43.1    0s
H  186   100                     298.0000000   13.50000  95.5%  37.8    0s
  2276   477  278.00000   28   56  298.00000   97.00000  67.4%  27.8    5s
  5548  1441  262.93750   31   41  298.00000  154.50000  48.2%  23.2   10s
  8868  1949  231.00000   35   51  298.00000  180.66667  39.4%  22.9   15s
 10203  2011  263.00000   33   65  298.00000  190.00000  36.2%  22.7   20s
 12309  1937  293.50000   49   16  298.00000  196.33333  34.1%  21.7   25s
 17166   406     cutoff   42       298.00000  274.50000  7.89%  20.5   30s

Cutting planes:
  Gomory: 4
  Implied bound: 6
  Flow cover: 2
  Zero half: 14
  RLT: 14
  BQP: 4

Explored 17930 nodes (393684 simplex iterations) in 30.62 seconds (37.30 work units)
Thread count was 1 (of 12 available processors)

Solution count 10: 298 311 354 ... 736

Optimal solution found (tolerance 1.00e-04)
Best objective 2.980000000000e+02, best bound 2.980000000000e+02, gap 0.0000%
298.0
