Set parameter Username
Academic license - for non-commercial use only - expires 2025-08-28
Set parameter Threads to value 1
Set parameter Method to value 4
Gurobi Optimizer version 11.0.0 build v11.0.0rc2 (mac64[arm] - Darwin 23.5.0 23F79)

CPU model: Apple M3 Pro
Thread count: 12 physical cores, 12 logical processors, using up to 1 threads

Optimize a model with 2947 rows, 423 columns and 8859 nonzeros
Model fingerprint: 0xe3c4d4c9
Variable types: 252 continuous, 171 integer (171 binary)
Coefficient statistics:
  Matrix range     [1e+00, 1e+00]
  Objective range  [1e+01, 3e+02]
  Bounds range     [1e+00, 1e+00]
  RHS range        [1e+00, 2e+00]
Presolve removed 498 rows and 75 columns
Presolve time: 0.01s
Presolved: 2449 rows, 348 columns, 7218 nonzeros
Variable types: 0 continuous, 348 integer (348 binary)
Found heuristic solution: objective 3215.0000000
Found heuristic solution: objective 3053.0000000

Root relaxation: objective 0.000000e+00, 166 iterations, 0.00 seconds (0.01 work units)

    Nodes    |    Current Node    |     Objective Bounds      |     Work
 Expl Unexpl |  Obj  Depth IntInf | Incumbent    BestBd   Gap | It/Node Time

     0     0    0.00000    0   41 3053.00000    0.00000   100%     -    0s
H    0     0                    2083.0000000    0.00000   100%     -    0s
H    0     0                    1097.0000000    0.00000   100%     -    0s
     0     0    0.00000    0   81 1097.00000    0.00000   100%     -    0s
H    0     0                     950.0000000    0.00000   100%     -    0s
     0     0    0.00000    0   69  950.00000    0.00000   100%     -    0s
H    0     0                     814.0000000    0.00000   100%     -    0s
     0     0    0.00000    0   81  814.00000    0.00000   100%     -    0s
     0     0    0.00000    0  113  814.00000    0.00000   100%     -    0s
H    0     0                     471.0000000    0.00000   100%     -    0s
H    0     0                     395.0000000    0.00000   100%     -    0s
     0     0    0.00000    0  110  395.00000    0.00000   100%     -    0s
     0     0    0.00000    0   69  395.00000    0.00000   100%     -    0s
     0     0    0.00000    0   74  395.00000    0.00000   100%     -    0s
     0     0    0.00000    0   55  395.00000    0.00000   100%     -    0s
     0     0    0.00000    0   55  395.00000    0.00000   100%     -    0s
     0     2    0.00000    0   55  395.00000    0.00000   100%     -    0s
*   72    54              26     393.0000000   13.00000  96.7%  48.2    0s
H   81    54                     318.0000000   13.00000  95.9%  49.0    0s
H  156   105                     305.0000000   13.00000  95.7%  41.8    0s
H  599   348                     296.0000000   23.00000  92.2%  36.8    1s
  2091   527     cutoff   24       296.00000  143.20000  51.6%  30.1    5s
  5246  1130  207.33333   28   47  296.00000  184.00000  37.8%  25.3   10s
  9067  1460     cutoff   32       296.00000  215.50000  27.2%  23.2   15s
 10624  1462  253.50000   32   97  296.00000  225.00000  24.0%  22.3   20s
 13054  1329     cutoff   38       296.00000  225.00000  24.0%  24.7   25s
 16951  1023  225.35714   41   59  296.00000  225.00000  24.0%  25.2   30s
 22893   585  287.00000   44   33  296.00000  260.00000  12.2%  23.0   35s

Cutting planes:
  Gomory: 4
  Cover: 1
  Implied bound: 6
  Flow cover: 6
  Zero half: 66
  RLT: 20
  BQP: 7

Explored 24538 nodes (547894 simplex iterations) in 36.09 seconds (49.91 work units)
Thread count was 1 (of 12 available processors)

Solution count 10: 296 296 305 ... 1097

Optimal solution found (tolerance 1.00e-04)
Best objective 2.960000000000e+02, best bound 2.960000000000e+02, gap 0.0000%
296.0
