Set parameter Username
Academic license - for non-commercial use only - expires 2025-08-28
Set parameter Threads to value 1
Set parameter Method to value 4
Gurobi Optimizer version 11.0.0 build v11.0.0rc2 (mac64[arm] - Darwin 23.5.0 23F79)

CPU model: Apple M3 Pro
Thread count: 12 physical cores, 12 logical processors, using up to 1 threads

Optimize a model with 2947 rows, 423 columns and 8859 nonzeros
Model fingerprint: 0x68023e6f
Variable types: 252 continuous, 171 integer (171 binary)
Coefficient statistics:
  Matrix range     [1e+00, 1e+00]
  Objective range  [1e+01, 3e+02]
  Bounds range     [1e+00, 1e+00]
  RHS range        [1e+00, 2e+00]
Presolve removed 498 rows and 75 columns
Presolve time: 0.01s
Presolved: 2449 rows, 348 columns, 7218 nonzeros
Variable types: 0 continuous, 348 integer (348 binary)
Found heuristic solution: objective 3222.0000000
Found heuristic solution: objective 3060.0000000

Root relaxation: objective 0.000000e+00, 166 iterations, 0.00 seconds (0.01 work units)

    Nodes    |    Current Node    |     Objective Bounds      |     Work
 Expl Unexpl |  Obj  Depth IntInf | Incumbent    BestBd   Gap | It/Node Time

     0     0    0.00000    0   41 3060.00000    0.00000   100%     -    0s
H    0     0                    2090.0000000    0.00000   100%     -    0s
H    0     0                    1098.0000000    0.00000   100%     -    0s
     0     0    0.00000    0   81 1098.00000    0.00000   100%     -    0s
H    0     0                     950.0000000    0.00000   100%     -    0s
     0     0    0.00000    0   69  950.00000    0.00000   100%     -    0s
H    0     0                     815.0000000    0.00000   100%     -    0s
H    0     0                     682.0000000    0.00000   100%     -    0s
H    0     0                     670.0000000    0.00000   100%     -    0s
     0     0    0.00000    0   94  670.00000    0.00000   100%     -    0s
     0     0    0.00000    0   83  670.00000    0.00000   100%     -    0s
H    0     0                     612.0000000    0.00000   100%     -    0s
H    0     0                     591.0000000    0.00000   100%     -    0s
     0     0    0.00000    0   83  591.00000    0.00000   100%     -    0s
     0     0    0.00000    0   88  591.00000    0.00000   100%     -    0s
     0     0    0.00000    0   88  591.00000    0.00000   100%     -    0s
H    0     0                     555.0000000    0.00000   100%     -    0s
     0     2    0.00000    0   88  555.00000    0.00000   100%     -    0s
H   26    24                     369.0000000   10.00000  97.3%  61.0    0s
H   54    40                     323.0000000   10.00000  96.9%  52.2    0s
H  470   285                     311.0000000   23.00000  92.6%  40.5    1s
H  762   392                     301.0000000   34.00000  88.7%  36.4    2s

Cutting planes:
  Zero half: 2
  RLT: 3
  BQP: 8

Explored 2468 nodes (62821 simplex iterations) in 4.98 seconds (5.92 work units)
Thread count was 1 (of 12 available processors)

Solution count 10: 301 311 323 ... 815

Optimal solution found (tolerance 1.00e-04)
Best objective 3.010000000000e+02, best bound 3.010000000000e+02, gap 0.0000%
301.0
