Set parameter Username
Academic license - for non-commercial use only - expires 2025-08-28
Set parameter Threads to value 1
Set parameter Method to value 4
Gurobi Optimizer version 11.0.0 build v11.0.0rc2 (mac64[arm] - Darwin 23.5.0 23F79)

CPU model: Apple M3 Pro
Thread count: 12 physical cores, 12 logical processors, using up to 1 threads

Optimize a model with 3113 rows, 441 columns and 9357 nonzeros
Model fingerprint: 0xc8bbe76c
Variable types: 261 continuous, 180 integer (180 binary)
Coefficient statistics:
  Matrix range     [1e+00, 1e+00]
  Objective range  [1e+01, 3e+02]
  Bounds range     [1e+00, 1e+00]
  RHS range        [1e+00, 2e+00]
Presolve removed 528 rows and 78 columns
Presolve time: 0.01s
Presolved: 2585 rows, 363 columns, 7605 nonzeros
Variable types: 0 continuous, 363 integer (363 binary)
Found heuristic solution: objective 3786.0000000
Found heuristic solution: objective 3597.0000000

Root relaxation: objective 0.000000e+00, 149 iterations, 0.00 seconds (0.01 work units)

    Nodes    |    Current Node    |     Objective Bounds      |     Work
 Expl Unexpl |  Obj  Depth IntInf | Incumbent    BestBd   Gap | It/Node Time

     0     0    0.00000    0   44 3597.00000    0.00000   100%     -    0s
H    0     0                    2407.0000000    0.00000   100%     -    0s
H    0     0                    2355.0000000    0.00000   100%     -    0s
H    0     0                    2319.0000000    0.00000   100%     -    0s
H    0     0                    2208.0000000    0.00000   100%     -    0s
     0     0    0.00000    0   79 2208.00000    0.00000   100%     -    0s
H    0     0                    1955.0000000    0.00000   100%     -    0s
H    0     0                    1683.0000000    0.00000   100%     -    0s
     0     0    0.00000    0  106 1683.00000    0.00000   100%     -    0s
H    0     0                    1378.0000000    0.00000   100%     -    0s
H    0     0                    1062.0000000    0.00000   100%     -    0s
     0     0    0.00000    0  101 1062.00000    0.00000   100%     -    0s
     0     0    0.00000    0   72 1062.00000    0.00000   100%     -    0s
H    0     0                     904.0000000    0.00000   100%     -    0s
H    0     0                     712.0000000    0.00000   100%     -    0s
     0     0    0.00000    0   85  712.00000    0.00000   100%     -    0s
     0     0    0.00000    0   85  712.00000    0.00000   100%     -    0s
H    0     0                     546.0000000    0.00000   100%     -    0s
H    0     0                     500.0000000    0.00000   100%     -    0s
     0     2    0.00000    0   76  500.00000    0.00000   100%     -    0s
H   27    25                     434.0000000    0.00000   100%  84.7    0s
H  260   155                     433.0000000   16.16959  96.3%  54.7    1s
H  314   179                     429.0000000   16.70000  96.1%  53.7    1s
H  352   210                     428.0000000   17.11765  96.0%  54.4    1s
H  359   212                     400.0000000   17.11765  95.7%  54.0    1s
H  445   232                     386.0000000   27.00000  93.0%  52.1    1s
  1602   464  273.66667   27   83  386.00000  124.60000  67.7%  45.8    5s
  3673   741  347.00000   29   54  386.00000  213.00000  44.8%  35.6   10s
  6082   781  318.57143   20   73  386.00000  268.58333  30.4%  32.0   15s
  9000   415  349.85000   30   74  386.00000  324.00000  16.1%  29.7   20s

Cutting planes:
  MIR: 1
  Zero half: 5
  RLT: 4
  BQP: 6

Explored 10114 nodes (286607 simplex iterations) in 21.63 seconds (26.56 work units)
Thread count was 1 (of 12 available processors)

Solution count 10: 386 400 428 ... 904

Optimal solution found (tolerance 1.00e-04)
Best objective 3.860000000000e+02, best bound 3.860000000000e+02, gap 0.0000%
386.0
