Set parameter Username
Academic license - for non-commercial use only - expires 2025-08-28
Set parameter Threads to value 1
Set parameter Method to value 4
Gurobi Optimizer version 11.0.0 build v11.0.0rc2 (mac64[arm] - Darwin 23.5.0 23F79)

CPU model: Apple M3 Pro
Thread count: 12 physical cores, 12 logical processors, using up to 1 threads

Optimize a model with 3278 rows, 459 columns and 9854 nonzeros
Model fingerprint: 0xafe178db
Variable types: 270 continuous, 189 integer (189 binary)
Coefficient statistics:
  Matrix range     [1e+00, 1e+00]
  Objective range  [1e+01, 3e+02]
  Bounds range     [1e+00, 1e+00]
  RHS range        [1e+00, 2e+00]
Presolve removed 548 rows and 80 columns
Presolve time: 0.01s
Presolved: 2730 rows, 379 columns, 8028 nonzeros
Variable types: 0 continuous, 379 integer (379 binary)
Found heuristic solution: objective 3884.0000000
Found heuristic solution: objective 3695.0000000

Root relaxation: objective 0.000000e+00, 161 iterations, 0.01 seconds (0.01 work units)

    Nodes    |    Current Node    |     Objective Bounds      |     Work
 Expl Unexpl |  Obj  Depth IntInf | Incumbent    BestBd   Gap | It/Node Time

     0     0    0.00000    0   42 3695.00000    0.00000   100%     -    0s
H    0     0                    3457.0000000    0.00000   100%     -    0s
H    0     0                    1672.0000000    0.00000   100%     -    0s
H    0     0                    1600.0000000    0.00000   100%     -    0s
H    0     0                    1378.0000000    0.00000   100%     -    0s
     0     0    0.00000    0   88 1378.00000    0.00000   100%     -    0s
H    0     0                    1246.0000000    0.00000   100%     -    0s
H    0     0                    1178.0000000    0.00000   100%     -    0s
H    0     0                    1008.0000000    0.00000   100%     -    0s
     0     0    0.00000    0   78 1008.00000    0.00000   100%     -    0s
     0     0    0.00000    0   49 1008.00000    0.00000   100%     -    0s
H    0     0                     837.0000000    0.00000   100%     -    0s
H    0     0                     825.0000000    0.00000   100%     -    0s
H    0     0                     727.0000000    0.00000   100%     -    0s
H    0     0                     641.0000000    0.00000   100%     -    0s
     0     0    0.00000    0   47  641.00000    0.00000   100%     -    0s
     0     0    0.00000    0  105  641.00000    0.00000   100%     -    0s
     0     0    0.00000    0   83  641.00000    0.00000   100%     -    0s
H    0     0                     631.0000000    0.00000   100%     -    0s
     0     2    0.00000    0   83  631.00000    0.00000   100%     -    0s
H   28    24                     619.0000000   11.00000  98.2%  52.8    0s
H   48    34                     564.0000000   11.00000  98.0%  47.2    0s
H   52    38                     536.0000000   11.00000  97.9%  49.8    0s
H  249   147                     492.0000000   15.50000  96.8%  51.4    0s
H  260   151                     476.0000000   15.50000  96.7%  50.6    1s
H  261   148                     454.0000000   15.50000  96.6%  50.5    1s
*  266   147              27     440.0000000   15.50000  96.5%  50.6    1s
H  582   290                     436.0000000   39.00000  91.1%  48.3    1s
H  690   335                     425.0000000   39.00000  90.8%  47.9    2s
H  752   355                     414.0000000   39.00000  90.6%  48.7    2s
  1700   476  340.00000   26   61  414.00000   96.00000  76.8%  43.3    5s
  3831  1171  186.00000   23   83  414.00000  159.50000  61.5%  36.6   10s
  6093  1857  386.80000   38  108  414.00000  189.75000  54.2%  34.2   15s
  8812  2551  360.75000   37   61  414.00000  216.66667  47.7%  32.2   20s
 10202  2795  343.66667   37   75  414.00000  228.33333  44.8%  31.9   26s
 11775  3024     cutoff   31       414.00000  239.00000  42.3%  32.1   30s
 14111  3236     cutoff   35       414.00000  253.60000  38.7%  32.4   35s
 16609  3458     cutoff   35       414.00000  270.46307  34.7%  32.7   40s
 18883  3534  330.00000   25   75  414.00000  284.00000  31.4%  32.7   45s
 21855  3489  341.25000   32   67  414.00000  299.00000  27.8%  32.6   50s
 24999  3289  374.25000   37   89  414.00000  313.51515  24.3%  32.5   55s
 28358  2832  407.71429   29   48  414.00000  328.00000  20.8%  32.3   60s
 32098  2043  406.92308   34  100  414.00000  346.00000  16.4%  32.1   65s

Cutting planes:
  Implied bound: 4
  MIR: 2
  Flow cover: 19
  Zero half: 35
  RLT: 24
  BQP: 24

Explored 36464 nodes (1142572 simplex iterations) in 69.85 seconds (87.63 work units)
Thread count was 1 (of 12 available processors)

Solution count 10: 414 414 425 ... 564

Optimal solution found (tolerance 1.00e-04)
Best objective 4.140000000000e+02, best bound 4.140000000000e+02, gap 0.0000%
414.0
