Set parameter Username
Academic license - for non-commercial use only - expires 2025-08-28
Set parameter Threads to value 1
Set parameter Method to value 4
Gurobi Optimizer version 11.0.0 build v11.0.0rc2 (mac64[arm] - Darwin 23.5.0 23F79)

CPU model: Apple M3 Pro
Thread count: 12 physical cores, 12 logical processors, using up to 1 threads

Optimize a model with 3112 rows, 441 columns and 9356 nonzeros
Model fingerprint: 0xe56aa029
Variable types: 261 continuous, 180 integer (180 binary)
Coefficient statistics:
  Matrix range     [1e+00, 1e+00]
  Objective range  [1e+01, 3e+02]
  Bounds range     [1e+00, 1e+00]
  RHS range        [1e+00, 2e+00]
Presolve removed 518 rows and 77 columns
Presolve time: 0.01s
Presolved: 2594 rows, 364 columns, 7641 nonzeros
Variable types: 0 continuous, 364 integer (364 binary)
Found heuristic solution: objective 3824.0000000
Found heuristic solution: objective 3635.0000000

Root relaxation: objective 0.000000e+00, 149 iterations, 0.00 seconds (0.01 work units)

    Nodes    |    Current Node    |     Objective Bounds      |     Work
 Expl Unexpl |  Obj  Depth IntInf | Incumbent    BestBd   Gap | It/Node Time

     0     0    0.00000    0   43 3635.00000    0.00000   100%     -    0s
H    0     0                    2327.0000000    0.00000   100%     -    0s
H    0     0                    1313.0000000    0.00000   100%     -    0s
H    0     0                    1252.0000000    0.00000   100%     -    0s
     0     0    0.00000    0   78 1252.00000    0.00000   100%     -    0s
H    0     0                    1248.0000000    0.00000   100%     -    0s
H    0     0                    1193.0000000    0.00000   100%     -    0s
     0     0    0.00000    0   84 1193.00000    0.00000   100%     -    0s
H    0     0                    1068.0000000    0.00000   100%     -    0s
H    0     0                    1031.0000000    0.00000   100%     -    0s
     0     0    0.00000    0   98 1031.00000    0.00000   100%     -    0s
     0     0    0.00000    0   84 1031.00000    0.00000   100%     -    0s
H    0     0                     922.0000000    0.00000   100%     -    0s
H    0     0                     769.0000000    0.00000   100%     -    0s
     0     0    0.00000    0   86  769.00000    0.00000   100%     -    0s
     0     0    0.00000    0  105  769.00000    0.00000   100%     -    0s
H    0     0                     709.0000000    0.00000   100%     -    0s
     0     0    0.00000    0  117  709.00000    0.00000   100%     -    0s
     0     0    0.00000    0   63  709.00000    0.00000   100%     -    0s
     0     0    0.00000    0   63  709.00000    0.00000   100%     -    0s
H    0     0                     574.0000000    0.00000   100%     -    0s
H    0     0                     538.0000000    0.00000   100%     -    0s
     0     2    0.00000    0   56  538.00000    0.00000   100%     -    0s
H  172   125                     497.0000000   12.00000  97.6%  56.6    0s
*  177   130              28     482.0000000   12.00000  97.5%  56.0    0s
H  271   179                     448.0000000   12.00000  97.3%  50.0    1s
H  274   182                     447.0000000   12.00000  97.3%  49.7    1s
*  281   179              41     399.0000000   12.00000  97.0%  49.0    1s

Cutting planes:
  Zero half: 11
  RLT: 13
  BQP: 13

Explored 1820 nodes (62819 simplex iterations) in 4.82 seconds (5.72 work units)
Thread count was 1 (of 12 available processors)

Solution count 10: 399 447 448 ... 922

Optimal solution found (tolerance 1.00e-04)
Best objective 3.990000000000e+02, best bound 3.990000000000e+02, gap 0.0000%
399.0
