Set parameter Username
Academic license - for non-commercial use only - expires 2025-08-28
Set parameter Threads to value 1
Set parameter Method to value 4
Gurobi Optimizer version 11.0.0 build v11.0.0rc2 (mac64[arm] - Darwin 23.5.0 23F79)

CPU model: Apple M3 Pro
Thread count: 12 physical cores, 12 logical processors, using up to 1 threads

Optimize a model with 3278 rows, 459 columns and 9854 nonzeros
Model fingerprint: 0x26984db1
Variable types: 270 continuous, 189 integer (189 binary)
Coefficient statistics:
  Matrix range     [1e+00, 1e+00]
  Objective range  [1e+01, 3e+02]
  Bounds range     [1e+00, 1e+00]
  RHS range        [1e+00, 2e+00]
Presolve removed 548 rows and 80 columns
Presolve time: 0.01s
Presolved: 2730 rows, 379 columns, 8028 nonzeros
Variable types: 0 continuous, 379 integer (379 binary)
Found heuristic solution: objective 3898.0000000
Found heuristic solution: objective 3709.0000000

Root relaxation: objective 0.000000e+00, 161 iterations, 0.00 seconds (0.01 work units)

    Nodes    |    Current Node    |     Objective Bounds      |     Work
 Expl Unexpl |  Obj  Depth IntInf | Incumbent    BestBd   Gap | It/Node Time

     0     0    0.00000    0   42 3709.00000    0.00000   100%     -    0s
H    0     0                    3471.0000000    0.00000   100%     -    0s
H    0     0                    1686.0000000    0.00000   100%     -    0s
H    0     0                    1614.0000000    0.00000   100%     -    0s
H    0     0                    1392.0000000    0.00000   100%     -    0s
     0     0    0.00000    0   88 1392.00000    0.00000   100%     -    0s
H    0     0                    1256.0000000    0.00000   100%     -    0s
H    0     0                    1071.0000000    0.00000   100%     -    0s
     0     0    0.00000    0  118 1071.00000    0.00000   100%     -    0s
H    0     0                     842.0000000    0.00000   100%     -    0s
H    0     0                     693.0000000    0.00000   100%     -    0s
     0     0    0.00000    0  110  693.00000    0.00000   100%     -    0s
     0     0    0.00000    0  110  693.00000    0.00000   100%     -    0s
H    0     0                     680.0000000    0.00000   100%     -    0s
H    0     0                     574.0000000    0.00000   100%     -    0s
     0     0    0.00000    0  116  574.00000    0.00000   100%     -    0s
     0     0    0.00000    0   72  574.00000    0.00000   100%     -    0s
     0     0    0.00000    0   53  574.00000    0.00000   100%     -    0s
     0     0    0.00000    0  102  574.00000    0.00000   100%     -    0s
     0     0    0.00000    0  102  574.00000    0.00000   100%     -    0s
H    0     0                     482.0000000    0.00000   100%     -    0s
     0     2    0.00000    0  102  482.00000    0.00000   100%     -    0s
H   52    40                     462.0000000    0.00000   100%  42.2    0s
H  165   101                     461.0000000    0.00000   100%  52.0    0s
H  209   122                     446.0000000    0.00000   100%  49.6    0s
H  235   131                     430.0000000    0.00000   100%  48.9    1s
H  392   214                     417.0000000    2.15385  99.5%  57.3    1s
  1564   578  160.85714   31  105  417.00000   32.83333  92.1%  49.8    5s
  3479  1209  142.86667   29  103  417.00000   92.00000  77.9%  42.8   10s
  5249  1755  181.50000   33   84  417.00000  167.00000  60.0%  32.5   15s
  7554  1491  368.66667   38   62  417.00000  304.00000  27.1%  32.3   20s
 11132   304  409.50000   30   16  417.00000  391.00000  6.24%  28.6   25s

Cutting planes:
  RLT: 2
  BQP: 2

Explored 11759 nodes (369378 simplex iterations) in 25.79 seconds (30.91 work units)
Thread count was 1 (of 12 available processors)

Solution count 10: 417 430 446 ... 842

Optimal solution found (tolerance 1.00e-04)
Best objective 4.170000000000e+02, best bound 4.170000000000e+02, gap 0.0000%
417.0
