Set parameter Username
Academic license - for non-commercial use only - expires 2025-08-28
Set parameter Threads to value 1
Set parameter Method to value 4
Gurobi Optimizer version 11.0.0 build v11.0.0rc2 (mac64[arm] - Darwin 23.5.0 23F79)

CPU model: Apple M3 Pro
Thread count: 12 physical cores, 12 logical processors, using up to 1 threads

Optimize a model with 2947 rows, 423 columns and 8859 nonzeros
Model fingerprint: 0xbff20718
Variable types: 252 continuous, 171 integer (171 binary)
Coefficient statistics:
  Matrix range     [1e+00, 1e+00]
  Objective range  [1e+01, 3e+02]
  Bounds range     [1e+00, 1e+00]
  RHS range        [1e+00, 2e+00]
Presolve removed 498 rows and 75 columns
Presolve time: 0.01s
Presolved: 2449 rows, 348 columns, 7218 nonzeros
Variable types: 0 continuous, 348 integer (348 binary)
Found heuristic solution: objective 2077.0000000
Found heuristic solution: objective 1170.0000000

Root relaxation: objective 0.000000e+00, 188 iterations, 0.00 seconds (0.01 work units)

    Nodes    |    Current Node    |     Objective Bounds      |     Work
 Expl Unexpl |  Obj  Depth IntInf | Incumbent    BestBd   Gap | It/Node Time

     0     0    0.00000    0   43 1170.00000    0.00000   100%     -    0s
H    0     0                    1126.0000000    0.00000   100%     -    0s
     0     0    0.00000    0  106 1126.00000    0.00000   100%     -    0s
H    0     0                     887.0000000    0.00000   100%     -    0s
     0     0    0.00000    0   77  887.00000    0.00000   100%     -    0s
H    0     0                     811.0000000    0.00000   100%     -    0s
H    0     0                     530.0000000    0.00000   100%     -    0s
     0     0    0.00000    0   79  530.00000    0.00000   100%     -    0s
     0     0    0.00000    0  104  530.00000    0.00000   100%     -    0s
H    0     0                     471.0000000    0.00000   100%     -    0s
     0     0    0.00000    0  103  471.00000    0.00000   100%     -    0s
     0     0    0.00000    0   99  471.00000    0.00000   100%     -    0s
H    0     0                     458.0000000    0.00000   100%     -    0s
     0     0    0.00000    0   95  458.00000    0.00000   100%     -    0s
     0     0    0.00000    0   78  458.00000    0.00000   100%     -    0s
     0     0    0.00000    0   78  458.00000    0.00000   100%     -    0s
     0     2    0.00000    0   78  458.00000    0.00000   100%     -    0s
*   69    58              26     416.0000000   12.00000  97.1%  59.2    0s
*   71    58              27     412.0000000   12.00000  97.1%  57.8    0s
*   72    54              28     394.0000000   12.00000  97.0%  57.1    0s
H  125    87                     373.0000000   25.50000  93.2%  51.8    0s
H  276   140                     357.0000000   48.00000  86.6%  46.7    0s
  1858   511  277.50000   36   31  357.00000   75.50000  78.9%  38.6    5s
  4106  1073  281.81818   37  100  357.00000   75.50000  78.9%  33.4   10s
  6789  2005  167.00000   28   77  357.00000   98.00000  72.5%  30.3   15s
  9758  2851 infeasible   41       357.00000  127.33333  64.3%  28.0   20s
 10211  2924  309.25000   30  117  357.00000  133.00000  62.7%  28.0   25s
 11403  3097  133.00000   39   94  357.00000  133.00000  62.7%  30.3   30s
 13785  3194  213.00000   37   51  357.00000  133.00000  62.7%  31.0   35s
 16338  3360 infeasible   45       357.00000  133.00000  62.7%  31.1   40s
 18911  3421  275.66667   43   97  357.00000  133.00000  62.7%  31.1   45s
 20551  3814  133.00000   46   63  357.00000  133.00000  62.7%  31.5   50s
 22008  4075  309.00000   56   26  357.00000  133.00000  62.7%  32.0   55s
 24544  4380  312.66667   56   46  357.00000  133.00000  62.7%  32.1   60s
 27155  4435  252.00000   54   53  357.00000  133.25000  62.7%  31.9   65s
 30129  4509  294.33333   65   74  357.00000  151.00000  57.7%  31.6   70s
 33051  4859  192.00000   48   98  357.00000  164.00000  54.1%  31.3   75s
 36240  5889  336.05263   53  137  357.00000  177.20000  50.4%  31.0   80s
 39798  6896  327.66667   61   51  357.00000  186.91667  47.6%  30.6   85s
 43290  7797  344.27778   72  100  357.00000  194.75000  45.4%  30.3   90s
 47027  8623     cutoff   57       357.00000  202.00000  43.4%  30.0   95s
 50982  9480  297.50000   60   83  357.00000  209.00000  41.5%  29.8  100s
 55077 10223  243.00000   62   83  357.00000  216.41905  39.4%  29.6  105s
 59744 11118  258.00000   52   44  357.00000  222.50000  37.7%  29.3  110s
 64535 11762  310.00000   60   53  357.00000  229.00000  35.9%  29.0  115s
 68987 12329  250.76667   59  107  357.00000  234.00000  34.5%  28.8  120s
 73290 12779     cutoff   62       357.00000  238.75000  33.1%  28.6  125s
 77763 13042     cutoff   68       357.00000  244.00000  31.7%  28.4  130s
 82495 13366     cutoff   60       357.00000  249.00000  30.3%  28.2  135s
 87341 13500  306.50000   55  112  357.00000  253.85714  28.9%  28.0  140s
 92088 13593 infeasible   62       357.00000  258.00000  27.7%  27.8  145s
 96804 13514  282.78571   52   67  357.00000  262.75000  26.4%  27.6  150s
 101772 13247     cutoff   61       357.00000  267.50000  25.1%  27.5  155s
 106601 13006 infeasible   68       357.00000  272.00000  23.8%  27.4  160s
 112055 12709  334.47619   59   94  357.00000  277.13750  22.4%  27.1  165s
 117842 12299  291.38889   67  107  357.00000  282.13333  21.0%  26.7  170s
 123844 11731  355.20000   66   68  357.00000  287.66667  19.4%  26.3  175s
 129784 10983  325.00000   77   54  357.00000  293.00000  17.9%  25.9  180s
 136055  9847  335.97321   63   98  357.00000  299.80000  16.0%  25.6  185s
 142458  8534  348.50000   68   92  357.00000  306.66667  14.1%  25.1  190s
 148774  6334  344.16667   55   84  357.00000  316.00000  11.5%  24.7  195s
 155466  3211  335.11111   53   92  357.00000  328.66667  7.94%  24.3  200s

Cutting planes:
  Gomory: 7
  Implied bound: 2
  Flow cover: 3
  Zero half: 10
  RLT: 12
  BQP: 4

Explored 160208 nodes (3814719 simplex iterations) in 203.02 seconds (291.74 work units)
Thread count was 1 (of 12 available processors)

Solution count 10: 357 373 394 ... 887

Optimal solution found (tolerance 1.00e-04)
Best objective 3.570000000000e+02, best bound 3.570000000000e+02, gap 0.0000%
357.0
