Set parameter Username
Academic license - for non-commercial use only - expires 2025-08-28
Set parameter Threads to value 1
Set parameter Method to value 4
Gurobi Optimizer version 11.0.0 build v11.0.0rc2 (mac64[arm] - Darwin 23.5.0 23F79)

CPU model: Apple M3 Pro
Thread count: 12 physical cores, 12 logical processors, using up to 1 threads

Optimize a model with 2947 rows, 423 columns and 8859 nonzeros
Model fingerprint: 0x6073300f
Variable types: 252 continuous, 171 integer (171 binary)
Coefficient statistics:
  Matrix range     [1e+00, 1e+00]
  Objective range  [1e+01, 3e+02]
  Bounds range     [1e+00, 1e+00]
  RHS range        [1e+00, 2e+00]
Presolve removed 498 rows and 75 columns
Presolve time: 0.01s
Presolved: 2449 rows, 348 columns, 7218 nonzeros
Variable types: 0 continuous, 348 integer (348 binary)
Found heuristic solution: objective 3192.0000000
Found heuristic solution: objective 3030.0000000

Root relaxation: objective 0.000000e+00, 166 iterations, 0.00 seconds (0.01 work units)

    Nodes    |    Current Node    |     Objective Bounds      |     Work
 Expl Unexpl |  Obj  Depth IntInf | Incumbent    BestBd   Gap | It/Node Time

     0     0    0.00000    0   41 3030.00000    0.00000   100%     -    0s
H    0     0                    2072.0000000    0.00000   100%     -    0s
H    0     0                    1083.0000000    0.00000   100%     -    0s
     0     0    0.00000    0   81 1083.00000    0.00000   100%     -    0s
H    0     0                     938.0000000    0.00000   100%     -    0s
     0     0    0.00000    0   69  938.00000    0.00000   100%     -    0s
H    0     0                     801.0000000    0.00000   100%     -    0s
H    0     0                     710.0000000    0.00000   100%     -    0s
H    0     0                     695.0000000    0.00000   100%     -    0s
     0     0    0.00000    0   98  695.00000    0.00000   100%     -    0s
     0     0    0.00000    0   64  695.00000    0.00000   100%     -    0s
H    0     0                     606.0000000    0.00000   100%     -    0s
H    0     0                     569.0000000    0.00000   100%     -    0s
     0     0    0.00000    0   86  569.00000    0.00000   100%     -    0s
H    0     0                     362.0000000    0.00000   100%     -    0s
     0     0    0.00000    0   87  362.00000    0.00000   100%     -    0s
     0     0    0.00000    0   71  362.00000    0.00000   100%     -    0s
     0     0    0.00000    0   71  362.00000    0.00000   100%     -    0s
H    0     0                     338.0000000    0.00000   100%     -    0s
     0     2    0.00000    0   71  338.00000    0.00000   100%     -    0s
*   29    20              17     323.0000000   10.00000  96.9%  61.1    0s
H   79    48                     311.0000000   21.00000  93.2%  55.9    0s
H  251   107                     291.0000000   34.00000  88.3%  45.6    0s
  2298   545  209.80000   35   71  291.00000  139.83333  51.9%  31.8    5s
  5251  1191  214.66667   23   52  291.00000  171.00000  41.2%  26.9   10s
  8529  1411  235.12245   31   84  291.00000  198.50000  31.8%  25.7   15s
 10240  1459  230.00000   36   71  291.00000  209.50000  28.0%  25.2   20s
 12131  1193     cutoff   43       291.00000  227.25000  21.9%  22.7   25s

Cutting planes:
  Gomory: 7
  Implied bound: 5
  Flow cover: 17
  Zero half: 29
  RLT: 12
  BQP: 12

Explored 13553 nodes (339989 simplex iterations) in 26.62 seconds (31.99 work units)
Thread count was 1 (of 12 available processors)

Solution count 10: 291 311 323 ... 801

Optimal solution found (tolerance 1.00e-04)
Best objective 2.910000000000e+02, best bound 2.910000000000e+02, gap 0.0000%
291.0
