Set parameter Username
Academic license - for non-commercial use only - expires 2025-08-28
Set parameter Threads to value 1
Set parameter Method to value 4
Gurobi Optimizer version 11.0.0 build v11.0.0rc2 (mac64[arm] - Darwin 23.5.0 23F79)

CPU model: Apple M3 Pro
Thread count: 12 physical cores, 12 logical processors, using up to 1 threads

Optimize a model with 3112 rows, 441 columns and 9356 nonzeros
Model fingerprint: 0x992f67f8
Variable types: 261 continuous, 180 integer (180 binary)
Coefficient statistics:
  Matrix range     [1e+00, 1e+00]
  Objective range  [1e+01, 3e+02]
  Bounds range     [1e+00, 1e+00]
  RHS range        [1e+00, 2e+00]
Presolve removed 663 rows and 93 columns
Presolve time: 0.01s
Presolved: 2449 rows, 348 columns, 7218 nonzeros
Variable types: 0 continuous, 348 integer (348 binary)
Found heuristic solution: objective 3796.0000000
Found heuristic solution: objective 3272.0000000

Root relaxation: objective 0.000000e+00, 177 iterations, 0.00 seconds (0.01 work units)

    Nodes    |    Current Node    |     Objective Bounds      |     Work
 Expl Unexpl |  Obj  Depth IntInf | Incumbent    BestBd   Gap | It/Node Time

     0     0    0.00000    0   43 3272.00000    0.00000   100%     -    0s
H    0     0                    1750.0000000    0.00000   100%     -    0s
H    0     0                    1167.0000000    0.00000   100%     -    0s
H    0     0                    1083.0000000    0.00000   100%     -    0s
     0     0    0.00000    0   89 1083.00000    0.00000   100%     -    0s
H    0     0                     796.0000000    0.00000   100%     -    0s
     0     0    0.00000    0   95  796.00000    0.00000   100%     -    0s
H    0     0                     743.0000000    0.00000   100%     -    0s
H    0     0                     699.0000000    0.00000   100%     -    0s
     0     0    0.00000    0   94  699.00000    0.00000   100%     -    0s
H    0     0                     550.0000000    0.00000   100%     -    0s
     0     0    0.00000    0   93  550.00000    0.00000   100%     -    0s
     0     0    0.00000    0  100  550.00000    0.00000   100%     -    0s
     0     0    0.00000    0   98  550.00000    0.00000   100%     -    0s
H    0     0                     514.0000000    0.00000   100%     -    0s
     0     2    0.00000    0   98  514.00000    0.00000   100%     -    0s
H  111    76                     495.0000000   10.00000  98.0%  46.1    0s
H  138    85                     465.0000000   11.00000  97.6%  43.1    0s
H  157    96                     434.0000000   11.00000  97.5%  43.8    0s
H  165   104                     433.0000000   11.00000  97.5%  46.3    0s
H  192   121                     421.0000000   17.00000  96.0%  45.3    0s
H  314   177                     410.0000000   23.00000  94.4%  43.2    0s
H  358   193                     378.0000000   23.00000  93.9%  42.7    1s
  1913   469  220.87500   26  112  378.00000  122.66667  67.5%  34.4    5s
  4625  1141  255.50000   28   68  378.00000  200.00000  47.1%  27.9   10s
  7794  1585  366.00000   26   63  378.00000  245.33333  35.1%  25.8   15s
 10202  1763  322.82381   32   99  378.00000  265.00000  29.9%  25.1   22s
 12177  1721  345.00699   36   69  378.00000  279.00000  26.2%  25.3   25s
 15467  1413  375.00000   31   63  378.00000  302.00000  20.1%  25.6   30s
 19312   409  350.00000   30   65  378.00000  340.01471  10.0%  24.9   35s

Cutting planes:
  Gomory: 3
  Implied bound: 5
  MIR: 1
  Flow cover: 21
  Zero half: 35
  RLT: 18
  BQP: 12

Explored 19962 nodes (492247 simplex iterations) in 35.74 seconds (43.21 work units)
Thread count was 1 (of 12 available processors)

Solution count 10: 378 410 421 ... 699

Optimal solution found (tolerance 1.00e-04)
Best objective 3.780000000000e+02, best bound 3.780000000000e+02, gap 0.0000%
378.0
