Set parameter Username
Academic license - for non-commercial use only - expires 2025-08-28
Set parameter Threads to value 1
Set parameter Method to value 4
Gurobi Optimizer version 11.0.0 build v11.0.0rc2 (mac64[arm] - Darwin 23.5.0 23F79)

CPU model: Apple M3 Pro
Thread count: 12 physical cores, 12 logical processors, using up to 1 threads

Optimize a model with 3112 rows, 441 columns and 9356 nonzeros
Model fingerprint: 0x9a7e4e09
Variable types: 261 continuous, 180 integer (180 binary)
Coefficient statistics:
  Matrix range     [1e+00, 1e+00]
  Objective range  [1e+01, 3e+02]
  Bounds range     [1e+00, 1e+00]
  RHS range        [1e+00, 2e+00]
Presolve removed 518 rows and 77 columns
Presolve time: 0.01s
Presolved: 2594 rows, 364 columns, 7641 nonzeros
Variable types: 0 continuous, 364 integer (364 binary)
Found heuristic solution: objective 3838.0000000
Found heuristic solution: objective 3649.0000000

Root relaxation: objective 0.000000e+00, 149 iterations, 0.00 seconds (0.01 work units)

    Nodes    |    Current Node    |     Objective Bounds      |     Work
 Expl Unexpl |  Obj  Depth IntInf | Incumbent    BestBd   Gap | It/Node Time

     0     0    0.00000    0   43 3649.00000    0.00000   100%     -    0s
H    0     0                    2331.0000000    0.00000   100%     -    0s
H    0     0                    1321.0000000    0.00000   100%     -    0s
H    0     0                    1280.0000000    0.00000   100%     -    0s
     0     0    0.00000    0   78 1280.00000    0.00000   100%     -    0s
H    0     0                    1246.0000000    0.00000   100%     -    0s
     0     0    0.00000    0   63 1246.00000    0.00000   100%     -    0s
H    0     0                    1013.0000000    0.00000   100%     -    0s
     0     0    0.00000    0   61 1013.00000    0.00000   100%     -    0s
     0     0    0.00000    0  130 1013.00000    0.00000   100%     -    0s
H    0     0                     970.0000000    0.00000   100%     -    0s
H    0     0                     799.0000000    0.00000   100%     -    0s
     0     0    0.00000    0  130  799.00000    0.00000   100%     -    0s
     0     0    0.54545    0  125  799.00000    0.54545   100%     -    0s
H    0     0                     714.0000000    0.54545   100%     -    0s
H    0     0                     702.0000000    0.54545   100%     -    0s
     0     0    0.54545    0  128  702.00000    0.54545   100%     -    0s
     0     0    1.50000    0  124  702.00000    1.50000   100%     -    0s
     0     0    1.50000    0  128  702.00000    1.50000   100%     -    0s
     0     0    1.50000    0  128  702.00000    1.50000   100%     -    0s
     0     0    1.50000    0  105  702.00000    1.50000   100%     -    0s
     0     0    1.50000    0  113  702.00000    1.50000   100%     -    0s
H    0     0                     677.0000000    1.50000   100%     -    0s
     0     0    1.50000    0  119  677.00000    1.50000   100%     -    0s
     0     0    1.50000    0  125  677.00000    1.50000   100%     -    0s
     0     0    1.50000    0  123  677.00000    1.50000   100%     -    0s
     0     0    1.50000    0  128  677.00000    1.50000   100%     -    0s
     0     0    1.50000    0  107  677.00000    1.50000   100%     -    0s
H    0     0                     619.0000000   12.00000  98.1%     -    0s
     0     2   12.00000    0  107  619.00000   12.00000  98.1%     -    0s
*   46    41              26     516.0000000   12.00000  97.7%  44.0    0s
H  108    73                     482.0000000   12.00000  97.5%  42.9    0s
H  340   176                     462.0000000   28.00000  93.9%  49.9    1s
H  348   184                     460.0000000   28.00000  93.9%  50.5    1s
H  366   195                     448.0000000   28.00000  93.8%  49.8    1s
H  435   248                     435.0000000   28.00000  93.6%  53.6    1s
H  462   263                     423.0000000   28.50000  93.3%  53.6    1s
H  471   269                     409.0000000   28.50000  93.0%  53.3    1s
H  499   288                     407.0000000   28.50000  93.0%  52.6    1s
  1687   296     cutoff   25       407.00000  280.00000  31.2%  41.7    5s

Cutting planes:
  MIR: 7
  Zero half: 11
  RLT: 9
  BQP: 8

Explored 2751 nodes (99933 simplex iterations) in 7.08 seconds (8.71 work units)
Thread count was 1 (of 12 available processors)

Solution count 10: 407 409 423 ... 619

Optimal solution found (tolerance 1.00e-04)
Best objective 4.070000000000e+02, best bound 4.070000000000e+02, gap 0.0000%
407.0
