Set parameter Username
Academic license - for non-commercial use only - expires 2025-08-28
Set parameter Threads to value 1
Set parameter Method to value 4
Gurobi Optimizer version 11.0.0 build v11.0.0rc2 (mac64[arm] - Darwin 23.5.0 23F79)

CPU model: Apple M3 Pro
Thread count: 12 physical cores, 12 logical processors, using up to 1 threads

Optimize a model with 2947 rows, 423 columns and 8859 nonzeros
Model fingerprint: 0x50cba61e
Variable types: 252 continuous, 171 integer (171 binary)
Coefficient statistics:
  Matrix range     [1e+00, 1e+00]
  Objective range  [1e+01, 3e+02]
  Bounds range     [1e+00, 1e+00]
  RHS range        [1e+00, 2e+00]
Presolve removed 498 rows and 75 columns
Presolve time: 0.01s
Presolved: 2449 rows, 348 columns, 7218 nonzeros
Variable types: 0 continuous, 348 integer (348 binary)
Found heuristic solution: objective 2074.0000000
Found heuristic solution: objective 1176.0000000

Root relaxation: objective 0.000000e+00, 188 iterations, 0.00 seconds (0.01 work units)

    Nodes    |    Current Node    |     Objective Bounds      |     Work
 Expl Unexpl |  Obj  Depth IntInf | Incumbent    BestBd   Gap | It/Node Time

     0     0    0.00000    0   43 1176.00000    0.00000   100%     -    0s
H    0     0                    1127.0000000    0.00000   100%     -    0s
     0     0    0.00000    0  106 1127.00000    0.00000   100%     -    0s
H    0     0                     942.0000000    0.00000   100%     -    0s
     0     0    0.00000    0   78  942.00000    0.00000   100%     -    0s
H    0     0                     899.0000000    0.00000   100%     -    0s
H    0     0                     846.0000000    0.00000   100%     -    0s
     0     0    0.00000    0   89  846.00000    0.00000   100%     -    0s
     0     0    0.00000    0   59  846.00000    0.00000   100%     -    0s
H    0     0                     677.0000000    0.00000   100%     -    0s
H    0     0                     641.0000000    0.00000   100%     -    0s
     0     0    0.00000    0  111  641.00000    0.00000   100%     -    0s
     0     0    0.00000    0   59  641.00000    0.00000   100%     -    0s
     0     0    0.00000    0   59  641.00000    0.00000   100%     -    0s
     0     2    0.00000    0   59  641.00000    0.00000   100%     -    0s
H   27    24                     523.0000000    0.00000   100%  84.3    0s
H   52    44                     499.0000000    0.00000   100%  80.4    0s
H   54    46                     484.0000000    0.00000   100%  79.4    0s
H   81    66                     454.0000000    0.00000   100%  66.7    0s
H  182   130                     451.0000000    0.00000   100%  62.1    0s
H  208   145                     416.0000000    0.00000   100%  61.2    0s
H  218   152                     387.0000000    0.00000   100%  62.4    0s
H  394   234                     373.0000000    2.79536  99.3%  57.2    1s
H  550   330                     372.0000000    3.42857  99.1%  51.9    1s
H  684   396                     359.0000000   37.00000  89.7%  52.8    2s
  1608   477  306.50000   32   71  359.00000  144.00000  59.9%  41.7    5s
  3534   894  338.75000   22   59  359.00000  200.00000  44.3%  32.9   10s
  5972  1300 infeasible   30       359.00000  239.00000  33.4%  29.7   15s
  8816  1381  270.25000   29   73  359.00000  268.00000  25.3%  28.6   20s
 12356   953  329.22222   26   69  359.00000  304.00000  15.3%  27.0   25s

Cutting planes:
  Inf proof: 3
  Zero half: 4
  RLT: 4
  BQP: 2

Explored 14665 nodes (372062 simplex iterations) in 28.14 seconds (32.36 work units)
Thread count was 1 (of 12 available processors)

Solution count 10: 359 372 373 ... 523

Optimal solution found (tolerance 1.00e-04)
Best objective 3.590000000000e+02, best bound 3.590000000000e+02, gap 0.0000%
359.0
