Set parameter Username
Academic license - for non-commercial use only - expires 2025-08-28
Set parameter Threads to value 1
Set parameter Method to value 4
Gurobi Optimizer version 11.0.0 build v11.0.0rc2 (mac64[arm] - Darwin 23.5.0 23F79)

CPU model: Apple M3 Pro
Thread count: 12 physical cores, 12 logical processors, using up to 1 threads

Optimize a model with 3112 rows, 441 columns and 9356 nonzeros
Model fingerprint: 0x97cc799b
Variable types: 261 continuous, 180 integer (180 binary)
Coefficient statistics:
  Matrix range     [1e+00, 1e+00]
  Objective range  [1e+01, 3e+02]
  Bounds range     [1e+00, 1e+00]
  RHS range        [1e+00, 2e+00]
Presolve removed 518 rows and 77 columns
Presolve time: 0.01s
Presolved: 2594 rows, 364 columns, 7641 nonzeros
Variable types: 0 continuous, 364 integer (364 binary)
Found heuristic solution: objective 3823.0000000
Found heuristic solution: objective 3634.0000000

Root relaxation: objective 0.000000e+00, 149 iterations, 0.00 seconds (0.01 work units)

    Nodes    |    Current Node    |     Objective Bounds      |     Work
 Expl Unexpl |  Obj  Depth IntInf | Incumbent    BestBd   Gap | It/Node Time

     0     0    0.00000    0   43 3634.00000    0.00000   100%     -    0s
H    0     0                    2320.0000000    0.00000   100%     -    0s
H    0     0                    1326.0000000    0.00000   100%     -    0s
H    0     0                    1261.0000000    0.00000   100%     -    0s
     0     0    0.00000    0   78 1261.00000    0.00000   100%     -    0s
H    0     0                    1231.0000000    0.00000   100%     -    0s
     0     0    0.00000    0  127 1231.00000    0.00000   100%     -    0s
H    0     0                     898.0000000    0.00000   100%     -    0s
     0     0    0.00000    0  129  898.00000    0.00000   100%     -    0s
     0     0    0.00000    0  122  898.00000    0.00000   100%     -    0s
H    0     0                     754.0000000    0.00000   100%     -    0s
H    0     0                     731.0000000    0.00000   100%     -    0s
H    0     0                     672.0000000    0.00000   100%     -    0s
     0     0    0.00000    0  124  672.00000    0.00000   100%     -    0s
     0     0    0.00000    0  110  672.00000    0.00000   100%     -    0s
     0     0    0.00000    0   95  672.00000    0.00000   100%     -    0s
H    0     0                     574.0000000    0.00000   100%     -    0s
     0     2    0.00000    0   95  574.00000    0.00000   100%     -    0s
H   27    26                     531.0000000   13.00000  97.6%  65.3    0s
*   40    29              21     513.0000000   13.00000  97.5%  48.8    0s
H   52    31                     456.0000000   22.00000  95.2%  45.0    0s
H   81    47                     445.0000000   22.00000  95.1%  42.6    0s
H  182    88                     430.0000000   25.11111  94.2%  41.0    0s
H  246   105                     417.0000000   30.50000  92.7%  39.0    0s
H  328   150                     402.0000000   35.00000  91.3%  39.2    1s
H  369   175                     400.0000000   35.00000  91.2%  39.6    1s
  1903   408  350.66667   28   86  400.00000  203.25000  49.2%  33.5    5s
  4728   736     cutoff   26       400.00000  296.00000  26.0%  26.7   10s

Cutting planes:
  Zero half: 2
  RLT: 6
  BQP: 5

Explored 8115 nodes (195587 simplex iterations) in 14.63 seconds (17.65 work units)
Thread count was 1 (of 12 available processors)

Solution count 10: 400 402 417 ... 672

Optimal solution found (tolerance 1.00e-04)
Best objective 4.000000000000e+02, best bound 4.000000000000e+02, gap 0.0000%
400.0
