Set parameter Username
Academic license - for non-commercial use only - expires 2025-08-28
Set parameter Threads to value 1
Set parameter Method to value 4
Gurobi Optimizer version 11.0.0 build v11.0.0rc2 (mac64[arm] - Darwin 23.5.0 23F79)

CPU model: Apple M3 Pro
Thread count: 12 physical cores, 12 logical processors, using up to 1 threads

Optimize a model with 3112 rows, 441 columns and 9356 nonzeros
Model fingerprint: 0xf7b73cc1
Variable types: 261 continuous, 180 integer (180 binary)
Coefficient statistics:
  Matrix range     [1e+00, 1e+00]
  Objective range  [1e+01, 3e+02]
  Bounds range     [1e+00, 1e+00]
  RHS range        [1e+00, 2e+00]
Presolve removed 518 rows and 77 columns
Presolve time: 0.01s
Presolved: 2594 rows, 364 columns, 7641 nonzeros
Variable types: 0 continuous, 364 integer (364 binary)
Found heuristic solution: objective 3851.0000000
Found heuristic solution: objective 3662.0000000

Root relaxation: objective 0.000000e+00, 144 iterations, 0.00 seconds (0.01 work units)

    Nodes    |    Current Node    |     Objective Bounds      |     Work
 Expl Unexpl |  Obj  Depth IntInf | Incumbent    BestBd   Gap | It/Node Time

     0     0    0.00000    0   43 3662.00000    0.00000   100%     -    0s
H    0     0                    1997.0000000    0.00000   100%     -    0s
H    0     0                    1411.0000000    0.00000   100%     -    0s
H    0     0                    1227.0000000    0.00000   100%     -    0s
H    0     0                    1042.0000000    0.00000   100%     -    0s
     0     0    0.00000    0  112 1042.00000    0.00000   100%     -    0s
H    0     0                     883.0000000    0.00000   100%     -    0s
     0     0    0.00000    0   74  883.00000    0.00000   100%     -    0s
H    0     0                     854.0000000    0.00000   100%     -    0s
H    0     0                     717.0000000    0.00000   100%     -    0s
     0     0    0.00000    0   67  717.00000    0.00000   100%     -    0s
     0     0    0.00000    0   63  717.00000    0.00000   100%     -    0s
H    0     0                     646.0000000    0.00000   100%     -    0s
     0     0    0.00000    0   95  646.00000    0.00000   100%     -    0s
     0     0    0.00000    0   85  646.00000    0.00000   100%     -    0s
H    0     0                     639.0000000    0.00000   100%     -    0s
     0     0    0.00000    0   87  639.00000    0.00000   100%     -    0s
     0     0    0.00000    0   66  639.00000    0.00000   100%     -    0s
     0     0    0.00000    0   66  639.00000    0.00000   100%     -    0s
H    0     0                     600.0000000    0.00000   100%     -    0s
H    0     0                     414.0000000    0.00000   100%     -    0s
     0     2    0.00000    0   66  414.00000    0.00000   100%     -    0s
H   27    21                     386.0000000    0.00000   100%  80.5    0s
H  104    68                     384.0000000    0.00000   100%  48.9    0s
H  111    73                     372.0000000    0.00000   100%  47.9    0s
H  210   130                     371.0000000    0.00000   100%  43.2    0s
  1692   516  165.13333   23   95  371.00000  106.00000  71.4%  33.1    5s
  4310  1462  287.37500   29   65  371.00000  152.83333  58.8%  27.0   10s
  7329  2425  306.08333   29  102  371.00000  179.00000  51.8%  25.2   15s
 10203  3156  273.83333   35   66  371.00000  197.50000  46.8%  24.6   23s
 10312  3183  197.50000   27   90  371.00000  197.50000  46.8%  22.6   25s
 12569  2976  357.42857   40   36  371.00000  265.45833  28.4%  24.3   30s
 15921  1643  357.00000   42   36  371.00000  331.00000  10.8%  23.9   35s

Cutting planes:
  Gomory: 8
  Cover: 1
  Implied bound: 8
  Clique: 1
  Flow cover: 7
  Zero half: 25
  RLT: 14
  BQP: 10

Explored 16629 nodes (422283 simplex iterations) in 35.82 seconds (44.12 work units)
Thread count was 1 (of 12 available processors)

Solution count 10: 371 372 384 ... 854

Optimal solution found (tolerance 1.00e-04)
Best objective 3.710000000000e+02, best bound 3.710000000000e+02, gap 0.0000%
371.0
