Set parameter Username
Academic license - for non-commercial use only - expires 2025-08-28
Set parameter Threads to value 1
Set parameter Method to value 4
Gurobi Optimizer version 11.0.0 build v11.0.0rc2 (mac64[arm] - Darwin 23.5.0 23F79)

CPU model: Apple M3 Pro
Thread count: 12 physical cores, 12 logical processors, using up to 1 threads

Optimize a model with 3112 rows, 441 columns and 9356 nonzeros
Model fingerprint: 0x07054cb8
Variable types: 261 continuous, 180 integer (180 binary)
Coefficient statistics:
  Matrix range     [1e+00, 1e+00]
  Objective range  [1e+01, 3e+02]
  Bounds range     [1e+00, 1e+00]
  RHS range        [1e+00, 2e+00]
Presolve removed 518 rows and 77 columns
Presolve time: 0.01s
Presolved: 2594 rows, 364 columns, 7641 nonzeros
Variable types: 0 continuous, 364 integer (364 binary)
Found heuristic solution: objective 3852.0000000
Found heuristic solution: objective 3663.0000000

Root relaxation: objective 0.000000e+00, 149 iterations, 0.00 seconds (0.01 work units)

    Nodes    |    Current Node    |     Objective Bounds      |     Work
 Expl Unexpl |  Obj  Depth IntInf | Incumbent    BestBd   Gap | It/Node Time

     0     0    0.00000    0   43 3663.00000    0.00000   100%     -    0s
H    0     0                    2341.0000000    0.00000   100%     -    0s
H    0     0                    1325.0000000    0.00000   100%     -    0s
H    0     0                    1294.0000000    0.00000   100%     -    0s
     0     0    0.00000    0   78 1294.00000    0.00000   100%     -    0s
H    0     0                    1120.0000000    0.00000   100%     -    0s
H    0     0                     829.0000000    0.00000   100%     -    0s
     0     0    0.00000    0  119  829.00000    0.00000   100%     -    0s
H    0     0                     707.0000000    0.00000   100%     -    0s
     0     0    0.00000    0  118  707.00000    0.00000   100%     -    0s
     0     0    0.00000    0  121  707.00000    0.00000   100%     -    0s
H    0     0                     695.0000000    0.00000   100%     -    0s
     0     0    0.00000    0  119  695.00000    0.00000   100%     -    0s
     0     0    0.00000    0   69  695.00000    0.00000   100%     -    0s
     0     0    0.00000    0   57  695.00000    0.00000   100%     -    0s
H    0     0                     637.0000000    0.00000   100%     -    0s
H    0     0                     624.0000000    0.00000   100%     -    0s
     0     2    0.00000    0   57  624.00000    0.00000   100%     -    0s
H   27    27                     607.0000000    0.00000   100%  79.4    0s
H  108    77                     595.0000000    0.00000   100%  48.8    0s
H  205   125                     576.0000000   11.00000  98.1%  48.1    0s
H  216   136                     572.0000000   11.00000  98.1%  50.5    0s
H  216   132                     557.0000000   11.00000  98.0%  50.5    0s
H  227   141                     542.0000000   11.00000  98.0%  49.9    0s
*  238   148              30     471.0000000   11.00000  97.7%  49.2    0s
H  261   159                     467.0000000   11.00000  97.6%  48.4    0s
H  359   208                     456.0000000   23.00000  95.0%  50.5    1s
H  382   231                     452.0000000   23.00000  94.9%  49.8    1s
H  409   250                     442.0000000   23.00000  94.8%  48.3    1s
H  421   240                     422.0000000   23.00000  94.5%  47.2    1s
H  525   292                     409.0000000   28.00000  93.2%  48.4    1s
  1753   578  334.00000   27   50  409.00000   99.75000  75.6%  40.7    5s
  4406  1587  282.16667   31   93  409.00000  159.00000  61.1%  31.7   10s
  6734  2352  371.00000   39   73  409.00000  186.50000  54.4%  29.6   15s
  9492  3057  347.00000   32   96  409.00000  212.00000  48.2%  29.2   20s
 10202  3222     cutoff   34       409.00000  215.83333  47.2%  29.2   25s
 12667  3637  357.68214   31   79  409.00000  231.50000  43.4%  30.5   30s
 15166  3943  386.00000   32   52  409.00000  247.00000  39.6%  31.3   35s
 17708  4204  385.76190   28   87  409.00000  262.25000  35.9%  31.7   40s
 20341  4447  369.05000   32   79  409.00000  274.00000  33.0%  31.7   45s
 23039  4619  327.16667   31   52  409.00000  287.00000  29.8%  31.6   50s
 25993  4862  323.75000   33   68  409.00000  298.62500  27.0%  31.3   55s
 29283  4948     cutoff   30       409.00000  309.33333  24.4%  30.9   60s
 32554  4922     cutoff   47       409.00000  318.33333  22.2%  30.5   65s
 35979  4798  374.75676   36   52  409.00000  326.53846  20.2%  30.1   70s
 39239  4480  379.66667   30   86  409.00000  335.50000  18.0%  29.6   75s
 42732  4075  392.16667   30   64  409.00000  343.75000  16.0%  29.2   80s
 46253  3517  379.35464   44  100  409.00000  352.57143  13.8%  28.9   85s
 49941  2538  379.74167   40   80  409.00000  363.66667  11.1%  28.5   90s
 53761   664     cutoff   47       409.00000  386.00000  5.62%  27.9   95s

Cutting planes:
  Gomory: 1
  Implied bound: 5
  Flow cover: 43
  Zero half: 101
  RLT: 33
  BQP: 30

Explored 54642 nodes (1516397 simplex iterations) in 96.06 seconds (117.30 work units)
Thread count was 1 (of 12 available processors)

Solution count 10: 409 409 422 ... 557

Optimal solution found (tolerance 1.00e-04)
Best objective 4.090000000000e+02, best bound 4.090000000000e+02, gap 0.0000%
409.0
