Set parameter Username
Academic license - for non-commercial use only - expires 2025-08-28
Set parameter Threads to value 1
Set parameter Method to value 4
Gurobi Optimizer version 11.0.0 build v11.0.0rc2 (mac64[arm] - Darwin 23.5.0 23F79)

CPU model: Apple M3 Pro
Thread count: 12 physical cores, 12 logical processors, using up to 1 threads

Optimize a model with 3278 rows, 459 columns and 9854 nonzeros
Model fingerprint: 0x26984db1
Variable types: 270 continuous, 189 integer (189 binary)
Coefficient statistics:
  Matrix range     [1e+00, 1e+00]
  Objective range  [1e+01, 3e+02]
  Bounds range     [1e+00, 1e+00]
  RHS range        [1e+00, 2e+00]
Presolve removed 548 rows and 80 columns
Presolve time: 0.01s
Presolved: 2730 rows, 379 columns, 8028 nonzeros
Variable types: 0 continuous, 379 integer (379 binary)
Found heuristic solution: objective 3898.0000000
Found heuristic solution: objective 3709.0000000

Root relaxation: objective 0.000000e+00, 161 iterations, 0.00 seconds (0.01 work units)

    Nodes    |    Current Node    |     Objective Bounds      |     Work
 Expl Unexpl |  Obj  Depth IntInf | Incumbent    BestBd   Gap | It/Node Time

     0     0    0.00000    0   42 3709.00000    0.00000   100%     -    0s
H    0     0                    3471.0000000    0.00000   100%     -    0s
H    0     0                    1686.0000000    0.00000   100%     -    0s
H    0     0                    1614.0000000    0.00000   100%     -    0s
H    0     0                    1392.0000000    0.00000   100%     -    0s
     0     0    0.00000    0   88 1392.00000    0.00000   100%     -    0s
H    0     0                    1256.0000000    0.00000   100%     -    0s
H    0     0                    1071.0000000    0.00000   100%     -    0s
     0     0    0.00000    0  118 1071.00000    0.00000   100%     -    0s
H    0     0                     842.0000000    0.00000   100%     -    0s
H    0     0                     693.0000000    0.00000   100%     -    0s
     0     0    0.00000    0  110  693.00000    0.00000   100%     -    0s
     0     0    0.00000    0  110  693.00000    0.00000   100%     -    0s
H    0     0                     680.0000000    0.00000   100%     -    0s
H    0     0                     574.0000000    0.00000   100%     -    0s
     0     0    0.00000    0  116  574.00000    0.00000   100%     -    0s
     0     0    0.00000    0   72  574.00000    0.00000   100%     -    0s
     0     0    0.00000    0   53  574.00000    0.00000   100%     -    0s
     0     0    0.00000    0  102  574.00000    0.00000   100%     -    0s
     0     0    0.00000    0  102  574.00000    0.00000   100%     -    0s
H    0     0                     482.0000000    0.00000   100%     -    0s
     0     2    0.00000    0  102  482.00000    0.00000   100%     -    0s
H   52    40                     462.0000000    0.00000   100%  42.2    0s
H  165   101                     461.0000000    0.00000   100%  52.0    0s
H  209   122                     446.0000000    0.00000   100%  49.6    0s
H  235   131                     430.0000000    0.00000   100%  48.9    0s
H  392   214                     417.0000000    2.15385  99.5%  57.3    1s
  1491   569  335.93750   31   81  417.00000   29.75000  92.9%  50.5    5s
  3201  1128  158.25000   32   86  417.00000   88.96667  78.7%  43.7   10s
  5190  1749  217.00000   27   62  417.00000  144.66667  65.3%  32.5   15s
  7476  1514  403.00000   43   52  417.00000  302.00000  27.6%  32.3   20s
 10700   469     cutoff   42       417.00000  378.90000  9.14%  29.1   25s

Cutting planes:
  RLT: 2
  BQP: 2

Explored 11759 nodes (369378 simplex iterations) in 26.44 seconds (30.91 work units)
Thread count was 1 (of 12 available processors)

Solution count 10: 417 430 446 ... 842

Optimal solution found (tolerance 1.00e-04)
Best objective 4.170000000000e+02, best bound 4.170000000000e+02, gap 0.0000%
417.0
