Set parameter Username
Academic license - for non-commercial use only - expires 2025-08-28
Set parameter Threads to value 1
Set parameter Method to value 4
Gurobi Optimizer version 11.0.0 build v11.0.0rc2 (mac64[arm] - Darwin 23.5.0 23F79)

CPU model: Apple M3 Pro
Thread count: 12 physical cores, 12 logical processors, using up to 1 threads

Optimize a model with 2947 rows, 423 columns and 8859 nonzeros
Model fingerprint: 0x409242d4
Variable types: 252 continuous, 171 integer (171 binary)
Coefficient statistics:
  Matrix range     [1e+00, 1e+00]
  Objective range  [1e+01, 3e+02]
  Bounds range     [1e+00, 1e+00]
  RHS range        [1e+00, 2e+00]
Presolve removed 498 rows and 75 columns
Presolve time: 0.01s
Presolved: 2449 rows, 348 columns, 7218 nonzeros
Variable types: 0 continuous, 348 integer (348 binary)
Found heuristic solution: objective 3239.0000000
Found heuristic solution: objective 3071.0000000

Root relaxation: objective 0.000000e+00, 166 iterations, 0.00 seconds (0.01 work units)

    Nodes    |    Current Node    |     Objective Bounds      |     Work
 Expl Unexpl |  Obj  Depth IntInf | Incumbent    BestBd   Gap | It/Node Time

     0     0    0.00000    0   41 3071.00000    0.00000   100%     -    0s
H    0     0                    2099.0000000    0.00000   100%     -    0s
H    0     0                    1107.0000000    0.00000   100%     -    0s
     0     0    0.00000    0   81 1107.00000    0.00000   100%     -    0s
H    0     0                     958.0000000    0.00000   100%     -    0s
     0     0    0.00000    0   69  958.00000    0.00000   100%     -    0s
H    0     0                     824.0000000    0.00000   100%     -    0s
H    0     0                     668.0000000    0.00000   100%     -    0s
H    0     0                     604.0000000    0.00000   100%     -    0s
     0     0    0.00000    0   94  604.00000    0.00000   100%     -    0s
     0     0    0.00000    0   58  604.00000    0.00000   100%     -    0s
H    0     0                     591.0000000    0.00000   100%     -    0s
H    0     0                     465.0000000    0.00000   100%     -    0s
     0     0    0.00000    0  101  465.00000    0.00000   100%     -    0s
H    0     0                     455.0000000    0.00000   100%     -    0s
H    0     0                     417.0000000    0.00000   100%     -    0s
     0     0    0.00000    0   95  417.00000    0.00000   100%     -    0s
     0     0    0.00000    0   92  417.00000    0.00000   100%     -    0s
     0     2    0.00000    0   92  417.00000    0.00000   100%     -    0s
*   47    38              16     364.0000000   10.00000  97.3%  56.0    0s
H   55    38                     351.0000000   10.00000  97.2%  52.1    0s
H  106    70                     333.0000000   10.00000  97.0%  47.4    0s
H  191   118                     319.0000000   10.00000  96.9%  40.2    0s
H  191   117                     306.0000000   10.00000  96.7%  40.2    0s
H  628   277                     298.0000000   42.00000  85.9%  35.2    1s
  2147   500  251.91667   25   53  298.00000  117.91667  60.4%  32.0    5s
  5557  1506  224.00000   38   69  298.00000  173.00000  41.9%  26.2   10s
  9308  1954     cutoff   34       298.00000  203.16667  31.8%  24.8   15s
 10244  2028  210.50000   36   67  298.00000  210.50000  29.4%  21.9   20s
 13861  1830     cutoff   45       298.00000  210.50000  29.4%  23.1   25s
 18632  1148     cutoff   43       298.00000  235.50000  21.0%  22.8   30s

Cutting planes:
  Gomory: 16
  Cover: 1
  Implied bound: 4
  Flow cover: 6
  Zero half: 6
  RLT: 9
  BQP: 11

Explored 23014 nodes (526681 simplex iterations) in 34.19 seconds (43.21 work units)
Thread count was 1 (of 12 available processors)

Solution count 10: 298 306 319 ... 591

Optimal solution found (tolerance 1.00e-04)
Best objective 2.980000000000e+02, best bound 2.980000000000e+02, gap 0.0000%
298.0
