Set parameter Username
Academic license - for non-commercial use only - expires 2025-08-28
Set parameter Threads to value 1
Set parameter Method to value 4
Gurobi Optimizer version 11.0.0 build v11.0.0rc2 (mac64[arm] - Darwin 23.5.0 23F79)

CPU model: Apple M3 Pro
Thread count: 12 physical cores, 12 logical processors, using up to 1 threads

Optimize a model with 3113 rows, 441 columns and 9357 nonzeros
Model fingerprint: 0x3a446ec7
Variable types: 261 continuous, 180 integer (180 binary)
Coefficient statistics:
  Matrix range     [1e+00, 1e+00]
  Objective range  [1e+01, 3e+02]
  Bounds range     [1e+00, 1e+00]
  RHS range        [1e+00, 2e+00]
Presolve removed 528 rows and 78 columns
Presolve time: 0.01s
Presolved: 2585 rows, 363 columns, 7605 nonzeros
Variable types: 0 continuous, 363 integer (363 binary)
Found heuristic solution: objective 3800.0000000
Found heuristic solution: objective 3611.0000000

Root relaxation: objective 0.000000e+00, 149 iterations, 0.00 seconds (0.01 work units)

    Nodes    |    Current Node    |     Objective Bounds      |     Work
 Expl Unexpl |  Obj  Depth IntInf | Incumbent    BestBd   Gap | It/Node Time

     0     0    0.00000    0   44 3611.00000    0.00000   100%     -    0s
H    0     0                    2421.0000000    0.00000   100%     -    0s
H    0     0                    2369.0000000    0.00000   100%     -    0s
H    0     0                    2333.0000000    0.00000   100%     -    0s
H    0     0                    2222.0000000    0.00000   100%     -    0s
     0     0    0.00000    0   79 2222.00000    0.00000   100%     -    0s
H    0     0                    1967.0000000    0.00000   100%     -    0s
H    0     0                    1689.0000000    0.00000   100%     -    0s
     0     0    0.00000    0  106 1689.00000    0.00000   100%     -    0s
H    0     0                    1392.0000000    0.00000   100%     -    0s
H    0     0                    1076.0000000    0.00000   100%     -    0s
     0     0    0.00000    0  101 1076.00000    0.00000   100%     -    0s
     0     0    0.00000    0   72 1076.00000    0.00000   100%     -    0s
H    0     0                     910.0000000    0.00000   100%     -    0s
H    0     0                     726.0000000    0.00000   100%     -    0s
     0     0    0.00000    0   80  726.00000    0.00000   100%     -    0s
     0     0    0.00000    0   80  726.00000    0.00000   100%     -    0s
H    0     0                     591.0000000    0.00000   100%     -    0s
H    0     0                     571.0000000    0.00000   100%     -    0s
     0     2    0.00000    0   80  571.00000    0.00000   100%     -    0s
H   27    27                     478.0000000    0.00000   100%   108    0s
H  172   137                     473.0000000    6.75000  98.6%  74.1    0s
*  177   138              26     461.0000000    6.75000  98.5%  72.3    0s
H  208   143                     434.0000000    8.62500  98.0%  70.8    0s
H  217   146                     422.0000000    8.62500  98.0%  68.9    0s
H  304   167                     409.0000000   10.00000  97.6%  59.3    1s
H  439   253                     403.0000000   16.66667  95.9%  59.6    1s
H  466   265                     393.0000000   18.28571  95.3%  58.3    1s
H  834   405                     390.0000000   31.21622  92.0%  53.3    3s
  1611   474   51.75000   25   97  390.00000   31.21622  92.0%  44.6    5s
  3513   984  299.50000   26   75  390.00000   60.33333  84.5%  39.5   10s
  5812  1656     cutoff   35       390.00000   79.00000  79.7%  36.7   15s
  8254  2543  325.00000   34   61  390.00000   94.00000  75.9%  34.4   20s
 10203  3226  261.62500   35   80  390.00000  103.07738  73.6%  33.0   26s
 10931  3315  378.00000   40   46  390.00000  103.07738  73.6%  33.9   30s
 13429  3475  335.97500   45  104  390.00000  158.33333  59.4%  32.8   35s
 17011  3472  325.16667   52  113  390.00000  191.87500  50.8%  31.6   40s
 20772  3540  378.06667   46   67  390.00000  217.46667  44.2%  31.1   45s
 24673  4364  348.42857   49   88  390.00000  237.00000  39.2%  30.5   50s
 28769  4953  324.00000   51   42  390.00000  252.25000  35.3%  29.9   55s
 32913  5405  359.25000   63   64  390.00000  266.37500  31.7%  29.5   60s
 36979  5536     cutoff   60       390.00000  279.00000  28.5%  29.1   65s
 41485  5509  369.97297   50  137  390.00000  289.41667  25.8%  28.6   70s
 45964  5298  357.00000   56   38  390.00000  299.50000  23.2%  28.3   75s
 50427  4756  337.43939   54  132  390.00000  310.66667  20.3%  28.0   80s
 54913  3892     cutoff   43       390.00000  322.66667  17.3%  27.7   85s
 59741  2301     cutoff   49       390.00000  340.33333  12.7%  27.3   90s

Cutting planes:
  Gomory: 2
  Lift-and-project: 1
  Cover: 2
  Implied bound: 9
  Flow cover: 21
  Zero half: 33
  RLT: 18
  BQP: 13

Explored 63627 nodes (1700256 simplex iterations) in 93.65 seconds (143.70 work units)
Thread count was 1 (of 12 available processors)

Solution count 10: 390 390 393 ... 478

Optimal solution found (tolerance 1.00e-04)
Best objective 3.900000000000e+02, best bound 3.900000000000e+02, gap 0.0000%
390.0
