Set parameter Username
Academic license - for non-commercial use only - expires 2025-08-28
Set parameter Threads to value 1
Set parameter Method to value 4
Gurobi Optimizer version 11.0.0 build v11.0.0rc2 (mac64[arm] - Darwin 23.5.0 23F79)

CPU model: Apple M3 Pro
Thread count: 12 physical cores, 12 logical processors, using up to 1 threads

Optimize a model with 3278 rows, 459 columns and 9854 nonzeros
Model fingerprint: 0x03959c0a
Variable types: 270 continuous, 189 integer (189 binary)
Coefficient statistics:
  Matrix range     [1e+00, 1e+00]
  Objective range  [1e+01, 3e+02]
  Bounds range     [1e+00, 1e+00]
  RHS range        [1e+00, 2e+00]
Presolve removed 548 rows and 80 columns
Presolve time: 0.01s
Presolved: 2730 rows, 379 columns, 8028 nonzeros
Variable types: 0 continuous, 379 integer (379 binary)
Found heuristic solution: objective 3905.0000000
Found heuristic solution: objective 3716.0000000

Root relaxation: objective 0.000000e+00, 161 iterations, 0.00 seconds (0.01 work units)

    Nodes    |    Current Node    |     Objective Bounds      |     Work
 Expl Unexpl |  Obj  Depth IntInf | Incumbent    BestBd   Gap | It/Node Time

     0     0    0.00000    0   42 3716.00000    0.00000   100%     -    0s
H    0     0                    3478.0000000    0.00000   100%     -    0s
H    0     0                    1693.0000000    0.00000   100%     -    0s
H    0     0                    1621.0000000    0.00000   100%     -    0s
H    0     0                    1399.0000000    0.00000   100%     -    0s
     0     0    0.00000    0   88 1399.00000    0.00000   100%     -    0s
H    0     0                    1261.0000000    0.00000   100%     -    0s
H    0     0                    1076.0000000    0.00000   100%     -    0s
     0     0    0.00000    0  118 1076.00000    0.00000   100%     -    0s
H    0     0                     842.0000000    0.00000   100%     -    0s
H    0     0                     694.0000000    0.00000   100%     -    0s
     0     0    0.00000    0  111  694.00000    0.00000   100%     -    0s
     0     0    0.00000    0   85  694.00000    0.00000   100%     -    0s
H    0     0                     646.0000000    0.00000   100%     -    0s
     0     0    0.00000    0   76  646.00000    0.00000   100%     -    0s
     0     0    0.00000    0  106  646.00000    0.00000   100%     -    0s
H    0     0                     634.0000000    0.00000   100%     -    0s
     0     0    0.00000    0  107  634.00000    0.00000   100%     -    0s
     0     0    0.00000    0   87  634.00000    0.00000   100%     -    0s
     0     0    0.00000    0   87  634.00000    0.00000   100%     -    0s
     0     2    0.00000    0   87  634.00000    0.00000   100%     -    0s
H   26    23                     622.0000000    0.00000   100%  65.7    0s
H  164   110                     594.0000000    0.00000   100%  45.9    0s
H  183   121                     501.0000000    0.00000   100%  46.0    0s
H  183   117                     478.0000000    0.00000   100%  46.0    0s
H  188   114                     447.0000000    0.00000   100%  45.5    0s
H  191   116                     432.0000000    0.00000   100%  45.2    0s
H  218   128                     420.0000000    0.00000   100%  44.1    0s
H  501   261                     417.0000000   12.00000  97.1%  41.7    1s
  1637   565  307.33333   31   68  417.00000  102.00000  75.5%  39.2    5s
  3724  1353  370.25000   34   53  417.00000  167.00000  60.0%  31.0   10s
  6222  2206  313.62500   27   92  417.00000  200.00000  52.0%  28.1   15s
  8956  3072  285.50000   37   65  417.00000  220.83333  47.0%  26.8   20s
 10202  3437  358.00000   32   63  417.00000  229.75000  44.9%  26.3   27s
 11681  3762  379.33333   37   73  417.00000  237.00000  43.2%  27.0   30s
 14310  4290     cutoff   29       417.00000  251.00000  39.8%  29.0   35s
 16937  4627  326.79167   34   62  417.00000  265.00000  36.5%  30.1   40s
 19924  4826  357.25000   34  118  417.00000  279.00000  33.1%  30.8   45s
 23309  5059  318.90000   32   83  417.00000  292.00000  30.0%  31.2   50s
 26977  5134 infeasible   33       417.00000  303.75000  27.2%  30.9   55s
 30791  5078 infeasible   33       417.00000  313.85106  24.7%  30.7   60s
 34949  4909  358.42105   39   95  417.00000  324.00000  22.3%  30.2   65s
 39154  4564  386.00000   26   50  417.00000  334.33333  19.8%  29.8   70s
 43417  4049  371.08333   33   53  417.00000  344.25000  17.4%  29.4   75s
 47853  3191  390.50000   33   55  417.00000  356.00000  14.6%  29.1   80s
 52288  1800  411.62222   35   85  417.00000  371.92857  10.8%  28.7   85s

Cutting planes:
  Gomory: 3
  Cover: 1
  Implied bound: 5
  MIR: 2
  Flow cover: 43
  Zero half: 89
  RLT: 28
  BQP: 34

Explored 55261 nodes (1562988 simplex iterations) in 87.93 seconds (128.11 work units)
Thread count was 1 (of 12 available processors)

Solution count 10: 417 417 420 ... 634

Optimal solution found (tolerance 1.00e-04)
Best objective 4.170000000000e+02, best bound 4.170000000000e+02, gap 0.0000%
417.0
