Set parameter Username
Academic license - for non-commercial use only - expires 2025-08-28
Set parameter Threads to value 1
Set parameter Method to value 4
Gurobi Optimizer version 11.0.0 build v11.0.0rc2 (mac64[arm] - Darwin 23.5.0 23F79)

CPU model: Apple M3 Pro
Thread count: 12 physical cores, 12 logical processors, using up to 1 threads

Optimize a model with 2947 rows, 423 columns and 8859 nonzeros
Model fingerprint: 0x2314589e
Variable types: 252 continuous, 171 integer (171 binary)
Coefficient statistics:
  Matrix range     [1e+00, 1e+00]
  Objective range  [1e+01, 3e+02]
  Bounds range     [1e+00, 1e+00]
  RHS range        [1e+00, 2e+00]
Presolve removed 498 rows and 75 columns
Presolve time: 0.01s
Presolved: 2449 rows, 348 columns, 7218 nonzeros
Variable types: 0 continuous, 348 integer (348 binary)
Found heuristic solution: objective 2084.0000000
Found heuristic solution: objective 1166.0000000

Root relaxation: objective 0.000000e+00, 188 iterations, 0.00 seconds (0.01 work units)

    Nodes    |    Current Node    |     Objective Bounds      |     Work
 Expl Unexpl |  Obj  Depth IntInf | Incumbent    BestBd   Gap | It/Node Time

     0     0    0.00000    0   43 1166.00000    0.00000   100%     -    0s
H    0     0                     707.0000000    0.00000   100%     -    0s
     0     0    0.00000    0   89  707.00000    0.00000   100%     -    0s
H    0     0                     491.0000000    0.00000   100%     -    0s
     0     0    0.00000    0  107  491.00000    0.00000   100%     -    0s
H    0     0                     479.0000000    0.00000   100%     -    0s
     0     0    0.00000    0  105  479.00000    0.00000   100%     -    0s
     0     0    0.00000    0  118  479.00000    0.00000   100%     -    0s
H    0     0                     419.0000000    0.00000   100%     -    0s
     0     0    0.00000    0  117  419.00000    0.00000   100%     -    0s
     0     0    0.00000    0  123  419.00000    0.00000   100%     -    0s
     0     0    0.00000    0  117  419.00000    0.00000   100%     -    0s
     0     0    0.00000    0   73  419.00000    0.00000   100%     -    0s
     0     0    0.00000    0   73  419.00000    0.00000   100%     -    0s
     0     2    0.00000    0   73  419.00000    0.00000   100%     -    0s
H   52    43                     417.0000000    0.00000   100%  49.6    0s
H   55    43                     391.0000000    0.00000   100%  49.3    0s
H  105    73                     373.0000000    0.00000   100%  43.2    0s
*  123    89              35     357.0000000    0.00000   100%  42.3    0s
H  131    87                     347.0000000    0.00000   100%  40.1    0s
  1818   485 infeasible   30       347.00000   63.66667  81.7%  37.9    5s
  4652  1581  132.58333   28   77  347.00000  107.83333  68.9%  30.9   10s
  7585  2594  288.33333   40   37  347.00000  135.33333  61.0%  29.1   15s
 10203  3463  308.00000   41   73  347.00000  152.50000  56.1%  28.4   22s
 10555  3502  186.00000   35   86  347.00000  152.50000  56.1%  29.4   25s
 12564  3420  152.50000   41   90  347.00000  152.50000  56.1%  30.0   30s
 15253  3030  301.00000   48   69  347.00000  170.50000  50.9%  30.2   35s
 17961  2637 infeasible   49       347.00000  202.50000  41.6%  29.9   40s
 21106  2355  255.50000   48   54  347.00000  223.00000  35.7%  29.2   45s
 24742  2783  337.00000   47   67  347.00000  243.00000  30.0%  28.3   50s
 28336  2886  270.75000   45   46  347.00000  260.00000  25.1%  27.6   55s
 32252  2689  318.33333   59  101  347.00000  276.00000  20.5%  26.9   60s
 36472  2045  334.00000   51   27  347.00000  292.50000  15.7%  25.8   65s
 41254    21 infeasible   49       347.00000  344.00000  0.86%  24.4   70s

Cutting planes:
  Gomory: 4
  Implied bound: 1
  Flow cover: 13
  Inf proof: 1
  Zero half: 18
  RLT: 13
  BQP: 6

Explored 41276 nodes (1011339 simplex iterations) in 70.03 seconds (85.23 work units)
Thread count was 1 (of 12 available processors)

Solution count 10: 347 347 357 ... 707

Optimal solution found (tolerance 1.00e-04)
Best objective 3.470000000000e+02, best bound 3.470000000000e+02, gap 0.0000%
347.0
