Set parameter Username
Academic license - for non-commercial use only - expires 2025-08-28
Set parameter Threads to value 1
Set parameter Method to value 4
Gurobi Optimizer version 11.0.0 build v11.0.0rc2 (mac64[arm] - Darwin 23.5.0 23F79)

CPU model: Apple M3 Pro
Thread count: 12 physical cores, 12 logical processors, using up to 1 threads

Optimize a model with 3112 rows, 441 columns and 9356 nonzeros
Model fingerprint: 0xebf522b6
Variable types: 261 continuous, 180 integer (180 binary)
Coefficient statistics:
  Matrix range     [1e+00, 1e+00]
  Objective range  [1e+01, 3e+02]
  Bounds range     [1e+00, 1e+00]
  RHS range        [1e+00, 2e+00]
Presolve removed 518 rows and 77 columns
Presolve time: 0.01s
Presolved: 2594 rows, 364 columns, 7641 nonzeros
Variable types: 0 continuous, 364 integer (364 binary)
Found heuristic solution: objective 3824.0000000
Found heuristic solution: objective 3635.0000000

Root relaxation: objective 0.000000e+00, 149 iterations, 0.00 seconds (0.01 work units)

    Nodes    |    Current Node    |     Objective Bounds      |     Work
 Expl Unexpl |  Obj  Depth IntInf | Incumbent    BestBd   Gap | It/Node Time

     0     0    0.00000    0   43 3635.00000    0.00000   100%     -    0s
H    0     0                    2324.0000000    0.00000   100%     -    0s
H    0     0                    1317.0000000    0.00000   100%     -    0s
H    0     0                    1266.0000000    0.00000   100%     -    0s
     0     0    0.00000    0   78 1266.00000    0.00000   100%     -    0s
H    0     0                    1234.0000000    0.00000   100%     -    0s
     0     0    0.00000    0  119 1234.00000    0.00000   100%     -    0s
H    0     0                    1124.0000000    0.00000   100%     -    0s
H    0     0                     933.0000000    0.00000   100%     -    0s
H    0     0                     889.0000000    0.00000   100%     -    0s
     0     0    0.00000    0  120  889.00000    0.00000   100%     -    0s
     0     0    0.00000    0   83  889.00000    0.00000   100%     -    0s
H    0     0                     741.0000000    0.00000   100%     -    0s
H    0     0                     729.0000000    0.00000   100%     -    0s
     0     0    0.00000    0   83  729.00000    0.00000   100%     -    0s
     0     0    0.00000    0   82  729.00000    0.00000   100%     -    0s
     0     0    0.00000    0  116  729.00000    0.00000   100%     -    0s
     0     0    0.00000    0   65  729.00000    0.00000   100%     -    0s
     0     0    0.00000    0   65  729.00000    0.00000   100%     -    0s
     0     2    0.00000    0   65  729.00000    0.00000   100%     -    0s
H   26    24                     717.0000000    0.00000   100%  58.3    0s
H   28    24                     711.0000000    0.00000   100%  56.6    0s
*   42    30              24     692.0000000    0.00000   100%  44.3    0s
H   52    35                     588.0000000    0.00000   100%  54.3    0s
*   71    53              20     501.0000000    0.00000   100%  59.4    0s
H  210   120                     474.0000000   11.00000  97.7%  51.0    0s
H  219   126                     453.0000000   11.00000  97.6%  53.3    0s
H  271   164                     437.0000000   15.62500  96.4%  54.5    1s
*  277   162              21     403.0000000   15.62500  96.1%  53.9    1s
  1703   634  293.95000   32   99  403.00000   45.00000  88.8%  42.9    5s
  4092  1286     cutoff   38       403.00000  135.00000  66.5%  35.9   10s
  6678  1940     cutoff   39       403.00000  192.00000  52.4%  32.7   15s
  9402  2722  381.00000   34   61  403.00000  218.50000  45.8%  31.3   20s
 10202  2943  270.00000   31   75  403.00000  222.83333  44.7%  31.1   25s
 12775  3513  342.16667   33   89  403.00000  238.50000  40.8%  31.5   30s
 15439  4083 infeasible   31       403.00000  253.00000  37.2%  31.8   35s
 18390  4545     cutoff   34       403.00000  267.00000  33.7%  31.9   40s
 21273  4919     cutoff   37       403.00000  276.50000  31.4%  32.2   45s
 24183  5043  397.66667   36   27  403.00000  286.26667  29.0%  32.3   50s
 27206  5175     cutoff   38       403.00000  296.62500  26.4%  32.2   55s
 30473  5157  366.75000   32   77  403.00000  305.33333  24.2%  32.0   60s
 33745  4994  362.50000   35   46  403.00000  314.00000  22.1%  32.0   65s
 37058  4722     cutoff   34       403.00000  322.23333  20.0%  31.8   70s
 40454  4259     cutoff   36       403.00000  331.60000  17.7%  31.5   75s
 43572  3639  386.33333   44   44  403.00000  341.50000  15.3%  31.4   80s
 46943  2645     cutoff   41       403.00000  353.16667  12.4%  31.1   85s
 51046   491     cutoff   31       403.00000  384.00000  4.71%  30.5   90s

Cutting planes:
  Implied bound: 11
  Flow cover: 4
  Inf proof: 1
  Zero half: 32
  RLT: 55
  BQP: 34

Explored 51642 nodes (1566146 simplex iterations) in 90.59 seconds (115.73 work units)
Thread count was 1 (of 12 available processors)

Solution count 10: 403 403 437 ... 717

Optimal solution found (tolerance 1.00e-04)
Best objective 4.030000000000e+02, best bound 4.030000000000e+02, gap 0.0000%
403.0
