Set parameter Username
Set parameter LicenseID to value 2589207
Academic license - for non-commercial use only - expires 2025-11-23
Set parameter Threads to value 1
Set parameter Method to value 4
Gurobi Optimizer version 11.0.0 build v11.0.0rc2 (linux64 - "Red Hat Enterprise Linux 9.4 (Plow)")

CPU model: Intel(R) Xeon(R) CPU E5-2690 v4 @ 2.60GHz, instruction set [SSE2|AVX|AVX2]
Thread count: 28 physical cores, 56 logical processors, using up to 1 threads

Optimize a model with 214 rows, 76 columns and 605 nonzeros
Model fingerprint: 0x56d6318e
Variable types: 50 continuous, 26 integer (26 binary)
Coefficient statistics:
  Matrix range     [1e+00, 1e+00]
  Objective range  [1e+01, 6e+01]
  Bounds range     [1e+00, 1e+00]
  RHS range        [1e+00, 2e+00]
Found heuristic solution: objective 570.0000000
Presolve removed 134 rows and 32 columns
Presolve time: 0.00s
Presolved: 80 rows, 44 columns, 222 nonzeros
Variable types: 0 continuous, 44 integer (44 binary)

Root relaxation: objective 2.700000e+01, 19 iterations, 0.00 seconds (0.00 work units)

    Nodes    |    Current Node    |     Objective Bounds      |     Work
 Expl Unexpl |  Obj  Depth IntInf | Incumbent    BestBd   Gap | It/Node Time

     0     0   27.00000    0   17  570.00000   27.00000  95.3%     -    0s
H    0     0                     518.0000000   27.00000  94.8%     -    0s
H    0     0                     398.0000000   27.00000  93.2%     -    0s
     0     0   75.00000    0   19  398.00000   75.00000  81.2%     -    0s
     0     0  107.75000    0   30  398.00000  107.75000  72.9%     -    0s
     0     0  110.00000    0   24  398.00000  110.00000  72.4%     -    0s
     0     0  137.63636    0   43  398.00000  137.63636  65.4%     -    0s
     0     0  138.38889    0   41  398.00000  138.38889  65.2%     -    0s
     0     0  138.38889    0   41  398.00000  138.38889  65.2%     -    0s
     0     0  149.35135    0   43  398.00000  149.35135  62.5%     -    0s
H    0     0                     379.0000000  149.35135  60.6%     -    0s
     0     0  152.50000    0   35  379.00000  152.50000  59.8%     -    0s
     0     0  162.47388    0   44  379.00000  162.47388  57.1%     -    0s
     0     0  164.45942    0   44  379.00000  164.45942  56.6%     -    0s
     0     0  164.62852    0   44  379.00000  164.62852  56.6%     -    0s
     0     0  164.86413    0   44  379.00000  164.86413  56.5%     -    0s
     0     0  164.87491    0   44  379.00000  164.87491  56.5%     -    0s
     0     0  169.17213    0   44  379.00000  169.17213  55.4%     -    0s
     0     0  169.87082    0   44  379.00000  169.87082  55.2%     -    0s
     0     0  169.95202    0   44  379.00000  169.95202  55.2%     -    0s
     0     0  169.95855    0   44  379.00000  169.95855  55.2%     -    0s
     0     0  171.78788    0   44  379.00000  171.78788  54.7%     -    0s
     0     0  171.89427    0   44  379.00000  171.89427  54.6%     -    0s
     0     0  171.91870    0   44  379.00000  171.91870  54.6%     -    0s
     0     0  172.52778    0   44  379.00000  172.52778  54.5%     -    0s
     0     0  172.54321    0   44  379.00000  172.54321  54.5%     -    0s
     0     0  172.54808    0   44  379.00000  172.54808  54.5%     -    0s
     0     0  172.55978    0   44  379.00000  172.55978  54.5%     -    0s
     0     0  172.55978    0   44  379.00000  172.55978  54.5%     -    0s
     0     2  172.75000    0   44  379.00000  172.75000  54.4%     -    0s

Cutting planes:
  Clique: 1
  MIR: 18
  GUB cover: 1
  Zero half: 12
  RLT: 3

Explored 23 nodes (792 simplex iterations) in 0.06 seconds (0.03 work units)
Thread count was 1 (of 56 available processors)

Solution count 4: 379 398 518 570 

Optimal solution found (tolerance 1.00e-04)
Best objective 3.790000000000e+02, best bound 3.790000000000e+02, gap 0.0000%
379.0
