Set parameter Username
Set parameter LicenseID to value 2608596
Academic license - for non-commercial use only - expires 2026-01-11
Set parameter Threads to value 1
Set parameter Method to value 4
Gurobi Optimizer version 11.0.0 build v11.0.0rc2 (linux64 - "Red Hat Enterprise Linux 9.4 (Plow)")

CPU model: Intel(R) Xeon(R) CPU E5-2690 v4 @ 2.60GHz, instruction set [SSE2|AVX|AVX2]
Thread count: 28 physical cores, 56 logical processors, using up to 1 threads

Optimize a model with 682 rows, 157 columns and 2030 nonzeros
Model fingerprint: 0x59462ae5
Variable types: 92 continuous, 65 integer (65 binary)
Coefficient statistics:
  Matrix range     [1e+00, 1e+00]
  Objective range  [1e+01, 6e+01]
  Bounds range     [1e+00, 1e+00]
  RHS range        [1e+00, 2e+00]
Presolve removed 140 rows and 35 columns
Presolve time: 0.00s
Presolved: 542 rows, 122 columns, 1565 nonzeros
Variable types: 0 continuous, 122 integer (122 binary)
Found heuristic solution: objective 506.0000000
Found heuristic solution: objective 379.0000000

Root relaxation: objective 0.000000e+00, 104 iterations, 0.00 seconds (0.00 work units)

    Nodes    |    Current Node    |     Objective Bounds      |     Work
 Expl Unexpl |  Obj  Depth IntInf | Incumbent    BestBd   Gap | It/Node Time

     0     0    0.00000    0   39  379.00000    0.00000   100%     -    0s
H    0     0                     282.0000000    0.00000   100%     -    0s
     0     0    0.00000    0   63  282.00000    0.00000   100%     -    0s
H    0     0                     262.0000000    0.00000   100%     -    0s
     0     0    0.00000    0   38  262.00000    0.00000   100%     -    0s
     0     0    0.00000    0   48  262.00000    0.00000   100%     -    0s
     0     0    0.00000    0   44  262.00000    0.00000   100%     -    0s
     0     0    0.00000    0   44  262.00000    0.00000   100%     -    0s
H    0     0                     242.0000000    0.00000   100%     -    0s
H    0     0                     188.0000000    0.00000   100%     -    0s
     0     2    0.00000    0   44  188.00000    0.00000   100%     -    0s

Cutting planes:
  Gomory: 1
  MIR: 6
  StrongCG: 1
  Inf proof: 5
  Zero half: 16
  RLT: 24
  BQP: 19

Explored 325 nodes (6828 simplex iterations) in 0.29 seconds (0.20 work units)
Thread count was 1 (of 56 available processors)

Solution count 6: 188 242 262 ... 506

Optimal solution found (tolerance 1.00e-04)
Best objective 1.880000000000e+02, best bound 1.880000000000e+02, gap 0.0000%
188.0
