Set parameter Username
Set parameter LicenseID to value 2589207
Academic license - for non-commercial use only - expires 2025-11-23
Set parameter Threads to value 1
Set parameter Method to value 4
Gurobi Optimizer version 11.0.0 build v11.0.0rc2 (linux64 - "Red Hat Enterprise Linux 9.4 (Plow)")

CPU model: Intel(R) Xeon(R) CPU E5-2690 v4 @ 2.60GHz, instruction set [SSE2|AVX|AVX2]
Thread count: 28 physical cores, 56 logical processors, using up to 1 threads

Optimize a model with 267 rows, 81 columns and 781 nonzeros
Model fingerprint: 0x7af8ec42
Variable types: 48 continuous, 33 integer (33 binary)
Coefficient statistics:
  Matrix range     [1e+00, 1e+00]
  Objective range  [2e+01, 6e+01]
  Bounds range     [1e+00, 1e+00]
  RHS range        [1e+00, 2e+00]
Found heuristic solution: objective 336.0000000
Presolve removed 55 rows and 19 columns
Presolve time: 0.00s
Presolved: 212 rows, 62 columns, 606 nonzeros
Variable types: 0 continuous, 62 integer (62 binary)
Found heuristic solution: objective 309.0000000

Root relaxation: objective 0.000000e+00, 37 iterations, 0.00 seconds (0.00 work units)

    Nodes    |    Current Node    |     Objective Bounds      |     Work
 Expl Unexpl |  Obj  Depth IntInf | Incumbent    BestBd   Gap | It/Node Time

     0     0    0.00000    0   25  309.00000    0.00000   100%     -    0s
H    0     0                     234.0000000    0.00000   100%     -    0s
H    0     0                     215.0000000    0.00000   100%     -    0s
H    0     0                     172.0000000    0.00000   100%     -    0s
     0     0    0.00000    0   33  172.00000    0.00000   100%     -    0s
H    0     0                     153.0000000    0.00000   100%     -    0s
     0     0   28.60000    0   34  153.00000   28.60000  81.3%     -    0s
     0     0   29.25000    0   34  153.00000   29.25000  80.9%     -    0s
     0     0   30.50000    0   35  153.00000   30.50000  80.1%     -    0s
     0     0   32.60000    0   42  153.00000   32.60000  78.7%     -    0s
     0     0   42.00000    0   38  153.00000   42.00000  72.5%     -    0s
     0     0   43.46154    0   41  153.00000   43.46154  71.6%     -    0s
     0     0   43.81818    0   41  153.00000   43.81818  71.4%     -    0s
     0     0   43.81818    0   41  153.00000   43.81818  71.4%     -    0s
     0     0   44.00000    0   35  153.00000   44.00000  71.2%     -    0s
     0     0   44.00000    0   35  153.00000   44.00000  71.2%     -    0s
     0     0   44.44444    0   38  153.00000   44.44444  71.0%     -    0s
     0     0   44.44444    0   38  153.00000   44.44444  71.0%     -    0s
     0     0   46.30000    0   38  153.00000   46.30000  69.7%     -    0s
     0     0   46.50000    0   39  153.00000   46.50000  69.6%     -    0s
     0     0   46.50000    0   39  153.00000   46.50000  69.6%     -    0s
     0     0   47.00000    0   39  153.00000   47.00000  69.3%     -    0s
     0     0   47.09259    0   39  153.00000   47.09259  69.2%     -    0s
     0     0   47.09259    0   39  153.00000   47.09259  69.2%     -    0s
     0     0   47.09259    0   39  153.00000   47.09259  69.2%     -    0s
     0     2   48.25000    0   39  153.00000   48.25000  68.5%     -    0s

Cutting planes:
  MIR: 2
  Zero half: 8
  RLT: 9
  BQP: 2

Explored 20 nodes (531 simplex iterations) in 0.07 seconds (0.03 work units)
Thread count was 1 (of 56 available processors)

Solution count 6: 153 172 215 ... 336

Optimal solution found (tolerance 1.00e-04)
Best objective 1.530000000000e+02, best bound 1.530000000000e+02, gap 0.0000%
153.0
