Set parameter Username
Set parameter LicenseID to value 2589207
Academic license - for non-commercial use only - expires 2025-11-23
Set parameter Threads to value 1
Set parameter Method to value 4
Gurobi Optimizer version 11.0.0 build v11.0.0rc2 (linux64 - "Red Hat Enterprise Linux 9.4 (Plow)")

CPU model: Intel(R) Xeon(R) CPU E5-2690 v4 @ 2.60GHz, instruction set [SSE2|AVX|AVX2]
Thread count: 28 physical cores, 56 logical processors, using up to 1 threads

Optimize a model with 660 rows, 156 columns and 1976 nonzeros
Model fingerprint: 0x1359d8de
Variable types: 96 continuous, 60 integer (60 binary)
Coefficient statistics:
  Matrix range     [1e+00, 1e+00]
  Objective range  [2e+01, 6e+01]
  Bounds range     [1e+00, 1e+00]
  RHS range        [1e+00, 2e+00]
Found heuristic solution: objective 234.0000000
Presolve removed 131 rows and 35 columns
Presolve time: 0.00s
Presolved: 529 rows, 121 columns, 1551 nonzeros
Variable types: 0 continuous, 121 integer (121 binary)

Root relaxation: objective 0.000000e+00, 71 iterations, 0.00 seconds (0.00 work units)

    Nodes    |    Current Node    |     Objective Bounds      |     Work
 Expl Unexpl |  Obj  Depth IntInf | Incumbent    BestBd   Gap | It/Node Time

     0     0    0.00000    0   22  234.00000    0.00000   100%     -    0s
H    0     0                     231.0000000    0.00000   100%     -    0s
     0     0    0.00000    0   22  231.00000    0.00000   100%     -    0s
H    0     0                     153.0000000    0.00000   100%     -    0s
     0     0    0.00000    0   32  153.00000    0.00000   100%     -    0s
H    0     0                     150.0000000    0.00000   100%     -    0s
H    0     0                     113.0000000    0.00000   100%     -    0s
     0     0    0.00000    0   25  113.00000    0.00000   100%     -    0s
     0     0    0.00000    0   34  113.00000    0.00000   100%     -    0s
     0     0    0.00000    0   34  113.00000    0.00000   100%     -    0s
     0     2    0.00000    0   34  113.00000    0.00000   100%     -    0s

Cutting planes:
  Gomory: 1
  MIR: 2
  Zero half: 7
  RLT: 13
  BQP: 7

Explored 24 nodes (886 simplex iterations) in 0.08 seconds (0.05 work units)
Thread count was 1 (of 56 available processors)

Solution count 5: 113 150 153 ... 234

Optimal solution found (tolerance 1.00e-04)
Best objective 1.130000000000e+02, best bound 1.130000000000e+02, gap 0.0000%
113.0
