Set parameter Username
Set parameter LicenseID to value 2589207
Academic license - for non-commercial use only - expires 2025-11-23
Set parameter Threads to value 1
Set parameter Method to value 4
Gurobi Optimizer version 11.0.0 build v11.0.0rc2 (linux64 - "Red Hat Enterprise Linux 9.4 (Plow)")

CPU model: Intel(R) Xeon(R) CPU E5-2690 v4 @ 2.60GHz, instruction set [SSE2|AVX|AVX2]
Thread count: 28 physical cores, 56 logical processors, using up to 1 threads

Optimize a model with 1366 rows, 274 columns and 4103 nonzeros
Model fingerprint: 0x2fb9acee
Variable types: 170 continuous, 104 integer (104 binary)
Coefficient statistics:
  Matrix range     [1e+00, 1e+00]
  Objective range  [1e+01, 6e+01]
  Bounds range     [1e+00, 1e+00]
  RHS range        [1e+00, 2e+00]
Found heuristic solution: objective 638.0000000
Presolve removed 275 rows and 59 columns
Presolve time: 0.01s
Presolved: 1091 rows, 215 columns, 3188 nonzeros
Variable types: 0 continuous, 215 integer (215 binary)

Root relaxation: objective 0.000000e+00, 147 iterations, 0.00 seconds (0.00 work units)

    Nodes    |    Current Node    |     Objective Bounds      |     Work
 Expl Unexpl |  Obj  Depth IntInf | Incumbent    BestBd   Gap | It/Node Time

     0     0    0.00000    0   36  638.00000    0.00000   100%     -    0s
H    0     0                     464.0000000    0.00000   100%     -    0s
H    0     0                     419.0000000    0.00000   100%     -    0s
H    0     0                     388.0000000    0.00000   100%     -    0s
     0     0    0.00000    0   56  388.00000    0.00000   100%     -    0s
H    0     0                     288.0000000    0.00000   100%     -    0s
     0     0    0.00000    0   77  288.00000    0.00000   100%     -    0s
H    0     0                     286.0000000    0.00000   100%     -    0s
H    0     0                     248.0000000    0.00000   100%     -    0s
H    0     0                     238.0000000    0.00000   100%     -    0s
     0     0    0.00000    0   71  238.00000    0.00000   100%     -    0s
     0     0    0.00000    0   86  238.00000    0.00000   100%     -    0s
H    0     0                     211.0000000    0.00000   100%     -    0s
     0     0    0.00000    0   80  211.00000    0.00000   100%     -    0s
     0     0    0.00000    0   44  211.00000    0.00000   100%     -    0s
     0     0    0.00000    0   43  211.00000    0.00000   100%     -    0s
     0     2    0.00000    0   38  211.00000    0.00000   100%     -    0s
*  265   119              15     198.0000000   41.00000  79.3%  28.9    0s
*  280   121              19     194.0000000   41.00000  78.9%  28.0    0s
*  282   111              18     188.0000000   41.00000  78.2%  27.8    0s

Cutting planes:
  Gomory: 1
  Cover: 2
  MIR: 11
  Inf proof: 63
  Zero half: 42
  RLT: 45
  BQP: 20

Explored 2681 nodes (53687 simplex iterations) in 4.43 seconds (3.26 work units)
Thread count was 1 (of 56 available processors)

Solution count 10: 188 194 198 ... 419

Optimal solution found (tolerance 1.00e-04)
Best objective 1.880000000000e+02, best bound 1.880000000000e+02, gap 0.0000%
188.0
