Set parameter Username
Set parameter LicenseID to value 2589207
Academic license - for non-commercial use only - expires 2025-11-23
Set parameter Threads to value 1
Set parameter Method to value 4
Gurobi Optimizer version 11.0.0 build v11.0.0rc2 (linux64 - "Red Hat Enterprise Linux 9.4 (Plow)")

CPU model: Intel(R) Xeon(R) CPU E5-2690 v4 @ 2.60GHz, instruction set [SSE2|AVX|AVX2]
Thread count: 28 physical cores, 56 logical processors, using up to 1 threads

Optimize a model with 1900 rows, 348 columns and 5692 nonzeros
Model fingerprint: 0x3217829b
Variable types: 194 continuous, 154 integer (154 binary)
Coefficient statistics:
  Matrix range     [1e+00, 1e+00]
  Objective range  [5e+00, 6e+01]
  Bounds range     [1e+00, 1e+00]
  RHS range        [1e+00, 2e+00]
Presolve removed 393 rows and 71 columns
Presolve time: 0.01s
Presolved: 1507 rows, 277 columns, 4333 nonzeros
Variable types: 0 continuous, 277 integer (277 binary)
Found heuristic solution: objective 522.0000000
Found heuristic solution: objective 517.0000000

Root relaxation: objective 0.000000e+00, 111 iterations, 0.00 seconds (0.00 work units)

    Nodes    |    Current Node    |     Objective Bounds      |     Work
 Expl Unexpl |  Obj  Depth IntInf | Incumbent    BestBd   Gap | It/Node Time

     0     0    0.00000    0   49  517.00000    0.00000   100%     -    0s
H    0     0                     505.0000000    0.00000   100%     -    0s
     0     0    0.00000    0  132  505.00000    0.00000   100%     -    0s
     0     0    0.00000    0  107  505.00000    0.00000   100%     -    0s
H    0     0                     376.0000000    0.00000   100%     -    0s
H    0     0                     364.0000000    0.00000   100%     -    0s
H    0     0                     356.0000000    0.00000   100%     -    0s
     0     0    0.00000    0  109  356.00000    0.00000   100%     -    0s
     0     0    0.00000    0   83  356.00000    0.00000   100%     -    0s
     0     0    0.00000    0   83  356.00000    0.00000   100%     -    0s
H    0     0                     336.0000000    0.00000   100%     -    0s
H    0     0                     320.0000000    0.00000   100%     -    0s
     0     2    0.00000    0   64  320.00000    0.00000   100%     -    0s
H  409   301                     315.0000000   10.69022  96.6%  56.1    1s
H  423   283                     284.0000000   10.69022  96.2%  55.3    1s
  1881   589  248.83333   46   47  284.00000   63.33333  77.7%  41.3    5s
  5218  1361  271.33333   32   82  284.00000  137.42857  51.6%  31.4   10s
  8335  1645  256.86905   35  129  284.00000  172.50000  39.3%  30.4   15s
 10202  1789  240.46667   42   77  284.00000  186.66667  34.3%  29.2   20s
 14237  1712  282.16667   43   45  284.00000  211.25000  25.6%  27.3   25s
 19014  1103  250.91667   33   67  284.00000  236.94286  16.6%  26.2   30s

Cutting planes:
  Flow cover: 21
  Zero half: 17
  RLT: 11
  BQP: 29

Explored 21727 nodes (547399 simplex iterations) in 32.26 seconds (25.86 work units)
Thread count was 1 (of 56 available processors)

Solution count 10: 284 315 320 ... 522

Optimal solution found (tolerance 1.00e-04)
Best objective 2.840000000000e+02, best bound 2.840000000000e+02, gap 0.0000%
284.0
