Set parameter Username
Set parameter LicenseID to value 2589207
Academic license - for non-commercial use only - expires 2025-11-23
Set parameter Threads to value 1
Set parameter Method to value 4
Gurobi Optimizer version 11.0.0 build v11.0.0rc2 (linux64 - "Red Hat Enterprise Linux 9.4 (Plow)")

CPU model: Intel(R) Xeon(R) CPU E5-2690 v4 @ 2.60GHz, instruction set [SSE2|AVX|AVX2]
Thread count: 28 physical cores, 56 logical processors, using up to 1 threads

Optimize a model with 1252 rows, 256 columns and 3716 nonzeros
Model fingerprint: 0x05d4b605
Variable types: 146 continuous, 110 integer (110 binary)
Coefficient statistics:
  Matrix range     [1e+00, 1e+00]
  Objective range  [5e+00, 6e+01]
  Bounds range     [1e+00, 1e+00]
  RHS range        [1e+00, 2e+00]
Found heuristic solution: objective 708.0000000
Presolve removed 266 rows and 56 columns
Presolve time: 0.01s
Presolved: 986 rows, 200 columns, 2810 nonzeros
Variable types: 0 continuous, 200 integer (200 binary)

Root relaxation: objective 0.000000e+00, 87 iterations, 0.00 seconds (0.00 work units)

    Nodes    |    Current Node    |     Objective Bounds      |     Work
 Expl Unexpl |  Obj  Depth IntInf | Incumbent    BestBd   Gap | It/Node Time

     0     0    0.00000    0   47  708.00000    0.00000   100%     -    0s
H    0     0                     682.0000000    0.00000   100%     -    0s
H    0     0                     672.0000000    0.00000   100%     -    0s
H    0     0                     624.0000000    0.00000   100%     -    0s
     0     0    0.00000    0   82  624.00000    0.00000   100%     -    0s
H    0     0                     622.0000000    0.00000   100%     -    0s
H    0     0                     569.0000000    0.00000   100%     -    0s
     0     0    0.00000    0   63  569.00000    0.00000   100%     -    0s
H    0     0                     531.0000000    0.00000   100%     -    0s
     0     0    0.00000    0   63  531.00000    0.00000   100%     -    0s
     0     0    0.00000    0   79  531.00000    0.00000   100%     -    0s
     0     0    0.00000    0   70  531.00000    0.00000   100%     -    0s
H    0     0                     515.0000000    0.00000   100%     -    0s
H    0     0                     378.0000000    0.00000   100%     -    0s
     0     2    0.00000    0   68  378.00000    0.00000   100%     -    0s
*   43    43              26     366.0000000   31.00000  91.5%  46.2    0s
H   52    41                     346.0000000   32.00000  90.8%  54.1    0s
*   78    62              22     344.0000000   32.00000  90.7%  54.6    0s
*   79    60              23     339.0000000   32.00000  90.6%  53.9    0s
*   80    59              23     334.0000000   32.00000  90.4%  53.2    0s
H  163    97                     303.0000000   51.00000  83.2%  53.3    0s
H  569   236                     297.0000000   93.80000  68.4%  51.0    1s
H  954   309                     293.0000000  131.12500  55.2%  45.8    1s
H  957   296                     284.0000000  131.12500  53.8%  45.6    1s

Cutting planes:
  Inf proof: 4
  Zero half: 9
  RLT: 4
  BQP: 16

Explored 2760 nodes (99782 simplex iterations) in 4.77 seconds (3.81 work units)
Thread count was 1 (of 56 available processors)

Solution count 10: 284 293 297 ... 378

Optimal solution found (tolerance 1.00e-04)
Best objective 2.840000000000e+02, best bound 2.840000000000e+02, gap 0.0000%
284.0
