Set parameter Username
Set parameter LicenseID to value 2589207
Academic license - for non-commercial use only - expires 2025-11-23
Set parameter Threads to value 1
Set parameter Method to value 4
Gurobi Optimizer version 11.0.0 build v11.0.0rc2 (linux64 - "Red Hat Enterprise Linux 9.4 (Plow)")

CPU model: Intel(R) Xeon(R) CPU E5-2690 v4 @ 2.60GHz, instruction set [SSE2|AVX|AVX2]
Thread count: 28 physical cores, 56 logical processors, using up to 1 threads

Optimize a model with 964 rows, 216 columns and 2836 nonzeros
Model fingerprint: 0x065260e1
Variable types: 128 continuous, 88 integer (88 binary)
Coefficient statistics:
  Matrix range     [1e+00, 1e+00]
  Objective range  [5e+00, 6e+01]
  Bounds range     [1e+00, 1e+00]
  RHS range        [1e+00, 2e+00]
Found heuristic solution: objective 910.0000000
Presolve removed 210 rows and 50 columns
Presolve time: 0.00s
Presolved: 754 rows, 166 columns, 2134 nonzeros
Variable types: 0 continuous, 166 integer (166 binary)

Root relaxation: objective 0.000000e+00, 82 iterations, 0.00 seconds (0.00 work units)

    Nodes    |    Current Node    |     Objective Bounds      |     Work
 Expl Unexpl |  Obj  Depth IntInf | Incumbent    BestBd   Gap | It/Node Time

     0     0    0.00000    0   46  910.00000    0.00000   100%     -    0s
H    0     0                     833.0000000    0.00000   100%     -    0s
H    0     0                     828.0000000    0.00000   100%     -    0s
     0     0    0.00000    0   73  828.00000    0.00000   100%     -    0s
H    0     0                     522.0000000    0.00000   100%     -    0s
     0     0    0.00000    0   63  522.00000    0.00000   100%     -    0s
H    0     0                     514.0000000    0.00000   100%     -    0s
     0     0    4.80247    0   82  514.00000    4.80247  99.1%     -    0s
H    0     0                     444.0000000    4.80247  98.9%     -    0s
H    0     0                     428.0000000    4.80247  98.9%     -    0s
     0     0    5.02222    0   81  428.00000    5.02222  98.8%     -    0s
     0     0    5.02222    0   81  428.00000    5.02222  98.8%     -    0s
     0     0   25.00082    0  116  428.00000   25.00082  94.2%     -    0s
     0     0   25.88332    0  115  428.00000   25.88332  94.0%     -    0s
     0     0   25.92670    0  114  428.00000   25.92670  93.9%     -    0s
     0     0   25.97808    0  116  428.00000   25.97808  93.9%     -    0s
     0     0   25.98453    0  118  428.00000   25.98453  93.9%     -    0s
     0     0   35.55065    0  115  428.00000   35.55065  91.7%     -    0s
     0     0   37.10572    0  116  428.00000   37.10572  91.3%     -    0s
     0     0   37.82850    0  116  428.00000   37.82850  91.2%     -    0s
     0     0   37.89492    0  120  428.00000   37.89492  91.1%     -    0s
     0     0   37.91692    0  122  428.00000   37.91692  91.1%     -    0s
     0     0   37.91964    0  122  428.00000   37.91964  91.1%     -    0s
     0     0   38.64194    0  119  428.00000   38.64194  91.0%     -    0s
     0     0   39.01812    0  112  428.00000   39.01812  90.9%     -    0s
     0     0   39.31144    0  125  428.00000   39.31144  90.8%     -    0s
     0     0   39.36567    0  120  428.00000   39.36567  90.8%     -    0s
     0     0   39.40737    0  126  428.00000   39.40737  90.8%     -    0s
     0     0   39.41987    0  124  428.00000   39.41987  90.8%     -    0s
     0     0   39.79031    0  123  428.00000   39.79031  90.7%     -    0s
     0     0   39.86798    0  121  428.00000   39.86798  90.7%     -    0s
     0     0   39.95681    0  127  428.00000   39.95681  90.7%     -    0s
     0     0   39.99288    0  128  428.00000   39.99288  90.7%     -    0s
     0     0   40.00337    0  122  428.00000   40.00337  90.7%     -    0s
     0     0   41.09544    0  124  428.00000   41.09544  90.4%     -    0s
     0     0   41.29406    0  123  428.00000   41.29406  90.4%     -    0s
     0     0   41.39722    0  128  428.00000   41.39722  90.3%     -    0s
     0     0   41.63577    0  123  428.00000   41.63577  90.3%     -    0s
     0     0   41.72803    0  127  428.00000   41.72803  90.3%     -    0s
     0     0   41.75155    0  128  428.00000   41.75155  90.2%     -    0s
     0     0   41.79616    0  130  428.00000   41.79616  90.2%     -    0s
     0     0   41.82796    0  129  428.00000   41.82796  90.2%     -    0s
     0     0   41.82847    0  132  428.00000   41.82847  90.2%     -    0s
     0     0   42.27212    0  120  428.00000   42.27212  90.1%     -    0s
     0     0   42.63211    0  123  428.00000   42.63211  90.0%     -    0s
     0     0   42.66197    0  123  428.00000   42.66197  90.0%     -    0s
     0     0   42.66830    0  121  428.00000   42.66830  90.0%     -    0s
     0     0   42.66830    0  116  428.00000   42.66830  90.0%     -    0s
     0     2   42.93192    0  115  428.00000   42.93192  90.0%     -    0s
H   78    43                     394.0000000  126.90000  67.8%  65.6    0s
H  110    47                     384.0000000  157.06627  59.1%  57.7    0s
H  137    48                     378.0000000  175.19574  53.7%  56.8    0s
H  220    64                     372.0000000  206.53167  44.5%  53.9    0s
H  292    35                     310.0000000  244.25000  21.2%  48.0    0s

Cutting planes:
  MIR: 16
  Inf proof: 1
  Zero half: 98
  RLT: 48
  BQP: 111

Explored 365 nodes (17855 simplex iterations) in 0.83 seconds (0.72 work units)
Thread count was 1 (of 56 available processors)

Solution count 10: 310 372 378 ... 828

Optimal solution found (tolerance 1.00e-04)
Best objective 3.100000000000e+02, best bound 3.100000000000e+02, gap 0.0000%
310.0
