Set parameter Username
Set parameter LicenseID to value 2589207
Academic license - for non-commercial use only - expires 2025-11-23
Set parameter Threads to value 1
Set parameter Method to value 4
Gurobi Optimizer version 11.0.0 build v11.0.0rc2 (linux64 - "Red Hat Enterprise Linux 9.4 (Plow)")

CPU model: Intel(R) Xeon(R) CPU E5-2690 v4 @ 2.60GHz, instruction set [SSE2|AVX|AVX2]
Thread count: 28 physical cores, 56 logical processors, using up to 1 threads

Optimize a model with 132 rows, 52 columns and 376 nonzeros
Model fingerprint: 0xac1f5a45
Variable types: 32 continuous, 20 integer (20 binary)
Coefficient statistics:
  Matrix range     [1e+00, 1e+00]
  Objective range  [2e+01, 6e+01]
  Bounds range     [1e+00, 1e+00]
  RHS range        [1e+00, 2e+00]
Found heuristic solution: objective 405.0000000
Presolve removed 65 rows and 17 columns
Presolve time: 0.00s
Presolved: 67 rows, 35 columns, 185 nonzeros
Variable types: 0 continuous, 35 integer (35 binary)

Root relaxation: objective 0.000000e+00, 17 iterations, 0.00 seconds (0.00 work units)

    Nodes    |    Current Node    |     Objective Bounds      |     Work
 Expl Unexpl |  Obj  Depth IntInf | Incumbent    BestBd   Gap | It/Node Time

     0     0    0.00000    0   14  405.00000    0.00000   100%     -    0s
H    0     0                     297.0000000    0.00000   100%     -    0s
     0     0   54.50000    0   15  297.00000   54.50000  81.6%     -    0s
H    0     0                     290.0000000   54.50000  81.2%     -    0s
H    0     0                     251.0000000   54.50000  78.3%     -    0s
H    0     0                     234.0000000   54.50000  76.7%     -    0s
     0     0   72.00000    0   17  234.00000   72.00000  69.2%     -    0s
H    0     0                     229.0000000   72.00000  68.6%     -    0s
     0     0   90.06667    0   29  229.00000   90.06667  60.7%     -    0s
     0     0   91.00000    0   27  229.00000   91.00000  60.3%     -    0s
     0     0   94.38095    0   26  229.00000   94.38095  58.8%     -    0s
     0     0   94.87500    0   23  229.00000   94.87500  58.6%     -    0s
     0     0   94.88000    0   28  229.00000   94.88000  58.6%     -    0s
     0     0   99.80000    0   21  229.00000   99.80000  56.4%     -    0s
     0     0  105.00000    0   25  229.00000  105.00000  54.1%     -    0s
     0     0  107.36842    0   27  229.00000  107.36842  53.1%     -    0s
     0     0  116.00000    0   26  229.00000  116.00000  49.3%     -    0s
     0     0  117.50000    0   26  229.00000  117.50000  48.7%     -    0s
     0     0  119.16667    0   28  229.00000  119.16667  48.0%     -    0s
     0     0  119.23810    0   28  229.00000  119.23810  47.9%     -    0s
     0     0  119.36364    0   28  229.00000  119.36364  47.9%     -    0s
     0     0  119.36364    0   27  229.00000  119.36364  47.9%     -    0s
     0     2  119.66667    0   27  229.00000  119.66667  47.7%     -    0s

Cutting planes:
  Clique: 1
  MIR: 9
  Zero half: 4
  Mod-K: 1
  RLT: 5

Explored 23 nodes (412 simplex iterations) in 0.04 seconds (0.01 work units)
Thread count was 1 (of 56 available processors)

Solution count 6: 229 234 251 ... 405

Optimal solution found (tolerance 1.00e-04)
Best objective 2.290000000000e+02, best bound 2.290000000000e+02, gap 0.0000%
229.0
