Set parameter Username
Set parameter LicenseID to value 2589207
Academic license - for non-commercial use only - expires 2025-11-23
Set parameter Threads to value 1
Set parameter Method to value 4
Gurobi Optimizer version 11.0.0 build v11.0.0rc2 (linux64 - "Red Hat Enterprise Linux 9.4 (Plow)")

CPU model: Intel(R) Xeon(R) CPU E5-2690 v4 @ 2.60GHz, instruction set [SSE2|AVX|AVX2]
Thread count: 28 physical cores, 56 logical processors, using up to 1 threads

Optimize a model with 735 rows, 168 columns and 2200 nonzeros
Model fingerprint: 0xd0bfc153
Variable types: 102 continuous, 66 integer (66 binary)
Coefficient statistics:
  Matrix range     [1e+00, 1e+00]
  Objective range  [2e+01, 6e+01]
  Bounds range     [1e+00, 1e+00]
  RHS range        [1e+00, 2e+00]
Found heuristic solution: objective 363.0000000
Presolve removed 145 rows and 37 columns
Presolve time: 0.00s
Presolved: 590 rows, 131 columns, 1725 nonzeros
Variable types: 0 continuous, 131 integer (131 binary)

Root relaxation: objective 0.000000e+00, 61 iterations, 0.00 seconds (0.00 work units)

    Nodes    |    Current Node    |     Objective Bounds      |     Work
 Expl Unexpl |  Obj  Depth IntInf | Incumbent    BestBd   Gap | It/Node Time

     0     0    0.00000    0   31  363.00000    0.00000   100%     -    0s
H    0     0                     282.0000000    0.00000   100%     -    0s
H    0     0                     217.0000000    0.00000   100%     -    0s
H    0     0                     183.0000000    0.00000   100%     -    0s
     0     0    0.00000    0   47  183.00000    0.00000   100%     -    0s
     0     0    0.00000    0   27  183.00000    0.00000   100%     -    0s
H    0     0                     172.0000000    0.00000   100%     -    0s
H    0     0                     153.0000000    0.00000   100%     -    0s
H    0     0                     113.0000000    0.00000   100%     -    0s
     0     0    0.00000    0   44  113.00000    0.00000   100%     -    0s
     0     0    0.00000    0   18  113.00000    0.00000   100%     -    0s
     0     0    0.00000    0   43  113.00000    0.00000   100%     -    0s
     0     0    0.00000    0   40  113.00000    0.00000   100%     -    0s
     0     0    0.00000    0   38  113.00000    0.00000   100%     -    0s
     0     0    0.00000    0   38  113.00000    0.00000   100%     -    0s
     0     0    0.00000    0   46  113.00000    0.00000   100%     -    0s
     0     0    0.00000    0   20  113.00000    0.00000   100%     -    0s
     0     0    0.00000    0   40  113.00000    0.00000   100%     -    0s
     0     0    0.00000    0   23  113.00000    0.00000   100%     -    0s
     0     0    0.00000    0   18  113.00000    0.00000   100%     -    0s
     0     2    0.00000    0   18  113.00000    0.00000   100%     -    0s

Cutting planes:
  Zero half: 10
  RLT: 6
  BQP: 2

Explored 94 nodes (2785 simplex iterations) in 0.17 seconds (0.12 work units)
Thread count was 1 (of 56 available processors)

Solution count 7: 113 153 172 ... 363

Optimal solution found (tolerance 1.00e-04)
Best objective 1.130000000000e+02, best bound 1.130000000000e+02, gap 0.0000%
113.0
