Set parameter Username
Set parameter LicenseID to value 2589207
Academic license - for non-commercial use only - expires 2025-11-23
Set parameter Threads to value 1
Set parameter Method to value 4
Gurobi Optimizer version 11.0.0 build v11.0.0rc2 (linux64 - "Red Hat Enterprise Linux 9.4 (Plow)")

CPU model: Intel(R) Xeon(R) CPU E5-2690 v4 @ 2.60GHz, instruction set [SSE2|AVX|AVX2]
Thread count: 28 physical cores, 56 logical processors, using up to 1 threads

Optimize a model with 1114 rows, 231 columns and 3340 nonzeros
Model fingerprint: 0x41060a74
Variable types: 140 continuous, 91 integer (91 binary)
Coefficient statistics:
  Matrix range     [1e+00, 1e+00]
  Objective range  [1e+01, 6e+01]
  Bounds range     [1e+00, 1e+00]
  RHS range        [1e+00, 2e+00]
Found heuristic solution: objective 573.0000000
Presolve removed 225 rows and 50 columns
Presolve time: 0.00s
Presolved: 889 rows, 181 columns, 2590 nonzeros
Variable types: 0 continuous, 181 integer (181 binary)

Root relaxation: objective 0.000000e+00, 105 iterations, 0.00 seconds (0.00 work units)

    Nodes    |    Current Node    |     Objective Bounds      |     Work
 Expl Unexpl |  Obj  Depth IntInf | Incumbent    BestBd   Gap | It/Node Time

     0     0    0.00000    0   30  573.00000    0.00000   100%     -    0s
H    0     0                     485.0000000    0.00000   100%     -    0s
H    0     0                     378.0000000    0.00000   100%     -    0s
H    0     0                     361.0000000    0.00000   100%     -    0s
H    0     0                     310.0000000    0.00000   100%     -    0s
     0     0    0.00000    0   83  310.00000    0.00000   100%     -    0s
H    0     0                     276.0000000    0.00000   100%     -    0s
     0     0    0.00000    0   53  276.00000    0.00000   100%     -    0s
H    0     0                     275.0000000    0.00000   100%     -    0s
H    0     0                     247.0000000    0.00000   100%     -    0s
     0     0    0.00000    0   63  247.00000    0.00000   100%     -    0s
     0     0    0.00000    0   29  247.00000    0.00000   100%     -    0s
H    0     0                     222.0000000    0.00000   100%     -    0s
H    0     0                     207.0000000    0.00000   100%     -    0s
     0     0    0.00000    0   38  207.00000    0.00000   100%     -    0s
     0     0    0.00000    0   45  207.00000    0.00000   100%     -    0s
     0     0    0.00000    0   45  207.00000    0.00000   100%     -    0s
H    0     0                     202.0000000    0.00000   100%     -    0s
H    0     0                     199.0000000    0.00000   100%     -    0s
H    0     0                     189.0000000    0.00000   100%     -    0s
     0     2    0.00000    0   45  189.00000    0.00000   100%     -    0s
*   43    31              13     188.0000000   17.00000  91.0%  43.4    0s

Cutting planes:
  Cover: 2
  Inf proof: 34
  Zero half: 18
  RLT: 26
  BQP: 16

Explored 1755 nodes (36127 simplex iterations) in 2.11 seconds (1.53 work units)
Thread count was 1 (of 56 available processors)

Solution count 10: 188 189 199 ... 310

Optimal solution found (tolerance 1.00e-04)
Best objective 1.880000000000e+02, best bound 1.880000000000e+02, gap 0.0000%
188.0
