Set parameter Username
Set parameter LicenseID to value 2589207
Academic license - for non-commercial use only - expires 2025-11-23
Set parameter Threads to value 1
Set parameter Method to value 4
Gurobi Optimizer version 11.0.0 build v11.0.0rc2 (linux64 - "Red Hat Enterprise Linux 9.4 (Plow)")

CPU model: Intel(R) Xeon(R) CPU E5-2690 v4 @ 2.60GHz, instruction set [SSE2|AVX|AVX2]
Thread count: 28 physical cores, 56 logical processors, using up to 1 threads

Optimize a model with 1308 rows, 276 columns and 3932 nonzeros
Model fingerprint: 0x6ef70a2a
Variable types: 186 continuous, 90 integer (90 binary)
Coefficient statistics:
  Matrix range     [1e+00, 1e+00]
  Objective range  [2e+01, 6e+01]
  Bounds range     [1e+00, 1e+00]
  RHS range        [1e+00, 2e+00]
Found heuristic solution: objective 297.0000000
Presolve removed 260 rows and 62 columns
Presolve time: 0.01s
Presolved: 1048 rows, 214 columns, 3096 nonzeros
Variable types: 0 continuous, 214 integer (214 binary)

Root relaxation: objective 0.000000e+00, 147 iterations, 0.00 seconds (0.00 work units)

    Nodes    |    Current Node    |     Objective Bounds      |     Work
 Expl Unexpl |  Obj  Depth IntInf | Incumbent    BestBd   Gap | It/Node Time

     0     0    0.00000    0   53  297.00000    0.00000   100%     -    0s
H    0     0                     153.0000000    0.00000   100%     -    0s
H    0     0                     150.0000000    0.00000   100%     -    0s
     0     0    0.00000    0   23  150.00000    0.00000   100%     -    0s
     0     0    0.00000    0   33  150.00000    0.00000   100%     -    0s
H    0     0                     113.0000000    0.00000   100%     -    0s
     0     0    0.00000    0   27  113.00000    0.00000   100%     -    0s
     0     0    0.00000    0   40  113.00000    0.00000   100%     -    0s
     0     0    0.00000    0   40  113.00000    0.00000   100%     -    0s
     0     2    0.00000    0   40  113.00000    0.00000   100%     -    0s

Cutting planes:
  MIR: 6
  Zero half: 7
  RLT: 15
  BQP: 9

Explored 17 nodes (1470 simplex iterations) in 0.13 seconds (0.10 work units)
Thread count was 1 (of 56 available processors)

Solution count 4: 113 150 153 297 

Optimal solution found (tolerance 1.00e-04)
Best objective 1.130000000000e+02, best bound 1.130000000000e+02, gap 0.0000%
113.0
