Set parameter Username
Set parameter LicenseID to value 2589207
Academic license - for non-commercial use only - expires 2025-11-23
Set parameter Threads to value 1
Set parameter Method to value 4
Gurobi Optimizer version 11.0.0 build v11.0.0rc2 (linux64 - "Red Hat Enterprise Linux 9.4 (Plow)")

CPU model: Intel(R) Xeon(R) CPU E5-2690 v4 @ 2.60GHz, instruction set [SSE2|AVX|AVX2]
Thread count: 28 physical cores, 56 logical processors, using up to 1 threads

Optimize a model with 939 rows, 205 columns and 2817 nonzeros
Model fingerprint: 0xd99c3e4e
Variable types: 128 continuous, 77 integer (77 binary)
Coefficient statistics:
  Matrix range     [1e+00, 1e+00]
  Objective range  [2e+01, 6e+01]
  Bounds range     [1e+00, 1e+00]
  RHS range        [1e+00, 2e+00]
Found heuristic solution: objective 456.0000000
Presolve removed 185 rows and 45 columns
Presolve time: 0.00s
Presolved: 754 rows, 160 columns, 2212 nonzeros
Variable types: 0 continuous, 160 integer (160 binary)

Root relaxation: objective 0.000000e+00, 78 iterations, 0.00 seconds (0.00 work units)

    Nodes    |    Current Node    |     Objective Bounds      |     Work
 Expl Unexpl |  Obj  Depth IntInf | Incumbent    BestBd   Gap | It/Node Time

     0     0    0.00000    0   20  456.00000    0.00000   100%     -    0s
H    0     0                     291.0000000    0.00000   100%     -    0s
H    0     0                     285.0000000    0.00000   100%     -    0s
H    0     0                     217.0000000    0.00000   100%     -    0s
H    0     0                     183.0000000    0.00000   100%     -    0s
     0     0    0.00000    0   37  183.00000    0.00000   100%     -    0s
H    0     0                     164.0000000    0.00000   100%     -    0s
H    0     0                     153.0000000    0.00000   100%     -    0s
H    0     0                     122.0000000    0.00000   100%     -    0s
     0     0    0.00000    0   41  122.00000    0.00000   100%     -    0s
H    0     0                     113.0000000    0.00000   100%     -    0s
     0     0    0.00000    0   32  113.00000    0.00000   100%     -    0s
     0     0    0.00000    0   30  113.00000    0.00000   100%     -    0s
     0     0    0.00000    0   29  113.00000    0.00000   100%     -    0s
     0     0    0.00000    0   29  113.00000    0.00000   100%     -    0s
     0     2    0.00000    0   29  113.00000    0.00000   100%     -    0s

Cutting planes:
  MIR: 2
  Zero half: 5
  RLT: 5
  BQP: 2

Explored 142 nodes (3208 simplex iterations) in 0.22 seconds (0.16 work units)
Thread count was 1 (of 56 available processors)

Solution count 9: 113 122 153 ... 456

Optimal solution found (tolerance 1.00e-04)
Best objective 1.130000000000e+02, best bound 1.130000000000e+02, gap 0.0000%
113.0
