Set parameter Username
Set parameter LicenseID to value 2589207
Academic license - for non-commercial use only - expires 2025-11-23
Set parameter Threads to value 1
Set parameter Method to value 4
Gurobi Optimizer version 11.0.0 build v11.0.0rc2 (linux64 - "Red Hat Enterprise Linux 9.4 (Plow)")

CPU model: Intel(R) Xeon(R) CPU E5-2690 v4 @ 2.60GHz, instruction set [SSE2|AVX|AVX2]
Thread count: 28 physical cores, 56 logical processors, using up to 1 threads

Optimize a model with 2644 rows, 456 columns and 7956 nonzeros
Model fingerprint: 0xfb1fab20
Variable types: 258 continuous, 198 integer (198 binary)
Coefficient statistics:
  Matrix range     [1e+00, 1e+00]
  Objective range  [5e+00, 6e+01]
  Bounds range     [1e+00, 1e+00]
  RHS range        [1e+00, 2e+00]
Presolve removed 540 rows and 90 columns
Presolve time: 0.01s
Presolved: 2104 rows, 366 columns, 6084 nonzeros
Variable types: 0 continuous, 366 integer (366 binary)
Found heuristic solution: objective 624.0000000

Root relaxation: objective 0.000000e+00, 175 iterations, 0.01 seconds (0.01 work units)

    Nodes    |    Current Node    |     Objective Bounds      |     Work
 Expl Unexpl |  Obj  Depth IntInf | Incumbent    BestBd   Gap | It/Node Time

     0     0    0.00000    0   47  624.00000    0.00000   100%     -    0s
H    0     0                     539.0000000    0.00000   100%     -    0s
     0     0    0.00000    0  110  539.00000    0.00000   100%     -    0s
H    0     0                     533.0000000    0.00000   100%     -    0s
H    0     0                     478.0000000    0.00000   100%     -    0s
     0     0    0.00000    0   88  478.00000    0.00000   100%     -    0s
H    0     0                     452.0000000    0.00000   100%     -    0s
     0     0    0.00000    0   62  452.00000    0.00000   100%     -    0s
     0     0    0.00000    0  106  452.00000    0.00000   100%     -    0s
H    0     0                     428.0000000    0.00000   100%     -    0s
H    0     0                     368.0000000    0.00000   100%     -    0s
     0     0    0.00000    0  142  368.00000    0.00000   100%     -    0s
     0     0    0.00000    0   74  368.00000    0.00000   100%     -    0s
     0     0    0.00000    0   61  368.00000    0.00000   100%     -    0s
     0     2    0.00000    0   61  368.00000    0.00000   100%     -    0s
H   28    24                     320.0000000    0.00000   100%   118    0s
H   55    49                     293.0000000    0.00000   100%  95.6    0s
H   79    63                     284.0000000    0.00000   100%  71.6    0s
   980   508  197.78571   25   97  284.00000    6.00000  97.9%  63.0    5s
  2144   829 infeasible   40       284.00000   10.20000  96.4%  50.3   10s
  3849  1669  178.85000   30  116  284.00000   34.43590  87.9%  41.6   15s
  5402  2310  276.00000   28   24  284.00000   44.83333  84.2%  39.0   20s
  7040  2942     cutoff   38       284.00000   57.00000  79.9%  37.3   25s
  8876  3690  252.64286   38   62  284.00000   62.45833  78.0%  36.2   30s
 10202  4221 infeasible   47       284.00000   67.62500  76.2%  35.4   39s
 10334  4280  162.72222   31  146  284.00000   68.06000  76.0%  35.4   40s
 12294  4950  203.12500   27   73  284.00000   75.01683  73.6%  35.0   45s
 14028  5574  143.19348   23  140  284.00000   81.33333  71.4%  34.7   50s
 15575  6031  225.42262   32  111  284.00000   85.28571  70.0%  35.3   55s
 17214  6504  254.09091   48   78  284.00000   89.69048  68.4%  35.4   60s
 18838  6858  104.22500   24   99  284.00000   94.00000  66.9%  35.7   65s
 20404  7315 infeasible   32       284.00000   97.50000  65.7%  35.9   70s
 22109  7738  259.11111   40   74  284.00000  101.70000  64.2%  35.9   75s
 23710  8098  152.83333   34  106  284.00000  105.54167  62.8%  36.1   80s
 25308  8466  118.50000   34   61  284.00000  109.00000  61.6%  36.4   85s
 27086  8842  127.50000   34   82  284.00000  112.36012  60.4%  36.2   90s
 28767  9258  269.31746   39   98  284.00000  115.60000  59.3%  36.1   95s
 30491  9650     cutoff   40       284.00000  118.72727  58.2%  36.0  100s
 32197 10045  157.41667   38   82  284.00000  121.70370  57.1%  35.9  105s
 33886 10376  180.42857   40  101  284.00000  124.50000  56.2%  35.9  110s
 35589 10696  191.88889   32  103  284.00000  127.05556  55.3%  35.9  115s
 37186 11033 infeasible   37       284.00000  129.35417  54.5%  35.9  120s
 38782 11308  238.10000   43   66  284.00000  131.70238  53.6%  36.0  125s
 40465 11664  272.65417   32  116  284.00000  133.87500  52.9%  36.0  130s
 42058 11985  249.33333   40   54  284.00000  136.00000  52.1%  35.9  135s
 43767 12251  274.08333   22   97  284.00000  138.70833  51.2%  35.9  140s
 45394 12507  223.74510   41   77  284.00000  140.52326  50.5%  35.9  145s
 47132 12827  204.05128   31   70  284.00000  142.70278  49.8%  35.8  150s
 49015 13126  259.85714   29  126  284.00000  145.00000  48.9%  35.7  155s
 50750 13381  238.17625   40  119  284.00000  147.00000  48.2%  35.5  160s
 52529 13596  257.12121   38  125  284.00000  149.49327  47.4%  35.5  165s
 54265 13856  258.00000   31  106  284.00000  151.50000  46.7%  35.5  170s
 55933 14052  257.83333   32   65  284.00000  153.33333  46.0%  35.5  175s
 57580 14212  278.00000   30  105  284.00000  155.03889  45.4%  35.5  180s
 59389 14431  215.60714   31   97  284.00000  157.25000  44.6%  35.4  185s
 61208 14692  237.40000   32   69  284.00000  159.00000  44.0%  35.3  190s
 63057 14908  197.55143   36  112  284.00000  161.00000  43.3%  35.2  195s
 64758 15134  272.66667   31   63  284.00000  162.27778  42.9%  35.1  200s
 66612 15323  278.50000   40   56  284.00000  164.00000  42.3%  35.0  205s
 68445 15487  195.96296   31  123  284.00000  166.00000  41.5%  34.9  210s
 70268 15654  279.25000   50   47  284.00000  167.50000  41.0%  34.8  215s
 72126 15795  254.78125   46  112  284.00000  169.04545  40.5%  34.8  220s
 73964 15985  237.25000   41   83  284.00000  170.55238  39.9%  34.7  225s
 75807 16136 infeasible   39       284.00000  172.25000  39.3%  34.6  230s
 77624 16253  237.00000   30   51  284.00000  173.66667  38.8%  34.6  235s
 79438 16340  226.88889   33   75  284.00000  175.24444  38.3%  34.5  240s
 81300 16434  249.86667   36   84  284.00000  176.87778  37.7%  34.5  245s
 83236 16568 infeasible   42       284.00000  178.11111  37.3%  34.3  250s
 85007 16661  240.66667   32   52  284.00000  179.50000  36.8%  34.3  255s
 86910 16825  258.16667   42   52  284.00000  181.00000  36.3%  34.2  260s
 88967 16875  249.26087   29  108  284.00000  182.62950  35.7%  34.1  265s
 90993 16986  269.58333   34   63  284.00000  184.00000  35.2%  34.0  270s
 92900 17064 infeasible   35       284.00000  185.45833  34.7%  33.9  275s
 94744 17122 infeasible   40       284.00000  186.61429  34.3%  33.9  280s
 96696 17115  248.50000   39   21  284.00000  188.16667  33.7%  33.8  285s
 98731 17151 infeasible   33       284.00000  189.50000  33.3%  33.7  290s
 100736 17129  250.91667   35   83  284.00000  191.07843  32.7%  33.6  295s
 102748 17159 infeasible   42       284.00000  192.52281  32.2%  33.5  300s
 104759 17108  216.50000   29   59  284.00000  194.00021  31.7%  33.4  305s
 106734 17061  204.42725   39  121  284.00000  195.50000  31.2%  33.4  310s
 108747 17018  209.08266   36  139  284.00000  196.91023  30.7%  33.3  315s
 110654 16964  231.90909   34   63  284.00000  198.45455  30.1%  33.3  320s
 112710 16952  249.18542   31  100  284.00000  199.70000  29.7%  33.2  325s
 114845 16856     cutoff   38       284.00000  201.08333  29.2%  33.1  330s
 116865 16759  282.07619   40   67  284.00000  202.50000  28.7%  33.0  335s
 118936 16718     cutoff   48       284.00000  203.80000  28.2%  32.9  340s
 120955 16614  216.50000   37   75  284.00000  205.13636  27.8%  32.9  345s
 122808 16492  256.33333   38  106  284.00000  206.50000  27.3%  32.8  350s
 124870 16247  266.51667   31  100  284.00000  208.00000  26.8%  32.7  355s
 127122 16071  258.48049   39  130  284.00000  209.34524  26.3%  32.6  360s
 129178 15943  219.83333   34   93  284.00000  210.66667  25.8%  32.5  365s
 131315 15793  274.11111   40   74  284.00000  212.09091  25.3%  32.5  370s
 133450 15643 infeasible   36       284.00000  213.54384  24.8%  32.4  375s
 135561 15390     cutoff   39       284.00000  214.91869  24.3%  32.3  380s
 137705 15161  250.33333   40   60  284.00000  216.33333  23.8%  32.2  385s
 139844 14886     cutoff   33       284.00000  217.70000  23.3%  32.1  390s
 142107 14632     cutoff   42       284.00000  219.04167  22.9%  32.0  395s
 144283 14334  232.50122   41  118  284.00000  220.46667  22.4%  32.0  400s
 146506 14043  252.38705   33   87  284.00000  221.79167  21.9%  31.8  405s
 148713 13687  244.50000   37   97  284.00000  223.38776  21.3%  31.8  410s
 150778 13338  235.00000   37   72  284.00000  224.72222  20.9%  31.7  415s
 153070 12899     cutoff   49       284.00000  226.33333  20.3%  31.6  420s
 155402 12516     cutoff   46       284.00000  228.00000  19.7%  31.5  425s
 157773 12058     cutoff   42       284.00000  229.64079  19.1%  31.4  430s
 160106 11550  253.50000   33   93  284.00000  231.25000  18.6%  31.3  435s
 162357 11009     cutoff   43       284.00000  233.09167  17.9%  31.2  440s
 164836 10485  268.50000   39   13  284.00000  234.90909  17.3%  31.1  445s
 167235  9967  268.10000   44   58  284.00000  236.49167  16.7%  31.0  450s
 169662  9340  274.66667   47   68  284.00000  238.40000  16.1%  30.9  455s
 172111  8633  272.63636   41   90  284.00000  240.58095  15.3%  30.7  460s
 174517  7891     cutoff   41       284.00000  242.80556  14.5%  30.6  465s
 176973  7142     cutoff   46       284.00000  245.10000  13.7%  30.5  470s
 179502  6302     cutoff   42       284.00000  247.96000  12.7%  30.3  475s
 182036  5451  252.57143   43   82  284.00000  250.55556  11.8%  30.2  480s
 184849  4419  267.00000   46   54  284.00000  254.00000  10.6%  30.0  485s
 187758  3161     cutoff   38       284.00000  258.33333  9.04%  29.8  490s
 190945  1519     cutoff   37       284.00000  266.62857  6.12%  29.5  495s

Cutting planes:
  Implied bound: 10
  Flow cover: 3
  Zero half: 14
  RLT: 107
  BQP: 82

Explored 192987 nodes (5652519 simplex iterations) in 497.94 seconds (397.08 work units)
Thread count was 1 (of 56 available processors)

Solution count 10: 284 284 293 ... 539

Optimal solution found (tolerance 1.00e-04)
Best objective 2.840000000000e+02, best bound 2.840000000000e+02, gap 0.0000%
284.0
