Set parameter Username
Set parameter LicenseID to value 2589207
Academic license - for non-commercial use only - expires 2025-11-23
Set parameter Threads to value 1
Set parameter Method to value 4
Gurobi Optimizer version 11.0.0 build v11.0.0rc2 (linux64 - "Red Hat Enterprise Linux 9.4 (Plow)")

CPU model: Intel(R) Xeon(R) CPU E5-2690 v4 @ 2.60GHz, instruction set [SSE2|AVX|AVX2]
Thread count: 28 physical cores, 56 logical processors, using up to 1 threads

Optimize a model with 228 rows, 72 columns and 668 nonzeros
Model fingerprint: 0xc8e4a000
Variable types: 42 continuous, 30 integer (30 binary)
Coefficient statistics:
  Matrix range     [1e+00, 1e+00]
  Objective range  [2e+01, 6e+01]
  Bounds range     [1e+00, 1e+00]
  RHS range        [1e+00, 2e+00]
Found heuristic solution: objective 170.0000000
Presolve removed 47 rows and 17 columns
Presolve time: 0.00s
Presolved: 181 rows, 55 columns, 519 nonzeros
Variable types: 0 continuous, 55 integer (55 binary)

Root relaxation: objective 0.000000e+00, 33 iterations, 0.00 seconds (0.00 work units)

    Nodes    |    Current Node    |     Objective Bounds      |     Work
 Expl Unexpl |  Obj  Depth IntInf | Incumbent    BestBd   Gap | It/Node Time

     0     0    0.00000    0   23  170.00000    0.00000   100%     -    0s
H    0     0                     153.0000000    0.00000   100%     -    0s
     0     0    0.00000    0   28  153.00000    0.00000   100%     -    0s
     0     0   29.00000    0   22  153.00000   29.00000  81.0%     -    0s
     0     0   44.15789    0   42  153.00000   44.15789  71.1%     -    0s
     0     0   44.50000    0   35  153.00000   44.50000  70.9%     -    0s
     0     0   44.50000    0   37  153.00000   44.50000  70.9%     -    0s
     0     0   48.89474    0   32  153.00000   48.89474  68.0%     -    0s
     0     0   49.68831    0   36  153.00000   49.68831  67.5%     -    0s
     0     0   51.07959    0   41  153.00000   51.07959  66.6%     -    0s
     0     0   52.01923    0   36  153.00000   52.01923  66.0%     -    0s
     0     0   52.80000    0   34  153.00000   52.80000  65.5%     -    0s
     0     0   52.80000    0   34  153.00000   52.80000  65.5%     -    0s
     0     0   53.14286    0   36  153.00000   53.14286  65.3%     -    0s
     0     0   53.25000    0   34  153.00000   53.25000  65.2%     -    0s
     0     0   55.15385    0   40  153.00000   55.15385  64.0%     -    0s
     0     0   55.57143    0   36  153.00000   55.57143  63.7%     -    0s
     0     0   55.66667    0   40  153.00000   55.66667  63.6%     -    0s
     0     0   56.22222    0   40  153.00000   56.22222  63.3%     -    0s
     0     0   56.33333    0   38  153.00000   56.33333  63.2%     -    0s
     0     0   56.80000    0   31  153.00000   56.80000  62.9%     -    0s
     0     0   56.80392    0   40  153.00000   56.80392  62.9%     -    0s
     0     0   57.40000    0   38  153.00000   57.40000  62.5%     -    0s
     0     0   57.40000    0   38  153.00000   57.40000  62.5%     -    0s
     0     2   58.33333    0   36  153.00000   58.33333  61.9%     -    0s

Cutting planes:
  MIR: 4
  Zero half: 3
  Mod-K: 2
  RLT: 4
  BQP: 6

Explored 11 nodes (410 simplex iterations) in 0.06 seconds (0.03 work units)
Thread count was 1 (of 56 available processors)

Solution count 2: 153 170 

Optimal solution found (tolerance 1.00e-04)
Best objective 1.530000000000e+02, best bound 1.530000000000e+02, gap 0.0000%
153.0
