Set parameter Username
Set parameter LicenseID to value 2589207
Academic license - for non-commercial use only - expires 2025-11-23
Set parameter Threads to value 1
Set parameter Method to value 4
Gurobi Optimizer version 11.0.0 build v11.0.0rc2 (linux64 - "Red Hat Enterprise Linux 9.4 (Plow)")

CPU model: Intel(R) Xeon(R) CPU E5-2690 v4 @ 2.60GHz, instruction set [SSE2|AVX|AVX2]
Thread count: 28 physical cores, 56 logical processors, using up to 1 threads

Optimize a model with 901 rows, 181 columns and 2689 nonzeros
Model fingerprint: 0x3d954820
Variable types: 106 continuous, 75 integer (75 binary)
Coefficient statistics:
  Matrix range     [1e+00, 1e+00]
  Objective range  [2e+01, 3e+02]
  Bounds range     [1e+00, 1e+00]
  RHS range        [1e+00, 2e+00]
Found heuristic solution: objective 786.0000000
Presolve removed 154 rows and 34 columns
Presolve time: 0.00s
Presolved: 747 rows, 147 columns, 2185 nonzeros
Variable types: 0 continuous, 147 integer (147 binary)

Root relaxation: objective 0.000000e+00, 77 iterations, 0.00 seconds (0.00 work units)

    Nodes    |    Current Node    |     Objective Bounds      |     Work
 Expl Unexpl |  Obj  Depth IntInf | Incumbent    BestBd   Gap | It/Node Time

     0     0    0.00000    0   30  786.00000    0.00000   100%     -    0s
H    0     0                     478.0000000    0.00000   100%     -    0s
H    0     0                     472.0000000    0.00000   100%     -    0s
     0     0    0.00000    0   50  472.00000    0.00000   100%     -    0s
H    0     0                     457.0000000    0.00000   100%     -    0s
     0     0    0.00000    0   42  457.00000    0.00000   100%     -    0s
H    0     0                     448.0000000    0.00000   100%     -    0s
H    0     0                     430.0000000    0.00000   100%     -    0s
H    0     0                     394.0000000    0.00000   100%     -    0s
H    0     0                     373.0000000    0.00000   100%     -    0s
     0     0    0.00000    0   46  373.00000    0.00000   100%     -    0s
     0     0    0.00000    0   26  373.00000    0.00000   100%     -    0s
H    0     0                     363.0000000    0.00000   100%     -    0s
H    0     0                     300.0000000    0.00000   100%     -    0s
     0     0    0.00000    0   56  300.00000    0.00000   100%     -    0s
     0     0    0.00000    0   29  300.00000    0.00000   100%     -    0s
     0     0    0.00000    0   31  300.00000    0.00000   100%     -    0s
     0     0    0.00000    0   40  300.00000    0.00000   100%     -    0s
     0     0    0.00000    0   40  300.00000    0.00000   100%     -    0s
     0     0    0.00000    0   38  300.00000    0.00000   100%     -    0s
     0     0    0.00000    0   53  300.00000    0.00000   100%     -    0s
     0     0    0.00000    0   49  300.00000    0.00000   100%     -    0s
     0     0    0.00000    0   46  300.00000    0.00000   100%     -    0s
     0     0    0.00000    0   53  300.00000    0.00000   100%     -    0s
     0     0    0.00000    0   64  300.00000    0.00000   100%     -    0s
     0     0    0.00000    0   62  300.00000    0.00000   100%     -    0s
     0     0    0.00000    0   42  300.00000    0.00000   100%     -    0s
     0     0    0.00000    0   42  300.00000    0.00000   100%     -    0s
     0     2   13.30000    0   42  300.00000   13.30000  95.6%     -    0s

Cutting planes:
  Inf proof: 5
  Zero half: 25
  RLT: 13
  BQP: 13

Explored 258 nodes (5781 simplex iterations) in 0.37 seconds (0.27 work units)
Thread count was 1 (of 56 available processors)

Solution count 10: 300 363 373 ... 786

Optimal solution found (tolerance 1.00e-04)
Best objective 3.000000000000e+02, best bound 3.000000000000e+02, gap 0.0000%
300.0
