Set parameter Username
Set parameter LicenseID to value 2589207
Academic license - for non-commercial use only - expires 2025-11-23
Set parameter Threads to value 1
Set parameter Method to value 4
Gurobi Optimizer version 11.0.0 build v11.0.0rc2 (linux64 - "Red Hat Enterprise Linux 9.4 (Plow)")

CPU model: Intel(R) Xeon(R) CPU E5-2690 v4 @ 2.60GHz, instruction set [SSE2|AVX|AVX2]
Thread count: 28 physical cores, 56 logical processors, using up to 1 threads

Optimize a model with 1272 rows, 232 columns and 3808 nonzeros
Model fingerprint: 0x3b24c422
Variable types: 136 continuous, 96 integer (96 binary)
Coefficient statistics:
  Matrix range     [1e+00, 1e+00]
  Objective range  [2e+01, 3e+02]
  Bounds range     [1e+00, 1e+00]
  RHS range        [1e+00, 2e+00]
Presolve removed 217 rows and 43 columns
Presolve time: 0.01s
Presolved: 1055 rows, 189 columns, 3093 nonzeros
Variable types: 0 continuous, 189 integer (189 binary)
Found heuristic solution: objective 2914.0000000
Found heuristic solution: objective 2595.0000000
Found heuristic solution: objective 2490.0000000

Root relaxation: objective 0.000000e+00, 108 iterations, 0.00 seconds (0.00 work units)

    Nodes    |    Current Node    |     Objective Bounds      |     Work
 Expl Unexpl |  Obj  Depth IntInf | Incumbent    BestBd   Gap | It/Node Time

     0     0    0.00000    0   33 2490.00000    0.00000   100%     -    0s
H    0     0                     483.0000000    0.00000   100%     -    0s
H    0     0                     446.0000000    0.00000   100%     -    0s
     0     0    0.00000    0   59  446.00000    0.00000   100%     -    0s
H    0     0                     440.0000000    0.00000   100%     -    0s
     0     0    0.00000    0   46  440.00000    0.00000   100%     -    0s
H    0     0                     412.0000000    0.00000   100%     -    0s
     0     0    0.00000    0   47  412.00000    0.00000   100%     -    0s
     0     0    0.00000    0   47  412.00000    0.00000   100%     -    0s
     0     0    0.00000    0   48  412.00000    0.00000   100%     -    0s
     0     0    0.00000    0   53  412.00000    0.00000   100%     -    0s
     0     0    0.00000    0   53  412.00000    0.00000   100%     -    0s
     0     2    0.00000    0   46  412.00000    0.00000   100%     -    0s
*   27    25              15     399.0000000   37.00000  90.7%  38.2    0s
H   56    42                     375.0000000   49.75000  86.7%  39.4    0s

Cutting planes:
  MIR: 3
  Flow cover: 1
  Inf proof: 24
  Zero half: 38
  RLT: 23
  BQP: 18

Explored 2851 nodes (60069 simplex iterations) in 3.31 seconds (2.53 work units)
Thread count was 1 (of 56 available processors)

Solution count 9: 375 399 412 ... 2914

Optimal solution found (tolerance 1.00e-04)
Best objective 3.750000000000e+02, best bound 3.750000000000e+02, gap 0.0000%
375.0
