Set parameter Username
Set parameter LicenseID to value 2589207
Academic license - for non-commercial use only - expires 2025-11-23
Set parameter Threads to value 1
Set parameter Method to value 4
Gurobi Optimizer version 11.0.0 build v11.0.0rc2 (linux64 - "Red Hat Enterprise Linux 9.4 (Plow)")

CPU model: Intel(R) Xeon(R) CPU E5-2690 v4 @ 2.60GHz, instruction set [SSE2|AVX|AVX2]
Thread count: 28 physical cores, 56 logical processors, using up to 1 threads

Optimize a model with 277 rows, 94 columns and 796 nonzeros
Model fingerprint: 0x92b8b048
Variable types: 64 continuous, 30 integer (30 binary)
Coefficient statistics:
  Matrix range     [1e+00, 1e+00]
  Objective range  [2e+01, 3e+02]
  Bounds range     [1e+00, 1e+00]
  RHS range        [1e+00, 2e+00]
Found heuristic solution: objective 1598.0000000
Presolve removed 174 rows and 44 columns
Presolve time: 0.00s
Presolved: 103 rows, 50 columns, 281 nonzeros
Variable types: 0 continuous, 50 integer (50 binary)
Found heuristic solution: objective 1561.0000000

Root relaxation: objective 0.000000e+00, 21 iterations, 0.00 seconds (0.00 work units)

    Nodes    |    Current Node    |     Objective Bounds      |     Work
 Expl Unexpl |  Obj  Depth IntInf | Incumbent    BestBd   Gap | It/Node Time

     0     0    0.00000    0   19 1561.00000    0.00000   100%     -    0s
H    0     0                    1154.0000000    0.00000   100%     -    0s
H    0     0                     604.0000000    0.00000   100%     -    0s
     0     0  260.37500    0   37  604.00000  260.37500  56.9%     -    0s
     0     0  265.00000    0   33  604.00000  265.00000  56.1%     -    0s
     0     0  313.08333    0   40  604.00000  313.08333  48.2%     -    0s
     0     0  317.00000    0   26  604.00000  317.00000  47.5%     -    0s
     0     0  324.37500    0   43  604.00000  324.37500  46.3%     -    0s
     0     0  325.53846    0   44  604.00000  325.53846  46.1%     -    0s
     0     0  326.44444    0   46  604.00000  326.44444  46.0%     -    0s
     0     0  369.83333    0   41  604.00000  369.83333  38.8%     -    0s
     0     0  376.60714    0   41  604.00000  376.60714  37.6%     -    0s
     0     0  377.72222    0   41  604.00000  377.72222  37.5%     -    0s
     0     0  377.95000    0   43  604.00000  377.95000  37.4%     -    0s
     0     0  396.22727    0   40  604.00000  396.22727  34.4%     -    0s
     0     0  396.22727    0   40  604.00000  396.22727  34.4%     -    0s
     0     2  396.87500    0   40  604.00000  396.87500  34.3%     -    0s

Cutting planes:
  Gomory: 1
  Clique: 2
  MIR: 11
  Zero half: 9
  RLT: 7
  BQP: 2

Explored 7 nodes (288 simplex iterations) in 0.04 seconds (0.02 work units)
Thread count was 1 (of 56 available processors)

Solution count 4: 604 1154 1561 1598 

Optimal solution found (tolerance 1.00e-04)
Best objective 6.040000000000e+02, best bound 6.040000000000e+02, gap 0.0000%
604.0
