Set parameter Username
Set parameter LicenseID to value 2589207
Academic license - for non-commercial use only - expires 2025-11-23
Set parameter Threads to value 1
Set parameter Method to value 4
Gurobi Optimizer version 11.0.0 build v11.0.0rc2 (linux64 - "Red Hat Enterprise Linux 9.4 (Plow)")

CPU model: Intel(R) Xeon(R) CPU E5-2690 v4 @ 2.60GHz, instruction set [SSE2|AVX|AVX2]
Thread count: 28 physical cores, 56 logical processors, using up to 1 threads

Optimize a model with 1944 rows, 320 columns and 5840 nonzeros
Model fingerprint: 0xed066946
Variable types: 192 continuous, 128 integer (128 binary)
Coefficient statistics:
  Matrix range     [1e+00, 1e+00]
  Objective range  [2e+01, 3e+02]
  Bounds range     [1e+00, 1e+00]
  RHS range        [1e+00, 2e+00]
Presolve removed 340 rows and 60 columns
Presolve time: 0.01s
Presolved: 1604 rows, 260 columns, 4724 nonzeros
Variable types: 0 continuous, 260 integer (260 binary)
Found heuristic solution: objective 2595.0000000
Found heuristic solution: objective 2490.0000000

Root relaxation: objective 0.000000e+00, 120 iterations, 0.00 seconds (0.00 work units)

    Nodes    |    Current Node    |     Objective Bounds      |     Work
 Expl Unexpl |  Obj  Depth IntInf | Incumbent    BestBd   Gap | It/Node Time

     0     0    0.00000    0   32 2490.00000    0.00000   100%     -    0s
H    0     0                    1018.0000000    0.00000   100%     -    0s
H    0     0                     827.0000000    0.00000   100%     -    0s
     0     0    0.00000    0   83  827.00000    0.00000   100%     -    0s
H    0     0                     814.0000000    0.00000   100%     -    0s
H    0     0                     772.0000000    0.00000   100%     -    0s
     0     0    0.00000    0   53  772.00000    0.00000   100%     -    0s
H    0     0                     552.0000000    0.00000   100%     -    0s
     0     0    0.00000    0   47  552.00000    0.00000   100%     -    0s
     0     0    0.00000    0   96  552.00000    0.00000   100%     -    0s
H    0     0                     457.0000000    0.00000   100%     -    0s
     0     0    0.00000    0   97  457.00000    0.00000   100%     -    0s
     0     0    0.00000    0   54  457.00000    0.00000   100%     -    0s
     0     0    0.00000    0   54  457.00000    0.00000   100%     -    0s
H    0     0                     450.0000000    0.00000   100%     -    0s
     0     2    0.00000    0   54  450.00000    0.00000   100%     -    0s
H   27    26                     429.0000000   52.00000  87.9%  62.3    0s
*   29    27              17     410.0000000   52.00000  87.3%  58.7    0s
*  138    75              13     404.0000000   67.00000  83.4%  40.3    0s
*  172    91              20     384.0000000   67.00000  82.6%  39.2    0s
*  373   175              15     375.0000000   87.00000  76.8%  36.4    0s
  2282   313     cutoff   23       375.00000  220.00000  41.3%  24.9    5s

Cutting planes:
  Zero half: 6
  RLT: 5
  BQP: 2

Explored 4244 nodes (89292 simplex iterations) in 8.24 seconds (6.31 work units)
Thread count was 1 (of 56 available processors)

Solution count 10: 375 384 404 ... 814

Optimal solution found (tolerance 1.00e-04)
Best objective 3.750000000000e+02, best bound 3.750000000000e+02, gap 0.0000%
375.0
