Set parameter Username
Set parameter LicenseID to value 2589207
Academic license - for non-commercial use only - expires 2025-11-23
Set parameter Threads to value 1
Set parameter Method to value 4
Gurobi Optimizer version 11.0.0 build v11.0.0rc2 (linux64 - "Red Hat Enterprise Linux 9.4 (Plow)")

CPU model: Intel(R) Xeon(R) CPU E5-2690 v4 @ 2.60GHz, instruction set [SSE2|AVX|AVX2]
Thread count: 28 physical cores, 56 logical processors, using up to 1 threads

Optimize a model with 1592 rows, 274 columns and 4776 nonzeros
Model fingerprint: 0x80af3c01
Variable types: 162 continuous, 112 integer (112 binary)
Coefficient statistics:
  Matrix range     [1e+00, 1e+00]
  Objective range  [2e+01, 3e+02]
  Bounds range     [1e+00, 1e+00]
  RHS range        [1e+00, 2e+00]
Found heuristic solution: objective 2294.0000000
Presolve removed 275 rows and 51 columns
Presolve time: 0.01s
Presolved: 1317 rows, 223 columns, 3871 nonzeros
Variable types: 0 continuous, 223 integer (223 binary)

Root relaxation: objective 0.000000e+00, 130 iterations, 0.00 seconds (0.00 work units)

    Nodes    |    Current Node    |     Objective Bounds      |     Work
 Expl Unexpl |  Obj  Depth IntInf | Incumbent    BestBd   Gap | It/Node Time

     0     0    0.00000    0   31 2294.00000    0.00000   100%     -    0s
H    0     0                    1018.0000000    0.00000   100%     -    0s
H    0     0                    1015.0000000    0.00000   100%     -    0s
H    0     0                     827.0000000    0.00000   100%     -    0s
     0     0    0.00000    0   84  827.00000    0.00000   100%     -    0s
H    0     0                     690.0000000    0.00000   100%     -    0s
H    0     0                     602.0000000    0.00000   100%     -    0s
H    0     0                     512.0000000    0.00000   100%     -    0s
     0     0    0.00000    0   43  512.00000    0.00000   100%     -    0s
H    0     0                     408.0000000    0.00000   100%     -    0s
     0     0    0.00000    0   59  408.00000    0.00000   100%     -    0s
     0     0    0.00000    0   48  408.00000    0.00000   100%     -    0s
     0     0    0.00000    0   47  408.00000    0.00000   100%     -    0s
H    0     0                     384.0000000    0.00000   100%     -    0s
     0     2    0.00000    0   47  384.00000    0.00000   100%     -    0s
*  108    57              19     375.0000000   21.00000  94.4%  35.5    0s
  2660   369  216.00000   22   94  375.00000  178.00000  52.5%  22.8    5s
  7002   149  353.30000   34   72  375.00000  338.50000  9.73%  18.3   10s

Cutting planes:
  Gomory: 1
  Zero half: 4
  RLT: 2
  BQP: 2

Explored 7231 nodes (132052 simplex iterations) in 10.20 seconds (7.62 work units)
Thread count was 1 (of 56 available processors)

Solution count 10: 375 384 408 ... 2294

Optimal solution found (tolerance 1.00e-04)
Best objective 3.750000000000e+02, best bound 3.750000000000e+02, gap 0.0000%
375.0
