Set parameter Username
Set parameter LicenseID to value 2589207
Academic license - for non-commercial use only - expires 2025-11-23
Set parameter Threads to value 1
Set parameter Method to value 4
Gurobi Optimizer version 11.0.0 build v11.0.0rc2 (linux64 - "Red Hat Enterprise Linux 9.4 (Plow)")

CPU model: Intel(R) Xeon(R) CPU E5-2690 v4 @ 2.60GHz, instruction set [SSE2|AVX|AVX2]
Thread count: 28 physical cores, 56 logical processors, using up to 1 threads

Optimize a model with 762 rows, 185 columns and 2228 nonzeros
Model fingerprint: 0xab0e67f0
Variable types: 122 continuous, 63 integer (63 binary)
Coefficient statistics:
  Matrix range     [1e+00, 1e+00]
  Objective range  [1e+01, 3e+02]
  Bounds range     [1e+00, 1e+00]
  RHS range        [1e+00, 2e+00]
Presolve removed 137 rows and 38 columns
Presolve time: 0.00s
Presolved: 625 rows, 147 columns, 1788 nonzeros
Variable types: 0 continuous, 147 integer (147 binary)
Found heuristic solution: objective 2960.0000000
Found heuristic solution: objective 2322.0000000

Root relaxation: objective 0.000000e+00, 67 iterations, 0.00 seconds (0.00 work units)

    Nodes    |    Current Node    |     Objective Bounds      |     Work
 Expl Unexpl |  Obj  Depth IntInf | Incumbent    BestBd   Gap | It/Node Time

     0     0    0.00000    0   43 2322.00000    0.00000   100%     -    0s
H    0     0                    1718.0000000    0.00000   100%     -    0s
H    0     0                    1522.0000000    0.00000   100%     -    0s
H    0     0                    1462.0000000    0.00000   100%     -    0s
H    0     0                    1414.0000000    0.00000   100%     -    0s
     0     0    0.00000    0   69 1414.00000    0.00000   100%     -    0s
H    0     0                    1110.0000000    0.00000   100%     -    0s
H    0     0                     888.0000000    0.00000   100%     -    0s
     0     0  153.96524    0   95  888.00000  153.96524  82.7%     -    0s
     0     0  161.06818    0   77  888.00000  161.06818  81.9%     -    0s
     0     0  161.97041    0  104  888.00000  161.97041  81.8%     -    0s
     0     0  204.90000    0   99  888.00000  204.90000  76.9%     -    0s
H    0     0                     840.0000000  204.90000  75.6%     -    0s
     0     0  213.87831    0  113  840.00000  213.87831  74.5%     -    0s
     0     0  214.91667    0  113  840.00000  214.91667  74.4%     -    0s
     0     0  214.92160    0  113  840.00000  214.92160  74.4%     -    0s
     0     0  231.68500    0  111  840.00000  231.68500  72.4%     -    0s
     0     0  233.27451    0  111  840.00000  233.27451  72.2%     -    0s
     0     0  233.87037    0  109  840.00000  233.87037  72.2%     -    0s
     0     0  234.82456    0  113  840.00000  234.82456  72.0%     -    0s
     0     0  234.87037    0  112  840.00000  234.87037  72.0%     -    0s
     0     0  238.67917    0  118  840.00000  238.67917  71.6%     -    0s
     0     0  240.39035    0  118  840.00000  240.39035  71.4%     -    0s
     0     0  240.49167    0  118  840.00000  240.49167  71.4%     -    0s
     0     0  240.53333    0  114  840.00000  240.53333  71.4%     -    0s
     0     0  240.53333    0  116  840.00000  240.53333  71.4%     -    0s
     0     0  240.53333    0  115  840.00000  240.53333  71.4%     -    0s
     0     0  240.53333    0  115  840.00000  240.53333  71.4%     -    0s
     0     0  240.53333    0  115  840.00000  240.53333  71.4%     -    0s
     0     0  240.53333    0  115  840.00000  240.53333  71.4%     -    0s
     0     2  240.88333    0  114  840.00000  240.88333  71.3%     -    0s
*   38     8              10     836.0000000  471.00000  43.7%  35.6    0s

Cutting planes:
  Gomory: 1
  MIR: 21
  Zero half: 23
  RLT: 30
  BQP: 28

Explored 79 nodes (2921 simplex iterations) in 0.25 seconds (0.18 work units)
Thread count was 1 (of 56 available processors)

Solution count 10: 836 840 888 ... 2960

Optimal solution found (tolerance 1.00e-04)
Best objective 8.360000000000e+02, best bound 8.360000000000e+02, gap 0.0000%
836.0
