Set parameter Username
Set parameter LicenseID to value 2589207
Academic license - for non-commercial use only - expires 2025-11-23
Set parameter Threads to value 1
Set parameter Method to value 4
Gurobi Optimizer version 11.0.0 build v11.0.0rc2 (linux64 - "Red Hat Enterprise Linux 9.4 (Plow)")

CPU model: Intel(R) Xeon(R) CPU E5-2690 v4 @ 2.60GHz, instruction set [SSE2|AVX|AVX2]
Thread count: 28 physical cores, 56 logical processors, using up to 1 threads

Optimize a model with 1173 rows, 218 columns and 3512 nonzeros
Model fingerprint: 0xac098fea
Variable types: 128 continuous, 90 integer (90 binary)
Coefficient statistics:
  Matrix range     [1e+00, 1e+00]
  Objective range  [2e+01, 3e+02]
  Bounds range     [1e+00, 1e+00]
  RHS range        [1e+00, 2e+00]
Found heuristic solution: objective 2016.0000000
Presolve removed 203 rows and 41 columns
Presolve time: 0.01s
Presolved: 970 rows, 177 columns, 2847 nonzeros
Variable types: 0 continuous, 177 integer (177 binary)

Root relaxation: objective 0.000000e+00, 114 iterations, 0.00 seconds (0.00 work units)

    Nodes    |    Current Node    |     Objective Bounds      |     Work
 Expl Unexpl |  Obj  Depth IntInf | Incumbent    BestBd   Gap | It/Node Time

     0     0    0.00000    0   54 2016.00000    0.00000   100%     -    0s
H    0     0                    1561.0000000    0.00000   100%     -    0s
H    0     0                    1138.0000000    0.00000   100%     -    0s
H    0     0                     525.0000000    0.00000   100%     -    0s
     0     0    0.00000    0   71  525.00000    0.00000   100%     -    0s
H    0     0                     516.0000000    0.00000   100%     -    0s
H    0     0                     458.0000000    0.00000   100%     -    0s
     0     0    0.00000    0   54  458.00000    0.00000   100%     -    0s
H    0     0                     430.0000000    0.00000   100%     -    0s
H    0     0                     424.0000000    0.00000   100%     -    0s
H    0     0                     416.0000000    0.00000   100%     -    0s
     0     0    0.00000    0   53  416.00000    0.00000   100%     -    0s
     0     0    0.00000    0   46  416.00000    0.00000   100%     -    0s
H    0     0                     406.0000000    0.00000   100%     -    0s
H    0     0                     364.0000000    0.00000   100%     -    0s
     0     0    0.00000    0   40  364.00000    0.00000   100%     -    0s
     0     0    0.00000    0   39  364.00000    0.00000   100%     -    0s
H    0     0                     326.0000000    0.00000   100%     -    0s
     0     0    0.00000    0   56  326.00000    0.00000   100%     -    0s
     0     0    0.00000    0   53  326.00000    0.00000   100%     -    0s
     0     0    0.00000    0   59  326.00000    0.00000   100%     -    0s
     0     0    0.00000    0   51  326.00000    0.00000   100%     -    0s
     0     0    0.00000    0   28  326.00000    0.00000   100%     -    0s
     0     2    0.00000    0   28  326.00000    0.00000   100%     -    0s
*   42    33              15     300.0000000    8.28947  97.2%  33.5    0s

Cutting planes:
  Inf proof: 11
  Zero half: 16
  RLT: 19
  BQP: 18

Explored 1139 nodes (21658 simplex iterations) in 1.38 seconds (1.01 work units)
Thread count was 1 (of 56 available processors)

Solution count 10: 300 326 364 ... 525

Optimal solution found (tolerance 1.00e-04)
Best objective 3.000000000000e+02, best bound 3.000000000000e+02, gap 0.0000%
300.0
