Set parameter Username
Set parameter LicenseID to value 2589207
Academic license - for non-commercial use only - expires 2025-11-23
Set parameter Threads to value 1
Set parameter Method to value 4
Gurobi Optimizer version 11.0.0 build v11.0.0rc2 (linux64 - "Red Hat Enterprise Linux 9.4 (Plow)")

CPU model: Intel(R) Xeon(R) CPU E5-2690 v4 @ 2.60GHz, instruction set [SSE2|AVX|AVX2]
Thread count: 28 physical cores, 56 logical processors, using up to 1 threads

Optimize a model with 4178 rows, 592 columns and 12545 nonzeros
Model fingerprint: 0xb7faf909
Variable types: 328 continuous, 264 integer (264 binary)
Coefficient statistics:
  Matrix range     [1e+00, 1e+00]
  Objective range  [5e+00, 3e+02]
  Bounds range     [1e+00, 1e+00]
  RHS range        [1e+00, 2e+00]
Presolve removed 709 rows and 101 columns
Presolve time: 0.02s
Presolved: 3469 rows, 491 columns, 10076 nonzeros
Variable types: 0 continuous, 491 integer (491 binary)
Found heuristic solution: objective 3844.0000000
Found heuristic solution: objective 1664.0000000

Root relaxation: objective 0.000000e+00, 217 iterations, 0.01 seconds (0.01 work units)

    Nodes    |    Current Node    |     Objective Bounds      |     Work
 Expl Unexpl |  Obj  Depth IntInf | Incumbent    BestBd   Gap | It/Node Time

     0     0    0.00000    0   71 1664.00000    0.00000   100%     -    0s
H    0     0                    1367.0000000    0.00000   100%     -    0s
H    0     0                    1358.0000000    0.00000   100%     -    0s
     0     0    0.00000    0  170 1358.00000    0.00000   100%     -    0s
H    0     0                    1242.0000000    0.00000   100%     -    0s
H    0     0                    1206.0000000    0.00000   100%     -    0s
     0     0    0.00000    0  137 1206.00000    0.00000   100%     -    0s
H    0     0                    1091.0000000    0.00000   100%     -    0s
H    0     0                    1005.0000000    0.00000   100%     -    0s
     0     0    0.00000    0  164 1005.00000    0.00000   100%     -    0s
H    0     0                     880.0000000    0.00000   100%     -    0s
     0     0    0.00000    0  162  880.00000    0.00000   100%     -    0s
     0     0    0.00000    0  147  880.00000    0.00000   100%     -    0s
     0     0    0.00000    0   77  880.00000    0.00000   100%     -    0s
H    0     0                     857.0000000    0.00000   100%     -    0s
H    0     0                     841.0000000    0.00000   100%     -    0s
     0     2    0.00000    0   77  841.00000    0.00000   100%     -    1s
H   26    24                     824.0000000    0.00000   100%   146    1s
H   27    25                     812.0000000    0.00000   100%   142    1s
H  329   233                     793.0000000    8.50000  98.9%  97.1    3s
H  418   260                     772.0000000    9.87500  98.7%  89.5    3s
   659   435  585.46667   44  124  772.00000   11.05556  98.6%  87.7    5s
H 1091   494                     761.0000000   11.05556  98.5%  92.8    9s
  1113   497  438.75000   23  121  761.00000   11.36111  98.5%  92.7   10s
H 1597   539                     732.0000000   34.00000  95.4%  84.7   13s
  1848   538  145.00000   23  120  732.00000   43.48333  94.1%  83.2   15s
  2572   827  451.16111   30  157  732.00000   77.50000  89.4%  75.0   20s
  3460  1154     cutoff   40       732.00000  108.55000  85.2%  70.4   25s
  4340  1480  401.66667   35  112  732.00000  141.69167  80.6%  66.3   30s
  5329  1783     cutoff   50       732.00000  177.00000  75.8%  62.1   35s
  6259  2055  446.41667   30  117  732.00000  195.01667  73.4%  59.0   40s
  7371  2405  657.33333   46   78  732.00000  214.70000  70.7%  56.5   45s
  8599  2765  561.00000   33   71  732.00000  232.25000  68.3%  54.1   50s
  9779  3063  432.50000   34   90  732.00000  251.21875  65.7%  52.6   55s
 10203  3159  584.75000   61   77  732.00000  263.25000  64.0%  52.3   67s
 10227  3175  361.00000   30  278  732.00000  263.25000  64.0%  52.2   70s
 10261  3198  714.25000   40  276  732.00000  263.25000  64.0%  52.0   75s
 10293  3219  713.90000   39  287  732.00000  263.25000  64.0%  51.9   80s
 10409  3259  263.25000   39  214  732.00000  263.25000  64.0%  55.1   85s
 10621  3299  263.25000   45  132  732.00000  263.25000  64.0%  57.7   90s
 10862  3334  698.07009   47  221  732.00000  263.25000  64.0%  59.5   95s
 11216  3370  263.25000   40  163  732.00000  263.25000  64.0%  60.9  100s
 11704  3396  272.66667   47  152  732.00000  263.25000  64.0%  62.1  105s
 12443  3468  469.50000   52  108  732.00000  263.25000  64.0%  63.2  110s
 13214  3505  475.88333   43  182  732.00000  263.25000  64.0%  63.6  115s
 13833  3560  263.25000   43  169  732.00000  263.25000  64.0%  64.2  120s
 14482  3608  435.50000   43  138  732.00000  263.25000  64.0%  64.5  125s
 15362  3638     cutoff   57       732.00000  263.25000  64.0%  64.7  130s
 16288  3680  289.37500   52  119  732.00000  263.25000  64.0%  64.5  135s
 17217  3774     cutoff   48       732.00000  263.25000  64.0%  64.0  140s
 18048  3838  424.76160   46  186  732.00000  263.25000  64.0%  64.1  145s
 18920  3901  263.25000   43  177  732.00000  263.25000  64.0%  64.1  150s
 19813  3987  578.90000   51  143  732.00000  263.25000  64.0%  63.8  155s
 20804  4276  464.16667   54  109  732.00000  263.25000  64.0%  63.5  160s
 21797  4663  563.93333   58  126  732.00000  263.25000  64.0%  63.1  165s
 22699  4991  594.07500   56  142  732.00000  263.25000  64.0%  63.1  170s
 23693  5253     cutoff   56       732.00000  263.25000  64.0%  62.9  175s
 24645  5561  540.82925   57  261  732.00000  263.25000  64.0%  62.8  180s
 25648  5910  669.00000   58   74  732.00000  263.25000  64.0%  62.6  185s
 26716  6264  391.58333   57  186  732.00000  263.25000  64.0%  62.3  190s
 27683  6536  263.25000   47  182  732.00000  263.25000  64.0%  62.1  195s
 28672  6861  263.25000   42  147  732.00000  263.25000  64.0%  61.9  200s
 29679  7190  720.73929   57  180  732.00000  263.25000  64.0%  61.7  205s
 30699  7594  693.13333   62  142  732.00000  263.25000  64.0%  61.5  210s
 31689  7879  623.00000   47   38  732.00000  263.25000  64.0%  61.3  215s
 32644  8131     cutoff   49       732.00000  263.25000  64.0%  61.2  220s
 33600  8408  710.33333   61   91  732.00000  263.25000  64.0%  61.1  225s
 34587  8637  506.12500   55  167  732.00000  263.25000  64.0%  61.0  230s
 35607  8949 infeasible   55       732.00000  263.25000  64.0%  60.8  235s
 36663  9224  497.11667   49  134  732.00000  263.25000  64.0%  60.6  240s
 37733  9523 infeasible   55       732.00000  263.25000  64.0%  60.4  245s
 38812  9858     cutoff   53       732.00000  263.25000  64.0%  60.1  250s
 39925 10192     cutoff   63       732.00000  263.25000  64.0%  59.8  255s
 40946 10500  263.58333   52  140  732.00000  263.25000  64.0%  59.7  260s
 41975 10776  695.31667   63   81  732.00000  263.25000  64.0%  59.6  265s
 43098 11099  569.16667   54  116  732.00000  263.25000  64.0%  59.3  270s
 44119 11330  575.12500   56  113  732.00000  263.25000  64.0%  59.3  275s
 44984 11531  336.33333   51  107  732.00000  263.25000  64.0%  59.2  280s
 46065 11856     cutoff   53       732.00000  263.25000  64.0%  58.9  285s
 47024 12126     cutoff   47       732.00000  263.25000  64.0%  58.7  290s
 48136 12372     cutoff   61       732.00000  263.25000  64.0%  58.5  295s
 49211 12626  467.62133   53  156  732.00000  263.25000  64.0%  58.3  300s
 50343 12907  525.59167   55   99  732.00000  263.25000  64.0%  58.1  305s
 51497 13202  655.50000   42   63  732.00000  265.01282  63.8%  58.0  310s
 52615 13437  688.40000   58   93  732.00000  268.17292  63.4%  57.9  315s
 53725 13720     cutoff   63       732.00000  271.46667  62.9%  57.8  320s
 54858 14029  654.45000   57  122  732.00000  274.08333  62.6%  57.6  325s
 55961 14264  525.28571   52  159  732.00000  276.87500  62.2%  57.4  330s
 57058 14528  683.00000   55   96  732.00000  279.17941  61.9%  57.3  335s
 58260 14813     cutoff   67       732.00000  281.84524  61.5%  57.1  340s
 59336 15038  535.93678   54  212  732.00000  284.62500  61.1%  57.0  345s
 60476 15311  385.84722   57  149  732.00000  287.16667  60.8%  56.8  350s
 61646 15521  329.51956   49  188  732.00000  289.87500  60.4%  56.7  355s
 62833 15716     cutoff   57       732.00000  292.75000  60.0%  56.6  360s
 64027 15948     cutoff   60       732.00000  295.07500  59.7%  56.4  365s
 65128 16172  421.50667   54  216  732.00000  297.57143  59.3%  56.3  370s
 66132 16344  482.70833   62  155  732.00000  299.53333  59.1%  56.2  375s
 67328 16602  654.12500   55  122  732.00000  301.94444  58.8%  56.1  380s
 68520 16863  399.55000   56  154  732.00000  304.11429  58.5%  55.9  385s
 69669 17058     cutoff   55       732.00000  306.58333  58.1%  55.8  390s
 70835 17242     cutoff   62       732.00000  308.74074  57.8%  55.7  395s
 72019 17526 infeasible   49       732.00000  310.97222  57.5%  55.5  400s
 73218 17714  688.00000   62   60  732.00000  313.25000  57.2%  55.4  405s
 74384 17970  594.33333   42  144  732.00000  315.16667  56.9%  55.3  410s
 75629 18241     cutoff   53       732.00000  316.97798  56.7%  55.2  415s
 76753 18491  720.58333   57   65  732.00000  319.16667  56.4%  55.1  420s
 77970 18705  696.00000   65  134  732.00000  321.20000  56.1%  55.0  425s
 78883 18797 infeasible   53       732.00000  322.21272  56.0%  55.2  430s
 79913 18975  674.26667   51   88  732.00000  323.72821  55.8%  55.2  435s
 81142 19158  480.00000   48  132  732.00000  325.75000  55.5%  55.0  440s
 82190 19339  416.31944   59  143  732.00000  327.70812  55.2%  54.9  445s
 83441 19538     cutoff   58       732.00000  329.77096  54.9%  54.8  450s
 84646 19691  383.25595   57  188  732.00000  332.32888  54.6%  54.6  455s
 85807 19857  729.61667   53  131  732.00000  334.12150  54.4%  54.5  460s
 87038 20054  660.66667   57   73  732.00000  336.66667  54.0%  54.4  465s
 88259 20218  552.62222   57  134  732.00000  338.57857  53.7%  54.3  470s
 89445 20409  704.69603   56  216  732.00000  340.26344  53.5%  54.2  475s
 90661 20550  716.25000   61   73  732.00000  342.33333  53.2%  54.2  480s
 91792 20734  718.43056   55  113  732.00000  344.23810  53.0%  54.1  485s
 93016 20901  595.08333   49  135  732.00000  345.98810  52.7%  54.0  490s
 94338 21114  633.36667   61  145  732.00000  347.75000  52.5%  53.8  495s
 95633 21350  710.20089   65  140  732.00000  349.24516  52.3%  53.7  500s
 96867 21544  499.50000   54  149  732.00000  350.59750  52.1%  53.6  505s
 98105 21721  370.67381   57  140  732.00000  352.36667  51.9%  53.5  510s
 99424 21986     cutoff   60       732.00000  353.92333  51.6%  53.3  515s
 100685 22194     cutoff   57       732.00000  355.68333  51.4%  53.2  520s
 101907 22353     cutoff   53       732.00000  357.48333  51.2%  53.1  525s
 103133 22515     cutoff   66       732.00000  359.49167  50.9%  53.1  530s
 104440 22710 infeasible   55       732.00000  361.36892  50.6%  53.0  535s
 105803 22896  655.22222   63   91  732.00000  362.88889  50.4%  52.8  540s
 107008 23076  671.25000   51  119  732.00000  364.41667  50.2%  52.7  545s
 108294 23306  719.25000   65  109  732.00000  365.75000  50.0%  52.6  550s
 109607 23416     cutoff   50       732.00000  368.00000  49.7%  52.5  555s
 110787 23589  642.66667   61   96  732.00000  369.50000  49.5%  52.4  560s
 112141 23786  566.00000   54  128  732.00000  371.08333  49.3%  52.3  565s
 113429 23991  391.25000   55  116  732.00000  372.66667  49.1%  52.2  570s
 114691 24142 infeasible   52       732.00000  374.45833  48.8%  52.1  575s
 116014 24285  712.12500   57  133  732.00000  376.10714  48.6%  52.0  580s
 117245 24466  581.65652   50  212  732.00000  377.58333  48.4%  51.9  585s
 118605 24641  720.33333   74  108  732.00000  379.16667  48.2%  51.8  590s
 119928 24781  638.63333   61  259  732.00000  380.91250  48.0%  51.7  595s
 121323 24931     cutoff   63       732.00000  382.50000  47.7%  51.6  600s
 122607 25075     cutoff   59       732.00000  384.19444  47.5%  51.5  605s
 123879 25201  697.50000   58   73  732.00000  385.83333  47.3%  51.4  610s
 125154 25365 infeasible   56       732.00000  387.29167  47.1%  51.3  615s
 126478 25500  518.90000   55  123  732.00000  388.90520  46.9%  51.3  620s
 127752 25639  683.33333   63   77  732.00000  390.28333  46.7%  51.2  625s
 128978 25798     cutoff   62       732.00000  391.73333  46.5%  51.1  630s
 130296 25931 infeasible   61       732.00000  392.88333  46.3%  51.0  635s
 131634 26080  646.18889   51  141  732.00000  394.33333  46.1%  50.9  640s
 133012 26246  478.15000   58  160  732.00000  395.66667  45.9%  50.8  645s
 134290 26425     cutoff   51       732.00000  397.00000  45.8%  50.7  650s
 135530 26564     cutoff   70       732.00000  398.33333  45.6%  50.7  655s
 136863 26675  447.30556   52  129  732.00000  399.73106  45.4%  50.6  660s
 138220 26869  590.25000   53  121  732.00000  400.87500  45.2%  50.5  665s
 139523 27039  496.75000   55  113  732.00000  402.20000  45.1%  50.4  670s
 140739 27172  656.70833   50  208  732.00000  403.36574  44.9%  50.4  675s
 142016 27322  708.50000   52  112  732.00000  404.46468  44.7%  50.3  680s
 143394 27457     cutoff   69       732.00000  405.75508  44.6%  50.2  685s
 144762 27629  505.17778   62  203  732.00000  406.95152  44.4%  50.1  690s
 146115 27761     cutoff   58       732.00000  408.10920  44.2%  50.1  695s
 147336 27882  506.83333   55  139  732.00000  409.29167  44.1%  50.0  700s
 148800 27982  455.02381   54  155  732.00000  410.58333  43.9%  49.9  705s
 150260 28053  705.46259   63  179  732.00000  412.19444  43.7%  49.8  710s
 151590 28197     cutoff   54       732.00000  413.26389  43.5%  49.7  715s
 152994 28355  500.00000   58  131  732.00000  414.38636  43.4%  49.6  720s
 154319 28482 infeasible   62       732.00000  415.65941  43.2%  49.5  725s

Cutting planes:
  Gomory: 3
  Cover: 1
  Implied bound: 6
  MIR: 10
  Flow cover: 66
  GUB cover: 1
  Zero half: 91
  RLT: 12
  BQP: 12

Explored 154395 nodes (7649174 simplex iterations) in 725.24 seconds (601.05 work units)
Thread count was 1 (of 56 available processors)

Solution count 10: 732 761 772 ... 1005

Solve interrupted
Best objective 7.320000000000e+02, best bound 4.160000000000e+02, gap 43.1694%
732.0

Interrupt request received
