Set parameter Username
Set parameter LicenseID to value 2589207
Academic license - for non-commercial use only - expires 2025-11-23
Set parameter Threads to value 1
Set parameter Method to value 4
Gurobi Optimizer version 11.0.0 build v11.0.0rc2 (linux64 - "Red Hat Enterprise Linux 9.4 (Plow)")

CPU model: Intel(R) Xeon(R) CPU E5-2690 v4 @ 2.60GHz, instruction set [SSE2|AVX|AVX2]
Thread count: 28 physical cores, 56 logical processors, using up to 1 threads

Optimize a model with 4834 rows, 659 columns and 14538 nonzeros
Model fingerprint: 0x933af264
Variable types: 362 continuous, 297 integer (297 binary)
Coefficient statistics:
  Matrix range     [1e+00, 1e+00]
  Objective range  [5e+00, 3e+02]
  Bounds range     [1e+00, 1e+00]
  RHS range        [1e+00, 2e+00]
Presolve removed 822 rows and 111 columns
Presolve time: 0.03s
Presolved: 4012 rows, 548 columns, 11673 nonzeros
Variable types: 0 continuous, 548 integer (548 binary)
Found heuristic solution: objective 3844.0000000
Found heuristic solution: objective 1664.0000000

Use crossover to convert LP symmetric solution to basic solution...

Root relaxation: objective 0.000000e+00, 275 iterations, 0.01 seconds (0.01 work units)

    Nodes    |    Current Node    |     Objective Bounds      |     Work
 Expl Unexpl |  Obj  Depth IntInf | Incumbent    BestBd   Gap | It/Node Time

     0     0    0.00000    0  128 1664.00000    0.00000   100%     -    0s
     0     0    0.00000    0  188 1664.00000    0.00000   100%     -    0s
H    0     0                    1384.0000000    0.00000   100%     -    0s
H    0     0                    1361.0000000    0.00000   100%     -    0s
H    0     0                    1306.0000000    0.00000   100%     -    0s
     0     0    0.00000    0  146 1306.00000    0.00000   100%     -    0s
     0     0    0.00000    0  139 1306.00000    0.00000   100%     -    0s
H    0     0                    1108.0000000    0.00000   100%     -    0s
     0     0    0.00000    0  139 1108.00000    0.00000   100%     -    0s
     0     0    0.00000    0  152 1108.00000    0.00000   100%     -    0s
H    0     0                    1018.0000000    0.00000   100%     -    0s
H    0     0                     986.0000000    0.00000   100%     -    0s
     0     0    0.00000    0  134  986.00000    0.00000   100%     -    0s
     0     0    0.00000    0  116  986.00000    0.00000   100%     -    0s
     0     0    0.00000    0  116  986.00000    0.00000   100%     -    0s
H    0     0                     981.0000000    0.00000   100%     -    0s
H    0     0                     907.0000000    0.00000   100%     -    0s
     0     2    0.00000    0   98  907.00000    0.00000   100%     -    1s
H   52    52                     870.0000000    0.00000   100%   192    1s
H  156   133                     855.0000000    2.33333   100%   128    2s
H  189   158                     849.0000000    2.50000   100%   117    3s
   413   318  187.01111   26  153  849.00000    5.00000  99.4%   120    5s
H  695   489                     843.0000000    7.00000  99.2%   112    8s
H  718   481                     829.0000000    7.00000  99.2%   111    8s
H  722   457                     815.0000000    7.00000  99.1%   110    8s
H  749   449                     784.0000000    7.00000  99.1%   110    8s
H  776   434                     777.0000000    7.00000  99.1%   108    9s
   853   464   17.25000   26  135  777.00000    7.00000  99.1%   106   10s
* 1357   576              57     771.0000000    7.00000  99.1%  88.7   14s
H 1423   583                     768.0000000    7.00000  99.1%  89.1   14s
H 1449   559                     759.0000000    7.00000  99.1%  88.0   14s
  1452   563  555.45833   31  141  759.00000    7.00000  99.1%  88.0   15s
H 1759   688                     732.0000000   11.50000  98.4%  82.3   17s
  2033   824  696.26000   43  123  732.00000   13.01667  98.2%  78.0   20s
  2615  1107  652.00000   44  123  732.00000   18.25000  97.5%  75.2   25s
  3204  1432  572.96667   41  141  732.00000   23.50556  96.8%  72.6   30s
  3880  1772  533.16667   46  151  732.00000   27.26667  96.3%  70.4   35s
  4593  2123  117.33333   27  137  732.00000   32.00000  95.6%  67.8   40s
  5224  2406  707.87500   45   59  732.00000   38.00000  94.8%  65.9   45s
  6130  2791  388.62292   39  192  732.00000   42.84103  94.1%  63.5   50s
  6996  3150 infeasible   32       732.00000   48.52540  93.4%  62.6   55s
  7867  3538     cutoff   35       732.00000   53.20833  92.7%  61.6   60s
  8628  3823  382.12500   41  192  732.00000   58.08333  92.1%  61.3   65s
  9447  4121  190.37212   31  272  732.00000   63.07778  91.4%  60.9   70s
 10203  4463  389.75000   37  116  732.00000   67.29032  90.8%  60.5   86s
 10221  4475  451.77604   49  292  732.00000   67.29032  90.8%  60.4   90s
 10252  4496  181.46364   32  298  732.00000   67.29032  90.8%  60.2   95s
 10284  4517  670.00000   42  299  732.00000   67.29032  90.8%  60.0  100s
 10320  4541  264.43849   40  311  732.00000   67.29032  90.8%  59.8  105s
 10530  4620   67.29032   35  148  732.00000   67.29032  90.8%  64.4  110s
 10799  4693  420.45833   42  148  732.00000   67.29032  90.8%  65.8  115s
 11076  4746  703.71875   70  109  732.00000   67.29032  90.8%  66.9  120s
 11445  4778  404.72222   48  153  732.00000   67.29032  90.8%  68.0  125s
 11931  4780   84.26698   41  174  732.00000   67.29032  90.8%  69.1  130s
 12473  4828  703.13333   51  111  732.00000   67.29032  90.8%  69.9  135s
 13083  4905  657.77083   58  124  732.00000   67.29032  90.8%  70.4  140s
 13644  4926  685.75000   59  100  732.00000   67.29032  90.8%  71.1  145s
 14149  4956  657.51667   46  173  732.00000   67.81250  90.7%  71.5  150s
 14699  4971  447.58333   40  134  732.00000   76.25856  89.6%  72.1  155s
 15123  4973  294.25000   47  171  732.00000   85.94985  88.3%  72.5  160s
 15727  4995  417.12500   46  117  732.00000   95.27269  87.0%  72.8  165s
 16288  5041  262.86569   46  225  732.00000  101.63813  86.1%  72.9  170s
 16955  5115     cutoff   46       732.00000  108.56667  85.2%  72.8  175s
 17553  5242  703.00000   55  113  732.00000  113.92292  84.4%  72.9  180s
 18256  5348  135.15625   41  140  732.00000  117.90000  83.9%  72.5  185s
 18955  5404     cutoff   69       732.00000  123.41935  83.1%  72.4  190s
 19606  5442  378.25000   57  124  732.00000  128.37963  82.5%  72.3  195s
 20311  5469  684.41667   59  148  732.00000  134.70769  81.6%  72.1  200s
 21073  5528  654.50000   55   89  732.00000  139.66732  80.9%  71.9  205s
 21829  5589  200.60035   46  222  732.00000  143.52130  80.4%  71.5  210s
 22622  5720  714.23333   69  116  732.00000  146.50000  80.0%  71.1  215s
 23374  5751  242.00000   42  171  732.00000  151.70635  79.3%  71.0  220s
 24213  5938  486.50000   62   81  732.00000  155.83333  78.7%  70.5  225s
 25006  6271  688.37500   51   93  732.00000  159.22429  78.2%  70.1  230s
 25767  6632  247.38391   50  225  732.00000  162.87063  77.7%  69.9  235s
 26604  6950  658.41667   51  132  732.00000  166.94074  77.2%  69.4  240s
 27302  7177  252.50295   41  167  732.00000  169.60338  76.8%  69.2  245s
 28126  7523  716.50952   51  206  732.00000  172.43750  76.4%  68.9  250s
 28837  7798  309.00000   47  127  732.00000  175.62000  76.0%  68.8  255s
 29661  8103     cutoff   57       732.00000  178.97292  75.6%  68.4  260s
 30540  8481  307.53333   52  193  732.00000  182.05185  75.1%  68.0  265s
 31371  8830  228.58619   53  262  732.00000  184.11045  74.8%  67.6  270s
 32159  9132  393.76667   52  161  732.00000  186.43333  74.5%  67.3  275s
 32884  9374  611.01923   49  167  732.00000  188.32313  74.3%  67.1  280s
 33663  9678  600.00000   43   76  732.00000  190.89444  73.9%  66.9  285s
 34545 10094  208.48217   46  205  732.00000  192.73611  73.7%  66.5  290s
 35365 10472  505.83333   59  100  732.00000  194.57050  73.4%  66.2  295s
 36177 10804  723.63077   62  141  732.00000  196.69866  73.1%  66.1  300s
 37024 11121  388.00000   53  148  732.00000  198.48634  72.9%  65.9  305s
 37850 11457  566.17778   59  140  732.00000  200.43000  72.6%  65.7  310s
 38760 11846  615.17141   56  182  732.00000  201.47413  72.5%  65.3  315s
 39554 12157  352.24074   46  164  732.00000  203.76042  72.2%  65.2  320s
 40409 12504  305.89222   46  212  732.00000  205.69676  71.9%  65.0  325s
 41064 12780  588.50000   55   90  732.00000  207.00000  71.7%  64.9  330s
 41875 13092     cutoff   59       732.00000  208.24714  71.6%  64.8  335s
 42673 13398  479.00000   55   98  732.00000  210.30908  71.3%  64.7  340s
 43513 13713  708.50000   62   66  732.00000  212.87500  70.9%  64.5  345s
 44345 14011  347.87500   49  145  732.00000  214.83333  70.7%  64.4  350s
 45213 14343  272.11587   52  231  732.00000  216.83226  70.4%  64.1  355s
 46070 14661  463.93333   48  118  732.00000  218.29234  70.2%  63.9  360s
 46838 14969 infeasible   51       732.00000  219.48796  70.0%  63.8  365s
 47785 15360  398.19762   56  219  732.00000  221.43750  69.7%  63.5  370s
 48626 15671  327.25000   45  135  732.00000  223.18921  69.5%  63.3  375s
 49408 15973  491.41667   59  119  732.00000  224.60782  69.3%  63.3  380s
 50246 16292  238.30698   51  239  732.00000  226.65469  69.0%  63.1  385s
 51117 16653  693.00000   56  114  732.00000  228.46250  68.8%  62.9  390s
 51890 16945  598.66667   62  163  732.00000  229.97917  68.6%  62.9  395s
 52708 17198  348.92619   50  185  732.00000  231.33926  68.4%  62.8  400s
 53554 17448  541.22857   44  153  732.00000  233.28333  68.1%  62.6  405s
 54426 17785  550.75000   56  117  732.00000  234.76176  67.9%  62.5  410s
 55325 18096  422.52244   52  185  732.00000  235.92646  67.8%  62.3  415s
 56130 18378  294.58974   51  191  732.00000  236.89990  67.6%  62.2  420s
 57002 18688  490.40000   47  145  732.00000  238.14615  67.5%  62.0  425s
 57724 18942  272.02034   51  185  732.00000  239.06515  67.3%  62.0  430s
 58530 19215  314.58333   46  187  732.00000  239.92857  67.2%  61.9  435s
 59354 19530  730.62500   61   95  732.00000  240.83333  67.1%  61.8  440s
 60310 19845  430.83333   54  149  732.00000  242.63409  66.9%  61.7  445s
 61185 20173  728.50000   60   82  732.00000  244.06543  66.7%  61.6  450s
 62005 20427  598.60000   53   82  732.00000  245.27083  66.5%  61.5  455s
 62881 20724  702.05000   51   90  732.00000  246.61881  66.3%  61.4  460s
 63699 21008  686.93750   57  143  732.00000  247.95696  66.1%  61.3  465s
 64555 21285  424.50000   50  103  732.00000  249.17333  66.0%  61.3  470s
 65399 21599  418.77257   55  180  732.00000  250.50595  65.8%  61.1  475s
 66342 21932     cutoff   61       732.00000  251.74167  65.6%  61.0  480s
 67104 22224  442.98472   51  255  732.00000  252.62222  65.5%  60.9  485s
 68022 22538  284.88482   48  198  732.00000  254.16393  65.3%  60.8  490s
 68836 22799  318.06548   57  204  732.00000  255.46667  65.1%  60.7  495s
 69649 23050     cutoff   59       732.00000  256.80000  64.9%  60.6  500s
 70488 23310  351.62352   58  231  732.00000  258.66667  64.7%  60.6  505s
 71405 23598 infeasible   53       732.00000  259.92846  64.5%  60.5  510s
 72291 23879  680.72222   61  101  732.00000  261.00000  64.3%  60.4  515s
 73165 24138  421.03671   49  205  732.00000  262.12500  64.2%  60.3  520s
 74014 24456  685.85714   54  139  732.00000  263.02381  64.1%  60.2  525s
 74909 24774  462.50000   41  112  732.00000  264.05692  63.9%  60.0  530s
 75776 25048 infeasible   60       732.00000  265.18519  63.8%  59.9  535s
 76579 25285  414.83333   56  189  732.00000  266.30412  63.6%  59.9  540s
 77536 25613  309.90159   52  214  732.00000  267.53571  63.5%  59.7  545s
 78446 25938 infeasible   56       732.00000  268.60370  63.3%  59.6  550s
 79343 26208  657.00000   66   92  732.00000  269.58333  63.2%  59.5  555s
 80258 26540  535.16667   47  127  732.00000  270.50054  63.0%  59.4  560s
 81111 26805  606.89583   51  175  732.00000  271.75000  62.9%  59.3  565s
 82011 27113  438.57738   57  145  732.00000  272.88151  62.7%  59.2  570s
 82911 27366  459.91127   58  289  732.00000  273.99107  62.6%  59.2  575s
 83690 27622  549.50000   60   87  732.00000  274.84167  62.5%  59.1  580s
 84725 27942  648.50000   57   70  732.00000  276.17262  62.3%  59.0  585s
 85669 28217  641.00000   55  103  732.00000  277.14236  62.1%  58.9  590s
 86503 28469  627.50000   57  104  732.00000  278.04115  62.0%  58.8  595s
 87364 28745  649.66667   68  142  732.00000  279.02081  61.9%  58.8  600s
 88185 29004  320.35000   53  133  732.00000  279.88333  61.8%  58.7  605s
 89105 29275     cutoff   65       732.00000  280.77299  61.6%  58.6  610s
 89946 29530  599.57143   58   85  732.00000  281.73333  61.5%  58.6  615s
 90813 29799  361.53333   54  128  732.00000  282.68298  61.4%  58.5  620s
 91711 30043  328.42143   53  173  732.00000  283.49583  61.3%  58.5  625s
 92532 30245  507.29167   52  138  732.00000  284.66667  61.1%  58.5  630s
 93469 30563  444.70833   54  158  732.00000  285.56731  61.0%  58.4  635s
 94443 30853     cutoff   67       732.00000  286.58333  60.8%  58.3  640s
 95231 31036  727.95455   59   91  732.00000  287.69444  60.7%  58.3  645s
 96052 31270  598.75000   44  107  732.00000  288.34074  60.6%  58.3  650s
 96957 31522  716.33333   54   91  732.00000  289.20000  60.5%  58.2  655s
 97927 31866  510.03125   61  181  732.00000  290.03333  60.4%  58.1  660s
 98836 32127  466.50000   46  114  732.00000  291.02143  60.2%  58.0  665s
 99780 32424  327.88497   56  226  732.00000  292.02333  60.1%  57.9  670s
 100647 32665 infeasible   62       732.00000  292.76896  60.0%  57.9  675s
 101583 32884  730.50000   65   94  732.00000  293.83929  59.9%  57.8  680s
 102543 33193  404.93333   48  182  732.00000  294.90625  59.7%  57.8  685s
 103318 33407  650.61394   60  264  732.00000  295.65962  59.6%  57.8  690s
 104215 33667  423.66667   60  201  732.00000  296.40000  59.5%  57.7  695s
 105093 33930  489.53594   52  212  732.00000  297.07566  59.4%  57.6  700s
 105986 34210     cutoff   67       732.00000  297.88333  59.3%  57.6  705s
 106850 34443     cutoff   56       732.00000  298.85833  59.2%  57.6  710s
 107798 34720  444.84896   54  249  732.00000  299.73958  59.1%  57.6  715s
 108741 34997  317.51146   48  155  732.00000  300.34259  59.0%  57.5  720s

Cutting planes:
  Gomory: 8
  Implied bound: 13
  MIR: 22
  Flow cover: 56
  GUB cover: 1
  Zero half: 84
  RLT: 14
  BQP: 24

Explored 109211 nodes (6284617 simplex iterations) in 722.78 seconds (606.33 work units)
Thread count was 1 (of 56 available processors)

Solution count 10: 732 759 768 ... 849

Solve interrupted
Best objective 7.320000000000e+02, best bound 3.010000000000e+02, gap 58.8798%
732.0

Interrupt request received
