Set parameter Username
Set parameter LicenseID to value 2589207
Academic license - for non-commercial use only - expires 2025-11-23
Set parameter Threads to value 1
Set parameter Method to value 4
Gurobi Optimizer version 11.0.0 build v11.0.0rc2 (linux64 - "Red Hat Enterprise Linux 9.4 (Plow)")

CPU model: Intel(R) Xeon(R) CPU E5-2690 v4 @ 2.60GHz, instruction set [SSE2|AVX|AVX2]
Thread count: 28 physical cores, 56 logical processors, using up to 1 threads

Optimize a model with 2581 rows, 406 columns and 7764 nonzeros
Model fingerprint: 0xe45fc115
Variable types: 256 continuous, 150 integer (150 binary)
Coefficient statistics:
  Matrix range     [1e+00, 1e+00]
  Objective range  [2e+01, 3e+02]
  Bounds range     [1e+00, 1e+00]
  RHS range        [1e+00, 2e+00]
Presolve removed 744 rows and 96 columns
Presolve time: 0.02s
Presolved: 1837 rows, 310 columns, 5420 nonzeros
Variable types: 0 continuous, 310 integer (310 binary)
Found heuristic solution: objective 2016.0000000
Found heuristic solution: objective 1932.0000000

Root relaxation: objective 0.000000e+00, 137 iterations, 0.00 seconds (0.00 work units)

    Nodes    |    Current Node    |     Objective Bounds      |     Work
 Expl Unexpl |  Obj  Depth IntInf | Incumbent    BestBd   Gap | It/Node Time

     0     0    0.00000    0   26 1932.00000    0.00000   100%     -    0s
H    0     0                    1709.0000000    0.00000   100%     -    0s
H    0     0                     752.0000000    0.00000   100%     -    0s
H    0     0                     581.0000000    0.00000   100%     -    0s
H    0     0                     525.0000000    0.00000   100%     -    0s
     0     0    0.00000    0   74  525.00000    0.00000   100%     -    0s
H    0     0                     349.0000000    0.00000   100%     -    0s
     0     0    0.00000    0   85  349.00000    0.00000   100%     -    0s
     0     0    0.00000    0   80  349.00000    0.00000   100%     -    0s
     0     0    0.00000    0   72  349.00000    0.00000   100%     -    0s
H    0     0                     318.0000000    0.00000   100%     -    0s
H    0     0                     316.0000000    0.00000   100%     -    0s
     0     0    0.00000    0   71  316.00000    0.00000   100%     -    0s
     0     0    0.00000    0   57  316.00000    0.00000   100%     -    0s
     0     0    0.00000    0   63  316.00000    0.00000   100%     -    0s
     0     0    0.00000    0   39  316.00000    0.00000   100%     -    0s
     0     0    0.00000    0   70  316.00000    0.00000   100%     -    0s
     0     0    0.00000    0   48  316.00000    0.00000   100%     -    0s
     0     0    0.00000    0   48  316.00000    0.00000   100%     -    0s
     0     2    0.00000    0   48  316.00000    0.00000   100%     -    0s
*   33    33              19     300.0000000   79.00000  73.7%  59.5    0s
  1560   418     cutoff   41       300.00000  124.90909  58.4%  25.8    5s
  3217   373     cutoff   29       300.00000  129.00000  57.0%  24.2   10s
  5380    57  279.42857   27   49  300.00000  272.80000  9.07%  21.6   15s

Cutting planes:
  Zero half: 3
  RLT: 1
  BQP: 2

Explored 5519 nodes (120348 simplex iterations) in 15.22 seconds (11.06 work units)
Thread count was 1 (of 56 available processors)

Solution count 10: 300 316 318 ... 2016

Optimal solution found (tolerance 1.00e-04)
Best objective 3.000000000000e+02, best bound 3.000000000000e+02, gap 0.0000%
300.0
