Set parameter Username
Set parameter LicenseID to value 2589207
Academic license - for non-commercial use only - expires 2025-11-23
Set parameter Threads to value 1
Set parameter Method to value 4
Gurobi Optimizer version 11.0.0 build v11.0.0rc2 (linux64 - "Red Hat Enterprise Linux 9.4 (Plow)")

CPU model: Intel(R) Xeon(R) CPU E5-2690 v4 @ 2.60GHz, instruction set [SSE2|AVX|AVX2]
Thread count: 28 physical cores, 56 logical processors, using up to 1 threads

Optimize a model with 453 rows, 119 columns and 1331 nonzeros
Model fingerprint: 0xaed7e8cb
Variable types: 74 continuous, 45 integer (45 binary)
Coefficient statistics:
  Matrix range     [1e+00, 1e+00]
  Objective range  [2e+01, 3e+02]
  Bounds range     [1e+00, 1e+00]
  RHS range        [1e+00, 2e+00]
Found heuristic solution: objective 1120.0000000
Presolve removed 77 rows and 23 columns
Presolve time: 0.00s
Presolved: 376 rows, 96 columns, 1086 nonzeros
Variable types: 0 continuous, 96 integer (96 binary)

Root relaxation: objective 0.000000e+00, 51 iterations, 0.00 seconds (0.00 work units)

    Nodes    |    Current Node    |     Objective Bounds      |     Work
 Expl Unexpl |  Obj  Depth IntInf | Incumbent    BestBd   Gap | It/Node Time

     0     0    0.00000    0   33 1120.00000    0.00000   100%     -    0s
H    0     0                     957.0000000    0.00000   100%     -    0s
H    0     0                     604.0000000    0.00000   100%     -    0s
     0     0    0.00000    0   33  604.00000    0.00000   100%     -    0s
H    0     0                     458.0000000    0.00000   100%     -    0s
H    0     0                     416.0000000    0.00000   100%     -    0s
     0     0   48.50000    0   37  416.00000   48.50000  88.3%     -    0s
     0     0   83.38202    0   50  416.00000   83.38202  80.0%     -    0s
H    0     0                     394.0000000   83.38202  78.8%     -    0s
     0     0   83.73118    0   50  394.00000   83.73118  78.7%     -    0s
     0     0   83.73810    0   48  394.00000   83.73810  78.7%     -    0s
     0     0  100.52991    0   54  394.00000  100.52991  74.5%     -    0s
     0     0  100.52991    0   24  394.00000  100.52991  74.5%     -    0s
     0     0  100.52991    0   29  394.00000  100.52991  74.5%     -    0s
     0     0  109.21053    0   56  394.00000  109.21053  72.3%     -    0s
     0     0  109.88889    0   56  394.00000  109.88889  72.1%     -    0s
     0     0  110.00000    0   48  394.00000  110.00000  72.1%     -    0s
     0     0  110.07692    0   59  394.00000  110.07692  72.1%     -    0s
     0     0  138.96154    0   44  394.00000  138.96154  64.7%     -    0s
     0     0  140.18750    0   46  394.00000  140.18750  64.4%     -    0s
     0     0  150.71154    0   58  394.00000  150.71154  61.7%     -    0s
     0     0  150.75000    0   44  394.00000  150.75000  61.7%     -    0s
     0     0  150.95603    0   59  394.00000  150.95603  61.7%     -    0s
     0     0  151.11848    0   58  394.00000  151.11848  61.6%     -    0s
     0     0  151.11848    0   58  394.00000  151.11848  61.6%     -    0s
     0     0  153.08333    0   57  394.00000  153.08333  61.1%     -    0s
     0     0  153.59288    0   61  394.00000  153.59288  61.0%     -    0s
     0     0  154.11538    0   60  394.00000  154.11538  60.9%     -    0s
     0     0  154.18750    0   61  394.00000  154.18750  60.9%     -    0s
     0     0  154.18750    0   63  394.00000  154.18750  60.9%     -    0s
     0     0  170.50769    0   63  394.00000  170.50769  56.7%     -    0s
     0     2  170.50769    0   59  394.00000  170.50769  56.7%     -    0s

Cutting planes:
  Gomory: 1
  MIR: 9
  Zero half: 8
  RLT: 14
  BQP: 8

Explored 37 nodes (1174 simplex iterations) in 0.13 seconds (0.08 work units)
Thread count was 1 (of 56 available processors)

Solution count 6: 394 416 458 ... 1120

Optimal solution found (tolerance 1.00e-04)
Best objective 3.940000000000e+02, best bound 3.940000000000e+02, gap 0.0000%
394.0
