Set parameter Username
Set parameter LicenseID to value 2589207
Academic license - for non-commercial use only - expires 2025-11-23
Set parameter Threads to value 1
Set parameter Method to value 4
Gurobi Optimizer version 11.0.0 build v11.0.0rc2 (linux64 - "Red Hat Enterprise Linux 9.4 (Plow)")

CPU model: Intel(R) Xeon(R) CPU E5-2690 v4 @ 2.60GHz, instruction set [SSE2|AVX|AVX2]
Thread count: 28 physical cores, 56 logical processors, using up to 1 threads

Optimize a model with 2328 rows, 370 columns and 7000 nonzeros
Model fingerprint: 0x91e8072b
Variable types: 226 continuous, 144 integer (144 binary)
Coefficient statistics:
  Matrix range     [1e+00, 1e+00]
  Objective range  [2e+01, 3e+02]
  Bounds range     [1e+00, 1e+00]
  RHS range        [1e+00, 2e+00]
Presolve removed 412 rows and 70 columns
Presolve time: 0.01s
Presolved: 1916 rows, 300 columns, 5652 nonzeros
Variable types: 0 continuous, 300 integer (300 binary)
Found heuristic solution: objective 2595.0000000
Found heuristic solution: objective 2490.0000000

Root relaxation: objective 0.000000e+00, 113 iterations, 0.00 seconds (0.00 work units)

    Nodes    |    Current Node    |     Objective Bounds      |     Work
 Expl Unexpl |  Obj  Depth IntInf | Incumbent    BestBd   Gap | It/Node Time

     0     0    0.00000    0   30 2490.00000    0.00000   100%     -    0s
H    0     0                    1120.0000000    0.00000   100%     -    0s
H    0     0                    1015.0000000    0.00000   100%     -    0s
H    0     0                     827.0000000    0.00000   100%     -    0s
     0     0    0.00000    0   69  827.00000    0.00000   100%     -    0s
H    0     0                     769.0000000    0.00000   100%     -    0s
H    0     0                     524.0000000    0.00000   100%     -    0s
     0     0    0.00000    0   84  524.00000    0.00000   100%     -    0s
H    0     0                     499.0000000    0.00000   100%     -    0s
     0     0    0.00000    0   95  499.00000    0.00000   100%     -    0s
     0     0    0.00000    0   83  499.00000    0.00000   100%     -    0s
H    0     0                     443.0000000    0.00000   100%     -    0s
     0     0    0.00000    0   82  443.00000    0.00000   100%     -    0s
     0     0    0.00000    0  106  443.00000    0.00000   100%     -    0s
H    0     0                     401.0000000    0.00000   100%     -    0s
     0     0    0.00000    0  106  401.00000    0.00000   100%     -    0s
     0     0    0.00000    0   52  401.00000    0.00000   100%     -    0s
     0     0    0.00000    0   52  401.00000    0.00000   100%     -    0s
     0     2    0.00000    0   52  401.00000    0.00000   100%     -    0s
*   40    39              22     375.0000000   37.00000  90.1%  60.0    0s
  1571   416  140.00000   25   66  375.00000  125.00000  66.7%  33.4    5s
  3484   360  355.00000   23   69  375.00000  229.37500  38.8%  27.6   10s

Cutting planes:
  MIR: 1
  Zero half: 8
  RLT: 9
  BQP: 5

Explored 4812 nodes (119576 simplex iterations) in 12.47 seconds (9.74 work units)
Thread count was 1 (of 56 available processors)

Solution count 10: 375 401 443 ... 2490

Optimal solution found (tolerance 1.00e-04)
Best objective 3.750000000000e+02, best bound 3.750000000000e+02, gap 0.0000%
375.0
