Set parameter Username
Set parameter LicenseID to value 2589207
Academic license - for non-commercial use only - expires 2025-11-23
Set parameter Threads to value 1
Set parameter Method to value 4
Gurobi Optimizer version 11.0.0 build v11.0.0rc2 (linux64 - "Red Hat Enterprise Linux 9.4 (Plow)")

CPU model: Intel(R) Xeon(R) CPU E5-2690 v4 @ 2.60GHz, instruction set [SSE2|AVX|AVX2]
Thread count: 28 physical cores, 56 logical processors, using up to 1 threads

Optimize a model with 3066 rows, 455 columns and 9218 nonzeros
Model fingerprint: 0xc937971c
Variable types: 266 continuous, 189 integer (189 binary)
Coefficient statistics:
  Matrix range     [1e+00, 1e+00]
  Objective range  [1e+01, 3e+02]
  Bounds range     [1e+00, 1e+00]
  RHS range        [1e+00, 2e+00]
Presolve removed 542 rows and 83 columns
Presolve time: 0.02s
Presolved: 2524 rows, 372 columns, 7389 nonzeros
Variable types: 0 continuous, 372 integer (372 binary)
Found heuristic solution: objective 3418.0000000
Found heuristic solution: objective 3292.0000000

Root relaxation: objective 0.000000e+00, 166 iterations, 0.01 seconds (0.01 work units)

    Nodes    |    Current Node    |     Objective Bounds      |     Work
 Expl Unexpl |  Obj  Depth IntInf | Incumbent    BestBd   Gap | It/Node Time

     0     0    0.00000    0   45 3292.00000    0.00000   100%     -    0s
H    0     0                    1772.0000000    0.00000   100%     -    0s
H    0     0                    1522.0000000    0.00000   100%     -    0s
H    0     0                    1275.0000000    0.00000   100%     -    0s
     0     0    0.00000    0   92 1275.00000    0.00000   100%     -    0s
H    0     0                    1123.0000000    0.00000   100%     -    0s
H    0     0                     807.0000000    0.00000   100%     -    0s
     0     0    0.00000    0  114  807.00000    0.00000   100%     -    0s
H    0     0                     670.0000000    0.00000   100%     -    0s
H    0     0                     628.0000000    0.00000   100%     -    0s
     0     0    0.00000    0  119  628.00000    0.00000   100%     -    0s
     0     0    0.00000    0  129  628.00000    0.00000   100%     -    0s
H    0     0                     608.0000000    0.00000   100%     -    0s
     0     0    0.00000    0  122  608.00000    0.00000   100%     -    0s
     0     0    0.00000    0  121  608.00000    0.00000   100%     -    0s
     0     0    0.00000    0  120  608.00000    0.00000   100%     -    0s
     0     2    0.00000    0   98  608.00000    0.00000   100%     -    0s
H   81    65                     524.0000000    0.00000   100%  59.2    0s
H  262   173                     512.0000000    0.00000   100%  46.4    1s
H  419   275                     509.0000000    6.75000  98.7%  50.5    2s
  1065   531  463.50000   43   39  509.00000   81.50000  84.0%  49.7    5s
  2601   934  227.24387   22  115  509.00000  153.00000  69.9%  37.9   10s
  4147  1653  493.66667   45   27  509.00000  183.00000  64.0%  35.7   15s
  5839  2415  347.60606   24  102  509.00000  200.66667  60.6%  34.4   20s
  7515  3058  433.52778   37  108  509.00000  218.83333  57.0%  33.3   25s
  9157  3586  501.75000   29   58  509.00000  233.00000  54.2%  32.8   30s
 10203  3920  455.00000   37  120  509.00000  242.50000  52.4%  32.5   39s
 10221  3932  393.73148   35  168  509.00000  242.50000  52.4%  32.4   40s
 10624  4002  390.00000   40   53  509.00000  242.50000  52.4%  31.5   45s
 11882  4104  491.28261   44   80  509.00000  250.00000  50.9%  32.9   50s
 13600  4102  438.00000   29   55  509.00000  307.58333  39.6%  33.3   55s
 15512  3856  451.80000   37   91  509.00000  340.00000  33.2%  33.1   60s
 17600  3510     cutoff   47       509.00000  360.50000  29.2%  32.7   65s
 19677  3087  414.70192   44  105  509.00000  379.28571  25.5%  32.3   70s
 21828  2512     cutoff   49       509.00000  396.50000  22.1%  31.8   75s
 24013  2464     cutoff   46       509.00000  411.50000  19.2%  31.3   80s
 26430  2424     cutoff   39       509.00000  424.50000  16.6%  30.7   85s
 28836  2307  471.93750   36   73  509.00000  435.00000  14.5%  30.1   90s
 31362  1962     cutoff   45       509.00000  450.00000  11.6%  29.6   95s
 34168  1447  485.35088   45  129  509.00000  469.44444  7.77%  28.9  100s
 37355   445     cutoff   44       509.00000  496.00000  2.55%  27.7  105s

Cutting planes:
  Gomory: 4
  Implied bound: 3
  MIR: 1
  Flow cover: 21
  Zero half: 26
  RLT: 14
  BQP: 19

Explored 37973 nodes (1076597 simplex iterations) in 105.89 seconds (85.52 work units)
Thread count was 1 (of 56 available processors)

Solution count 10: 509 509 512 ... 1275

Optimal solution found (tolerance 1.00e-04)
Best objective 5.090000000000e+02, best bound 5.090000000000e+02, gap 0.0000%
509.0
