Set parameter Username
Set parameter LicenseID to value 2589207
Academic license - for non-commercial use only - expires 2025-11-23
Set parameter Threads to value 1
Set parameter Method to value 4
Gurobi Optimizer version 11.0.0 build v11.0.0rc2 (linux64 - "Red Hat Enterprise Linux 9.4 (Plow)")

CPU model: Intel(R) Xeon(R) CPU E5-2690 v4 @ 2.60GHz, instruction set [SSE2|AVX|AVX2]
Thread count: 28 physical cores, 56 logical processors, using up to 1 threads

Optimize a model with 1874 rows, 364 columns and 5533 nonzeros
Model fingerprint: 0x0222c0d3
Variable types: 232 continuous, 132 integer (132 binary)
Coefficient statistics:
  Matrix range     [1e+00, 1e+00]
  Objective range  [5e+00, 3e+02]
  Bounds range     [1e+00, 1e+00]
  RHS range        [1e+00, 2e+00]
Found heuristic solution: objective 3270.0000000
Presolve removed 327 rows and 71 columns
Presolve time: 0.01s
Presolved: 1547 rows, 293 columns, 4438 nonzeros
Variable types: 0 continuous, 293 integer (293 binary)

Root relaxation: objective 0.000000e+00, 99 iterations, 0.00 seconds (0.00 work units)

    Nodes    |    Current Node    |     Objective Bounds      |     Work
 Expl Unexpl |  Obj  Depth IntInf | Incumbent    BestBd   Gap | It/Node Time

     0     0    0.00000    0   68 3270.00000    0.00000   100%     -    0s
H    0     0                    2874.0000000    0.00000   100%     -    0s
H    0     0                    1948.0000000    0.00000   100%     -    0s
     0     0    0.00000    0  105 1948.00000    0.00000   100%     -    0s
H    0     0                    1695.0000000    0.00000   100%     -    0s
H    0     0                    1459.0000000    0.00000   100%     -    0s
     0     0    4.33333    0  110 1459.00000    4.33333   100%     -    0s
H    0     0                    1424.0000000    4.33333   100%     -    0s
     0     0    7.30952    0  124 1424.00000    7.30952  99.5%     -    0s
     0     0    7.31111    0  124 1424.00000    7.31111  99.5%     -    0s
     0     0   31.33333    0  111 1424.00000   31.33333  97.8%     -    0s
H    0     0                    1409.0000000   31.33333  97.8%     -    0s
     0     0   32.66667    0  111 1409.00000   32.66667  97.7%     -    0s
     0     0   34.31250    0  130 1409.00000   34.31250  97.6%     -    0s
     0     0   34.33333    0  112 1409.00000   34.33333  97.6%     -    0s
     0     0   34.46296    0  135 1409.00000   34.46296  97.6%     -    0s
     0     0   34.50000    0  136 1409.00000   34.50000  97.6%     -    0s
     0     0   54.43897    0  190 1409.00000   54.43897  96.1%     -    0s
     0     0   55.79209    0  188 1409.00000   55.79209  96.0%     -    0s
     0     0   56.48429    0  174 1409.00000   56.48429  96.0%     -    0s
     0     0   56.83709    0  181 1409.00000   56.83709  96.0%     -    0s
     0     0   57.19724    0  189 1409.00000   57.19724  95.9%     -    0s
     0     0   57.22601    0  186 1409.00000   57.22601  95.9%     -    0s
     0     0   57.23871    0  188 1409.00000   57.23871  95.9%     -    0s
     0     0   81.15094    0  199 1409.00000   81.15094  94.2%     -    0s
H    0     0                    1373.0000000   81.15094  94.1%     -    0s
     0     0   92.20337    0  201 1373.00000   92.20337  93.3%     -    0s
     0     0   94.16391    0  211 1373.00000   94.16391  93.1%     -    0s
     0     0   95.17404    0  207 1373.00000   95.17404  93.1%     -    0s
     0     0   95.39511    0  210 1373.00000   95.39511  93.1%     -    0s
     0     0   95.43663    0  211 1373.00000   95.43663  93.0%     -    0s
     0     0   95.45407    0  208 1373.00000   95.45407  93.0%     -    0s
     0     0   99.83928    0  213 1373.00000   99.83928  92.7%     -    0s
     0     0  101.15645    0  205 1373.00000  101.15645  92.6%     -    0s
     0     0  101.80090    0  212 1373.00000  101.80090  92.6%     -    0s
     0     0  102.50294    0  216 1373.00000  102.50294  92.5%     -    0s
     0     0  102.80461    0  211 1373.00000  102.80461  92.5%     -    0s
     0     0  102.98558    0  211 1373.00000  102.98558  92.5%     -    0s
     0     0  103.16919    0  217 1373.00000  103.16919  92.5%     -    0s
     0     0  103.24800    0  215 1373.00000  103.24800  92.5%     -    0s
     0     0  103.27341    0  219 1373.00000  103.27341  92.5%     -    0s
     0     0  104.11663    0  216 1373.00000  104.11663  92.4%     -    0s
     0     0  104.50777    0  215 1373.00000  104.50777  92.4%     -    0s
     0     0  104.62776    0  208 1373.00000  104.62776  92.4%     -    0s
     0     0  104.65446    0  210 1373.00000  104.65446  92.4%     -    0s
     0     0  104.73529    0  211 1373.00000  104.73529  92.4%     -    0s
     0     0  104.86456    0  218 1373.00000  104.86456  92.4%     -    0s
     0     0  104.89562    0  219 1373.00000  104.89562  92.4%     -    0s
     0     0  105.36876    0  213 1373.00000  105.36876  92.3%     -    0s
     0     0  105.74675    0  213 1373.00000  105.74675  92.3%     -    0s
     0     0  105.78110    0  214 1373.00000  105.78110  92.3%     -    0s
     0     0  106.85274    0  219 1373.00000  106.85274  92.2%     -    0s
     0     0  108.93863    0  222 1373.00000  108.93863  92.1%     -    0s
     0     0  108.95299    0  222 1373.00000  108.95299  92.1%     -    0s
     0     0  108.96527    0  222 1373.00000  108.96527  92.1%     -    0s
     0     0  108.96527    0  222 1373.00000  108.96527  92.1%     -    0s
     0     0  108.96527    0  222 1373.00000  108.96527  92.1%     -    0s
     0     0  108.96527    0  211 1373.00000  108.96527  92.1%     -    0s
     0     2  109.27431    0  211 1373.00000  109.27431  92.0%     -    0s
H   27    27                    1312.0000000  282.37589  78.5%   162    1s
H   52    46                    1307.0000000  289.83333  77.8%   108    1s
H   54    40                    1236.0000000  289.83333  76.6%   107    1s
H   78    62                    1212.0000000  289.83333  76.1%  89.4    1s
H  105    50                    1098.0000000  338.24352  69.2%  81.3    1s
H  109    38                     986.0000000  338.24352  65.7%  78.6    1s
H  245    78                     955.0000000  417.00000  56.3%  62.5    1s
H  713   197                     939.0000000  642.30000  31.6%  44.8    2s
H 1198   216                     931.0000000  706.35185  24.1%  38.3    3s
H 1393   210                     920.0000000  727.16667  21.0%  38.8    3s
  1965   180  828.83333   11  114  920.00000  781.66667  15.0%  34.9    5s

Cutting planes:
  Gomory: 4
  MIR: 18
  Inf proof: 1
  Zero half: 129
  RLT: 74
  BQP: 207

Explored 2616 nodes (85330 simplex iterations) in 6.12 seconds (5.41 work units)
Thread count was 1 (of 56 available processors)

Solution count 10: 920 931 939 ... 1312

Optimal solution found (tolerance 1.00e-04)
Best objective 9.200000000000e+02, best bound 9.200000000000e+02, gap 0.0000%
920.0
