Set parameter Username
Set parameter LicenseID to value 2589207
Academic license - for non-commercial use only - expires 2025-11-23
Set parameter Threads to value 1
Set parameter Method to value 4
Gurobi Optimizer version 11.0.0 build v11.0.0rc2 (linux64 - "Red Hat Enterprise Linux 9.4 (Plow)")

CPU model: Intel(R) Xeon(R) CPU E5-2690 v4 @ 2.60GHz, instruction set [SSE2|AVX|AVX2]
Thread count: 28 physical cores, 56 logical processors, using up to 1 threads

Optimize a model with 2170 rows, 349 columns and 6504 nonzeros
Model fingerprint: 0x0f13c3fa
Variable types: 202 continuous, 147 integer (147 binary)
Coefficient statistics:
  Matrix range     [1e+00, 1e+00]
  Objective range  [1e+01, 3e+02]
  Bounds range     [1e+00, 1e+00]
  RHS range        [1e+00, 2e+00]
Presolve removed 379 rows and 64 columns
Presolve time: 0.01s
Presolved: 1791 rows, 285 columns, 5222 nonzeros
Variable types: 0 continuous, 285 integer (285 binary)
Found heuristic solution: objective 3418.0000000
Found heuristic solution: objective 3292.0000000

Root relaxation: objective 0.000000e+00, 117 iterations, 0.00 seconds (0.00 work units)

    Nodes    |    Current Node    |     Objective Bounds      |     Work
 Expl Unexpl |  Obj  Depth IntInf | Incumbent    BestBd   Gap | It/Node Time

     0     0    0.00000    0   42 3292.00000    0.00000   100%     -    0s
H    0     0                    2776.0000000    0.00000   100%     -    0s
H    0     0                    1522.0000000    0.00000   100%     -    0s
H    0     0                    1462.0000000    0.00000   100%     -    0s
H    0     0                    1277.0000000    0.00000   100%     -    0s
     0     0    0.00000    0  104 1277.00000    0.00000   100%     -    0s
H    0     0                    1275.0000000    0.00000   100%     -    0s
H    0     0                     904.0000000    0.00000   100%     -    0s
H    0     0                     678.0000000    0.00000   100%     -    0s
     0     0    0.00000    0   76  678.00000    0.00000   100%     -    0s
     0     0    0.00000    0   80  678.00000    0.00000   100%     -    0s
     0     0    0.00000    0   99  678.00000    0.00000   100%     -    0s
H    0     0                     636.0000000    0.00000   100%     -    0s
     0     0    0.00000    0  101  636.00000    0.00000   100%     -    0s
     0     0    0.00000    0   79  636.00000    0.00000   100%     -    0s
     0     0    0.00000    0   79  636.00000    0.00000   100%     -    0s
     0     2    0.00000    0   79  636.00000    0.00000   100%     -    0s
H   52    50                     608.0000000    0.00000   100%  67.6    0s
H  130   101                     598.0000000    6.00000  99.0%  61.7    0s
H  216   141                     583.0000000   13.75000  97.6%  53.6    0s
H  312   183                     562.0000000   21.00000  96.3%  59.9    1s
H  541   298                     555.0000000   30.40000  94.5%  51.2    1s
H  964   418                     548.0000000   43.25000  92.1%  47.9    3s
H 1098   437                     524.0000000   43.25000  91.7%  46.7    3s
H 1125   420                     509.0000000   43.25000  91.5%  46.3    3s
  1723   460  431.50000   16   57  509.00000   91.00000  82.1%  41.5    5s
  4121  1075  307.16667   29   53  509.00000  181.50000  64.3%  34.0   10s
  6777  1677  483.65000   30   61  509.00000  240.00000  52.8%  31.2   15s
  9803  2203  493.36667   32   97  509.00000  282.56667  44.5%  29.5   20s
 10244  2267  388.50000   20   31  509.00000  288.50000  43.3%  29.2   25s
 13420  2624     cutoff   32       509.00000  320.40000  37.1%  28.4   30s
 16479  2791  351.12500   33   53  509.00000  344.75758  32.3%  28.0   35s
 19764  2881  481.70833   30   62  509.00000  366.19167  28.1%  27.5   40s
 23308  2846  485.50000   30   40  509.00000  387.50000  23.9%  26.8   45s
 26961  2648 infeasible   28       509.00000  405.36842  20.4%  26.3   50s
 30736  2233  466.13158   34   74  509.00000  425.50000  16.4%  25.7   55s
 34576  1540  460.41667   42   62  509.00000  447.50000  12.1%  25.0   60s

Cutting planes:
  Gomory: 2
  Flow cover: 8
  Zero half: 21
  RLT: 11
  BQP: 11

Explored 38388 nodes (928449 simplex iterations) in 64.42 seconds (51.51 work units)
Thread count was 1 (of 56 available processors)

Solution count 10: 509 524 548 ... 678

Optimal solution found (tolerance 1.00e-04)
Best objective 5.090000000000e+02, best bound 5.090000000000e+02, gap 0.0000%
509.0
