Set parameter Username
Set parameter LicenseID to value 2589207
Academic license - for non-commercial use only - expires 2025-11-23
Set parameter Threads to value 1
Set parameter Method to value 4
Gurobi Optimizer version 11.0.0 build v11.0.0rc2 (linux64 - "Red Hat Enterprise Linux 9.4 (Plow)")

CPU model: Intel(R) Xeon(R) CPU E5-2690 v4 @ 2.60GHz, instruction set [SSE2|AVX|AVX2]
Thread count: 28 physical cores, 56 logical processors, using up to 1 threads

Optimize a model with 1066 rows, 220 columns and 3153 nonzeros
Model fingerprint: 0x7e839973
Variable types: 136 continuous, 84 integer (84 binary)
Coefficient statistics:
  Matrix range     [1e+00, 1e+00]
  Objective range  [1e+01, 3e+02]
  Bounds range     [1e+00, 1e+00]
  RHS range        [1e+00, 2e+00]
Presolve removed 187 rows and 43 columns
Presolve time: 0.00s
Presolved: 879 rows, 177 columns, 2534 nonzeros
Variable types: 0 continuous, 177 integer (177 binary)
Found heuristic solution: objective 3164.0000000
Found heuristic solution: objective 1308.0000000
Found heuristic solution: objective 992.0000000

Root relaxation: objective 0.000000e+00, 81 iterations, 0.00 seconds (0.00 work units)

    Nodes    |    Current Node    |     Objective Bounds      |     Work
 Expl Unexpl |  Obj  Depth IntInf | Incumbent    BestBd   Gap | It/Node Time

     0     0    0.00000    0   42  992.00000    0.00000   100%     -    0s
H    0     0                     986.0000000    0.00000   100%     -    0s
H    0     0                     962.0000000    0.00000   100%     -    0s
     0     0    0.00000    0   70  962.00000    0.00000   100%     -    0s
H    0     0                     786.0000000    0.00000   100%     -    0s
     0     0    0.00000    0   50  786.00000    0.00000   100%     -    0s
     0     0    1.97674    0   75  786.00000    1.97674   100%     -    0s
     0     0   27.43089    0   88  786.00000   27.43089  96.5%     -    0s
     0     0   34.72727    0   96  786.00000   34.72727  95.6%     -    0s
     0     0   36.53407    0  109  786.00000   36.53407  95.4%     -    0s
     0     0   36.96369    0  108  786.00000   36.96369  95.3%     -    0s
     0     0   36.97496    0  107  786.00000   36.97496  95.3%     -    0s
     0     0   45.45416    0  110  786.00000   45.45416  94.2%     -    0s
     0     0   47.72678    0  117  786.00000   47.72678  93.9%     -    0s
     0     0   48.21244    0  114  786.00000   48.21244  93.9%     -    0s
     0     0   51.42833    0  114  786.00000   51.42833  93.5%     -    0s
H    0     0                     764.0000000   51.42833  93.3%     -    0s
     0     0   52.12268    0  107  764.00000   52.12268  93.2%     -    0s
     0     0   52.49588    0  114  764.00000   52.49588  93.1%     -    0s
     0     0   52.62505    0  117  764.00000   52.62505  93.1%     -    0s
     0     0   56.84135    0  119  764.00000   56.84135  92.6%     -    0s
     0     0   57.71922    0  109  764.00000   57.71922  92.4%     -    0s
     0     0   58.00522    0  121  764.00000   58.00522  92.4%     -    0s
     0     0   58.30961    0  117  764.00000   58.30961  92.4%     -    0s
     0     0   58.40553    0  121  764.00000   58.40553  92.4%     -    0s
     0     0   58.43103    0  115  764.00000   58.43103  92.4%     -    0s
     0     0   58.43103    0  118  764.00000   58.43103  92.4%     -    0s
     0     0   58.43103    0  118  764.00000   58.43103  92.4%     -    0s
H    0     0                     745.0000000   58.43103  92.2%     -    0s
     0     0   58.43103    0  114  745.00000   58.43103  92.2%     -    0s
H    0     0                     703.0000000   58.43103  91.7%     -    0s
     0     2   58.90839    0  111  703.00000   58.90839  91.6%     -    0s
H  120    49                     694.0000000  306.00000  55.9%  40.0    0s
*  130    47              13     693.0000000  306.00000  55.8%  37.5    0s
H  135    44                     670.0000000  306.50000  54.3%  36.9    0s

Cutting planes:
  Gomory: 2
  MIR: 9
  Zero half: 53
  RLT: 32
  BQP: 50

Explored 570 nodes (15180 simplex iterations) in 0.73 seconds (0.58 work units)
Thread count was 1 (of 56 available processors)

Solution count 10: 670 693 694 ... 992

Optimal solution found (tolerance 1.00e-04)
Best objective 6.700000000000e+02, best bound 6.700000000000e+02, gap 0.0000%
670.0
