Set parameter Username
Set parameter LicenseID to value 2589207
Academic license - for non-commercial use only - expires 2025-11-23
Set parameter Threads to value 1
Set parameter Method to value 4
Gurobi Optimizer version 11.0.0 build v11.0.0rc2 (linux64 - "Red Hat Enterprise Linux 9.4 (Plow)")

CPU model: Intel(R) Xeon(R) CPU E5-2690 v4 @ 2.60GHz, instruction set [SSE2|AVX|AVX2]
Thread count: 28 physical cores, 56 logical processors, using up to 1 threads

Optimize a model with 984 rows, 194 columns and 2936 nonzeros
Model fingerprint: 0xf199796b
Variable types: 114 continuous, 80 integer (80 binary)
Coefficient statistics:
  Matrix range     [1e+00, 1e+00]
  Objective range  [2e+01, 3e+02]
  Bounds range     [1e+00, 1e+00]
  RHS range        [1e+00, 2e+00]
Presolve removed 166 rows and 36 columns
Presolve time: 0.00s
Presolved: 818 rows, 158 columns, 2390 nonzeros
Variable types: 0 continuous, 158 integer (158 binary)
Found heuristic solution: objective 2426.0000000
Found heuristic solution: objective 2310.0000000

Root relaxation: objective 0.000000e+00, 79 iterations, 0.00 seconds (0.00 work units)

    Nodes    |    Current Node    |     Objective Bounds      |     Work
 Expl Unexpl |  Obj  Depth IntInf | Incumbent    BestBd   Gap | It/Node Time

     0     0    0.00000    0   33 2310.00000    0.00000   100%     -    0s
H    0     0                    1015.0000000    0.00000   100%     -    0s
H    0     0                     827.0000000    0.00000   100%     -    0s
H    0     0                     679.0000000    0.00000   100%     -    0s
     0     0    0.00000    0   46  679.00000    0.00000   100%     -    0s
H    0     0                     637.0000000    0.00000   100%     -    0s
     0     0    0.00000    0   60  637.00000    0.00000   100%     -    0s
H    0     0                     604.0000000    0.00000   100%     -    0s
     0     0    0.00000    0   63  604.00000    0.00000   100%     -    0s
     0     0    0.00000    0   57  604.00000    0.00000   100%     -    0s
     0     0    0.00000    0   62  604.00000    0.00000   100%     -    0s
     0     0    0.00000    0   55  604.00000    0.00000   100%     -    0s
H    0     0                     490.0000000    0.00000   100%     -    0s
H    0     0                     469.0000000    0.00000   100%     -    0s
H    0     0                     418.0000000    0.00000   100%     -    0s
     0     2    0.00000    0   55  418.00000    0.00000   100%     -    0s
*  182    53              12     399.0000000  137.00000  65.7%  24.8    0s

Cutting planes:
  MIR: 1
  Zero half: 22
  RLT: 12
  BQP: 24

Explored 754 nodes (14879 simplex iterations) in 0.74 seconds (0.56 work units)
Thread count was 1 (of 56 available processors)

Solution count 10: 399 418 469 ... 2310

Optimal solution found (tolerance 1.00e-04)
Best objective 3.990000000000e+02, best bound 3.990000000000e+02, gap 0.0000%
399.0
