Set parameter Username
Set parameter LicenseID to value 2589207
Academic license - for non-commercial use only - expires 2025-11-23
Set parameter Threads to value 1
Set parameter Method to value 4
Gurobi Optimizer version 11.0.0 build v11.0.0rc2 (linux64 - "Red Hat Enterprise Linux 9.4 (Plow)")

CPU model: Intel(R) Xeon(R) CPU E5-2690 v4 @ 2.60GHz, instruction set [SSE2|AVX|AVX2]
Thread count: 28 physical cores, 56 logical processors, using up to 1 threads

Optimize a model with 2559 rows, 417 columns and 7695 nonzeros
Model fingerprint: 0x6b0c3c1a
Variable types: 246 continuous, 171 integer (171 binary)
Coefficient statistics:
  Matrix range     [1e+00, 1e+00]
  Objective range  [1e+01, 3e+02]
  Bounds range     [1e+00, 1e+00]
  RHS range        [1e+00, 2e+00]
Presolve removed 486 rows and 81 columns
Presolve time: 0.01s
Presolved: 2073 rows, 336 columns, 6048 nonzeros
Variable types: 0 continuous, 336 integer (336 binary)
Found heuristic solution: objective 2858.0000000
Found heuristic solution: objective 2753.0000000

Root relaxation: objective 0.000000e+00, 182 iterations, 0.01 seconds (0.01 work units)

    Nodes    |    Current Node    |     Objective Bounds      |     Work
 Expl Unexpl |  Obj  Depth IntInf | Incumbent    BestBd   Gap | It/Node Time

     0     0    0.00000    0   46 2753.00000    0.00000   100%     -    0s
H    0     0                    2377.0000000    0.00000   100%     -    0s
H    0     0                    2310.0000000    0.00000   100%     -    0s
     0     0    0.00000    0  138 2310.00000    0.00000   100%     -    0s
H    0     0                    1615.0000000    0.00000   100%     -    0s
     0     0    0.00000    0   80 1615.00000    0.00000   100%     -    0s
H    0     0                    1599.0000000    0.00000   100%     -    0s
H    0     0                     777.0000000    0.00000   100%     -    0s
     0     0    0.00000    0   81  777.00000    0.00000   100%     -    0s
     0     0    0.00000    0  102  777.00000    0.00000   100%     -    0s
H    0     0                     669.0000000    0.00000   100%     -    0s
     0     0    0.00000    0  103  669.00000    0.00000   100%     -    0s
     0     0    0.00000    0   62  669.00000    0.00000   100%     -    0s
     0     0    0.00000    0   61  669.00000    0.00000   100%     -    0s
H    0     0                     606.0000000    0.00000   100%     -    0s
H    0     0                     545.0000000    0.00000   100%     -    0s
     0     2    0.00000    0   61  545.00000    0.00000   100%     -    0s
H  108    80                     517.0000000    0.00000   100%  54.3    0s
H  744   458                     511.0000000   10.00000  98.0%  50.6    3s
  1150   584  153.84211   24  102  511.00000   20.46154  96.0%  50.1    5s
  2601   879 infeasible   43       511.00000   94.85714  81.4%  42.6   10s
  4083  1436  146.76667   28  141  511.00000  122.80000  76.0%  39.2   15s
  5647  1971  334.00000   44   33  511.00000  131.80000  74.2%  37.3   20s
  7594  2201  434.80000   47   71  511.00000  184.00000  64.0%  34.8   25s
  9735  2201     cutoff   54       511.00000  232.50000  54.5%  32.3   30s
 12253  2634  483.00000   48   74  511.00000  267.12500  47.7%  30.7   35s
 14798  3383  415.40000   40   65  511.00000  287.50000  43.7%  29.3   40s
 15303  3534  363.00000   45   93  511.00000  291.00000  43.1%  29.2   48s
 16105  3672  391.83333   43  115  511.00000  295.66667  42.1%  29.1   50s
 18671  4249  461.68750   44   84  511.00000  310.00000  39.3%  29.0   55s
 21274  4750  504.66667   60   51  511.00000  322.78613  36.8%  29.1   60s
 24133  5208  510.00000   48   60  511.00000  336.00000  34.2%  28.8   65s
 26884  5613 infeasible   45       511.00000  346.06510  32.3%  28.8   70s
 29739  5971  494.00000   50   68  511.00000  356.00000  30.3%  28.7   75s
 32638  6208  437.16026   57  106  511.00000  366.98485  28.2%  28.4   80s
 35246  6397  420.00000   40   73  511.00000  375.00000  26.6%  28.4   85s
 38089  6480     cutoff   45       511.00000  384.86667  24.7%  28.3   90s
 40749  6407     cutoff   41       511.00000  394.00000  22.9%  28.4   95s
 43450  6317     cutoff   58       511.00000  403.50000  21.0%  28.4  100s
 46277  6202  503.00000   49   44  511.00000  411.67742  19.4%  28.3  105s
 48950  6045  492.00000   51   55  511.00000  420.00000  17.8%  28.1  110s
 51905  5852 infeasible   46       511.00000  428.00000  16.2%  28.0  115s
 55004  5517  503.25000   52   64  511.00000  436.60000  14.6%  27.7  120s
 58074  4995     cutoff   46       511.00000  445.90909  12.7%  27.6  125s
 61383  4390  505.00000   50    6  511.00000  454.83333  11.0%  27.3  130s
 64758  3755     cutoff   46       511.00000  463.00000  9.39%  26.9  135s
 68035  2965  472.00000   46   75  511.00000  472.00000  7.63%  26.5  140s
 71585  1862     cutoff   50       511.00000  482.15385  5.65%  26.1  145s

Cutting planes:
  Gomory: 1
  Implied bound: 12
  Flow cover: 5
  Zero half: 18
  RLT: 37
  BQP: 31

Explored 75341 nodes (1923513 simplex iterations) in 149.85 seconds (120.85 work units)
Thread count was 1 (of 56 available processors)

Solution count 10: 511 517 545 ... 2377

Optimal solution found (tolerance 1.00e-04)
Best objective 5.110000000000e+02, best bound 5.110000000000e+02, gap 0.0000%
511.0
