Set parameter Username
Set parameter LicenseID to value 2589207
Academic license - for non-commercial use only - expires 2025-11-23
Set parameter Threads to value 1
Set parameter Method to value 4
Gurobi Optimizer version 11.0.0 build v11.0.0rc2 (linux64 - "Red Hat Enterprise Linux 9.4 (Plow)")

CPU model: Intel(R) Xeon(R) CPU E5-2690 v4 @ 2.60GHz, instruction set [SSE2|AVX|AVX2]
Thread count: 28 physical cores, 56 logical processors, using up to 1 threads

Optimize a model with 4699 rows, 678 columns and 14155 nonzeros
Model fingerprint: 0x6eea20c0
Variable types: 368 continuous, 310 integer (310 binary)
Coefficient statistics:
  Matrix range     [1e+00, 1e+00]
  Objective range  [5e+00, 3e+02]
  Bounds range     [1e+00, 1e+00]
  RHS range        [1e+00, 2e+00]
Presolve removed 875 rows and 120 columns
Presolve time: 0.03s
Presolved: 3824 rows, 558 columns, 11090 nonzeros
Variable types: 0 continuous, 558 integer (558 binary)
Found heuristic solution: objective 3224.0000000
Found heuristic solution: objective 1480.0000000

Use crossover to convert LP symmetric solution to basic solution...

Root relaxation: objective 0.000000e+00, 289 iterations, 0.01 seconds (0.01 work units)

    Nodes    |    Current Node    |     Objective Bounds      |     Work
 Expl Unexpl |  Obj  Depth IntInf | Incumbent    BestBd   Gap | It/Node Time

     0     0    0.00000    0  164 1480.00000    0.00000   100%     -    0s
H    0     0                    1127.0000000    0.00000   100%     -    0s
     0     0    0.00000    0  197 1127.00000    0.00000   100%     -    0s
H    0     0                    1123.0000000    0.00000   100%     -    0s
H    0     0                    1110.0000000    0.00000   100%     -    0s
H    0     0                     971.0000000    0.00000   100%     -    0s
     0     0    0.00000    0  232  971.00000    0.00000   100%     -    0s
     0     0    0.00000    0  220  971.00000    0.00000   100%     -    0s
     0     0    0.00000    0  177  971.00000    0.00000   100%     -    0s
     0     0    0.00000    0  100  971.00000    0.00000   100%     -    0s
H    0     0                     891.0000000    0.00000   100%     -    0s
H    0     0                     845.0000000    0.00000   100%     -    0s
     0     2    0.00000    0  100  845.00000    0.00000   100%     -    0s
H  300   199                     808.0000000    0.00000   100%  61.4    2s
   564   413   71.22819   20  194  808.00000    0.00000   100%  78.5    5s
   641   456  105.25000   25  228  808.00000   11.00000  98.6%  73.6   10s
   657   466  322.25000   53  158  808.00000   31.00000  96.2%  71.8   15s
   671   476  160.38462   17  184  808.00000   37.00000  95.4%  70.3   20s
   686   486  617.16667   25  238  808.00000   42.75000  94.7%  68.7   25s
   708   502   64.50000   14  208  808.00000   43.50000  94.6%   197   30s
   730   518  105.25000   25  174  808.00000   48.00000  94.1%   238   35s
   749   530  679.50000   28  204  808.00000   52.00000  93.6%   232   40s
   771   546  160.38462   17  176  808.00000   60.00000  92.6%   276   45s
   792   560     cutoff   49       808.00000   60.00000  92.6%   301   50s
H  953   591                     805.0000000   60.00000  92.5%   276   53s
H  973   573                     785.0000000   60.00000  92.4%   272   53s
  1050   594   61.85819   61  195  785.00000   60.00000  92.4%   265   55s
H 1234   637                     764.0000000   60.00000  92.1%   247   58s
H 1257   612                     750.0000000   60.00000  92.0%   244   58s
  1368   639  209.36111   83  114  750.00000   60.00000  92.0%   234   60s
  1621   741  275.75000   91  112  750.00000   60.00000  92.0%   224   65s
  1853   823  459.79584   74  184  750.00000   60.00000  92.0%   218   70s
  2125   889  212.39330   74  230  750.00000   60.34545  92.0%   211   75s
  2360  1032  118.38224   69  237  750.00000   60.60000  91.9%   201   80s
  2638  1202  689.38571   79  138  750.00000   61.10638  91.9%   194   85s
  2865  1341   90.00000   60  161  750.00000   61.50000  91.8%   192   90s
  3035  1457  226.76857   65  226  750.00000   61.65820  91.8%   188   95s
  3354  1657  304.96667   77  104  750.00000   62.18540  91.7%   181  100s
  3720  1894   62.81034   58  227  750.00000   62.50000  91.7%   173  105s
  4021  2062  227.03586   74  143  750.00000   62.90909  91.6%   169  110s
  4286  2212  130.54467   61  203  750.00000   63.10194  91.6%   168  115s
  4514  2344  505.16667   68   75  750.00000   63.33333  91.6%   165  120s
  4826  2516  120.78039   63  203  750.00000   63.96404  91.5%   163  125s
  5079  2676  241.94444   67  136  750.00000   64.05209  91.5%   162  130s
  5428  2874  354.58333   82  105  750.00000   64.42853  91.4%   159  135s
  5709  3053  143.22634   60  204  750.00000   65.00000  91.3%   158  140s
  6004  3219  269.33333   64  165  750.00000   65.40000  91.3%   156  145s
  6329  3397  122.02099   64  272  750.00000   65.66542  91.2%   155  150s
  6677  3575  119.14047   68  194  750.00000   66.21212  91.2%   153  155s
  7002  3749  741.29861   66  168  750.00000   66.38599  91.1%   151  160s
  7339  3970  395.35952   90  162  750.00000   66.67857  91.1%   150  165s
  7765  4196  166.84237   67  206  750.00000   67.14710  91.0%   147  170s
  8213  4471  262.43750   68  198  750.00000   67.90265  90.9%   145  175s
  8709  4730   88.84063   60  232  750.00000   68.54955  90.9%   143  180s
  9145  4962  428.48652   81  255  750.00000   69.27931  90.8%   142  185s
  9542  5189   72.23791   63  250  750.00000   69.82804  90.7%   142  190s
  9967  5421  159.95322   72  234  750.00000   70.33333  90.6%   141  195s
 10203  5561  127.74841   71  100  750.00000   70.72667  90.6%   141  207s
 10210  5566  269.25000   69  184  750.00000   70.72667  90.6%   141  210s
 10254  5581   74.44205   71  193  750.00000   70.72667  90.6%   142  215s
 10509  5647  702.00000   80   59  750.00000   70.72667  90.6%   142  220s
 10749  5711  152.05000   83  110  750.00000   70.72667  90.6%   142  225s
 11006  5799  191.62500   82  146  750.00000   70.72667  90.6%   141  230s
 11263  5870   70.72667   74  216  750.00000   70.72667  90.6%   140  235s
 11530  5925   70.72667   74  220  750.00000   70.72667  90.6%   140  240s
 11792  6006  333.58333   83  157  750.00000   70.72667  90.6%   140  245s
 12045  6047   93.18635   76  193  750.00000   70.72667  90.6%   139  250s
 12473  6128  187.99015   86  237  750.00000   70.72667  90.6%   138  255s
 12802  6216  216.59303   81  214  750.00000   70.72667  90.6%   138  260s
 13146  6318  190.79970   79  295  750.00000   70.72667  90.6%   137  265s
 13485  6410   92.87500   72  235  750.00000   70.72667  90.6%   136  270s
 13826  6490  273.50595   88  120  750.00000   71.17263  90.5%   136  275s
 14188  6540  637.24921  108  177  750.00000   72.01158  90.4%   136  280s
 14547  6623  489.16111   95  159  750.00000   72.75646  90.3%   136  285s
 14949  6704  342.75395   86  194  750.00000   74.07121  90.1%   135  290s
 15279  6749  185.59268   76  242  750.00000   75.51705  89.9%   134  295s
 15621  6826  273.55615   74  282  750.00000   77.35104  89.7%   134  300s
 16047  6924  250.52432   82  141  750.00000   78.94603  89.5%   133  305s
 16420  7006  695.71973   83   95  750.00000   80.65207  89.2%   133  310s
 16809  7068  376.02381   90  141  750.00000   82.30760  89.0%   133  315s
 17171  7140  191.12852   81  258  750.00000   84.48864  88.7%   132  320s
 17561  7188  698.02857   80  139  750.00000   86.24383  88.5%   132  325s
 17931  7220  346.45383   83  253  750.00000   87.90006  88.3%   132  330s
 18267  7290  668.12500   82  139  750.00000   89.11111  88.1%   132  335s
 18620  7360  392.16157   88  242  750.00000   90.26052  88.0%   131  340s
 18994  7383  294.42388   82  253  750.00000   91.73834  87.8%   131  345s
 19289  7405  136.29063   79  200  750.00000   92.59588  87.7%   131  350s
 19603  7450  119.74553   80  224  750.00000   94.15885  87.4%   131  355s
 19979  7521  106.41574   77  228  750.00000   94.88095  87.3%   131  360s
 20406  7551  607.60656   79  192  750.00000   96.09822  87.2%   131  365s
 20809  7586  110.32500   74  258  750.00000   98.00000  86.9%   131  370s
 21248  7655  373.43700   79  158  750.00000   99.59854  86.7%   130  375s
 21669  7672 infeasible   76       750.00000  100.94484  86.5%   130  380s
 22113  7750  339.29167   92  140  750.00000  101.90555  86.4%   130  385s
 22553  7819  354.66667   73  130  750.00000  103.94444  86.1%   130  390s
 22994  7916  249.92985   83  211  750.00000  104.99816  86.0%   129  395s
 23382  7966  116.77512   80  242  750.00000  105.89196  85.9%   129  400s
 23771  8000  463.54514   84  128  750.00000  107.63227  85.6%   130  405s
 24308  8108  320.18421   79  183  750.00000  108.61111  85.5%   129  410s
 24710  8138  313.92361   87  130  750.00000  109.50000  85.4%   129  415s
 25193  8182     cutoff   85       750.00000  111.24021  85.2%   129  420s
 25672  8236  722.25000   91  103  750.00000  112.25258  85.0%   129  425s
 26126  8264  145.66055   80  221  750.00000  113.77778  84.8%   129  430s
 26562  8316 infeasible   80       750.00000  114.64249  84.7%   129  435s
 27019  8428  732.74074   91  130  750.00000  115.59285  84.6%   128  440s
 27444  8602  243.70741   76  187  750.00000  117.25806  84.4%   128  445s
 27811  8720  411.82292   87  205  750.00000  118.39837  84.2%   129  450s
 28244  8939  472.88889   88  140  750.00000  119.45893  84.1%   129  455s
 28687  9145  596.68056   95  109  750.00000  120.03497  84.0%   129  460s
 29138  9358  626.54762  106  153  750.00000  121.02530  83.9%   129  465s
 29617  9585  199.26236   80  211  750.00000  121.95293  83.7%   128  470s
 30061  9768  409.29028   87  189  750.00000  123.05093  83.6%   128  475s
 30494  9938  293.43374   85  184  750.00000  124.34259  83.4%   128  480s
 30948 10120  576.04468   80  235  750.00000  125.13117  83.3%   128  485s
 31339 10288 infeasible   86       750.00000  125.91333  83.2%   128  490s
 31839 10524  571.83333   90  113  750.00000  126.80556  83.1%   128  495s
 32300 10741  263.70923   82  249  750.00000  128.02857  82.9%   128  500s
 32726 10922  487.27872   82  223  750.00000  129.45261  82.7%   128  505s
 33141 11070  442.78399   87  195  750.00000  130.36436  82.6%   128  510s
 33564 11269  136.78656   78  227  750.00000  131.23869  82.5%   128  515s
 34020 11501  337.64271   86  158  750.00000  132.13672  82.4%   128  520s
 34472 11713  358.50000   90  135  750.00000  132.89888  82.3%   128  525s
 34957 11946  426.75000   79  116  750.00000  133.63889  82.2%   127  530s
 35403 12148  296.74667   79  198  750.00000  135.30605  82.0%   127  535s
 35862 12362  526.67133   91  149  750.00000  136.24748  81.8%   127  540s
 36244 12527  217.96154   80  152  750.00000  136.80556  81.8%   127  545s
 36721 12707  175.02453   74  218  750.00000  137.97347  81.6%   127  550s
 37092 12846  242.12873   77  204  750.00000  138.90649  81.5%   127  555s
 37525 13024  148.63747   82  249  750.00000  139.84767  81.4%   127  560s
 37940 13192  554.84375   90  126  750.00000  140.59565  81.3%   128  565s
 38426 13396  181.58780   79  240  750.00000  141.68750  81.1%   127  570s
 38819 13551  310.62429   83  212  750.00000  142.85150  81.0%   128  575s
 39176 13670  261.47745   83  254  750.00000  143.76224  80.8%   128  580s
 39633 13868     cutoff   98       750.00000  144.20833  80.8%   128  585s
 40080 14012  379.07482   83  198  750.00000  144.90126  80.7%   128  590s
 40513 14198  633.25000   87  133  750.00000  145.50320  80.6%   128  595s
 40927 14350  235.89478   81  271  750.00000  146.25000  80.5%   128  600s
 41352 14510     cutoff   81       750.00000  147.17332  80.4%   128  605s
 41812 14701  735.64439  104  117  750.00000  148.25000  80.2%   128  610s
 42258 14841  172.53535   80  220  750.00000  149.00000  80.1%   128  615s
 42735 15019  645.13889   88  165  750.00000  149.76768  80.0%   127  620s
 43190 15204  170.52072   81  266  750.00000  150.62014  79.9%   127  625s
 43598 15333  171.58790   81  233  750.00000  151.62500  79.8%   127  630s
 44006 15479  256.93056   79  180  750.00000  152.69350  79.6%   128  635s
 44441 15624  674.41534   83  197  750.00000  153.42327  79.5%   128  640s
 44759 15752  495.04993   75  246  750.00000  153.94936  79.5%   127  645s
 45223 15931  562.37500   90  142  750.00000  154.71469  79.4%   127  650s
 45692 16091  188.74286   79  210  750.00000  155.99022  79.2%   127  655s
 46145 16296  703.75000  110   96  750.00000  156.66667  79.1%   127  660s
 46587 16446  282.99566   83  219  750.00000  157.81621  79.0%   127  665s
 47031 16620 infeasible   95       750.00000  158.53030  78.9%   127  670s
 47499 16787  459.72500   79  195  750.00000  159.28082  78.8%   127  675s
 47974 16984  376.06260   87  221  750.00000  160.20749  78.6%   127  680s
 48361 17131  321.68750   81  151  750.00000  160.89600  78.5%   127  685s
 48756 17274  190.62856   83  209  750.00000  161.40536  78.5%   127  690s
 49189 17409  486.59716   90  145  750.00000  162.50000  78.3%   127  695s
 49605 17564  293.52645   84  198  750.00000  163.33333  78.2%   127  700s
 50074 17760  673.25000   83  102  750.00000  164.17236  78.1%   127  705s
 50541 17977  228.74074   78  156  750.00000  164.78250  78.0%   127  710s

Cutting planes:
  Gomory: 6
  Cover: 23
  Implied bound: 6
  MIR: 1
  Flow cover: 181
  Inf proof: 867
  Zero half: 457
  RLT: 158
  BQP: 436

Explored 50631 nodes (6429477 simplex iterations) in 711.18 seconds (638.89 work units)
Thread count was 1 (of 56 available processors)

Solution count 10: 750 764 785 ... 1123

Solve interrupted
Best objective 7.500000000000e+02, best bound 1.650000000000e+02, gap 78.0000%
750.0

Interrupt request received
