Set parameter Username
Set parameter LicenseID to value 2589207
Academic license - for non-commercial use only - expires 2025-11-23
Set parameter Threads to value 1
Set parameter Method to value 4
Gurobi Optimizer version 11.0.0 build v11.0.0rc2 (linux64 - "Red Hat Enterprise Linux 9.4 (Plow)")

CPU model: Intel(R) Xeon(R) CPU E5-2690 v4 @ 2.60GHz, instruction set [SSE2|AVX|AVX2]
Thread count: 28 physical cores, 56 logical processors, using up to 1 threads

Optimize a model with 2979 rows, 474 columns and 8967 nonzeros
Model fingerprint: 0xd2315784
Variable types: 284 continuous, 190 integer (190 binary)
Coefficient statistics:
  Matrix range     [1e+00, 1e+00]
  Objective range  [1e+01, 3e+02]
  Bounds range     [1e+00, 1e+00]
  RHS range        [1e+00, 2e+00]
Presolve removed 567 rows and 92 columns
Presolve time: 0.01s
Presolved: 2412 rows, 382 columns, 7050 nonzeros
Variable types: 0 continuous, 382 integer (382 binary)
Found heuristic solution: objective 1077.0000000

Root relaxation: objective 0.000000e+00, 160 iterations, 0.01 seconds (0.01 work units)

    Nodes    |    Current Node    |     Objective Bounds      |     Work
 Expl Unexpl |  Obj  Depth IntInf | Incumbent    BestBd   Gap | It/Node Time

     0     0    0.00000    0   38 1077.00000    0.00000   100%     -    0s
H    0     0                     924.0000000    0.00000   100%     -    0s
H    0     0                     840.0000000    0.00000   100%     -    0s
     0     0    0.00000    0   95  840.00000    0.00000   100%     -    0s
H    0     0                     743.0000000    0.00000   100%     -    0s
     0     0    0.00000    0   70  743.00000    0.00000   100%     -    0s
     0     0    0.00000    0  139  743.00000    0.00000   100%     -    0s
H    0     0                     566.0000000    0.00000   100%     -    0s
H    0     0                     545.0000000    0.00000   100%     -    0s
     0     0    0.00000    0  142  545.00000    0.00000   100%     -    0s
     0     0    0.00000    0   95  545.00000    0.00000   100%     -    0s
     0     0    0.00000    0   89  545.00000    0.00000   100%     -    0s
H    0     0                     524.0000000    0.00000   100%     -    0s
     0     2    0.00000    0   79  524.00000    0.00000   100%     -    0s
H  525   332                     517.0000000   12.00000  97.7%  46.9    2s
H  599   392                     511.0000000   12.00000  97.7%  44.8    2s
   989   508  302.00000   36   48  511.00000   94.33333  81.5%  44.8    5s
  2209   816  470.83333   36   54  511.00000  162.00000  68.3%  37.9   10s
  3662  1363  274.16667   25   51  511.00000  202.25000  60.4%  34.6   15s
  5085  1832  445.75000   39   74  511.00000  219.16667  57.1%  33.5   20s
  6476  2368  495.77778   29   50  511.00000  231.50000  54.7%  33.0   25s
  8209  2907  360.05000   27   72  511.00000  243.00000  52.4%  32.1   30s
  9824  3401  419.47143   36   66  511.00000  253.00000  50.5%  31.3   35s
 10203  3487  326.46667   33   89  511.00000  255.00000  50.1%  31.2   43s
 10322  3534  360.00000   38   49  511.00000  255.00000  50.1%  29.3   45s
 11440  3800  255.00000   31   90  511.00000  255.00000  50.1%  31.2   50s
 12867  3977     cutoff   50       511.00000  255.00000  50.1%  32.6   55s
 14627  4068  392.42424   41  101  511.00000  278.00000  45.6%  33.3   60s
 16640  4078  485.00000   37   90  511.00000  309.50000  39.4%  33.5   65s
 18782  3928  442.93333   44   88  511.00000  332.00000  35.0%  33.3   70s
 20719  3574     cutoff   30       511.00000  350.58333  31.4%  33.2   75s
 22907  4037  421.33333   39  125  511.00000  364.00000  28.8%  33.0   80s
 25208  4472  377.15762   39  151  511.00000  374.83333  26.6%  32.7   85s
 27678  4905  410.91111   50  124  511.00000  385.19231  24.6%  32.3   90s
 30008  5217     cutoff   51       511.00000  392.70588  23.1%  31.9   95s
 32585  5560  450.48800   48  110  511.00000  401.61538  21.4%  31.5  100s
 35135  5913     cutoff   44       511.00000  408.20000  20.1%  31.0  105s
 37836  6242  457.44444   50   98  511.00000  414.75000  18.8%  30.5  110s
 40546  6471  493.90683   48  112  511.00000  420.50000  17.7%  30.0  115s
 43493  6703  509.00000   56   43  511.00000  426.00000  16.6%  29.3  120s
 46315  6876  482.33333   47  106  511.00000  431.00000  15.7%  28.8  125s
 48896  6908     cutoff   54       511.00000  435.66667  14.7%  28.5  130s
 51669  7002  472.00000   44   57  511.00000  439.66667  14.0%  28.1  135s
 54632  7017     cutoff   52       511.00000  444.12500  13.1%  27.6  140s
 57766  6998  476.26563   47  132  511.00000  448.50000  12.2%  27.1  145s
 60684  6867     cutoff   53       511.00000  452.66667  11.4%  26.8  150s
 63846  6769  464.08333   48  106  511.00000  456.66667  10.6%  26.4  155s
 67132  6684  486.00000   47   70  511.00000  460.42857  9.90%  25.9  160s
 70247  6513  510.00000   46   52  511.00000  463.66667  9.26%  25.5  165s
 73489  6202  471.20000   38  100  511.00000  467.75000  8.46%  25.1  170s
 76560  5847  495.00000   41   34  511.00000  471.00000  7.83%  24.8  175s
 80005  5361  504.00000   49   62  511.00000  475.42553  6.96%  24.4  180s
 83351  4850  498.80000   50  101  511.00000  480.00000  6.07%  24.0  185s
 86727  4113  489.50000   46   65  511.00000  485.00000  5.09%  23.7  190s
 90320  3146     cutoff   53       511.00000  490.75000  3.96%  23.2  195s
 93795  1864     cutoff   53       511.00000  497.50000  2.64%  22.8  200s

Cutting planes:
  Gomory: 2
  Cover: 1
  Implied bound: 4
  Flow cover: 17
  Inf proof: 1
  Zero half: 48
  RLT: 17
  BQP: 12

Explored 96907 nodes (2204472 simplex iterations) in 204.54 seconds (165.33 work units)
Thread count was 1 (of 56 available processors)

Solution count 10: 511 511 517 ... 1077

Optimal solution found (tolerance 1.00e-04)
Best objective 5.110000000000e+02, best bound 5.110000000000e+02, gap 0.0000%
511.0
