Set parameter Username
Set parameter LicenseID to value 2589207
Academic license - for non-commercial use only - expires 2025-11-23
Set parameter Threads to value 1
Set parameter Method to value 4
Gurobi Optimizer version 11.0.0 build v11.0.0rc2 (linux64 - "Red Hat Enterprise Linux 9.4 (Plow)")

CPU model: Intel(R) Xeon(R) CPU E5-2690 v4 @ 2.60GHz, instruction set [SSE2|AVX|AVX2]
Thread count: 28 physical cores, 56 logical processors, using up to 1 threads

Optimize a model with 2040 rows, 353 columns and 6136 nonzeros
Model fingerprint: 0xe06a4e5d
Variable types: 218 continuous, 135 integer (135 binary)
Coefficient statistics:
  Matrix range     [1e+00, 1e+00]
  Objective range  [2e+01, 3e+02]
  Bounds range     [1e+00, 1e+00]
  RHS range        [1e+00, 2e+00]
Presolve removed 376 rows and 70 columns
Presolve time: 0.01s
Presolved: 1664 rows, 283 columns, 4896 nonzeros
Variable types: 0 continuous, 283 integer (283 binary)
Found heuristic solution: objective 2466.0000000
Found heuristic solution: objective 2385.0000000

Root relaxation: objective 0.000000e+00, 149 iterations, 0.00 seconds (0.00 work units)

    Nodes    |    Current Node    |     Objective Bounds      |     Work
 Expl Unexpl |  Obj  Depth IntInf | Incumbent    BestBd   Gap | It/Node Time

     0     0    0.00000    0   32 2385.00000    0.00000   100%     -    0s
H    0     0                     727.0000000    0.00000   100%     -    0s
H    0     0                     643.0000000    0.00000   100%     -    0s
     0     0    0.00000    0   68  643.00000    0.00000   100%     -    0s
H    0     0                     458.0000000    0.00000   100%     -    0s
     0     0    0.00000    0   81  458.00000    0.00000   100%     -    0s
     0     0    0.00000    0   37  458.00000    0.00000   100%     -    0s
     0     0    0.00000    0   76  458.00000    0.00000   100%     -    0s
     0     0    0.00000    0   71  458.00000    0.00000   100%     -    0s
     0     0    0.00000    0   53  458.00000    0.00000   100%     -    0s
     0     0    0.00000    0   52  458.00000    0.00000   100%     -    0s
H    0     0                     437.0000000    0.00000   100%     -    0s
     0     2    0.00000    0   52  437.00000    0.00000   100%     -    0s
*   28    26              15     433.0000000   37.00000  91.5%  75.4    0s
*  147    88              16     412.0000000   57.00000  86.2%  48.0    0s
*  148    86              16     405.0000000   57.00000  85.9%  47.7    0s
  1644   499 infeasible   31       405.00000  119.50000  70.5%  35.5    5s
  4125  1297  235.37500   28   85  405.00000  119.50000  70.5%  26.6   10s
  6534  1985  352.50000   41   43  405.00000  119.50000  70.5%  25.5   15s
  8905  2605  373.00000   51   36  405.00000  134.00000  66.9%  24.2   20s
 10203  2906  273.00000   30   52  405.00000  149.87500  63.0%  23.3   26s
 10901  3090  369.00000   47   49  405.00000  149.87500  63.0%  24.2   30s
 13304  3358  155.50000   55   68  405.00000  149.87500  63.0%  24.1   35s
 16475  3530  174.00000   56   64  405.00000  149.87500  63.0%  23.6   40s
 19096  3441  217.70833   49   99  405.00000  153.66667  62.1%  24.0   45s
 21873  4186  257.73333   51   84  405.00000  165.00000  59.3%  24.1   50s
 24951  5259  375.60000   53   44  405.00000  173.20000  57.2%  24.0   55s
 27997  5922  306.00000   51   56  405.00000  183.00000  54.8%  23.9   60s
 31084  6620  387.00000   50   32  405.00000  193.00000  52.3%  23.8   65s
 34117  7155  333.00000   50   34  405.00000  201.00000  50.4%  23.7   70s
 36884  7636  231.44444   51   92  405.00000  207.20000  48.8%  23.8   75s
 40053  8327  333.00000   51   61  405.00000  214.00000  47.2%  23.6   80s
 43222  8826  363.00000   58   27  405.00000  221.14286  45.4%  23.4   85s
 46799  9481 infeasible   65       405.00000  227.00000  44.0%  23.1   90s
 50309  9970  295.00000   55   59  405.00000  233.00000  42.5%  22.8   95s
 53888 10463 infeasible   54       405.00000  239.00000  41.0%  22.5  100s
 57455 10886  395.12500   59   45  405.00000  245.75000  39.3%  22.2  105s
 61037 11245  287.96154   64   74  405.00000  251.00000  38.0%  22.0  110s
 64666 11609  374.50000   62   48  405.00000  256.00000  36.8%  21.8  115s
 68334 11854  346.00000   58   64  405.00000  261.00000  35.6%  21.5  120s
 71854 12219  367.00000   59   53  405.00000  265.00000  34.6%  21.4  125s
 75544 12400 infeasible   49       405.00000  270.00000  33.3%  21.2  130s
 79359 12511  323.29412   57   69  405.00000  275.37500  32.0%  21.0  135s
 82877 12578  393.33333   59    7  405.00000  279.00000  31.1%  20.9  140s
 86107 12517     cutoff   54       405.00000  282.42857  30.3%  20.9  145s
 89441 12479     cutoff   61       405.00000  286.00000  29.4%  20.8  150s
 92448 12384  334.00000   51   30  405.00000  290.00000  28.4%  20.8  155s
 95821 12259  324.00000   56   56  405.00000  294.00000  27.4%  20.8  160s
 99282 12086  387.00000   58   67  405.00000  298.00000  26.4%  20.7  165s
 102689 11919  360.16667   63   57  405.00000  301.50000  25.6%  20.7  170s
 106210 11654  389.00000   70   63  405.00000  305.92857  24.5%  20.6  175s
 109643 11250  376.00000   62   68  405.00000  310.00000  23.5%  20.5  180s
 113024 10884  360.00000   65   33  405.00000  314.43056  22.4%  20.5  185s
 116669 10523  360.50000   54   35  405.00000  318.00000  21.5%  20.4  190s
 120333 10076  392.80000   52   56  405.00000  322.50000  20.4%  20.3  195s
 123663  9509 infeasible   60       405.00000  326.83333  19.3%  20.3  200s
 127178  8891     cutoff   65       405.00000  331.00000  18.3%  20.2  205s
 130976  8175  349.62500   50   66  405.00000  336.00000  17.0%  20.1  210s
 134847  7582  368.80000   54   28  405.00000  339.81250  16.1%  20.0  215s
 138658  6674     cutoff   60       405.00000  345.37500  14.7%  19.9  220s
 142498  5580     cutoff   62       405.00000  351.75000  13.1%  19.8  225s
 146474  4307     cutoff   51       405.00000  359.00000  11.4%  19.7  230s
 150490  2624  386.25000   63   64  405.00000  369.76000  8.70%  19.5  235s

Cutting planes:
  Gomory: 9
  Implied bound: 4
  Flow cover: 2
  Zero half: 7
  RLT: 15
  BQP: 12

Explored 154421 nodes (2985486 simplex iterations) in 239.23 seconds (185.47 work units)
Thread count was 1 (of 56 available processors)

Solution count 10: 405 405 412 ... 2466

Optimal solution found (tolerance 1.00e-04)
Best objective 4.050000000000e+02, best bound 4.050000000000e+02, gap 0.0000%
405.0
