Set parameter Username
Set parameter LicenseID to value 2589207
Academic license - for non-commercial use only - expires 2025-11-23
Set parameter Threads to value 1
Set parameter Method to value 4
Gurobi Optimizer version 11.0.0 build v11.0.0rc2 (linux64 - "Red Hat Enterprise Linux 9.4 (Plow)")

CPU model: Intel(R) Xeon(R) CPU E5-2690 v4 @ 2.60GHz, instruction set [SSE2|AVX|AVX2]
Thread count: 28 physical cores, 56 logical processors, using up to 1 threads

Optimize a model with 4111 rows, 609 columns and 12367 nonzeros
Model fingerprint: 0xec0a8051
Variable types: 330 continuous, 279 integer (279 binary)
Coefficient statistics:
  Matrix range     [1e+00, 1e+00]
  Objective range  [5e+00, 3e+02]
  Bounds range     [1e+00, 1e+00]
  RHS range        [1e+00, 2e+00]
Presolve removed 766 rows and 109 columns
Presolve time: 0.02s
Presolved: 3345 rows, 500 columns, 9684 nonzeros
Variable types: 0 continuous, 500 integer (500 binary)
Found heuristic solution: objective 3224.0000000
Found heuristic solution: objective 1480.0000000

Use crossover to convert LP symmetric solution to basic solution...

Root relaxation: objective 0.000000e+00, 258 iterations, 0.01 seconds (0.01 work units)

    Nodes    |    Current Node    |     Objective Bounds      |     Work
 Expl Unexpl |  Obj  Depth IntInf | Incumbent    BestBd   Gap | It/Node Time

     0     0    0.00000    0  110 1480.00000    0.00000   100%     -    0s
     0     0    0.00000    0  164 1480.00000    0.00000   100%     -    0s
H    0     0                    1355.0000000    0.00000   100%     -    0s
     0     0    0.00000    0  125 1355.00000    0.00000   100%     -    0s
H    0     0                    1199.0000000    0.00000   100%     -    0s
     0     0    0.00000    0  146 1199.00000    0.00000   100%     -    0s
     0     0    0.00000    0  120 1199.00000    0.00000   100%     -    0s
H    0     0                     985.0000000    0.00000   100%     -    0s
H    0     0                     869.0000000    0.00000   100%     -    0s
     0     0    0.00000    0  120  869.00000    0.00000   100%     -    0s
     0     0    0.00000    0  148  869.00000    0.00000   100%     -    0s
     0     0    0.00000    0  148  869.00000    0.00000   100%     -    0s
H    0     0                     841.0000000    0.00000   100%     -    0s
H    0     0                     835.0000000    0.00000   100%     -    0s
     0     2    0.00000    0  148  835.00000    0.00000   100%     -    0s
H   26    26                     830.0000000    0.00000   100%   164    1s
H   52    48                     821.0000000    0.00000   100%   111    1s
*  456   339              58     787.0000000    8.88095  98.9%  72.5    3s
H  516   377                     776.0000000    8.99405  98.8%  73.9    3s
H  602   401                     761.0000000    9.41851  98.8%  73.7    4s
   638   435   85.50000   15  213  761.00000    9.56250  98.7%  73.8    5s
  1087   536     cutoff   31       761.00000   12.00000  98.4%  87.8   10s
H 1671   678                     750.0000000   12.00000  98.4%  82.3   14s
  1703   691  743.85000   47   78  750.00000   12.00000  98.4%  81.6   15s
  2258   873  281.06944   36  162  750.00000   24.66667  96.7%  77.5   20s
  2985  1212     cutoff   44       750.00000   38.95000  94.8%  71.8   25s
  4001  1658   60.07519   24  174  750.00000   55.91667  92.5%  66.3   30s
  4845  2044  313.13889   33  182  750.00000   66.66667  91.1%  64.4   35s
  5784  2459  330.04167   32  133  750.00000   75.98190  89.9%  61.3   40s
  6625  2776  365.50968   34  181  750.00000   82.33333  89.0%  60.1   45s
  7447  3140   89.74242   27  144  750.00000   89.33333  88.1%  59.9   50s
  8386  3523  249.64762   35  228  750.00000   96.75000  87.1%  58.7   55s
  9357  3909 infeasible   32       750.00000  102.79340  86.3%  57.3   60s
 10202  4254 infeasible   19       750.00000  109.16667  85.4%  56.5   74s
 10447  4369  689.95833   45  140  750.00000  110.29000  85.3%  56.2   75s
 11399  4779  555.51667   30  156  750.00000  115.34333  84.6%  56.4   80s
 12349  5146  259.64583   34  160  750.00000  122.45346  83.7%  56.8   85s
 13334  5616     cutoff   49       750.00000  126.60317  83.1%  56.9   90s
 14254  5978  481.33333   41   92  750.00000  130.73571  82.6%  56.5   95s
 15105  6290  412.81250   36  105  750.00000  135.49284  81.9%  56.8  100s
 15965  6614  148.18056   34  169  750.00000  139.85714  81.4%  57.1  105s
 16801  6912  235.53571   25  153  750.00000  144.43750  80.7%  57.5  110s
 17897  7387  535.39931   36  194  750.00000  149.12500  80.1%  57.0  115s
 18696  7639     cutoff   33       750.00000  152.92593  79.6%  57.3  120s
 19569  7913  384.33908   35  210  750.00000  155.69643  79.2%  57.4  125s
 20514  8214  394.75000   31  124  750.00000  159.45500  78.7%  57.4  130s
 21331  8522  439.18451   36  285  750.00000  162.85739  78.3%  57.7  135s
 22322  8820  310.05556   27  178  750.00000  166.75000  77.8%  57.6  140s
 23192  9047  411.38173   35  214  750.00000  169.55000  77.4%  57.8  145s
 24062  9322     cutoff   35       750.00000  172.40000  77.0%  58.0  150s
 24993  9630     cutoff   35       750.00000  174.80000  76.7%  58.0  155s
 25962  9978  289.13028   35  203  750.00000  177.56111  76.3%  57.8  160s
 26991 10353  749.00000   49   59  750.00000  181.65873  75.8%  57.5  165s
 27840 10634  335.39856   36  208  750.00000  184.50000  75.4%  57.8  170s
 28793 10936  612.55000   34   85  750.00000  187.67917  75.0%  57.7  175s
 29761 11287     cutoff   64       750.00000  191.05000  74.5%  57.6  180s
 30612 11527  571.94444   37  133  750.00000  194.00000  74.1%  57.7  185s
 31511 11817     cutoff   38       750.00000  196.33333  73.8%  57.7  190s
 32413 12103  329.33218   28  184  750.00000  199.36111  73.4%  57.7  195s
 33163 12338     cutoff   33       750.00000  200.87500  73.2%  57.8  200s
 33856 12545  330.14928   29  198  750.00000  203.50000  72.9%  57.7  205s
 34671 12821  533.85882   37  118  750.00000  205.88889  72.5%  57.9  210s
 35527 13063     cutoff   50       750.00000  207.93929  72.3%  58.0  215s
 36434 13336  283.51875   28  207  750.00000  210.27778  72.0%  58.0  220s
 37309 13593  278.51527   29  220  750.00000  213.50000  71.5%  58.1  225s
 38256 13844  640.25000   55   83  750.00000  216.48214  71.1%  58.0  230s
 39177 14085  484.16429   34  147  750.00000  219.39881  70.7%  57.9  235s
 40007 14377  745.50000   46   90  750.00000  222.50000  70.3%  57.9  240s
 40869 14584  284.13889   34  157  750.00000  225.83333  69.9%  58.0  245s
 41559 14832  532.08333   35  116  750.00000  227.93269  69.6%  58.1  250s
 42482 15089  672.31944   42  109  750.00000  229.75000  69.4%  58.1  255s
 43301 15323  529.23866   34  178  750.00000  232.00000  69.1%  58.1  260s
 44166 15581     cutoff   60       750.00000  234.30417  68.8%  58.2  265s
 45028 15817  639.33333   39   89  750.00000  236.41667  68.5%  58.3  270s
 45952 16105  326.08333   38  121  750.00000  238.41071  68.2%  58.2  275s
 46953 16405  545.25000   37   98  750.00000  240.31296  68.0%  58.1  280s
 47869 16683  621.87500   49  137  750.00000  242.38835  67.7%  58.0  285s
 48843 16901  362.58772   36  146  750.00000  244.66833  67.4%  58.0  290s
 49743 17159  578.29464   39  135  750.00000  247.66154  67.0%  57.9  295s
 50564 17360  739.03750   40  127  750.00000  250.02778  66.7%  58.0  300s
 51477 17643  619.84286   35  166  750.00000  251.55556  66.5%  58.0  305s
 52380 17855  470.83889   33  137  750.00000  254.15000  66.1%  58.0  310s
 53200 18103 infeasible   46       750.00000  256.11789  65.9%  57.9  315s
 54020 18315  521.68333   42  146  750.00000  257.75000  65.6%  57.9  320s
 54918 18560  567.60000   32  107  750.00000  259.57083  65.4%  57.9  325s
 55814 18753  294.08333   34  135  750.00000  261.41667  65.1%  57.8  330s
 56718 18989  542.38492   42  186  750.00000  263.60382  64.9%  57.8  335s
 57571 19187  360.62500   34  173  750.00000  265.14583  64.6%  57.7  340s
 58497 19415  282.31818   19  105  750.00000  267.00032  64.4%  57.7  345s
 59480 19694  696.66667   48   90  750.00000  268.88889  64.1%  57.6  350s
 60401 19933  538.78571   33  189  750.00000  270.95833  63.9%  57.7  355s
 61285 20129  321.32128   41  225  750.00000  272.73333  63.6%  57.7  360s
 62224 20370  655.91667   41  134  750.00000  274.69444  63.4%  57.6  365s
 63189 20582  455.50000   32   74  750.00000  276.53750  63.1%  57.6  370s
 64129 20842  697.50000   39  122  750.00000  278.52333  62.9%  57.6  375s
 65038 21067     cutoff   51       750.00000  280.12500  62.6%  57.5  380s
 66020 21285  377.06083   31  139  750.00000  282.40000  62.3%  57.5  385s
 66807 21472  668.86436   30  107  750.00000  284.00833  62.1%  57.4  390s
 67626 21663  714.67647   38  123  750.00000  285.79524  61.9%  57.4  395s
 68544 21877  717.33333   28  143  750.00000  287.36508  61.7%  57.4  400s
 69505 22143  647.97222   38   98  750.00000  288.74126  61.5%  57.3  405s
 70463 22324  704.50000   39   97  750.00000  290.48116  61.3%  57.3  410s
 71432 22585  616.71296   38  160  750.00000  291.75000  61.1%  57.3  415s
 72322 22778  711.18810   44  195  750.00000  293.24706  60.9%  57.4  420s
 73309 22997  434.73077   39  166  750.00000  294.54688  60.7%  57.3  425s
 74290 23200  310.77778   38  184  750.00000  296.29286  60.5%  57.3  430s
 75231 23435  480.86667   32  148  750.00000  297.79167  60.3%  57.2  435s
 76137 23650  672.50000   34   75  750.00000  299.36667  60.1%  57.3  440s
 77112 23856  433.97980   36  140  750.00000  300.66667  59.9%  57.2  445s
 78008 24079  343.67843   30  198  750.00000  302.00000  59.7%  57.2  450s
 78961 24323  523.59524   45  169  750.00000  303.32778  59.6%  57.1  455s
 79945 24548  623.19167   35  183  750.00000  304.54167  59.4%  57.0  460s
 80861 24733  607.57917   30  138  750.00000  306.03810  59.2%  57.0  465s
 81873 24958  522.36667   38  101  750.00000  307.50000  59.0%  56.9  470s
 82851 25156  595.26313   41  188  750.00000  308.80914  58.8%  56.9  475s
 83787 25348  590.00000   31  132  750.00000  310.00000  58.7%  56.9  480s
 84780 25554  700.50000   38   49  750.00000  311.66667  58.4%  56.8  485s
 85578 25765  706.56667   42   97  750.00000  312.35238  58.4%  56.9  490s
 86566 25979  617.82778   48  165  750.00000  313.76250  58.2%  56.8  495s
 87430 26135  496.70857   38  177  750.00000  315.25000  58.0%  56.8  500s
 88320 26275  403.44722   28  193  750.00000  316.00000  57.9%  56.9  505s
 88912 26306  595.80306   34  230  750.00000  316.00000  57.9%  57.1  510s
 89645 26373  521.00179   38  174  750.00000  316.00000  57.9%  57.4  515s
 90436 26499     cutoff   38       750.00000  316.66281  57.8%  57.5  520s
 91378 26668  713.98333   42  123  750.00000  317.91153  57.6%  57.5  525s
 92292 26857  730.36667   39  128  750.00000  318.99933  57.5%  57.5  530s
 93262 27073  353.55055   45  199  750.00000  320.10701  57.3%  57.5  535s
 94255 27246  701.00000   44   48  750.00000  321.62500  57.1%  57.4  540s
 95261 27460     cutoff   40       750.00000  323.01831  56.9%  57.4  545s
 96160 27635  732.45000   42   48  750.00000  324.23333  56.8%  57.4  550s
 96973 27824  707.50000   49   56  750.00000  325.31429  56.6%  57.4  555s
 97941 28052  373.75000   39  109  750.00000  326.42441  56.5%  57.3  560s
 98974 28295  722.50000   40   74  750.00000  327.90812  56.3%  57.2  565s
 100021 28520  400.95185   46  218  750.00000  329.25000  56.1%  57.2  570s
 100974 28722  514.65278   35  158  750.00000  330.44048  55.9%  57.2  575s
 102008 28947  346.44868   26  160  750.00000  331.87560  55.7%  57.1  580s
 103043 29153  705.16667   35   52  750.00000  333.16250  55.6%  57.1  585s
 104040 29353  611.11111   40  123  750.00000  334.33730  55.4%  57.0  590s
 104920 29524     cutoff   43       750.00000  335.29956  55.3%  57.0  595s
 105958 29751  386.81250   34  111  750.00000  336.66667  55.1%  56.9  600s
 106978 29942  400.04167   37  125  750.00000  338.22810  54.9%  56.8  605s
 107986 30138  642.66667   35   37  750.00000  339.68333  54.7%  56.8  610s
 108832 30296     cutoff   28       750.00000  340.82500  54.6%  56.8  615s
 109884 30518  468.61880   46  196  750.00000  342.20750  54.4%  56.7  620s
 110889 30710  535.43690   37  126  750.00000  343.44792  54.2%  56.6  625s
 111901 30911  392.29861   37  152  750.00000  344.65000  54.0%  56.6  630s
 112914 31094  651.50000   49   68  750.00000  345.83333  53.9%  56.5  635s
 113772 31292     cutoff   35       750.00000  346.65335  53.8%  56.5  640s
 114835 31540  491.88222   37  168  750.00000  347.87237  53.6%  56.4  645s
 115859 31734  462.08333   41  170  750.00000  349.29289  53.4%  56.4  650s
 116948 31905  720.11905   43  128  750.00000  350.40000  53.3%  56.3  655s
 117991 32096  624.50000   36   63  750.00000  351.75000  53.1%  56.2  660s
 118929 32234  630.75000   40  103  750.00000  353.05655  52.9%  56.2  665s
 119942 32454  464.00000   41  135  750.00000  354.07500  52.8%  56.2  670s
 120809 32603     cutoff   37       750.00000  355.00000  52.7%  56.2  675s
 121873 32841  385.10000   41  123  750.00000  355.93511  52.5%  56.1  680s
 122901 32996  582.75000   36  107  750.00000  357.39000  52.3%  56.1  685s
 123948 33195  431.97667   27  132  750.00000  358.64815  52.2%  56.0  690s
 124947 33377  689.00000   37   86  750.00000  359.83333  52.0%  56.0  695s
 125868 33523  653.25000   28   84  750.00000  361.03333  51.9%  56.0  700s
 126905 33682  514.52143   40  118  750.00000  362.28766  51.7%  55.9  705s
 127968 33861 infeasible   36       750.00000  363.16282  51.6%  55.9  710s

Cutting planes:
  Implied bound: 40
  Flow cover: 6
  Inf proof: 3
  Zero half: 7
  RLT: 127
  BQP: 238

Explored 128806 nodes (7195377 simplex iterations) in 714.08 seconds (577.66 work units)
Thread count was 1 (of 56 available processors)

Solution count 10: 750 761 776 ... 985

Solve interrupted
Best objective 7.500000000000e+02, best bound 3.650000000000e+02, gap 51.3333%
750.0

Interrupt request received
