Set parameter Username
Set parameter LicenseID to value 2589207
Academic license - for non-commercial use only - expires 2025-11-23
Set parameter Threads to value 1
Set parameter Method to value 4
Gurobi Optimizer version 11.0.0 build v11.0.0rc2 (linux64 - "Red Hat Enterprise Linux 9.4 (Plow)")

CPU model: Intel(R) Xeon(R) CPU E5-2690 v4 @ 2.60GHz, instruction set [SSE2|AVX|AVX2]
Thread count: 28 physical cores, 56 logical processors, using up to 1 threads

Optimize a model with 1116 rows, 218 columns and 3340 nonzeros
Model fingerprint: 0x19a8fce3
Variable types: 128 continuous, 90 integer (90 binary)
Coefficient statistics:
  Matrix range     [1e+00, 1e+00]
  Objective range  [2e+01, 3e+02]
  Bounds range     [1e+00, 1e+00]
  RHS range        [1e+00, 2e+00]
Presolve removed 202 rows and 43 columns
Presolve time: 0.00s
Presolved: 914 rows, 175 columns, 2670 nonzeros
Variable types: 0 continuous, 175 integer (175 binary)
Found heuristic solution: objective 1955.0000000
Found heuristic solution: objective 1178.0000000

Root relaxation: objective 0.000000e+00, 85 iterations, 0.00 seconds (0.00 work units)

    Nodes    |    Current Node    |     Objective Bounds      |     Work
 Expl Unexpl |  Obj  Depth IntInf | Incumbent    BestBd   Gap | It/Node Time

     0     0    0.00000    0   31 1178.00000    0.00000   100%     -    0s
H    0     0                     677.0000000    0.00000   100%     -    0s
H    0     0                     587.0000000    0.00000   100%     -    0s
     0     0    0.00000    0   80  587.00000    0.00000   100%     -    0s
H    0     0                     581.0000000    0.00000   100%     -    0s
     0     0    0.00000    0   71  581.00000    0.00000   100%     -    0s
H    0     0                     564.0000000    0.00000   100%     -    0s
H    0     0                     560.0000000    0.00000   100%     -    0s
     0     0    0.00000    0   64  560.00000    0.00000   100%     -    0s
     0     0    0.00000    0   44  560.00000    0.00000   100%     -    0s
H    0     0                     544.0000000    0.00000   100%     -    0s
H    0     0                     496.0000000    0.00000   100%     -    0s
     0     0    0.00000    0   33  496.00000    0.00000   100%     -    0s
     0     0    0.00000    0   33  496.00000    0.00000   100%     -    0s
H    0     0                     475.0000000    0.00000   100%     -    0s
H    0     0                     464.0000000    0.00000   100%     -    0s
     0     2    0.00000    0   33  464.00000    0.00000   100%     -    0s
*   75    54              14     433.0000000   21.00000  95.2%  31.1    0s
*  204   101              16     405.0000000   62.00000  84.7%  26.9    0s

Cutting planes:
  Inf proof: 6
  Zero half: 27
  RLT: 20
  BQP: 27

Explored 1770 nodes (34846 simplex iterations) in 1.86 seconds (1.39 work units)
Thread count was 1 (of 56 available processors)

Solution count 10: 405 433 464 ... 587

Optimal solution found (tolerance 1.00e-04)
Best objective 4.050000000000e+02, best bound 4.050000000000e+02, gap 0.0000%
405.0
