Set parameter Username
Set parameter LicenseID to value 2608596
Academic license - for non-commercial use only - expires 2026-01-11
Set parameter Threads to value 1
Set parameter Method to value 4
Gurobi Optimizer version 11.0.0 build v11.0.0rc2 (linux64 - "Red Hat Enterprise Linux 9.4 (Plow)")

CPU model: Intel(R) Xeon(R) CPU E5-2690 v4 @ 2.60GHz, instruction set [SSE2|AVX|AVX2]
Thread count: 28 physical cores, 56 logical processors, using up to 1 threads

Optimize a model with 1467 rows, 270 columns and 4383 nonzeros
Model fingerprint: 0x47f18454
Variable types: 156 continuous, 114 integer (114 binary)
Coefficient statistics:
  Matrix range     [1e+00, 1e+00]
  Objective range  [1e+01, 3e+02]
  Bounds range     [1e+00, 1e+00]
  RHS range        [1e+00, 2e+00]
Presolve removed 279 rows and 54 columns
Presolve time: 0.01s
Presolved: 1188 rows, 216 columns, 3438 nonzeros
Variable types: 0 continuous, 216 integer (216 binary)
Found heuristic solution: objective 2407.0000000
Found heuristic solution: objective 1546.0000000

Root relaxation: objective 0.000000e+00, 89 iterations, 0.00 seconds (0.00 work units)

    Nodes    |    Current Node    |     Objective Bounds      |     Work
 Expl Unexpl |  Obj  Depth IntInf | Incumbent    BestBd   Gap | It/Node Time

     0     0    0.00000    0   38 1546.00000    0.00000   100%     -    0s
H    0     0                    1278.0000000    0.00000   100%     -    0s
H    0     0                    1230.0000000    0.00000   100%     -    0s
H    0     0                    1045.0000000    0.00000   100%     -    0s
     0     0    0.00000    0   81 1045.00000    0.00000   100%     -    0s
H    0     0                     825.0000000    0.00000   100%     -    0s
H    0     0                     768.0000000    0.00000   100%     -    0s
     0     0    0.00000    0   80  768.00000    0.00000   100%     -    0s
H    0     0                     760.0000000    0.00000   100%     -    0s
H    0     0                     748.0000000    0.00000   100%     -    0s
     0     0    0.00000    0   74  748.00000    0.00000   100%     -    0s
H    0     0                     746.0000000    0.00000   100%     -    0s
H    0     0                     540.0000000    0.00000   100%     -    0s
     0     0    0.00000    0   71  540.00000    0.00000   100%     -    0s
     0     0    0.00000    0   66  540.00000    0.00000   100%     -    0s
     0     0    0.00000    0   66  540.00000    0.00000   100%     -    0s
H    0     0                     512.0000000    0.00000   100%     -    0s
     0     2    0.00000    0   66  512.00000    0.00000   100%     -    0s
H  340   167                     511.0000000   62.63333  87.7%  40.3    0s

Cutting planes:
  Zero half: 2
  RLT: 8
  BQP: 15

Explored 3268 nodes (88173 simplex iterations) in 4.78 seconds (3.81 work units)
Thread count was 1 (of 56 available processors)

Solution count 10: 511 512 540 ... 1230

Optimal solution found (tolerance 1.00e-04)
Best objective 5.110000000000e+02, best bound 5.110000000000e+02, gap 0.0000%
511.0
