Set parameter Username
Set parameter LicenseID to value 2589207
Academic license - for non-commercial use only - expires 2025-11-23
Set parameter Threads to value 1
Set parameter Method to value 4
Gurobi Optimizer version 11.0.0 build v11.0.0rc2 (linux64 - "Red Hat Enterprise Linux 9.4 (Plow)")

CPU model: Intel(R) Xeon(R) CPU E5-2690 v4 @ 2.60GHz, instruction set [SSE2|AVX|AVX2]
Thread count: 28 physical cores, 56 logical processors, using up to 1 threads

Optimize a model with 1591 rows, 324 columns and 4687 nonzeros
Model fingerprint: 0x009add4c
Variable types: 200 continuous, 124 integer (124 binary)
Coefficient statistics:
  Matrix range     [1e+00, 1e+00]
  Objective range  [5e+00, 3e+02]
  Bounds range     [1e+00, 1e+00]
  RHS range        [1e+00, 2e+00]
Found heuristic solution: objective 3224.0000000
Presolve removed 311 rows and 69 columns
Presolve time: 0.01s
Presolved: 1280 rows, 255 columns, 3644 nonzeros
Variable types: 0 continuous, 255 integer (255 binary)

Root relaxation: objective 0.000000e+00, 114 iterations, 0.00 seconds (0.00 work units)

    Nodes    |    Current Node    |     Objective Bounds      |     Work
 Expl Unexpl |  Obj  Depth IntInf | Incumbent    BestBd   Gap | It/Node Time

     0     0    0.00000    0   62 3224.00000    0.00000   100%     -    0s
H    0     0                    2922.0000000    0.00000   100%     -    0s
H    0     0                    1644.0000000    0.00000   100%     -    0s
H    0     0                    1596.0000000    0.00000   100%     -    0s
H    0     0                    1368.0000000    0.00000   100%     -    0s
     0     0    0.00000    0  100 1368.00000    0.00000   100%     -    0s
H    0     0                    1310.0000000    0.00000   100%     -    0s
     0     0   33.27778    0  126 1310.00000   33.27778  97.5%     -    0s
H    0     0                    1250.0000000   33.27778  97.3%     -    0s
     0     0   35.00000    0  119 1250.00000   35.00000  97.2%     -    0s
     0     0   35.40000    0  121 1250.00000   35.40000  97.2%     -    0s
     0     0   35.80000    0  123 1250.00000   35.80000  97.1%     -    0s
     0     0   67.37052    0  191 1250.00000   67.37052  94.6%     -    0s
H    0     0                    1065.0000000   67.37052  93.7%     -    0s
     0     0   69.44261    0  181 1065.00000   69.44261  93.5%     -    0s
     0     0   70.38804    0  186 1065.00000   70.38804  93.4%     -    0s
     0     0   70.91835    0  189 1065.00000   70.91835  93.3%     -    0s
     0     0   71.38681    0  186 1065.00000   71.38681  93.3%     -    0s
     0     0   71.66559    0  189 1065.00000   71.66559  93.3%     -    0s
     0     0   71.68079    0  190 1065.00000   71.68079  93.3%     -    0s
     0     0   87.08424    0  196 1065.00000   87.08424  91.8%     -    0s
H    0     0                    1031.0000000   87.08424  91.6%     -    0s
     0     0   93.84690    0  201 1031.00000   93.84690  90.9%     -    0s
     0     0   95.21954    0  201 1031.00000   95.21954  90.8%     -    0s
     0     0   95.72647    0  199 1031.00000   95.72647  90.7%     -    0s
     0     0   95.95821    0  204 1031.00000   95.95821  90.7%     -    0s
     0     0   96.02851    0  205 1031.00000   96.02851  90.7%     -    0s
     0     0   96.03806    0  205 1031.00000   96.03806  90.7%     -    0s
     0     0   99.69038    0  206 1031.00000   99.69038  90.3%     -    0s
H    0     0                     999.0000000   99.69038  90.0%     -    0s
     0     0  100.01897    0  207  999.00000  100.01897  90.0%     -    0s
     0     0  100.12591    0  208  999.00000  100.12591  90.0%     -    0s
     0     0  100.15170    0  208  999.00000  100.15170  90.0%     -    0s
     0     0  100.26632    0  206  999.00000  100.26632  90.0%     -    0s
     0     0  100.45317    0  209  999.00000  100.45317  89.9%     -    0s
     0     0  100.52147    0  207  999.00000  100.52147  89.9%     -    0s
     0     0  100.60459    0  209  999.00000  100.60459  89.9%     -    0s
     0     0  100.62290    0  211  999.00000  100.62290  89.9%     -    0s
     0     0  101.90869    0  204  999.00000  101.90869  89.8%     -    0s
     0     0  103.00780    0  208  999.00000  103.00780  89.7%     -    0s
     0     0  103.09852    0  209  999.00000  103.09852  89.7%     -    0s
     0     0  103.21877    0  208  999.00000  103.21877  89.7%     -    0s
     0     0  103.24356    0  209  999.00000  103.24356  89.7%     -    0s
     0     0  103.73889    0  202  999.00000  103.73889  89.6%     -    0s
     0     0  104.21821    0  206  999.00000  104.21821  89.6%     -    0s
     0     0  104.44122    0  207  999.00000  104.44122  89.5%     -    0s
     0     0  104.53629    0  209  999.00000  104.53629  89.5%     -    0s
     0     0  104.56503    0  207  999.00000  104.56503  89.5%     -    0s
     0     0  106.36449    0  200  999.00000  106.36449  89.4%     -    0s
     0     0  106.56205    0  205  999.00000  106.56205  89.3%     -    0s
     0     0  106.77366    0  205  999.00000  106.77366  89.3%     -    0s
     0     0  106.79116    0  202  999.00000  106.79116  89.3%     -    0s
     0     0  106.79630    0  200  999.00000  106.79630  89.3%     -    0s
H    0     0                     937.0000000  106.79630  88.6%     -    0s
     0     0  106.79630    0  201  937.00000  106.79630  88.6%     -    0s
     0     0  107.76899    0  203  937.00000  107.76899  88.5%     -    0s
     0     0  109.28622    0  206  937.00000  109.28622  88.3%     -    0s
     0     0  109.69691    0  206  937.00000  109.69691  88.3%     -    0s
     0     0  110.06413    0  207  937.00000  110.06413  88.3%     -    0s
     0     0  110.20529    0  204  937.00000  110.20529  88.2%     -    0s
     0     0  110.30161    0  207  937.00000  110.30161  88.2%     -    0s
     0     0  110.35034    0  208  937.00000  110.35034  88.2%     -    0s
     0     0  110.39750    0  208  937.00000  110.39750  88.2%     -    0s
     0     0  110.47617    0  209  937.00000  110.47617  88.2%     -    0s
     0     0  110.48160    0  206  937.00000  110.48160  88.2%     -    0s
     0     0  110.73198    0  205  937.00000  110.73198  88.2%     -    0s
     0     0  110.84317    0  208  937.00000  110.84317  88.2%     -    0s
     0     0  110.84762    0  208  937.00000  110.84762  88.2%     -    0s
     0     0  110.85138    0  208  937.00000  110.85138  88.2%     -    0s
     0     0  110.85755    0  204  937.00000  110.85755  88.2%     -    0s
     0     0  110.87124    0  207  937.00000  110.87124  88.2%     -    0s
     0     0  110.87124    0  203  937.00000  110.87124  88.2%     -    0s
     0     2  110.89171    0  202  937.00000  110.89171  88.2%     -    0s
*  155    88              15     929.0000000  393.66667  57.6%  69.6    1s
H  875   242                     913.0000000  648.98737  28.9%  34.9    2s
H  882   209                     875.0000000  648.98737  25.8%  34.7    2s

Cutting planes:
  MIR: 43
  Zero half: 77
  RLT: 64
  BQP: 165

Explored 2387 nodes (62911 simplex iterations) in 4.74 seconds (4.19 work units)
Thread count was 1 (of 56 available processors)

Solution count 10: 875 913 929 ... 1368

Optimal solution found (tolerance 1.00e-04)
Best objective 8.750000000000e+02, best bound 8.750000000000e+02, gap 0.0000%
875.0
