Set parameter Username
Set parameter LicenseID to value 2589207
Academic license - for non-commercial use only - expires 2025-11-23
Set parameter Threads to value 1
Set parameter Method to value 4
Gurobi Optimizer version 11.0.0 build v11.0.0rc2 (linux64 - "Red Hat Enterprise Linux 9.4 (Plow)")

CPU model: Intel(R) Xeon(R) CPU E5-2690 v4 @ 2.60GHz, instruction set [SSE2|AVX|AVX2]
Thread count: 28 physical cores, 56 logical processors, using up to 1 threads

Optimize a model with 1803 rows, 315 columns and 5403 nonzeros
Model fingerprint: 0x786e2c73
Variable types: 182 continuous, 133 integer (133 binary)
Coefficient statistics:
  Matrix range     [1e+00, 1e+00]
  Objective range  [1e+01, 3e+02]
  Bounds range     [1e+00, 1e+00]
  RHS range        [1e+00, 2e+00]
Presolve removed 342 rows and 62 columns
Presolve time: 0.01s
Presolved: 1461 rows, 253 columns, 4242 nonzeros
Variable types: 0 continuous, 253 integer (253 binary)
Found heuristic solution: objective 2858.0000000
Found heuristic solution: objective 2753.0000000

Root relaxation: objective 0.000000e+00, 122 iterations, 0.00 seconds (0.00 work units)

    Nodes    |    Current Node    |     Objective Bounds      |     Work
 Expl Unexpl |  Obj  Depth IntInf | Incumbent    BestBd   Gap | It/Node Time

     0     0    0.00000    0   38 2753.00000    0.00000   100%     -    0s
H    0     0                    2211.0000000    0.00000   100%     -    0s
H    0     0                    1278.0000000    0.00000   100%     -    0s
H    0     0                    1230.0000000    0.00000   100%     -    0s
H    0     0                    1002.0000000    0.00000   100%     -    0s
     0     0    0.00000    0   88 1002.00000    0.00000   100%     -    0s
H    0     0                     753.0000000    0.00000   100%     -    0s
     0     0    0.00000    0   94  753.00000    0.00000   100%     -    0s
H    0     0                     668.0000000    0.00000   100%     -    0s
H    0     0                     644.0000000    0.00000   100%     -    0s
     0     0    0.00000    0   97  644.00000    0.00000   100%     -    0s
     0     0    0.00000    0   99  644.00000    0.00000   100%     -    0s
H    0     0                     634.0000000    0.00000   100%     -    0s
     0     0    0.00000    0   98  634.00000    0.00000   100%     -    0s
     0     0    0.00000    0  100  634.00000    0.00000   100%     -    0s
     0     0    0.00000    0  100  634.00000    0.00000   100%     -    0s
H    0     0                     624.0000000    0.00000   100%     -    0s
     0     2    0.00000    0   99  624.00000    0.00000   100%     -    0s
H   27    27                     607.0000000    0.00000   100%  57.1    0s
H   81    54                     548.0000000   38.75000  92.9%  47.8    0s
H  277   127                     515.0000000   65.00000  87.4%  38.2    0s
H  444   200                     512.0000000   85.00000  83.4%  40.4    1s
H  892   321                     511.0000000  142.50000  72.1%  38.7    1s
  2210   374  501.00000   31   26  511.00000  262.66667  48.6%  33.7    5s
  5406   460  486.66667   29   60  511.00000  414.20000  18.9%  27.3   10s

Cutting planes:
  Zero half: 3
  RLT: 4
  BQP: 25

Explored 7416 nodes (187708 simplex iterations) in 12.49 seconds (9.79 work units)
Thread count was 1 (of 56 available processors)

Solution count 10: 511 512 515 ... 753

Optimal solution found (tolerance 1.00e-04)
Best objective 5.110000000000e+02, best bound 5.110000000000e+02, gap 0.0000%
511.0
