Set parameter Username
Set parameter LicenseID to value 2589207
Academic license - for non-commercial use only - expires 2025-11-23
Set parameter Threads to value 1
Set parameter Method to value 4
Gurobi Optimizer version 11.0.0 build v11.0.0rc2 (linux64 - "Red Hat Enterprise Linux 9.4 (Plow)")

CPU model: Intel(R) Xeon(R) CPU E5-2690 v4 @ 2.60GHz, instruction set [SSE2|AVX|AVX2]
Thread count: 28 physical cores, 56 logical processors, using up to 1 threads

Optimize a model with 2039 rows, 373 columns and 6055 nonzeros
Model fingerprint: 0x9c23b1bc
Variable types: 218 continuous, 155 integer (155 binary)
Coefficient statistics:
  Matrix range     [1e+00, 1e+00]
  Objective range  [5e+00, 3e+02]
  Bounds range     [1e+00, 1e+00]
  RHS range        [1e+00, 2e+00]
Found heuristic solution: objective 2892.0000000
Presolve removed 390 rows and 75 columns
Presolve time: 0.01s
Presolved: 1649 rows, 298 columns, 4720 nonzeros
Variable types: 0 continuous, 298 integer (298 binary)

Root relaxation: objective 0.000000e+00, 134 iterations, 0.00 seconds (0.00 work units)

    Nodes    |    Current Node    |     Objective Bounds      |     Work
 Expl Unexpl |  Obj  Depth IntInf | Incumbent    BestBd   Gap | It/Node Time

     0     0    0.00000    0   62 2892.00000    0.00000   100%     -    0s
H    0     0                    2597.0000000    0.00000   100%     -    0s
H    0     0                    1644.0000000    0.00000   100%     -    0s
H    0     0                    1596.0000000    0.00000   100%     -    0s
H    0     0                    1569.0000000    0.00000   100%     -    0s
     0     0    0.00000    0  114 1569.00000    0.00000   100%     -    0s
H    0     0                    1315.0000000    0.00000   100%     -    0s
H    0     0                    1307.0000000    0.00000   100%     -    0s
H    0     0                    1130.0000000    0.00000   100%     -    0s
     0     0    0.00000    0   85 1130.00000    0.00000   100%     -    0s
H    0     0                    1125.0000000    0.00000   100%     -    0s
     0     0    0.00000    0  113 1125.00000    0.00000   100%     -    0s
     0     0    0.00000    0  118 1125.00000    0.00000   100%     -    0s
     0     0    0.00000    0   98 1125.00000    0.00000   100%     -    0s
H    0     0                    1097.0000000    0.00000   100%     -    0s
H    0     0                    1020.0000000    0.00000   100%     -    0s
H    0     0                     990.0000000    0.00000   100%     -    0s
H    0     0                     872.0000000    0.00000   100%     -    0s
     0     2    0.00000    0   67  872.00000    0.00000   100%     -    0s
H   55    41                     848.0000000   25.16667  97.0%   119    0s
H  547   314                     826.0000000  201.50000  75.6%   102    3s
H  887   394                     824.0000000  258.43250  68.6%  88.7    4s
   943   394  588.00000   19   96  824.00000  258.43250  68.6%  87.1    5s
* 1190   373              26     814.0000000  313.22222  61.5%  78.2    5s
  3019   214  766.50000   19  118  814.00000  570.66667  29.9%  55.1   10s

Explored 4594 nodes (211733 simplex iterations) in 12.61 seconds (10.64 work units)
Thread count was 1 (of 56 available processors)

Solution count 10: 814 824 826 ... 1130

Optimal solution found (tolerance 1.00e-04)
Best objective 8.140000000000e+02, best bound 8.140000000000e+02, gap 0.0000%
814.0
