Set parameter Username
Set parameter LicenseID to value 2608596
Academic license - for non-commercial use only - expires 2026-01-11
Set parameter Threads to value 1
Set parameter Method to value 4
Gurobi Optimizer version 11.0.0 build v11.0.0rc2 (linux64 - "Red Hat Enterprise Linux 9.4 (Plow)")

CPU model: Intel(R) Xeon(R) CPU E5-2690 v4 @ 2.60GHz, instruction set [SSE2|AVX|AVX2]
Thread count: 28 physical cores, 56 logical processors, using up to 1 threads

Optimize a model with 1159 rows, 229 columns and 3447 nonzeros
Model fingerprint: 0xed452d51
Variable types: 134 continuous, 95 integer (95 binary)
Coefficient statistics:
  Matrix range     [1e+00, 1e+00]
  Objective range  [1e+01, 3e+02]
  Bounds range     [1e+00, 1e+00]
  RHS range        [1e+00, 2e+00]
Presolve removed 222 rows and 47 columns
Presolve time: 0.01s
Presolved: 937 rows, 182 columns, 2700 nonzeros
Variable types: 0 continuous, 182 integer (182 binary)
Found heuristic solution: objective 2671.0000000
Found heuristic solution: objective 2573.0000000
Found heuristic solution: objective 2510.0000000

Root relaxation: objective 0.000000e+00, 87 iterations, 0.00 seconds (0.00 work units)

    Nodes    |    Current Node    |     Objective Bounds      |     Work
 Expl Unexpl |  Obj  Depth IntInf | Incumbent    BestBd   Gap | It/Node Time

     0     0    0.00000    0   41 2510.00000    0.00000   100%     -    0s
H    0     0                    1775.0000000    0.00000   100%     -    0s
H    0     0                    1046.0000000    0.00000   100%     -    0s
H    0     0                     898.0000000    0.00000   100%     -    0s
     0     0    0.00000    0   81  898.00000    0.00000   100%     -    0s
H    0     0                     791.0000000    0.00000   100%     -    0s
     0     0    0.00000    0   66  791.00000    0.00000   100%     -    0s
H    0     0                     736.0000000    0.00000   100%     -    0s
     0     0    0.00000    0   64  736.00000    0.00000   100%     -    0s
     0     0    0.00000    0   80  736.00000    0.00000   100%     -    0s
H    0     0                     705.0000000    0.00000   100%     -    0s
H    0     0                     638.0000000    0.00000   100%     -    0s
     0     0    0.00000    0   83  638.00000    0.00000   100%     -    0s
     0     0    0.00000    0   71  638.00000    0.00000   100%     -    0s
     0     0    0.00000    0   71  638.00000    0.00000   100%     -    0s
     0     2    0.00000    0   69  638.00000    0.00000   100%     -    0s
H  133    71                     635.0000000   98.00000  84.6%  59.6    0s
*  172    98              18     614.0000000  116.37037  81.0%  61.1    0s
H  212    96                     573.0000000  127.00000  77.8%  56.3    0s
H  217    93                     569.0000000  127.00000  77.7%  55.3    0s
H  505   209                     566.0000000  168.00000  70.3%  50.3    1s
H  506   196                     545.0000000  168.38721  69.1%  50.3    1s

Cutting planes:
  Gomory: 3
  MIR: 9
  Flow cover: 15
  Inf proof: 18
  Zero half: 39
  RLT: 38
  BQP: 79

Explored 3154 nodes (96001 simplex iterations) in 4.25 seconds (3.47 work units)
Thread count was 1 (of 56 available processors)

Solution count 10: 545 566 569 ... 791

Optimal solution found (tolerance 1.00e-04)
Best objective 5.450000000000e+02, best bound 5.450000000000e+02, gap 0.0000%
545.0
