Set parameter Username
Set parameter LicenseID to value 2589207
Academic license - for non-commercial use only - expires 2025-11-23
Set parameter Threads to value 1
Set parameter Method to value 4
Gurobi Optimizer version 11.0.0 build v11.0.0rc2 (linux64 - "Red Hat Enterprise Linux 9.4 (Plow)")

CPU model: Intel(R) Xeon(R) CPU E5-2690 v4 @ 2.60GHz, instruction set [SSE2|AVX|AVX2]
Thread count: 28 physical cores, 56 logical processors, using up to 1 threads

Optimize a model with 640 rows, 148 columns and 1896 nonzeros
Model fingerprint: 0x64fa3bf3
Variable types: 88 continuous, 60 integer (60 binary)
Coefficient statistics:
  Matrix range     [1e+00, 1e+00]
  Objective range  [2e+01, 3e+02]
  Bounds range     [1e+00, 1e+00]
  RHS range        [1e+00, 2e+00]
Found heuristic solution: objective 2415.0000000
Presolve removed 116 rows and 30 columns
Presolve time: 0.00s
Presolved: 524 rows, 118 columns, 1516 nonzeros
Variable types: 0 continuous, 118 integer (118 binary)

Root relaxation: objective 0.000000e+00, 68 iterations, 0.00 seconds (0.00 work units)

    Nodes    |    Current Node    |     Objective Bounds      |     Work
 Expl Unexpl |  Obj  Depth IntInf | Incumbent    BestBd   Gap | It/Node Time

     0     0    0.00000    0   31 2415.00000    0.00000   100%     -    0s
H    0     0                    2223.0000000    0.00000   100%     -    0s
H    0     0                    1090.0000000    0.00000   100%     -    0s
H    0     0                     902.0000000    0.00000   100%     -    0s
H    0     0                     754.0000000    0.00000   100%     -    0s
     0     0    0.00000    0   51  754.00000    0.00000   100%     -    0s
H    0     0                     587.0000000    0.00000   100%     -    0s
     0     0    0.00000    0   50  587.00000    0.00000   100%     -    0s
     0     0    0.00000    0   48  587.00000    0.00000   100%     -    0s
     0     0   14.00000    0   51  587.00000   14.00000  97.6%     -    0s
H    0     0                     505.0000000   14.00000  97.2%     -    0s
     0     0   31.15533    0   69  505.00000   31.15533  93.8%     -    0s
     0     0   31.78285    0   70  505.00000   31.78285  93.7%     -    0s
     0     0   31.96671    0   71  505.00000   31.96671  93.7%     -    0s
     0     0   31.96949    0   71  505.00000   31.96949  93.7%     -    0s
     0     0   37.36384    0   70  505.00000   37.36384  92.6%     -    0s
     0     0   39.58841    0   74  505.00000   39.58841  92.2%     -    0s
     0     0   39.66667    0   71  505.00000   39.66667  92.1%     -    0s
     0     0   39.70038    0   71  505.00000   39.70038  92.1%     -    0s
     0     0   39.75828    0   71  505.00000   39.75828  92.1%     -    0s
     0     0   39.75828    0   71  505.00000   39.75828  92.1%     -    0s
     0     0   48.43426    0   74  505.00000   48.43426  90.4%     -    0s
     0     0   49.25483    0   71  505.00000   49.25483  90.2%     -    0s
     0     0   49.62734    0   77  505.00000   49.62734  90.2%     -    0s
     0     0   49.73772    0   78  505.00000   49.73772  90.2%     -    0s
     0     0   49.73785    0   78  505.00000   49.73785  90.2%     -    0s
     0     0   52.01486    0   67  505.00000   52.01486  89.7%     -    0s
     0     0   52.09489    0   69  505.00000   52.09489  89.7%     -    0s
     0     0   52.11526    0   73  505.00000   52.11526  89.7%     -    0s
     0     0   52.11574    0   74  505.00000   52.11574  89.7%     -    0s
     0     0   52.89516    0   73  505.00000   52.89516  89.5%     -    0s
     0     0   53.16588    0   73  505.00000   53.16588  89.5%     -    0s
     0     0   53.17718    0   73  505.00000   53.17718  89.5%     -    0s
     0     0   53.76786    0   71  505.00000   53.76786  89.4%     -    0s
     0     0   53.87500    0   71  505.00000   53.87500  89.3%     -    0s
     0     0   54.01961    0   72  505.00000   54.01961  89.3%     -    0s
     0     0   54.15079    0   73  505.00000   54.15079  89.3%     -    0s
     0     0   54.16667    0   71  505.00000   54.16667  89.3%     -    0s
     0     0   54.16667    0   65  505.00000   54.16667  89.3%     -    0s
     0     0   54.16667    0   67  505.00000   54.16667  89.3%     -    0s
     0     0   54.16667    0   69  505.00000   54.16667  89.3%     -    0s
     0     0   54.16667    0   69  505.00000   54.16667  89.3%     -    0s
     0     2   57.00000    0   67  505.00000   57.00000  88.7%     -    0s
H  161    11                     503.0000000  271.44444  46.0%  32.2    0s

Cutting planes:
  MIR: 24
  StrongCG: 1
  Zero half: 64
  RLT: 24
  BQP: 16

Explored 216 nodes (6855 simplex iterations) in 0.36 seconds (0.26 work units)
Thread count was 1 (of 56 available processors)

Solution count 8: 503 505 587 ... 2415

Optimal solution found (tolerance 1.00e-04)
Best objective 5.030000000000e+02, best bound 5.030000000000e+02, gap 0.0000%
503.0
