Set parameter Username
Set parameter LicenseID to value 2589207
Academic license - for non-commercial use only - expires 2025-11-23
Set parameter Threads to value 1
Set parameter Method to value 4
Gurobi Optimizer version 11.0.0 build v11.0.0rc2 (linux64 - "Red Hat Enterprise Linux 9.4 (Plow)")

CPU model: Intel(R) Xeon(R) CPU E5-2690 v4 @ 2.60GHz, instruction set [SSE2|AVX|AVX2]
Thread count: 28 physical cores, 56 logical processors, using up to 1 threads

Optimize a model with 1171 rows, 279 columns and 3403 nonzeros
Model fingerprint: 0x8a3b7d02
Variable types: 186 continuous, 93 integer (93 binary)
Coefficient statistics:
  Matrix range     [1e+00, 1e+00]
  Objective range  [5e+00, 3e+02]
  Bounds range     [1e+00, 1e+00]
  RHS range        [1e+00, 2e+00]
Found heuristic solution: objective 1955.0000000
Presolve removed 238 rows and 64 columns
Presolve time: 0.01s
Presolved: 933 rows, 215 columns, 2634 nonzeros
Variable types: 0 continuous, 215 integer (215 binary)

Root relaxation: objective 0.000000e+00, 90 iterations, 0.00 seconds (0.00 work units)

    Nodes    |    Current Node    |     Objective Bounds      |     Work
 Expl Unexpl |  Obj  Depth IntInf | Incumbent    BestBd   Gap | It/Node Time

     0     0    0.00000    0   60 1955.00000    0.00000   100%     -    0s
H    0     0                    1914.0000000    0.00000   100%     -    0s
H    0     0                    1343.0000000    0.00000   100%     -    0s
     0     0    0.00000    0   90 1343.00000    0.00000   100%     -    0s
H    0     0                    1319.0000000    0.00000   100%     -    0s
H    0     0                    1274.0000000    0.00000   100%     -    0s
     0     0  100.50000    0  118 1274.00000  100.50000  92.1%     -    0s
     0     0  241.51990    0  166 1274.00000  241.51990  81.0%     -    0s
H    0     0                    1272.0000000  241.51990  81.0%     -    0s
H    0     0                    1260.0000000  241.51990  80.8%     -    0s
     0     0  241.53872    0  167 1260.00000  241.53872  80.8%     -    0s
     0     0  306.54298    0  179 1260.00000  306.54298  75.7%     -    0s
H    0     0                    1241.0000000  306.54298  75.3%     -    0s
     0     0  313.36991    0  180 1241.00000  313.36991  74.7%     -    0s
     0     0  314.62446    0  180 1241.00000  314.62446  74.6%     -    0s
     0     0  315.19150    0  180 1241.00000  315.19150  74.6%     -    0s
     0     0  315.34861    0  180 1241.00000  315.34861  74.6%     -    0s
     0     0  315.40110    0  180 1241.00000  315.40110  74.6%     -    0s
     0     0  323.14583    0  181 1241.00000  323.14583  74.0%     -    0s
H    0     0                    1143.0000000  323.14583  71.7%     -    0s
     0     0  328.75838    0  184 1143.00000  328.75838  71.2%     -    0s
     0     0  331.17655    0  185 1143.00000  331.17655  71.0%     -    0s
     0     0  331.80750    0  185 1143.00000  331.80750  71.0%     -    0s
     0     0  332.23837    0  183 1143.00000  332.23837  70.9%     -    0s
     0     0  332.48864    0  187 1143.00000  332.48864  70.9%     -    0s
     0     0  332.58725    0  183 1143.00000  332.58725  70.9%     -    0s
     0     0  334.24808    0  183 1143.00000  334.24808  70.8%     -    0s
H    0     0                    1095.0000000  334.24808  69.5%     -    0s
     0     0  335.54294    0  186 1095.00000  335.54294  69.4%     -    0s
     0     0  336.68413    0  186 1095.00000  336.68413  69.3%     -    0s
     0     0  337.77083    0  181 1095.00000  337.77083  69.2%     -    0s
     0     0  337.78378    0  183 1095.00000  337.78378  69.2%     -    0s
     0     0  337.79365    0  184 1095.00000  337.79365  69.2%     -    0s
     0     0  337.79365    0  180 1095.00000  337.79365  69.2%     -    0s
     0     2  337.91534    0  179 1095.00000  337.91534  69.1%     -    0s
*   14    12               9    1093.0000000  421.32143  61.5%  86.0    0s
*   20    12               5    1069.0000000  613.00000  42.7%  74.8    0s
*   64    11               7    1042.0000000  828.36364  20.5%  49.5    0s

Cutting planes:
  Gomory: 2
  MIR: 23
  Zero half: 21
  RLT: 49
  BQP: 96

Explored 88 nodes (5465 simplex iterations) in 0.40 seconds (0.34 work units)
Thread count was 1 (of 56 available processors)

Solution count 10: 1042 1069 1093 ... 1319

Optimal solution found (tolerance 1.00e-04)
Best objective 1.042000000000e+03, best bound 1.042000000000e+03, gap 0.0000%
1042.0
