Set parameter Username
Set parameter LicenseID to value 2589207
Academic license - for non-commercial use only - expires 2025-11-23
Set parameter Threads to value 1
Set parameter Method to value 4
Gurobi Optimizer version 11.0.0 build v11.0.0rc2 (linux64 - "Red Hat Enterprise Linux 9.4 (Plow)")

CPU model: Intel(R) Xeon(R) CPU E5-2690 v4 @ 2.60GHz, instruction set [SSE2|AVX|AVX2]
Thread count: 28 physical cores, 56 logical processors, using up to 1 threads

Optimize a model with 412 rows, 115 columns and 1228 nonzeros
Model fingerprint: 0xb7b3019a
Variable types: 70 continuous, 45 integer (45 binary)
Coefficient statistics:
  Matrix range     [1e+00, 1e+00]
  Objective range  [3e+01, 6e+01]
  Bounds range     [1e+00, 1e+00]
  RHS range        [1e+00, 2e+00]
Found heuristic solution: objective 243.0000000
Presolve removed 88 rows and 28 columns
Presolve time: 0.00s
Presolved: 324 rows, 87 columns, 940 nonzeros
Variable types: 0 continuous, 87 integer (87 binary)

Root relaxation: objective 0.000000e+00, 47 iterations, 0.00 seconds (0.00 work units)

    Nodes    |    Current Node    |     Objective Bounds      |     Work
 Expl Unexpl |  Obj  Depth IntInf | Incumbent    BestBd   Gap | It/Node Time

     0     0    0.00000    0   23  243.00000    0.00000   100%     -    0s
H    0     0                     186.0000000    0.00000   100%     -    0s
     0     0    0.00000    0   28  186.00000    0.00000   100%     -    0s
     0     0    0.00000    0   31  186.00000    0.00000   100%     -    0s
H    0     0                     130.0000000    0.00000   100%     -    0s
     0     0    0.00000    0   18  130.00000    0.00000   100%     -    0s
     0     0    0.00000    0   37  130.00000    0.00000   100%     -    0s
     0     0    0.00000    0   35  130.00000    0.00000   100%     -    0s
     0     0    0.00000    0   34  130.00000    0.00000   100%     -    0s
     0     0    0.00000    0   31  130.00000    0.00000   100%     -    0s
     0     2    0.00000    0   31  130.00000    0.00000   100%     -    0s

Cutting planes:
  MIR: 2
  Zero half: 3
  RLT: 6
  BQP: 5

Explored 19 nodes (904 simplex iterations) in 0.06 seconds (0.04 work units)
Thread count was 1 (of 56 available processors)

Solution count 3: 130 186 243 

Optimal solution found (tolerance 1.00e-04)
Best objective 1.300000000000e+02, best bound 1.300000000000e+02, gap 0.0000%
130.0
