Set parameter Username
Set parameter LicenseID to value 2589207
Academic license - for non-commercial use only - expires 2025-11-23
Set parameter Threads to value 1
Set parameter Method to value 4
Gurobi Optimizer version 11.0.0 build v11.0.0rc2 (linux64 - "Red Hat Enterprise Linux 9.4 (Plow)")

CPU model: Intel(R) Xeon(R) CPU E5-2690 v4 @ 2.60GHz, instruction set [SSE2|AVX|AVX2]
Thread count: 28 physical cores, 56 logical processors, using up to 1 threads

Optimize a model with 1279 rows, 291 columns and 3847 nonzeros
Model fingerprint: 0x2559f3ab
Variable types: 192 continuous, 99 integer (99 binary)
Coefficient statistics:
  Matrix range     [1e+00, 1e+00]
  Objective range  [1e+01, 6e+01]
  Bounds range     [1e+00, 1e+00]
  RHS range        [1e+00, 2e+00]
Presolve removed 274 rows and 67 columns
Presolve time: 0.01s
Presolved: 1005 rows, 224 columns, 2934 nonzeros
Variable types: 0 continuous, 224 integer (224 binary)
Found heuristic solution: objective 234.0000000

Root relaxation: objective 0.000000e+00, 110 iterations, 0.00 seconds (0.00 work units)

    Nodes    |    Current Node    |     Objective Bounds      |     Work
 Expl Unexpl |  Obj  Depth IntInf | Incumbent    BestBd   Gap | It/Node Time

     0     0    0.00000    0   22  234.00000    0.00000   100%     -    0s
H    0     0                     150.0000000    0.00000   100%     -    0s
     0     0    0.00000    0   52  150.00000    0.00000   100%     -    0s
     0     0    0.00000    0   20  150.00000    0.00000   100%     -    0s
     0     0    0.00000    0   65  150.00000    0.00000   100%     -    0s
     0     0    0.00000    0   65  150.00000    0.00000   100%     -    0s
     0     0    0.00000    0   54  150.00000    0.00000   100%     -    0s
     0     0    0.00000    0   53  150.00000    0.00000   100%     -    0s
     0     2    0.00000    0   53  150.00000    0.00000   100%     -    0s

Cutting planes:
  Inf proof: 29
  Zero half: 16
  RLT: 29
  BQP: 11

Explored 1387 nodes (25466 simplex iterations) in 2.20 seconds (1.58 work units)
Thread count was 1 (of 56 available processors)

Solution count 2: 150 234 

Optimal solution found (tolerance 1.00e-04)
Best objective 1.500000000000e+02, best bound 1.500000000000e+02, gap 0.0000%
150.0
