Set parameter Username
Set parameter LicenseID to value 2589207
Academic license - for non-commercial use only - expires 2025-11-23
Set parameter Threads to value 1
Set parameter Method to value 4
Gurobi Optimizer version 11.0.0 build v11.0.0rc2 (linux64 - "Red Hat Enterprise Linux 9.4 (Plow)")

CPU model: Intel(R) Xeon(R) CPU E5-2690 v4 @ 2.60GHz, instruction set [SSE2|AVX|AVX2]
Thread count: 28 physical cores, 56 logical processors, using up to 1 threads

Optimize a model with 1312 rows, 310 columns and 3948 nonzeros
Model fingerprint: 0x2eecca67
Variable types: 220 continuous, 90 integer (90 binary)
Coefficient statistics:
  Matrix range     [1e+00, 1e+00]
  Objective range  [3e+01, 6e+01]
  Bounds range     [1e+00, 1e+00]
  RHS range        [1e+00, 2e+00]
Presolve removed 268 rows and 73 columns
Presolve time: 0.01s
Presolved: 1044 rows, 237 columns, 3080 nonzeros
Variable types: 0 continuous, 237 integer (237 binary)
Found heuristic solution: objective 456.0000000
Found heuristic solution: objective 341.0000000

Root relaxation: objective 0.000000e+00, 96 iterations, 0.00 seconds (0.00 work units)

    Nodes    |    Current Node    |     Objective Bounds      |     Work
 Expl Unexpl |  Obj  Depth IntInf | Incumbent    BestBd   Gap | It/Node Time

     0     0    0.00000    0   18  341.00000    0.00000   100%     -    0s
H    0     0                     340.0000000    0.00000   100%     -    0s
H    0     0                     285.0000000    0.00000   100%     -    0s
     0     0    0.00000    0   50  285.00000    0.00000   100%     -    0s
H    0     0                     150.0000000    0.00000   100%     -    0s
     0     0    0.00000    0   54  150.00000    0.00000   100%     -    0s
     0     0    0.00000    0   54  150.00000    0.00000   100%     -    0s
     0     0    0.00000    0   21  150.00000    0.00000   100%     -    0s
     0     0    0.00000    0   26  150.00000    0.00000   100%     -    0s
     0     0    0.00000    0   38  150.00000    0.00000   100%     -    0s
     0     0    0.00000    0   34  150.00000    0.00000   100%     -    0s
     0     0    0.00000    0   46  150.00000    0.00000   100%     -    0s
     0     0    0.00000    0   34  150.00000    0.00000   100%     -    0s
     0     2    0.00000    0   32  150.00000    0.00000   100%     -    0s
*    6     4               3     130.0000000   94.00000  27.7%  44.0    0s

Cutting planes:
  Zero half: 4
  RLT: 4

Explored 13 nodes (2008 simplex iterations) in 0.14 seconds (0.11 work units)
Thread count was 1 (of 56 available processors)

Solution count 6: 130 150 285 ... 456

Optimal solution found (tolerance 1.00e-04)
Best objective 1.300000000000e+02, best bound 1.300000000000e+02, gap 0.0000%
130.0
