Set parameter Username
Set parameter LicenseID to value 2589207
Academic license - for non-commercial use only - expires 2025-11-23
Set parameter Threads to value 1
Set parameter Method to value 4
Gurobi Optimizer version 11.0.0 build v11.0.0rc2 (linux64 - "Red Hat Enterprise Linux 9.4 (Plow)")

CPU model: Intel(R) Xeon(R) CPU E5-2690 v4 @ 2.60GHz, instruction set [SSE2|AVX|AVX2]
Thread count: 28 physical cores, 56 logical processors, using up to 1 threads

Optimize a model with 159 rows, 60 columns and 445 nonzeros
Model fingerprint: 0xdacc318a
Variable types: 38 continuous, 22 integer (22 binary)
Coefficient statistics:
  Matrix range     [1e+00, 1e+00]
  Objective range  [1e+01, 6e+01]
  Bounds range     [1e+00, 1e+00]
  RHS range        [1e+00, 2e+00]
Found heuristic solution: objective 527.0000000
Presolve removed 83 rows and 24 columns
Presolve time: 0.00s
Presolved: 76 rows, 36 columns, 202 nonzeros
Variable types: 0 continuous, 36 integer (36 binary)

Root relaxation: objective 0.000000e+00, 20 iterations, 0.00 seconds (0.00 work units)

    Nodes    |    Current Node    |     Objective Bounds      |     Work
 Expl Unexpl |  Obj  Depth IntInf | Incumbent    BestBd   Gap | It/Node Time

     0     0    0.00000    0   16  527.00000    0.00000   100%     -    0s
H    0     0                     385.0000000    0.00000   100%     -    0s
H    0     0                     305.0000000    0.00000   100%     -    0s
     0     0   66.50000    0   16  305.00000   66.50000  78.2%     -    0s
     0     0  102.00000    0   28  305.00000  102.00000  66.6%     -    0s
     0     0  103.35000    0   25  305.00000  103.35000  66.1%     -    0s
     0     0  113.50000    0   19  305.00000  113.50000  62.8%     -    0s
     0     0  120.42857    0   28  305.00000  120.42857  60.5%     -    0s
     0     0  122.00000    0   25  305.00000  122.00000  60.0%     -    0s
     0     0  122.00000    0   20  305.00000  122.00000  60.0%     -    0s
     0     0  127.50000    0   31  305.00000  127.50000  58.2%     -    0s
     0     0  130.90323    0   32  305.00000  130.90323  57.1%     -    0s
     0     0  133.49102    0   30  305.00000  133.49102  56.2%     -    0s
     0     0  134.26706    0   32  305.00000  134.26706  56.0%     -    0s
     0     0  134.64878    0   32  305.00000  134.64878  55.9%     -    0s
     0     0  134.64923    0   32  305.00000  134.64923  55.9%     -    0s
     0     0  147.00000    0   28  305.00000  147.00000  51.8%     -    0s
     0     0  151.32432    0   29  305.00000  151.32432  50.4%     -    0s
     0     0  152.00000    0   29  305.00000  152.00000  50.2%     -    0s
     0     0  152.00000    0   29  305.00000  152.00000  50.2%     -    0s
     0     0  152.00000    0   29  305.00000  152.00000  50.2%     -    0s
     0     0  152.42105    0   31  305.00000  152.42105  50.0%     -    0s
     0     0  152.62500    0   31  305.00000  152.62500  50.0%     -    0s
     0     0  153.25000    0   30  305.00000  153.25000  49.8%     -    0s
     0     0  153.25000    0   30  305.00000  153.25000  49.8%     -    0s
     0     2  154.33333    0   30  305.00000  154.33333  49.4%     -    0s

Cutting planes:
  Clique: 1
  MIR: 8
  Flow cover: 3
  Zero half: 6
  Mod-K: 2
  RLT: 2

Explored 14 nodes (429 simplex iterations) in 0.05 seconds (0.02 work units)
Thread count was 1 (of 56 available processors)

Solution count 3: 305 385 527 

Optimal solution found (tolerance 1.00e-04)
Best objective 3.050000000000e+02, best bound 3.050000000000e+02, gap 0.0000%
305.0
