Set parameter Username
Set parameter LicenseID to value 2589207
Academic license - for non-commercial use only - expires 2025-11-23
Set parameter Threads to value 1
Set parameter Method to value 4
Gurobi Optimizer version 11.0.0 build v11.0.0rc2 (linux64 - "Red Hat Enterprise Linux 9.4 (Plow)")

CPU model: Intel(R) Xeon(R) CPU E5-2690 v4 @ 2.60GHz, instruction set [SSE2|AVX|AVX2]
Thread count: 28 physical cores, 56 logical processors, using up to 1 threads

Optimize a model with 1059 rows, 246 columns and 3181 nonzeros
Model fingerprint: 0xf0b92c2d
Variable types: 158 continuous, 88 integer (88 binary)
Coefficient statistics:
  Matrix range     [1e+00, 1e+00]
  Objective range  [1e+01, 6e+01]
  Bounds range     [1e+00, 1e+00]
  RHS range        [1e+00, 2e+00]
Found heuristic solution: objective 527.0000000
Presolve removed 229 rows and 57 columns
Presolve time: 0.00s
Presolved: 830 rows, 189 columns, 2416 nonzeros
Variable types: 0 continuous, 189 integer (189 binary)

Root relaxation: objective 0.000000e+00, 103 iterations, 0.00 seconds (0.00 work units)

    Nodes    |    Current Node    |     Objective Bounds      |     Work
 Expl Unexpl |  Obj  Depth IntInf | Incumbent    BestBd   Gap | It/Node Time

     0     0    0.00000    0   22  527.00000    0.00000   100%     -    0s
H    0     0                     268.0000000    0.00000   100%     -    0s
H    0     0                     237.0000000    0.00000   100%     -    0s
     0     0    0.00000    0   51  237.00000    0.00000   100%     -    0s
H    0     0                     231.0000000    0.00000   100%     -    0s
H    0     0                     150.0000000    0.00000   100%     -    0s
     0     0    0.00000    0   33  150.00000    0.00000   100%     -    0s
     0     0    0.00000    0   64  150.00000    0.00000   100%     -    0s
     0     0    0.00000    0   68  150.00000    0.00000   100%     -    0s
     0     0    0.00000    0   67  150.00000    0.00000   100%     -    0s
     0     0    0.00000    0   52  150.00000    0.00000   100%     -    0s
     0     0    0.00000    0   52  150.00000    0.00000   100%     -    0s
     0     0    0.00000    0   50  150.00000    0.00000   100%     -    0s
     0     0    0.00000    0   36  150.00000    0.00000   100%     -    0s
     0     2    0.00000    0   25  150.00000    0.00000   100%     -    0s

Cutting planes:
  Gomory: 1
  Inf proof: 4
  Zero half: 19
  RLT: 18
  BQP: 10

Explored 436 nodes (7855 simplex iterations) in 0.54 seconds (0.40 work units)
Thread count was 1 (of 56 available processors)

Solution count 5: 150 231 237 ... 527

Optimal solution found (tolerance 1.00e-04)
Best objective 1.500000000000e+02, best bound 1.500000000000e+02, gap 0.0000%
150.0
