Set parameter Username
Set parameter LicenseID to value 2589207
Academic license - for non-commercial use only - expires 2025-11-23
Set parameter Threads to value 1
Set parameter Method to value 4
Gurobi Optimizer version 11.0.0 build v11.0.0rc2 (linux64 - "Red Hat Enterprise Linux 9.4 (Plow)")

CPU model: Intel(R) Xeon(R) CPU E5-2690 v4 @ 2.60GHz, instruction set [SSE2|AVX|AVX2]
Thread count: 28 physical cores, 56 logical processors, using up to 1 threads

Optimize a model with 552 rows, 146 columns and 1652 nonzeros
Model fingerprint: 0xe4258a12
Variable types: 92 continuous, 54 integer (54 binary)
Coefficient statistics:
  Matrix range     [1e+00, 1e+00]
  Objective range  [3e+01, 6e+01]
  Bounds range     [1e+00, 1e+00]
  RHS range        [1e+00, 2e+00]
Found heuristic solution: objective 285.0000000
Presolve removed 116 rows and 35 columns
Presolve time: 0.00s
Presolved: 436 rows, 111 columns, 1272 nonzeros
Variable types: 0 continuous, 111 integer (111 binary)

Root relaxation: objective 0.000000e+00, 83 iterations, 0.00 seconds (0.00 work units)

    Nodes    |    Current Node    |     Objective Bounds      |     Work
 Expl Unexpl |  Obj  Depth IntInf | Incumbent    BestBd   Gap | It/Node Time

     0     0    0.00000    0   20  285.00000    0.00000   100%     -    0s
H    0     0                     204.0000000    0.00000   100%     -    0s
H    0     0                     173.0000000    0.00000   100%     -    0s
     0     0    0.00000    0   42  173.00000    0.00000   100%     -    0s
H    0     0                     150.0000000    0.00000   100%     -    0s
     0     0    0.00000    0   38  150.00000    0.00000   100%     -    0s
H    0     0                     130.0000000    0.00000   100%     -    0s
     0     0    0.00000    0   37  130.00000    0.00000   100%     -    0s
     0     0    0.00000    0   41  130.00000    0.00000   100%     -    0s
     0     0    0.00000    0   42  130.00000    0.00000   100%     -    0s
     0     0    0.00000    0   37  130.00000    0.00000   100%     -    0s
     0     0    0.00000    0   37  130.00000    0.00000   100%     -    0s
     0     2    0.00000    0   29  130.00000    0.00000   100%     -    0s

Cutting planes:
  Gomory: 1
  MIR: 1
  Zero half: 5
  RLT: 12
  BQP: 5

Explored 11 nodes (966 simplex iterations) in 0.07 seconds (0.05 work units)
Thread count was 1 (of 56 available processors)

Solution count 5: 130 150 173 ... 285

Optimal solution found (tolerance 1.00e-04)
Best objective 1.300000000000e+02, best bound 1.300000000000e+02, gap 0.0000%
130.0
