Set parameter Username
Set parameter LicenseID to value 2589207
Academic license - for non-commercial use only - expires 2025-11-23
Set parameter Threads to value 1
Set parameter Method to value 4
Gurobi Optimizer version 11.0.0 build v11.0.0rc2 (linux64 - "Red Hat Enterprise Linux 9.4 (Plow)")

CPU model: Intel(R) Xeon(R) CPU E5-2690 v4 @ 2.60GHz, instruction set [SSE2|AVX|AVX2]
Thread count: 28 physical cores, 56 logical processors, using up to 1 threads

Optimize a model with 615 rows, 157 columns and 1840 nonzeros
Model fingerprint: 0xf4fee521
Variable types: 97 continuous, 60 integer (60 binary)
Coefficient statistics:
  Matrix range     [1e+00, 1e+00]
  Objective range  [2e+01, 6e+01]
  Bounds range     [1e+00, 1e+00]
  RHS range        [1e+00, 2e+00]
Presolve removed 130 rows and 37 columns
Presolve time: 0.00s
Presolved: 485 rows, 120 columns, 1410 nonzeros
Variable types: 0 continuous, 120 integer (120 binary)
Found heuristic solution: objective 453.0000000
Found heuristic solution: objective 414.0000000
Found heuristic solution: objective 375.0000000

Root relaxation: objective 0.000000e+00, 77 iterations, 0.00 seconds (0.00 work units)

    Nodes    |    Current Node    |     Objective Bounds      |     Work
 Expl Unexpl |  Obj  Depth IntInf | Incumbent    BestBd   Gap | It/Node Time

     0     0    0.00000    0   45  375.00000    0.00000   100%     -    0s
H    0     0                     336.0000000    0.00000   100%     -    0s
H    0     0                     262.0000000    0.00000   100%     -    0s
     0     0    0.00000    0   51  262.00000    0.00000   100%     -    0s
H    0     0                     231.0000000    0.00000   100%     -    0s
     0     0    0.00000    0   25  231.00000    0.00000   100%     -    0s
H    0     0                     217.0000000    0.00000   100%     -    0s
H    0     0                     147.0000000    0.00000   100%     -    0s
     0     0    0.00000    0   54  147.00000    0.00000   100%     -    0s
     0     0    0.00000    0   20  147.00000    0.00000   100%     -    0s
H    0     0                     130.0000000    0.00000   100%     -    0s
     0     0    0.00000    0   37  130.00000    0.00000   100%     -    0s
     0     0    0.00000    0   22  130.00000    0.00000   100%     -    0s
     0     0    0.00000    0   43  130.00000    0.00000   100%     -    0s
     0     0    0.00000    0   22  130.00000    0.00000   100%     -    0s
     0     0    0.00000    0   24  130.00000    0.00000   100%     -    0s
     0     0    0.00000    0   36  130.00000    0.00000   100%     -    0s
     0     0    0.00000    0   36  130.00000    0.00000   100%     -    0s
     0     2    0.00000    0   36  130.00000    0.00000   100%     -    0s

Cutting planes:
  Gomory: 2
  Zero half: 12
  RLT: 9
  BQP: 6

Explored 50 nodes (1813 simplex iterations) in 0.13 seconds (0.08 work units)
Thread count was 1 (of 56 available processors)

Solution count 9: 130 147 217 ... 453

Optimal solution found (tolerance 1.00e-04)
Best objective 1.300000000000e+02, best bound 1.300000000000e+02, gap 0.0000%
130.0
