Set parameter Username
Set parameter LicenseID to value 2608596
Academic license - for non-commercial use only - expires 2026-01-11
Set parameter Threads to value 1
Set parameter Method to value 4
Gurobi Optimizer version 11.0.0 build v11.0.0rc2 (linux64 - "Red Hat Enterprise Linux 9.4 (Plow)")

CPU model: Intel(R) Xeon(R) CPU E5-2690 v4 @ 2.60GHz, instruction set [SSE2|AVX|AVX2]
Thread count: 28 physical cores, 56 logical processors, using up to 1 threads

Optimize a model with 379 rows, 106 columns and 1117 nonzeros
Model fingerprint: 0xa1a032b1
Variable types: 62 continuous, 44 integer (44 binary)
Coefficient statistics:
  Matrix range     [1e+00, 1e+00]
  Objective range  [1e+01, 6e+01]
  Bounds range     [1e+00, 1e+00]
  RHS range        [1e+00, 2e+00]
Found heuristic solution: objective 459.0000000
Presolve removed 89 rows and 27 columns
Presolve time: 0.00s
Presolved: 290 rows, 79 columns, 824 nonzeros
Variable types: 0 continuous, 79 integer (79 binary)

Root relaxation: objective 0.000000e+00, 50 iterations, 0.00 seconds (0.00 work units)

    Nodes    |    Current Node    |     Objective Bounds      |     Work
 Expl Unexpl |  Obj  Depth IntInf | Incumbent    BestBd   Gap | It/Node Time

     0     0    0.00000    0   22  459.00000    0.00000   100%     -    0s
H    0     0                     224.0000000    0.00000   100%     -    0s
     0     0    0.00000    0   36  224.00000    0.00000   100%     -    0s
H    0     0                     150.0000000    0.00000   100%     -    0s
     0     0    0.00000    0   29  150.00000    0.00000   100%     -    0s
     0     0    4.50000    0   38  150.00000    4.50000  97.0%     -    0s
     0     0    6.00000    0   41  150.00000    6.00000  96.0%     -    0s
     0     0    9.00000    0   40  150.00000    9.00000  94.0%     -    0s
     0     0    9.19048    0   44  150.00000    9.19048  93.9%     -    0s
     0     0    9.33333    0   43  150.00000    9.33333  93.8%     -    0s
     0     0    9.33333    0   44  150.00000    9.33333  93.8%     -    0s
     0     0   11.00000    0   44  150.00000   11.00000  92.7%     -    0s
     0     0   11.07407    0   44  150.00000   11.07407  92.6%     -    0s
     0     0   11.33333    0   44  150.00000   11.33333  92.4%     -    0s
     0     0   11.33333    0   45  150.00000   11.33333  92.4%     -    0s
     0     0   11.33333    0   45  150.00000   11.33333  92.4%     -    0s
     0     0   13.01189    0   54  150.00000   13.01189  91.3%     -    0s
     0     0   13.80392    0   51  150.00000   13.80392  90.8%     -    0s
     0     0   14.16667    0   50  150.00000   14.16667  90.6%     -    0s
     0     0   14.16667    0   51  150.00000   14.16667  90.6%     -    0s
     0     0   14.16667    0   51  150.00000   14.16667  90.6%     -    0s
     0     2   17.00000    0   49  150.00000   17.00000  88.7%     -    0s

Cutting planes:
  MIR: 4
  Zero half: 17
  RLT: 15
  BQP: 9

Explored 59 nodes (1449 simplex iterations) in 0.11 seconds (0.06 work units)
Thread count was 1 (of 56 available processors)

Solution count 3: 150 224 459 

Optimal solution found (tolerance 1.00e-04)
Best objective 1.500000000000e+02, best bound 1.500000000000e+02, gap 0.0000%
150.0
