Set parameter Username
Set parameter LicenseID to value 2608596
Academic license - for non-commercial use only - expires 2026-01-11
Set parameter Threads to value 1
Set parameter Method to value 4
Gurobi Optimizer version 11.0.0 build v11.0.0rc2 (linux64 - "Red Hat Enterprise Linux 9.4 (Plow)")

CPU model: Intel(R) Xeon(R) CPU E5-2690 v4 @ 2.60GHz, instruction set [SSE2|AVX|AVX2]
Thread count: 28 physical cores, 56 logical processors, using up to 1 threads

Optimize a model with 679 rows, 168 columns and 2029 nonzeros
Model fingerprint: 0x4ef8a196
Variable types: 102 continuous, 66 integer (66 binary)
Coefficient statistics:
  Matrix range     [1e+00, 1e+00]
  Objective range  [1e+01, 6e+01]
  Bounds range     [1e+00, 1e+00]
  RHS range        [1e+00, 2e+00]
Presolve removed 151 rows and 40 columns
Presolve time: 0.00s
Presolved: 528 rows, 128 columns, 1524 nonzeros
Variable types: 0 continuous, 128 integer (128 binary)
Found heuristic solution: objective 463.0000000
Found heuristic solution: objective 434.0000000
Found heuristic solution: objective 385.0000000
Found heuristic solution: objective 335.0000000

Root relaxation: objective 0.000000e+00, 75 iterations, 0.00 seconds (0.00 work units)

    Nodes    |    Current Node    |     Objective Bounds      |     Work
 Expl Unexpl |  Obj  Depth IntInf | Incumbent    BestBd   Gap | It/Node Time

     0     0    0.00000    0   27  335.00000    0.00000   100%     -    0s
H    0     0                     305.0000000    0.00000   100%     -    0s
H    0     0                     275.0000000    0.00000   100%     -    0s
H    0     0                     271.0000000    0.00000   100%     -    0s
H    0     0                     248.0000000    0.00000   100%     -    0s
     0     0    0.00000    0   33  248.00000    0.00000   100%     -    0s
H    0     0                     243.0000000    0.00000   100%     -    0s
     0     0    0.00000    0   49  243.00000    0.00000   100%     -    0s
H    0     0                     150.0000000    0.00000   100%     -    0s
     0     0    0.00000    0   22  150.00000    0.00000   100%     -    0s
     0     0    0.00000    0   37  150.00000    0.00000   100%     -    0s
     0     0    0.00000    0   30  150.00000    0.00000   100%     -    0s
     0     0    0.00000    0   41  150.00000    0.00000   100%     -    0s
     0     0    3.40000    0   55  150.00000    3.40000  97.7%     -    0s
     0     0    3.40000    0   57  150.00000    3.40000  97.7%     -    0s
     0     0    3.40000    0   59  150.00000    3.40000  97.7%     -    0s
     0     0    3.40000    0   60  150.00000    3.40000  97.7%     -    0s
     0     0    3.40000    0   62  150.00000    3.40000  97.7%     -    0s
     0     0    3.40000    0   55  150.00000    3.40000  97.7%     -    0s
     0     2   17.00000    0   55  150.00000   17.00000  88.7%     -    0s

Cutting planes:
  MIR: 1
  Inf proof: 1
  Zero half: 20
  RLT: 20
  BQP: 12

Explored 294 nodes (6724 simplex iterations) in 0.32 seconds (0.22 work units)
Thread count was 1 (of 56 available processors)

Solution count 10: 150 243 248 ... 463

Optimal solution found (tolerance 1.00e-04)
Best objective 1.500000000000e+02, best bound 1.500000000000e+02, gap 0.0000%
150.0
