Set parameter Username
Set parameter LicenseID to value 2608596
Academic license - for non-commercial use only - expires 2026-01-11
Set parameter Threads to value 1
Set parameter Method to value 4
Gurobi Optimizer version 11.0.0 build v11.0.0rc2 (linux64 - "Red Hat Enterprise Linux 9.4 (Plow)")

CPU model: Intel(R) Xeon(R) CPU E5-2690 v4 @ 2.60GHz, instruction set [SSE2|AVX|AVX2]
Thread count: 28 physical cores, 56 logical processors, using up to 1 threads

Optimize a model with 519 rows, 135 columns and 1543 nonzeros
Model fingerprint: 0xdcc4908e
Variable types: 80 continuous, 55 integer (55 binary)
Coefficient statistics:
  Matrix range     [1e+00, 1e+00]
  Objective range  [1e+01, 6e+01]
  Bounds range     [1e+00, 1e+00]
  RHS range        [1e+00, 2e+00]
Found heuristic solution: objective 339.0000000
Presolve removed 118 rows and 33 columns
Presolve time: 0.00s
Presolved: 401 rows, 102 columns, 1150 nonzeros
Variable types: 0 continuous, 102 integer (102 binary)

Root relaxation: objective 0.000000e+00, 64 iterations, 0.00 seconds (0.00 work units)

    Nodes    |    Current Node    |     Objective Bounds      |     Work
 Expl Unexpl |  Obj  Depth IntInf | Incumbent    BestBd   Gap | It/Node Time

     0     0    0.00000    0   35  339.00000    0.00000   100%     -    0s
H    0     0                     335.0000000    0.00000   100%     -    0s
H    0     0                     305.0000000    0.00000   100%     -    0s
H    0     0                     275.0000000    0.00000   100%     -    0s
     0     0    0.00000    0   50  275.00000    0.00000   100%     -    0s
H    0     0                     271.0000000    0.00000   100%     -    0s
H    0     0                     237.0000000    0.00000   100%     -    0s
     0     0    0.00000    0   22  237.00000    0.00000   100%     -    0s
H    0     0                     224.0000000    0.00000   100%     -    0s
H    0     0                     187.0000000    0.00000   100%     -    0s
     0     0    0.00000    0   33  187.00000    0.00000   100%     -    0s
     0     0    0.00000    0   40  187.00000    0.00000   100%     -    0s
     0     0    0.00000    0   42  187.00000    0.00000   100%     -    0s
     0     0    0.00000    0   45  187.00000    0.00000   100%     -    0s
     0     0    0.00000    0   48  187.00000    0.00000   100%     -    0s
     0     0    0.00000    0   37  187.00000    0.00000   100%     -    0s
     0     0    0.00000    0   37  187.00000    0.00000   100%     -    0s
     0     2    0.00000    0   37  187.00000    0.00000   100%     -    0s
H    9     5                     167.0000000   24.75000  85.2%  47.3    0s
H   55    21                     150.0000000   34.31818  77.1%  28.0    0s

Cutting planes:
  Gomory: 1
  MIR: 3
  Zero half: 25
  RLT: 19
  BQP: 11

Explored 206 nodes (4828 simplex iterations) in 0.20 seconds (0.14 work units)
Thread count was 1 (of 56 available processors)

Solution count 10: 150 167 187 ... 339

Optimal solution found (tolerance 1.00e-04)
Best objective 1.500000000000e+02, best bound 1.500000000000e+02, gap 0.0000%
150.0
