Set parameter Username
Academic license - for non-commercial use only - expires 2025-08-28
Set parameter Threads to value 1
Set parameter Method to value 4
Gurobi Optimizer version 11.0.3 build v11.0.3rc0 (mac64[arm] - Darwin 23.5.0 23F79)

CPU model: Apple M3 Pro
Thread count: 12 physical cores, 12 logical processors, using up to 1 threads

Optimize a model with 3818 rows, 518 columns and 11486 nonzeros
Model fingerprint: 0x65e2e9d8
Variable types: 308 continuous, 210 integer (210 binary)
Coefficient statistics:
  Matrix range     [1e+00, 1e+00]
  Objective range  [1e+01, 3e+02]
  Bounds range     [1e+00, 1e+00]
  RHS range        [1e+00, 2e+00]
Presolve removed 646 rows and 91 columns
Presolve time: 0.01s
Presolved: 3172 rows, 427 columns, 9340 nonzeros
Variable types: 0 continuous, 427 integer (427 binary)
Found heuristic solution: objective 3905.0000000
Found heuristic solution: objective 3716.0000000

Root relaxation: objective 0.000000e+00, 218 iterations, 0.01 seconds (0.01 work units)

    Nodes    |    Current Node    |     Objective Bounds      |     Work
 Expl Unexpl |  Obj  Depth IntInf | Incumbent    BestBd   Gap | It/Node Time

     0     0    0.00000    0   42 3716.00000    0.00000   100%     -    0s
H    0     0                    1162.0000000    0.00000   100%     -    0s
H    0     0                    1152.0000000    0.00000   100%     -    0s
     0     0    0.00000    0  101 1152.00000    0.00000   100%     -    0s
     0     0    0.00000    0   84 1152.00000    0.00000   100%     -    0s
H    0     0                     865.0000000    0.00000   100%     -    0s
     0     0    0.00000    0   89  865.00000    0.00000   100%     -    0s
     0     0    0.00000    0  101  865.00000    0.00000   100%     -    0s
H    0     0                     825.0000000    0.00000   100%     -    0s
     0     0    0.00000    0   94  825.00000    0.00000   100%     -    0s
     0     0    0.00000    0   90  825.00000    0.00000   100%     -    0s
H    0     0                     776.0000000    0.00000   100%     -    0s
H    0     0                     739.0000000    0.00000   100%     -    0s
     0     0    0.00000    0   78  739.00000    0.00000   100%     -    0s
     0     0    0.00000    0  123  739.00000    0.00000   100%     -    0s
     0     0    0.00000    0  123  739.00000    0.00000   100%     -    0s
H    0     0                     702.0000000    0.00000   100%     -    0s
H    0     0                     687.0000000    0.00000   100%     -    0s
     0     2    0.00000    0   95  687.00000    0.00000   100%     -    0s
H  227   159                     654.0000000   11.00000  98.3%  60.1    1s
H  260   192                     647.0000000   11.00000  98.3%  68.0    1s
H  274   202                     616.0000000   11.00000  98.2%  66.4    1s
H  279   203                     588.0000000   11.00000  98.1%  65.9    1s
H  287   200                     576.0000000   11.00000  98.1%  64.5    1s
H  326   191                     496.0000000   11.00000  97.8%  62.3    1s
*  327   190              23     491.0000000   11.00000  97.8%  62.2    1s
H  328   182                     472.0000000   11.00000  97.7%  62.0    1s
H  339   173                     444.0000000   11.00000  97.5%  60.4    1s
H  437   232                     441.0000000   11.00000  97.5%  60.8    1s
H  471   245                     417.0000000   11.00000  97.4%  60.4    1s
  1808   648   44.00000   24   71  417.00000   37.00000  91.1%  44.2    5s
  4870  2037  259.00000   32   68  417.00000  105.00000  74.8%  33.0   10s
  7991  3287  281.15385   33   93  417.00000  124.83333  70.1%  32.3   15s
 10203  4026  208.50000   32  123  417.00000  135.00000  67.6%  32.6   21s
 10746  4214  135.00000   36   76  417.00000  135.00000  67.6%  34.2   25s
 13014  4607 infeasible   48       417.00000  135.00000  67.6%  35.4   30s
 15762  4933  374.00000   60   66  417.00000  135.00000  67.6%  35.5   35s
 18859  5298  357.00000   45   50  417.00000  141.50000  66.1%  35.0   40s
 22266  5547  386.50000   46   62  417.00000  154.00000  63.1%  34.6   45s
 25389  6785     cutoff   51       417.00000  165.00000  60.4%  34.3   50s
 28825  8142  304.00000   52  113  417.00000  174.66667  58.1%  33.9   55s
 32340  9388  208.27778   45   88  417.00000  182.66102  56.2%  33.4   60s
 35660 10521  291.00000   43   69  417.00000  189.00000  54.7%  33.2   65s
 39091 11677  281.50000   58   64  417.00000  196.00000  53.0%  33.0   70s
 42573 12856  280.75000   48   85  417.00000  200.33333  52.0%  32.8   75s
 46197 13921     cutoff   46       417.00000  205.66667  50.7%  32.6   80s
 49693 15010  374.00000   57   56  417.00000  209.50000  49.8%  32.5   85s
 53184 16026  384.50000   52   56  417.00000  213.83333  48.7%  32.4   90s
 56975 17129  386.50000   54   64  417.00000  217.41667  47.9%  32.2   95s
 60532 18092  266.11111   44  114  417.00000  221.33333  46.9%  32.0  100s
 64256 19048 infeasible   54       417.00000  224.83333  46.1%  31.9  105s
 68089 20092     cutoff   49       417.00000  228.50000  45.2%  31.8  110s
 71688 20972  349.53125   47  117  417.00000  231.50000  44.5%  31.7  115s
 75290 21847  379.20000   56   75  417.00000  234.50000  43.8%  31.8  120s
 79086 22833  321.44444   51   83  417.00000  237.41667  43.1%  31.6  125s
 82761 23689  380.94928   54   84  417.00000  240.00000  42.4%  31.5  130s
 86580 24533  257.00000   49   39  417.00000  242.61538  41.8%  31.5  135s
 90118 25435  375.75000   47   95  417.00000  244.60000  41.3%  31.4  140s
 93881 26267  261.00000   44   74  417.00000  246.75000  40.8%  31.3  145s
 97682 27143 infeasible   60       417.00000  249.00000  40.3%  31.2  150s
 101612 28050  322.50000   67   73  417.00000  251.16667  39.8%  31.1  155s
 105425 28932     cutoff   67       417.00000  253.20000  39.3%  31.0  160s
 109259 29719  294.00000   50   70  417.00000  255.00000  38.8%  31.0  165s
 113117 30551 infeasible   52       417.00000  257.00000  38.4%  30.9  170s
 117124 31387  367.33333   52   48  417.00000  259.00000  37.9%  30.8  175s
 120984 32084  311.46023   57  103  417.00000  261.00000  37.4%  30.8  180s
 124921 32907  386.72222   50   67  417.00000  263.00000  36.9%  30.7  185s
 128840 33615     cutoff   51       417.00000  264.83333  36.5%  30.6  190s
 132656 34322  315.99615   49  131  417.00000  266.39655  36.1%  30.5  195s
 136595 34974     cutoff   59       417.00000  268.00000  35.7%  30.4  200s
 140334 35712  355.85714   49   64  417.00000  269.50000  35.4%  30.4  205s
 144339 36444  395.15238   54   74  417.00000  271.00000  35.0%  30.3  210s
 148225 37200  383.40000   55  117  417.00000  272.33333  34.7%  30.2  215s
 152339 37916     cutoff   53       417.00000  274.00000  34.3%  30.1  220s
 156278 38539  413.79808   52  132  417.00000  275.50000  33.9%  30.0  225s
 160211 39151  346.00000   47   80  417.00000  277.00000  33.6%  30.0  230s
 164131 39714 infeasible   50       417.00000  278.50000  33.2%  29.9  235s
 168106 40362  365.71429   50   95  417.00000  280.00000  32.9%  29.8  240s
 171957 40938     cutoff   48       417.00000  281.00000  32.6%  29.7  245s
 175974 41422     cutoff   58       417.00000  282.50000  32.3%  29.7  250s
 180043 42098  329.20000   49  108  417.00000  283.70000  32.0%  29.6  255s
 184114 42665  380.73333   54   97  417.00000  285.00000  31.7%  29.5  260s
 187954 43172  401.00000   56   36  417.00000  286.25000  31.4%  29.5  265s
 191939 43635  310.75000   51   92  417.00000  287.60000  31.0%  29.4  270s
 196132 44260  327.37500   61   90  417.00000  289.00000  30.7%  29.3  275s
 200302 44815  296.00000   50   66  417.00000  290.00000  30.5%  29.3  280s
 204456 45285  312.10000   52  102  417.00000  291.00000  30.2%  29.2  285s
 208492 45782  415.00000   54   35  417.00000  292.33333  29.9%  29.1  290s
 212803 46255  301.85714   49   97  417.00000  293.60000  29.6%  29.1  295s
 217060 46775 infeasible   56       417.00000  294.87500  29.3%  29.0  300s
 221458 47239     cutoff   68       417.00000  296.00000  29.0%  28.9  305s
 225535 47637  351.00000   64   76  417.00000  297.00000  28.8%  28.9  310s
 229545 48015  322.59028   48   93  417.00000  298.08333  28.5%  28.8  315s
 233797 48460  365.20000   61   46  417.00000  299.16667  28.3%  28.8  320s
 238023 48921  383.88889   48   36  417.00000  300.37500  28.0%  28.7  325s
 242441 49387  388.60714   56  100  417.00000  301.50000  27.7%  28.6  330s
 246732 49731  337.75000   46   93  417.00000  302.62500  27.4%  28.6  335s
 251184 50030     cutoff   62       417.00000  304.00000  27.1%  28.5  340s
 255697 50411  361.85000   48   95  417.00000  305.00000  26.9%  28.4  345s
 260055 50620  344.00000   58   60  417.00000  306.00000  26.6%  28.4  350s
 264459 50824  364.18750   47  132  417.00000  307.00000  26.4%  28.3  355s
 268704 51112  375.87955   58   70  417.00000  308.31731  26.1%  28.3  360s
 273265 51461     cutoff   56       417.00000  309.50000  25.8%  28.2  365s
 277609 51747  408.73125   62  127  417.00000  310.50000  25.5%  28.1  370s
 282111 52010  386.12963   49  115  417.00000  311.68056  25.3%  28.1  375s
 286477 52170 infeasible   70       417.00000  312.87500  25.0%  28.0  380s
 291118 52421 infeasible   55       417.00000  313.85034  24.7%  27.9  385s
 295814 52617  371.50000   47   43  417.00000  314.85714  24.5%  27.9  390s
 300433 52751  391.38462   57   72  417.00000  315.99174  24.2%  27.8  395s
 305156 53054  373.01282   49  121  417.00000  316.74286  24.0%  27.7  400s
 309608 53273  355.41667   51   67  417.00000  317.50000  23.9%  27.7  405s
 314196 53409  399.00000   59   60  417.00000  318.50000  23.6%  27.6  410s
 318934 53523  328.00000   50   83  417.00000  319.50000  23.4%  27.6  415s
 323635 53626  391.73950   50   61  417.00000  320.50000  23.1%  27.5  420s
 328337 53749  396.66667   53   36  417.00000  321.40000  22.9%  27.4  425s
 333122 53805  393.75000   59   87  417.00000  322.33333  22.7%  27.4  430s
 337831 53810  345.50000   53   74  417.00000  323.33333  22.5%  27.3  435s
 342604 53871  334.30952   53   80  417.00000  324.25000  22.2%  27.2  440s
 347358 53853  371.00000   44  112  417.00000  325.00000  22.1%  27.2  445s
 352129 53848  374.45455   56   98  417.00000  326.00000  21.8%  27.1  450s
 356818 53737  393.50000   53   66  417.00000  327.00000  21.6%  27.1  455s
 361503 53760  359.00000   61   49  417.00000  328.00000  21.3%  27.0  460s
 366079 53805  377.38095   57   59  417.00000  328.78571  21.2%  26.9  465s
 370769 53726  352.25000   62   52  417.00000  329.66667  20.9%  26.9  470s
 375404 53636 infeasible   57       417.00000  330.50000  20.7%  26.8  475s
 380202 53556     cutoff   52       417.00000  331.50000  20.5%  26.8  480s
 384890 53539  389.51667   53   99  417.00000  332.25000  20.3%  26.7  485s
 389715 53342  371.70000   54   75  417.00000  333.29167  20.1%  26.6  490s
 394659 53150     cutoff   57       417.00000  334.17143  19.9%  26.6  495s
 399583 52887  355.83333   53   73  417.00000  335.30000  19.6%  26.5  500s
 404373 52574     cutoff   62       417.00000  336.30000  19.4%  26.5  505s
 409378 52209  400.46104   54  142  417.00000  337.42105  19.1%  26.4  510s
 414358 51849     cutoff   57       417.00000  338.50000  18.8%  26.4  515s
 419201 51452  396.16667   56   70  417.00000  339.50000  18.6%  26.3  520s
 424004 51151  390.50000   53   55  417.00000  340.17647  18.4%  26.3  525s
 428683 50687  355.80000   48   65  417.00000  341.14286  18.2%  26.2  530s
 433591 50324  365.75000   52   38  417.00000  342.10000  18.0%  26.2  535s
 438384 49827 infeasible   53       417.00000  343.00000  17.7%  26.1  540s
 443067 49433  398.00000   49   44  417.00000  344.00000  17.5%  26.0  545s
 446363 49111     cutoff   53       417.00000  344.73611  17.3%  26.0  550s
 450165 48737  407.62963   57   67  417.00000  345.35714  17.2%  26.0  555s
 454590 48222     cutoff   50       417.00000  346.09091  17.0%  25.9  560s
 459325 47563  403.61905   64   44  417.00000  347.12500  16.8%  25.9  565s
 463736 47095  399.75000   57   56  417.00000  348.00000  16.5%  25.8  570s
 468510 46449  380.85000   66   80  417.00000  349.00000  16.3%  25.8  575s
 473057 45899  381.00000   55   65  417.00000  350.00000  16.1%  25.8  580s
 477408 45302     cutoff   54       417.00000  351.00000  15.8%  25.7  585s
 482134 44582  395.71429   59   55  417.00000  352.00000  15.6%  25.7  590s
 486973 43836  407.80000   56  141  417.00000  353.00000  15.3%  25.6  595s
 491703 42998  415.50000   51   67  417.00000  354.06140  15.1%  25.6  600s
 496573 42146 infeasible   52       417.00000  355.28571  14.8%  25.5  605s
 501608 41256     cutoff   67       417.00000  356.35714  14.5%  25.5  610s
 506495 40271  405.68750   55   67  417.00000  357.50000  14.3%  25.4  615s
 511242 39339     cutoff   57       417.00000  358.55556  14.0%  25.4  620s
 516082 38349  408.72222   59   39  417.00000  359.66667  13.7%  25.3  625s
 520441 37415  391.60000   62   31  417.00000  360.79365  13.5%  25.3  630s
 524211 36504  392.00000   59   27  417.00000  361.80000  13.2%  25.2  635s
 529322 35247  406.40000   52   38  417.00000  363.00000  12.9%  25.2  640s
 534300 33976  391.09286   48   95  417.00000  364.33333  12.6%  25.1  645s
 539424 32583  397.00000   51   34  417.00000  365.80000  12.3%  25.1  650s
 544338 31184 infeasible   60       417.00000  367.00000  12.0%  25.0  655s
 549290 29750  388.80000   64   60  417.00000  368.60000  11.6%  24.9  660s
 554172 28240     cutoff   60       417.00000  370.00000  11.3%  24.9  665s
 559329 26640     cutoff   59       417.00000  371.66667  10.9%  24.8  670s
 564417 24899     cutoff   59       417.00000  373.50000  10.4%  24.8  675s
 569657 22991 infeasible   54       417.00000  375.40000  10.0%  24.7  680s
 574847 20937  398.85294   61   71  417.00000  377.50000  9.47%  24.6  685s
 580213 18835  381.50000   58   42  417.00000  379.80000  8.92%  24.6  690s
 585757 16386  388.89130   64  125  417.00000  382.25000  8.33%  24.5  695s
 591377 13647     cutoff   55       417.00000  385.28571  7.61%  24.4  700s
 596732 10957     cutoff   48       417.00000  388.60000  6.81%  24.3  705s
 602524  7609     cutoff   55       417.00000  393.16667  5.72%  24.2  710s
 608321  3711     cutoff   50       417.00000  400.90000  3.86%  24.1  715s

Cutting planes:
  Gomory: 8
  Cover: 1
  Implied bound: 5
  MIR: 7
  Flow cover: 18
  Zero half: 34
  RLT: 27
  BQP: 20

Explored 612834 nodes (14699971 simplex iterations) in 718.64 seconds (1287.09 work units)
Thread count was 1 (of 12 available processors)

Solution count 10: 417 417 441 ... 616

Optimal solution found (tolerance 1.00e-04)
Best objective 4.170000000000e+02, best bound 4.170000000000e+02, gap 0.0000%
417.0
