Set parameter Username
Set parameter LicenseID to value 2589207
Academic license - for non-commercial use only - expires 2025-11-23
Set parameter Threads to value 1
Set parameter Method to value 4
Gurobi Optimizer version 11.0.0 build v11.0.0rc2 (linux64 - "Red Hat Enterprise Linux 9.4 (Plow)")

CPU model: Intel(R) Xeon(R) CPU E5-2690 v4 @ 2.60GHz, instruction set [SSE2|AVX|AVX2]
Thread count: 28 physical cores, 56 logical processors, using up to 1 threads

Optimize a model with 1308 rows, 285 columns and 3931 nonzeros
Model fingerprint: 0x1c041ca2
Variable types: 173 continuous, 112 integer (112 binary)
Coefficient statistics:
  Matrix range     [1e+00, 1e+00]
  Objective range  [6e+00, 6e+01]
  Bounds range     [1e+00, 1e+00]
  RHS range        [1e+00, 2e+00]
Found heuristic solution: objective 415.0000000
Presolve removed 283 rows and 63 columns
Presolve time: 0.01s
Presolved: 1025 rows, 222 columns, 2968 nonzeros
Variable types: 0 continuous, 222 integer (222 binary)

Root relaxation: objective 0.000000e+00, 127 iterations, 0.00 seconds (0.00 work units)

    Nodes    |    Current Node    |     Objective Bounds      |     Work
 Expl Unexpl |  Obj  Depth IntInf | Incumbent    BestBd   Gap | It/Node Time

     0     0    0.00000    0   47  415.00000    0.00000   100%     -    0s
H    0     0                     409.0000000    0.00000   100%     -    0s
H    0     0                     389.0000000    0.00000   100%     -    0s
     0     0    0.00000    0   68  389.00000    0.00000   100%     -    0s
H    0     0                     199.0000000    0.00000   100%     -    0s
H    0     0                     193.0000000    0.00000   100%     -    0s
     0     0    0.00000    0   53  193.00000    0.00000   100%     -    0s
     0     0    0.00000    0   53  193.00000    0.00000   100%     -    0s
     0     0    0.00000    0   41  193.00000    0.00000   100%     -    0s
     0     0    0.00000    0   49  193.00000    0.00000   100%     -    0s
     0     0    0.00000    0   65  193.00000    0.00000   100%     -    0s
H    0     0                     189.0000000    0.00000   100%     -    0s
     0     0    0.00000    0   64  189.00000    0.00000   100%     -    0s
     0     0    0.42105    0   89  189.00000    0.42105   100%     -    0s
     0     0    0.42105    0   87  189.00000    0.42105   100%     -    0s
     0     0    1.14286    0   99  189.00000    1.14286  99.4%     -    0s
     0     0    1.14286    0   95  189.00000    1.14286  99.4%     -    0s
     0     0    1.14286    0   96  189.00000    1.14286  99.4%     -    0s
     0     0    1.14286    0   91  189.00000    1.14286  99.4%     -    0s
     0     0    1.14286    0   86  189.00000    1.14286  99.4%     -    0s
     0     0    1.14286    0   81  189.00000    1.14286  99.4%     -    0s
     0     0    1.14286    0   74  189.00000    1.14286  99.4%     -    0s
     0     0    1.14286    0   80  189.00000    1.14286  99.4%     -    0s
     0     0    1.14286    0   86  189.00000    1.14286  99.4%     -    0s
     0     0    1.14286    0   86  189.00000    1.14286  99.4%     -    0s
     0     2    8.00000    0   86  189.00000    8.00000  95.8%     -    0s
*  179   104              25     187.0000000   16.00000  91.4%  35.8    0s
*  201   111              17     173.0000000   16.30952  90.6%  33.4    0s

Cutting planes:
  MIR: 1
  Zero half: 35
  RLT: 4
  BQP: 1

Explored 1357 nodes (40522 simplex iterations) in 2.56 seconds (1.90 work units)
Thread count was 1 (of 56 available processors)

Solution count 8: 173 187 189 ... 415

Optimal solution found (tolerance 1.00e-04)
Best objective 1.730000000000e+02, best bound 1.730000000000e+02, gap 0.0000%
173.0
