Set parameter Username
Set parameter LicenseID to value 2589207
Academic license - for non-commercial use only - expires 2025-11-23
Set parameter Threads to value 1
Set parameter Method to value 4
Gurobi Optimizer version 11.0.0 build v11.0.0rc2 (linux64 - "Red Hat Enterprise Linux 9.4 (Plow)")

CPU model: Intel(R) Xeon(R) CPU E5-2690 v4 @ 2.60GHz, instruction set [SSE2|AVX|AVX2]
Thread count: 28 physical cores, 56 logical processors, using up to 1 threads

Optimize a model with 1622 rows, 355 columns and 4885 nonzeros
Model fingerprint: 0x6a85618a
Variable types: 235 continuous, 120 integer (120 binary)
Coefficient statistics:
  Matrix range     [1e+00, 1e+00]
  Objective range  [1e+01, 6e+01]
  Bounds range     [1e+00, 1e+00]
  RHS range        [1e+00, 2e+00]
Presolve removed 345 rows and 80 columns
Presolve time: 0.01s
Presolved: 1277 rows, 275 columns, 3730 nonzeros
Variable types: 0 continuous, 275 integer (275 binary)
Found heuristic solution: objective 280.0000000
Found heuristic solution: objective 247.0000000

Root relaxation: objective 0.000000e+00, 132 iterations, 0.00 seconds (0.00 work units)

    Nodes    |    Current Node    |     Objective Bounds      |     Work
 Expl Unexpl |  Obj  Depth IntInf | Incumbent    BestBd   Gap | It/Node Time

     0     0    0.00000    0   32  247.00000    0.00000   100%     -    0s
H    0     0                     232.0000000    0.00000   100%     -    0s
H    0     0                     198.0000000    0.00000   100%     -    0s
     0     0    0.00000    0   65  198.00000    0.00000   100%     -    0s
H    0     0                     193.0000000    0.00000   100%     -    0s
H    0     0                     159.0000000    0.00000   100%     -    0s
     0     0    0.00000    0   59  159.00000    0.00000   100%     -    0s
     0     0    0.00000    0   70  159.00000    0.00000   100%     -    0s
     0     0    0.00000    0  104  159.00000    0.00000   100%     -    0s
H    0     0                     153.0000000    0.00000   100%     -    0s
     0     0    0.00000    0   99  153.00000    0.00000   100%     -    0s
     0     0    0.00000    0   51  153.00000    0.00000   100%     -    0s
     0     0    0.00000    0   51  153.00000    0.00000   100%     -    0s
     0     2    0.00000    0   51  153.00000    0.00000   100%     -    0s

Cutting planes:
  Zero half: 1
  RLT: 6

Explored 1762 nodes (41337 simplex iterations) in 4.10 seconds (2.97 work units)
Thread count was 1 (of 56 available processors)

Solution count 7: 153 159 193 ... 280

Optimal solution found (tolerance 1.00e-04)
Best objective 1.530000000000e+02, best bound 1.530000000000e+02, gap 0.0000%
153.0
