Set parameter Username
Set parameter LicenseID to value 2589207
Academic license - for non-commercial use only - expires 2025-11-23
Set parameter Threads to value 1
Set parameter Method to value 4
Gurobi Optimizer version 11.0.0 build v11.0.0rc2 (linux64 - "Red Hat Enterprise Linux 9.4 (Plow)")

CPU model: Intel(R) Xeon(R) CPU E5-2690 v4 @ 2.60GHz, instruction set [SSE2|AVX|AVX2]
Thread count: 28 physical cores, 56 logical processors, using up to 1 threads

Optimize a model with 1078 rows, 241 columns and 3232 nonzeros
Model fingerprint: 0xf76f242c
Variable types: 143 continuous, 98 integer (98 binary)
Coefficient statistics:
  Matrix range     [1e+00, 1e+00]
  Objective range  [6e+00, 6e+01]
  Bounds range     [1e+00, 1e+00]
  RHS range        [1e+00, 2e+00]
Found heuristic solution: objective 595.0000000
Presolve removed 236 rows and 54 columns
Presolve time: 0.00s
Presolved: 842 rows, 187 columns, 2429 nonzeros
Variable types: 0 continuous, 187 integer (187 binary)

Root relaxation: objective 0.000000e+00, 84 iterations, 0.00 seconds (0.00 work units)

    Nodes    |    Current Node    |     Objective Bounds      |     Work
 Expl Unexpl |  Obj  Depth IntInf | Incumbent    BestBd   Gap | It/Node Time

     0     0    0.00000    0   33  595.00000    0.00000   100%     -    0s
H    0     0                     468.0000000    0.00000   100%     -    0s
H    0     0                     438.0000000    0.00000   100%     -    0s
H    0     0                     408.0000000    0.00000   100%     -    0s
H    0     0                     308.0000000    0.00000   100%     -    0s
     0     0    0.00000    0   41  308.00000    0.00000   100%     -    0s
H    0     0                     259.0000000    0.00000   100%     -    0s
H    0     0                     201.0000000    0.00000   100%     -    0s
     0     0    0.00000    0   52  201.00000    0.00000   100%     -    0s
     0     0    0.00000    0   52  201.00000    0.00000   100%     -    0s
     0     0    0.00000    0   61  201.00000    0.00000   100%     -    0s
H    0     0                     199.0000000    0.00000   100%     -    0s
H    0     0                     179.0000000    0.00000   100%     -    0s
     0     0    0.00000    0   59  179.00000    0.00000   100%     -    0s
     0     0    0.00000    0   72  179.00000    0.00000   100%     -    0s
     0     0    0.00000    0   71  179.00000    0.00000   100%     -    0s
H    0     0                     173.0000000    0.00000   100%     -    0s
     0     2    0.00000    0   69  173.00000    0.00000   100%     -    0s
  3869   450     cutoff   29       173.00000   69.00000  60.1%  18.8    5s

Cutting planes:
  Inf proof: 5
  Zero half: 5
  RLT: 1
  BQP: 3

Explored 7717 nodes (128614 simplex iterations) in 8.56 seconds (6.03 work units)
Thread count was 1 (of 56 available processors)

Solution count 10: 173 179 199 ... 595

Optimal solution found (tolerance 1.00e-04)
Best objective 1.730000000000e+02, best bound 1.730000000000e+02, gap 0.0000%
173.0
