Set parameter Username
Set parameter LicenseID to value 2589207
Academic license - for non-commercial use only - expires 2025-11-23
Set parameter Threads to value 1
Set parameter Method to value 4
Gurobi Optimizer version 11.0.0 build v11.0.0rc2 (linux64 - "Red Hat Enterprise Linux 9.4 (Plow)")

CPU model: Intel(R) Xeon(R) CPU E5-2690 v4 @ 2.60GHz, instruction set [SSE2|AVX|AVX2]
Thread count: 28 physical cores, 56 logical processors, using up to 1 threads

Optimize a model with 868 rows, 201 columns and 2593 nonzeros
Model fingerprint: 0xa2d171df
Variable types: 117 continuous, 84 integer (84 binary)
Coefficient statistics:
  Matrix range     [1e+00, 1e+00]
  Objective range  [6e+00, 6e+01]
  Bounds range     [1e+00, 1e+00]
  RHS range        [1e+00, 2e+00]
Presolve removed 193 rows and 46 columns
Presolve time: 0.00s
Presolved: 675 rows, 155 columns, 1938 nonzeros
Variable types: 0 continuous, 155 integer (155 binary)
Found heuristic solution: objective 476.0000000
Found heuristic solution: objective 387.0000000

Root relaxation: objective 0.000000e+00, 71 iterations, 0.00 seconds (0.00 work units)

    Nodes    |    Current Node    |     Objective Bounds      |     Work
 Expl Unexpl |  Obj  Depth IntInf | Incumbent    BestBd   Gap | It/Node Time

     0     0    0.00000    0   28  387.00000    0.00000   100%     -    0s
H    0     0                     303.0000000    0.00000   100%     -    0s
H    0     0                     301.0000000    0.00000   100%     -    0s
     0     0    0.00000    0   63  301.00000    0.00000   100%     -    0s
H    0     0                     271.0000000    0.00000   100%     -    0s
H    0     0                     221.0000000    0.00000   100%     -    0s
     0     0    0.00000    0   44  221.00000    0.00000   100%     -    0s
H    0     0                     215.0000000    0.00000   100%     -    0s
H    0     0                     195.0000000    0.00000   100%     -    0s
     0     0    0.00000    0   44  195.00000    0.00000   100%     -    0s
     0     0    0.00000    0   44  195.00000    0.00000   100%     -    0s
H    0     0                     189.0000000    0.00000   100%     -    0s
     0     0    0.00000    0   63  189.00000    0.00000   100%     -    0s
     0     0    0.00000    0   52  189.00000    0.00000   100%     -    0s
     0     0    0.00000    0   46  189.00000    0.00000   100%     -    0s
     0     0    0.00000    0   41  189.00000    0.00000   100%     -    0s
     0     0    0.00000    0   41  189.00000    0.00000   100%     -    0s
     0     2    0.00000    0   41  189.00000    0.00000   100%     -    0s
H   16    15                     173.0000000    0.00000   100%  51.1    0s

Cutting planes:
  Gomory: 2
  Cover: 1
  MIR: 5
  Inf proof: 104
  Zero half: 46
  RLT: 20
  BQP: 25

Explored 2908 nodes (52228 simplex iterations) in 2.52 seconds (1.79 work units)
Thread count was 1 (of 56 available processors)

Solution count 10: 173 189 195 ... 476

Optimal solution found (tolerance 1.00e-04)
Best objective 1.730000000000e+02, best bound 1.730000000000e+02, gap 0.0000%
173.0
