Set parameter Username
Set parameter LicenseID to value 2589207
Academic license - for non-commercial use only - expires 2025-11-23
Set parameter Threads to value 1
Set parameter Method to value 4
Gurobi Optimizer version 11.0.0 build v11.0.0rc2 (linux64 - "Red Hat Enterprise Linux 9.4 (Plow)")

CPU model: Intel(R) Xeon(R) CPU E5-2690 v4 @ 2.60GHz, instruction set [SSE2|AVX|AVX2]
Thread count: 28 physical cores, 56 logical processors, using up to 1 threads

Optimize a model with 1558 rows, 333 columns and 4690 nonzeros
Model fingerprint: 0x94985e6c
Variable types: 207 continuous, 126 integer (126 binary)
Coefficient statistics:
  Matrix range     [1e+00, 1e+00]
  Objective range  [6e+00, 6e+01]
  Bounds range     [1e+00, 1e+00]
  RHS range        [1e+00, 2e+00]
Found heuristic solution: objective 609.0000000
Presolve removed 334 rows and 73 columns
Presolve time: 0.01s
Presolved: 1224 rows, 260 columns, 3555 nonzeros
Variable types: 0 continuous, 260 integer (260 binary)

Root relaxation: objective 0.000000e+00, 136 iterations, 0.00 seconds (0.00 work units)

    Nodes    |    Current Node    |     Objective Bounds      |     Work
 Expl Unexpl |  Obj  Depth IntInf | Incumbent    BestBd   Gap | It/Node Time

     0     0    0.00000    0   28  609.00000    0.00000   100%     -    0s
H    0     0                     512.0000000    0.00000   100%     -    0s
H    0     0                     438.0000000    0.00000   100%     -    0s
H    0     0                     408.0000000    0.00000   100%     -    0s
H    0     0                     388.0000000    0.00000   100%     -    0s
     0     0    0.00000    0   54  388.00000    0.00000   100%     -    0s
H    0     0                     273.0000000    0.00000   100%     -    0s
H    0     0                     247.0000000    0.00000   100%     -    0s
     0     0    0.00000    0   46  247.00000    0.00000   100%     -    0s
H    0     0                     215.0000000    0.00000   100%     -    0s
H    0     0                     209.0000000    0.00000   100%     -    0s
     0     0    0.00000    0   53  209.00000    0.00000   100%     -    0s
     0     0    0.00000    0   71  209.00000    0.00000   100%     -    0s
H    0     0                     189.0000000    0.00000   100%     -    0s
     0     0    0.00000    0   82  189.00000    0.00000   100%     -    0s
     0     0    0.00000    0   54  189.00000    0.00000   100%     -    0s
     0     2    0.00000    0   44  189.00000    0.00000   100%     -    0s
H  193    76                     173.0000000    0.00000   100%  33.9    0s
  2178   178     cutoff   21       173.00000  106.00000  38.7%  24.7    5s

Cutting planes:
  Inf proof: 3
  Zero half: 8
  RLT: 2
  BQP: 1

Explored 3571 nodes (77904 simplex iterations) in 7.04 seconds (5.02 work units)
Thread count was 1 (of 56 available processors)

Solution count 10: 173 189 209 ... 512

Optimal solution found (tolerance 1.00e-04)
Best objective 1.730000000000e+02, best bound 1.730000000000e+02, gap 0.0000%
173.0
