Set parameter Username
Set parameter LicenseID to value 2589207
Academic license - for non-commercial use only - expires 2025-11-23
Set parameter Threads to value 1
Set parameter Method to value 4
Gurobi Optimizer version 11.0.0 build v11.0.0rc2 (linux64 - "Red Hat Enterprise Linux 9.4 (Plow)")

CPU model: Intel(R) Xeon(R) CPU E5-2690 v4 @ 2.60GHz, instruction set [SSE2|AVX|AVX2]
Thread count: 28 physical cores, 56 logical processors, using up to 1 threads

Optimize a model with 892 rows, 220 columns and 2680 nonzeros
Model fingerprint: 0x9fa0b67b
Variable types: 148 continuous, 72 integer (72 binary)
Coefficient statistics:
  Matrix range     [1e+00, 1e+00]
  Objective range  [2e+01, 6e+01]
  Bounds range     [1e+00, 1e+00]
  RHS range        [1e+00, 2e+00]
Found heuristic solution: objective 296.0000000
Presolve removed 184 rows and 52 columns
Presolve time: 0.00s
Presolved: 708 rows, 168 columns, 2080 nonzeros
Variable types: 0 continuous, 168 integer (168 binary)

Root relaxation: objective 0.000000e+00, 96 iterations, 0.00 seconds (0.00 work units)

    Nodes    |    Current Node    |     Objective Bounds      |     Work
 Expl Unexpl |  Obj  Depth IntInf | Incumbent    BestBd   Gap | It/Node Time

     0     0    0.00000    0   16  296.00000    0.00000   100%     -    0s
H    0     0                     196.0000000    0.00000   100%     -    0s
H    0     0                     182.0000000    0.00000   100%     -    0s
H    0     0                     161.0000000    0.00000   100%     -    0s
H    0     0                     111.0000000    0.00000   100%     -    0s
     0     0    0.00000    0   25  111.00000    0.00000   100%     -    0s
     0     0    0.00000    0   45  111.00000    0.00000   100%     -    0s
     0     0    0.00000    0   44  111.00000    0.00000   100%     -    0s
     0     0    0.00000    0   48  111.00000    0.00000   100%     -    0s
     0     0    0.00000    0   46  111.00000    0.00000   100%     -    0s
     0     0    0.00000    0   33  111.00000    0.00000   100%     -    0s
     0     0    0.00000    0   33  111.00000    0.00000   100%     -    0s
     0     2    0.00000    0   33  111.00000    0.00000   100%     -    0s

Cutting planes:
  Zero half: 20
  RLT: 9
  BQP: 4

Explored 116 nodes (2545 simplex iterations) in 0.20 seconds (0.14 work units)
Thread count was 1 (of 56 available processors)

Solution count 5: 111 161 182 ... 296

Optimal solution found (tolerance 1.00e-04)
Best objective 1.110000000000e+02, best bound 1.110000000000e+02, gap 0.0000%
111.0
