Set parameter Username
Set parameter LicenseID to value 2589207
Academic license - for non-commercial use only - expires 2025-11-23
Set parameter Threads to value 1
Set parameter Method to value 4
Gurobi Optimizer version 11.0.0 build v11.0.0rc2 (linux64 - "Red Hat Enterprise Linux 9.4 (Plow)")

CPU model: Intel(R) Xeon(R) CPU E5-2690 v4 @ 2.60GHz, instruction set [SSE2|AVX|AVX2]
Thread count: 28 physical cores, 56 logical processors, using up to 1 threads

Optimize a model with 508 rows, 133 columns and 1495 nonzeros
Model fingerprint: 0xa941fb44
Variable types: 77 continuous, 56 integer (56 binary)
Coefficient statistics:
  Matrix range     [1e+00, 1e+00]
  Objective range  [6e+00, 6e+01]
  Bounds range     [1e+00, 1e+00]
  RHS range        [1e+00, 2e+00]
Found heuristic solution: objective 431.0000000
Presolve removed 119 rows and 33 columns
Presolve time: 0.00s
Presolved: 389 rows, 100 columns, 1100 nonzeros
Variable types: 0 continuous, 100 integer (100 binary)

Root relaxation: objective 0.000000e+00, 58 iterations, 0.00 seconds (0.00 work units)

    Nodes    |    Current Node    |     Objective Bounds      |     Work
 Expl Unexpl |  Obj  Depth IntInf | Incumbent    BestBd   Gap | It/Node Time

     0     0    0.00000    0   34  431.00000    0.00000   100%     -    0s
H    0     0                     408.0000000    0.00000   100%     -    0s
H    0     0                     396.0000000    0.00000   100%     -    0s
H    0     0                     246.0000000    0.00000   100%     -    0s
H    0     0                     231.0000000    0.00000   100%     -    0s
     0     0    0.00000    0   43  231.00000    0.00000   100%     -    0s
     0     0    0.00000    0   39  231.00000    0.00000   100%     -    0s
     0     0    0.00000    0   40  231.00000    0.00000   100%     -    0s
     0     0    0.66667    0   51  231.00000    0.66667   100%     -    0s
     0     0    0.75000    0   51  231.00000    0.75000   100%     -    0s
     0     0    4.40000    0   55  231.00000    4.40000  98.1%     -    0s
H    0     0                     215.0000000    4.40000  98.0%     -    0s
     0     0    5.09434    0   60  215.00000    5.09434  97.6%     -    0s
     0     0    5.69284    0   62  215.00000    5.69284  97.4%     -    0s
     0     0    5.96721    0   62  215.00000    5.96721  97.2%     -    0s
     0     0    5.96721    0   62  215.00000    5.96721  97.2%     -    0s
     0     0   10.63636    0   64  215.00000   10.63636  95.1%     -    0s
     0     0   10.73810    0   60  215.00000   10.73810  95.0%     -    0s
     0     0   10.75000    0   60  215.00000   10.75000  95.0%     -    0s
     0     0   10.75000    0   61  215.00000   10.75000  95.0%     -    0s
     0     0   11.05505    0   64  215.00000   11.05505  94.9%     -    0s
H    0     0                     195.0000000   11.05505  94.3%     -    0s
     0     0   11.40334    0   64  195.00000   11.40334  94.2%     -    0s
     0     0   11.50000    0   62  195.00000   11.50000  94.1%     -    0s
     0     0   11.51883    0   66  195.00000   11.51883  94.1%     -    0s
     0     0   11.53846    0   67  195.00000   11.53846  94.1%     -    0s
     0     0   11.53846    0   68  195.00000   11.53846  94.1%     -    0s
     0     0   11.65341    0   66  195.00000   11.65341  94.0%     -    0s
H    0     0                     189.0000000   11.65341  93.8%     -    0s
     0     0   11.65957    0   65  189.00000   11.65957  93.8%     -    0s
     0     0   11.68452    0   67  189.00000   11.68452  93.8%     -    0s
     0     0   11.68586    0   67  189.00000   11.68586  93.8%     -    0s
     0     0   11.73529    0   65  189.00000   11.73529  93.8%     -    0s
     0     0   11.75000    0   60  189.00000   11.75000  93.8%     -    0s
     0     0   11.75000    0   61  189.00000   11.75000  93.8%     -    0s
     0     0   11.75000    0   62  189.00000   11.75000  93.8%     -    0s
     0     0   11.75000    0   58  189.00000   11.75000  93.8%     -    0s
     0     2   11.86207    0   56  189.00000   11.86207  93.7%     -    0s
H    8     6                     187.0000000   14.67857  92.2%  30.8    0s
H    8     6                     181.0000000   14.67857  91.9%  30.8    0s
*  104    13              10     179.0000000   55.00000  69.3%  26.1    0s
*  105    12              10     173.0000000   55.00000  68.2%  25.9    0s

Cutting planes:
  MIR: 5
  Zero half: 46
  RLT: 17
  BQP: 22

Explored 171 nodes (4975 simplex iterations) in 0.23 seconds (0.16 work units)
Thread count was 1 (of 56 available processors)

Solution count 10: 173 179 181 ... 396

Optimal solution found (tolerance 1.00e-04)
Best objective 1.730000000000e+02, best bound 1.730000000000e+02, gap 0.0000%
173.0
