Set parameter Username
Set parameter LicenseID to value 2589207
Academic license - for non-commercial use only - expires 2025-11-23
Set parameter Threads to value 1
Set parameter Method to value 4
Gurobi Optimizer version 11.0.0 build v11.0.0rc2 (linux64 - "Red Hat Enterprise Linux 9.4 (Plow)")

CPU model: Intel(R) Xeon(R) CPU E5-2690 v4 @ 2.60GHz, instruction set [SSE2|AVX|AVX2]
Thread count: 28 physical cores, 56 logical processors, using up to 1 threads

Optimize a model with 1828 rows, 385 columns and 5509 nonzeros
Model fingerprint: 0xa2d36bcc
Variable types: 245 continuous, 140 integer (140 binary)
Coefficient statistics:
  Matrix range     [1e+00, 1e+00]
  Objective range  [6e+00, 6e+01]
  Bounds range     [1e+00, 1e+00]
  RHS range        [1e+00, 2e+00]
Presolve removed 389 rows and 84 columns
Presolve time: 0.01s
Presolved: 1439 rows, 301 columns, 4190 nonzeros
Variable types: 0 continuous, 301 integer (301 binary)
Found heuristic solution: objective 483.0000000
Found heuristic solution: objective 387.0000000

Root relaxation: objective 0.000000e+00, 174 iterations, 0.00 seconds (0.00 work units)

    Nodes    |    Current Node    |     Objective Bounds      |     Work
 Expl Unexpl |  Obj  Depth IntInf | Incumbent    BestBd   Gap | It/Node Time

     0     0    0.00000    0   34  387.00000    0.00000   100%     -    0s
H    0     0                     373.0000000    0.00000   100%     -    0s
H    0     0                     358.0000000    0.00000   100%     -    0s
     0     0    0.00000    0   82  358.00000    0.00000   100%     -    0s
H    0     0                     247.0000000    0.00000   100%     -    0s
H    0     0                     215.0000000    0.00000   100%     -    0s
     0     0    0.00000    0  105  215.00000    0.00000   100%     -    0s
H    0     0                     199.0000000    0.00000   100%     -    0s
H    0     0                     179.0000000    0.00000   100%     -    0s
     0     0    0.00000    0   96  179.00000    0.00000   100%     -    0s
     0     0    0.00000    0   55  179.00000    0.00000   100%     -    0s
H    0     0                     173.0000000    0.00000   100%     -    0s
     0     0    0.00000    0   54  173.00000    0.00000   100%     -    0s
     0     0    0.00000    0   54  173.00000    0.00000   100%     -    0s
     0     0    0.00000    0   33  173.00000    0.00000   100%     -    0s
     0     2    0.00000    0   33  173.00000    0.00000   100%     -    0s
  1844   429   63.70000   27  104  173.00000   51.19048  70.4%  29.9    5s
  4595   893 infeasible   31       173.00000   85.00000  50.9%  24.0   10s
  7368  1309  166.00000   39   26  173.00000   98.00000  43.4%  23.4   15s
 10202  1473  120.51515   38   98  173.00000  108.31579  37.4%  23.3   23s
 10996  1537  111.00000   27   75  173.00000  111.00000  35.8%  23.2   25s
 14717  1897  157.25000   34   32  173.00000  115.60000  33.2%  22.2   30s
 18440  1856 infeasible   34       173.00000  125.00000  27.7%  21.5   35s
 22345  1444     cutoff   33       173.00000  135.00000  22.0%  20.9   40s
 25846   599     cutoff   31       173.00000  150.42857  13.0%  20.7   45s

Cutting planes:
  Implied bound: 1
  Flow cover: 3
  Inf proof: 1
  Zero half: 13
  RLT: 33
  BQP: 20

Explored 27297 nodes (555213 simplex iterations) in 46.63 seconds (35.25 work units)
Thread count was 1 (of 56 available processors)

Solution count 9: 173 179 199 ... 483

Optimal solution found (tolerance 1.00e-04)
Best objective 1.730000000000e+02, best bound 1.730000000000e+02, gap 0.0000%
173.0
