Set parameter Username
Set parameter LicenseID to value 2589207
Academic license - for non-commercial use only - expires 2025-11-23
Set parameter Threads to value 1
Set parameter Method to value 4
Gurobi Optimizer version 11.0.0 build v11.0.0rc2 (linux64 - "Red Hat Enterprise Linux 9.4 (Plow)")

CPU model: Intel(R) Xeon(R) CPU E5-2690 v4 @ 2.60GHz, instruction set [SSE2|AVX|AVX2]
Thread count: 28 physical cores, 56 logical processors, using up to 1 threads

Optimize a model with 1372 rows, 305 columns and 4128 nonzeros
Model fingerprint: 0x89f95666
Variable types: 197 continuous, 108 integer (108 binary)
Coefficient statistics:
  Matrix range     [1e+00, 1e+00]
  Objective range  [1e+01, 6e+01]
  Bounds range     [1e+00, 1e+00]
  RHS range        [1e+00, 2e+00]
Presolve removed 294 rows and 69 columns
Presolve time: 0.01s
Presolved: 1078 rows, 236 columns, 3141 nonzeros
Variable types: 0 continuous, 236 integer (236 binary)
Found heuristic solution: objective 567.0000000
Found heuristic solution: objective 417.0000000

Root relaxation: objective 0.000000e+00, 128 iterations, 0.00 seconds (0.00 work units)

    Nodes    |    Current Node    |     Objective Bounds      |     Work
 Expl Unexpl |  Obj  Depth IntInf | Incumbent    BestBd   Gap | It/Node Time

     0     0    0.00000    0   24  417.00000    0.00000   100%     -    0s
H    0     0                     389.0000000    0.00000   100%     -    0s
H    0     0                     366.0000000    0.00000   100%     -    0s
H    0     0                     354.0000000    0.00000   100%     -    0s
H    0     0                     334.0000000    0.00000   100%     -    0s
     0     0    0.00000    0   47  334.00000    0.00000   100%     -    0s
H    0     0                     330.0000000    0.00000   100%     -    0s
H    0     0                     317.0000000    0.00000   100%     -    0s
H    0     0                     297.0000000    0.00000   100%     -    0s
     0     0    0.00000    0   64  297.00000    0.00000   100%     -    0s
H    0     0                     230.0000000    0.00000   100%     -    0s
     0     0    0.00000    0   62  230.00000    0.00000   100%     -    0s
     0     0    0.00000    0   47  230.00000    0.00000   100%     -    0s
     0     0    0.00000    0   52  230.00000    0.00000   100%     -    0s
     0     0    0.00000    0   54  230.00000    0.00000   100%     -    0s
     0     0    0.00000    0   50  230.00000    0.00000   100%     -    0s
     0     0    0.00000    0   48  230.00000    0.00000   100%     -    0s
     0     0    0.00000    0   48  230.00000    0.00000   100%     -    0s
H    0     0                     209.0000000    0.00000   100%     -    0s
H    0     0                     159.0000000    0.00000   100%     -    0s
     0     2    0.00000    0   48  159.00000    0.00000   100%     -    0s
*   83    40              10     153.0000000   17.00000  88.9%  29.0    0s
  3199    26 infeasible   19       153.00000  140.00000  8.50%  16.6    5s

Cutting planes:
  Cover: 2
  MIR: 4
  Inf proof: 88
  Zero half: 17
  RLT: 27
  BQP: 17

Explored 3255 nodes (55733 simplex iterations) in 5.06 seconds (3.63 work units)
Thread count was 1 (of 56 available processors)

Solution count 10: 153 159 209 ... 366

Optimal solution found (tolerance 1.00e-04)
Best objective 1.530000000000e+02, best bound 1.530000000000e+02, gap 0.0000%
153.0
