Set parameter Username
Set parameter LicenseID to value 2589207
Academic license - for non-commercial use only - expires 2025-11-23
Set parameter Threads to value 1
Set parameter Method to value 4
Gurobi Optimizer version 11.0.0 build v11.0.0rc2 (linux64 - "Red Hat Enterprise Linux 9.4 (Plow)")

CPU model: Intel(R) Xeon(R) CPU E5-2690 v4 @ 2.60GHz, instruction set [SSE2|AVX|AVX2]
Thread count: 28 physical cores, 56 logical processors, using up to 1 threads

Optimize a model with 712 rows, 181 columns and 2136 nonzeros
Model fingerprint: 0xdc61cd26
Variable types: 118 continuous, 63 integer (63 binary)
Coefficient statistics:
  Matrix range     [1e+00, 1e+00]
  Objective range  [2e+01, 6e+01]
  Bounds range     [1e+00, 1e+00]
  RHS range        [1e+00, 2e+00]
Found heuristic solution: objective 256.0000000
Presolve removed 148 rows and 43 columns
Presolve time: 0.00s
Presolved: 564 rows, 138 columns, 1652 nonzeros
Variable types: 0 continuous, 138 integer (138 binary)

Root relaxation: objective 0.000000e+00, 72 iterations, 0.00 seconds (0.00 work units)

    Nodes    |    Current Node    |     Objective Bounds      |     Work
 Expl Unexpl |  Obj  Depth IntInf | Incumbent    BestBd   Gap | It/Node Time

     0     0    0.00000    0   16  256.00000    0.00000   100%     -    0s
H    0     0                     254.0000000    0.00000   100%     -    0s
H    0     0                     182.0000000    0.00000   100%     -    0s
H    0     0                     161.0000000    0.00000   100%     -    0s
     0     0    0.00000    0   23  161.00000    0.00000   100%     -    0s
H    0     0                     147.0000000    0.00000   100%     -    0s
H    0     0                     111.0000000    0.00000   100%     -    0s
     0     0    0.00000    0   18  111.00000    0.00000   100%     -    0s
     0     0    0.00000    0   22  111.00000    0.00000   100%     -    0s
     0     0    0.00000    0   31  111.00000    0.00000   100%     -    0s
     0     0    0.00000    0   29  111.00000    0.00000   100%     -    0s
     0     0    0.00000    0   40  111.00000    0.00000   100%     -    0s
     0     0    0.00000    0   24  111.00000    0.00000   100%     -    0s
     0     0    0.00000    0   24  111.00000    0.00000   100%     -    0s
     0     2    0.00000    0   24  111.00000    0.00000   100%     -    0s

Cutting planes:
  Zero half: 14
  RLT: 10
  BQP: 1

Explored 80 nodes (2091 simplex iterations) in 0.14 seconds (0.09 work units)
Thread count was 1 (of 56 available processors)

Solution count 6: 111 147 161 ... 256

Optimal solution found (tolerance 1.00e-04)
Best objective 1.110000000000e+02, best bound 1.110000000000e+02, gap 0.0000%
111.0
