Set parameter Username
Set parameter LicenseID to value 2589207
Academic license - for non-commercial use only - expires 2025-11-23
Set parameter Threads to value 1
Set parameter Method to value 4
Gurobi Optimizer version 11.0.0 build v11.0.0rc2 (linux64 - "Red Hat Enterprise Linux 9.4 (Plow)")

CPU model: Intel(R) Xeon(R) CPU E5-2690 v4 @ 2.60GHz, instruction set [SSE2|AVX|AVX2]
Thread count: 28 physical cores, 56 logical processors, using up to 1 threads

Optimize a model with 422 rows, 115 columns and 1243 nonzeros
Model fingerprint: 0xec67c856
Variable types: 67 continuous, 48 integer (48 binary)
Coefficient statistics:
  Matrix range     [1e+00, 1e+00]
  Objective range  [1e+01, 6e+01]
  Bounds range     [1e+00, 1e+00]
  RHS range        [1e+00, 2e+00]
Found heuristic solution: objective 553.0000000
Presolve removed 99 rows and 29 columns
Presolve time: 0.00s
Presolved: 323 rows, 86 columns, 916 nonzeros
Variable types: 0 continuous, 86 integer (86 binary)
Found heuristic solution: objective 525.0000000

Root relaxation: objective 0.000000e+00, 46 iterations, 0.00 seconds (0.00 work units)

    Nodes    |    Current Node    |     Objective Bounds      |     Work
 Expl Unexpl |  Obj  Depth IntInf | Incumbent    BestBd   Gap | It/Node Time

     0     0    0.00000    0   24  525.00000    0.00000   100%     -    0s
H    0     0                     382.0000000    0.00000   100%     -    0s
H    0     0                     366.0000000    0.00000   100%     -    0s
H    0     0                     354.0000000    0.00000   100%     -    0s
H    0     0                     303.0000000    0.00000   100%     -    0s
H    0     0                     203.0000000    0.00000   100%     -    0s
     0     0    0.00000    0   48  203.00000    0.00000   100%     -    0s
H    0     0                     197.0000000    0.00000   100%     -    0s
     0     0    0.00000    0   44  197.00000    0.00000   100%     -    0s
H    0     0                     195.0000000    0.00000   100%     -    0s
H    0     0                     153.0000000    0.00000   100%     -    0s
     0     0    0.00000    0   44  153.00000    0.00000   100%     -    0s
     0     0    8.67857    0   52  153.00000    8.67857  94.3%     -    0s
     0     0    9.19718    0   57  153.00000    9.19718  94.0%     -    0s
     0     0    9.21559    0   57  153.00000    9.21559  94.0%     -    0s
     0     0   12.72549    0   59  153.00000   12.72549  91.7%     -    0s
     0     0   12.90909    0   58  153.00000   12.90909  91.6%     -    0s
     0     0   12.93333    0   58  153.00000   12.93333  91.5%     -    0s
     0     0   12.93750    0   58  153.00000   12.93750  91.5%     -    0s
     0     0   13.00000    0   53  153.00000   13.00000  91.5%     -    0s
     0     0   13.00000    0   53  153.00000   13.00000  91.5%     -    0s
     0     0   13.74910    0   62  153.00000   13.74910  91.0%     -    0s
     0     0   13.93396    0   61  153.00000   13.93396  90.9%     -    0s
     0     0   14.20982    0   64  153.00000   14.20982  90.7%     -    0s
     0     0   14.44154    0   62  153.00000   14.44154  90.6%     -    0s
     0     0   14.45067    0   62  153.00000   14.45067  90.6%     -    0s
     0     0   14.45067    0   62  153.00000   14.45067  90.6%     -    0s
     0     0   15.41667    0   59  153.00000   15.41667  89.9%     -    0s
     0     0   16.67345    0   62  153.00000   16.67345  89.1%     -    0s
     0     0   16.81729    0   62  153.00000   16.81729  89.0%     -    0s
     0     0   16.82226    0   62  153.00000   16.82226  89.0%     -    0s
     0     0   16.82961    0   62  153.00000   16.82961  89.0%     -    0s
     0     0   16.83476    0   62  153.00000   16.83476  89.0%     -    0s
     0     0   16.83570    0   62  153.00000   16.83570  89.0%     -    0s
     0     0   16.90591    0   60  153.00000   16.90591  89.0%     -    0s
     0     0   16.96753    0   61  153.00000   16.96753  88.9%     -    0s
     0     0   16.99298    0   61  153.00000   16.99298  88.9%     -    0s
     0     0   17.00000    0   60  153.00000   17.00000  88.9%     -    0s
     0     0   17.03587    0   62  153.00000   17.03587  88.9%     -    0s
     0     0   17.09181    0   62  153.00000   17.09181  88.8%     -    0s
     0     0   17.11343    0   61  153.00000   17.11343  88.8%     -    0s
     0     0   17.11426    0   62  153.00000   17.11426  88.8%     -    0s
     0     0   21.50000    0   60  153.00000   21.50000  85.9%     -    0s
     0     0   22.99000    0   61  153.00000   22.99000  85.0%     -    0s
     0     0   23.02299    0   62  153.00000   23.02299  85.0%     -    0s
     0     0   23.02614    0   62  153.00000   23.02614  85.0%     -    0s
     0     0   24.42857    0   57  153.00000   24.42857  84.0%     -    0s
     0     0   25.00000    0   56  153.00000   25.00000  83.7%     -    0s
     0     0   25.05540    0   60  153.00000   25.05540  83.6%     -    0s
     0     0   25.07595    0   60  153.00000   25.07595  83.6%     -    0s
     0     0   25.08284    0   60  153.00000   25.08284  83.6%     -    0s
     0     0   25.10811    0   60  153.00000   25.10811  83.6%     -    0s
     0     0   25.47475    0   59  153.00000   25.47475  83.3%     -    0s
     0     0   25.58333    0   58  153.00000   25.58333  83.3%     -    0s
     0     0   29.83333    0   59  153.00000   29.83333  80.5%     -    0s
     0     0   29.83333    0   59  153.00000   29.83333  80.5%     -    0s
     0     0   29.83333    0   60  153.00000   29.83333  80.5%     -    0s
     0     0   29.83333    0   60  153.00000   29.83333  80.5%     -    0s
     0     0   29.83333    0   60  153.00000   29.83333  80.5%     -    0s
     0     0   29.83333    0   58  153.00000   29.83333  80.5%     -    0s
     0     2   31.33333    0   53  153.00000   31.33333  79.5%     -    0s

Cutting planes:
  Gomory: 2
  MIR: 6
  Zero half: 43
  RLT: 14
  BQP: 17

Explored 90 nodes (2584 simplex iterations) in 0.17 seconds (0.11 work units)
Thread count was 1 (of 56 available processors)

Solution count 10: 153 195 197 ... 553

Optimal solution found (tolerance 1.00e-04)
Best objective 1.530000000000e+02, best bound 1.530000000000e+02, gap 0.0000%
153.0
