Set parameter Username
Set parameter LicenseID to value 2589207
Academic license - for non-commercial use only - expires 2025-11-23
Set parameter Threads to value 1
Set parameter Method to value 4
Gurobi Optimizer version 11.0.0 build v11.0.0rc2 (linux64 - "Red Hat Enterprise Linux 9.4 (Plow)")

CPU model: Intel(R) Xeon(R) CPU E5-2690 v4 @ 2.60GHz, instruction set [SSE2|AVX|AVX2]
Thread count: 28 physical cores, 56 logical processors, using up to 1 threads

Optimize a model with 519 rows, 135 columns and 1543 nonzeros
Model fingerprint: 0xc0f02a04
Variable types: 80 continuous, 55 integer (55 binary)
Coefficient statistics:
  Matrix range     [1e+00, 1e+00]
  Objective range  [2e+01, 6e+01]
  Bounds range     [1e+00, 1e+00]
  RHS range        [1e+00, 2e+00]
Presolve removed 118 rows and 33 columns
Presolve time: 0.00s
Presolved: 401 rows, 102 columns, 1150 nonzeros
Variable types: 0 continuous, 102 integer (102 binary)
Found heuristic solution: objective 375.0000000
Found heuristic solution: objective 345.0000000
Found heuristic solution: objective 245.0000000

Root relaxation: objective 0.000000e+00, 49 iterations, 0.00 seconds (0.00 work units)

    Nodes    |    Current Node    |     Objective Bounds      |     Work
 Expl Unexpl |  Obj  Depth IntInf | Incumbent    BestBd   Gap | It/Node Time

     0     0    0.00000    0   20  245.00000    0.00000   100%     -    0s
H    0     0                     231.0000000    0.00000   100%     -    0s
H    0     0                     216.0000000    0.00000   100%     -    0s
H    0     0                     210.0000000    0.00000   100%     -    0s
     0     0    0.00000    0   38  210.00000    0.00000   100%     -    0s
H    0     0                     111.0000000    0.00000   100%     -    0s
     0     0    0.00000    0   38  111.00000    0.00000   100%     -    0s
     0     0    0.00000    0   31  111.00000    0.00000   100%     -    0s
     0     0    0.00000    0   39  111.00000    0.00000   100%     -    0s
     0     0    0.00000    0   41  111.00000    0.00000   100%     -    0s
     0     0    0.00000    0   41  111.00000    0.00000   100%     -    0s
     0     2    0.00000    0   41  111.00000    0.00000   100%     -    0s

Cutting planes:
  Zero half: 14
  RLT: 8
  BQP: 4

Explored 104 nodes (2086 simplex iterations) in 0.12 seconds (0.07 work units)
Thread count was 1 (of 56 available processors)

Solution count 7: 111 210 216 ... 375

Optimal solution found (tolerance 1.00e-04)
Best objective 1.110000000000e+02, best bound 1.110000000000e+02, gap 0.0000%
111.0
