Set parameter Username
Set parameter LicenseID to value 2589207
Academic license - for non-commercial use only - expires 2025-11-23
Set parameter Threads to value 1
Set parameter Method to value 4
Gurobi Optimizer version 11.0.0 build v11.0.0rc2 (linux64 - "Red Hat Enterprise Linux 9.4 (Plow)")

CPU model: Intel(R) Xeon(R) CPU E5-2690 v4 @ 2.60GHz, instruction set [SSE2|AVX|AVX2]
Thread count: 28 physical cores, 56 logical processors, using up to 1 threads

Optimize a model with 292 rows, 89 columns and 846 nonzeros
Model fingerprint: 0x7a972a17
Variable types: 53 continuous, 36 integer (36 binary)
Coefficient statistics:
  Matrix range     [1e+00, 1e+00]
  Objective range  [1e+01, 6e+01]
  Bounds range     [1e+00, 1e+00]
  RHS range        [1e+00, 2e+00]
Found heuristic solution: objective 485.0000000
Presolve removed 72 rows and 24 columns
Presolve time: 0.00s
Presolved: 220 rows, 65 columns, 615 nonzeros
Variable types: 0 continuous, 65 integer (65 binary)

Root relaxation: objective 0.000000e+00, 40 iterations, 0.00 seconds (0.00 work units)

    Nodes    |    Current Node    |     Objective Bounds      |     Work
 Expl Unexpl |  Obj  Depth IntInf | Incumbent    BestBd   Gap | It/Node Time

     0     0    0.00000    0   25  485.00000    0.00000   100%     -    0s
H    0     0                     388.0000000    0.00000   100%     -    0s
H    0     0                     366.0000000    0.00000   100%     -    0s
H    0     0                     315.0000000    0.00000   100%     -    0s
H    0     0                     273.0000000    0.00000   100%     -    0s
     0     0    0.00000    0   38  273.00000    0.00000   100%     -    0s
H    0     0                     244.0000000    0.00000   100%     -    0s
H    0     0                     190.0000000    0.00000   100%     -    0s
     0     0   22.00000    0   34  190.00000   22.00000  88.4%     -    0s
H    0     0                     173.0000000   22.00000  87.3%     -    0s
     0     0   45.31734    0   49  173.00000   45.31734  73.8%     -    0s
     0     0   45.40000    0   45  173.00000   45.40000  73.8%     -    0s
     0     0   49.50000    0   44  173.00000   49.50000  71.4%     -    0s
     0     0   51.90909    0   46  173.00000   51.90909  70.0%     -    0s
     0     0   51.90909    0   46  173.00000   51.90909  70.0%     -    0s
     0     0   52.00000    0   46  173.00000   52.00000  69.9%     -    0s
     0     0   52.00000    0   43  173.00000   52.00000  69.9%     -    0s
     0     0   52.00000    0   44  173.00000   52.00000  69.9%     -    0s
     0     0   52.00000    0   42  173.00000   52.00000  69.9%     -    0s
     0     2   52.00000    0   39  173.00000   52.00000  69.9%     -    0s

Cutting planes:
  Gomory: 2
  Zero half: 18
  RLT: 15
  BQP: 8

Explored 14 nodes (596 simplex iterations) in 0.06 seconds (0.03 work units)
Thread count was 1 (of 56 available processors)

Solution count 8: 173 190 244 ... 485

Optimal solution found (tolerance 1.00e-04)
Best objective 1.730000000000e+02, best bound 1.730000000000e+02, gap 0.0000%
173.0
