Set parameter Username
Set parameter LicenseID to value 2589207
Academic license - for non-commercial use only - expires 2025-11-23
Set parameter Threads to value 1
Set parameter Method to value 4
Gurobi Optimizer version 11.0.0 build v11.0.0rc2 (linux64 - "Red Hat Enterprise Linux 9.4 (Plow)")

CPU model: Intel(R) Xeon(R) CPU E5-2690 v4 @ 2.60GHz, instruction set [SSE2|AVX|AVX2]
Thread count: 28 physical cores, 56 logical processors, using up to 1 threads

Optimize a model with 192 rows, 65 columns and 560 nonzeros
Model fingerprint: 0x3826a2bf
Variable types: 38 continuous, 27 integer (27 binary)
Coefficient statistics:
  Matrix range     [1e+00, 1e+00]
  Objective range  [2e+01, 6e+01]
  Bounds range     [1e+00, 1e+00]
  RHS range        [1e+00, 2e+00]
Found heuristic solution: objective 296.0000000
Presolve removed 44 rows and 17 columns
Presolve time: 0.00s
Presolved: 148 rows, 48 columns, 420 nonzeros
Variable types: 0 continuous, 48 integer (48 binary)

Root relaxation: objective 0.000000e+00, 27 iterations, 0.00 seconds (0.00 work units)

    Nodes    |    Current Node    |     Objective Bounds      |     Work
 Expl Unexpl |  Obj  Depth IntInf | Incumbent    BestBd   Gap | It/Node Time

     0     0    0.00000    0   23  296.00000    0.00000   100%     -    0s
H    0     0                     182.0000000    0.00000   100%     -    0s
H    0     0                     168.0000000    0.00000   100%     -    0s
     0     0    0.00000    0   26  168.00000    0.00000   100%     -    0s
H    0     0                     161.0000000    0.00000   100%     -    0s
H    0     0                     147.0000000    0.00000   100%     -    0s
H    0     0                     118.0000000    0.00000   100%     -    0s
     0     0   23.37778    0   28  118.00000   23.37778  80.2%     -    0s
     0     0   42.00000    0   27  118.00000   42.00000  64.4%     -    0s
H    0     0                     111.0000000   42.00000  62.2%     -    0s
     0     0   42.20000    0   25  111.00000   42.20000  62.0%     -    0s
     0     0   42.20000    0   30  111.00000   42.20000  62.0%     -    0s
     0     0   46.46032    0   34  111.00000   46.46032  58.1%     -    0s
     0     0   46.47222    0   34  111.00000   46.47222  58.1%     -    0s
     0     0   48.00000    0   32  111.00000   48.00000  56.8%     -    0s
     0     0   48.11765    0   34  111.00000   48.11765  56.7%     -    0s
     0     0   48.56818    0   35  111.00000   48.56818  56.2%     -    0s
     0     0   48.58586    0   35  111.00000   48.58586  56.2%     -    0s
     0     0   49.98361    0   35  111.00000   49.98361  55.0%     -    0s
     0     0   50.17647    0   35  111.00000   50.17647  54.8%     -    0s
     0     0   50.19355    0   35  111.00000   50.19355  54.8%     -    0s
     0     0   50.44444    0   35  111.00000   50.44444  54.6%     -    0s
     0     0   50.95455    0   35  111.00000   50.95455  54.1%     -    0s
     0     0   50.95455    0   32  111.00000   50.95455  54.1%     -    0s
     0     2   51.83333    0   32  111.00000   51.83333  53.3%     -    0s

Cutting planes:
  MIR: 3
  Zero half: 7
  RLT: 7
  BQP: 3

Explored 10 nodes (307 simplex iterations) in 0.05 seconds (0.02 work units)
Thread count was 1 (of 56 available processors)

Solution count 7: 111 118 147 ... 296

Optimal solution found (tolerance 1.00e-04)
Best objective 1.110000000000e+02, best bound 1.110000000000e+02, gap 0.0000%
111.0
