Set parameter Username
Set parameter LicenseID to value 2589207
Academic license - for non-commercial use only - expires 2025-11-23
Set parameter Threads to value 1
Set parameter Method to value 4
Gurobi Optimizer version 11.0.0 build v11.0.0rc2 (linux64 - "Red Hat Enterprise Linux 9.4 (Plow)")

CPU model: Intel(R) Xeon(R) CPU E5-2690 v4 @ 2.60GHz, instruction set [SSE2|AVX|AVX2]
Thread count: 28 physical cores, 56 logical processors, using up to 1 threads

Optimize a model with 182 rows, 67 columns and 509 nonzeros
Model fingerprint: 0x65bf9a99
Variable types: 43 continuous, 24 integer (24 binary)
Coefficient statistics:
  Matrix range     [1e+00, 1e+00]
  Objective range  [1e+01, 6e+01]
  Bounds range     [1e+00, 1e+00]
  RHS range        [1e+00, 2e+00]
Found heuristic solution: objective 567.0000000
Presolve removed 96 rows and 27 columns
Presolve time: 0.00s
Presolved: 86 rows, 40 columns, 228 nonzeros
Variable types: 0 continuous, 40 integer (40 binary)

Root relaxation: objective 0.000000e+00, 22 iterations, 0.00 seconds (0.00 work units)

    Nodes    |    Current Node    |     Objective Bounds      |     Work
 Expl Unexpl |  Obj  Depth IntInf | Incumbent    BestBd   Gap | It/Node Time

     0     0    0.00000    0   17  567.00000    0.00000   100%     -    0s
H    0     0                     247.0000000    0.00000   100%     -    0s
     0     0   80.14286    0   26  247.00000   80.14286  67.6%     -    0s
     0     0   87.50000    0   26  247.00000   87.50000  64.6%     -    0s
     0     0   88.00000    0   25  247.00000   88.00000  64.4%     -    0s
     0     0  117.00000    0   26  247.00000  117.00000  52.6%     -    0s
     0     0  119.66667    0   27  247.00000  119.66667  51.6%     -    0s
     0     0  121.15385    0   28  247.00000  121.15385  50.9%     -    0s
     0     0  125.33333    0   28  247.00000  125.33333  49.3%     -    0s
     0     0  130.20000    0   28  247.00000  130.20000  47.3%     -    0s
     0     0  134.00000    0   24  247.00000  134.00000  45.7%     -    0s
     0     0  138.00000    0   24  247.00000  138.00000  44.1%     -    0s
     0     0  141.44444    0   26  247.00000  141.44444  42.7%     -    0s
     0     0  141.44444    0   27  247.00000  141.44444  42.7%     -    0s
     0     0  148.75000    0   27  247.00000  148.75000  39.8%     -    0s
     0     0  150.42857    0   29  247.00000  150.42857  39.1%     -    0s
     0     0  152.72000    0   31  247.00000  152.72000  38.2%     -    0s
     0     0  155.20000    0   28  247.00000  155.20000  37.2%     -    0s
     0     0  155.55738    0   32  247.00000  155.55738  37.0%     -    0s
     0     0  156.00000    0   32  247.00000  156.00000  36.8%     -    0s
     0     0  159.50000    0   28  247.00000  159.50000  35.4%     -    0s
     0     0  160.34783    0   31  247.00000  160.34783  35.1%     -    0s
     0     0  161.00000    0   30  247.00000  161.00000  34.8%     -    0s
     0     0  161.29825    0   31  247.00000  161.29825  34.7%     -    0s
     0     0  161.33333    0   31  247.00000  161.33333  34.7%     -    0s
     0     0  163.26667    0   30  247.00000  163.26667  33.9%     -    0s
     0     0  163.87500    0   29  247.00000  163.87500  33.7%     -    0s
     0     0  163.98276    0   30  247.00000  163.98276  33.6%     -    0s
     0     0  165.40000    0   28  247.00000  165.40000  33.0%     -    0s
     0     0  167.41176    0   31  247.00000  167.41176  32.2%     -    0s
     0     0  167.80000    0   30  247.00000  167.80000  32.1%     -    0s
     0     0  167.80000    0   30  247.00000  167.80000  32.1%     -    0s
     0     2  168.00000    0   30  247.00000  168.00000  32.0%     -    0s

Cutting planes:
  Gomory: 2
  Clique: 3
  MIR: 13
  Flow cover: 1
  Zero half: 8
  RLT: 2

Explored 5 nodes (333 simplex iterations) in 0.05 seconds (0.02 work units)
Thread count was 1 (of 56 available processors)

Solution count 2: 247 567 

Optimal solution found (tolerance 1.00e-04)
Best objective 2.470000000000e+02, best bound 2.470000000000e+02, gap 0.0000%
247.0
