Set parameter Username
Set parameter LicenseID to value 2589207
Academic license - for non-commercial use only - expires 2025-11-23
Set parameter Threads to value 1
Set parameter Method to value 4
Gurobi Optimizer version 11.0.0 build v11.0.0rc2 (linux64 - "Red Hat Enterprise Linux 9.4 (Plow)")

CPU model: Intel(R) Xeon(R) CPU E5-2690 v4 @ 2.60GHz, instruction set [SSE2|AVX|AVX2]
Thread count: 28 physical cores, 56 logical processors, using up to 1 threads

Optimize a model with 292 rows, 88 columns and 864 nonzeros
Model fingerprint: 0x106884f1
Variable types: 52 continuous, 36 integer (36 binary)
Coefficient statistics:
  Matrix range     [1e+00, 1e+00]
  Objective range  [2e+01, 6e+01]
  Bounds range     [1e+00, 1e+00]
  RHS range        [1e+00, 2e+00]
Found heuristic solution: objective 168.0000000
Presolve removed 64 rows and 22 columns
Presolve time: 0.00s
Presolved: 228 rows, 66 columns, 656 nonzeros
Variable types: 0 continuous, 66 integer (66 binary)

Root relaxation: objective 0.000000e+00, 35 iterations, 0.00 seconds (0.00 work units)

    Nodes    |    Current Node    |     Objective Bounds      |     Work
 Expl Unexpl |  Obj  Depth IntInf | Incumbent    BestBd   Gap | It/Node Time

     0     0    0.00000    0   16  168.00000    0.00000   100%     -    0s
H    0     0                     161.0000000    0.00000   100%     -    0s
H    0     0                     111.0000000    0.00000   100%     -    0s
     0     0    0.00000    0   25  111.00000    0.00000   100%     -    0s
     0     0    0.00000    0   26  111.00000    0.00000   100%     -    0s
     0     0    2.92105    0   36  111.00000    2.92105  97.4%     -    0s
     0     0    4.10870    0   44  111.00000    4.10870  96.3%     -    0s
     0     0    4.10870    0   44  111.00000    4.10870  96.3%     -    0s
     0     0    7.00000    0   32  111.00000    7.00000  93.7%     -    0s
     0     0    7.00000    0   34  111.00000    7.00000  93.7%     -    0s
     0     0   16.93103    0   37  111.00000   16.93103  84.7%     -    0s
     0     0   17.00000    0   37  111.00000   17.00000  84.7%     -    0s
     0     0   18.87805    0   44  111.00000   18.87805  83.0%     -    0s
     0     0   19.60684    0   44  111.00000   19.60684  82.3%     -    0s
     0     0   20.38095    0   43  111.00000   20.38095  81.6%     -    0s
     0     0   21.40367    0   44  111.00000   21.40367  80.7%     -    0s
     0     0   21.53125    0   44  111.00000   21.53125  80.6%     -    0s
     0     0   21.56024    0   44  111.00000   21.56024  80.6%     -    0s
     0     0   21.56386    0   44  111.00000   21.56386  80.6%     -    0s
     0     0   22.66782    0   42  111.00000   22.66782  79.6%     -    0s
     0     0   23.35294    0   44  111.00000   23.35294  79.0%     -    0s
     0     0   23.35294    0   44  111.00000   23.35294  79.0%     -    0s
     0     0   26.80000    0   36  111.00000   26.80000  75.9%     -    0s
     0     0   29.88889    0   34  111.00000   29.88889  73.1%     -    0s
     0     0   29.88889    0   34  111.00000   29.88889  73.1%     -    0s
     0     0   29.92000    0   41  111.00000   29.92000  73.0%     -    0s
     0     0   30.00000    0   41  111.00000   30.00000  73.0%     -    0s
     0     0   30.00000    0   43  111.00000   30.00000  73.0%     -    0s
     0     0   32.00000    0   40  111.00000   32.00000  71.2%     -    0s
     0     0   32.33333    0   38  111.00000   32.33333  70.9%     -    0s
     0     0   32.33333    0   40  111.00000   32.33333  70.9%     -    0s
     0     0   37.33333    0   35  111.00000   37.33333  66.4%     -    0s
     0     0   37.33333    0   32  111.00000   37.33333  66.4%     -    0s
     0     0   37.33333    0   34  111.00000   37.33333  66.4%     -    0s
     0     0   37.33333    0   37  111.00000   37.33333  66.4%     -    0s
     0     0   37.33333    0   28  111.00000   37.33333  66.4%     -    0s
     0     2   50.00000    0   28  111.00000   50.00000  55.0%     -    0s

Cutting planes:
  MIR: 4
  Zero half: 6
  RLT: 3
  BQP: 1

Explored 31 nodes (721 simplex iterations) in 0.10 seconds (0.05 work units)
Thread count was 1 (of 56 available processors)

Solution count 3: 111 161 168 

Optimal solution found (tolerance 1.00e-04)
Best objective 1.110000000000e+02, best bound 1.110000000000e+02, gap 0.0000%
111.0
