Set parameter Username
Set parameter LicenseID to value 2589207
Academic license - for non-commercial use only - expires 2025-11-23
Set parameter Threads to value 1
Set parameter Method to value 4
Gurobi Optimizer version 11.0.0 build v11.0.0rc2 (linux64 - "Red Hat Enterprise Linux 9.4 (Plow)")

CPU model: Intel(R) Xeon(R) CPU E5-2690 v4 @ 2.60GHz, instruction set [SSE2|AVX|AVX2]
Thread count: 28 physical cores, 56 logical processors, using up to 1 threads

Optimize a model with 859 rows, 205 columns and 2575 nonzeros
Model fingerprint: 0x79fe1258
Variable types: 128 continuous, 77 integer (77 binary)
Coefficient statistics:
  Matrix range     [1e+00, 1e+00]
  Objective range  [2e+01, 6e+01]
  Bounds range     [1e+00, 1e+00]
  RHS range        [1e+00, 2e+00]
Found heuristic solution: objective 305.0000000
Presolve removed 188 rows and 48 columns
Presolve time: 0.00s
Presolved: 671 rows, 157 columns, 1946 nonzeros
Variable types: 0 continuous, 157 integer (157 binary)

Root relaxation: objective 0.000000e+00, 69 iterations, 0.00 seconds (0.00 work units)

    Nodes    |    Current Node    |     Objective Bounds      |     Work
 Expl Unexpl |  Obj  Depth IntInf | Incumbent    BestBd   Gap | It/Node Time

     0     0    0.00000    0   20  305.00000    0.00000   100%     -    0s
H    0     0                     257.0000000    0.00000   100%     -    0s
H    0     0                     231.0000000    0.00000   100%     -    0s
H    0     0                     216.0000000    0.00000   100%     -    0s
H    0     0                     166.0000000    0.00000   100%     -    0s
     0     0    0.00000    0   41  166.00000    0.00000   100%     -    0s
H    0     0                     164.0000000    0.00000   100%     -    0s
     0     0    0.00000    0   50  164.00000    0.00000   100%     -    0s
H    0     0                     161.0000000    0.00000   100%     -    0s
H    0     0                     111.0000000    0.00000   100%     -    0s
     0     0    0.00000    0   38  111.00000    0.00000   100%     -    0s
     0     0    0.00000    0   37  111.00000    0.00000   100%     -    0s
     0     0    0.00000    0   35  111.00000    0.00000   100%     -    0s
     0     0    0.00000    0   33  111.00000    0.00000   100%     -    0s
     0     0    0.00000    0   39  111.00000    0.00000   100%     -    0s
     0     0    0.00000    0   39  111.00000    0.00000   100%     -    0s
     0     2    0.00000    0   39  111.00000    0.00000   100%     -    0s

Cutting planes:
  MIR: 1
  Inf proof: 2
  Zero half: 25
  RLT: 6
  BQP: 8

Explored 228 nodes (4181 simplex iterations) in 0.28 seconds (0.20 work units)
Thread count was 1 (of 56 available processors)

Solution count 8: 111 161 164 ... 305

Optimal solution found (tolerance 1.00e-04)
Best objective 1.110000000000e+02, best bound 1.110000000000e+02, gap 0.0000%
111.0
