Set parameter Username
Set parameter LicenseID to value 2589207
Academic license - for non-commercial use only - expires 2025-11-23
Set parameter Threads to value 1
Set parameter Method to value 4
Gurobi Optimizer version 11.0.0 build v11.0.0rc2 (linux64 - "Red Hat Enterprise Linux 9.4 (Plow)")

CPU model: Intel(R) Xeon(R) CPU E5-2690 v4 @ 2.60GHz, instruction set [SSE2|AVX|AVX2]
Thread count: 28 physical cores, 56 logical processors, using up to 1 threads

Optimize a model with 1142 rows, 259 columns and 3431 nonzeros
Model fingerprint: 0xefa4732c
Variable types: 163 continuous, 96 integer (96 binary)
Coefficient statistics:
  Matrix range     [1e+00, 1e+00]
  Objective range  [1e+01, 6e+01]
  Bounds range     [1e+00, 1e+00]
  RHS range        [1e+00, 2e+00]
Found heuristic solution: objective 491.0000000
Presolve removed 247 rows and 59 columns
Presolve time: 0.00s
Presolved: 895 rows, 200 columns, 2600 nonzeros
Variable types: 0 continuous, 200 integer (200 binary)

Root relaxation: objective 0.000000e+00, 86 iterations, 0.00 seconds (0.00 work units)

    Nodes    |    Current Node    |     Objective Bounds      |     Work
 Expl Unexpl |  Obj  Depth IntInf | Incumbent    BestBd   Gap | It/Node Time

     0     0    0.00000    0   24  491.00000    0.00000   100%     -    0s
H    0     0                     338.0000000    0.00000   100%     -    0s
H    0     0                     324.0000000    0.00000   100%     -    0s
H    0     0                     290.0000000    0.00000   100%     -    0s
     0     0    0.00000    0   53  290.00000    0.00000   100%     -    0s
H    0     0                     173.0000000    0.00000   100%     -    0s
H    0     0                     153.0000000    0.00000   100%     -    0s
     0     0    0.00000    0   46  153.00000    0.00000   100%     -    0s
     0     0    0.00000    0   37  153.00000    0.00000   100%     -    0s
     0     0    0.00000    0   68  153.00000    0.00000   100%     -    0s
     0     0    0.00000    0   67  153.00000    0.00000   100%     -    0s
     0     0    0.00000    0   63  153.00000    0.00000   100%     -    0s
     0     0    0.00000    0   63  153.00000    0.00000   100%     -    0s
     0     0    0.00000    0   60  153.00000    0.00000   100%     -    0s
     0     0    0.00000    0   59  153.00000    0.00000   100%     -    0s
     0     2    0.00000    0   59  153.00000    0.00000   100%     -    0s

Cutting planes:
  Cover: 2
  Inf proof: 71
  Zero half: 34
  RLT: 12
  BQP: 11

Explored 2756 nodes (48385 simplex iterations) in 3.55 seconds (2.49 work units)
Thread count was 1 (of 56 available processors)

Solution count 6: 153 173 290 ... 491

Optimal solution found (tolerance 1.00e-04)
Best objective 1.530000000000e+02, best bound 1.530000000000e+02, gap 0.0000%
153.0
