Set parameter Username
Set parameter LicenseID to value 2589207
Academic license - for non-commercial use only - expires 2025-11-23
Set parameter Threads to value 1
Set parameter Method to value 4
Gurobi Optimizer version 11.0.0 build v11.0.0rc2 (linux64 - "Red Hat Enterprise Linux 9.4 (Plow)")

CPU model: Intel(R) Xeon(R) CPU E5-2690 v4 @ 2.60GHz, instruction set [SSE2|AVX|AVX2]
Thread count: 28 physical cores, 56 logical processors, using up to 1 threads

Optimize a model with 1519 rows, 340 columns and 4573 nonzeros
Model fingerprint: 0x7081f0a1
Variable types: 230 continuous, 110 integer (110 binary)
Coefficient statistics:
  Matrix range     [1e+00, 1e+00]
  Objective range  [2e+01, 6e+01]
  Bounds range     [1e+00, 1e+00]
  RHS range        [1e+00, 2e+00]
Found heuristic solution: objective 221.0000000
Presolve removed 323 rows and 78 columns
Presolve time: 0.01s
Presolved: 1196 rows, 262 columns, 3500 nonzeros
Variable types: 0 continuous, 262 integer (262 binary)

Root relaxation: objective 0.000000e+00, 124 iterations, 0.00 seconds (0.00 work units)

    Nodes    |    Current Node    |     Objective Bounds      |     Work
 Expl Unexpl |  Obj  Depth IntInf | Incumbent    BestBd   Gap | It/Node Time

     0     0    0.00000    0   20  221.00000    0.00000   100%     -    0s
H    0     0                     188.0000000    0.00000   100%     -    0s
H    0     0                     167.0000000    0.00000   100%     -    0s
     0     0    0.00000    0   34  167.00000    0.00000   100%     -    0s
H    0     0                     161.0000000    0.00000   100%     -    0s
H    0     0                     156.0000000    0.00000   100%     -    0s
H    0     0                     135.0000000    0.00000   100%     -    0s
     0     0    0.00000    0   63  135.00000    0.00000   100%     -    0s
H    0     0                     111.0000000    0.00000   100%     -    0s
     0     0    0.00000    0   55  111.00000    0.00000   100%     -    0s
     0     0    0.00000    0   54  111.00000    0.00000   100%     -    0s
     0     0    0.00000    0   54  111.00000    0.00000   100%     -    0s
     0     0    0.00000    0   64  111.00000    0.00000   100%     -    0s
     0     0    0.00000    0   50  111.00000    0.00000   100%     -    0s
     0     0    0.00000    0   43  111.00000    0.00000   100%     -    0s
     0     2    0.00000    0   43  111.00000    0.00000   100%     -    0s

Cutting planes:
  Cover: 4
  MIR: 2
  Inf proof: 50
  Zero half: 14
  RLT: 14
  BQP: 11

Explored 1925 nodes (29284 simplex iterations) in 3.19 seconds (2.26 work units)
Thread count was 1 (of 56 available processors)

Solution count 7: 111 135 156 ... 221

Optimal solution found (tolerance 1.00e-04)
Best objective 1.110000000000e+02, best bound 1.110000000000e+02, gap 0.0000%
111.0
