Set parameter Username
Set parameter LicenseID to value 2589207
Academic license - for non-commercial use only - expires 2025-11-23
Set parameter Threads to value 1
Set parameter Method to value 4
Gurobi Optimizer version 11.0.0 build v11.0.0rc2 (linux64 - "Red Hat Enterprise Linux 9.4 (Plow)")

CPU model: Intel(R) Xeon(R) CPU E5-2690 v4 @ 2.60GHz, instruction set [SSE2|AVX|AVX2]
Thread count: 28 physical cores, 56 logical processors, using up to 1 threads

Optimize a model with 809 rows, 214 columns and 2425 nonzeros
Model fingerprint: 0x5c614fc7
Variable types: 130 continuous, 84 integer (84 binary)
Coefficient statistics:
  Matrix range     [1e+00, 1e+00]
  Objective range  [8e+00, 6e+01]
  Bounds range     [1e+00, 1e+00]
  RHS range        [1e+00, 2e+00]
Found heuristic solution: objective 321.0000000
Presolve removed 199 rows and 52 columns
Presolve time: 0.00s
Presolved: 610 rows, 162 columns, 1743 nonzeros
Variable types: 0 continuous, 162 integer (162 binary)

Root relaxation: objective 0.000000e+00, 104 iterations, 0.00 seconds (0.00 work units)

    Nodes    |    Current Node    |     Objective Bounds      |     Work
 Expl Unexpl |  Obj  Depth IntInf | Incumbent    BestBd   Gap | It/Node Time

     0     0    0.00000    0   43  321.00000    0.00000   100%     -    0s
H    0     0                     271.0000000    0.00000   100%     -    0s
H    0     0                     263.0000000    0.00000   100%     -    0s
     0     0    0.00000    0   72  263.00000    0.00000   100%     -    0s
H    0     0                     261.0000000    0.00000   100%     -    0s
H    0     0                     186.0000000    0.00000   100%     -    0s
     0     0    0.00000    0   50  186.00000    0.00000   100%     -    0s
H    0     0                     171.0000000    0.00000   100%     -    0s
     0     0    0.00000    0   27  171.00000    0.00000   100%     -    0s
     0     0    0.00000    0   42  171.00000    0.00000   100%     -    0s
     0     0    0.00000    0   31  171.00000    0.00000   100%     -    0s
     0     0    0.00000    0   31  171.00000    0.00000   100%     -    0s
     0     2    0.00000    0   31  171.00000    0.00000   100%     -    0s

Cutting planes:
  Gomory: 1
  Cover: 1
  MIR: 2
  Inf proof: 45
  Zero half: 27
  RLT: 30
  BQP: 38

Explored 1417 nodes (21395 simplex iterations) in 1.42 seconds (0.96 work units)
Thread count was 1 (of 56 available processors)

Solution count 6: 171 186 261 ... 321

Optimal solution found (tolerance 1.00e-04)
Best objective 1.710000000000e+02, best bound 1.710000000000e+02, gap 0.0000%
171.0
