Set parameter Username
Set parameter LicenseID to value 2589207
Academic license - for non-commercial use only - expires 2025-11-23
Set parameter Threads to value 1
Set parameter Method to value 4
Gurobi Optimizer version 11.0.0 build v11.0.0rc2 (linux64 - "Red Hat Enterprise Linux 9.4 (Plow)")

CPU model: Intel(R) Xeon(R) CPU E5-2690 v4 @ 2.60GHz, instruction set [SSE2|AVX|AVX2]
Thread count: 28 physical cores, 56 logical processors, using up to 1 threads

Optimize a model with 851 rows, 232 columns and 2557 nonzeros
Model fingerprint: 0x8ee3f433
Variable types: 152 continuous, 80 integer (80 binary)
Coefficient statistics:
  Matrix range     [1e+00, 1e+00]
  Objective range  [2e+01, 6e+01]
  Bounds range     [1e+00, 1e+00]
  RHS range        [1e+00, 2e+00]
Found heuristic solution: objective 305.0000000
Presolve removed 201 rows and 57 columns
Presolve time: 0.00s
Presolved: 650 rows, 175 columns, 1876 nonzeros
Variable types: 0 continuous, 175 integer (175 binary)

Root relaxation: objective 0.000000e+00, 95 iterations, 0.00 seconds (0.00 work units)

    Nodes    |    Current Node    |     Objective Bounds      |     Work
 Expl Unexpl |  Obj  Depth IntInf | Incumbent    BestBd   Gap | It/Node Time

     0     0    0.00000    0   21  305.00000    0.00000   100%     -    0s
H    0     0                     284.0000000    0.00000   100%     -    0s
H    0     0                     265.0000000    0.00000   100%     -    0s
H    0     0                     250.0000000    0.00000   100%     -    0s
H    0     0                     200.0000000    0.00000   100%     -    0s
     0     0    0.00000    0   40  200.00000    0.00000   100%     -    0s
H    0     0                     198.0000000    0.00000   100%     -    0s
H    0     0                     194.0000000    0.00000   100%     -    0s
     0     0    0.00000    0   28  194.00000    0.00000   100%     -    0s
H    0     0                     145.0000000    0.00000   100%     -    0s
     0     0    0.00000    0   47  145.00000    0.00000   100%     -    0s
     0     0    0.00000    0   38  145.00000    0.00000   100%     -    0s
     0     0    0.00000    0   38  145.00000    0.00000   100%     -    0s
     0     2    0.00000    0   38  145.00000    0.00000   100%     -    0s

Cutting planes:
  Cover: 1
  MIR: 1
  Inf proof: 29
  Zero half: 15
  RLT: 19
  BQP: 5

Explored 1303 nodes (16757 simplex iterations) in 1.46 seconds (0.97 work units)
Thread count was 1 (of 56 available processors)

Solution count 8: 145 194 198 ... 305

Optimal solution found (tolerance 1.00e-04)
Best objective 1.450000000000e+02, best bound 1.450000000000e+02, gap 0.0000%
145.0
