Set parameter Username
Set parameter LicenseID to value 2589207
Academic license - for non-commercial use only - expires 2025-11-23
Set parameter Threads to value 1
Set parameter Method to value 4
Gurobi Optimizer version 11.0.0 build v11.0.0rc2 (linux64 - "Red Hat Enterprise Linux 9.4 (Plow)")

CPU model: Intel(R) Xeon(R) CPU E5-2690 v4 @ 2.60GHz, instruction set [SSE2|AVX|AVX2]
Thread count: 28 physical cores, 56 logical processors, using up to 1 threads

Optimize a model with 131 rows, 52 columns and 361 nonzeros
Model fingerprint: 0x18d6ecfa
Variable types: 32 continuous, 20 integer (20 binary)
Coefficient statistics:
  Matrix range     [1e+00, 1e+00]
  Objective range  [2e+01, 6e+01]
  Bounds range     [1e+00, 1e+00]
  RHS range        [1e+00, 2e+00]
Found heuristic solution: objective 379.0000000
Presolve removed 70 rows and 24 columns
Presolve time: 0.00s
Presolved: 61 rows, 28 columns, 157 nonzeros
Variable types: 0 continuous, 28 integer (28 binary)

Root relaxation: objective 0.000000e+00, 15 iterations, 0.00 seconds (0.00 work units)

    Nodes    |    Current Node    |     Objective Bounds      |     Work
 Expl Unexpl |  Obj  Depth IntInf | Incumbent    BestBd   Gap | It/Node Time

     0     0    0.00000    0   14  379.00000    0.00000   100%     -    0s
H    0     0                     219.0000000    0.00000   100%     -    0s
     0     0   73.80000    0   19  219.00000   73.80000  66.3%     -    0s
     0     0   80.00000    0   18  219.00000   80.00000  63.5%     -    0s
     0     0  112.46154    0   19  219.00000  112.46154  48.6%     -    0s
     0     0  113.35714    0   19  219.00000  113.35714  48.2%     -    0s
     0     0  122.42857    0   21  219.00000  122.42857  44.1%     -    0s
     0     0  122.76471    0   21  219.00000  122.76471  43.9%     -    0s
     0     0  122.76471    0   21  219.00000  122.76471  43.9%     -    0s
     0     0  122.83333    0   21  219.00000  122.83333  43.9%     -    0s
     0     0  123.50000    0   20  219.00000  123.50000  43.6%     -    0s
     0     0  123.50000    0   20  219.00000  123.50000  43.6%     -    0s
     0     2  123.50000    0   20  219.00000  123.50000  43.6%     -    0s

Cutting planes:
  Gomory: 1
  Clique: 1
  MIR: 6
  Zero half: 5
  RLT: 2

Explored 13 nodes (183 simplex iterations) in 0.02 seconds (0.01 work units)
Thread count was 1 (of 56 available processors)

Solution count 2: 219 379 

Optimal solution found (tolerance 1.00e-04)
Best objective 2.190000000000e+02, best bound 2.190000000000e+02, gap 0.0000%
219.0
