Set parameter Username
Set parameter LicenseID to value 2589207
Academic license - for non-commercial use only - expires 2025-11-23
Set parameter Threads to value 1
Set parameter Method to value 4
Gurobi Optimizer version 11.0.0 build v11.0.0rc2 (linux64 - "Red Hat Enterprise Linux 9.4 (Plow)")

CPU model: Intel(R) Xeon(R) CPU E5-2690 v4 @ 2.60GHz, instruction set [SSE2|AVX|AVX2]
Thread count: 28 physical cores, 56 logical processors, using up to 1 threads

Optimize a model with 547 rows, 156 columns and 1633 nonzeros
Model fingerprint: 0xa845d3b4
Variable types: 96 continuous, 60 integer (60 binary)
Coefficient statistics:
  Matrix range     [1e+00, 1e+00]
  Objective range  [2e+01, 6e+01]
  Bounds range     [1e+00, 1e+00]
  RHS range        [1e+00, 2e+00]
Found heuristic solution: objective 292.0000000
Presolve removed 136 rows and 40 columns
Presolve time: 0.00s
Presolved: 411 rows, 116 columns, 1173 nonzeros
Variable types: 0 continuous, 116 integer (116 binary)

Root relaxation: objective 0.000000e+00, 64 iterations, 0.00 seconds (0.00 work units)

    Nodes    |    Current Node    |     Objective Bounds      |     Work
 Expl Unexpl |  Obj  Depth IntInf | Incumbent    BestBd   Gap | It/Node Time

     0     0    0.00000    0   20  292.00000    0.00000   100%     -    0s
H    0     0                     215.0000000    0.00000   100%     -    0s
H    0     0                     200.0000000    0.00000   100%     -    0s
     0     0    0.00000    0   48  200.00000    0.00000   100%     -    0s
H    0     0                     183.0000000    0.00000   100%     -    0s
H    0     0                     145.0000000    0.00000   100%     -    0s
     0     0    0.00000    0   29  145.00000    0.00000   100%     -    0s
     0     0    0.00000    0   27  145.00000    0.00000   100%     -    0s
     0     0    0.00000    0   41  145.00000    0.00000   100%     -    0s
     0     0    0.00000    0   42  145.00000    0.00000   100%     -    0s
     0     0    0.00000    0   39  145.00000    0.00000   100%     -    0s
     0     2    0.00000    0   39  145.00000    0.00000   100%     -    0s

Cutting planes:
  Inf proof: 7
  Zero half: 13
  RLT: 10
  BQP: 12

Explored 532 nodes (6379 simplex iterations) in 0.34 seconds (0.22 work units)
Thread count was 1 (of 56 available processors)

Solution count 5: 145 183 200 ... 292

Optimal solution found (tolerance 1.00e-04)
Best objective 1.450000000000e+02, best bound 1.450000000000e+02, gap 0.0000%
145.0
