Set parameter Username
Set parameter LicenseID to value 2589207
Academic license - for non-commercial use only - expires 2025-11-23
Set parameter Threads to value 1
Set parameter Method to value 4
Gurobi Optimizer version 11.0.0 build v11.0.0rc2 (linux64 - "Red Hat Enterprise Linux 9.4 (Plow)")

CPU model: Intel(R) Xeon(R) CPU E5-2690 v4 @ 2.60GHz, instruction set [SSE2|AVX|AVX2]
Thread count: 28 physical cores, 56 logical processors, using up to 1 threads

Optimize a model with 332 rows, 106 columns and 988 nonzeros
Model fingerprint: 0xf8625ecd
Variable types: 66 continuous, 40 integer (40 binary)
Coefficient statistics:
  Matrix range     [1e+00, 1e+00]
  Objective range  [2e+01, 6e+01]
  Bounds range     [1e+00, 1e+00]
  RHS range        [1e+00, 2e+00]
Found heuristic solution: objective 256.0000000
Presolve removed 78 rows and 28 columns
Presolve time: 0.00s
Presolved: 254 rows, 78 columns, 730 nonzeros
Variable types: 0 continuous, 78 integer (78 binary)

Root relaxation: objective 0.000000e+00, 45 iterations, 0.00 seconds (0.00 work units)

    Nodes    |    Current Node    |     Objective Bounds      |     Work
 Expl Unexpl |  Obj  Depth IntInf | Incumbent    BestBd   Gap | It/Node Time

     0     0    0.00000    0   16  256.00000    0.00000   100%     -    0s
H    0     0                     214.0000000    0.00000   100%     -    0s
H    0     0                     195.0000000    0.00000   100%     -    0s
H    0     0                     145.0000000    0.00000   100%     -    0s
     0     0    0.00000    0   19  145.00000    0.00000   100%     -    0s
     0     0    0.00000    0   32  145.00000    0.00000   100%     -    0s
     0     0    0.00000    0   24  145.00000    0.00000   100%     -    0s
     0     0    0.00000    0   40  145.00000    0.00000   100%     -    0s
     0     0    0.00000    0   20  145.00000    0.00000   100%     -    0s
     0     0    0.00000    0   20  145.00000    0.00000   100%     -    0s
     0     2    0.00000    0   20  145.00000    0.00000   100%     -    0s

Cutting planes:
  Inf proof: 1
  Zero half: 15
  RLT: 3

Explored 44 nodes (1034 simplex iterations) in 0.06 seconds (0.03 work units)
Thread count was 1 (of 56 available processors)

Solution count 4: 145 195 214 256 

Optimal solution found (tolerance 1.00e-04)
Best objective 1.450000000000e+02, best bound 1.450000000000e+02, gap 0.0000%
145.0
