Set parameter Username
Set parameter LicenseID to value 2589207
Academic license - for non-commercial use only - expires 2025-11-23
Set parameter Threads to value 1
Set parameter Method to value 4
Gurobi Optimizer version 11.0.0 build v11.0.0rc2 (linux64 - "Red Hat Enterprise Linux 9.4 (Plow)")

CPU model: Intel(R) Xeon(R) CPU E5-2690 v4 @ 2.60GHz, instruction set [SSE2|AVX|AVX2]
Thread count: 28 physical cores, 56 logical processors, using up to 1 threads

Optimize a model with 307 rows, 96 columns and 901 nonzeros
Model fingerprint: 0xb1fa1faf
Variable types: 56 continuous, 40 integer (40 binary)
Coefficient statistics:
  Matrix range     [1e+00, 1e+00]
  Objective range  [2e+01, 6e+01]
  Bounds range     [1e+00, 1e+00]
  RHS range        [1e+00, 2e+00]
Found heuristic solution: objective 219.0000000
Presolve removed 83 rows and 27 columns
Presolve time: 0.00s
Presolved: 224 rows, 69 columns, 626 nonzeros
Variable types: 0 continuous, 69 integer (69 binary)

Root relaxation: objective 0.000000e+00, 42 iterations, 0.00 seconds (0.00 work units)

    Nodes    |    Current Node    |     Objective Bounds      |     Work
 Expl Unexpl |  Obj  Depth IntInf | Incumbent    BestBd   Gap | It/Node Time

     0     0    0.00000    0   31  219.00000    0.00000   100%     -    0s
H    0     0                     194.0000000    0.00000   100%     -    0s
H    0     0                     160.0000000    0.00000   100%     -    0s
H    0     0                     145.0000000    0.00000   100%     -    0s
     0     0    0.00000    0   44  145.00000    0.00000   100%     -    0s
     0     0    0.00000    0   31  145.00000    0.00000   100%     -    0s
     0     0    4.20000    0   30  145.00000    4.20000  97.1%     -    0s
     0     0    7.00000    0   40  145.00000    7.00000  95.2%     -    0s
     0     0    7.00000    0   35  145.00000    7.00000  95.2%     -    0s
     0     0    9.56803    0   50  145.00000    9.56803  93.4%     -    0s
     0     0    9.65116    0   45  145.00000    9.65116  93.3%     -    0s
     0     0    9.67254    0   48  145.00000    9.67254  93.3%     -    0s
     0     0   14.66667    0   51  145.00000   14.66667  89.9%     -    0s
     0     0   15.42857    0   53  145.00000   15.42857  89.4%     -    0s
     0     0   15.42857    0   53  145.00000   15.42857  89.4%     -    0s
     0     0   15.51351    0   54  145.00000   15.51351  89.3%     -    0s
     0     0   15.53036    0   54  145.00000   15.53036  89.3%     -    0s
     0     0   15.53036    0   54  145.00000   15.53036  89.3%     -    0s
     0     0   15.53425    0   52  145.00000   15.53425  89.3%     -    0s
     0     0   15.60000    0   52  145.00000   15.60000  89.2%     -    0s
     0     0   31.52134    0   54  145.00000   31.52134  78.3%     -    0s
     0     0   31.92254    0   52  145.00000   31.92254  78.0%     -    0s
     0     0   32.03893    0   52  145.00000   32.03893  77.9%     -    0s
     0     0   32.12649    0   54  145.00000   32.12649  77.8%     -    0s
     0     0   32.12935    0   54  145.00000   32.12935  77.8%     -    0s
     0     0   32.21545    0   54  145.00000   32.21545  77.8%     -    0s
     0     0   32.21545    0   54  145.00000   32.21545  77.8%     -    0s
     0     0   32.36111    0   54  145.00000   32.36111  77.7%     -    0s
     0     0   32.60000    0   52  145.00000   32.60000  77.5%     -    0s
     0     0   32.60000    0   51  145.00000   32.60000  77.5%     -    0s
     0     0   33.20000    0   51  145.00000   33.20000  77.1%     -    0s
     0     0   33.41951    0   52  145.00000   33.41951  77.0%     -    0s
     0     0   33.73125    0   52  145.00000   33.73125  76.7%     -    0s
     0     0   33.73125    0   52  145.00000   33.73125  76.7%     -    0s
     0     0   34.44444    0   50  145.00000   34.44444  76.2%     -    0s
     0     0   34.44444    0   49  145.00000   34.44444  76.2%     -    0s
     0     0   34.44444    0   49  145.00000   34.44444  76.2%     -    0s
     0     0   35.01587    0   51  145.00000   35.01587  75.9%     -    0s
     0     0   35.01587    0   51  145.00000   35.01587  75.9%     -    0s
     0     0   35.01587    0   50  145.00000   35.01587  75.9%     -    0s
     0     0   35.01587    0   51  145.00000   35.01587  75.9%     -    0s
     0     0   35.01587    0   51  145.00000   35.01587  75.9%     -    0s
     0     0   35.01587    0   50  145.00000   35.01587  75.9%     -    0s
     0     0   35.01587    0   45  145.00000   35.01587  75.9%     -    0s
     0     0   35.01587    0   45  145.00000   35.01587  75.9%     -    0s
     0     2   35.63636    0   45  145.00000   35.63636  75.4%     -    0s

Cutting planes:
  MIR: 8
  Zero half: 16
  RLT: 12
  BQP: 4

Explored 144 nodes (2424 simplex iterations) in 0.17 seconds (0.09 work units)
Thread count was 1 (of 56 available processors)

Solution count 4: 145 160 194 219 

Optimal solution found (tolerance 1.00e-04)
Best objective 1.450000000000e+02, best bound 1.450000000000e+02, gap 0.0000%
145.0
