Set parameter Username
Set parameter LicenseID to value 2589207
Academic license - for non-commercial use only - expires 2025-11-23
Set parameter Threads to value 1
Set parameter Method to value 4
Gurobi Optimizer version 11.0.0 build v11.0.0rc2 (linux64 - "Red Hat Enterprise Linux 9.4 (Plow)")

CPU model: Intel(R) Xeon(R) CPU E5-2690 v4 @ 2.60GHz, instruction set [SSE2|AVX|AVX2]
Thread count: 28 physical cores, 56 logical processors, using up to 1 threads

Optimize a model with 649 rows, 176 columns and 1937 nonzeros
Model fingerprint: 0xfbd71a5d
Variable types: 104 continuous, 72 integer (72 binary)
Coefficient statistics:
  Matrix range     [1e+00, 1e+00]
  Objective range  [8e+00, 6e+01]
  Bounds range     [1e+00, 1e+00]
  RHS range        [1e+00, 2e+00]
Found heuristic solution: objective 413.0000000
Presolve removed 164 rows and 44 columns
Presolve time: 0.00s
Presolved: 485 rows, 132 columns, 1377 nonzeros
Variable types: 0 continuous, 132 integer (132 binary)

Root relaxation: objective 0.000000e+00, 71 iterations, 0.00 seconds (0.00 work units)

    Nodes    |    Current Node    |     Objective Bounds      |     Work
 Expl Unexpl |  Obj  Depth IntInf | Incumbent    BestBd   Gap | It/Node Time

     0     0    0.00000    0   28  413.00000    0.00000   100%     -    0s
H    0     0                     247.0000000    0.00000   100%     -    0s
     0     0    0.00000    0   39  247.00000    0.00000   100%     -    0s
H    0     0                     245.0000000    0.00000   100%     -    0s
H    0     0                     228.0000000    0.00000   100%     -    0s
     0     0    0.00000    0   43  228.00000    0.00000   100%     -    0s
H    0     0                     187.0000000    0.00000   100%     -    0s
     0     0    0.00000    0   42  187.00000    0.00000   100%     -    0s
     0     0    0.00000    0   53  187.00000    0.00000   100%     -    0s
     0     0    0.00000    0   53  187.00000    0.00000   100%     -    0s
     0     0    0.00000    0   52  187.00000    0.00000   100%     -    0s
     0     0    0.00000    0   52  187.00000    0.00000   100%     -    0s
H    0     0                     171.0000000    0.00000   100%     -    0s
     0     2    0.00000    0   52  171.00000    0.00000   100%     -    0s

Cutting planes:
  Inf proof: 13
  Zero half: 27
  RLT: 23
  BQP: 25

Explored 576 nodes (8341 simplex iterations) in 0.43 seconds (0.29 work units)
Thread count was 1 (of 56 available processors)

Solution count 6: 171 187 228 ... 413

Optimal solution found (tolerance 1.00e-04)
Best objective 1.710000000000e+02, best bound 1.710000000000e+02, gap 0.0000%
171.0
