Set parameter Username
Set parameter LicenseID to value 2589207
Academic license - for non-commercial use only - expires 2025-11-23
Set parameter Threads to value 1
Set parameter Method to value 4
Gurobi Optimizer version 11.0.0 build v11.0.0rc2 (linux64 - "Red Hat Enterprise Linux 9.4 (Plow)")

CPU model: Intel(R) Xeon(R) CPU E5-2690 v4 @ 2.60GHz, instruction set [SSE2|AVX|AVX2]
Thread count: 28 physical cores, 56 logical processors, using up to 1 threads

Optimize a model with 985 rows, 256 columns and 2961 nonzeros
Model fingerprint: 0x42e54b4b
Variable types: 160 continuous, 96 integer (96 binary)
Coefficient statistics:
  Matrix range     [1e+00, 1e+00]
  Objective range  [8e+00, 6e+01]
  Bounds range     [1e+00, 1e+00]
  RHS range        [1e+00, 2e+00]
Found heuristic solution: objective 321.0000000
Presolve removed 237 rows and 61 columns
Presolve time: 0.00s
Presolved: 748 rows, 195 columns, 2148 nonzeros
Variable types: 0 continuous, 195 integer (195 binary)

Root relaxation: objective 0.000000e+00, 125 iterations, 0.00 seconds (0.00 work units)

    Nodes    |    Current Node    |     Objective Bounds      |     Work
 Expl Unexpl |  Obj  Depth IntInf | Incumbent    BestBd   Gap | It/Node Time

     0     0    0.00000    0   30  321.00000    0.00000   100%     -    0s
H    0     0                     308.0000000    0.00000   100%     -    0s
H    0     0                     299.0000000    0.00000   100%     -    0s
H    0     0                     284.0000000    0.00000   100%     -    0s
H    0     0                     267.0000000    0.00000   100%     -    0s
     0     0    0.00000    0   52  267.00000    0.00000   100%     -    0s
H    0     0                     253.0000000    0.00000   100%     -    0s
H    0     0                     245.0000000    0.00000   100%     -    0s
     0     0    0.00000    0   32  245.00000    0.00000   100%     -    0s
     0     0    0.00000    0   22  245.00000    0.00000   100%     -    0s
     0     0    0.00000    0   72  245.00000    0.00000   100%     -    0s
     0     0    0.00000    0   35  245.00000    0.00000   100%     -    0s
     0     0    0.00000    0   35  245.00000    0.00000   100%     -    0s
H    0     0                     187.0000000    0.00000   100%     -    0s
     0     2    0.00000    0   35  187.00000    0.00000   100%     -    0s
H   30    30                     171.0000000    0.00000   100%  45.5    0s

Cutting planes:
  Cover: 3
  MIR: 1
  Inf proof: 93
  Zero half: 27
  RLT: 34
  BQP: 42

Explored 2436 nodes (37083 simplex iterations) in 2.82 seconds (1.93 work units)
Thread count was 1 (of 56 available processors)

Solution count 9: 171 187 245 ... 321

Optimal solution found (tolerance 1.00e-04)
Best objective 1.710000000000e+02, best bound 1.710000000000e+02, gap 0.0000%
171.0
