Set parameter Username
Academic license - for non-commercial use only - expires 2025-08-28
Set parameter Threads to value 1
Set parameter Method to value 4
Gurobi Optimizer version 11.0.0 build v11.0.0rc2 (mac64[arm] - Darwin 23.5.0 23F79)

CPU model: Apple M3 Pro
Thread count: 12 physical cores, 12 logical processors, using up to 1 threads

Optimize a model with 3818 rows, 518 columns and 11486 nonzeros
Model fingerprint: 0x65e2e9d8
Variable types: 308 continuous, 210 integer (210 binary)
Coefficient statistics:
  Matrix range     [1e+00, 1e+00]
  Objective range  [1e+01, 3e+02]
  Bounds range     [1e+00, 1e+00]
  RHS range        [1e+00, 2e+00]
Presolve removed 646 rows and 91 columns
Presolve time: 0.01s
Presolved: 3172 rows, 427 columns, 9340 nonzeros
Variable types: 0 continuous, 427 integer (427 binary)
Found heuristic solution: objective 3905.0000000
Found heuristic solution: objective 3716.0000000

Root relaxation: objective 0.000000e+00, 218 iterations, 0.00 seconds (0.01 work units)

    Nodes    |    Current Node    |     Objective Bounds      |     Work
 Expl Unexpl |  Obj  Depth IntInf | Incumbent    BestBd   Gap | It/Node Time

     0     0    0.00000    0   42 3716.00000    0.00000   100%     -    0s
H    0     0                    1162.0000000    0.00000   100%     -    0s
H    0     0                    1152.0000000    0.00000   100%     -    0s
     0     0    0.00000    0  101 1152.00000    0.00000   100%     -    0s
     0     0    0.00000    0   84 1152.00000    0.00000   100%     -    0s
H    0     0                     865.0000000    0.00000   100%     -    0s
     0     0    0.00000    0   89  865.00000    0.00000   100%     -    0s
     0     0    0.00000    0  101  865.00000    0.00000   100%     -    0s
H    0     0                     825.0000000    0.00000   100%     -    0s
     0     0    0.00000    0   94  825.00000    0.00000   100%     -    0s
     0     0    0.00000    0   90  825.00000    0.00000   100%     -    0s
H    0     0                     776.0000000    0.00000   100%     -    0s
H    0     0                     739.0000000    0.00000   100%     -    0s
     0     0    0.00000    0   78  739.00000    0.00000   100%     -    0s
     0     0    0.00000    0  123  739.00000    0.00000   100%     -    0s
     0     0    0.00000    0  123  739.00000    0.00000   100%     -    0s
H    0     0                     702.0000000    0.00000   100%     -    0s
H    0     0                     687.0000000    0.00000   100%     -    0s
     0     2    0.00000    0   95  687.00000    0.00000   100%     -    0s
H  227   159                     654.0000000   11.00000  98.3%  60.1    1s
H  260   192                     647.0000000   11.00000  98.3%  68.0    1s
H  274   202                     616.0000000   11.00000  98.2%  66.4    1s
H  279   203                     588.0000000   11.00000  98.1%  65.9    1s
H  287   200                     576.0000000   11.00000  98.1%  64.5    1s
H  326   191                     496.0000000   11.00000  97.8%  62.3    1s
*  327   190              23     491.0000000   11.00000  97.8%  62.2    1s
H  328   182                     472.0000000   11.00000  97.7%  62.0    1s
H  339   173                     444.0000000   11.00000  97.5%  60.4    1s
H  437   232                     441.0000000   11.00000  97.5%  60.8    2s
H  471   245                     417.0000000   11.00000  97.4%  60.4    2s
  1085   477  338.33333   31   72  417.00000   23.00000  94.5%  53.7    5s
  3164  1227  143.60000   35   91  417.00000   83.62500  79.9%  36.6   10s
  5626  2355  296.00000   34   43  417.00000  110.33333  73.5%  32.3   15s
  7851  3221  325.00000   37   71  417.00000  124.75000  70.1%  32.1   20s
 10142  4009  240.00000   33  113  417.00000  135.00000  67.6%  32.6   25s
 10219  4037  365.75000   38  143  417.00000  135.00000  67.6%  32.5   30s
 11101  4321  281.00000   54   52  417.00000  135.00000  67.6%  34.6   35s
 12688  4584  359.50000   46   65  417.00000  135.00000  67.6%  35.4   40s
 14592  4749     cutoff   51       417.00000  135.00000  67.6%  35.6   45s
 16858  5062 infeasible   40       417.00000  135.00000  67.6%  35.3   50s
 19120  5308  387.95062   49   79  417.00000  142.75000  65.8%  34.9   55s
 21434  5511  391.00000   59   37  417.00000  151.50000  63.7%  34.6   60s
 23878  6151  219.77778   44   97  417.00000  161.50000  61.3%  34.5   65s
 26244  7110  181.00000   39   67  417.00000  167.84545  59.7%  34.2   70s
 28791  8131  284.00000   44   63  417.00000  174.50000  58.2%  33.9   75s
 31374  9040  368.50000   51   94  417.00000  180.00000  56.8%  33.6   80s
 33984  9958  255.00000   48   74  417.00000  186.00000  55.4%  33.3   85s
 36348 10730     cutoff   58       417.00000  190.21429  54.4%  33.2   90s
 38875 11624  380.83333   56   99  417.00000  195.60000  53.1%  33.0   95s
 41353 12444  409.25000   53   60  417.00000  198.50000  52.4%  32.9  100s
 43915 13257  372.33333   50   55  417.00000  202.57143  51.4%  32.7  105s
 46489 14010  216.00000   45   66  417.00000  206.00000  50.6%  32.6  110s
 48953 14804  296.00000   46   84  417.00000  208.87500  49.9%  32.5  115s
 51255 15422  214.66667   42   90  417.00000  211.71429  49.2%  32.5  120s
 53610 16136  395.66667   45   80  417.00000  214.25000  48.6%  32.4  125s
 56217 16898  231.00000   48   83  417.00000  216.50000  48.1%  32.2  130s
 58874 17648  244.25926   47  102  417.00000  219.50000  47.4%  32.1  135s
 61275 18287  393.66667   48   80  417.00000  222.00000  46.8%  32.0  140s
 63761 18913  317.44872   49  108  417.00000  224.20000  46.2%  31.9  145s
 66437 19685  389.00000   62   39  417.00000  227.00000  45.6%  31.8  150s
 68968 20303  304.87500   47   97  417.00000  229.25000  45.0%  31.8  155s
 71422 20911  320.12500   48   67  417.00000  231.33333  44.5%  31.8  160s
 73908 21518  308.00000   45   99  417.00000  233.25000  44.1%  31.7  165s
 76336 22069  276.00000   48   50  417.00000  235.31319  43.6%  31.7  170s
 78915 22798  378.25000   58   57  417.00000  237.25000  43.1%  31.6  175s
 81464 23398  295.50000   57   88  417.00000  239.00000  42.7%  31.6  180s
 83789 23952  362.60000   58  119  417.00000  240.50000  42.3%  31.5  185s
 86373 24487 infeasible   55       417.00000  242.50000  41.8%  31.5  190s
 88997 25186  386.32000   50   66  417.00000  244.00000  41.5%  31.4  195s
 91454 25749  317.00000   47   77  417.00000  245.50000  41.1%  31.4  200s
 94070 26327  341.48571   54   63  417.00000  247.00000  40.8%  31.3  205s
 96511 26882  267.00000   52   52  417.00000  248.33333  40.4%  31.2  210s
 99113 27509  376.80808   46  107  417.00000  249.88235  40.1%  31.2  215s
 101777 28077  360.04082   55   80  417.00000  251.25000  39.7%  31.1  220s
 104355 28652  307.28571   44  117  417.00000  252.75000  39.4%  31.0  225s
 106984 29268  314.00000   51   88  417.00000  254.00000  39.1%  31.0  230s
 109601 29804     cutoff   60       417.00000  255.22727  38.8%  31.0  235s
 112341 30375  281.39583   48  115  417.00000  256.75000  38.4%  30.9  240s
 114901 30976  267.83333   43   90  417.00000  257.86667  38.2%  30.9  245s
 117618 31474  363.00000   46   68  417.00000  259.00000  37.9%  30.8  250s
 120220 31951  333.20000   60   93  417.00000  260.50000  37.5%  30.8  255s
 122959 32548  380.53846   58   54  417.00000  262.00000  37.2%  30.7  260s
 125502 33022 infeasible   54       417.00000  263.00000  36.9%  30.7  265s
 128078 33494  412.50000   55   59  417.00000  264.50000  36.6%  30.6  270s
 130727 33959     cutoff   61       417.00000  265.75000  36.3%  30.6  275s
 133409 34465     cutoff   59       417.00000  266.66667  36.1%  30.5  280s
 136016 34850  357.00000   49  117  417.00000  267.78571  35.8%  30.5  285s
 138809 35426  358.00000   58   82  417.00000  269.00000  35.5%  30.4  290s
 141466 35890  328.50000   53   96  417.00000  270.00000  35.3%  30.3  295s
 144320 36443  356.00000   56   36  417.00000  271.00000  35.0%  30.3  300s
 147021 36948  331.15000   59  122  417.00000  272.00000  34.8%  30.2  305s
 149797 37495     cutoff   64       417.00000  273.00000  34.5%  30.2  310s
 152508 37949  300.00000   56   82  417.00000  274.00000  34.3%  30.1  315s
 155268 38405  309.00000   52  103  417.00000  275.08333  34.0%  30.1  320s
 158116 38851  327.50000   51   86  417.00000  276.15000  33.8%  30.0  325s
 160956 39258  319.50000   46   61  417.00000  277.41270  33.5%  29.9  330s
 163708 39668  370.09524   53  102  417.00000  278.37500  33.2%  29.9  335s
 166590 40123  407.60000   64   24  417.00000  279.25000  33.0%  29.8  340s
 169294 40491  296.80952   53   92  417.00000  280.25000  32.8%  29.8  345s
 171803 40926  389.00000   49   38  417.00000  281.00000  32.6%  29.7  350s
 174773 41283  402.80000   42   80  417.00000  282.00000  32.4%  29.7  355s
 177646 41709     cutoff   45       417.00000  283.00000  32.1%  29.6  360s
 180514 42155  365.50000   39   50  417.00000  284.00000  31.9%  29.6  365s
 183344 42558  407.00000   64   63  417.00000  284.80000  31.7%  29.5  370s
 186215 42950  336.50000   41  111  417.00000  285.83333  31.5%  29.5  375s
 188940 43306  287.72143   50  134  417.00000  286.55385  31.3%  29.5  380s
 191743 43615  383.00000   46   46  417.00000  287.50000  31.1%  29.4  385s
 194641 44024  354.12500   45   98  417.00000  288.50000  30.8%  29.4  390s
 197634 44476  401.41667   60  106  417.00000  289.33333  30.6%  29.3  395s
 200561 44827     cutoff   53       417.00000  290.00000  30.5%  29.3  400s
 203421 45166  291.00000   53   74  417.00000  291.00000  30.2%  29.2  405s
 206134 45530  391.85000   60   46  417.00000  291.75000  30.0%  29.2  410s
 209037 45851     cutoff   50       417.00000  292.50000  29.9%  29.1  415s
 212017 46186  415.66667   54  101  417.00000  293.25000  29.7%  29.1  420s
 214950 46474     cutoff   55       417.00000  294.10000  29.5%  29.1  425s
 217948 46834  320.00000   53   72  417.00000  295.00000  29.3%  29.0  430s
 220958 47212  367.70000   51   99  417.00000  295.80000  29.1%  29.0  435s
 223880 47481  319.00000   51   73  417.00000  296.50000  28.9%  28.9  440s
 226819 47769     cutoff   65       417.00000  297.50000  28.7%  28.9  445s
 229652 48027  351.20000   54   88  417.00000  298.12500  28.5%  28.8  450s
 232505 48339  390.84286   45  109  417.00000  299.00000  28.3%  28.8  455s
 235540 48654  367.93590   52  122  417.00000  299.75000  28.1%  28.7  460s
 238513 48961  367.82222   52   91  417.00000  300.50000  27.9%  28.7  465s
 241575 49318  334.66667   51   78  417.00000  301.25000  27.8%  28.6  470s
 244547 49568  377.00000   61   78  417.00000  302.00000  27.6%  28.6  475s
 247661 49824     cutoff   50       417.00000  303.00000  27.3%  28.5  480s
 250616 49981  392.00000   53   58  417.00000  303.71429  27.2%  28.5  485s
 253694 50238  402.50000   59   33  417.00000  304.50000  27.0%  28.5  490s
 256683 50499  389.40000   59   56  417.00000  305.13333  26.8%  28.4  495s
 259768 50618     cutoff   47       417.00000  306.00000  26.6%  28.4  500s
 262701 50759  390.00000   62   37  417.00000  306.90000  26.4%  28.4  505s
 265740 50899  337.25000   49   79  417.00000  307.50000  26.3%  28.3  510s
 268698 51113  382.20122   50  129  417.00000  308.30952  26.1%  28.3  515s
 271684 51382  376.00000   59   75  417.00000  309.00000  25.9%  28.2  520s
 274796 51584 infeasible   47       417.00000  310.00000  25.7%  28.2  525s
 277809 51756  352.80000   58   47  417.00000  310.50000  25.5%  28.1  530s
 280957 51943  334.80000   48   92  417.00000  311.40000  25.3%  28.1  535s
 284075 52103  341.22222   54  126  417.00000  312.00000  25.2%  28.0  540s
 287118 52208     cutoff   60       417.00000  313.00000  24.9%  28.0  545s
 290146 52324     cutoff   50       417.00000  313.52174  24.8%  28.0  550s
 293359 52523  380.28571   52   75  417.00000  314.18750  24.7%  27.9  555s
 296595 52622  401.61111   47   92  417.00000  315.00000  24.5%  27.9  560s
 299739 52723 infeasible   51       417.00000  315.70513  24.3%  27.8  565s
 302931 53002  342.00000   52   68  417.00000  316.00000  24.2%  27.8  570s
 306119 53135  376.00000   54   67  417.00000  317.00000  24.0%  27.7  575s
 309148 53265  413.33333   49   21  417.00000  317.50000  23.9%  27.7  580s
 312277 53344 infeasible   51       417.00000  318.00000  23.7%  27.6  585s
 315527 53435  374.50000   65   65  417.00000  319.00000  23.5%  27.6  590s
 318734 53520  373.25000   50   40  417.00000  319.50000  23.4%  27.6  595s
 321897 53616 infeasible   55       417.00000  320.00000  23.3%  27.5  600s
 325051 53694  351.87500   53  101  417.00000  320.83333  23.1%  27.5  605s
 328162 53738  376.25000   50   48  417.00000  321.33333  22.9%  27.4  610s
 331336 53780  352.83333   58   75  417.00000  322.00000  22.8%  27.4  615s
 334327 53838     cutoff   50       417.00000  322.64286  22.6%  27.3  620s
 337306 53800 infeasible   46       417.00000  323.18750  22.5%  27.3  625s
 340471 53863  359.25806   58   96  417.00000  324.00000  22.3%  27.2  630s
 343688 53892  405.66667   57   17  417.00000  324.50000  22.2%  27.2  635s
 346983 53836 infeasible   62       417.00000  325.00000  22.1%  27.2  640s
 349725 53847  374.35417   68  106  417.00000  325.70744  21.9%  27.1  645s
 352929 53844  380.59524   58  113  417.00000  326.33333  21.7%  27.1  650s
 356314 53783     cutoff   52       417.00000  327.00000  21.6%  27.1  655s
 359345 53756  364.00000   51   56  417.00000  327.50000  21.5%  27.0  660s
 362430 53801  364.00000   58   48  417.00000  328.00000  21.3%  27.0  665s
 365614 53821  395.65278   63   81  417.00000  328.66667  21.2%  26.9  670s
 369044 53747  397.85714   57   62  417.00000  329.25000  21.0%  26.9  675s
 372004 53679     cutoff   48       417.00000  330.00000  20.9%  26.9  680s
 374710 53651  375.20000   70   48  417.00000  330.40000  20.8%  26.8  685s
 377898 53615 infeasible   56       417.00000  331.00000  20.6%  26.8  690s
 381114 53524 infeasible   59       417.00000  331.66667  20.5%  26.7  695s
 384203 53544     cutoff   50       417.00000  332.00000  20.4%  26.7  700s
 387274 53449  350.07143   52   44  417.00000  332.90000  20.2%  26.7  705s
 389992 53323  387.00000   56   56  417.00000  333.33333  20.1%  26.6  710s
 392822 53231  350.04167   51   64  417.00000  334.00000  19.9%  26.6  715s
 396030 53080  383.50000   49   61  417.00000  334.50000  19.8%  26.6  720s
 399275 52916  391.00000   61   75  417.00000  335.20833  19.6%  26.5  725s
 402613 52704     cutoff   50       417.00000  336.00000  19.4%  26.5  730s
 405815 52465  402.75000   61   62  417.00000  336.66667  19.3%  26.5  735s
 409235 52217  398.48701   53  158  417.00000  337.40000  19.1%  26.4  740s
 412587 52006     cutoff   49       417.00000  338.00000  18.9%  26.4  745s
 416050 51721  396.33333   51   41  417.00000  339.00000  18.7%  26.3  750s
 419274 51444     cutoff   51       417.00000  339.50000  18.6%  26.3  755s
 422402 51309     cutoff   53       417.00000  340.00000  18.5%  26.3  760s
 425749 50969  401.89286   66  106  417.00000  340.61111  18.3%  26.2  765s
 429086 50675  373.83333   63   65  417.00000  341.25000  18.2%  26.2  770s
 432469 50449  395.66667   55   51  417.00000  342.00000  18.0%  26.2  775s
 435823 50123  361.83333   55   66  417.00000  342.66667  17.8%  26.1  780s
 439190 49766  412.16667   62   44  417.00000  343.22143  17.7%  26.1  785s
 442635 49456  362.75000   65   64  417.00000  344.00000  17.5%  26.1  790s
 445907 49157  391.50000   60   91  417.00000  344.57500  17.4%  26.0  795s
 449243 48843  402.13889   67  102  417.00000  345.11538  17.2%  26.0  800s
 452554 48458  368.33333   61   67  417.00000  346.00000  17.0%  26.0  805s
 455978 48031  346.50000   64   85  417.00000  346.50000  16.9%  25.9  810s
 459301 47569  398.01639   57  147  417.00000  347.11111  16.8%  25.9  815s
 462474 47229  399.27778   60   99  417.00000  348.00000  16.5%  25.9  820s
 465851 46803  409.75000   65   58  417.00000  348.60000  16.4%  25.8  825s
 469274 46355  413.00000   70   42  417.00000  349.25000  16.2%  25.8  830s
 472709 45968  404.00000   62   51  417.00000  350.00000  16.1%  25.8  835s
 476164 45486     cutoff   59       417.00000  350.87500  15.9%  25.7  840s
 479639 44989  382.25000   64   48  417.00000  351.50000  15.7%  25.7  845s
 483126 44397     cutoff   63       417.00000  352.25000  15.5%  25.7  850s
 486663 43887  394.00000   67   30  417.00000  353.00000  15.3%  25.6  855s
 490179 43271  404.20833   64   41  417.00000  353.93137  15.1%  25.6  860s
 493504 42661  389.34091   52   86  417.00000  354.52381  15.0%  25.5  865s
 496929 42101  396.47884   57   84  417.00000  355.39683  14.8%  25.5  870s
 500429 41475  392.25000   71   43  417.00000  356.00000  14.6%  25.5  875s
 503636 40834 infeasible   49       417.00000  357.00000  14.4%  25.4  880s
 507124 40160  403.51429   56   51  417.00000  357.73077  14.2%  25.4  885s
 510543 39510  369.25000   56   64  417.00000  358.40000  14.1%  25.4  890s
 514139 38786     cutoff   58       417.00000  359.00000  13.9%  25.3  895s
 517631 38035  409.05357   56   64  417.00000  360.00000  13.7%  25.3  900s
 521237 37238  382.62500   59   76  417.00000  361.00000  13.4%  25.3  905s
 524862 36332  407.50000   45   61  417.00000  362.00000  13.2%  25.2  910s
 528385 35483 infeasible   54       417.00000  363.00000  12.9%  25.2  915s
 531883 34575  395.00000   52   76  417.00000  363.77778  12.8%  25.1  920s
 535496 33661     cutoff   54       417.00000  364.66667  12.5%  25.1  925s
 539060 32676  383.57143   53   55  417.00000  365.66667  12.3%  25.1  930s
 542736 31620  393.75000   70   70  417.00000  366.75000  12.1%  25.0  935s
 546333 30599     cutoff   53       417.00000  367.75093  11.8%  25.0  940s
 550020 29573  383.37222   52   88  417.00000  368.82857  11.6%  24.9  945s
 553368 28512     cutoff   50       417.00000  370.00000  11.3%  24.9  950s
 557128 27291     cutoff   59       417.00000  371.00000  11.0%  24.8  955s
 560759 26192  392.59933   54  120  417.00000  372.05556  10.8%  24.8  960s
 564486 24872     cutoff   47       417.00000  373.50000  10.4%  24.8  965s
 568229 23484     cutoff   59       417.00000  375.00000  10.1%  24.7  970s
 572013 22074  393.33333   59   62  417.00000  376.33333  9.75%  24.7  975s
 575865 20560     cutoff   63       417.00000  378.00000  9.35%  24.6  980s
 579721 19062     cutoff   53       417.00000  379.50000  8.99%  24.6  985s
 583533 17397     cutoff   53       417.00000  381.25000  8.57%  24.5  990s
 587459 15560     cutoff   61       417.00000  383.16667  8.11%  24.5  995s
 591484 13595  411.33333   57   33  417.00000  385.33333  7.59%  24.4 1000s
 595258 11719  396.33333   53   44  417.00000  387.66667  7.03%  24.3 1005s
 599297  9501  394.25000   53   38  417.00000  390.50000  6.35%  24.3 1010s
 603519  6944     cutoff   60       417.00000  394.25000  5.46%  24.2 1015s
 607814  4060     cutoff   68       417.00000  400.00000  4.08%  24.1 1020s
 612145   664  415.20000   53   10  417.00000  412.00000  1.20%  24.0 1025s

Cutting planes:
  Gomory: 8
  Cover: 1
  Implied bound: 5
  MIR: 7
  Flow cover: 18
  Zero half: 34
  RLT: 27
  BQP: 20

Explored 612834 nodes (14699971 simplex iterations) in 1026.02 seconds (1287.09 work units)
Thread count was 1 (of 12 available processors)

Solution count 10: 417 417 441 ... 616

Optimal solution found (tolerance 1.00e-04)
Best objective 4.170000000000e+02, best bound 4.170000000000e+02, gap 0.0000%
417.0
