Set parameter Username
Academic license - for non-commercial use only - expires 2025-08-28
Set parameter Threads to value 1
Set parameter Method to value 4
Gurobi Optimizer version 11.0.0 build v11.0.0rc2 (mac64[arm] - Darwin 23.5.0 23F79)

CPU model: Apple M3 Pro
Thread count: 12 physical cores, 12 logical processors, using up to 1 threads

Optimize a model with 3818 rows, 518 columns and 11486 nonzeros
Model fingerprint: 0x9c291e92
Variable types: 308 continuous, 210 integer (210 binary)
Coefficient statistics:
  Matrix range     [1e+00, 1e+00]
  Objective range  [1e+01, 3e+02]
  Bounds range     [1e+00, 1e+00]
  RHS range        [1e+00, 2e+00]
Presolve removed 646 rows and 91 columns
Presolve time: 0.01s
Presolved: 3172 rows, 427 columns, 9340 nonzeros
Variable types: 0 continuous, 427 integer (427 binary)
Found heuristic solution: objective 3898.0000000
Found heuristic solution: objective 3730.0000000

Root relaxation: objective 0.000000e+00, 218 iterations, 0.00 seconds (0.01 work units)

    Nodes    |    Current Node    |     Objective Bounds      |     Work
 Expl Unexpl |  Obj  Depth IntInf | Incumbent    BestBd   Gap | It/Node Time

     0     0    0.00000    0   42 3730.00000    0.00000   100%     -    0s
H    0     0                    1169.0000000    0.00000   100%     -    0s
H    0     0                    1159.0000000    0.00000   100%     -    0s
     0     0    0.00000    0  101 1159.00000    0.00000   100%     -    0s
H    0     0                     971.0000000    0.00000   100%     -    0s
H    0     0                     727.0000000    0.00000   100%     -    0s
     0     0    0.00000    0   97  727.00000    0.00000   100%     -    0s
H    0     0                     704.0000000    0.00000   100%     -    0s
H    0     0                     689.0000000    0.00000   100%     -    0s
     0     0    0.00000    0   93  689.00000    0.00000   100%     -    0s
     0     0    0.00000    0  114  689.00000    0.00000   100%     -    0s
H    0     0                     682.0000000    0.00000   100%     -    0s
     0     0    0.00000    0  107  682.00000    0.00000   100%     -    0s
     0     0    0.00000    0  104  682.00000    0.00000   100%     -    0s
     0     0    0.00000    0  108  682.00000    0.00000   100%     -    0s
     0     0    0.00000    0   94  682.00000    0.00000   100%     -    0s
     0     0    0.00000    0   94  682.00000    0.00000   100%     -    0s
     0     2    0.00000    0   84  682.00000    0.00000   100%     -    0s
H   26    26                     679.0000000    0.00000   100%  63.3    0s
H   54    54                     520.0000000    0.00000   100%  56.7    0s
H   78    64                     508.0000000    0.00000   100%  61.9    0s
H  158   124                     496.0000000    0.00000   100%  63.9    0s
H  162   124                     484.0000000    0.00000   100%  63.8    0s
H  191   138                     460.0000000    0.00000   100%  62.5    1s
H  210   155                     448.0000000    0.00000   100%  61.2    1s
H  236   172                     436.0000000    0.00000   100%  61.1    1s
H 1090   514                     427.0000000  117.00000  72.6%  53.8    4s
  1216   568  232.00000   29   52  427.00000  120.33333  71.8%  51.9    5s
H 1417   575                     424.0000000  129.00000  69.6%  49.7    5s
  2729  1003  278.75000   33   68  424.00000  181.00000  57.3%  40.2   10s
  4489  1616  340.00000   31   31  424.00000  213.00000  49.8%  35.6   15s
  6457  2165  320.20000   26   65  424.00000  237.08333  44.1%  33.6   20s
  8517  2748  383.03333   32   67  424.00000  252.00000  40.6%  32.3   25s
 10202  3133  376.76190   36  131  424.00000  263.00000  38.0%  31.8   34s
 10645  3241  343.98000   27   91  424.00000  265.00000  37.5%  31.7   35s
 12695  3593  346.00265   34  147  424.00000  278.00000  34.4%  32.8   40s
 14678  3903  381.87500   40   77  424.00000  288.00000  32.1%  33.7   45s
 16808  4148  390.00000   33   35  424.00000  294.90000  30.4%  34.2   50s
 18972  4395  381.32143   35   95  424.00000  303.00000  28.5%  34.7   55s
 20974  4521  384.64286   31  105  424.00000  309.00000  27.1%  35.1   60s
 23199  4538  338.50000   26  138  424.00000  316.50000  25.4%  35.3   65s
 25498  4553     cutoff   38       424.00000  322.50000  23.9%  35.4   70s
 27966  4482  344.80000   36   96  424.00000  330.00000  22.2%  35.4   75s
 30385  4338     cutoff   33       424.00000  337.00000  20.5%  35.5   80s
 32795  4086  367.44444   35   86  424.00000  344.00000  18.9%  35.5   85s
 35160  3709  392.11765   38   96  424.00000  352.00000  17.0%  35.6   90s
 37634  3184     cutoff   31       424.00000  360.42857  15.0%  35.5   95s
 40185  2360  377.65385   38   58  424.00000  372.48611  12.1%  35.4  100s
 43021  1060 infeasible   36       424.00000  390.52381  7.90%  35.0  105s

Cutting planes:
  Gomory: 2
  Implied bound: 6
  Flow cover: 22
  Zero half: 46
  RLT: 39
  BQP: 25

Explored 44602 nodes (1541384 simplex iterations) in 107.53 seconds (134.37 work units)
Thread count was 1 (of 12 available processors)

Solution count 10: 424 424 427 ... 520

Optimal solution found (tolerance 1.00e-04)
Best objective 4.240000000000e+02, best bound 4.240000000000e+02, gap 0.0000%
424.0
