Set parameter Username
Academic license - for non-commercial use only - expires 2025-08-28
Set parameter Threads to value 1
Set parameter Method to value 4
Gurobi Optimizer version 11.0.0 build v11.0.0rc2 (mac64[arm] - Darwin 23.5.0 23F79)

CPU model: Apple M3 Pro
Thread count: 12 physical cores, 12 logical processors, using up to 1 threads

Optimize a model with 3818 rows, 518 columns and 11486 nonzeros
Model fingerprint: 0xaeb90c73
Variable types: 308 continuous, 210 integer (210 binary)
Coefficient statistics:
  Matrix range     [1e+00, 1e+00]
  Objective range  [1e+01, 3e+02]
  Bounds range     [1e+00, 1e+00]
  RHS range        [1e+00, 2e+00]
Presolve removed 646 rows and 91 columns
Presolve time: 0.01s
Presolved: 3172 rows, 427 columns, 9340 nonzeros
Variable types: 0 continuous, 427 integer (427 binary)
Found heuristic solution: objective 3891.0000000
Found heuristic solution: objective 3730.0000000

Root relaxation: objective 0.000000e+00, 218 iterations, 0.00 seconds (0.01 work units)

    Nodes    |    Current Node    |     Objective Bounds      |     Work
 Expl Unexpl |  Obj  Depth IntInf | Incumbent    BestBd   Gap | It/Node Time

     0     0    0.00000    0   42 3730.00000    0.00000   100%     -    0s
H    0     0                    1169.0000000    0.00000   100%     -    0s
H    0     0                    1159.0000000    0.00000   100%     -    0s
     0     0    0.00000    0  101 1159.00000    0.00000   100%     -    0s
H    0     0                    1006.0000000    0.00000   100%     -    0s
H    0     0                     850.0000000    0.00000   100%     -    0s
     0     0    0.00000    0  114  850.00000    0.00000   100%     -    0s
     0     0    0.00000    0  105  850.00000    0.00000   100%     -    0s
     0     0    0.00000    0   98  850.00000    0.00000   100%     -    0s
H    0     0                     811.0000000    0.00000   100%     -    0s
     0     0    0.00000    0   97  811.00000    0.00000   100%     -    0s
     0     0    0.00000    0   89  811.00000    0.00000   100%     -    0s
H    0     0                     782.0000000    0.00000   100%     -    0s
     0     0    0.00000    0  108  782.00000    0.00000   100%     -    0s
     0     0    0.00000    0  139  782.00000    0.00000   100%     -    0s
     0     0    0.00000    0  139  782.00000    0.00000   100%     -    0s
H    0     0                     772.0000000    0.00000   100%     -    0s
     0     2    0.00000    0  135  772.00000    0.00000   100%     -    0s
H  104    96                     760.0000000    0.00000   100%  67.1    0s
H  108    89                     530.0000000    0.00000   100%  66.0    0s
*  114    93              31     512.0000000    0.00000   100%  64.5    1s
H  130    96                     500.0000000    0.00000   100%  62.1    1s
H  135    99                     473.0000000    0.00000   100%  63.1    1s
H  156   106                     463.0000000    0.00000   100%  63.4    1s
H  182   128                     439.0000000    0.00000   100%  66.0    1s
H  243   169                     427.0000000    3.00000  99.3%  59.5    1s
   909   436  116.37500   28   97  427.00000   22.91667  94.6%  51.1    5s
H 1285   494                     424.0000000   54.00000  87.3%  48.0    6s
  2252   691  149.80000   22   78  424.00000  106.10000  75.0%  40.8   10s
  3973  1274  358.66667   24   77  424.00000  175.25000  58.7%  36.5   15s
  5864  1769  308.33333   31   83  424.00000  218.25000  48.5%  34.3   20s
  7571  2262  350.00000   29   90  424.00000  235.33333  44.5%  33.5   25s
  9356  2702  420.33333   41   55  424.00000  248.00000  41.5%  32.9   30s
 10202  2882  399.00000   30   83  424.00000  253.70000  40.2%  32.7   38s
 10933  3022  322.00000   29   88  424.00000  257.00000  39.4%  32.7   40s
 12997  3409  333.23333   29  114  424.00000  268.33333  36.7%  33.7   45s
 14960  3657  414.26667   28  116  424.00000  277.75000  34.5%  34.5   50s
 16912  3902  296.50000   36   88  424.00000  286.00000  32.5%  35.4   55s
 19125  4066  355.00000   32   68  424.00000  295.76190  30.2%  35.8   60s
 21374  4150     cutoff   36       424.00000  304.00000  28.3%  36.0   65s
 23540  4177  389.33333   34   66  424.00000  312.58333  26.3%  36.6   70s
 25749  4109  418.14286   41   45  424.00000  319.77778  24.6%  36.8   75s
 28109  3923  374.00000   30   35  424.00000  327.83333  22.7%  36.8   80s
 30522  3728     cutoff   39       424.00000  334.32000  21.2%  36.8   85s
 32934  3411  367.00000   41   65  424.00000  342.00000  19.3%  36.6   90s
 35394  2989  397.22222   39   53  424.00000  350.00000  17.5%  36.6   95s
 37813  2431  394.00000   32   89  424.00000  360.28571  15.0%  36.5  100s
 40237  1636  402.00000   43   32  424.00000  373.00000  12.0%  36.3  105s
 43129   207     cutoff   40       424.00000  407.41837  3.91%  35.7  110s

Cutting planes:
  Gomory: 1
  Implied bound: 15
  Flow cover: 5
  Zero half: 39
  RLT: 41
  BQP: 32

Explored 43373 nodes (1545755 simplex iterations) in 110.32 seconds (133.17 work units)
Thread count was 1 (of 12 available processors)

Solution count 10: 424 424 427 ... 760

Optimal solution found (tolerance 1.00e-04)
Best objective 4.240000000000e+02, best bound 4.240000000000e+02, gap 0.0000%
424.0
