Set parameter Username
Academic license - for non-commercial use only - expires 2025-08-28
Set parameter Threads to value 1
Set parameter Method to value 4
Gurobi Optimizer version 11.0.0 build v11.0.0rc2 (mac64[arm] - Darwin 23.5.0 23F79)

CPU model: Apple M3 Pro
Thread count: 12 physical cores, 12 logical processors, using up to 1 threads

Optimize a model with 3818 rows, 518 columns and 11486 nonzeros
Model fingerprint: 0xffd9e4c2
Variable types: 308 continuous, 210 integer (210 binary)
Coefficient statistics:
  Matrix range     [1e+00, 1e+00]
  Objective range  [1e+01, 3e+02]
  Bounds range     [1e+00, 1e+00]
  RHS range        [1e+00, 2e+00]
Presolve removed 646 rows and 91 columns
Presolve time: 0.01s
Presolved: 3172 rows, 427 columns, 9340 nonzeros
Variable types: 0 continuous, 427 integer (427 binary)
Found heuristic solution: objective 3856.0000000
Found heuristic solution: objective 3737.0000000

Root relaxation: objective 0.000000e+00, 218 iterations, 0.01 seconds (0.01 work units)

    Nodes    |    Current Node    |     Objective Bounds      |     Work
 Expl Unexpl |  Obj  Depth IntInf | Incumbent    BestBd   Gap | It/Node Time

     0     0    0.00000    0   42 3737.00000    0.00000   100%     -    0s
H    0     0                    1175.0000000    0.00000   100%     -    0s
H    0     0                    1165.0000000    0.00000   100%     -    0s
     0     0    0.00000    0  101 1165.00000    0.00000   100%     -    0s
     0     0    0.00000    0   99 1165.00000    0.00000   100%     -    0s
H    0     0                     749.0000000    0.00000   100%     -    0s
     0     0    0.00000    0   85  749.00000    0.00000   100%     -    0s
     0     0    0.00000    0  110  749.00000    0.00000   100%     -    0s
H    0     0                     622.0000000    0.00000   100%     -    0s
     0     0    0.00000    0  105  622.00000    0.00000   100%     -    0s
     0     0    0.00000    0   84  622.00000    0.00000   100%     -    0s
     0     0    0.00000    0   98  622.00000    0.00000   100%     -    0s
     0     0    0.00000    0  121  622.00000    0.00000   100%     -    0s
     0     0    0.00000    0   66  622.00000    0.00000   100%     -    0s
H    0     0                     609.0000000    0.00000   100%     -    0s
H    0     0                     585.0000000    0.00000   100%     -    0s
     0     2    0.00000    0   66  585.00000    0.00000   100%     -    0s
H   27    25                     570.0000000    0.00000   100%  60.0    0s
H   54    35                     502.0000000    0.00000   100%  53.7    0s
H  238   140                     489.0000000    6.50000  98.7%  45.5    1s
H  244   143                     446.0000000    6.50000  98.5%  44.9    1s
H  503   295                     434.0000000   17.00000  96.1%  45.8    2s
  1153   552  128.00000   26   68  434.00000   59.50000  86.3%  52.1    5s
  2814   865  280.75000   37   71  434.00000  162.00000  62.7%  41.4   10s
H 4785  1413                     431.0000000  202.50000  53.0%  36.5   14s
  4796  1412  352.00000   25   92  431.00000  203.00000  52.9%  36.6   15s
  7027  2078  295.91667   22  104  431.00000  229.75000  46.7%  34.1   20s
  9115  2584  396.90000   39   87  431.00000  251.00000  41.8%  33.1   25s
 10202  2820  376.23810   36   88  431.00000  261.42857  39.3%  32.6   32s
 11401  2932  283.00000   22   69  431.00000  273.00000  36.7%  32.6   35s
 13413  3037  349.00000   31  100  431.00000  291.10000  32.5%  32.4   40s
 15670  3168  344.00000   33   61  431.00000  307.00000  28.8%  32.6   45s
 17869  3218  389.00000   33   63  431.00000  320.37500  25.7%  32.7   50s
 20275  3131  382.00000   36   30  431.00000  333.00000  22.7%  32.4   55s
 22766  3051  388.83333   28  114  431.00000  344.00000  20.2%  32.2   60s
 25427  2774  375.05556   30  107  431.00000  355.00000  17.6%  31.8   65s
 28037  2468     cutoff   28       431.00000  366.00000  15.1%  31.5   70s
 30920  1818     cutoff   32       431.00000  380.11111  11.8%  31.0   75s
 34064   669  401.00000   27   67  431.00000  401.00000  6.96%  30.3   80s

Cutting planes:
  Gomory: 1
  Cover: 1
  Implied bound: 11
  MIR: 4
  Flow cover: 22
  Zero half: 36
  RLT: 16
  BQP: 15

Explored 35042 nodes (1052916 simplex iterations) in 81.40 seconds (100.24 work units)
Thread count was 1 (of 12 available processors)

Solution count 10: 431 431 434 ... 622

Optimal solution found (tolerance 1.00e-04)
Best objective 4.310000000000e+02, best bound 4.310000000000e+02, gap 0.0000%
431.0
