Set parameter Username
Academic license - for non-commercial use only - expires 2025-08-28
Set parameter Threads to value 1
Set parameter Method to value 4
Gurobi Optimizer version 11.0.0 build v11.0.0rc2 (mac64[arm] - Darwin 23.5.0 23F79)

CPU model: Apple M3 Pro
Thread count: 12 physical cores, 12 logical processors, using up to 1 threads

Optimize a model with 3818 rows, 518 columns and 11486 nonzeros
Model fingerprint: 0xa5e94826
Variable types: 308 continuous, 210 integer (210 binary)
Coefficient statistics:
  Matrix range     [1e+00, 1e+00]
  Objective range  [1e+01, 3e+02]
  Bounds range     [1e+00, 1e+00]
  RHS range        [1e+00, 2e+00]
Presolve removed 646 rows and 91 columns
Presolve time: 0.01s
Presolved: 3172 rows, 427 columns, 9340 nonzeros
Variable types: 0 continuous, 427 integer (427 binary)
Found heuristic solution: objective 3828.0000000
Found heuristic solution: objective 3737.0000000

Root relaxation: objective 0.000000e+00, 218 iterations, 0.00 seconds (0.01 work units)

    Nodes    |    Current Node    |     Objective Bounds      |     Work
 Expl Unexpl |  Obj  Depth IntInf | Incumbent    BestBd   Gap | It/Node Time

     0     0    0.00000    0   42 3737.00000    0.00000   100%     -    0s
H    0     0                    1175.0000000    0.00000   100%     -    0s
H    0     0                    1165.0000000    0.00000   100%     -    0s
     0     0    0.00000    0  100 1165.00000    0.00000   100%     -    0s
H    0     0                     762.0000000    0.00000   100%     -    0s
H    0     0                     604.0000000    0.00000   100%     -    0s
H    0     0                     580.0000000    0.00000   100%     -    0s
     0     0    0.00000    0  125  580.00000    0.00000   100%     -    0s
     0     0    0.00000    0  125  580.00000    0.00000   100%     -    0s
     0     0    0.00000    0  140  580.00000    0.00000   100%     -    0s
     0     0    0.00000    0  154  580.00000    0.00000   100%     -    0s
     0     0    0.00000    0   80  580.00000    0.00000   100%     -    0s
     0     0    0.00000    0   80  580.00000    0.00000   100%     -    0s
     0     2    0.00000    0   80  580.00000    0.00000   100%     -    0s
H  115    71                     552.0000000   12.00000  97.8%  77.6    0s
H  196   135                     522.0000000   12.00000  97.7%  81.3    1s
H  292   190                     520.0000000   12.00000  97.7%  68.7    1s
H  491   346                     507.0000000   16.33333  96.8%  67.5    2s
H  494   335                     449.0000000   16.33333  96.4%  67.5    2s
H  554   369                     437.0000000   16.33333  96.3%  67.2    2s
  1210   591  357.11111   36   47  437.00000  119.00000  72.8%  54.1    5s
H 1226   562                     434.0000000  119.00000  72.6%  53.6    5s
H 1438   620                     431.0000000  119.00000  72.4%  50.5    5s
  3148  1319  409.83333   41   68  431.00000  155.00000  64.0%  37.1   10s
  5219  2255  325.70000   31   91  431.00000  177.00000  58.9%  33.6   15s
  7523  3173  390.83333   40   46  431.00000  193.84211  55.0%  31.3   20s
  9920  3981  372.25000   27   51  431.00000  207.00000  52.0%  30.1   25s
 10203  4083  377.50000   34   80  431.00000  208.00000  51.7%  30.1   30s
 10343  4155  314.04675   43  111  431.00000  208.00000  51.7%  31.4   35s
 11305  4244  248.66667   45  109  431.00000  208.00000  51.7%  33.0   40s
 13116  4286  355.22222   51   95  431.00000  228.33333  47.0%  33.6   45s
 15112  4185  291.12500   38   70  431.00000  256.58333  40.5%  33.8   50s
 17597  3991  372.00000   51   94  431.00000  273.00000  36.7%  33.6   55s
 20019  3742  377.72603   49  109  431.00000  286.00000  33.6%  33.2   60s
 22357  3260 infeasible   57       431.00000  294.83333  31.6%  33.4   65s
 25031  3313  342.41667   53  117  431.00000  307.00000  28.8%  33.3   70s
 27546  3488  395.33333   46   84  431.00000  316.00000  26.7%  33.2   75s
 30205  3591     cutoff   55       431.00000  326.40000  24.3%  33.0   80s
 32814  3563     cutoff   47       431.00000  336.00000  22.0%  32.9   85s
 35559  3504  429.00000   48   54  431.00000  344.00000  20.2%  32.7   90s
 38507  3242  399.71111   47  139  431.00000  354.20000  17.8%  32.5   95s
 41457  2860     cutoff   56       431.00000  363.00000  15.8%  32.3  100s
 44465  2289     cutoff   58       431.00000  372.57143  13.6%  32.1  105s
 47575  1387  418.00000   52   54  431.00000  387.00000  10.2%  31.7  110s

Cutting planes:
  Gomory: 7
  Implied bound: 8
  MIR: 14
  Flow cover: 15
  Zero half: 39
  RLT: 24
  BQP: 11

Explored 50162 nodes (1563411 simplex iterations) in 113.75 seconds (140.59 work units)
Thread count was 1 (of 12 available processors)

Solution count 10: 431 431 434 ... 580

Optimal solution found (tolerance 1.00e-04)
Best objective 4.310000000000e+02, best bound 4.310000000000e+02, gap 0.0000%
431.0
