Set parameter Username
Academic license - for non-commercial use only - expires 2025-08-28
Set parameter Threads to value 1
Set parameter Method to value 4
Gurobi Optimizer version 11.0.0 build v11.0.0rc2 (mac64[arm] - Darwin 23.5.0 23F79)

CPU model: Apple M3 Pro
Thread count: 12 physical cores, 12 logical processors, using up to 1 threads

Optimize a model with 3818 rows, 518 columns and 11486 nonzeros
Model fingerprint: 0x6f43de6a
Variable types: 308 continuous, 210 integer (210 binary)
Coefficient statistics:
  Matrix range     [1e+00, 1e+00]
  Objective range  [1e+01, 3e+02]
  Bounds range     [1e+00, 1e+00]
  RHS range        [1e+00, 2e+00]
Presolve removed 646 rows and 91 columns
Presolve time: 0.01s
Presolved: 3172 rows, 427 columns, 9340 nonzeros
Variable types: 0 continuous, 427 integer (427 binary)
Found heuristic solution: objective 3842.0000000
Found heuristic solution: objective 3737.0000000

Root relaxation: objective 0.000000e+00, 218 iterations, 0.00 seconds (0.01 work units)

    Nodes    |    Current Node    |     Objective Bounds      |     Work
 Expl Unexpl |  Obj  Depth IntInf | Incumbent    BestBd   Gap | It/Node Time

     0     0    0.00000    0   42 3737.00000    0.00000   100%     -    0s
H    0     0                    1175.0000000    0.00000   100%     -    0s
H    0     0                    1165.0000000    0.00000   100%     -    0s
     0     0    0.00000    0  100 1165.00000    0.00000   100%     -    0s
H    0     0                     762.0000000    0.00000   100%     -    0s
H    0     0                     618.0000000    0.00000   100%     -    0s
H    0     0                     594.0000000    0.00000   100%     -    0s
     0     0    0.00000    0   92  594.00000    0.00000   100%     -    0s
H    0     0                     577.0000000    0.00000   100%     -    0s
     0     0    0.00000    0  103  577.00000    0.00000   100%     -    0s
     0     0    0.00000    0   76  577.00000    0.00000   100%     -    0s
H    0     0                     446.0000000    0.00000   100%     -    0s
     0     0    0.00000    0  108  446.00000    0.00000   100%     -    0s
     0     0    0.00000    0   65  446.00000    0.00000   100%     -    0s
     0     0    0.00000    0   74  446.00000    0.00000   100%     -    0s
     0     0    0.00000    0  111  446.00000    0.00000   100%     -    0s
     0     0    0.00000    0  110  446.00000    0.00000   100%     -    0s
H    0     0                     431.0000000    0.00000   100%     -    0s
     0     2    0.00000    0  110  431.00000    0.00000   100%     -    0s
  1136   523  196.25000   27   91  431.00000  139.42857  67.6%  50.5    5s
  2857   979  376.05882   35  138  431.00000  207.25000  51.9%  38.1   10s
  4812  1719  411.14286   39   69  431.00000  229.00000  46.9%  34.6   15s
  6863  2239  336.90000   36  103  431.00000  252.66667  41.4%  33.3   20s
  9002  2721  309.50000   35   78  431.00000  271.00000  37.1%  32.1   25s
 10202  2996 infeasible   37       431.00000  276.00000  36.0%  31.7   32s
 11279  3176 infeasible   38       431.00000  282.00000  34.6%  31.8   35s
 13409  3472  333.75000   27   75  431.00000  294.00000  31.8%  32.8   40s
 15625  3694     cutoff   30       431.00000  305.00000  29.2%  33.5   45s
 17872  3831     cutoff   41       431.00000  313.75000  27.2%  34.4   50s
 20309  3848 infeasible   37       431.00000  323.25000  25.0%  34.9   55s
 22594  3752 infeasible   37       431.00000  332.60000  22.8%  35.2   60s
 24879  3516  421.75000   39   81  431.00000  342.00000  20.6%  35.6   65s
 27155  3226     cutoff   40       431.00000  350.15789  18.8%  35.8   70s
 29522  2782  429.22222   33   96  431.00000  360.25000  16.4%  36.1   75s
 31850  2175     cutoff   36       431.00000  372.90000  13.5%  36.2   80s
 34335  1149     cutoff   36       431.00000  388.90000  9.77%  35.9   85s

Cutting planes:
  Gomory: 2
  Implied bound: 10
  Flow cover: 10
  Inf proof: 4
  Zero half: 43
  RLT: 43
  Relax-and-lift: 1
  BQP: 29

Explored 36084 nodes (1275297 simplex iterations) in 88.08 seconds (108.92 work units)
Thread count was 1 (of 12 available processors)

Solution count 10: 431 431 446 ... 3737

Optimal solution found (tolerance 1.00e-04)
Best objective 4.310000000000e+02, best bound 4.310000000000e+02, gap 0.0000%
431.0
