Set parameter Username
Academic license - for non-commercial use only - expires 2025-08-28
Set parameter Threads to value 1
Set parameter Method to value 4
Gurobi Optimizer version 11.0.0 build v11.0.0rc2 (mac64[arm] - Darwin 23.5.0 23F79)

CPU model: Apple M3 Pro
Thread count: 12 physical cores, 12 logical processors, using up to 1 threads

Optimize a model with 3818 rows, 518 columns and 11486 nonzeros
Model fingerprint: 0xffd9e4c2
Variable types: 308 continuous, 210 integer (210 binary)
Coefficient statistics:
  Matrix range     [1e+00, 1e+00]
  Objective range  [1e+01, 3e+02]
  Bounds range     [1e+00, 1e+00]
  RHS range        [1e+00, 2e+00]
Presolve removed 646 rows and 91 columns
Presolve time: 0.01s
Presolved: 3172 rows, 427 columns, 9340 nonzeros
Variable types: 0 continuous, 427 integer (427 binary)
Found heuristic solution: objective 3856.0000000
Found heuristic solution: objective 3737.0000000

Root relaxation: objective 0.000000e+00, 218 iterations, 0.00 seconds (0.01 work units)

    Nodes    |    Current Node    |     Objective Bounds      |     Work
 Expl Unexpl |  Obj  Depth IntInf | Incumbent    BestBd   Gap | It/Node Time

     0     0    0.00000    0   42 3737.00000    0.00000   100%     -    0s
H    0     0                    1175.0000000    0.00000   100%     -    0s
H    0     0                    1165.0000000    0.00000   100%     -    0s
     0     0    0.00000    0  101 1165.00000    0.00000   100%     -    0s
     0     0    0.00000    0   99 1165.00000    0.00000   100%     -    0s
H    0     0                     749.0000000    0.00000   100%     -    0s
     0     0    0.00000    0   85  749.00000    0.00000   100%     -    0s
     0     0    0.00000    0  110  749.00000    0.00000   100%     -    0s
H    0     0                     622.0000000    0.00000   100%     -    0s
     0     0    0.00000    0  105  622.00000    0.00000   100%     -    0s
     0     0    0.00000    0   84  622.00000    0.00000   100%     -    0s
     0     0    0.00000    0   98  622.00000    0.00000   100%     -    0s
     0     0    0.00000    0  121  622.00000    0.00000   100%     -    0s
     0     0    0.00000    0   66  622.00000    0.00000   100%     -    0s
H    0     0                     609.0000000    0.00000   100%     -    0s
H    0     0                     585.0000000    0.00000   100%     -    0s
     0     2    0.00000    0   66  585.00000    0.00000   100%     -    0s
H   27    25                     570.0000000    0.00000   100%  60.0    0s
H   54    35                     502.0000000    0.00000   100%  53.7    0s
H  238   140                     489.0000000    6.50000  98.7%  45.5    1s
H  244   143                     446.0000000    6.50000  98.5%  44.9    1s
H  503   295                     434.0000000   17.00000  96.1%  45.8    2s
  1137   551  352.50000   46   96  434.00000   57.00000  86.9%  52.1    5s
  2812   863  275.87500   36   80  434.00000  162.00000  62.7%  41.4   10s
H 4785  1413                     431.0000000  202.50000  53.0%  36.5   14s
  4796  1412  352.00000   25   92  431.00000  203.00000  52.9%  36.6   15s
  7019  2078  382.33333   29   54  431.00000  229.66667  46.7%  34.1   20s
  9125  2584  268.38889   30  125  431.00000  251.00000  41.8%  33.1   25s
 10202  2820  376.23810   36   88  431.00000  261.42857  39.3%  32.6   31s
 11504  2935  370.00000   33   64  431.00000  274.00000  36.4%  32.6   35s
 13542  3037  414.80000   38   75  431.00000  292.25000  32.2%  32.4   40s
 15846  3162  418.07692   33   75  431.00000  308.25000  28.5%  32.6   45s
 17998  3214  365.56522   37  141  431.00000  321.08333  25.5%  32.6   50s
 20445  3125  359.00000   40   59  431.00000  334.00000  22.5%  32.4   55s
 22932  3044     cutoff   38       431.00000  344.33333  20.1%  32.2   60s
 25615  2758     cutoff   43       431.00000  355.87500  17.4%  31.8   65s
 28272  2438     cutoff   35       431.00000  367.00000  14.8%  31.4   70s
 31201  1734     cutoff   38       431.00000  381.57143  11.5%  30.9   75s
 34351   524     cutoff   32       431.00000  404.12000  6.24%  30.2   80s

Cutting planes:
  Gomory: 1
  Cover: 1
  Implied bound: 11
  MIR: 4
  Flow cover: 22
  Zero half: 36
  RLT: 16
  BQP: 15

Explored 35042 nodes (1052916 simplex iterations) in 80.94 seconds (100.24 work units)
Thread count was 1 (of 12 available processors)

Solution count 10: 431 431 434 ... 622

Optimal solution found (tolerance 1.00e-04)
Best objective 4.310000000000e+02, best bound 4.310000000000e+02, gap 0.0000%
431.0
