Set parameter Username
Academic license - for non-commercial use only - expires 2025-08-28
Set parameter Threads to value 1
Set parameter Method to value 4
Gurobi Optimizer version 11.0.0 build v11.0.0rc2 (mac64[arm] - Darwin 23.5.0 23F79)

CPU model: Apple M3 Pro
Thread count: 12 physical cores, 12 logical processors, using up to 1 threads

Optimize a model with 3818 rows, 518 columns and 11486 nonzeros
Model fingerprint: 0x0542dd94
Variable types: 308 continuous, 210 integer (210 binary)
Coefficient statistics:
  Matrix range     [1e+00, 1e+00]
  Objective range  [1e+01, 3e+02]
  Bounds range     [1e+00, 1e+00]
  RHS range        [1e+00, 2e+00]
Presolve removed 646 rows and 91 columns
Presolve time: 0.01s
Presolved: 3172 rows, 427 columns, 9340 nonzeros
Variable types: 0 continuous, 427 integer (427 binary)
Found heuristic solution: objective 3877.0000000
Found heuristic solution: objective 3723.0000000

Root relaxation: objective 0.000000e+00, 218 iterations, 0.00 seconds (0.01 work units)

    Nodes    |    Current Node    |     Objective Bounds      |     Work
 Expl Unexpl |  Obj  Depth IntInf | Incumbent    BestBd   Gap | It/Node Time

     0     0    0.00000    0   42 3723.00000    0.00000   100%     -    0s
H    0     0                    1163.0000000    0.00000   100%     -    0s
H    0     0                    1153.0000000    0.00000   100%     -    0s
     0     0    0.00000    0  101 1153.00000    0.00000   100%     -    0s
H    0     0                     996.0000000    0.00000   100%     -    0s
H    0     0                     840.0000000    0.00000   100%     -    0s
     0     0    0.00000    0   86  840.00000    0.00000   100%     -    0s
H    0     0                     704.0000000    0.00000   100%     -    0s
     0     0    0.00000    0   86  704.00000    0.00000   100%     -    0s
     0     0    0.00000    0  112  704.00000    0.00000   100%     -    0s
H    0     0                     598.0000000    0.00000   100%     -    0s
     0     0    0.00000    0  119  598.00000    0.00000   100%     -    0s
     0     0    0.00000    0  134  598.00000    0.00000   100%     -    0s
     0     0    0.00000    0  134  598.00000    0.00000   100%     -    0s
H    0     0                     478.0000000    0.00000   100%     -    0s
     0     2    0.00000    0  134  478.00000    0.00000   100%     -    0s
H   58    40                     448.0000000   18.00000  96.0%  62.7    0s
H  261   171                     432.0000000   52.00000  88.0%  49.6    1s
H  386   237                     417.0000000   52.00000  87.5%  48.7    1s
  1225   585  154.75000   25   68  417.00000   59.60000  85.7%  47.5    5s
  2791  1072  138.66667   30  111  417.00000   79.08333  81.0%  38.6   10s
  4545  1872  200.00000   24   62  417.00000   94.00000  77.5%  34.6   15s
  6469  2690  111.14286   30  114  417.00000  106.40000  74.5%  32.6   20s
  8421  3483  182.53571   32   99  417.00000  118.00000  71.7%  31.5   25s
 10203  4219  394.50000   42  134  417.00000  124.75000  70.1%  30.8   34s
 10235  4240  330.15000   38  160  417.00000  124.75000  70.1%  30.7   35s
 10785  4387  132.43981   38  136  417.00000  124.75000  70.1%  30.5   40s
 12365  4785  393.82197   47  108  417.00000  140.50000  66.3%  33.2   45s
 14113  5210     cutoff   38       417.00000  173.71429  58.3%  35.7   50s
 16019  5563     cutoff   47       417.00000  193.33333  53.6%  37.0   55s
 18013  5870  411.75000   51   31  417.00000  206.66667  50.4%  38.0   60s
 20084  6210  404.00000   58   38  417.00000  215.29167  48.4%  38.8   65s
 22202  6381  380.00000   55   49  417.00000  223.09286  46.5%  38.9   70s
 24309  6980  250.00000   49   78  417.00000  230.09829  44.8%  39.2   75s
 26566  7941     cutoff   55       417.00000  237.50000  43.0%  39.1   80s
 29089  8817  415.83333   46   39  417.00000  244.25000  41.4%  38.9   85s
 31607  9638  297.63095   47  118  417.00000  249.66981  40.1%  38.7   90s
 34019 10459  288.08333   41   99  417.00000  253.60000  39.2%  38.5   95s
 36424 11264  306.87500   57  112  417.00000  257.27586  38.3%  38.4  100s
 38829 12104  413.23333   45  111  417.00000  260.00000  37.6%  38.5  105s
 41198 12886     cutoff   56       417.00000  263.70000  36.8%  38.3  110s
 43399 13529  352.00000   47  103  417.00000  267.00000  36.0%  38.2  115s
 45701 14223     cutoff   46       417.00000  270.04469  35.2%  38.2  120s
 48295 14927  370.24038   46  113  417.00000  274.07407  34.3%  38.1  125s
 51023 15642  382.77778   47   98  417.00000  278.00000  33.3%  37.9  130s
 53313 16276  308.00000   52   85  417.00000  280.00000  32.9%  37.8  135s
 55754 16916     cutoff   53       417.00000  282.00000  32.4%  37.7  140s
 58122 17423  317.00000   44   67  417.00000  284.00000  31.9%  37.6  145s
 60774 18033  320.88333   53   86  417.00000  286.71615  31.2%  37.5  150s
 63650 18691  398.75000   56   30  417.00000  289.44444  30.6%  37.3  155s
 66534 19321  392.20000   52   64  417.00000  292.00000  30.0%  37.1  160s
 69381 19903  365.07536   48  122  417.00000  294.20000  29.4%  37.0  165s
 72083 20420  310.28571   40   97  417.00000  296.00000  29.0%  36.8  170s
 74354 20822  378.87500   48   86  417.00000  297.85714  28.6%  36.7  175s
 77256 21378  326.83333   49  115  417.00000  300.00000  28.1%  36.6  180s
 80064 21782  387.73056   59  118  417.00000  301.88542  27.6%  36.4  185s
 82854 22270  407.83333   62   71  417.00000  303.56250  27.2%  36.2  190s
 85785 22748  405.08333   58   79  417.00000  305.22222  26.8%  36.1  195s
 88604 23127     cutoff   54       417.00000  307.18182  26.3%  35.9  200s
 91312 23517  406.00000   50   32  417.00000  309.00000  25.9%  35.8  205s
 94161 23875  329.18462   50  116  417.00000  310.80000  25.5%  35.6  210s
 97212 24306     cutoff   59       417.00000  312.33333  25.1%  35.5  215s
 100224 24704  365.44048   48  104  417.00000  314.00000  24.7%  35.3  220s
 103062 25057  384.00000   50   65  417.00000  315.50000  24.3%  35.2  225s
 105951 25367  371.65789   60  114  417.00000  317.00000  24.0%  35.1  230s
 108833 25672  364.54839   59  126  417.00000  318.75000  23.6%  34.9  235s
 111865 25931  351.63529   52   81  417.00000  320.50000  23.1%  34.8  240s
 114749 26286  380.64286   54   49  417.00000  321.85859  22.8%  34.6  245s
 117916 26557     cutoff   54       417.00000  323.33333  22.5%  34.5  250s
 120797 26778     cutoff   55       417.00000  324.92308  22.1%  34.3  255s
 123819 27051  413.83333   53   80  417.00000  326.37500  21.7%  34.2  260s
 127212 27200  406.00000   48   97  417.00000  328.00000  21.3%  34.0  265s
 131084 27345  337.50000   48  103  417.00000  330.06667  20.8%  33.8  270s
 135142 27503     cutoff   56       417.00000  332.20537  20.3%  33.6  275s
 139245 27716  398.33333   66   45  417.00000  334.00000  19.9%  33.4  280s
 143340 27866  347.30000   53  110  417.00000  335.80922  19.5%  33.2  285s
 147024 27956  386.50000   57   53  417.00000  337.28571  19.1%  33.0  290s
 151123 28038     cutoff   56       417.00000  339.00000  18.7%  32.9  295s
 155028 28099  362.66667   51  108  417.00000  340.66667  18.3%  32.7  300s
 159052 28090  398.57143   50   66  417.00000  342.25000  17.9%  32.6  305s
 163227 28042  390.72500   48   94  417.00000  343.95000  17.5%  32.4  310s
 167255 28009     cutoff   53       417.00000  345.50000  17.1%  32.2  315s
 171327 27914     cutoff   55       417.00000  347.13725  16.8%  32.0  320s
 175478 27832  404.20000   55   54  417.00000  348.74286  16.4%  31.9  325s
 179670 27694  372.13750   60   68  417.00000  350.36667  16.0%  31.7  330s
 183912 27523  409.66667   56   37  417.00000  352.00000  15.6%  31.6  335s
 188102 27283     cutoff   58       417.00000  353.75000  15.2%  31.4  340s
 192357 26948     cutoff   56       417.00000  355.50000  14.7%  31.2  345s
 196595 26550  408.66667   53  116  417.00000  357.00000  14.4%  31.1  350s
 200622 26135     cutoff   53       417.00000  358.75000  14.0%  31.0  355s
 204928 25570  386.66667   57   89  417.00000  360.58333  13.5%  30.8  360s
 209246 25015  377.80000   55  101  417.00000  362.30000  13.1%  30.7  365s
 213213 24448  407.50000   57   62  417.00000  364.00000  12.7%  30.6  370s
 217269 23833  385.66667   62   76  417.00000  365.66667  12.3%  30.4  375s
 220984 23246     cutoff   61       417.00000  367.30000  11.9%  30.3  380s
 224879 22508  390.77273   50  127  417.00000  369.00000  11.5%  30.2  385s
 229017 21644  405.16667   50   94  417.00000  371.00000  11.0%  30.1  390s
 233228 20698  387.25000   55   79  417.00000  373.25000  10.5%  30.0  395s
 237564 19591     cutoff   50       417.00000  375.50000  10.0%  29.9  400s
 241280 18381  385.00000   61   46  417.00000  378.00000  9.35%  29.8  405s
 244921 17104     cutoff   59       417.00000  380.25000  8.81%  29.7  410s
 248852 15585  389.51852   61   63  417.00000  383.00000  8.15%  29.7  415s
 252825 13970  416.00000   60  115  417.00000  386.00000  7.43%  29.6  420s
 256435 12281     cutoff   53       417.00000  389.00000  6.71%  29.5  425s
 260468 10083     cutoff   57       417.00000  393.00000  5.76%  29.3  430s
 264607  7704  403.50000   51  102  417.00000  397.50000  4.68%  29.2  435s
 268921  4861  413.50000   56  105  417.00000  403.50000  3.24%  29.0  440s
 273623  1073     cutoff   51       417.00000  413.25000  0.90%  28.8  445s

Cutting planes:
  Gomory: 20
  Cover: 1
  Implied bound: 18
  MIR: 9
  Flow cover: 78
  Zero half: 167
  RLT: 80
  BQP: 54

Explored 274755 nodes (7918638 simplex iterations) in 445.99 seconds (633.32 work units)
Thread count was 1 (of 12 available processors)

Solution count 10: 417 417 432 ... 1153

Optimal solution found (tolerance 1.00e-04)
Best objective 4.170000000000e+02, best bound 4.170000000000e+02, gap 0.0000%
417.0
