Set parameter Username
Academic license - for non-commercial use only - expires 2025-08-28
Set parameter Threads to value 1
Set parameter Method to value 4
Gurobi Optimizer version 11.0.0 build v11.0.0rc2 (mac64[arm] - Darwin 23.5.0 23F79)

CPU model: Apple M3 Pro
Thread count: 12 physical cores, 12 logical processors, using up to 1 threads

Optimize a model with 3818 rows, 518 columns and 11486 nonzeros
Model fingerprint: 0xaeb90c73
Variable types: 308 continuous, 210 integer (210 binary)
Coefficient statistics:
  Matrix range     [1e+00, 1e+00]
  Objective range  [1e+01, 3e+02]
  Bounds range     [1e+00, 1e+00]
  RHS range        [1e+00, 2e+00]
Presolve removed 646 rows and 91 columns
Presolve time: 0.01s
Presolved: 3172 rows, 427 columns, 9340 nonzeros
Variable types: 0 continuous, 427 integer (427 binary)
Found heuristic solution: objective 3891.0000000
Found heuristic solution: objective 3730.0000000

Root relaxation: objective 0.000000e+00, 218 iterations, 0.00 seconds (0.01 work units)

    Nodes    |    Current Node    |     Objective Bounds      |     Work
 Expl Unexpl |  Obj  Depth IntInf | Incumbent    BestBd   Gap | It/Node Time

     0     0    0.00000    0   42 3730.00000    0.00000   100%     -    0s
H    0     0                    1169.0000000    0.00000   100%     -    0s
H    0     0                    1159.0000000    0.00000   100%     -    0s
     0     0    0.00000    0  101 1159.00000    0.00000   100%     -    0s
H    0     0                    1006.0000000    0.00000   100%     -    0s
H    0     0                     850.0000000    0.00000   100%     -    0s
     0     0    0.00000    0  114  850.00000    0.00000   100%     -    0s
     0     0    0.00000    0  105  850.00000    0.00000   100%     -    0s
     0     0    0.00000    0   98  850.00000    0.00000   100%     -    0s
H    0     0                     811.0000000    0.00000   100%     -    0s
     0     0    0.00000    0   97  811.00000    0.00000   100%     -    0s
     0     0    0.00000    0   89  811.00000    0.00000   100%     -    0s
H    0     0                     782.0000000    0.00000   100%     -    0s
     0     0    0.00000    0  108  782.00000    0.00000   100%     -    0s
     0     0    0.00000    0  139  782.00000    0.00000   100%     -    0s
     0     0    0.00000    0  139  782.00000    0.00000   100%     -    0s
H    0     0                     772.0000000    0.00000   100%     -    0s
     0     2    0.00000    0  135  772.00000    0.00000   100%     -    0s
H  104    96                     760.0000000    0.00000   100%  67.1    0s
H  108    89                     530.0000000    0.00000   100%  66.0    0s
*  114    93              31     512.0000000    0.00000   100%  64.5    0s
H  130    96                     500.0000000    0.00000   100%  62.1    0s
H  135    99                     473.0000000    0.00000   100%  63.1    0s
H  156   106                     463.0000000    0.00000   100%  63.4    0s
H  182   128                     439.0000000    0.00000   100%  66.0    1s
H  243   169                     427.0000000    3.00000  99.3%  59.5    1s
  1229   507  257.10000   29   88  427.00000   48.33333  88.7%  48.9    5s
H 1285   494                     424.0000000   54.00000  87.3%  48.0    5s
  2692   867  361.00000   24   41  424.00000  129.83333  69.4%  39.1   10s
  4524  1397  328.15000   32   64  424.00000  196.00000  53.8%  35.3   15s
  6356  1888  335.83333   27  145  424.00000  223.75000  47.2%  34.1   20s
  8293  2473  363.33333   37   78  424.00000  241.00000  43.2%  33.3   25s
 10202  2882  399.00000   30   83  424.00000  253.70000  40.2%  32.7   34s
 10243  2885  286.00000   24   34  424.00000  254.00000  40.1%  32.7   35s
 12356  3277  392.66667   30   72  424.00000  265.33333  37.4%  33.4   40s
 14317  3570  380.87500   30   74  424.00000  274.00000  35.4%  34.1   45s
 16221  3815  287.00000   28  121  424.00000  283.18571  33.2%  35.0   50s
 18299  3996     cutoff   31       424.00000  292.00000  31.1%  35.7   55s
 20508  4109  372.12389   36  116  424.00000  300.66667  29.1%  36.0   60s
 22733  4185  412.50000   31   58  424.00000  309.00000  27.1%  36.4   65s
 24859  4139  354.76923   34   92  424.00000  317.00000  25.2%  36.9   70s
 27205  4011     cutoff   39       424.00000  324.62500  23.4%  36.8   75s
 29597  3828  396.33333   37   75  424.00000  331.55556  21.8%  36.8   80s
 32028  3537 infeasible   33       424.00000  339.00000  20.0%  36.7   85s
 34466  3140     cutoff   42       424.00000  347.00000  18.2%  36.7   90s
 36975  2644 infeasible   31       424.00000  356.33333  16.0%  36.5   95s
 39289  2007  384.50000   32   75  424.00000  367.25000  13.4%  36.4  100s
 41998   885  407.50000   40   60  424.00000  387.00000  8.73%  36.0  105s

Cutting planes:
  Gomory: 1
  Implied bound: 15
  Flow cover: 5
  Zero half: 39
  RLT: 41
  BQP: 32

Explored 43373 nodes (1545755 simplex iterations) in 107.21 seconds (133.17 work units)
Thread count was 1 (of 12 available processors)

Solution count 10: 424 424 427 ... 760

Optimal solution found (tolerance 1.00e-04)
Best objective 4.240000000000e+02, best bound 4.240000000000e+02, gap 0.0000%
424.0
