Set parameter Username
Academic license - for non-commercial use only - expires 2025-08-28
Set parameter Threads to value 1
Set parameter Method to value 4
Gurobi Optimizer version 11.0.0 build v11.0.0rc2 (mac64[arm] - Darwin 23.5.0 23F79)

CPU model: Apple M3 Pro
Thread count: 12 physical cores, 12 logical processors, using up to 1 threads

Optimize a model with 3818 rows, 518 columns and 11486 nonzeros
Model fingerprint: 0x9e12ec9a
Variable types: 308 continuous, 210 integer (210 binary)
Coefficient statistics:
  Matrix range     [1e+00, 1e+00]
  Objective range  [1e+01, 3e+02]
  Bounds range     [1e+00, 1e+00]
  RHS range        [1e+00, 2e+00]
Presolve removed 646 rows and 91 columns
Presolve time: 0.01s
Presolved: 3172 rows, 427 columns, 9340 nonzeros
Variable types: 0 continuous, 427 integer (427 binary)
Found heuristic solution: objective 3912.0000000
Found heuristic solution: objective 3730.0000000

Root relaxation: objective 0.000000e+00, 218 iterations, 0.00 seconds (0.01 work units)

    Nodes    |    Current Node    |     Objective Bounds      |     Work
 Expl Unexpl |  Obj  Depth IntInf | Incumbent    BestBd   Gap | It/Node Time

     0     0    0.00000    0   42 3730.00000    0.00000   100%     -    0s
H    0     0                    1169.0000000    0.00000   100%     -    0s
H    0     0                    1159.0000000    0.00000   100%     -    0s
     0     0    0.00000    0  101 1159.00000    0.00000   100%     -    0s
     0     0    0.00000    0  104 1159.00000    0.00000   100%     -    0s
H    0     0                     907.0000000    0.00000   100%     -    0s
H    0     0                     894.0000000    0.00000   100%     -    0s
     0     0    0.00000    0  146  894.00000    0.00000   100%     -    0s
     0     0    0.00000    0  109  894.00000    0.00000   100%     -    0s
H    0     0                     715.0000000    0.00000   100%     -    0s
H    0     0                     605.0000000    0.00000   100%     -    0s
     0     0    0.00000    0  106  605.00000    0.00000   100%     -    0s
     0     0    0.00000    0   63  605.00000    0.00000   100%     -    0s
     0     0    0.00000    0   63  605.00000    0.00000   100%     -    0s
     0     2    0.00000    0   63  605.00000    0.00000   100%     -    0s
H   62    43                     515.0000000    0.00000   100%  62.1    0s
H  221   143                     491.0000000    0.00000   100%  58.0    1s
H  236   152                     467.0000000    0.00000   100%  60.4    1s
H  249   157                     445.0000000    0.00000   100%  58.6    1s
H  289   171                     439.0000000    3.00000  99.3%  55.4    1s
H  303   172                     427.0000000    6.00000  98.6%  54.4    1s
H  499   274                     424.0000000   12.00000  97.2%  47.6    2s
  1270   385  340.00000   22   33  424.00000  240.00000  43.4%  43.8    5s

Cutting planes:
  Gomory: 1
  Zero half: 3
  RLT: 9
  BQP: 11

Explored 2775 nodes (98419 simplex iterations) in 8.84 seconds (10.75 work units)
Thread count was 1 (of 12 available processors)

Solution count 10: 424 427 439 ... 894

Optimal solution found (tolerance 1.00e-04)
Best objective 4.240000000000e+02, best bound 4.240000000000e+02, gap 0.0000%
424.0
