Set parameter Username
Academic license - for non-commercial use only - expires 2025-08-28
Set parameter Threads to value 1
Set parameter Method to value 4
Gurobi Optimizer version 11.0.0 build v11.0.0rc2 (mac64[arm] - Darwin 23.5.0 23F79)

CPU model: Apple M3 Pro
Thread count: 12 physical cores, 12 logical processors, using up to 1 threads

Optimize a model with 4001 rows, 537 columns and 12038 nonzeros
Model fingerprint: 0x9621a476
Variable types: 317 continuous, 220 integer (220 binary)
Coefficient statistics:
  Matrix range     [1e+00, 1e+00]
  Objective range  [1e+01, 3e+02]
  Bounds range     [1e+00, 1e+00]
  RHS range        [1e+00, 2e+00]
Presolve removed 668 rows and 93 columns
Presolve time: 0.01s
Presolved: 3333 rows, 444 columns, 9810 nonzeros
Variable types: 0 continuous, 444 integer (444 binary)
Found heuristic solution: objective 3912.0000000
Found heuristic solution: objective 3814.0000000

Root relaxation: objective 0.000000e+00, 196 iterations, 0.00 seconds (0.01 work units)

    Nodes    |    Current Node    |     Objective Bounds      |     Work
 Expl Unexpl |  Obj  Depth IntInf | Incumbent    BestBd   Gap | It/Node Time

     0     0    0.00000    0   44 3814.00000    0.00000   100%     -    0s
H    0     0                    1562.0000000    0.00000   100%     -    0s
H    0     0                    1460.0000000    0.00000   100%     -    0s
     0     0    0.00000    0   75 1460.00000    0.00000   100%     -    0s
H    0     0                    1241.0000000    0.00000   100%     -    0s
H    0     0                    1056.0000000    0.00000   100%     -    0s
     0     0    0.00000    0  100 1056.00000    0.00000   100%     -    0s
H    0     0                    1026.0000000    0.00000   100%     -    0s
     0     0    0.00000    0  144 1026.00000    0.00000   100%     -    0s
H    0     0                     774.0000000    0.00000   100%     -    0s
H    0     0                     718.0000000    0.00000   100%     -    0s
     0     0    0.00000    0  172  718.00000    0.00000   100%     -    0s
     0     0    0.00000    0   77  718.00000    0.00000   100%     -    0s
     0     0    0.00000    0   70  718.00000    0.00000   100%     -    0s
H    0     0                     705.0000000    0.00000   100%     -    0s
     0     2    0.00000    0   66  705.00000    0.00000   100%     -    0s
H   54    52                     695.0000000    0.00000   100%   116    0s
*   62    56              37     671.0000000    0.00000   100%   102    0s
*  124   102              37     577.0000000    0.00000   100%  84.6    0s
H  289   201                     553.0000000   12.00000  97.8%  75.1    1s
H  299   209                     543.0000000   12.00000  97.8%  74.6    1s
H  461   322                     529.0000000   12.00000  97.7%  69.9    2s
H  515   330                     511.0000000   12.00000  97.7%  65.5    2s
  1026   515  497.00000   25   77  511.00000  140.50000  72.5%  62.1    5s
H 1781   642                     508.0000000  195.00000  61.6%  50.1    7s
  2438   900     cutoff   36       508.00000  219.33333  56.8%  46.0   10s
  4142  1729  366.50000   40   92  508.00000  243.50000  52.1%  40.2   15s
  6099  2655  486.00000   41   73  508.00000  264.00000  48.0%  36.7   20s
  7714  3303  390.00000   25  109  508.00000  277.00000  45.5%  35.9   25s
  9552  4065  362.50000   24   82  508.00000  285.00000  43.9%  35.2   30s
 10202  4271  445.16667   24  101  508.00000  289.00000  43.1%  34.9   37s
 11403  4727  502.87500   41   38  508.00000  294.00000  42.1%  34.7   40s
 13314  5439  403.50000   29   98  508.00000  302.00000  40.6%  34.8   45s
 15147  6027     cutoff   33       508.00000  309.75000  39.0%  35.1   50s
 17059  6595  345.00000   23   65  508.00000  317.00000  37.6%  35.3   55s
 19329  7225  483.50000   33   77  508.00000  324.00000  36.2%  35.1   60s
 21497  7784  416.93333   25   90  508.00000  330.33333  35.0%  35.2   65s
 23670  8373  495.71429   34  112  508.00000  336.46667  33.8%  35.1   70s
 26022  8972  413.00000   21   81  508.00000  340.66667  32.9%  34.9   75s
 28301  9481  439.50000   22   51  508.00000  345.50000  32.0%  34.8   80s
 30656  9984  397.00000   25  108  508.00000  350.00000  31.1%  34.6   85s
 33059 10497  465.00000   33   59  508.00000  354.08333  30.3%  34.5   90s
 35443 10931  405.41667   28  113  508.00000  358.00000  29.5%  34.4   95s
 37968 11412  451.50000   33  116  508.00000  361.60000  28.8%  34.3  100s
 40253 11780  476.00000   27  111  508.00000  364.96429  28.2%  34.2  105s
 42578 12149  472.26667   33  134  508.00000  367.82222  27.6%  34.1  110s
 44778 12449  458.89706   30  123  508.00000  370.45455  27.1%  34.1  115s
 47227 12797     cutoff   34       508.00000  373.45902  26.5%  33.9  120s
 49761 13151  484.58333   34  141  508.00000  376.54545  25.9%  33.8  125s
 52147 13388  461.43175   36  127  508.00000  379.66667  25.3%  33.8  130s
 54351 13608  461.38095   31  128  508.00000  382.00000  24.8%  33.7  135s
 56723 13798 infeasible   37       508.00000  385.00000  24.2%  33.7  140s
 59051 13988  441.75000   31   82  508.00000  388.00000  23.6%  33.6  145s
 61398 14143 infeasible   45       508.00000  390.66667  23.1%  33.6  150s
 63682 14285  452.10000   25  107  508.00000  393.13596  22.6%  33.5  155s
 66141 14416  430.12500   33  143  508.00000  395.66667  22.1%  33.4  160s
 68595 14490  493.80000   34   73  508.00000  398.50000  21.6%  33.4  165s
 70884 14540     cutoff   43       508.00000  401.00000  21.1%  33.3  170s
 73359 14536 infeasible   38       508.00000  403.50000  20.6%  33.3  175s
 75615 14547  464.68750   39  133  508.00000  406.00000  20.1%  33.2  180s
 78111 14487  451.00000   26   37  508.00000  408.54167  19.6%  33.1  185s
 80482 14442  503.60440   38  131  508.00000  411.18182  19.1%  33.0  190s
 83025 14319 infeasible   35       508.00000  414.00000  18.5%  32.9  195s
 85329 14167  424.55556   35  146  508.00000  417.00000  17.9%  32.9  200s
 87794 14011  499.69697   36  112  508.00000  419.88889  17.3%  32.8  205s
 90282 13817  505.14286   24   80  508.00000  423.00000  16.7%  32.7  210s
 92905 13571     cutoff   31       508.00000  425.25000  16.3%  32.6  215s
 95336 13367  462.14286   33   89  508.00000  428.00000  15.7%  32.5  220s
 98050 13101  443.76923   36  139  508.00000  430.80000  15.2%  32.5  225s
 100713 12795  442.14286   39  126  508.00000  433.42857  14.7%  32.3  230s
 103540 12393  489.51852   33  131  508.00000  436.98701  14.0%  32.2  235s
 106247 11932  449.75000   27  133  508.00000  439.75000  13.4%  32.1  240s
 108916 11426  494.73333   38  131  508.00000  442.65000  12.9%  32.0  245s
 111654 10815  505.41667   35   92  508.00000  446.00000  12.2%  32.0  250s
 114531 10184     cutoff   43       508.00000  449.00000  11.6%  31.8  255s
 117339  9424  469.50000   35   34  508.00000  452.73333  10.9%  31.7  260s
 120068  8568  466.56000   45   60  508.00000  456.33333  10.2%  31.6  265s
 123000  7578 infeasible   32       508.00000  460.50000  9.35%  31.4  270s
 126040  6282     cutoff   30       508.00000  465.23810  8.42%  31.3  275s
 129144  4903  477.83333   31   85  508.00000  470.50000  7.38%  31.0  280s
 132415  3168 infeasible   33       508.00000  477.50000  6.00%  30.8  285s
 136012   724     cutoff   36       508.00000  492.60000  3.03%  30.4  290s

Cutting planes:
  Implied bound: 1
  Flow cover: 13
  Zero half: 11
  RLT: 7
  BQP: 15

Explored 136844 nodes (4142087 simplex iterations) in 291.03 seconds (362.59 work units)
Thread count was 1 (of 12 available processors)

Solution count 10: 508 508 511 ... 705

Optimal solution found (tolerance 1.00e-04)
Best objective 5.080000000000e+02, best bound 5.080000000000e+02, gap 0.0000%
508.0
