Set parameter Username
Academic license - for non-commercial use only - expires 2025-08-28
Set parameter Threads to value 1
Set parameter Method to value 4
Gurobi Optimizer version 11.0.0 build v11.0.0rc2 (mac64[arm] - Darwin 23.5.0 23F79)

CPU model: Apple M3 Pro
Thread count: 12 physical cores, 12 logical processors, using up to 1 threads

Optimize a model with 3818 rows, 518 columns and 11486 nonzeros
Model fingerprint: 0xe2c08160
Variable types: 308 continuous, 210 integer (210 binary)
Coefficient statistics:
  Matrix range     [1e+00, 1e+00]
  Objective range  [1e+01, 3e+02]
  Bounds range     [1e+00, 1e+00]
  RHS range        [1e+00, 2e+00]
Presolve removed 646 rows and 91 columns
Presolve time: 0.01s
Presolved: 3172 rows, 427 columns, 9340 nonzeros
Variable types: 0 continuous, 427 integer (427 binary)
Found heuristic solution: objective 3884.0000000
Found heuristic solution: objective 3730.0000000

Root relaxation: objective 0.000000e+00, 218 iterations, 0.00 seconds (0.01 work units)

    Nodes    |    Current Node    |     Objective Bounds      |     Work
 Expl Unexpl |  Obj  Depth IntInf | Incumbent    BestBd   Gap | It/Node Time

     0     0    0.00000    0   42 3730.00000    0.00000   100%     -    0s
H    0     0                    1169.0000000    0.00000   100%     -    0s
H    0     0                    1159.0000000    0.00000   100%     -    0s
     0     0    0.00000    0  101 1159.00000    0.00000   100%     -    0s
     0     0    0.00000    0   99 1159.00000    0.00000   100%     -    0s
H    0     0                     769.0000000    0.00000   100%     -    0s
     0     0    0.00000    0   86  769.00000    0.00000   100%     -    0s
     0     0    0.00000    0   97  769.00000    0.00000   100%     -    0s
H    0     0                     718.0000000    0.00000   100%     -    0s
H    0     0                     583.0000000    0.00000   100%     -    0s
     0     0    0.00000    0  100  583.00000    0.00000   100%     -    0s
     0     0    0.00000    0  126  583.00000    0.00000   100%     -    0s
     0     0    0.00000    0  123  583.00000    0.00000   100%     -    0s
     0     0    0.00000    0  121  583.00000    0.00000   100%     -    0s
     0     0    0.00000    0  118  583.00000    0.00000   100%     -    0s
H    0     0                     469.0000000    0.00000   100%     -    0s
     0     2    0.00000    0  118  469.00000    0.00000   100%     -    0s
H  194   140                     468.0000000    4.00000  99.1%  52.5    1s
*  210   150              49     460.0000000    4.00000  99.1%  50.0    1s
H  264   174                     448.0000000    5.48571  98.8%  47.6    1s
H  381   257                     427.0000000   12.00000  97.2%  47.6    1s
H  448   273                     424.0000000   12.00000  97.2%  44.0    1s
  1230   567  181.00000   36   63  424.00000   12.00000  97.2%  44.0    5s
  2872  1090  414.23636   31   84  424.00000   53.40000  87.4%  42.3   10s
  4664  1692  258.50000   30   87  424.00000  103.33333  75.6%  40.6   15s
  6531  2224  272.66667   34   83  424.00000  128.50000  69.7%  38.5   20s
  8355  2780  260.46429   35   94  424.00000  149.12500  64.8%  37.1   25s
 10203  3334  344.60000   47  118  424.00000  169.00000  60.1%  35.7   34s
 10217  3343  318.00000   37  146  424.00000  169.00000  60.1%  35.6   35s
 11176  3525  327.00000   53   75  424.00000  174.33333  58.9%  34.5   40s
 13529  3427     cutoff   39       424.00000  255.00000  39.9%  34.0   45s
 16083  3143  418.50000   44   55  424.00000  294.71429  30.5%  32.9   50s
 18925  2570  380.75510   49  104  424.00000  319.00000  24.8%  31.9   55s
 21872  2251  376.00000   53   79  424.00000  339.00000  20.0%  30.7   60s
 25359  2047  385.00000   50   99  424.00000  361.25000  14.8%  29.3   65s
 29072  1385  422.00000   57    3  424.00000  385.00000  9.20%  27.9   70s

Cutting planes:
  Gomory: 4
  Implied bound: 5
  Flow cover: 14
  Zero half: 42
  RLT: 10
  BQP: 15

Explored 31986 nodes (884812 simplex iterations) in 74.23 seconds (92.51 work units)
Thread count was 1 (of 12 available processors)

Solution count 10: 424 424 427 ... 769

Optimal solution found (tolerance 1.00e-04)
Best objective 4.240000000000e+02, best bound 4.240000000000e+02, gap 0.0000%
424.0
