Set parameter Username
Academic license - for non-commercial use only - expires 2025-08-28
Set parameter Threads to value 1
Set parameter Method to value 4
Gurobi Optimizer version 11.0.0 build v11.0.0rc2 (mac64[arm] - Darwin 23.5.0 23F79)

CPU model: Apple M3 Pro
Thread count: 12 physical cores, 12 logical processors, using up to 1 threads

Optimize a model with 3818 rows, 518 columns and 11486 nonzeros
Model fingerprint: 0x65e2e9d8
Variable types: 308 continuous, 210 integer (210 binary)
Coefficient statistics:
  Matrix range     [1e+00, 1e+00]
  Objective range  [1e+01, 3e+02]
  Bounds range     [1e+00, 1e+00]
  RHS range        [1e+00, 2e+00]
Presolve removed 646 rows and 91 columns
Presolve time: 0.01s
Presolved: 3172 rows, 427 columns, 9340 nonzeros
Variable types: 0 continuous, 427 integer (427 binary)
Found heuristic solution: objective 3905.0000000
Found heuristic solution: objective 3716.0000000

Root relaxation: objective 0.000000e+00, 218 iterations, 0.00 seconds (0.01 work units)

    Nodes    |    Current Node    |     Objective Bounds      |     Work
 Expl Unexpl |  Obj  Depth IntInf | Incumbent    BestBd   Gap | It/Node Time

     0     0    0.00000    0   42 3716.00000    0.00000   100%     -    0s
H    0     0                    1162.0000000    0.00000   100%     -    0s
H    0     0                    1152.0000000    0.00000   100%     -    0s
     0     0    0.00000    0  101 1152.00000    0.00000   100%     -    0s
     0     0    0.00000    0   84 1152.00000    0.00000   100%     -    0s
H    0     0                     865.0000000    0.00000   100%     -    0s
     0     0    0.00000    0   89  865.00000    0.00000   100%     -    0s
     0     0    0.00000    0  101  865.00000    0.00000   100%     -    0s
H    0     0                     825.0000000    0.00000   100%     -    0s
     0     0    0.00000    0   94  825.00000    0.00000   100%     -    0s
     0     0    0.00000    0   90  825.00000    0.00000   100%     -    0s
H    0     0                     776.0000000    0.00000   100%     -    0s
H    0     0                     739.0000000    0.00000   100%     -    0s
     0     0    0.00000    0   78  739.00000    0.00000   100%     -    0s
     0     0    0.00000    0  123  739.00000    0.00000   100%     -    0s
     0     0    0.00000    0  123  739.00000    0.00000   100%     -    0s
H    0     0                     702.0000000    0.00000   100%     -    0s
H    0     0                     687.0000000    0.00000   100%     -    0s
     0     2    0.00000    0   95  687.00000    0.00000   100%     -    0s
H  227   159                     654.0000000   11.00000  98.3%  60.1    1s
H  260   192                     647.0000000   11.00000  98.3%  68.0    1s
H  274   202                     616.0000000   11.00000  98.2%  66.4    1s
H  279   203                     588.0000000   11.00000  98.1%  65.9    1s
H  287   200                     576.0000000   11.00000  98.1%  64.5    1s
H  326   191                     496.0000000   11.00000  97.8%  62.3    1s
*  327   190              23     491.0000000   11.00000  97.8%  62.2    1s
H  328   182                     472.0000000   11.00000  97.7%  62.0    1s
H  339   173                     444.0000000   11.00000  97.5%  60.4    1s
H  437   232                     441.0000000   11.00000  97.5%  60.8    2s
H  471   245                     417.0000000   11.00000  97.4%  60.4    2s
  1065   467   37.00000   23   72  417.00000   23.00000  94.5%  53.9    5s
  3064  1179  208.10000   32   85  417.00000   82.60000  80.2%  37.1   10s
  5508  2320  256.00000   30   65  417.00000  109.50000  73.7%  32.4   15s
  7671  3160  301.66667   34  154  417.00000  123.22222  70.5%  32.0   20s
  9633  3823  382.31515   30   94  417.00000  133.56818  68.0%  32.5   25s
 10203  4026  208.50000   32  123  417.00000  135.00000  67.6%  32.6   30s
 10753  4219  140.50000   41   75  417.00000  135.00000  67.6%  34.2   35s
 12054  4449  313.66667   51  106  417.00000  135.00000  67.6%  35.2   40s
 13914  4686  135.00000   35  115  417.00000  135.00000  67.6%  35.6   45s
 15984  4933  381.90000   47  131  417.00000  135.00000  67.6%  35.5   50s
 18211  5204  274.50000   48   84  417.00000  140.00000  66.4%  35.1   55s
 20296  5413  260.41667   41   76  417.00000  147.50000  64.6%  34.7   60s
 22339  5556  371.01724   48  118  417.00000  154.00000  63.1%  34.6   65s
 24529  6412  356.00000   47   68  417.00000  163.00000  60.9%  34.4   70s
 26959  7408  404.66667   57   38  417.00000  169.38462  59.4%  34.1   75s
 29249  8293  330.66667   51   99  417.00000  175.00000  58.0%  33.9   80s
 31651  9157     cutoff   53       417.00000  181.00000  56.6%  33.5   85s
 33721  9871  352.18750   53   94  417.00000  185.33333  55.6%  33.3   90s
 35813 10560  288.12500   40  105  417.00000  189.00000  54.7%  33.2   95s
 38264 11420  280.00000   46   97  417.00000  194.50000  53.4%  33.0  100s
 40796 12260  346.00000   49   59  417.00000  198.00000  52.5%  32.9  105s
 43265 13077  405.70000   56   68  417.00000  201.33333  51.7%  32.8  110s
 45850 13845  284.60000   45   69  417.00000  205.00000  50.8%  32.7  115s
 48379 14597  250.66667   49   81  417.00000  208.25000  50.1%  32.5  120s
 50697 15244  340.66330   48  113  417.00000  211.00000  49.4%  32.5  125s
 53111 16005  352.00000   54   71  417.00000  213.75000  48.7%  32.4  130s
 55416 16676  337.50000   50   31  417.00000  215.87500  48.2%  32.3  135s
 58019 17412  349.00000   44   75  417.00000  218.25000  47.7%  32.1  140s
 60376 18065  401.60000   56   66  417.00000  221.00000  47.0%  32.1  145s
 62939 18713  395.00000   50   35  417.00000  223.50000  46.4%  32.0  150s
 65527 19405  300.00000   49   65  417.00000  226.00000  45.8%  31.8  155s
 68133 20101     cutoff   51       417.00000  228.50000  45.2%  31.8  160s
 70539 20675     cutoff   46       417.00000  231.00000  44.6%  31.8  165s
 73042 21345  357.37500   52   48  417.00000  233.00000  44.1%  31.7  170s
 75485 21885  397.00000   48   79  417.00000  234.50000  43.8%  31.8  175s
 77977 22508  287.50000   48   96  417.00000  236.50000  43.3%  31.7  180s
 80572 23186  284.83333   53   68  417.00000  238.50000  42.8%  31.6  185s
 83118 23764  348.00000   53   98  417.00000  240.00000  42.4%  31.5  190s
 85449 24304  409.75000   66   52  417.00000  241.93333  42.0%  31.5  195s
 87968 24872  363.70833   52  101  417.00000  243.50000  41.6%  31.5  200s
 90436 25530  259.40000   51   98  417.00000  245.00000  41.2%  31.4  205s
 93101 26117  319.82500   57   96  417.00000  246.33333  40.9%  31.3  210s
 95741 26681  351.00000   45   71  417.00000  248.00000  40.5%  31.3  215s
 98318 27321  324.90625   46   75  417.00000  249.50000  40.2%  31.2  220s
 100989 27924  294.29365   55   95  417.00000  251.00000  39.8%  31.1  225s
 103611 28458  275.74074   50   98  417.00000  252.33333  39.5%  31.1  230s
 106213 29106  367.05195   50   96  417.00000  253.91667  39.1%  31.0  235s
 108814 29632  372.06316   50   82  417.00000  255.00000  38.8%  31.0  240s
 111504 30222  380.00000   58   58  417.00000  256.25000  38.5%  30.9  245s
 113964 30761  315.82143   48  124  417.00000  257.15000  38.3%  30.9  250s
 116600 31296  411.30000   50   90  417.00000  258.75000  37.9%  30.8  255s
 119087 31736  408.00000   54  106  417.00000  259.80000  37.7%  30.8  260s
 121709 32282  359.75000   52  122  417.00000  261.18182  37.4%  30.7  265s
 124361 32791  382.00000   53   63  417.00000  262.50000  37.1%  30.7  270s
 127108 33330  342.45455   52   85  417.00000  264.00000  36.7%  30.6  275s
 129681 33740 infeasible   51       417.00000  265.28571  36.4%  30.6  280s
 132382 34284  278.13889   49   93  417.00000  266.25000  36.2%  30.5  285s
 135150 34709  314.50000   55   58  417.00000  267.40000  35.9%  30.5  290s
 137941 35243  338.78333   53  101  417.00000  268.50000  35.6%  30.4  295s
 140521 35753  349.92857   52   60  417.00000  269.50000  35.4%  30.4  300s
 143381 36244  364.66667   51  101  417.00000  270.54000  35.1%  30.3  305s
 146115 36788  416.00000   60   22  417.00000  271.50000  34.9%  30.2  310s
 148924 37351  350.25000   45   71  417.00000  272.66667  34.6%  30.2  315s
 151690 37829  306.75000   56   55  417.00000  273.75000  34.4%  30.1  320s
 154308 38269  396.25000   54   38  417.00000  275.00000  34.1%  30.1  325s
 157036 38702  283.00000   54   75  417.00000  275.83333  33.9%  30.0  330s
 159840 39099  362.00000   48   56  417.00000  277.00000  33.6%  30.0  335s
 162640 39470     cutoff   41       417.00000  278.00000  33.3%  29.9  340s
 165444 39956  386.78667   54   75  417.00000  279.00000  33.1%  29.8  345s
 168253 40386  341.25000   52   71  417.00000  280.00000  32.9%  29.8  350s
 170969 40758  382.00000   55   68  417.00000  281.00000  32.6%  29.7  355s
 173818 41187  303.50000   54   51  417.00000  281.83333  32.4%  29.7  360s
 176598 41514  352.42857   48   81  417.00000  282.80000  32.2%  29.7  365s
 179396 41986  348.29630   58   71  417.00000  283.50000  32.0%  29.6  370s
 182356 42405  356.00000   59   67  417.00000  284.44444  31.8%  29.5  375s
 185177 42814  361.91569   47   93  417.00000  285.40909  31.6%  29.5  380s
 187874 43164  331.95635   49   93  417.00000  286.22857  31.4%  29.5  385s
 190634 43498  332.00000   57   72  417.00000  287.00000  31.2%  29.4  390s
 193418 43811  345.00000   51   74  417.00000  288.03333  30.9%  29.4  395s
 196471 44312  398.75000   54   74  417.00000  289.00000  30.7%  29.3  400s
 199161 44644  413.48571   56   53  417.00000  290.00000  30.5%  29.3  405s
 201875 44958  349.83333   53   88  417.00000  290.50000  30.3%  29.2  410s
 204796 45332  401.00000   64   82  417.00000  291.22222  30.2%  29.2  415s
 207491 45670  325.00000   49   52  417.00000  292.00000  30.0%  29.1  420s
 210396 46023  413.94359   56  108  417.00000  293.00000  29.7%  29.1  425s
 213352 46310  366.63333   62   62  417.00000  293.85714  29.5%  29.1  430s
 216066 46626  386.00000   70   59  417.00000  294.50000  29.4%  29.0  435s
 218360 46902  410.50000   55   75  417.00000  295.00000  29.3%  29.0  440s
 221113 47233  318.37037   49  144  417.00000  295.88333  29.0%  29.0  445s
 224097 47508  332.00000   59   75  417.00000  296.51429  28.9%  28.9  450s
 227198 47810  398.60000   68   64  417.00000  297.50000  28.7%  28.9  455s
 229545 48015  322.59028   48   93  417.00000  298.08333  28.5%  28.8  460s
 232197 48312     cutoff   50       417.00000  299.00000  28.3%  28.8  465s
 234908 48595     cutoff   56       417.00000  299.50000  28.2%  28.7  470s
 237753 48897  358.58442   56  100  417.00000  300.30000  28.0%  28.7  475s
 240876 49236  355.00000   48   77  417.00000  301.00000  27.8%  28.7  480s
 243795 49517  343.62500   46   67  417.00000  302.00000  27.6%  28.6  485s
 246829 49743  376.00000   50   57  417.00000  302.66667  27.4%  28.6  490s
 249849 49945  408.80000   60   46  417.00000  303.50000  27.2%  28.5  495s
 252906 50195     cutoff   52       417.00000  304.15000  27.1%  28.5  500s
 255963 50437  379.31250   59   75  417.00000  305.00000  26.9%  28.4  505s
 259020 50594  323.00000   50   58  417.00000  305.95000  26.6%  28.4  510s
 261927 50704  342.80000   54  120  417.00000  306.55000  26.5%  28.4  515s
 265071 50855     cutoff   58       417.00000  307.33333  26.3%  28.3  520s
 267957 51062  374.00000   56   85  417.00000  308.00000  26.1%  28.3  525s
 270948 51333  413.53571   50   97  417.00000  309.00000  25.9%  28.2  530s
 274089 51532 infeasible   49       417.00000  309.66667  25.7%  28.2  535s
 277117 51738  350.33333   54  123  417.00000  310.36250  25.6%  28.1  540s
 280342 51890  380.60000   52   31  417.00000  311.20000  25.4%  28.1  545s
 283502 52086     cutoff   52       417.00000  312.00000  25.2%  28.0  550s
 286477 52170 infeasible   70       417.00000  312.87500  25.0%  28.0  555s
 289567 52320  372.96154   52  130  417.00000  313.50000  24.8%  28.0  560s
 292771 52468  366.00000   54   61  417.00000  314.00000  24.7%  27.9  565s
 295984 52624  384.72937   53  122  417.00000  315.00000  24.5%  27.9  570s
 299156 52712     cutoff   71       417.00000  315.50000  24.3%  27.8  575s
 302392 52970  375.66667   45   69  417.00000  316.00000  24.2%  27.8  580s
 305516 53074 infeasible   55       417.00000  316.83333  24.0%  27.7  585s
 308940 53243  362.50000   57   72  417.00000  317.42857  23.9%  27.7  590s
 313065 53376     cutoff   63       417.00000  318.25000  23.7%  27.6  595s
 317216 53455  381.00000   50   76  417.00000  319.00000  23.5%  27.6  600s
 321400 53608  392.33333   63   68  417.00000  320.00000  23.3%  27.5  605s
 325518 53707  368.00000   67   33  417.00000  321.00000  23.0%  27.5  610s
 329783 53732  379.68750   63  109  417.00000  321.75000  22.8%  27.4  615s
 333984 53837  413.15000   56  101  417.00000  322.50000  22.7%  27.3  620s
 337982 53826  408.83333   55   54  417.00000  323.33333  22.5%  27.3  625s
 342179 53864  356.33333   54   81  417.00000  324.14286  22.3%  27.2  630s
 346387 53863  403.90000   58   43  417.00000  325.00000  22.1%  27.2  635s
 350688 53835  368.30000   52  147  417.00000  326.00000  21.8%  27.1  640s
 354860 53820  372.33333   46   39  417.00000  326.80952  21.6%  27.1  645s
 359089 53763  338.00000   54   45  417.00000  327.50000  21.5%  27.0  650s
 363428 53809 infeasible   53       417.00000  328.14286  21.3%  27.0  655s
 367765 53755     cutoff   59       417.00000  329.00000  21.1%  26.9  660s
 371946 53683     cutoff   60       417.00000  330.00000  20.9%  26.9  665s
 376270 53640  360.66667   60   97  417.00000  330.75000  20.7%  26.8  670s
 380650 53532  394.11111   50   92  417.00000  331.50000  20.5%  26.7  675s
 384966 53532  379.50000   68   87  417.00000  332.26667  20.3%  26.7  680s
 389274 53350  398.21429   62   50  417.00000  333.16667  20.1%  26.6  685s
 393693 53199     cutoff   49       417.00000  334.00000  19.9%  26.6  690s
 397971 52988  411.42857   58   44  417.00000  335.00000  19.7%  26.5  695s
 402352 52718  414.22222   52  123  417.00000  336.00000  19.4%  26.5  700s
 406033 52448  409.11417   55  127  417.00000  336.73810  19.2%  26.5  705s
 410117 52166  381.10000   56   44  417.00000  337.57857  19.0%  26.4  710s
 414349 51849  370.35714   53   81  417.00000  338.50000  18.8%  26.4  715s
 418837 51470  386.91791   49  158  417.00000  339.50000  18.6%  26.3  720s
 423303 51220     cutoff   47       417.00000  340.00000  18.5%  26.3  725s
 427793 50770 infeasible   66       417.00000  341.00000  18.2%  26.2  730s
 432181 50479  393.33333   51   35  417.00000  342.00000  18.0%  26.2  735s
 436707 50012  347.37500   45  108  417.00000  342.98413  17.7%  26.1  740s
 441167 49525  368.50000   47   54  417.00000  343.75000  17.6%  26.1  745s
 445675 49185  349.11538   52   94  417.00000  344.50000  17.4%  26.0  750s
 450074 48757     cutoff   50       417.00000  345.33333  17.2%  26.0  755s
 454583 48223  405.00000   46   19  417.00000  346.08844  17.0%  25.9  760s
 459205 47575  378.13675   59   93  417.00000  347.02667  16.8%  25.9  765s
 463632 47100     cutoff   67       417.00000  348.00000  16.5%  25.8  770s
 468294 46478     cutoff   60       417.00000  349.00000  16.3%  25.8  775s
 472980 45908  415.00000   63   40  417.00000  350.00000  16.1%  25.8  780s
 477637 45266  405.50000   58   68  417.00000  351.00000  15.8%  25.7  785s
 482361 44528     cutoff   53       417.00000  352.00000  15.6%  25.7  790s
 487085 43807  400.66667   55   56  417.00000  353.00000  15.3%  25.6  795s
 491703 42998  415.50000   51   67  417.00000  354.06140  15.1%  25.6  800s
 496431 42171  377.50000   57   78  417.00000  355.25000  14.8%  25.5  805s
 501268 41325     cutoff   61       417.00000  356.25000  14.6%  25.5  810s
 506027 40375 infeasible   54       417.00000  357.48000  14.3%  25.4  815s
 510829 39450  396.33333   62   15  417.00000  358.50000  14.0%  25.4  820s
 515720 38442     cutoff   51       417.00000  359.50000  13.8%  25.3  825s
 520497 37404  413.00000   57   58  417.00000  360.80000  13.5%  25.3  830s
 525457 36159     cutoff   58       417.00000  362.00000  13.2%  25.2  835s
 530191 35041     cutoff   60       417.00000  363.25000  12.9%  25.2  840s
 535166 33764  375.00000   53   55  417.00000  364.50000  12.6%  25.1  845s
 540047 32402     cutoff   55       417.00000  366.00000  12.2%  25.0  850s
 544873 31048  406.96667   55   74  417.00000  367.25000  11.9%  25.0  855s
 549882 29601 infeasible   55       417.00000  368.77778  11.6%  24.9  860s
 554737 28062  390.90000   58   68  417.00000  370.17582  11.2%  24.9  865s
 559882 26465  397.31818   57   66  417.00000  371.98701  10.8%  24.8  870s
 564875 24744  399.50000   49   71  417.00000  373.66667  10.4%  24.8  875s
 569929 22881  404.50000   65   16  417.00000  375.50000  10.0%  24.7  880s
 575024 20856     cutoff   56       417.00000  377.60000  9.45%  24.6  885s
 580275 18816  396.10526   49   52  417.00000  379.83333  8.91%  24.6  890s
 585617 16449 infeasible   50       417.00000  382.16667  8.35%  24.5  895s
 591010 13852 infeasible   62       417.00000  385.00000  7.67%  24.4  900s
 596256 11195     cutoff   59       417.00000  388.27273  6.89%  24.3  905s
 601938  7964  401.52174   52  110  417.00000  392.64286  5.84%  24.2  910s
 607718  4125     cutoff   57       417.00000  399.98750  4.08%  24.1  915s

Cutting planes:
  Gomory: 8
  Cover: 1
  Implied bound: 5
  MIR: 7
  Flow cover: 18
  Zero half: 34
  RLT: 27
  BQP: 20

Explored 612834 nodes (14699971 simplex iterations) in 919.23 seconds (1287.09 work units)
Thread count was 1 (of 12 available processors)

Solution count 10: 417 417 441 ... 616

Optimal solution found (tolerance 1.00e-04)
Best objective 4.170000000000e+02, best bound 4.170000000000e+02, gap 0.0000%
417.0
