Set parameter Username
Academic license - for non-commercial use only - expires 2025-08-28
Set parameter Threads to value 1
Set parameter Method to value 4
Gurobi Optimizer version 11.0.0 build v11.0.0rc2 (mac64[arm] - Darwin 23.5.0 23F79)

CPU model: Apple M3 Pro
Thread count: 12 physical cores, 12 logical processors, using up to 1 threads

Optimize a model with 3818 rows, 518 columns and 11486 nonzeros
Model fingerprint: 0x65e2e9d8
Variable types: 308 continuous, 210 integer (210 binary)
Coefficient statistics:
  Matrix range     [1e+00, 1e+00]
  Objective range  [1e+01, 3e+02]
  Bounds range     [1e+00, 1e+00]
  RHS range        [1e+00, 2e+00]
Presolve removed 646 rows and 91 columns
Presolve time: 0.01s
Presolved: 3172 rows, 427 columns, 9340 nonzeros
Variable types: 0 continuous, 427 integer (427 binary)
Found heuristic solution: objective 3905.0000000
Found heuristic solution: objective 3716.0000000

Root relaxation: objective 0.000000e+00, 218 iterations, 0.00 seconds (0.01 work units)

    Nodes    |    Current Node    |     Objective Bounds      |     Work
 Expl Unexpl |  Obj  Depth IntInf | Incumbent    BestBd   Gap | It/Node Time

     0     0    0.00000    0   42 3716.00000    0.00000   100%     -    0s
H    0     0                    1162.0000000    0.00000   100%     -    0s
H    0     0                    1152.0000000    0.00000   100%     -    0s
     0     0    0.00000    0  101 1152.00000    0.00000   100%     -    0s
     0     0    0.00000    0   84 1152.00000    0.00000   100%     -    0s
H    0     0                     865.0000000    0.00000   100%     -    0s
     0     0    0.00000    0   89  865.00000    0.00000   100%     -    0s
     0     0    0.00000    0  101  865.00000    0.00000   100%     -    0s
H    0     0                     825.0000000    0.00000   100%     -    0s
     0     0    0.00000    0   94  825.00000    0.00000   100%     -    0s
     0     0    0.00000    0   90  825.00000    0.00000   100%     -    0s
H    0     0                     776.0000000    0.00000   100%     -    0s
H    0     0                     739.0000000    0.00000   100%     -    0s
     0     0    0.00000    0   78  739.00000    0.00000   100%     -    0s
     0     0    0.00000    0  123  739.00000    0.00000   100%     -    0s
     0     0    0.00000    0  123  739.00000    0.00000   100%     -    0s
H    0     0                     702.0000000    0.00000   100%     -    0s
H    0     0                     687.0000000    0.00000   100%     -    0s
     0     2    0.00000    0   95  687.00000    0.00000   100%     -    0s
H  227   159                     654.0000000   11.00000  98.3%  60.1    1s
H  260   192                     647.0000000   11.00000  98.3%  68.0    1s
H  274   202                     616.0000000   11.00000  98.2%  66.4    1s
H  279   203                     588.0000000   11.00000  98.1%  65.9    1s
H  287   200                     576.0000000   11.00000  98.1%  64.5    1s
H  326   191                     496.0000000   11.00000  97.8%  62.3    1s
*  327   190              23     491.0000000   11.00000  97.8%  62.2    1s
H  328   182                     472.0000000   11.00000  97.7%  62.0    1s
H  339   173                     444.0000000   11.00000  97.5%  60.4    1s
H  437   232                     441.0000000   11.00000  97.5%  60.8    2s
H  471   245                     417.0000000   11.00000  97.4%  60.4    2s
  1206   512  402.25000   30   72  417.00000   23.00000  94.5%  51.1    5s
  3279  1272  216.87500   32   78  417.00000   87.00000  79.1%  36.0   10s
  5746  2386  268.16667   38   98  417.00000  112.00000  73.1%  32.2   15s
  7936  3267  322.16667   37   81  417.00000  124.75000  70.1%  32.2   20s
 10203  4026  208.50000   32  123  417.00000  135.00000  67.6%  32.6   29s
 10221  4038  337.83333   34  170  417.00000  135.00000  67.6%  32.5   30s
 11160  4336  135.00000   41  150  417.00000  135.00000  67.6%  34.6   35s
 12754  4572  300.62500   48   94  417.00000  135.00000  67.6%  35.3   40s
 14643  4752  199.00000   44  110  417.00000  135.00000  67.6%  35.7   45s
 16976  5091  199.60000   40  101  417.00000  135.00000  67.6%  35.3   50s
 19262  5330  210.50000   46   83  417.00000  143.66667  65.5%  34.9   55s
 21756  5514  404.19048   56   83  417.00000  153.00000  63.3%  34.6   60s
 24174  6268  360.50000   52   60  417.00000  162.40000  61.1%  34.5   65s
 26590  7260  318.25000   48   90  417.00000  168.50000  59.6%  34.1   70s
 28997  8204  284.00000   56   92  417.00000  175.00000  58.0%  33.9   75s
 31663  9167  352.65385   59  128  417.00000  181.00000  56.6%  33.5   80s
 34086 10008  248.66667   47  116  417.00000  186.14286  55.4%  33.3   85s
 36430 10756  228.00000   46   64  417.00000  190.50000  54.3%  33.2   90s
 38981 11641  216.62500   43  105  417.00000  196.00000  53.0%  33.0   95s
 41425 12464  301.66667   50   76  417.00000  198.60000  52.4%  32.9  100s
 44001 13289  411.73756   55  145  417.00000  202.75000  51.4%  32.7  105s
 46551 14029  349.44444   50   84  417.00000  206.00000  50.6%  32.6  110s
 49043 14845  310.42857   46   77  417.00000  209.00000  49.9%  32.5  115s
 51514 15503  351.00000   63   51  417.00000  212.00000  49.2%  32.5  120s
 53945 16229  409.28571   59   51  417.00000  214.50000  48.6%  32.3  125s
 56527 16993  315.95000   42  105  417.00000  216.93750  48.0%  32.2  130s
 59122 17712  252.70000   51  112  417.00000  219.75000  47.3%  32.1  135s
 61566 18360  235.00000   49   60  417.00000  222.25000  46.7%  32.0  140s
 64037 18999  347.00000   55   64  417.00000  224.50000  46.2%  31.9  145s
 66718 19754     cutoff   58       417.00000  227.00000  45.6%  31.8  150s
 69132 20342  372.12500   46   63  417.00000  229.50000  45.0%  31.8  155s
 71582 20944  231.50000   44   58  417.00000  231.50000  44.5%  31.7  160s
 74043 21535  332.25000   49   95  417.00000  233.40000  44.0%  31.7  165s
 76509 22105  344.93750   54  102  417.00000  235.50000  43.5%  31.8  170s
 79086 22833  321.44444   51   83  417.00000  237.41667  43.1%  31.6  175s
 81580 23420  312.00000   50  115  417.00000  239.00000  42.7%  31.6  180s
 84106 24033  391.25000   53   41  417.00000  240.90000  42.2%  31.5  185s
 86771 24589     cutoff   60       417.00000  242.75000  41.8%  31.5  190s
 89344 25254  372.65000   51   92  417.00000  244.00000  41.5%  31.4  195s
 91867 25829  319.79167   42   63  417.00000  246.00000  41.0%  31.3  200s
 94607 26447  298.00000   51   77  417.00000  247.00000  40.8%  31.3  205s
 97219 27067  301.00000   57  120  417.00000  248.83333  40.3%  31.2  210s
 99812 27640  276.00000   60  120  417.00000  250.16667  40.0%  31.1  215s
 102489 28211 infeasible   50       417.00000  251.66667  39.6%  31.1  220s
 105023 28824  315.66667   53   72  417.00000  253.00000  39.3%  31.0  225s
 107616 29394     cutoff   52       417.00000  254.50000  39.0%  31.0  230s
 110242 29937  360.25000   47   85  417.00000  255.68750  38.7%  30.9  235s
 112816 30484  323.86842   56  126  417.00000  257.00000  38.4%  30.9  240s
 115364 31055  373.33333   49   43  417.00000  258.00000  38.1%  30.9  245s
 117888 31540  377.54331   58  133  417.00000  259.10000  37.9%  30.8  250s
 120281 31964  333.73171   51  121  417.00000  260.50000  37.5%  30.8  255s
 122938 32534  280.85714   52   90  417.00000  262.00000  37.2%  30.7  260s
 125544 33028     cutoff   53       417.00000  263.00000  36.9%  30.7  265s
 128267 33501  327.50000   53   89  417.00000  264.50000  36.6%  30.6  270s
 130526 33902     cutoff   55       417.00000  265.66667  36.3%  30.6  275s
 133260 34448  405.20000   61   37  417.00000  266.52941  36.1%  30.5  280s
 136069 34859  309.07692   53   74  417.00000  267.83333  35.8%  30.5  285s
 138624 35396  396.00000   60   93  417.00000  268.90741  35.5%  30.4  290s
 141094 35834  303.66667   41   77  417.00000  269.94000  35.3%  30.3  295s
 143918 36358  409.50000   53   54  417.00000  271.00000  35.0%  30.3  300s
 146695 36891  360.28571   56   62  417.00000  271.85000  34.8%  30.2  305s
 149194 37386     cutoff   64       417.00000  272.83333  34.6%  30.2  310s
 151592 37799  308.70000   55   77  417.00000  273.66667  34.4%  30.1  315s
 154136 38231  359.00000   43   48  417.00000  274.90000  34.1%  30.1  320s
 156842 38662  344.20000   60   71  417.00000  275.75000  33.9%  30.0  325s
 159365 39026  330.22619   56   76  417.00000  276.77778  33.6%  30.0  330s
 161912 39381  347.95833   50   93  417.00000  277.75000  33.4%  29.9  335s
 164258 39754  313.61905   46   85  417.00000  278.62500  33.2%  29.9  340s
 166697 40148  333.20000   49   91  417.00000  279.31529  33.0%  29.8  345s
 169294 40491  296.80952   53   92  417.00000  280.25000  32.8%  29.8  350s
 172040 40958  397.00000   59   64  417.00000  281.00000  32.6%  29.7  355s
 174966 41302  392.56667   65  125  417.00000  282.00000  32.4%  29.7  360s
 177813 41736  407.62857   55  119  417.00000  283.00000  32.1%  29.6  365s
 180633 42198  353.00000   50   51  417.00000  284.00000  31.9%  29.6  370s
 183437 42577  364.83333   41   67  417.00000  284.83333  31.7%  29.5  375s
 186307 42962  358.30556   55   62  417.00000  285.88889  31.4%  29.5  380s
 188920 43302  368.26316   55   57  417.00000  286.51724  31.3%  29.5  385s
 191558 43598     cutoff   56       417.00000  287.50000  31.1%  29.4  390s
 194470 44011  335.00000   56   46  417.00000  288.50000  30.8%  29.4  395s
 197395 44444     cutoff   61       417.00000  289.25000  30.6%  29.3  400s
 200342 44819  354.50000   54   73  417.00000  290.00000  30.5%  29.3  405s
 203181 45159  356.75000   52   57  417.00000  291.00000  30.2%  29.2  410s
 205873 45509  316.30000   51   77  417.00000  291.57143  30.1%  29.2  415s
 208689 45801  319.27778   52   71  417.00000  292.47222  29.9%  29.1  420s
 211678 46148  336.88571   56   87  417.00000  293.13757  29.7%  29.1  425s
 214551 46433  393.00000   47   56  417.00000  294.00000  29.5%  29.0  430s
 217504 46810  400.00000   52   30  417.00000  295.00000  29.3%  29.0  435s
 220490 47150  353.76154   62  101  417.00000  295.66667  29.1%  29.0  440s
 223353 47432  314.66667   65  134  417.00000  296.33333  28.9%  28.9  445s
 226107 47709  391.57143   58   76  417.00000  297.08333  28.8%  28.9  450s
 229062 47983     cutoff   61       417.00000  298.00000  28.5%  28.8  455s
 231890 48293     cutoff   61       417.00000  298.91667  28.3%  28.8  460s
 234947 48601  399.64286   66   89  417.00000  299.50000  28.2%  28.7  465s
 237932 48917  333.66667   53   70  417.00000  300.33333  28.0%  28.7  470s
 241049 49256  401.50000   54   70  417.00000  301.00000  27.8%  28.7  475s
 243986 49519     cutoff   62       417.00000  302.00000  27.6%  28.6  480s
 247049 49754  342.16667   54   55  417.00000  302.73333  27.4%  28.6  485s
 250006 49951  335.66667   47   86  417.00000  303.50000  27.2%  28.5  490s
 253009 50194  375.00000   62   62  417.00000  304.16667  27.1%  28.5  495s
 256018 50438  320.50000   47   86  417.00000  305.00000  26.9%  28.4  500s
 259039 50597     cutoff   55       417.00000  305.95000  26.6%  28.4  505s
 261718 50694  355.08333   50   87  417.00000  306.50000  26.5%  28.4  510s
 264859 50838  374.00000   52   75  417.00000  307.25000  26.3%  28.3  515s
 267754 51030  374.40000   47   71  417.00000  308.00000  26.1%  28.3  520s
 270705 51309  398.18182   57   53  417.00000  308.89712  25.9%  28.2  525s
 273865 51511  380.60000   58  102  417.00000  309.57143  25.8%  28.2  530s
 276945 51730  414.33333   56   33  417.00000  310.33333  25.6%  28.1  535s
 280067 51872  414.66667   53   36  417.00000  311.04762  25.4%  28.1  540s
 283256 52092  320.50000   55   57  417.00000  312.00000  25.2%  28.0  545s
 286267 52163  380.00000   57   39  417.00000  312.80000  25.0%  28.0  550s
 289244 52315  350.50000   52   58  417.00000  313.33333  24.9%  28.0  555s
 292469 52460  377.71429   49   52  417.00000  314.00000  24.7%  27.9  560s
 295701 52623  398.50000   57   70  417.00000  314.80000  24.5%  27.9  565s
 298776 52700     cutoff   51       417.00000  315.50000  24.3%  27.8  570s
 301964 52928  362.25000   50   66  417.00000  316.00000  24.2%  27.8  575s
 304933 53054 infeasible   57       417.00000  316.66667  24.1%  27.7  580s
 307907 53198  339.03571   56   86  417.00000  317.06667  24.0%  27.7  585s
 311109 53349  347.28571   47   88  417.00000  318.00000  23.7%  27.7  590s
 314328 53411  411.12500   60   76  417.00000  318.50000  23.6%  27.6  595s
 317490 53455     cutoff   64       417.00000  319.08333  23.5%  27.6  600s
 320727 53584  369.50820   63   53  417.00000  320.00000  23.3%  27.5  605s
 323918 53611  339.50000   55   33  417.00000  320.50000  23.1%  27.5  610s
 327062 53750     cutoff   55       417.00000  321.00000  23.0%  27.4  615s
 330333 53747     cutoff   49       417.00000  321.95833  22.8%  27.4  620s
 333603 53824  359.00000   57   64  417.00000  322.50000  22.7%  27.4  625s
 336842 53794 infeasible   62       417.00000  323.00000  22.5%  27.3  630s
 340026 53863  389.80000   56   93  417.00000  323.80000  22.4%  27.3  635s
 343175 53899  379.61957   52  110  417.00000  324.44444  22.2%  27.2  640s
 346398 53859     cutoff   63       417.00000  325.00000  22.1%  27.2  645s
 349614 53847     cutoff   54       417.00000  325.66667  21.9%  27.1  650s
 352535 53848  362.37500   52   61  417.00000  326.19048  21.8%  27.1  655s
 355766 53809 infeasible   53       417.00000  327.00000  21.6%  27.1  660s
 358963 53770     cutoff   53       417.00000  327.50000  21.5%  27.0  665s
 362269 53801 infeasible   56       417.00000  328.00000  21.3%  27.0  670s
 365435 53805     cutoff   48       417.00000  328.66667  21.2%  26.9  675s
 368806 53755  356.10000   53   74  417.00000  329.20000  21.1%  26.9  680s
 371966 53681  370.75000   48  106  417.00000  330.00000  20.9%  26.9  685s
 374433 53655     cutoff   63       417.00000  330.33333  20.8%  26.8  690s
 377448 53636 infeasible   65       417.00000  331.00000  20.6%  26.8  695s
 380835 53530  399.00000   61   54  417.00000  331.59587  20.5%  26.7  700s
 384217 53545  386.66667   62   93  417.00000  332.00000  20.4%  26.7  705s
 387310 53448  386.37500   65   80  417.00000  332.91667  20.2%  26.7  710s
 390178 53310     cutoff   62       417.00000  333.40000  20.0%  26.6  715s
 392987 53227  384.50000   58   69  417.00000  334.00000  19.9%  26.6  720s
 396281 53094  393.00000   56   97  417.00000  334.50000  19.8%  26.6  725s
 399570 52890  404.50000   54   84  417.00000  335.28571  19.6%  26.5  730s
 402931 52671     cutoff   57       417.00000  336.00000  19.4%  26.5  735s
 406119 52449  368.28571   56   73  417.00000  336.75000  19.2%  26.5  740s
 409467 52203  398.50000   57   67  417.00000  337.47674  19.1%  26.4  745s
 412817 51984     cutoff   58       417.00000  338.02857  18.9%  26.4  750s
 416353 51700     cutoff   60       417.00000  339.00000  18.7%  26.3  755s
 419613 51409  369.50000   58   95  417.00000  339.50000  18.6%  26.3  760s
 423045 51271     cutoff   59       417.00000  340.00000  18.5%  26.3  765s
 426381 50904  346.87500   49   92  417.00000  340.80000  18.3%  26.2  770s
 429695 50621  392.83333   65   83  417.00000  341.43603  18.1%  26.2  775s
 433140 50364     cutoff   58       417.00000  342.00000  18.0%  26.2  780s
 436509 50040     cutoff   52       417.00000  342.86400  17.8%  26.1  785s
 439885 49682 infeasible   59       417.00000  343.47222  17.6%  26.1  790s
 443399 49408     cutoff   63       417.00000  344.00000  17.5%  26.0  795s
 446733 49076     cutoff   53       417.00000  344.83333  17.3%  26.0  800s
 449974 48765     cutoff   63       417.00000  345.33333  17.2%  26.0  805s
 453357 48355  357.50000   47   74  417.00000  346.00000  17.0%  25.9  810s
 456902 47905     cutoff   59       417.00000  346.75000  16.8%  25.9  815s
 460348 47466  376.92857   57   58  417.00000  347.45000  16.7%  25.9  820s
 463684 47097  351.00000   47   54  417.00000  348.00000  16.5%  25.8  825s
 467161 46669  410.33333   57   24  417.00000  349.00000  16.3%  25.8  830s
 470617 46187  396.94512   63  113  417.00000  349.57143  16.2%  25.8  835s
 474245 45772  354.33333   66   76  417.00000  350.33333  16.0%  25.7  840s
 478608 45136     cutoff   64       417.00000  351.25000  15.8%  25.7  845s
 483073 44402  356.08333   61   56  417.00000  352.21429  15.5%  25.7  850s
 487622 43719  364.50000   60   77  417.00000  353.20000  15.3%  25.6  855s
 492041 42943  369.46667   58   50  417.00000  354.20000  15.1%  25.6  860s
 496503 42157  402.65714   51   58  417.00000  355.25000  14.8%  25.5  865s
 501124 41357 infeasible   60       417.00000  356.25000  14.6%  25.5  870s
 505602 40444  361.00000   56   65  417.00000  357.33333  14.3%  25.4  875s
 509932 39632     cutoff   50       417.00000  358.19048  14.1%  25.4  880s
 514607 38687  384.00000   70   76  417.00000  359.25000  13.8%  25.3  885s
 519154 37709  380.25000   59   37  417.00000  360.40000  13.6%  25.3  890s
 523905 36576     cutoff   64       417.00000  361.66667  13.3%  25.2  895s
 528529 35446  388.00000   63  111  417.00000  363.00000  12.9%  25.2  900s
 533129 34281 infeasible   58       417.00000  364.00000  12.7%  25.1  905s
 537831 33018     cutoff   60       417.00000  365.26667  12.4%  25.1  910s
 542553 31684     cutoff   64       417.00000  366.66667  12.1%  25.0  915s
 547287 30358     cutoff   55       417.00000  368.00000  11.8%  25.0  920s
 552055 28952     cutoff   52       417.00000  369.44444  11.4%  24.9  925s
 556837 27378  407.00000   57   26  417.00000  371.00000  11.0%  24.9  930s
 561572 25918     cutoff   61       417.00000  372.50000  10.7%  24.8  935s
 566428 24190  398.41667   67   79  417.00000  374.14286  10.3%  24.7  940s
 571307 22343 infeasible   60       417.00000  376.00000  9.83%  24.7  945s
 576157 20434     cutoff   56       417.00000  378.00000  9.35%  24.6  950s
 580762 18611     cutoff   58       417.00000  380.00000  8.87%  24.5  955s
 585291 16598     cutoff   51       417.00000  382.00000  8.39%  24.5  960s
 590181 14230  391.37037   53   46  417.00000  384.77778  7.73%  24.4  965s
 595287 11708 infeasible   59       417.00000  387.66667  7.03%  24.3  970s
 600756  8690     cutoff   47       417.00000  391.50000  6.12%  24.2  975s
 606320  5064     cutoff   66       417.00000  397.83333  4.60%  24.1  980s
 612264   552  412.61905   57   56  417.00000  412.61905  1.05%  24.0  985s

Cutting planes:
  Gomory: 8
  Cover: 1
  Implied bound: 5
  MIR: 7
  Flow cover: 18
  Zero half: 34
  RLT: 27
  BQP: 20

Explored 612834 nodes (14699971 simplex iterations) in 985.54 seconds (1287.09 work units)
Thread count was 1 (of 12 available processors)

Solution count 10: 417 417 441 ... 616

Optimal solution found (tolerance 1.00e-04)
Best objective 4.170000000000e+02, best bound 4.170000000000e+02, gap 0.0000%
417.0
