Set parameter Username
Academic license - for non-commercial use only - expires 2025-08-28
Set parameter Threads to value 1
Set parameter Method to value 4
Gurobi Optimizer version 11.0.0 build v11.0.0rc2 (mac64[arm] - Darwin 23.5.0 23F79)

CPU model: Apple M3 Pro
Thread count: 12 physical cores, 12 logical processors, using up to 1 threads

Optimize a model with 3818 rows, 518 columns and 11486 nonzeros
Model fingerprint: 0xc49bd924
Variable types: 308 continuous, 210 integer (210 binary)
Coefficient statistics:
  Matrix range     [1e+00, 1e+00]
  Objective range  [1e+01, 3e+02]
  Bounds range     [1e+00, 1e+00]
  RHS range        [1e+00, 2e+00]
Presolve removed 646 rows and 91 columns
Presolve time: 0.01s
Presolved: 3172 rows, 427 columns, 9340 nonzeros
Variable types: 0 continuous, 427 integer (427 binary)
Found heuristic solution: objective 3905.0000000
Found heuristic solution: objective 3730.0000000

Root relaxation: objective 0.000000e+00, 218 iterations, 0.00 seconds (0.01 work units)

    Nodes    |    Current Node    |     Objective Bounds      |     Work
 Expl Unexpl |  Obj  Depth IntInf | Incumbent    BestBd   Gap | It/Node Time

     0     0    0.00000    0   42 3730.00000    0.00000   100%     -    0s
H    0     0                    1169.0000000    0.00000   100%     -    0s
H    0     0                    1159.0000000    0.00000   100%     -    0s
     0     0    0.00000    0  101 1159.00000    0.00000   100%     -    0s
     0     0    0.00000    0  108 1159.00000    0.00000   100%     -    0s
H    0     0                    1141.0000000    0.00000   100%     -    0s
H    0     0                     942.0000000    0.00000   100%     -    0s
H    0     0                     932.0000000    0.00000   100%     -    0s
     0     0    0.00000    0  119  932.00000    0.00000   100%     -    0s
     0     0    0.00000    0  121  932.00000    0.00000   100%     -    0s
H    0     0                     813.0000000    0.00000   100%     -    0s
H    0     0                     766.0000000    0.00000   100%     -    0s
     0     0    0.00000    0  119  766.00000    0.00000   100%     -    0s
     0     0    0.00000    0   89  766.00000    0.00000   100%     -    0s
     0     0    0.00000    0   87  766.00000    0.00000   100%     -    0s
H    0     0                     644.0000000    0.00000   100%     -    0s
H    0     0                     632.0000000    0.00000   100%     -    0s
H    0     0                     614.0000000    0.00000   100%     -    0s
     0     2    0.00000    0   87  614.00000    0.00000   100%     -    0s
H  139    95                     491.0000000   12.00000  97.6%  89.0    1s
H  150   102                     458.0000000   12.00000  97.4%  85.3    1s
*  151   103              30     455.0000000   12.00000  97.4%  84.8    1s
H  260   172                     447.0000000   12.00000  97.3%  70.4    1s
H  417   267                     424.0000000   12.00000  97.2%  61.7    1s
  1118   585  362.00000   40   50  424.00000   12.00000  97.2%  54.6    5s
  2844  1199  405.00000   25   59  424.00000   39.00000  90.8%  42.5   10s
  4829  2106     cutoff   50       424.00000   67.42857  84.1%  37.9   15s
  6459  2123  413.66667   39   96  424.00000  227.00000  46.5%  32.4   20s
  8832  1395     cutoff   47       424.00000  349.00000  17.7%  31.1   25s

Cutting planes:
  Zero half: 1

Explored 10450 nodes (346317 simplex iterations) in 28.05 seconds (34.66 work units)
Thread count was 1 (of 12 available processors)

Solution count 10: 424 447 455 ... 813

Optimal solution found (tolerance 1.00e-04)
Best objective 4.240000000000e+02, best bound 4.240000000000e+02, gap 0.0000%
424.0
