Set parameter Username
Academic license - for non-commercial use only - expires 2025-08-28
Set parameter Threads to value 1
Set parameter Method to value 4
Gurobi Optimizer version 11.0.0 build v11.0.0rc2 (mac64[arm] - Darwin 23.5.0 23F79)

CPU model: Apple M3 Pro
Thread count: 12 physical cores, 12 logical processors, using up to 1 threads

Optimize a model with 3818 rows, 518 columns and 11486 nonzeros
Model fingerprint: 0xf2fca083
Variable types: 308 continuous, 210 integer (210 binary)
Coefficient statistics:
  Matrix range     [1e+00, 1e+00]
  Objective range  [1e+01, 3e+02]
  Bounds range     [1e+00, 1e+00]
  RHS range        [1e+00, 2e+00]
Presolve removed 646 rows and 91 columns
Presolve time: 0.01s
Presolved: 3172 rows, 427 columns, 9340 nonzeros
Variable types: 0 continuous, 427 integer (427 binary)
Found heuristic solution: objective 3891.0000000
Found heuristic solution: objective 3723.0000000

Root relaxation: objective 0.000000e+00, 218 iterations, 0.01 seconds (0.01 work units)

    Nodes    |    Current Node    |     Objective Bounds      |     Work
 Expl Unexpl |  Obj  Depth IntInf | Incumbent    BestBd   Gap | It/Node Time

     0     0    0.00000    0   42 3723.00000    0.00000   100%     -    0s
H    0     0                    1163.0000000    0.00000   100%     -    0s
H    0     0                    1153.0000000    0.00000   100%     -    0s
     0     0    0.00000    0  101 1153.00000    0.00000   100%     -    0s
     0     0    0.00000    0   92 1153.00000    0.00000   100%     -    0s
H    0     0                     774.0000000    0.00000   100%     -    0s
H    0     0                     750.0000000    0.00000   100%     -    0s
     0     0    0.00000    0   90  750.00000    0.00000   100%     -    0s
     0     0    0.00000    0  105  750.00000    0.00000   100%     -    0s
     0     0    0.00000    0   87  750.00000    0.00000   100%     -    0s
     0     0    0.00000    0  116  750.00000    0.00000   100%     -    0s
H    0     0                     714.0000000    0.00000   100%     -    0s
     0     0    0.00000    0  112  714.00000    0.00000   100%     -    0s
     0     0    0.00000    0  123  714.00000    0.00000   100%     -    0s
     0     0    0.00000    0  123  714.00000    0.00000   100%     -    0s
H    0     0                     640.0000000    0.00000   100%     -    0s
     0     2    0.00000    0  105  640.00000    0.00000   100%     -    0s
H   54    34                     505.0000000   12.00000  97.6%  54.2    0s
H  106    57                     441.0000000   12.00000  97.3%  50.0    0s
H  327   182                     417.0000000   14.40000  96.5%  45.6    1s
  1353   600  298.00000   48   83  417.00000   21.00000  95.0%  42.3    5s
  2682   969  101.33333   28   64  417.00000   72.50000  82.6%  37.2   10s
  4199  1462  370.30000   31   77  417.00000   93.50000  77.6%  34.1   15s
  5816  1982  374.50000   37  135  417.00000  113.88235  72.7%  33.2   20s
  7610  2481  242.66667   20   62  417.00000  136.00000  67.4%  32.1   25s
  9380  3058     cutoff   34       417.00000  145.00000  65.2%  31.4   30s
 10203  3270  280.00000   43  123  417.00000  149.33333  64.2%  31.2   37s
 10407  3315  336.00000   57   95  417.00000  174.06250  58.3%  29.6   40s
 12086  3482  398.33333   56  100  417.00000  242.75000  41.8%  31.0   45s
 14270  3420  357.00000   36   98  417.00000  284.50000  31.8%  31.6   50s
 16639  3004     cutoff   45       417.00000  307.00000  26.4%  31.6   55s
 19160  2241  402.00000   42   40  417.00000  326.71429  21.7%  31.4   60s
 21773  1849  383.86667   46   80  417.00000  345.00000  17.3%  30.9   65s
 24831  1510  395.00000   52   61  417.00000  365.26316  12.4%  30.3   70s
 27994   680  409.00000   44   65  417.00000  394.00000  5.52%  29.3   75s

Cutting planes:
  Gomory: 3
  Lift-and-project: 1
  Cover: 2
  Implied bound: 5
  Flow cover: 21
  Zero half: 50
  RLT: 17
  BQP: 13

Explored 29150 nodes (869862 simplex iterations) in 76.56 seconds (94.10 work units)
Thread count was 1 (of 12 available processors)

Solution count 10: 417 441 505 ... 3723

Optimal solution found (tolerance 1.00e-04)
Best objective 4.170000000000e+02, best bound 4.170000000000e+02, gap 0.0000%
417.0
