Set parameter Username
Academic license - for non-commercial use only - expires 2025-08-28
Set parameter Threads to value 1
Set parameter Method to value 4
Gurobi Optimizer version 11.0.0 build v11.0.0rc2 (mac64[arm] - Darwin 23.5.0 23F79)

CPU model: Apple M3 Pro
Thread count: 12 physical cores, 12 logical processors, using up to 1 threads

Optimize a model with 3818 rows, 518 columns and 11486 nonzeros
Model fingerprint: 0x446db9ef
Variable types: 308 continuous, 210 integer (210 binary)
Coefficient statistics:
  Matrix range     [1e+00, 1e+00]
  Objective range  [1e+01, 3e+02]
  Bounds range     [1e+00, 1e+00]
  RHS range        [1e+00, 2e+00]
Presolve removed 646 rows and 91 columns
Presolve time: 0.01s
Presolved: 3172 rows, 427 columns, 9340 nonzeros
Variable types: 0 continuous, 427 integer (427 binary)
Found heuristic solution: objective 3863.0000000
Found heuristic solution: objective 3737.0000000

Root relaxation: objective 0.000000e+00, 218 iterations, 0.01 seconds (0.01 work units)

    Nodes    |    Current Node    |     Objective Bounds      |     Work
 Expl Unexpl |  Obj  Depth IntInf | Incumbent    BestBd   Gap | It/Node Time

     0     0    0.00000    0   42 3737.00000    0.00000   100%     -    0s
H    0     0                    1175.0000000    0.00000   100%     -    0s
H    0     0                    1165.0000000    0.00000   100%     -    0s
     0     0    0.00000    0  101 1165.00000    0.00000   100%     -    0s
H    0     0                    1014.0000000    0.00000   100%     -    0s
H    0     0                     755.0000000    0.00000   100%     -    0s
     0     0    0.00000    0  116  755.00000    0.00000   100%     -    0s
     0     0    0.00000    0  115  755.00000    0.00000   100%     -    0s
     0     0    0.00000    0  122  755.00000    0.00000   100%     -    0s
H    0     0                     720.0000000    0.00000   100%     -    0s
H    0     0                     639.0000000    0.00000   100%     -    0s
     0     0    0.00000    0  119  639.00000    0.00000   100%     -    0s
     0     0    0.00000    0  118  639.00000    0.00000   100%     -    0s
     0     0    0.00000    0  118  639.00000    0.00000   100%     -    0s
     0     0    0.00000    0   78  639.00000    0.00000   100%     -    0s
     0     0    0.00000    0   78  639.00000    0.00000   100%     -    0s
     0     2    0.00000    0   78  639.00000    0.00000   100%     -    0s
H   52    38                     628.0000000    0.00000   100%  53.9    0s
H  216   130                     572.0000000    0.00000   100%  48.8    1s
*  228   138              26     555.0000000    0.00000   100%  48.0    1s
H  315   169                     498.0000000    0.00000   100%  50.4    1s
H  327   176                     470.0000000    0.00000   100%  51.2    1s
H  341   184                     449.0000000    0.00000   100%  52.2    1s
H  462   255                     434.0000000    0.00000   100%  52.1    2s
  1110   527  108.00000   26   98  434.00000   34.00000  92.2%  47.6    5s
H 2031   792                     431.0000000   57.25000  86.7%  38.2    8s
  2584  1051  247.10000   25  103  431.00000   68.25000  84.2%  35.8   10s
  4502  1937  153.66667   30   94  431.00000   94.00000  78.2%  32.2   15s
  6223  2438  410.86515   40  125  431.00000  189.00000  56.1%  32.8   20s
  8587  2509 infeasible   55       431.00000  267.00000  38.1%  31.5   25s
 11234  2394  406.35000   41   74  431.00000  282.00000  34.6%  30.9   30s
 14021  2662  405.28571   58   62  431.00000  300.00000  30.4%  30.6   35s
 15303  2725  387.00000   43   51  431.00000  309.00000  28.3%  30.6   44s
 15853  2788  396.25000   52   94  431.00000  311.44444  27.7%  30.7   45s
 18329  2865  357.59574   47   95  431.00000  330.00000  23.4%  31.4   50s
 20867  2716  411.61538   63   64  431.00000  346.75000  19.5%  32.3   55s
 23555  2359     cutoff   47       431.00000  362.77778  15.8%  32.7   60s
 26380  1622  389.55000   48   76  431.00000  381.00000  11.6%  32.6   65s

Cutting planes:
  Gomory: 1
  Implied bound: 17
  Flow cover: 4
  Zero half: 33
  RLT: 41
  BQP: 42

Explored 29254 nodes (935414 simplex iterations) in 69.31 seconds (87.19 work units)
Thread count was 1 (of 12 available processors)

Solution count 10: 431 434 449 ... 720

Optimal solution found (tolerance 1.00e-04)
Best objective 4.310000000000e+02, best bound 4.310000000000e+02, gap 0.0000%
431.0
