Set parameter Username
Academic license - for non-commercial use only - expires 2025-08-28
Set parameter Threads to value 1
Set parameter Method to value 4
Gurobi Optimizer version 11.0.0 build v11.0.0rc2 (mac64[arm] - Darwin 23.5.0 23F79)

CPU model: Apple M3 Pro
Thread count: 12 physical cores, 12 logical processors, using up to 1 threads

Optimize a model with 506 rows, 158 columns and 1454 nonzeros
Model fingerprint: 0xb848b8ed
Variable types: 116 continuous, 42 integer (42 binary)
Coefficient statistics:
  Matrix range     [1e+00, 1e+00]
  Objective range  [1e+01, 3e+02]
  Bounds range     [1e+00, 1e+00]
  RHS range        [1e+00, 2e+00]
Found heuristic solution: objective 3155.0000000
Presolve removed 262 rows and 43 columns
Presolve time: 0.00s
Presolved: 244 rows, 115 columns, 680 nonzeros
Variable types: 0 continuous, 115 integer (115 binary)
Found heuristic solution: objective 2383.0000000

Root relaxation: objective 0.000000e+00, 33 iterations, 0.00 seconds (0.00 work units)

    Nodes    |    Current Node    |     Objective Bounds      |     Work
 Expl Unexpl |  Obj  Depth IntInf | Incumbent    BestBd   Gap | It/Node Time

     0     0    0.00000    0   30 2383.00000    0.00000   100%     -    0s
H    0     0                    1744.0000000    0.00000   100%     -    0s
     0     0  397.50000    0   48 1744.00000  397.50000  77.2%     -    0s
     0     0  435.50000    0   55 1744.00000  435.50000  75.0%     -    0s
H    0     0                    1574.0000000  435.50000  72.3%     -    0s
     0     0  561.25000    0   62 1574.00000  561.25000  64.3%     -    0s
     0     0  561.25000    0   64 1574.00000  561.25000  64.3%     -    0s
     0     0  675.00000    0   74 1574.00000  675.00000  57.1%     -    0s
     0     0  704.07692    0  104 1574.00000  704.07692  55.3%     -    0s
     0     0  713.47727    0  105 1574.00000  713.47727  54.7%     -    0s
     0     0  713.84091    0  105 1574.00000  713.84091  54.6%     -    0s
     0     0  779.00000    0   98 1574.00000  779.00000  50.5%     -    0s
     0     0  784.40625    0   99 1574.00000  784.40625  50.2%     -    0s
     0     0  785.50000    0   99 1574.00000  785.50000  50.1%     -    0s
     0     0  785.63636    0   99 1574.00000  785.63636  50.1%     -    0s
     0     0  814.00000    0   96 1574.00000  814.00000  48.3%     -    0s
H    0     0                    1381.0000000  814.00000  41.1%     -    0s
     0     0  829.50000    0   98 1381.00000  829.50000  39.9%     -    0s
     0     0  833.15625    0  102 1381.00000  833.15625  39.7%     -    0s
     0     0  833.30769    0  102 1381.00000  833.30769  39.7%     -    0s
     0     0  846.20000    0   99 1381.00000  846.20000  38.7%     -    0s
     0     0  848.36364    0  102 1381.00000  848.36364  38.6%     -    0s
     0     0  849.69697    0  103 1381.00000  849.69697  38.5%     -    0s
     0     0  877.19444    0  104 1381.00000  877.19444  36.5%     -    0s
     0     0  878.75000    0  100 1381.00000  878.75000  36.4%     -    0s
     0     0  881.05213    0  107 1381.00000  881.05213  36.2%     -    0s
     0     0  881.37500    0  107 1381.00000  881.37500  36.2%     -    0s
     0     0  895.25000    0   90 1381.00000  895.25000  35.2%     -    0s
     0     0  906.90000    0   90 1381.00000  906.90000  34.3%     -    0s
     0     0  907.50000    0  100 1381.00000  907.50000  34.3%     -    0s
     0     0  919.87500    0   97 1381.00000  919.87500  33.4%     -    0s
     0     0  920.70000    0  102 1381.00000  920.70000  33.3%     -    0s
     0     0  921.30000    0  102 1381.00000  921.30000  33.3%     -    0s
     0     0  930.37500    0  102 1381.00000  930.37500  32.6%     -    0s
     0     0  931.86364    0  104 1381.00000  931.86364  32.5%     -    0s
     0     0  931.87500    0  102 1381.00000  931.87500  32.5%     -    0s
     0     0  943.50000    0   52 1381.00000  943.50000  31.7%     -    0s
     0     0  948.04800    0  109 1381.00000  948.04800  31.4%     -    0s
     0     0  949.50000    0   52 1381.00000  949.50000  31.2%     -    0s
     0     0  952.06008    0  107 1381.00000  952.06008  31.1%     -    0s
     0     0  952.89535    0  109 1381.00000  952.89535  31.0%     -    0s
     0     0  953.13636    0  108 1381.00000  953.13636  31.0%     -    0s
     0     0  957.66667    0   91 1381.00000  957.66667  30.7%     -    0s
     0     0  959.60000    0   90 1381.00000  959.60000  30.5%     -    0s
     0     0  962.33333    0   83 1381.00000  962.33333  30.3%     -    0s
     0     0  964.02778    0  109 1381.00000  964.02778  30.2%     -    0s
     0     0  964.02778    0  109 1381.00000  964.02778  30.2%     -    0s
     0     2  965.57692    0  109 1381.00000  965.57692  30.1%     -    0s

Cutting planes:
  Gomory: 1
  Clique: 3
  MIR: 42
  Zero half: 35
  RLT: 13
  BQP: 9

Explored 7 nodes (1164 simplex iterations) in 0.11 seconds (0.10 work units)
Thread count was 1 (of 12 available processors)

Solution count 5: 1381 1574 1744 ... 3155

Optimal solution found (tolerance 1.00e-04)
Best objective 1.381000000000e+03, best bound 1.381000000000e+03, gap 0.0000%
1381.0
