Set parameter Username
Academic license - for non-commercial use only - expires 2025-08-28
Set parameter Threads to value 1
Set parameter Method to value 4
Gurobi Optimizer version 11.0.0 build v11.0.0rc2 (mac64[arm] - Darwin 23.5.0 23F79)

CPU model: Apple M3 Pro
Thread count: 12 physical cores, 12 logical processors, using up to 1 threads

Optimize a model with 545 rows, 169 columns and 1566 nonzeros
Model fingerprint: 0x24879f53
Variable types: 125 continuous, 44 integer (44 binary)
Coefficient statistics:
  Matrix range     [1e+00, 1e+00]
  Objective range  [1e+01, 3e+02]
  Bounds range     [1e+00, 1e+00]
  RHS range        [1e+00, 2e+00]
Presolve removed 283 rows and 46 columns
Presolve time: 0.00s
Presolved: 262 rows, 123 columns, 730 nonzeros
Variable types: 0 continuous, 123 integer (123 binary)
Found heuristic solution: objective 3489.0000000
Found heuristic solution: objective 3395.0000000

Root relaxation: objective 0.000000e+00, 32 iterations, 0.00 seconds (0.00 work units)

    Nodes    |    Current Node    |     Objective Bounds      |     Work
 Expl Unexpl |  Obj  Depth IntInf | Incumbent    BestBd   Gap | It/Node Time

     0     0    0.00000    0   31 3395.00000    0.00000   100%     -    0s
H    0     0                    2431.0000000    0.00000   100%     -    0s
     0     0  431.00000    0   49 2431.00000  431.00000  82.3%     -    0s
H    0     0                    2014.0000000  431.00000  78.6%     -    0s
H    0     0                    1983.0000000  431.00000  78.3%     -    0s
     0     0  439.50000    0   48 1983.00000  439.50000  77.8%     -    0s
     0     0  483.00000    0   54 1983.00000  483.00000  75.6%     -    0s
H    0     0                    1381.0000000  483.00000  65.0%     -    0s
     0     0  483.00000    0   53 1381.00000  483.00000  65.0%     -    0s
     0     0  615.75000    0   70 1381.00000  615.75000  55.4%     -    0s
     0     0  704.00000    0   90 1381.00000  704.00000  49.0%     -    0s
     0     0  729.50000    0   88 1381.00000  729.50000  47.2%     -    0s
     0     0  729.50000    0   87 1381.00000  729.50000  47.2%     -    0s
     0     0  736.50000    0   92 1381.00000  736.50000  46.7%     -    0s
     0     0  745.50000    0   99 1381.00000  745.50000  46.0%     -    0s
     0     0  790.00000    0   86 1381.00000  790.00000  42.8%     -    0s
     0     0  799.00000    0   89 1381.00000  799.00000  42.1%     -    0s
     0     0  846.86364    0  102 1381.00000  846.86364  38.7%     -    0s
     0     0  850.38462    0  103 1381.00000  850.38462  38.4%     -    0s
     0     0  850.60000    0   99 1381.00000  850.60000  38.4%     -    0s
     0     0  875.71429    0  105 1381.00000  875.71429  36.6%     -    0s
     0     0  880.33333    0  113 1381.00000  880.33333  36.3%     -    0s
     0     0  881.50000    0  107 1381.00000  881.50000  36.2%     -    0s
     0     0  881.71429    0  113 1381.00000  881.71429  36.2%     -    0s
     0     0  914.18333    0  113 1381.00000  914.18333  33.8%     -    0s
     0     0  925.00000    0  106 1381.00000  925.00000  33.0%     -    0s
     0     0  925.90909    0  111 1381.00000  925.90909  33.0%     -    0s
     0     0  926.07143    0  111 1381.00000  926.07143  32.9%     -    0s
     0     0  944.27778    0  113 1381.00000  944.27778  31.6%     -    0s
     0     0  947.12500    0  107 1381.00000  947.12500  31.4%     -    0s
     0     0  947.31250    0  109 1381.00000  947.31250  31.4%     -    0s
     0     0  949.12500    0  114 1381.00000  949.12500  31.3%     -    0s
     0     0  949.12500    0  114 1381.00000  949.12500  31.3%     -    0s
     0     2  955.00000    0  114 1381.00000  955.00000  30.8%     -    0s

Cutting planes:
  Clique: 10
  MIR: 33
  Zero half: 39
  RLT: 18
  BQP: 11

Explored 5 nodes (962 simplex iterations) in 0.10 seconds (0.10 work units)
Thread count was 1 (of 12 available processors)

Solution count 6: 1381 1983 2014 ... 3489

Optimal solution found (tolerance 1.00e-04)
Best objective 1.381000000000e+03, best bound 1.381000000000e+03, gap 0.0000%
1381.0
