Set parameter Username
Academic license - for non-commercial use only - expires 2025-08-28
Set parameter Threads to value 1
Set parameter Method to value 4
Gurobi Optimizer version 11.0.0 build v11.0.0rc2 (mac64[arm] - Darwin 23.5.0 23F79)

CPU model: Apple M3 Pro
Thread count: 12 physical cores, 12 logical processors, using up to 1 threads

Optimize a model with 506 rows, 158 columns and 1454 nonzeros
Model fingerprint: 0x564bff89
Variable types: 116 continuous, 42 integer (42 binary)
Coefficient statistics:
  Matrix range     [1e+00, 1e+00]
  Objective range  [1e+01, 3e+02]
  Bounds range     [1e+00, 1e+00]
  RHS range        [1e+00, 2e+00]
Found heuristic solution: objective 3078.0000000
Presolve removed 262 rows and 43 columns
Presolve time: 0.00s
Presolved: 244 rows, 115 columns, 680 nonzeros
Variable types: 0 continuous, 115 integer (115 binary)
Found heuristic solution: objective 2306.0000000

Root relaxation: objective 0.000000e+00, 33 iterations, 0.00 seconds (0.00 work units)

    Nodes    |    Current Node    |     Objective Bounds      |     Work
 Expl Unexpl |  Obj  Depth IntInf | Incumbent    BestBd   Gap | It/Node Time

     0     0    0.00000    0   30 2306.00000    0.00000   100%     -    0s
H    0     0                    1986.0000000    0.00000   100%     -    0s
     0     0  378.50000    0   46 1986.00000  378.50000  80.9%     -    0s
     0     0  381.50000    0   47 1986.00000  381.50000  80.8%     -    0s
     0     0  418.50000    0   54 1986.00000  418.50000  78.9%     -    0s
     0     0  543.25000    0   73 1986.00000  543.25000  72.6%     -    0s
     0     0  564.00000    0   60 1986.00000  564.00000  71.6%     -    0s
     0     0  567.00000    0   62 1986.00000  567.00000  71.5%     -    0s
     0     0  630.50000    0   71 1986.00000  630.50000  68.3%     -    0s
H    0     0                    1364.0000000  630.50000  53.8%     -    0s
     0     0  646.50000    0   72 1364.00000  646.50000  52.6%     -    0s
     0     0  646.50000    0   74 1364.00000  646.50000  52.6%     -    0s
     0     0  689.01613    0  100 1364.00000  689.01613  49.5%     -    0s
     0     0  691.93750    0   85 1364.00000  691.93750  49.3%     -    0s
     0     0  692.31000    0   97 1364.00000  692.31000  49.2%     -    0s
     0     0  713.00000    0   67 1364.00000  713.00000  47.7%     -    0s
     0     0  719.50000    0   68 1364.00000  719.50000  47.3%     -    0s
     0     0  743.12500    0   83 1364.00000  743.12500  45.5%     -    0s
H    0     0                    1304.0000000  743.12500  43.0%     -    0s
     0     0  753.75000    0   83 1304.00000  753.75000  42.2%     -    0s
     0     0  754.87500    0   85 1304.00000  754.87500  42.1%     -    0s
     0     0  756.75000    0   83 1304.00000  756.75000  42.0%     -    0s
     0     0  778.16667    0   97 1304.00000  778.16667  40.3%     -    0s
     0     0  780.50000    0  101 1304.00000  780.50000  40.1%     -    0s
     0     0  780.66667    0  104 1304.00000  780.66667  40.1%     -    0s
     0     0  848.00000    0   73 1304.00000  848.00000  35.0%     -    0s
     0     0  858.50000    0   75 1304.00000  858.50000  34.2%     -    0s
     0     0  883.54167    0  106 1304.00000  883.54167  32.2%     -    0s
     0     0  887.00000    0   57 1304.00000  887.00000  32.0%     -    0s
     0     0  887.58730    0  109 1304.00000  887.58730  31.9%     -    0s
     0     0  887.68750    0  108 1304.00000  887.68750  31.9%     -    0s
     0     0  899.26667    0  110 1304.00000  899.26667  31.0%     -    0s
     0     0  900.69444    0  110 1304.00000  900.69444  30.9%     -    0s
     0     0  901.11765    0  110 1304.00000  901.11765  30.9%     -    0s
     0     0  902.73611    0  110 1304.00000  902.73611  30.8%     -    0s
     0     0  902.73611    0  110 1304.00000  902.73611  30.8%     -    0s
     0     2  903.52500    0  110 1304.00000  903.52500  30.7%     -    0s

Cutting planes:
  Gomory: 1
  Clique: 9
  MIR: 37
  Zero half: 31
  RLT: 8
  BQP: 8

Explored 7 nodes (1201 simplex iterations) in 0.10 seconds (0.10 work units)
Thread count was 1 (of 12 available processors)

Solution count 5: 1304 1364 1986 ... 3078

Optimal solution found (tolerance 1.00e-04)
Best objective 1.304000000000e+03, best bound 1.304000000000e+03, gap 0.0000%
1304.0
