Set parameter Username
Academic license - for non-commercial use only - expires 2025-08-28
Set parameter Threads to value 1
Set parameter Method to value 4
Gurobi Optimizer version 11.0.0 build v11.0.0rc2 (mac64[arm] - Darwin 23.5.0 23F79)

CPU model: Apple M3 Pro
Thread count: 12 physical cores, 12 logical processors, using up to 1 threads

Optimize a model with 506 rows, 158 columns and 1454 nonzeros
Model fingerprint: 0xe7337395
Variable types: 116 continuous, 42 integer (42 binary)
Coefficient statistics:
  Matrix range     [1e+00, 1e+00]
  Objective range  [1e+01, 3e+02]
  Bounds range     [1e+00, 1e+00]
  RHS range        [1e+00, 2e+00]
Found heuristic solution: objective 3148.0000000
Presolve removed 262 rows and 43 columns
Presolve time: 0.00s
Presolved: 244 rows, 115 columns, 680 nonzeros
Variable types: 0 continuous, 115 integer (115 binary)
Found heuristic solution: objective 2376.0000000

Root relaxation: objective 0.000000e+00, 33 iterations, 0.00 seconds (0.00 work units)

    Nodes    |    Current Node    |     Objective Bounds      |     Work
 Expl Unexpl |  Obj  Depth IntInf | Incumbent    BestBd   Gap | It/Node Time

     0     0    0.00000    0   30 2376.00000    0.00000   100%     -    0s
     0     0  403.00000    0   45 2376.00000  403.00000  83.0%     -    0s
H    0     0                    2007.0000000  403.00000  79.9%     -    0s
H    0     0                    1657.0000000  403.00000  75.7%     -    0s
     0     0  409.00000    0   44 1657.00000  409.00000  75.3%     -    0s
     0     0  451.66667    0   58 1657.00000  451.66667  72.7%     -    0s
H    0     0                    1567.0000000  451.66667  71.2%     -    0s
H    0     0                    1374.0000000  451.66667  67.1%     -    0s
     0     0  453.00000    0   53 1374.00000  453.00000  67.0%     -    0s
     0     0  453.00000    0   53 1374.00000  453.00000  67.0%     -    0s
     0     0  534.50000    0   62 1374.00000  534.50000  61.1%     -    0s
     0     0  534.50000    0   61 1374.00000  534.50000  61.1%     -    0s
     0     0  625.25000    0   75 1374.00000  625.25000  54.5%     -    0s
     0     0  635.00000    0   66 1374.00000  635.00000  53.8%     -    0s
     0     0  647.00000    0   68 1374.00000  647.00000  52.9%     -    0s
     0     0  674.85000    0   84 1374.00000  674.85000  50.9%     -    0s
     0     0  675.30000    0   86 1374.00000  675.30000  50.9%     -    0s
     0     0  675.30000    0   87 1374.00000  675.30000  50.9%     -    0s
     0     0  701.96429    0   90 1374.00000  701.96429  48.9%     -    0s
     0     0  704.41667    0   92 1374.00000  704.41667  48.7%     -    0s
     0     0  704.50000    0   94 1374.00000  704.50000  48.7%     -    0s
     0     0  760.21429    0   95 1374.00000  760.21429  44.7%     -    0s
     0     0  761.57143    0   98 1374.00000  761.57143  44.6%     -    0s
     0     0  807.00000    0   93 1374.00000  807.00000  41.3%     -    0s
     0     0  810.00000    0   86 1374.00000  810.00000  41.0%     -    0s
     0     0  849.50000    0   67 1374.00000  849.50000  38.2%     -    0s
     0     0  873.25000    0   77 1374.00000  873.25000  36.4%     -    0s
     0     0  876.25000    0   76 1374.00000  876.25000  36.2%     -    0s
     0     0  903.75000    0   77 1374.00000  903.75000  34.2%     -    0s
     0     0  916.98167    0  109 1374.00000  916.98167  33.3%     -    0s
     0     0  922.91667    0   87 1374.00000  922.91667  32.8%     -    0s
     0     0  923.04762    0  106 1374.00000  923.04762  32.8%     -    0s
     0     0  932.81579    0  107 1374.00000  932.81579  32.1%     -    0s
     0     0  932.94118    0  109 1374.00000  932.94118  32.1%     -    0s
     0     0  945.79727    0  108 1374.00000  945.79727  31.2%     -    0s
     0     0  952.97409    0  110 1374.00000  952.97409  30.6%     -    0s
     0     0  953.96875    0  109 1374.00000  953.96875  30.6%     -    0s
     0     0  953.97183    0  109 1374.00000  953.97183  30.6%     -    0s
     0     0  955.03401    0  110 1374.00000  955.03401  30.5%     -    0s
     0     0  956.41898    0  111 1374.00000  956.41898  30.4%     -    0s
     0     0  956.61299    0  111 1374.00000  956.61299  30.4%     -    0s
     0     0  958.60138    0  109 1374.00000  958.60138  30.2%     -    0s
     0     0  958.60138    0  109 1374.00000  958.60138  30.2%     -    0s
     0     2  960.04186    0  109 1374.00000  960.04186  30.1%     -    0s

Cutting planes:
  Clique: 10
  MIR: 37
  Zero half: 29
  RLT: 8
  BQP: 8

Explored 7 nodes (1153 simplex iterations) in 0.11 seconds (0.11 work units)
Thread count was 1 (of 12 available processors)

Solution count 6: 1374 1567 1657 ... 3148

Optimal solution found (tolerance 1.00e-04)
Best objective 1.374000000000e+03, best bound 1.374000000000e+03, gap 0.0000%
1374.0
