Set parameter Username
Academic license - for non-commercial use only - expires 2025-08-28
Set parameter Threads to value 1
Set parameter Method to value 4
Gurobi Optimizer version 11.0.0 build v11.0.0rc2 (mac64[arm] - Darwin 23.5.0 23F79)

CPU model: Apple M3 Pro
Thread count: 12 physical cores, 12 logical processors, using up to 1 threads

Optimize a model with 545 rows, 169 columns and 1566 nonzeros
Model fingerprint: 0x9fd4d25e
Variable types: 125 continuous, 44 integer (44 binary)
Coefficient statistics:
  Matrix range     [1e+00, 1e+00]
  Objective range  [1e+01, 3e+02]
  Bounds range     [1e+00, 1e+00]
  RHS range        [1e+00, 2e+00]
Presolve removed 283 rows and 46 columns
Presolve time: 0.01s
Presolved: 262 rows, 123 columns, 730 nonzeros
Variable types: 0 continuous, 123 integer (123 binary)
Found heuristic solution: objective 3503.0000000
Found heuristic solution: objective 3406.0000000

Root relaxation: objective 0.000000e+00, 32 iterations, 0.00 seconds (0.00 work units)

    Nodes    |    Current Node    |     Objective Bounds      |     Work
 Expl Unexpl |  Obj  Depth IntInf | Incumbent    BestBd   Gap | It/Node Time

     0     0    0.00000    0   31 3406.00000    0.00000   100%     -    0s
H    0     0                    2445.0000000    0.00000   100%     -    0s
     0     0  435.00000    0   49 2445.00000  435.00000  82.2%     -    0s
H    0     0                    1588.0000000  435.00000  72.6%     -    0s
     0     0  444.50000    0   48 1588.00000  444.50000  72.0%     -    0s
     0     0  491.16667    0   63 1588.00000  491.16667  69.1%     -    0s
     0     0  491.50000    0   61 1588.00000  491.50000  69.0%     -    0s
     0     0  491.50000    0   62 1588.00000  491.50000  69.0%     -    0s
     0     0  652.25000    0   84 1588.00000  652.25000  58.9%     -    0s
H    0     0                    1455.0000000  652.25000  55.2%     -    0s
     0     0  672.00000    0   80 1455.00000  672.00000  53.8%     -    0s
     0     0  751.50000    0   89 1455.00000  751.50000  48.4%     -    0s
     0     0  754.30000    0  100 1455.00000  754.30000  48.2%     -    0s
     0     0  755.50000    0  100 1455.00000  755.50000  48.1%     -    0s
     0     0  837.25000    0  102 1455.00000  837.25000  42.5%     -    0s
     0     0  839.45833    0  100 1455.00000  839.45833  42.3%     -    0s
     0     0  839.81250    0  102 1455.00000  839.81250  42.3%     -    0s
     0     0  876.75000    0  104 1455.00000  876.75000  39.7%     -    0s
     0     0  887.93103    0  105 1455.00000  887.93103  39.0%     -    0s
     0     0  890.07143    0  105 1455.00000  890.07143  38.8%     -    0s
     0     0  891.39583    0  106 1455.00000  891.39583  38.7%     -    0s
     0     0  891.46212    0  108 1455.00000  891.46212  38.7%     -    0s
     0     0  913.50000    0   52 1455.00000  913.50000  37.2%     -    0s
H    0     0                    1395.0000000  913.50000  34.5%     -    0s
     0     0  931.00000    0   63 1395.00000  931.00000  33.3%     -    0s
     0     0  940.00000    0   92 1395.00000  940.00000  32.6%     -    0s
     0     0  940.34375    0  106 1395.00000  940.34375  32.6%     -    0s
     0     0  967.72727    0  111 1395.00000  967.72727  30.6%     -    0s
     0     0  969.83333    0   84 1395.00000  969.83333  30.5%     -    0s
     0     0  973.39474    0  111 1395.00000  973.39474  30.2%     -    0s
     0     0  991.26316    0  107 1395.00000  991.26316  28.9%     -    0s
     0     0  993.66667    0   81 1395.00000  993.66667  28.8%     -    0s
     0     0  994.27083    0  108 1395.00000  994.27083  28.7%     -    0s
     0     0  998.50000    0  108 1395.00000  998.50000  28.4%     -    0s
     0     0 1001.40645    0  119 1395.00000 1001.40645  28.2%     -    0s
     0     0 1001.85450    0  112 1395.00000 1001.85450  28.2%     -    0s
     0     0 1007.40323    0  116 1395.00000 1007.40323  27.8%     -    0s
     0     0 1008.11141    0  118 1395.00000 1008.11141  27.7%     -    0s
     0     0 1008.27083    0  120 1395.00000 1008.27083  27.7%     -    0s
     0     0 1009.00000    0   59 1395.00000 1009.00000  27.7%     -    0s
     0     0 1011.08108    0  110 1395.00000 1011.08108  27.5%     -    0s
     0     0 1012.85714    0  109 1395.00000 1012.85714  27.4%     -    0s
     0     0 1012.85714    0  109 1395.00000 1012.85714  27.4%     -    0s
     0     2 1026.42857    0  109 1395.00000 1026.42857  26.4%     -    0s

Cutting planes:
  Gomory: 2
  Clique: 7
  MIR: 42
  Zero half: 30
  Mod-K: 2
  RLT: 11
  BQP: 8

Explored 5 nodes (991 simplex iterations) in 0.11 seconds (0.10 work units)
Thread count was 1 (of 12 available processors)

Solution count 6: 1395 1455 1588 ... 3503

Optimal solution found (tolerance 1.00e-04)
Best objective 1.395000000000e+03, best bound 1.395000000000e+03, gap 0.0000%
1395.0
