Set parameter Username
Academic license - for non-commercial use only - expires 2025-08-28
Set parameter Threads to value 1
Set parameter Method to value 4
Gurobi Optimizer version 11.0.0 build v11.0.0rc2 (mac64[arm] - Darwin 23.5.0 23F79)

CPU model: Apple M3 Pro
Thread count: 12 physical cores, 12 logical processors, using up to 1 threads

Optimize a model with 506 rows, 158 columns and 1454 nonzeros
Model fingerprint: 0xae082334
Variable types: 116 continuous, 42 integer (42 binary)
Coefficient statistics:
  Matrix range     [1e+00, 1e+00]
  Objective range  [1e+01, 3e+02]
  Bounds range     [1e+00, 1e+00]
  RHS range        [1e+00, 2e+00]
Found heuristic solution: objective 3136.0000000
Presolve removed 262 rows and 43 columns
Presolve time: 0.00s
Presolved: 244 rows, 115 columns, 680 nonzeros
Variable types: 0 continuous, 115 integer (115 binary)
Found heuristic solution: objective 2365.0000000

Root relaxation: objective 0.000000e+00, 33 iterations, 0.00 seconds (0.00 work units)

    Nodes    |    Current Node    |     Objective Bounds      |     Work
 Expl Unexpl |  Obj  Depth IntInf | Incumbent    BestBd   Gap | It/Node Time

     0     0    0.00000    0   30 2365.00000    0.00000   100%     -    0s
     0     0  401.00000    0   45 2365.00000  401.00000  83.0%     -    0s
H    0     0                    1366.0000000  401.00000  70.6%     -    0s
     0     0  406.50000    0   44 1366.00000  406.50000  70.2%     -    0s
     0     0  441.50000    0   57 1366.00000  441.50000  67.7%     -    0s
     0     0  443.50000    0   54 1366.00000  443.50000  67.5%     -    0s
     0     0  443.50000    0   54 1366.00000  443.50000  67.5%     -    0s
     0     0  545.50000    0   62 1366.00000  545.50000  60.1%     -    0s
     0     0  547.50000    0   65 1366.00000  547.50000  59.9%     -    0s
     0     0  606.50000    0   67 1366.00000  606.50000  55.6%     -    0s
     0     0  607.50000    0   65 1366.00000  607.50000  55.5%     -    0s
     0     0  609.75000    0   70 1366.00000  609.75000  55.4%     -    0s
     0     0  609.75000    0   69 1366.00000  609.75000  55.4%     -    0s
     0     0  697.37500    0   81 1366.00000  697.37500  48.9%     -    0s
     0     0  698.50000    0   72 1366.00000  698.50000  48.9%     -    0s
     0     0  704.16667    0   88 1366.00000  704.16667  48.5%     -    0s
     0     0  705.63793    0   94 1366.00000  705.63793  48.3%     -    0s
     0     0  705.98148    0   97 1366.00000  705.98148  48.3%     -    0s
     0     0  779.50000    0   70 1366.00000  779.50000  42.9%     -    0s
     0     0  815.41667    0   95 1366.00000  815.41667  40.3%     -    0s
     0     0  827.33333    0  100 1366.00000  827.33333  39.4%     -    0s
     0     0  828.83333    0   95 1366.00000  828.83333  39.3%     -    0s
     0     0  854.75000    0   84 1366.00000  854.75000  37.4%     -    0s
     0     0  858.88889    0   90 1366.00000  858.88889  37.1%     -    0s
     0     0  859.03472    0  109 1366.00000  859.03472  37.1%     -    0s
     0     0  883.36283    0  103 1366.00000  883.36283  35.3%     -    0s
     0     0  884.77778    0   91 1366.00000  884.77778  35.2%     -    0s
     0     0  885.10714    0  107 1366.00000  885.10714  35.2%     -    0s
     0     0  903.82143    0   94 1366.00000  903.82143  33.8%     -    0s
     0     0  908.13889    0   95 1366.00000  908.13889  33.5%     -    0s
     0     0  910.25000    0   94 1366.00000  910.25000  33.4%     -    0s
     0     0  914.50000    0   86 1366.00000  914.50000  33.1%     -    0s
     0     0  921.75000    0   94 1366.00000  921.75000  32.5%     -    0s
     0     0  922.29167    0   94 1366.00000  922.29167  32.5%     -    0s
     0     0  926.79167    0  104 1366.00000  926.79167  32.2%     -    0s
     0     0  928.59677    0  105 1366.00000  928.59677  32.0%     -    0s
     0     0  930.20000    0  100 1366.00000  930.20000  31.9%     -    0s
     0     0  930.45000    0  105 1366.00000  930.45000  31.9%     -    0s
     0     0  935.28571    0  104 1366.00000  935.28571  31.5%     -    0s
     0     0  935.61017    0  110 1366.00000  935.61017  31.5%     -    0s
     0     0  937.46429    0  102 1366.00000  937.46429  31.4%     -    0s
     0     0  937.46429    0  102 1366.00000  937.46429  31.4%     -    0s
     0     2  937.78571    0  102 1366.00000  937.78571  31.3%     -    0s

Cutting planes:
  Gomory: 1
  Clique: 1
  MIR: 36
  Zero half: 39
  Mod-K: 1
  RLT: 11
  BQP: 10

Explored 5 nodes (1035 simplex iterations) in 0.09 seconds (0.10 work units)
Thread count was 1 (of 12 available processors)

Solution count 3: 1366 2365 3136 

Optimal solution found (tolerance 1.00e-04)
Best objective 1.366000000000e+03, best bound 1.366000000000e+03, gap 0.0000%
1366.0
