Set parameter Username
Academic license - for non-commercial use only - expires 2025-08-28
Set parameter Threads to value 1
Set parameter Method to value 4
Gurobi Optimizer version 11.0.0 build v11.0.0rc2 (mac64[arm] - Darwin 23.5.0 23F79)

CPU model: Apple M3 Pro
Thread count: 12 physical cores, 12 logical processors, using up to 1 threads

Optimize a model with 545 rows, 169 columns and 1566 nonzeros
Model fingerprint: 0x5a44d780
Variable types: 125 continuous, 44 integer (44 binary)
Coefficient statistics:
  Matrix range     [1e+00, 1e+00]
  Objective range  [1e+01, 3e+02]
  Bounds range     [1e+00, 1e+00]
  RHS range        [1e+00, 2e+00]
Presolve removed 283 rows and 46 columns
Presolve time: 0.00s
Presolved: 262 rows, 123 columns, 730 nonzeros
Variable types: 0 continuous, 123 integer (123 binary)
Found heuristic solution: objective 3510.0000000
Found heuristic solution: objective 3412.0000000

Root relaxation: objective 0.000000e+00, 32 iterations, 0.00 seconds (0.00 work units)

    Nodes    |    Current Node    |     Objective Bounds      |     Work
 Expl Unexpl |  Obj  Depth IntInf | Incumbent    BestBd   Gap | It/Node Time

     0     0    0.00000    0   31 3412.00000    0.00000   100%     -    0s
H    0     0                    2452.0000000    0.00000   100%     -    0s
     0     0  437.50000    0   49 2452.00000  437.50000  82.2%     -    0s
H    0     0                    1595.0000000  437.50000  72.6%     -    0s
     0     0  447.50000    0   48 1595.00000  447.50000  71.9%     -    0s
     0     0  492.50000    0   56 1595.00000  492.50000  69.1%     -    0s
     0     0  661.00000    0   59 1595.00000  661.00000  58.6%     -    0s
     0     0  711.66667    0   76 1595.00000  711.66667  55.4%     -    0s
     0     0  714.25000    0   75 1595.00000  714.25000  55.2%     -    0s
     0     0  715.50000    0   63 1595.00000  715.50000  55.1%     -    0s
     0     0  720.20000    0   79 1595.00000  720.20000  54.8%     -    0s
     0     0  855.42500    0  106 1595.00000  855.42500  46.4%     -    0s
     0     0  857.25000    0   82 1595.00000  857.25000  46.3%     -    0s
     0     0  860.53571    0  101 1595.00000  860.53571  46.0%     -    0s
     0     0  861.45000    0  102 1595.00000  861.45000  46.0%     -    0s
     0     0  905.93750    0  105 1595.00000  905.93750  43.2%     -    0s
H    0     0                    1462.0000000  905.93750  38.0%     -    0s
     0     0  907.75000    0   77 1462.00000  907.75000  37.9%     -    0s
     0     0  908.46667    0  110 1462.00000  908.46667  37.9%     -    0s
     0     0  908.50000    0  110 1462.00000  908.50000  37.9%     -    0s
     0     0  944.50000    0  103 1462.00000  944.50000  35.4%     -    0s
H    0     0                    1402.0000000  944.50000  32.6%     -    0s
     0     0  949.83784    0  103 1402.00000  949.83784  32.3%     -    0s
     0     0  950.75000    0  105 1402.00000  950.75000  32.2%     -    0s
     0     0  951.50000    0  104 1402.00000  951.50000  32.1%     -    0s
     0     0  951.87500    0  101 1402.00000  951.87500  32.1%     -    0s
     0     0  958.75000    0   78 1402.00000  958.75000  31.6%     -    0s
     0     0  958.75000    0   79 1402.00000  958.75000  31.6%     -    0s
     0     0  983.75000    0  106 1402.00000  983.75000  29.8%     -    0s
     0     0  985.10417    0  107 1402.00000  985.10417  29.7%     -    0s
     0     0  985.19792    0  107 1402.00000  985.19792  29.7%     -    0s
     0     0  991.71241    0  115 1402.00000  991.71241  29.3%     -    0s
     0     0  996.83333    0  107 1402.00000  996.83333  28.9%     -    0s
     0     0  997.04464    0  111 1402.00000  997.04464  28.9%     -    0s
     0     0 1000.72368    0  120 1402.00000 1000.72368  28.6%     -    0s
     0     0 1001.45833    0  110 1402.00000 1001.45833  28.6%     -    0s
     0     0 1005.36364    0  119 1402.00000 1005.36364  28.3%     -    0s
     0     0 1005.36364    0  119 1402.00000 1005.36364  28.3%     -    0s
     0     2 1006.43056    0  119 1402.00000 1006.43056  28.2%     -    0s

Cutting planes:
  Clique: 6
  MIR: 47
  Zero half: 29
  RLT: 9
  BQP: 11

Explored 9 nodes (1222 simplex iterations) in 0.14 seconds (0.10 work units)
Thread count was 1 (of 12 available processors)

Solution count 6: 1402 1462 1595 ... 3510

Optimal solution found (tolerance 1.00e-04)
Best objective 1.402000000000e+03, best bound 1.402000000000e+03, gap 0.0000%
1402.0
