Set parameter Username
Academic license - for non-commercial use only - expires 2025-08-28
Set parameter Threads to value 1
Set parameter Method to value 4
Gurobi Optimizer version 11.0.0 build v11.0.0rc2 (mac64[arm] - Darwin 23.5.0 23F79)

CPU model: Apple M3 Pro
Thread count: 12 physical cores, 12 logical processors, using up to 1 threads

Optimize a model with 506 rows, 158 columns and 1454 nonzeros
Model fingerprint: 0x33ff3e9e
Variable types: 116 continuous, 42 integer (42 binary)
Coefficient statistics:
  Matrix range     [1e+00, 1e+00]
  Objective range  [1e+01, 3e+02]
  Bounds range     [1e+00, 1e+00]
  RHS range        [1e+00, 2e+00]
Found heuristic solution: objective 3113.0000000
Presolve removed 262 rows and 43 columns
Presolve time: 0.00s
Presolved: 244 rows, 115 columns, 680 nonzeros
Variable types: 0 continuous, 115 integer (115 binary)
Found heuristic solution: objective 2341.0000000

Root relaxation: objective 0.000000e+00, 33 iterations, 0.00 seconds (0.00 work units)

    Nodes    |    Current Node    |     Objective Bounds      |     Work
 Expl Unexpl |  Obj  Depth IntInf | Incumbent    BestBd   Gap | It/Node Time

     0     0    0.00000    0   30 2341.00000    0.00000   100%     -    0s
     0     0  393.00000    0   47 2341.00000  393.00000  83.2%     -    0s
H    0     0                    1889.0000000  393.00000  79.2%     -    0s
     0     0  399.00000    0   46 1889.00000  399.00000  78.9%     -    0s
     0     0  438.50000    0   55 1889.00000  438.50000  76.8%     -    0s
     0     0  689.44444    0   96 1889.00000  689.44444  63.5%     -    0s
     0     0  693.77778    0   93 1889.00000  693.77778  63.3%     -    0s
     0     0  694.62963    0   98 1889.00000  694.62963  63.2%     -    0s
     0     0  694.62963    0   99 1889.00000  694.62963  63.2%     -    0s
     0     0  824.66667    0   89 1889.00000  824.66667  56.3%     -    0s
     0     0  829.92857    0   90 1889.00000  829.92857  56.1%     -    0s
     0     0  831.64286    0   90 1889.00000  831.64286  56.0%     -    0s
     0     0  891.16667    0  100 1889.00000  891.16667  52.8%     -    0s
H    0     0                    1532.0000000  891.16667  41.8%     -    0s
     0     0  901.00000    0   60 1532.00000  901.00000  41.2%     -    0s
     0     0  902.20000    0   95 1532.00000  902.20000  41.1%     -    0s
     0     0  907.00000    0   63 1532.00000  907.00000  40.8%     -    0s
     0     0  922.38298    0  105 1532.00000  922.38298  39.8%     -    0s
     0     0  923.12500    0  106 1532.00000  923.12500  39.7%     -    0s
     0     0  929.32143    0  101 1532.00000  929.32143  39.3%     -    0s
     0     0  937.93204    0  102 1532.00000  937.93204  38.8%     -    0s
     0     0  938.40909    0  102 1532.00000  938.40909  38.7%     -    0s
     0     0  943.71800    0  110 1532.00000  943.71800  38.4%     -    0s
     0     0  945.30534    0  111 1532.00000  945.30534  38.3%     -    0s
     0     0  946.26696    0  112 1532.00000  946.26696  38.2%     -    0s
     0     0  948.14286    0  101 1532.00000  948.14286  38.1%     -    0s
     0     0  948.14286    0  101 1532.00000  948.14286  38.1%     -    0s
H    0     0                    1339.0000000  948.14286  29.2%     -    0s
     0     2  949.66667    0  101 1339.00000  949.66667  29.1%     -    0s

Cutting planes:
  Cover: 1
  Clique: 12
  MIR: 25
  Zero half: 43
  RLT: 10
  BQP: 7

Explored 3 nodes (983 simplex iterations) in 0.08 seconds (0.08 work units)
Thread count was 1 (of 12 available processors)

Solution count 5: 1339 1532 1889 ... 3113

Optimal solution found (tolerance 1.00e-04)
Best objective 1.339000000000e+03, best bound 1.339000000000e+03, gap 0.0000%
1339.0
