Set parameter Username
Academic license - for non-commercial use only - expires 2025-08-28
Set parameter Threads to value 1
Set parameter Method to value 4
Gurobi Optimizer version 11.0.0 build v11.0.0rc2 (mac64[arm] - Darwin 23.5.0 23F79)

CPU model: Apple M3 Pro
Thread count: 12 physical cores, 12 logical processors, using up to 1 threads

Optimize a model with 506 rows, 158 columns and 1454 nonzeros
Model fingerprint: 0x67ccfbd4
Variable types: 116 continuous, 42 integer (42 binary)
Coefficient statistics:
  Matrix range     [1e+00, 1e+00]
  Objective range  [1e+01, 3e+02]
  Bounds range     [1e+00, 1e+00]
  RHS range        [1e+00, 2e+00]
Found heuristic solution: objective 3120.0000000
Presolve removed 262 rows and 43 columns
Presolve time: 0.00s
Presolved: 244 rows, 115 columns, 680 nonzeros
Variable types: 0 continuous, 115 integer (115 binary)
Found heuristic solution: objective 2348.0000000

Root relaxation: objective 0.000000e+00, 33 iterations, 0.00 seconds (0.00 work units)

    Nodes    |    Current Node    |     Objective Bounds      |     Work
 Expl Unexpl |  Obj  Depth IntInf | Incumbent    BestBd   Gap | It/Node Time

     0     0    0.00000    0   30 2348.00000    0.00000   100%     -    0s
     0     0  395.00000    0   45 2348.00000  395.00000  83.2%     -    0s
H    0     0                    1960.0000000  395.00000  79.8%     -    0s
     0     0  401.00000    0   44 1960.00000  401.00000  79.5%     -    0s
     0     0  431.00000    0   56 1960.00000  431.00000  78.0%     -    0s
H    0     0                    1346.0000000  431.00000  68.0%     -    0s
     0     0  433.00000    0   53 1346.00000  433.00000  67.8%     -    0s
     0     0  433.00000    0   53 1346.00000  433.00000  67.8%     -    0s
     0     0  559.50000    0   60 1346.00000  559.50000  58.4%     -    0s
     0     0  559.50000    0   62 1346.00000  559.50000  58.4%     -    0s
     0     0  599.00000    0   78 1346.00000  599.00000  55.5%     -    0s
     0     0  611.50000    0   65 1346.00000  611.50000  54.6%     -    0s
     0     0  623.50000    0   66 1346.00000  623.50000  53.7%     -    0s
     0     0  634.00000    0   80 1346.00000  634.00000  52.9%     -    0s
     0     0  636.00000    0   80 1346.00000  636.00000  52.7%     -    0s
     0     0  636.00000    0   80 1346.00000  636.00000  52.7%     -    0s
     0     0  788.12500    0   97 1346.00000  788.12500  41.4%     -    0s
     0     0  797.00000    0   97 1346.00000  797.00000  40.8%     -    0s
     0     0  799.50000    0   84 1346.00000  799.50000  40.6%     -    0s
     0     0  799.77778    0   97 1346.00000  799.77778  40.6%     -    0s
     0     0  867.40000    0   84 1346.00000  867.40000  35.6%     -    0s
     0     0  889.27500    0   89 1346.00000  889.27500  33.9%     -    0s
     0     0  890.25000    0   90 1346.00000  890.25000  33.9%     -    0s
     0     0  890.47500    0   90 1346.00000  890.47500  33.8%     -    0s
     0     0  911.50000    0   66 1346.00000  911.50000  32.3%     -    0s
     0     0  913.75000    0   77 1346.00000  913.75000  32.1%     -    0s
     0     0  929.00000    0   79 1346.00000  929.00000  31.0%     -    0s
     0     0  933.50000    0   81 1346.00000  933.50000  30.6%     -    0s
     0     0  947.75000    0   69 1346.00000  947.75000  29.6%     -    0s
     0     0  948.50000    0   54 1346.00000  948.50000  29.5%     -    0s
     0     0  952.00000    0   68 1346.00000  952.00000  29.3%     -    0s
     0     0  952.00000    0   68 1346.00000  952.00000  29.3%     -    0s
     0     2  952.13462    0   68 1346.00000  952.13462  29.3%     -    0s

Cutting planes:
  Gomory: 1
  Cover: 1
  Clique: 18
  MIR: 48
  Zero half: 56
  RLT: 18
  BQP: 10

Explored 7 nodes (990 simplex iterations) in 0.09 seconds (0.09 work units)
Thread count was 1 (of 12 available processors)

Solution count 4: 1346 1960 2348 3120 

Optimal solution found (tolerance 1.00e-04)
Best objective 1.346000000000e+03, best bound 1.346000000000e+03, gap 0.0000%
1346.0
