Set parameter Username
Academic license - for non-commercial use only - expires 2025-08-28
Set parameter Threads to value 1
Set parameter Method to value 4
Gurobi Optimizer version 11.0.0 build v11.0.0rc2 (mac64[arm] - Darwin 23.5.0 23F79)

CPU model: Apple M3 Pro
Thread count: 12 physical cores, 12 logical processors, using up to 1 threads

Optimize a model with 545 rows, 169 columns and 1566 nonzeros
Model fingerprint: 0xd12c4f1a
Variable types: 125 continuous, 44 integer (44 binary)
Coefficient statistics:
  Matrix range     [1e+00, 1e+00]
  Objective range  [1e+01, 3e+02]
  Bounds range     [1e+00, 1e+00]
  RHS range        [1e+00, 2e+00]
Presolve removed 283 rows and 46 columns
Presolve time: 0.00s
Presolved: 262 rows, 123 columns, 730 nonzeros
Variable types: 0 continuous, 123 integer (123 binary)
Found heuristic solution: objective 3461.0000000
Found heuristic solution: objective 3371.0000000

Root relaxation: objective 0.000000e+00, 32 iterations, 0.00 seconds (0.00 work units)

    Nodes    |    Current Node    |     Objective Bounds      |     Work
 Expl Unexpl |  Obj  Depth IntInf | Incumbent    BestBd   Gap | It/Node Time

     0     0    0.00000    0   31 3371.00000    0.00000   100%     -    0s
H    0     0                    2403.0000000    0.00000   100%     -    0s
     0     0  421.00000    0   49 2403.00000  421.00000  82.5%     -    0s
H    0     0                    1636.0000000  421.00000  74.3%     -    0s
H    0     0                    1546.0000000  421.00000  72.8%     -    0s
     0     0  427.50000    0   48 1546.00000  427.50000  72.3%     -    0s
     0     0  477.50000    0   58 1546.00000  477.50000  69.1%     -    0s
     0     0  547.00000    0   75 1546.00000  547.00000  64.6%     -    0s
     0     0  551.50000    0   69 1546.00000  551.50000  64.3%     -    0s
     0     0  553.50000    0   70 1546.00000  553.50000  64.2%     -    0s
     0     0  554.00000    0   70 1546.00000  554.00000  64.2%     -    0s
     0     0  735.80000    0   99 1546.00000  735.80000  52.4%     -    0s
     0     0  746.60000    0   99 1546.00000  746.60000  51.7%     -    0s
     0     0  829.75000    0   85 1546.00000  829.75000  46.3%     -    0s
     0     0  840.87500    0   84 1546.00000  840.87500  45.6%     -    0s
     0     0  842.95000    0   94 1546.00000  842.95000  45.5%     -    0s
     0     0  843.62500    0   84 1546.00000  843.62500  45.4%     -    0s
     0     0  844.25000    0   89 1546.00000  844.25000  45.4%     -    0s
     0     0  862.00000    0   87 1546.00000  862.00000  44.2%     -    0s
H    0     0                    1413.0000000  862.00000  39.0%     -    0s
     0     0  862.70000    0   91 1413.00000  862.70000  38.9%     -    0s
     0     0  862.75000    0   89 1413.00000  862.75000  38.9%     -    0s
     0     0  908.10000    0  101 1413.00000  908.10000  35.7%     -    0s
H    0     0                    1353.0000000  908.10000  32.9%     -    0s
     0     0  916.62500    0  103 1353.00000  916.62500  32.3%     -    0s
     0     0  916.62500    0  103 1353.00000  916.62500  32.3%     -    0s
     0     0  938.64286    0  113 1353.00000  938.64286  30.6%     -    0s
     0     0  942.50000    0   55 1353.00000  942.50000  30.3%     -    0s
     0     0  949.50000    0  115 1353.00000  949.50000  29.8%     -    0s
     0     0  951.82308    0  117 1353.00000  951.82308  29.7%     -    0s
     0     0  951.92029    0  117 1353.00000  951.92029  29.6%     -    0s
     0     0  962.62500    0  117 1353.00000  962.62500  28.9%     -    0s
     0     0  969.05909    0  120 1353.00000  969.05909  28.4%     -    0s
     0     0  969.15132    0  120 1353.00000  969.15132  28.4%     -    0s
     0     0  975.26103    0  118 1353.00000  975.26103  27.9%     -    0s
     0     0  977.71505    0  121 1353.00000  977.71505  27.7%     -    0s
     0     0  978.31481    0  121 1353.00000  978.31481  27.7%     -    0s
     0     0  980.23529    0  113 1353.00000  980.23529  27.6%     -    0s
     0     0  980.23529    0  113 1353.00000  980.23529  27.6%     -    0s
     0     2  980.66667    0  111 1353.00000  980.66667  27.5%     -    0s

Cutting planes:
  Gomory: 1
  Clique: 5
  MIR: 43
  Zero half: 32
  Mod-K: 2
  RLT: 13
  BQP: 13

Explored 7 nodes (1148 simplex iterations) in 0.09 seconds (0.10 work units)
Thread count was 1 (of 12 available processors)

Solution count 7: 1353 1413 1546 ... 3461

Optimal solution found (tolerance 1.00e-04)
Best objective 1.353000000000e+03, best bound 1.353000000000e+03, gap 0.0000%
1353.0
