Set parameter Username
Academic license - for non-commercial use only - expires 2025-08-28
Set parameter Threads to value 1
Set parameter Method to value 4
Gurobi Optimizer version 11.0.0 build v11.0.0rc2 (mac64[arm] - Darwin 23.5.0 23F79)

CPU model: Apple M3 Pro
Thread count: 12 physical cores, 12 logical processors, using up to 1 threads

Optimize a model with 506 rows, 158 columns and 1454 nonzeros
Model fingerprint: 0x5d6d3bfe
Variable types: 116 continuous, 42 integer (42 binary)
Coefficient statistics:
  Matrix range     [1e+00, 1e+00]
  Objective range  [1e+01, 3e+02]
  Bounds range     [1e+00, 1e+00]
  RHS range        [1e+00, 2e+00]
Found heuristic solution: objective 3099.0000000
Presolve removed 262 rows and 43 columns
Presolve time: 0.00s
Presolved: 244 rows, 115 columns, 680 nonzeros
Variable types: 0 continuous, 115 integer (115 binary)
Found heuristic solution: objective 2327.0000000

Root relaxation: objective 0.000000e+00, 33 iterations, 0.00 seconds (0.00 work units)

    Nodes    |    Current Node    |     Objective Bounds      |     Work
 Expl Unexpl |  Obj  Depth IntInf | Incumbent    BestBd   Gap | It/Node Time

     0     0    0.00000    0   30 2327.00000    0.00000   100%     -    0s
     0     0  388.50000    0   47 2327.00000  388.50000  83.3%     -    0s
H    0     0                    1608.0000000  388.50000  75.8%     -    0s
     0     0  395.00000    0   46 1608.00000  395.00000  75.4%     -    0s
     0     0  451.50000    0   56 1608.00000  451.50000  71.9%     -    0s
     0     0  584.00000    0   67 1608.00000  584.00000  63.7%     -    0s
H    0     0                    1518.0000000  584.00000  61.5%     -    0s
     0     0  631.50000    0   66 1518.00000  631.50000  58.4%     -    0s
H    0     0                    1385.0000000  631.50000  54.4%     -    0s
     0     0  658.80769    0   84 1385.00000  658.80769  52.4%     -    0s
     0     0  662.00000    0   89 1385.00000  662.00000  52.2%     -    0s
     0     0  664.07692    0   85 1385.00000  664.07692  52.1%     -    0s
     0     0  665.86364    0   94 1385.00000  665.86364  51.9%     -    0s
     0     0  666.46875    0   94 1385.00000  666.46875  51.9%     -    0s
     0     0  754.91304    0  102 1385.00000  754.91304  45.5%     -    0s
     0     0  758.58000    0   99 1385.00000  758.58000  45.2%     -    0s
     0     0  758.78030    0  104 1385.00000  758.78030  45.2%     -    0s
     0     0  801.50000    0   60 1385.00000  801.50000  42.1%     -    0s
     0     0  829.00000    0   72 1385.00000  829.00000  40.1%     -    0s
     0     0  831.50000    0   58 1385.00000  831.50000  40.0%     -    0s
     0     0  853.56522    0   95 1385.00000  853.56522  38.4%     -    0s
     0     0  861.25000    0   79 1385.00000  861.25000  37.8%     -    0s
     0     0  875.73879    0  110 1385.00000  875.73879  36.8%     -    0s
     0     0  883.70833    0  108 1385.00000  883.70833  36.2%     -    0s
     0     0  884.42529    0  107 1385.00000  884.42529  36.1%     -    0s
     0     0  885.19048    0  110 1385.00000  885.19048  36.1%     -    0s
     0     0  885.19753    0  110 1385.00000  885.19753  36.1%     -    0s
     0     0  891.87342    0  107 1385.00000  891.87342  35.6%     -    0s
H    0     0                    1325.0000000  891.87342  32.7%     -    0s
     0     0  900.55137    0  111 1325.00000  900.55137  32.0%     -    0s
     0     0  900.76404    0  110 1325.00000  900.76404  32.0%     -    0s
     0     0  919.95455    0   93 1325.00000  919.95455  30.6%     -    0s
     0     0  924.00000    0   79 1325.00000  924.00000  30.3%     -    0s
     0     0  924.00000    0   82 1325.00000  924.00000  30.3%     -    0s
     0     0  933.75000    0   83 1325.00000  933.75000  29.5%     -    0s
     0     0  933.86364    0   92 1325.00000  933.86364  29.5%     -    0s
     0     0  933.86364    0   90 1325.00000  933.86364  29.5%     -    0s
     0     2  934.16667    0   90 1325.00000  934.16667  29.5%     -    0s

Cutting planes:
  Gomory: 2
  Clique: 1
  MIR: 41
  Zero half: 38
  RLT: 11
  BQP: 9

Explored 7 nodes (1011 simplex iterations) in 0.09 seconds (0.09 work units)
Thread count was 1 (of 12 available processors)

Solution count 6: 1325 1385 1518 ... 3099

Optimal solution found (tolerance 1.00e-04)
Best objective 1.325000000000e+03, best bound 1.325000000000e+03, gap 0.0000%
1325.0
