Set parameter Username
Academic license - for non-commercial use only - expires 2025-08-28
Set parameter Threads to value 1
Set parameter Method to value 4
Gurobi Optimizer version 11.0.0 build v11.0.0rc2 (mac64[arm] - Darwin 23.5.0 23F79)

CPU model: Apple M3 Pro
Thread count: 12 physical cores, 12 logical processors, using up to 1 threads

Optimize a model with 506 rows, 158 columns and 1454 nonzeros
Model fingerprint: 0x0902b0a9
Variable types: 116 continuous, 42 integer (42 binary)
Coefficient statistics:
  Matrix range     [1e+00, 1e+00]
  Objective range  [1e+01, 3e+02]
  Bounds range     [1e+00, 1e+00]
  RHS range        [1e+00, 2e+00]
Found heuristic solution: objective 3134.0000000
Presolve removed 262 rows and 43 columns
Presolve time: 0.00s
Presolved: 244 rows, 115 columns, 680 nonzeros
Variable types: 0 continuous, 115 integer (115 binary)
Found heuristic solution: objective 2362.0000000

Root relaxation: objective 0.000000e+00, 33 iterations, 0.00 seconds (0.00 work units)

    Nodes    |    Current Node    |     Objective Bounds      |     Work
 Expl Unexpl |  Obj  Depth IntInf | Incumbent    BestBd   Gap | It/Node Time

     0     0    0.00000    0   30 2362.00000    0.00000   100%     -    0s
H    0     0                    1962.0000000    0.00000   100%     -    0s
     0     0  393.00000    0   47 1962.00000  393.00000  80.0%     -    0s
     0     0  405.00000    0   46 1962.00000  405.00000  79.4%     -    0s
     0     0  472.00000    0   55 1962.00000  472.00000  75.9%     -    0s
H    0     0                    1643.0000000  472.00000  71.3%     -    0s
     0     0  678.75000    0   80 1643.00000  678.75000  58.7%     -    0s
H    0     0                    1360.0000000  678.75000  50.1%     -    0s
     0     0  708.00000    0   71 1360.00000  708.00000  47.9%     -    0s
     0     0  716.83333    0   89 1360.00000  716.83333  47.3%     -    0s
     0     0  718.50000    0   64 1360.00000  718.50000  47.2%     -    0s
     0     0  721.50000    0   69 1360.00000  721.50000  46.9%     -    0s
     0     0  785.92857    0   98 1360.00000  785.92857  42.2%     -    0s
     0     0  787.61111    0   97 1360.00000  787.61111  42.1%     -    0s
     0     0  788.00000    0   97 1360.00000  788.00000  42.1%     -    0s
     0     0  827.50000    0   97 1360.00000  827.50000  39.2%     -    0s
     0     0  827.50000    0   98 1360.00000  827.50000  39.2%     -    0s
     0     0  856.00000    0   97 1360.00000  856.00000  37.1%     -    0s
     0     0  860.42105    0   99 1360.00000  860.42105  36.7%     -    0s
     0     0  862.15385    0   99 1360.00000  862.15385  36.6%     -    0s
     0     0  862.30769    0   99 1360.00000  862.30769  36.6%     -    0s
     0     0  885.83333    0   96 1360.00000  885.83333  34.9%     -    0s
     0     0  902.00000    0  104 1360.00000  902.00000  33.7%     -    0s
     0     0  904.00000    0  106 1360.00000  904.00000  33.5%     -    0s
     0     0  905.66667    0  105 1360.00000  905.66667  33.4%     -    0s
     0     0  906.00000    0   73 1360.00000  906.00000  33.4%     -    0s
     0     0  907.18182    0  103 1360.00000  907.18182  33.3%     -    0s
     0     0  907.80000    0  104 1360.00000  907.80000  33.2%     -    0s
     0     0  928.16667    0   88 1360.00000  928.16667  31.8%     -    0s
     0     0  934.83333    0   88 1360.00000  934.83333  31.3%     -    0s
     0     0  936.75000    0   85 1360.00000  936.75000  31.1%     -    0s
     0     0  938.85714    0   91 1360.00000  938.85714  31.0%     -    0s
     0     0  940.41304    0   93 1360.00000  940.41304  30.9%     -    0s
     0     0  941.16667    0   90 1360.00000  941.16667  30.8%     -    0s
     0     0  958.00000    0   91 1360.00000  958.00000  29.6%     -    0s
     0     0  962.36580    0  107 1360.00000  962.36580  29.2%     -    0s
     0     0  962.58621    0   94 1360.00000  962.58621  29.2%     -    0s
     0     0  963.50000    0   62 1360.00000  963.50000  29.2%     -    0s
     0     0  967.86538    0  106 1360.00000  967.86538  28.8%     -    0s
     0     0  971.00000    0  112 1360.00000  971.00000  28.6%     -    0s
     0     0  972.41700    0  113 1360.00000  972.41700  28.5%     -    0s
     0     0  973.22734    0  113 1360.00000  973.22734  28.4%     -    0s
     0     0  973.31881    0  113 1360.00000  973.31881  28.4%     -    0s
     0     0  976.10300    0  106 1360.00000  976.10300  28.2%     -    0s
     0     0  978.96703    0  109 1360.00000  978.96703  28.0%     -    0s
     0     0  979.62162    0  109 1360.00000  979.62162  28.0%     -    0s
     0     0  980.32432    0  109 1360.00000  980.32432  27.9%     -    0s
     0     0  980.32432    0  108 1360.00000  980.32432  27.9%     -    0s
     0     2  980.62162    0  108 1360.00000  980.62162  27.9%     -    0s

Cutting planes:
  Gomory: 1
  Cover: 1
  Clique: 2
  MIR: 40
  Zero half: 35
  RLT: 11
  BQP: 10

Explored 7 nodes (1206 simplex iterations) in 0.11 seconds (0.10 work units)
Thread count was 1 (of 12 available processors)

Solution count 5: 1360 1643 1962 ... 3134

Optimal solution found (tolerance 1.00e-04)
Best objective 1.360000000000e+03, best bound 1.360000000000e+03, gap 0.0000%
1360.0
