Set parameter Username
Academic license - for non-commercial use only - expires 2025-08-28
Set parameter Threads to value 1
Set parameter Method to value 4
Gurobi Optimizer version 11.0.0 build v11.0.0rc2 (mac64[arm] - Darwin 23.5.0 23F79)

CPU model: Apple M3 Pro
Thread count: 12 physical cores, 12 logical processors, using up to 1 threads

Optimize a model with 506 rows, 158 columns and 1454 nonzeros
Model fingerprint: 0x883a0577
Variable types: 116 continuous, 42 integer (42 binary)
Coefficient statistics:
  Matrix range     [1e+00, 1e+00]
  Objective range  [1e+01, 3e+02]
  Bounds range     [1e+00, 1e+00]
  RHS range        [1e+00, 2e+00]
Found heuristic solution: objective 3113.0000000
Presolve removed 262 rows and 43 columns
Presolve time: 0.00s
Presolved: 244 rows, 115 columns, 680 nonzeros
Variable types: 0 continuous, 115 integer (115 binary)
Found heuristic solution: objective 2341.0000000

Root relaxation: objective 0.000000e+00, 33 iterations, 0.00 seconds (0.00 work units)

    Nodes    |    Current Node    |     Objective Bounds      |     Work
 Expl Unexpl |  Obj  Depth IntInf | Incumbent    BestBd   Gap | It/Node Time

     0     0    0.00000    0   30 2341.00000    0.00000   100%     -    0s
     0     0  393.50000    0   47 2341.00000  393.50000  83.2%     -    0s
H    0     0                    2093.0000000  393.50000  81.2%     -    0s
H    0     0                    1622.0000000  393.50000  75.7%     -    0s
     0     0  399.00000    0   46 1622.00000  399.00000  75.4%     -    0s
     0     0  431.00000    0   53 1622.00000  431.00000  73.4%     -    0s
     0     0  578.50000    0   66 1622.00000  578.50000  64.3%     -    0s
H    0     0                    1399.0000000  578.50000  58.6%     -    0s
H    0     0                    1339.0000000  578.50000  56.8%     -    0s
     0     0  660.00000    0   61 1339.00000  660.00000  50.7%     -    0s
     0     0  689.50000    0   64 1339.00000  689.50000  48.5%     -    0s
     0     0  692.50000    0   69 1339.00000  692.50000  48.3%     -    0s
     0     0  695.50000    0   69 1339.00000  695.50000  48.1%     -    0s
     0     0  695.50000    0   69 1339.00000  695.50000  48.1%     -    0s
     0     0  735.75000    0   89 1339.00000  735.75000  45.1%     -    0s
     0     0  737.78571    0   84 1339.00000  737.78571  44.9%     -    0s
     0     0  742.16667    0   93 1339.00000  742.16667  44.6%     -    0s
     0     0  742.16667    0   93 1339.00000  742.16667  44.6%     -    0s
     0     0  811.50000    0   82 1339.00000  811.50000  39.4%     -    0s
     0     0  821.57143    0  100 1339.00000  821.57143  38.6%     -    0s
     0     0  826.50000    0  102 1339.00000  826.50000  38.3%     -    0s
     0     0  827.16667    0  102 1339.00000  827.16667  38.2%     -    0s
     0     0  827.28571    0  105 1339.00000  827.28571  38.2%     -    0s
     0     0  892.50000    0   93 1339.00000  892.50000  33.3%     -    0s
     0     0  904.31250    0  110 1339.00000  904.31250  32.5%     -    0s
     0     0  908.64286    0  110 1339.00000  908.64286  32.1%     -    0s
     0     0  908.92857    0  108 1339.00000  908.92857  32.1%     -    0s
     0     0  919.89109    0  107 1339.00000  919.89109  31.3%     -    0s
     0     0  923.95548    0  106 1339.00000  923.95548  31.0%     -    0s
     0     0  924.92864    0  108 1339.00000  924.92864  30.9%     -    0s
     0     0  925.00197    0  109 1339.00000  925.00197  30.9%     -    0s
     0     0  929.83333    0  103 1339.00000  929.83333  30.6%     -    0s
     0     0  932.28947    0  104 1339.00000  932.28947  30.4%     -    0s
     0     0  933.14286    0  104 1339.00000  933.14286  30.3%     -    0s
     0     0  933.50000    0  104 1339.00000  933.50000  30.3%     -    0s
     0     0  941.49296    0  105 1339.00000  941.49296  29.7%     -    0s
     0     0  942.82500    0  109 1339.00000  942.82500  29.6%     -    0s
     0     0  943.10000    0  110 1339.00000  943.10000  29.6%     -    0s
     0     0  947.12500    0   96 1339.00000  947.12500  29.3%     -    0s
     0     0  947.12500    0   92 1339.00000  947.12500  29.3%     -    0s
     0     2  951.85000    0   92 1339.00000  951.85000  28.9%     -    0s

Cutting planes:
  Clique: 15
  MIR: 30
  Zero half: 36
  RLT: 13
  BQP: 7

Explored 7 nodes (1085 simplex iterations) in 0.09 seconds (0.09 work units)
Thread count was 1 (of 12 available processors)

Solution count 6: 1339 1399 1622 ... 3113

Optimal solution found (tolerance 1.00e-04)
Best objective 1.339000000000e+03, best bound 1.339000000000e+03, gap 0.0000%
1339.0
