Set parameter Username
Academic license - for non-commercial use only - expires 2025-08-28
Set parameter Threads to value 1
Set parameter Method to value 4
Gurobi Optimizer version 11.0.0 build v11.0.0rc2 (mac64[arm] - Darwin 23.5.0 23F79)

CPU model: Apple M3 Pro
Thread count: 12 physical cores, 12 logical processors, using up to 1 threads

Optimize a model with 506 rows, 158 columns and 1454 nonzeros
Model fingerprint: 0xa363c511
Variable types: 116 continuous, 42 integer (42 binary)
Coefficient statistics:
  Matrix range     [1e+00, 1e+00]
  Objective range  [1e+01, 3e+02]
  Bounds range     [1e+00, 1e+00]
  RHS range        [1e+00, 2e+00]
Found heuristic solution: objective 3092.0000000
Presolve removed 262 rows and 43 columns
Presolve time: 0.00s
Presolved: 244 rows, 115 columns, 680 nonzeros
Variable types: 0 continuous, 115 integer (115 binary)
Found heuristic solution: objective 2320.0000000

Root relaxation: objective 0.000000e+00, 33 iterations, 0.00 seconds (0.00 work units)

    Nodes    |    Current Node    |     Objective Bounds      |     Work
 Expl Unexpl |  Obj  Depth IntInf | Incumbent    BestBd   Gap | It/Node Time

     0     0    0.00000    0   30 2320.00000    0.00000   100%     -    0s
     0     0  386.50000    0   47 2320.00000  386.50000  83.3%     -    0s
H    0     0                    1601.0000000  386.50000  75.9%     -    0s
     0     0  393.00000    0   46 1601.00000  393.00000  75.5%     -    0s
     0     0  442.00000    0   56 1601.00000  442.00000  72.4%     -    0s
     0     0  540.50000    0   61 1601.00000  540.50000  66.2%     -    0s
     0     0  543.50000    0   62 1601.00000  543.50000  66.1%     -    0s
     0     0  659.50000    0   82 1601.00000  659.50000  58.8%     -    0s
     0     0  689.00000    0   76 1601.00000  689.00000  57.0%     -    0s
     0     0  693.10000    0   87 1601.00000  693.10000  56.7%     -    0s
     0     0  694.00000    0   77 1601.00000  694.00000  56.7%     -    0s
     0     0  722.00000    0   92 1601.00000  722.00000  54.9%     -    0s
H    0     0                    1318.0000000  722.00000  45.2%     -    0s
     0     0  727.25000    0   90 1318.00000  727.25000  44.8%     -    0s
     0     0  727.28571    0   96 1318.00000  727.28571  44.8%     -    0s
     0     0  753.83333    0   93 1318.00000  753.83333  42.8%     -    0s
     0     0  755.83333    0   93 1318.00000  755.83333  42.7%     -    0s
     0     0  773.00000    0   94 1318.00000  773.00000  41.4%     -    0s
     0     0  782.00000    0   95 1318.00000  782.00000  40.7%     -    0s
     0     0  812.70000    0   98 1318.00000  812.70000  38.3%     -    0s
     0     0  814.80000    0   99 1318.00000  814.80000  38.2%     -    0s
     0     0  815.26316    0  103 1318.00000  815.26316  38.1%     -    0s
     0     0  826.10000    0   98 1318.00000  826.10000  37.3%     -    0s
     0     0  846.00000    0   89 1318.00000  846.00000  35.8%     -    0s
     0     0  851.05882    0  104 1318.00000  851.05882  35.4%     -    0s
     0     0  852.16667    0  105 1318.00000  852.16667  35.3%     -    0s
     0     0  852.28571    0  104 1318.00000  852.28571  35.3%     -    0s
     0     0  882.27778    0  104 1318.00000  882.27778  33.1%     -    0s
     0     0  898.90909    0  111 1318.00000  898.90909  31.8%     -    0s
     0     0  906.13483    0  111 1318.00000  906.13483  31.2%     -    0s
     0     0  906.98680    0  111 1318.00000  906.98680  31.2%     -    0s
     0     0  911.36364    0   89 1318.00000  911.36364  30.9%     -    0s
     0     0  920.17105    0  109 1318.00000  920.17105  30.2%     -    0s
     0     0  920.42391    0   92 1318.00000  920.42391  30.2%     -    0s
     0     0  926.82895    0  109 1318.00000  926.82895  29.7%     -    0s
     0     0  926.97072    0  109 1318.00000  926.97072  29.7%     -    0s
     0     0  927.96858    0  109 1318.00000  927.96858  29.6%     -    0s
     0     0  927.96858    0  109 1318.00000  927.96858  29.6%     -    0s
     0     2  930.78922    0  109 1318.00000  930.78922  29.4%     -    0s

Cutting planes:
  Gomory: 1
  Clique: 13
  MIR: 29
  Zero half: 36
  Mod-K: 1
  RLT: 11
  BQP: 7

Explored 7 nodes (1094 simplex iterations) in 0.10 seconds (0.10 work units)
Thread count was 1 (of 12 available processors)

Solution count 4: 1318 1601 2320 3092 

Optimal solution found (tolerance 1.00e-04)
Best objective 1.318000000000e+03, best bound 1.318000000000e+03, gap 0.0000%
1318.0
