Set parameter Username
Academic license - for non-commercial use only - expires 2025-08-28
Set parameter Threads to value 1
Set parameter Method to value 4
Gurobi Optimizer version 11.0.0 build v11.0.0rc2 (mac64[arm] - Darwin 23.5.0 23F79)

CPU model: Apple M3 Pro
Thread count: 12 physical cores, 12 logical processors, using up to 1 threads

Optimize a model with 545 rows, 169 columns and 1566 nonzeros
Model fingerprint: 0xcb5353f2
Variable types: 125 continuous, 44 integer (44 binary)
Coefficient statistics:
  Matrix range     [1e+00, 1e+00]
  Objective range  [1e+01, 3e+02]
  Bounds range     [1e+00, 1e+00]
  RHS range        [1e+00, 2e+00]
Presolve removed 283 rows and 46 columns
Presolve time: 0.00s
Presolved: 262 rows, 123 columns, 730 nonzeros
Variable types: 0 continuous, 123 integer (123 binary)
Found heuristic solution: objective 3524.0000000
Found heuristic solution: objective 3424.0000000

Root relaxation: objective 0.000000e+00, 32 iterations, 0.00 seconds (0.00 work units)

    Nodes    |    Current Node    |     Objective Bounds      |     Work
 Expl Unexpl |  Obj  Depth IntInf | Incumbent    BestBd   Gap | It/Node Time

     0     0    0.00000    0   31 3424.00000    0.00000   100%     -    0s
H    0     0                    2466.0000000    0.00000   100%     -    0s
     0     0  442.50000    0   49 2466.00000  442.50000  82.1%     -    0s
H    0     0                    1609.0000000  442.50000  72.5%     -    0s
     0     0  453.50000    0   48 1609.00000  453.50000  71.8%     -    0s
     0     0  494.50000    0   57 1609.00000  494.50000  69.3%     -    0s
     0     0  614.50000    0   81 1609.00000  614.50000  61.8%     -    0s
     0     0  618.50000    0   70 1609.00000  618.50000  61.6%     -    0s
     0     0  626.00000    0   73 1609.00000  626.00000  61.1%     -    0s
     0     0  726.91667    0   91 1609.00000  726.91667  54.8%     -    0s
     0     0  728.00000    0   83 1609.00000  728.00000  54.8%     -    0s
     0     0  768.25000    0   87 1609.00000  768.25000  52.3%     -    0s
     0     0  773.16667    0   91 1609.00000  773.16667  51.9%     -    0s
     0     0  774.00000    0   92 1609.00000  774.00000  51.9%     -    0s
     0     0  774.00000    0   92 1609.00000  774.00000  51.9%     -    0s
     0     0  887.75000    0   63 1609.00000  887.75000  44.8%     -    0s
     0     0  900.00000    0   74 1609.00000  900.00000  44.1%     -    0s
     0     0  903.00000    0   73 1609.00000  903.00000  43.9%     -    0s
     0     0  930.27778    0   99 1609.00000  930.27778  42.2%     -    0s
     0     0  933.75000    0   77 1609.00000  933.75000  42.0%     -    0s
     0     0  953.93750    0  102 1609.00000  953.93750  40.7%     -    0s
     0     0  959.52500    0  105 1609.00000  959.52500  40.4%     -    0s
     0     0  959.90000    0  105 1609.00000  959.90000  40.3%     -    0s
     0     0  975.00000    0   71 1609.00000  975.00000  39.4%     -    0s
     0     0  975.50000    0   66 1609.00000  975.50000  39.4%     -    0s
     0     0  998.50000    0   73 1609.00000  998.50000  37.9%     -    0s
H    0     0                    1416.0000000  998.50000  29.5%     -    0s
     0     0 1001.76923    0  110 1416.00000 1001.76923  29.3%     -    0s
     0     0 1002.30000    0  108 1416.00000 1002.30000  29.2%     -    0s
     0     0 1009.50000    0  108 1416.00000 1009.50000  28.7%     -    0s
     0     0 1010.65000    0  110 1416.00000 1010.65000  28.6%     -    0s
     0     0 1010.75000    0   90 1416.00000 1010.75000  28.6%     -    0s
     0     0 1011.06250    0  110 1416.00000 1011.06250  28.6%     -    0s
     0     0 1011.06250    0  108 1416.00000 1011.06250  28.6%     -    0s
     0     2 1011.56522    0  108 1416.00000 1011.56522  28.6%     -    0s

Cutting planes:
  Clique: 13
  MIR: 25
  Zero half: 47
  RLT: 9
  BQP: 11

Explored 7 nodes (1076 simplex iterations) in 0.11 seconds (0.10 work units)
Thread count was 1 (of 12 available processors)

Solution count 5: 1416 1609 2466 ... 3524

Optimal solution found (tolerance 1.00e-04)
Best objective 1.416000000000e+03, best bound 1.416000000000e+03, gap 0.0000%
1416.0
