Set parameter Username
Academic license - for non-commercial use only - expires 2025-08-28
Set parameter Threads to value 1
Set parameter Method to value 4
Gurobi Optimizer version 11.0.0 build v11.0.0rc2 (mac64[arm] - Darwin 23.5.0 23F79)

CPU model: Apple M3 Pro
Thread count: 12 physical cores, 12 logical processors, using up to 1 threads

Optimize a model with 851 rows, 201 columns and 2497 nonzeros
Model fingerprint: 0xaa346a80
Variable types: 135 continuous, 66 integer (66 binary)
Coefficient statistics:
  Matrix range     [1e+00, 1e+00]
  Objective range  [1e+01, 3e+02]
  Bounds range     [1e+00, 1e+00]
  RHS range        [1e+00, 2e+00]
Found heuristic solution: objective 2798.0000000
Presolve removed 136 rows and 37 columns
Presolve time: 0.00s
Presolved: 715 rows, 164 columns, 2061 nonzeros
Variable types: 0 continuous, 164 integer (164 binary)

Root relaxation: objective 0.000000e+00, 79 iterations, 0.00 seconds (0.00 work units)

    Nodes    |    Current Node    |     Objective Bounds      |     Work
 Expl Unexpl |  Obj  Depth IntInf | Incumbent    BestBd   Gap | It/Node Time

     0     0    0.00000    0   61 2798.00000    0.00000   100%     -    0s
H    0     0                    1567.0000000    0.00000   100%     -    0s
H    0     0                    1072.0000000    0.00000   100%     -    0s
H    0     0                    1032.0000000    0.00000   100%     -    0s
     0     0   30.33333    0   78 1032.00000   30.33333  97.1%     -    0s
H    0     0                    1013.0000000   30.33333  97.0%     -    0s
H    0     0                     986.0000000   30.33333  96.9%     -    0s
     0     0  167.89286    0  113  986.00000  167.89286  83.0%     -    0s
     0     0  233.57143    0  123  986.00000  233.57143  76.3%     -    0s
H    0     0                     950.0000000  233.57143  75.4%     -    0s
     0     0  239.46418    0  124  950.00000  239.46418  74.8%     -    0s
     0     0  240.83850    0  122  950.00000  240.83850  74.6%     -    0s
     0     0  240.97892    0  123  950.00000  240.97892  74.6%     -    0s
     0     0  241.01273    0  123  950.00000  241.01273  74.6%     -    0s
     0     0  256.58162    0  127  950.00000  256.58162  73.0%     -    0s
     0     0  259.58927    0  129  950.00000  259.58927  72.7%     -    0s
     0     0  260.48089    0  127  950.00000  260.48089  72.6%     -    0s
     0     0  260.76449    0  129  950.00000  260.76449  72.6%     -    0s
     0     0  260.82901    0  129  950.00000  260.82901  72.5%     -    0s
     0     0  266.07111    0  126  950.00000  266.07111  72.0%     -    0s
     0     0  266.40242    0  130  950.00000  266.40242  72.0%     -    0s
     0     0  266.96393    0  128  950.00000  266.96393  71.9%     -    0s
     0     0  267.13731    0  128  950.00000  267.13731  71.9%     -    0s
     0     0  267.20216    0  128  950.00000  267.20216  71.9%     -    0s
     0     0  269.56944    0  123  950.00000  269.56944  71.6%     -    0s
H    0     0                     947.0000000  269.56944  71.5%     -    0s
H    0     0                     873.0000000  269.56944  69.1%     -    0s
     0     0  269.88255    0  127  873.00000  269.88255  69.1%     -    0s
     0     0  270.06265    0  125  873.00000  270.06265  69.1%     -    0s
     0     0  270.08605    0  125  873.00000  270.08605  69.1%     -    0s
     0     0  273.24638    0  126  873.00000  273.24638  68.7%     -    0s
     0     0  274.77019    0  125  873.00000  274.77019  68.5%     -    0s
     0     0  275.05814    0  125  873.00000  275.05814  68.5%     -    0s
     0     0  275.17215    0  125  873.00000  275.17215  68.5%     -    0s
     0     0  275.22857    0  126  873.00000  275.22857  68.5%     -    0s
     0     0  275.37951    0  128  873.00000  275.37951  68.5%     -    0s
     0     0  275.38757    0  128  873.00000  275.38757  68.5%     -    0s
     0     0  275.48182    0  125  873.00000  275.48182  68.4%     -    0s
     0     0  275.48182    0  123  873.00000  275.48182  68.4%     -    0s
     0     2  280.98182    0  123  873.00000  280.98182  67.8%     -    0s

Cutting planes:
  MIR: 2
  Zero half: 37
  RLT: 32
  BQP: 16

Explored 62 nodes (3072 simplex iterations) in 0.17 seconds (0.19 work units)
Thread count was 1 (of 12 available processors)

Solution count 9: 873 947 950 ... 2798

Optimal solution found (tolerance 1.00e-04)
Best objective 8.730000000000e+02, best bound 8.730000000000e+02, gap 0.0000%
873.0
