Set parameter Username
Academic license - for non-commercial use only - expires 2025-08-28
Set parameter Threads to value 1
Set parameter Method to value 4
Gurobi Optimizer version 11.0.0 build v11.0.0rc2 (mac64[arm] - Darwin 23.5.0 23F79)

CPU model: Apple M3 Pro
Thread count: 12 physical cores, 12 logical processors, using up to 1 threads

Optimize a model with 794 rows, 189 columns and 2330 nonzeros
Model fingerprint: 0x9454da55
Variable types: 126 continuous, 63 integer (63 binary)
Coefficient statistics:
  Matrix range     [1e+00, 1e+00]
  Objective range  [1e+01, 3e+02]
  Bounds range     [1e+00, 1e+00]
  RHS range        [1e+00, 2e+00]
Presolve removed 128 rows and 35 columns
Presolve time: 0.00s
Presolved: 666 rows, 154 columns, 1920 nonzeros
Variable types: 0 continuous, 154 integer (154 binary)
Found heuristic solution: objective 2210.0000000
Found heuristic solution: objective 1589.0000000
Found heuristic solution: objective 1560.0000000

Root relaxation: objective 0.000000e+00, 75 iterations, 0.00 seconds (0.00 work units)

    Nodes    |    Current Node    |     Objective Bounds      |     Work
 Expl Unexpl |  Obj  Depth IntInf | Incumbent    BestBd   Gap | It/Node Time

     0     0    0.00000    0   45 1560.00000    0.00000   100%     -    0s
H    0     0                    1103.0000000    0.00000   100%     -    0s
H    0     0                    1055.0000000    0.00000   100%     -    0s
     0     0    0.00000    0   67 1055.00000    0.00000   100%     -    0s
H    0     0                     919.0000000    0.00000   100%     -    0s
     0     0  137.99841    0   96  919.00000  137.99841  85.0%     -    0s
     0     0  143.66667    0   93  919.00000  143.66667  84.4%     -    0s
     0     0  145.56410    0   93  919.00000  145.56410  84.2%     -    0s
     0     0  146.20238    0   94  919.00000  146.20238  84.1%     -    0s
     0     0  207.22449    0  109  919.00000  207.22449  77.5%     -    0s
     0     0  209.58611    0  110  919.00000  209.58611  77.2%     -    0s
     0     0  209.78115    0  111  919.00000  209.78115  77.2%     -    0s
     0     0  209.83037    0  110  919.00000  209.83037  77.2%     -    0s
     0     0  218.29167    0  110  919.00000  218.29167  76.2%     -    0s
     0     0  219.50000    0  112  919.00000  219.50000  76.1%     -    0s
     0     0  219.79870    0  114  919.00000  219.79870  76.1%     -    0s
     0     0  219.92857    0  114  919.00000  219.92857  76.1%     -    0s
     0     0  219.92857    0  115  919.00000  219.92857  76.1%     -    0s
     0     0  220.39326    0  117  919.00000  220.39326  76.0%     -    0s
     0     0  221.26219    0  112  919.00000  221.26219  75.9%     -    0s
     0     0  221.32319    0  116  919.00000  221.32319  75.9%     -    0s
     0     0  222.55493    0  113  919.00000  222.55493  75.8%     -    0s
     0     0  222.66129    0  117  919.00000  222.66129  75.8%     -    0s
     0     0  222.67241    0  117  919.00000  222.67241  75.8%     -    0s
     0     0  223.29260    0  115  919.00000  223.29260  75.7%     -    0s
     0     0  223.40107    0  116  919.00000  223.40107  75.7%     -    0s
     0     0  223.40107    0  114  919.00000  223.40107  75.7%     -    0s
     0     0  223.40107    0  117  919.00000  223.40107  75.7%     -    0s
     0     0  223.40107    0  114  919.00000  223.40107  75.7%     -    0s
     0     2  225.52139    0  113  919.00000  225.52139  75.5%     -    0s
*   31     5               6     855.0000000  504.00000  41.1%  36.7    0s
*   37     5               7     852.0000000  504.00000  40.8%  34.2    0s

Cutting planes:
  MIR: 10
  Zero half: 20
  RLT: 24
  BQP: 20

Explored 56 nodes (2449 simplex iterations) in 0.13 seconds (0.16 work units)
Thread count was 1 (of 12 available processors)

Solution count 8: 852 855 919 ... 2210

Optimal solution found (tolerance 1.00e-04)
Best objective 8.520000000000e+02, best bound 8.520000000000e+02, gap 0.0000%
852.0
