Set parameter Username
Academic license - for non-commercial use only - expires 2025-08-28
Set parameter Threads to value 1
Set parameter Method to value 4
Gurobi Optimizer version 11.0.0 build v11.0.0rc2 (mac64[arm] - Darwin 23.5.0 23F79)

CPU model: Apple M3 Pro
Thread count: 12 physical cores, 12 logical processors, using up to 1 threads

Optimize a model with 851 rows, 201 columns and 2497 nonzeros
Model fingerprint: 0x8cc51f37
Variable types: 135 continuous, 66 integer (66 binary)
Coefficient statistics:
  Matrix range     [1e+00, 1e+00]
  Objective range  [1e+01, 3e+02]
  Bounds range     [1e+00, 1e+00]
  RHS range        [1e+00, 2e+00]
Found heuristic solution: objective 2808.0000000
Presolve removed 136 rows and 37 columns
Presolve time: 0.00s
Presolved: 715 rows, 164 columns, 2061 nonzeros
Variable types: 0 continuous, 164 integer (164 binary)

Root relaxation: objective 0.000000e+00, 79 iterations, 0.00 seconds (0.00 work units)

    Nodes    |    Current Node    |     Objective Bounds      |     Work
 Expl Unexpl |  Obj  Depth IntInf | Incumbent    BestBd   Gap | It/Node Time

     0     0    0.00000    0   61 2808.00000    0.00000   100%     -    0s
H    0     0                    1573.0000000    0.00000   100%     -    0s
H    0     0                    1079.0000000    0.00000   100%     -    0s
H    0     0                    1035.0000000    0.00000   100%     -    0s
     0     0   29.66667    0   78 1035.00000   29.66667  97.1%     -    0s
     0     0  168.63638    0  116 1035.00000  168.63638  83.7%     -    0s
     0     0  227.69281    0  118 1035.00000  227.69281  78.0%     -    0s
     0     0  239.23063    0  118 1035.00000  239.23063  76.9%     -    0s
     0     0  240.33333    0  121 1035.00000  240.33333  76.8%     -    0s
     0     0  241.21032    0  122 1035.00000  241.21032  76.7%     -    0s
     0     0  241.32143    0  121 1035.00000  241.32143  76.7%     -    0s
     0     0  241.36323    0  122 1035.00000  241.36323  76.7%     -    0s
     0     0  264.32706    0  126 1035.00000  264.32706  74.5%     -    0s
     0     0  265.99071    0  127 1035.00000  265.99071  74.3%     -    0s
     0     0  267.45175    0  127 1035.00000  267.45175  74.2%     -    0s
     0     0  268.73387    0  128 1035.00000  268.73387  74.0%     -    0s
     0     0  269.05556    0  125 1035.00000  269.05556  74.0%     -    0s
     0     0  269.48684    0  128 1035.00000  269.48684  74.0%     -    0s
     0     0  269.62306    0  127 1035.00000  269.62306  73.9%     -    0s
     0     0  277.14185    0  130 1035.00000  277.14185  73.2%     -    0s
     0     0  278.66102    0  129 1035.00000  278.66102  73.1%     -    0s
     0     0  278.85524    0  132 1035.00000  278.85524  73.1%     -    0s
     0     0  278.90292    0  132 1035.00000  278.90292  73.1%     -    0s
     0     0  279.20833    0  126 1035.00000  279.20833  73.0%     -    0s
     0     0  281.09198    0  126 1035.00000  281.09198  72.8%     -    0s
     0     0  281.18974    0  126 1035.00000  281.18974  72.8%     -    0s
     0     0  282.22059    0  129 1035.00000  282.22059  72.7%     -    0s
     0     0  282.42541    0  131 1035.00000  282.42541  72.7%     -    0s
     0     0  282.46296    0  131 1035.00000  282.46296  72.7%     -    0s
     0     0  283.78728    0  129 1035.00000  283.78728  72.6%     -    0s
H    0     0                    1017.0000000  283.78728  72.1%     -    0s
     0     0  284.79433    0  129 1017.00000  284.79433  72.0%     -    0s
     0     0  285.02180    0  129 1017.00000  285.02180  72.0%     -    0s
     0     0  285.38478    0  131 1017.00000  285.38478  71.9%     -    0s
     0     0  285.44440    0  128 1017.00000  285.44440  71.9%     -    0s
     0     0  285.54217    0  129 1017.00000  285.54217  71.9%     -    0s
     0     0  285.76607    0  131 1017.00000  285.76607  71.9%     -    0s
     0     0  285.77108    0  133 1017.00000  285.77108  71.9%     -    0s
     0     0  285.77178    0  133 1017.00000  285.77178  71.9%     -    0s
H    0     0                     981.0000000  285.77178  70.9%     -    0s
     0     0  285.77178    0  132  981.00000  285.77178  70.9%     -    0s
     0     0  285.77178    0  132  981.00000  285.77178  70.9%     -    0s
     0     2  288.04086    0  130  981.00000  288.04086  70.6%     -    0s
*   14    10               9     960.0000000  480.00000  50.0%  48.0    0s
*   71    12               9     931.0000000  678.50000  27.1%  32.5    0s
*  102     0               6     880.0000000  880.00000  0.00%  28.4    0s

Cutting planes:
  MIR: 9
  Zero half: 52
  RLT: 31
  BQP: 18

Explored 103 nodes (4039 simplex iterations) in 0.18 seconds (0.23 work units)
Thread count was 1 (of 12 available processors)

Solution count 9: 880 931 960 ... 2808

Optimal solution found (tolerance 1.00e-04)
Best objective 8.800000000000e+02, best bound 8.800000000000e+02, gap 0.0000%
880.0
