Set parameter Username
Academic license - for non-commercial use only - expires 2025-08-28
Set parameter Threads to value 1
Set parameter Method to value 4
Gurobi Optimizer version 11.0.0 build v11.0.0rc2 (mac64[arm] - Darwin 23.5.0 23F79)

CPU model: Apple M3 Pro
Thread count: 12 physical cores, 12 logical processors, using up to 1 threads

Optimize a model with 851 rows, 201 columns and 2497 nonzeros
Model fingerprint: 0x0d912f02
Variable types: 135 continuous, 66 integer (66 binary)
Coefficient statistics:
  Matrix range     [1e+00, 1e+00]
  Objective range  [1e+01, 3e+02]
  Bounds range     [1e+00, 1e+00]
  RHS range        [1e+00, 2e+00]
Found heuristic solution: objective 2815.0000000
Presolve removed 136 rows and 37 columns
Presolve time: 0.00s
Presolved: 715 rows, 164 columns, 2061 nonzeros
Variable types: 0 continuous, 164 integer (164 binary)

Root relaxation: objective 0.000000e+00, 79 iterations, 0.00 seconds (0.00 work units)

    Nodes    |    Current Node    |     Objective Bounds      |     Work
 Expl Unexpl |  Obj  Depth IntInf | Incumbent    BestBd   Gap | It/Node Time

     0     0    0.00000    0   61 2815.00000    0.00000   100%     -    0s
H    0     0                    1579.0000000    0.00000   100%     -    0s
H    0     0                    1078.0000000    0.00000   100%     -    0s
H    0     0                    1038.0000000    0.00000   100%     -    0s
     0     0   30.33333    0   85 1038.00000   30.33333  97.1%     -    0s
H    0     0                    1032.0000000   30.33333  97.1%     -    0s
H    0     0                    1003.0000000   30.33333  97.0%     -    0s
     0     0  169.86905    0  114 1003.00000  169.86905  83.1%     -    0s
     0     0  233.14000    0  120 1003.00000  233.14000  76.8%     -    0s
     0     0  237.93063    0  124 1003.00000  237.93063  76.3%     -    0s
     0     0  238.80485    0  123 1003.00000  238.80485  76.2%     -    0s
     0     0  238.80485    0  123 1003.00000  238.80485  76.2%     -    0s
     0     0  251.22679    0  128 1003.00000  251.22679  75.0%     -    0s
H    0     0                     967.0000000  251.22679  74.0%     -    0s
     0     0  254.83333    0  127  967.00000  254.83333  73.6%     -    0s
     0     0  255.15252    0  127  967.00000  255.15252  73.6%     -    0s
     0     0  255.40758    0  127  967.00000  255.40758  73.6%     -    0s
     0     0  255.43750    0  127  967.00000  255.43750  73.6%     -    0s
     0     0  259.80471    0  128  967.00000  259.80471  73.1%     -    0s
     0     0  260.25440    0  127  967.00000  260.25440  73.1%     -    0s
     0     0  260.90484    0  130  967.00000  260.90484  73.0%     -    0s
     0     0  261.21991    0  127  967.00000  261.21991  73.0%     -    0s
     0     0  261.40278    0  127  967.00000  261.40278  73.0%     -    0s
     0     0  261.40278    0  127  967.00000  261.40278  73.0%     -    0s
     0     0  263.51142    0  127  967.00000  263.51142  72.7%     -    0s
     0     0  266.02255    0  131  967.00000  266.02255  72.5%     -    0s
     0     0  266.07933    0  126  967.00000  266.07933  72.5%     -    0s
     0     0  268.02752    0  130  967.00000  268.02752  72.3%     -    0s
     0     0  268.67134    0  131  967.00000  268.67134  72.2%     -    0s
     0     0  269.39573    0  133  967.00000  269.39573  72.1%     -    0s
     0     0  269.48575    0  133  967.00000  269.48575  72.1%     -    0s
     0     0  269.59932    0  132  967.00000  269.59932  72.1%     -    0s
     0     0  269.63147    0  132  967.00000  269.63147  72.1%     -    0s
     0     0  270.86977    0  133  967.00000  270.86977  72.0%     -    0s
     0     0  271.52054    0  130  967.00000  271.52054  71.9%     -    0s
     0     0  271.83170    0  133  967.00000  271.83170  71.9%     -    0s
     0     0  274.99575    0  133  967.00000  274.99575  71.6%     -    0s
     0     0  276.87291    0  133  967.00000  276.87291  71.4%     -    0s
     0     0  276.89105    0  133  967.00000  276.89105  71.4%     -    0s
     0     0  276.90569    0  133  967.00000  276.90569  71.4%     -    0s
     0     0  276.90569    0  131  967.00000  276.90569  71.4%     -    0s
     0     2  281.12758    0  131  967.00000  281.12758  70.9%     -    0s
*   24    10               9     938.0000000  561.00000  40.2%  43.1    0s
*   47     9               6     887.0000000  582.00000  34.4%  31.3    0s

Cutting planes:
  MIR: 10
  Zero half: 45
  RLT: 30
  BQP: 12

Explored 77 nodes (3183 simplex iterations) in 0.18 seconds (0.21 work units)
Thread count was 1 (of 12 available processors)

Solution count 9: 887 938 967 ... 2815

Optimal solution found (tolerance 1.00e-04)
Best objective 8.870000000000e+02, best bound 8.870000000000e+02, gap 0.0000%
887.0
