Set parameter Username
Academic license - for non-commercial use only - expires 2025-08-28
Set parameter Threads to value 1
Set parameter Method to value 4
Gurobi Optimizer version 11.0.0 build v11.0.0rc2 (mac64[arm] - Darwin 23.5.0 23F79)

CPU model: Apple M3 Pro
Thread count: 12 physical cores, 12 logical processors, using up to 1 threads

Optimize a model with 851 rows, 201 columns and 2497 nonzeros
Model fingerprint: 0x5cc65e86
Variable types: 135 continuous, 66 integer (66 binary)
Coefficient statistics:
  Matrix range     [1e+00, 1e+00]
  Objective range  [1e+01, 3e+02]
  Bounds range     [1e+00, 1e+00]
  RHS range        [1e+00, 2e+00]
Found heuristic solution: objective 2766.0000000
Presolve removed 136 rows and 37 columns
Presolve time: 0.00s
Presolved: 715 rows, 164 columns, 2061 nonzeros
Variable types: 0 continuous, 164 integer (164 binary)

Root relaxation: objective 0.000000e+00, 79 iterations, 0.00 seconds (0.00 work units)

    Nodes    |    Current Node    |     Objective Bounds      |     Work
 Expl Unexpl |  Obj  Depth IntInf | Incumbent    BestBd   Gap | It/Node Time

     0     0    0.00000    0   61 2766.00000    0.00000   100%     -    0s
H    0     0                    1537.0000000    0.00000   100%     -    0s
H    0     0                    1061.0000000    0.00000   100%     -    0s
H    0     0                    1017.0000000    0.00000   100%     -    0s
     0     0   27.66667    0   78 1017.00000   27.66667  97.3%     -    0s
     0     0  162.14565    0  112 1017.00000  162.14565  84.1%     -    0s
     0     0  220.34746    0  121 1017.00000  220.34746  78.3%     -    0s
     0     0  224.46586    0  118 1017.00000  224.46586  77.9%     -    0s
     0     0  226.46524    0  116 1017.00000  226.46524  77.7%     -    0s
     0     0  226.49378    0  116 1017.00000  226.49378  77.7%     -    0s
     0     0  248.64529    0  123 1017.00000  248.64529  75.6%     -    0s
     0     0  253.88735    0  126 1017.00000  253.88735  75.0%     -    0s
     0     0  254.22156    0  124 1017.00000  254.22156  75.0%     -    0s
     0     0  254.25172    0  125 1017.00000  254.25172  75.0%     -    0s
     0     0  262.32431    0  123 1017.00000  262.32431  74.2%     -    0s
     0     0  263.88206    0  126 1017.00000  263.88206  74.1%     -    0s
     0     0  263.88232    0  126 1017.00000  263.88232  74.1%     -    0s
     0     0  263.92289    0  129 1017.00000  263.92289  74.0%     -    0s
     0     0  263.94264    0  129 1017.00000  263.94264  74.0%     -    0s
     0     0  264.08621    0  126 1017.00000  264.08621  74.0%     -    0s
     0     0  264.41667    0  125 1017.00000  264.41667  74.0%     -    0s
     0     0  264.43553    0  129 1017.00000  264.43553  74.0%     -    0s
     0     0  264.54521    0  128 1017.00000  264.54521  74.0%     -    0s
     0     0  264.54521    0  123 1017.00000  264.54521  74.0%     -    0s
H    0     0                     905.0000000  264.54521  70.8%     -    0s
     0     2  269.80529    0  123  905.00000  269.80529  70.2%     -    0s
*   50     9               8     841.0000000  653.00000  22.4%  33.7    0s
*   72     0               7     838.0000000  838.00000  0.00%  29.5    0s

Cutting planes:
  Gomory: 1
  MIR: 12
  Zero half: 47
  RLT: 29
  BQP: 12

Explored 73 nodes (3114 simplex iterations) in 0.15 seconds (0.18 work units)
Thread count was 1 (of 12 available processors)

Solution count 7: 838 841 905 ... 2766

Optimal solution found (tolerance 1.00e-04)
Best objective 8.380000000000e+02, best bound 8.380000000000e+02, gap 0.0000%
838.0
