Set parameter Username
Academic license - for non-commercial use only - expires 2025-08-28
Set parameter Threads to value 1
Set parameter Method to value 4
Gurobi Optimizer version 11.0.0 build v11.0.0rc2 (mac64[arm] - Darwin 23.5.0 23F79)

CPU model: Apple M3 Pro
Thread count: 12 physical cores, 12 logical processors, using up to 1 threads

Optimize a model with 794 rows, 189 columns and 2330 nonzeros
Model fingerprint: 0xe08ea119
Variable types: 126 continuous, 63 integer (63 binary)
Coefficient statistics:
  Matrix range     [1e+00, 1e+00]
  Objective range  [1e+01, 3e+02]
  Bounds range     [1e+00, 1e+00]
  RHS range        [1e+00, 2e+00]
Presolve removed 128 rows and 35 columns
Presolve time: 0.00s
Presolved: 666 rows, 154 columns, 1920 nonzeros
Variable types: 0 continuous, 154 integer (154 binary)
Found heuristic solution: objective 2181.0000000
Found heuristic solution: objective 1561.0000000
Found heuristic solution: objective 1532.0000000

Root relaxation: objective 0.000000e+00, 75 iterations, 0.00 seconds (0.00 work units)

    Nodes    |    Current Node    |     Objective Bounds      |     Work
 Expl Unexpl |  Obj  Depth IntInf | Incumbent    BestBd   Gap | It/Node Time

     0     0    0.00000    0   45 1532.00000    0.00000   100%     -    0s
H    0     0                    1075.0000000    0.00000   100%     -    0s
H    0     0                    1027.0000000    0.00000   100%     -    0s
     0     0    0.00000    0   67 1027.00000    0.00000   100%     -    0s
H    0     0                     891.0000000    0.00000   100%     -    0s
     0     0  135.52459    0   97  891.00000  135.52459  84.8%     -    0s
     0     0  140.55556    0   94  891.00000  140.55556  84.2%     -    0s
     0     0  142.33333    0   91  891.00000  142.33333  84.0%     -    0s
     0     0  142.95238    0   92  891.00000  142.95238  84.0%     -    0s
     0     0  203.13250    0  110  891.00000  203.13250  77.2%     -    0s
     0     0  204.42450    0  111  891.00000  204.42450  77.1%     -    0s
     0     0  204.88129    0  108  891.00000  204.88129  77.0%     -    0s
     0     0  204.94573    0  107  891.00000  204.94573  77.0%     -    0s
     0     0  204.95847    0  109  891.00000  204.95847  77.0%     -    0s
     0     0  218.46094    0  114  891.00000  218.46094  75.5%     -    0s
     0     0  222.36296    0  122  891.00000  222.36296  75.0%     -    0s
     0     0  223.65095    0  119  891.00000  223.65095  74.9%     -    0s
     0     0  227.45241    0  118  891.00000  227.45241  74.5%     -    0s
     0     0  227.94828    0  118  891.00000  227.94828  74.4%     -    0s
     0     0  228.37639    0  118  891.00000  228.37639  74.4%     -    0s
     0     0  229.05882    0  119  891.00000  229.05882  74.3%     -    0s
     0     0  229.24686    0  122  891.00000  229.24686  74.3%     -    0s
     0     0  229.25152    0  120  891.00000  229.25152  74.3%     -    0s
     0     0  230.71987    0  119  891.00000  230.71987  74.1%     -    0s
H    0     0                     884.0000000  230.71987  73.9%     -    0s
H    0     0                     824.0000000  230.71987  72.0%     -    0s
     0     0  230.80074    0  120  824.00000  230.80074  72.0%     -    0s
     0     0  231.22436    0  119  824.00000  231.22436  71.9%     -    0s
     0     0  231.23964    0  123  824.00000  231.23964  71.9%     -    0s
     0     0  232.02006    0  121  824.00000  232.02006  71.8%     -    0s
     0     0  232.23394    0  121  824.00000  232.23394  71.8%     -    0s
     0     0  232.46111    0  121  824.00000  232.46111  71.8%     -    0s
     0     0  232.56667    0  121  824.00000  232.56667  71.8%     -    0s
     0     0  232.59580    0  122  824.00000  232.59580  71.8%     -    0s
     0     0  239.32634    0  121  824.00000  239.32634  71.0%     -    0s
     0     0  239.95706    0  123  824.00000  239.95706  70.9%     -    0s
     0     0  240.08012    0  124  824.00000  240.08012  70.9%     -    0s
     0     0  240.11373    0  123  824.00000  240.11373  70.9%     -    0s
     0     0  240.73487    0  120  824.00000  240.73487  70.8%     -    0s
     0     0  242.93939    0  121  824.00000  242.93939  70.5%     -    0s
     0     0  243.09148    0  122  824.00000  243.09148  70.5%     -    0s
     0     0  243.10546    0  121  824.00000  243.10546  70.5%     -    0s
     0     0  243.89912    0  122  824.00000  243.89912  70.4%     -    0s
     0     0  244.41404    0  122  824.00000  244.41404  70.3%     -    0s
     0     0  244.56869    0  122  824.00000  244.56869  70.3%     -    0s
     0     0  244.87393    0  122  824.00000  244.87393  70.3%     -    0s
     0     0  244.90805    0  122  824.00000  244.90805  70.3%     -    0s
     0     0  244.91050    0  123  824.00000  244.91050  70.3%     -    0s
     0     0  244.91050    0  120  824.00000  244.91050  70.3%     -    0s
     0     2  246.64322    0  119  824.00000  246.64322  70.1%     -    0s

Cutting planes:
  MIR: 30
  Zero half: 20
  RLT: 16
  BQP: 19

Explored 42 nodes (2450 simplex iterations) in 0.16 seconds (0.20 work units)
Thread count was 1 (of 12 available processors)

Solution count 8: 824 884 891 ... 2181

Optimal solution found (tolerance 1.00e-04)
Best objective 8.240000000000e+02, best bound 8.240000000000e+02, gap 0.0000%
824.0
