Set parameter Username
Academic license - for non-commercial use only - expires 2025-08-28
Set parameter Threads to value 1
Set parameter Method to value 4
Gurobi Optimizer version 11.0.0 build v11.0.0rc2 (mac64[arm] - Darwin 23.5.0 23F79)

CPU model: Apple M3 Pro
Thread count: 12 physical cores, 12 logical processors, using up to 1 threads

Optimize a model with 794 rows, 189 columns and 2330 nonzeros
Model fingerprint: 0xa624e1c4
Variable types: 126 continuous, 63 integer (63 binary)
Coefficient statistics:
  Matrix range     [1e+00, 1e+00]
  Objective range  [1e+01, 3e+02]
  Bounds range     [1e+00, 1e+00]
  RHS range        [1e+00, 2e+00]
Presolve removed 128 rows and 35 columns
Presolve time: 0.00s
Presolved: 666 rows, 154 columns, 1920 nonzeros
Variable types: 0 continuous, 154 integer (154 binary)
Found heuristic solution: objective 2203.0000000
Found heuristic solution: objective 1582.0000000
Found heuristic solution: objective 1553.0000000

Root relaxation: objective 0.000000e+00, 75 iterations, 0.00 seconds (0.00 work units)

    Nodes    |    Current Node    |     Objective Bounds      |     Work
 Expl Unexpl |  Obj  Depth IntInf | Incumbent    BestBd   Gap | It/Node Time

     0     0    0.00000    0   45 1553.00000    0.00000   100%     -    0s
H    0     0                    1096.0000000    0.00000   100%     -    0s
H    0     0                    1048.0000000    0.00000   100%     -    0s
     0     0    0.00000    0   67 1048.00000    0.00000   100%     -    0s
H    0     0                     912.0000000    0.00000   100%     -    0s
     0     0  137.28981    0   96  912.00000  137.28981  84.9%     -    0s
     0     0  142.83333    0   93  912.00000  142.83333  84.3%     -    0s
     0     0  144.75641    0   91  912.00000  144.75641  84.1%     -    0s
     0     0  145.38095    0   92  912.00000  145.38095  84.1%     -    0s
     0     0  201.87531    0  105  912.00000  201.87531  77.9%     -    0s
     0     0  204.01408    0  108  912.00000  204.01408  77.6%     -    0s
     0     0  204.26645    0  107  912.00000  204.26645  77.6%     -    0s
     0     0  204.31090    0  108  912.00000  204.31090  77.6%     -    0s
     0     0  211.50475    0  107  912.00000  211.50475  76.8%     -    0s
     0     0  212.28624    0  110  912.00000  212.28624  76.7%     -    0s
     0     0  212.49890    0  110  912.00000  212.49890  76.7%     -    0s
     0     0  212.53212    0  111  912.00000  212.53212  76.7%     -    0s
     0     0  213.57500    0  108  912.00000  213.57500  76.6%     -    0s
     0     0  214.06801    0  112  912.00000  214.06801  76.5%     -    0s
     0     0  219.96940    0  111  912.00000  219.96940  75.9%     -    0s
     0     0  220.23387    0  115  912.00000  220.23387  75.9%     -    0s
     0     0  220.25000    0  113  912.00000  220.25000  75.8%     -    0s
     0     0  223.39216    0  113  912.00000  223.39216  75.5%     -    0s
     0     0  224.45791    0  117  912.00000  224.45791  75.4%     -    0s
     0     0  224.46121    0  115  912.00000  224.46121  75.4%     -    0s
     0     0  224.72973    0  116  912.00000  224.72973  75.4%     -    0s
H    0     0                     900.0000000  224.72973  75.0%     -    0s
     0     0  224.74766    0  117  900.00000  224.74766  75.0%     -    0s
     0     0  225.87736    0  112  900.00000  225.87736  74.9%     -    0s
     0     0  228.27057    0  119  900.00000  228.27057  74.6%     -    0s
     0     0  228.44231    0  118  900.00000  228.44231  74.6%     -    0s
     0     0  228.47414    0  119  900.00000  228.47414  74.6%     -    0s
     0     0  228.47414    0  118  900.00000  228.47414  74.6%     -    0s
     0     0  228.47414    0  118  900.00000  228.47414  74.6%     -    0s
     0     0  228.47414    0  116  900.00000  228.47414  74.6%     -    0s
     0     2  230.37871    0  115  900.00000  230.37871  74.4%     -    0s
*   13     7               7     896.0000000  410.00000  54.2%  42.8    0s
*   19     9               7     848.0000000  410.16667  51.6%  36.6    0s
*   26     9               8     845.0000000  410.16667  51.5%  30.5    0s

Cutting planes:
  MIR: 25
  Zero half: 16
  RLT: 21
  BQP: 21

Explored 52 nodes (2388 simplex iterations) in 0.15 seconds (0.18 work units)
Thread count was 1 (of 12 available processors)

Solution count 10: 845 848 896 ... 2203

Optimal solution found (tolerance 1.00e-04)
Best objective 8.450000000000e+02, best bound 8.450000000000e+02, gap 0.0000%
845.0
