Set parameter Username
Academic license - for non-commercial use only - expires 2025-08-28
Set parameter Threads to value 1
Set parameter Method to value 4
Gurobi Optimizer version 11.0.0 build v11.0.0rc2 (mac64[arm] - Darwin 23.5.0 23F79)

CPU model: Apple M3 Pro
Thread count: 12 physical cores, 12 logical processors, using up to 1 threads

Optimize a model with 794 rows, 189 columns and 2330 nonzeros
Model fingerprint: 0xc1a34f67
Variable types: 126 continuous, 63 integer (63 binary)
Coefficient statistics:
  Matrix range     [1e+00, 1e+00]
  Objective range  [1e+01, 3e+02]
  Bounds range     [1e+00, 1e+00]
  RHS range        [1e+00, 2e+00]
Presolve removed 128 rows and 35 columns
Presolve time: 0.00s
Presolved: 666 rows, 154 columns, 1920 nonzeros
Variable types: 0 continuous, 154 integer (154 binary)
Found heuristic solution: objective 2209.0000000
Found heuristic solution: objective 1589.0000000
Found heuristic solution: objective 1560.0000000

Root relaxation: objective 0.000000e+00, 75 iterations, 0.00 seconds (0.00 work units)

    Nodes    |    Current Node    |     Objective Bounds      |     Work
 Expl Unexpl |  Obj  Depth IntInf | Incumbent    BestBd   Gap | It/Node Time

     0     0    0.00000    0   45 1560.00000    0.00000   100%     -    0s
H    0     0                    1103.0000000    0.00000   100%     -    0s
H    0     0                    1055.0000000    0.00000   100%     -    0s
     0     0    0.00000    0   67 1055.00000    0.00000   100%     -    0s
H    0     0                     919.0000000    0.00000   100%     -    0s
     0     0  138.36300    0   97  919.00000  138.36300  84.9%     -    0s
H    0     0                     852.0000000  138.36300  83.8%     -    0s
     0     0  143.88889    0   93  852.00000  143.88889  83.1%     -    0s
     0     0  145.56410    0   91  852.00000  145.56410  82.9%     -    0s
     0     0  146.23810    0   92  852.00000  146.23810  82.8%     -    0s
     0     0  206.54601    0  104  852.00000  206.54601  75.8%     -    0s
     0     0  206.95455    0  106  852.00000  206.95455  75.7%     -    0s
     0     0  207.46607    0  107  852.00000  207.46607  75.6%     -    0s
     0     0  223.65760    0  113  852.00000  223.65760  73.7%     -    0s
     0     0  225.88889    0  103  852.00000  225.88889  73.5%     -    0s
     0     0  226.78838    0  112  852.00000  226.78838  73.4%     -    0s
     0     0  234.54526    0  111  852.00000  234.54526  72.5%     -    0s
     0     0  238.57263    0  116  852.00000  238.57263  72.0%     -    0s
     0     0  240.88235    0  115  852.00000  240.88235  71.7%     -    0s
     0     0  241.07692    0  116  852.00000  241.07692  71.7%     -    0s
     0     0  241.07692    0  116  852.00000  241.07692  71.7%     -    0s
     0     0  241.48824    0  118  852.00000  241.48824  71.7%     -    0s
     0     0  241.55890    0  119  852.00000  241.55890  71.6%     -    0s
     0     0  245.85000    0  114  852.00000  245.85000  71.1%     -    0s
     0     0  246.50706    0  119  852.00000  246.50706  71.1%     -    0s
     0     0  246.55556    0  120  852.00000  246.55556  71.1%     -    0s
     0     0  247.44000    0  117  852.00000  247.44000  71.0%     -    0s
     0     0  248.34615    0  119  852.00000  248.34615  70.9%     -    0s
     0     0  248.93464    0  117  852.00000  248.93464  70.8%     -    0s
     0     0  249.18567    0  120  852.00000  249.18567  70.8%     -    0s
     0     0  249.20598    0  120  852.00000  249.20598  70.8%     -    0s
     0     0  251.91228    0  122  852.00000  251.91228  70.4%     -    0s
     0     0  252.02084    0  122  852.00000  252.02084  70.4%     -    0s
     0     0  252.02084    0  122  852.00000  252.02084  70.4%     -    0s
     0     2  261.43197    0  122  852.00000  261.43197  69.3%     -    0s

Cutting planes:
  MIR: 33
  Zero half: 28
  RLT: 23
  BQP: 18

Explored 55 nodes (2591 simplex iterations) in 0.15 seconds (0.19 work units)
Thread count was 1 (of 12 available processors)

Solution count 7: 852 919 1055 ... 2209

Optimal solution found (tolerance 1.00e-04)
Best objective 8.520000000000e+02, best bound 8.520000000000e+02, gap 0.0000%
852.0
