Set parameter Username
Academic license - for non-commercial use only - expires 2025-08-28
Set parameter Threads to value 1
Set parameter Method to value 4
Gurobi Optimizer version 11.0.0 build v11.0.0rc2 (mac64[arm] - Darwin 23.5.0 23F79)

CPU model: Apple M3 Pro
Thread count: 12 physical cores, 12 logical processors, using up to 1 threads

Optimize a model with 794 rows, 189 columns and 2330 nonzeros
Model fingerprint: 0xffb81020
Variable types: 126 continuous, 63 integer (63 binary)
Coefficient statistics:
  Matrix range     [1e+00, 1e+00]
  Objective range  [1e+01, 3e+02]
  Bounds range     [1e+00, 1e+00]
  RHS range        [1e+00, 2e+00]
Presolve removed 128 rows and 35 columns
Presolve time: 0.00s
Presolved: 666 rows, 154 columns, 1920 nonzeros
Variable types: 0 continuous, 154 integer (154 binary)
Found heuristic solution: objective 2200.0000000
Found heuristic solution: objective 1581.0000000
Found heuristic solution: objective 1551.0000000

Root relaxation: objective 0.000000e+00, 75 iterations, 0.00 seconds (0.00 work units)

    Nodes    |    Current Node    |     Objective Bounds      |     Work
 Expl Unexpl |  Obj  Depth IntInf | Incumbent    BestBd   Gap | It/Node Time

     0     0    0.00000    0   45 1551.00000    0.00000   100%     -    0s
H    0     0                    1096.0000000    0.00000   100%     -    0s
H    0     0                    1048.0000000    0.00000   100%     -    0s
     0     0    0.00000    0   67 1048.00000    0.00000   100%     -    0s
H    0     0                     912.0000000    0.00000   100%     -    0s
     0     0  137.28981    0   96  912.00000  137.28981  84.9%     -    0s
     0     0  142.83333    0   93  912.00000  142.83333  84.3%     -    0s
     0     0  144.75641    0   91  912.00000  144.75641  84.1%     -    0s
     0     0  145.38095    0   92  912.00000  145.38095  84.1%     -    0s
     0     0  205.95225    0  109  912.00000  205.95225  77.4%     -    0s
     0     0  207.02564    0  107  912.00000  207.02564  77.3%     -    0s
     0     0  207.41964    0  109  912.00000  207.41964  77.3%     -    0s
     0     0  207.79487    0  107  912.00000  207.79487  77.2%     -    0s
     0     0  207.90087    0  110  912.00000  207.90087  77.2%     -    0s
     0     0  207.90778    0  110  912.00000  207.90778  77.2%     -    0s
     0     0  217.60941    0  109  912.00000  217.60941  76.1%     -    0s
     0     0  222.74726    0  114  912.00000  222.74726  75.6%     -    0s
     0     0  224.32246    0  114  912.00000  224.32246  75.4%     -    0s
     0     0  224.98818    0  113  912.00000  224.98818  75.3%     -    0s
     0     0  224.99776    0  114  912.00000  224.99776  75.3%     -    0s
     0     0  234.11540    0  117  912.00000  234.11540  74.3%     -    0s
     0     0  235.61888    0  117  912.00000  235.61888  74.2%     -    0s
     0     0  236.13516    0  117  912.00000  236.13516  74.1%     -    0s
     0     0  236.13649    0  118  912.00000  236.13649  74.1%     -    0s
     0     0  239.17708    0  113  912.00000  239.17708  73.8%     -    0s
     0     0  244.54167    0  112  912.00000  244.54167  73.2%     -    0s
     0     0  245.11756    0  117  912.00000  245.11756  73.1%     -    0s
     0     0  245.15738    0  119  912.00000  245.15738  73.1%     -    0s
     0     0  245.79259    0  117  912.00000  245.79259  73.0%     -    0s
H    0     0                     896.0000000  245.79259  72.6%     -    0s
H    0     0                     848.0000000  245.79259  71.0%     -    0s
     0     0  249.57965    0  118  848.00000  249.57965  70.6%     -    0s
     0     0  251.14341    0  119  848.00000  251.14341  70.4%     -    0s
     0     0  251.14435    0  119  848.00000  251.14435  70.4%     -    0s
     0     0  255.68503    0  118  848.00000  255.68503  69.8%     -    0s
     0     0  256.58671    0  122  848.00000  256.58671  69.7%     -    0s
     0     0  256.85610    0  122  848.00000  256.85610  69.7%     -    0s
     0     0  256.88643    0  122  848.00000  256.88643  69.7%     -    0s
     0     0  256.90227    0  122  848.00000  256.90227  69.7%     -    0s
     0     0  256.90227    0  122  848.00000  256.90227  69.7%     -    0s
     0     0  256.90227    0  121  848.00000  256.90227  69.7%     -    0s
     0     2  259.43485    0  118  848.00000  259.43485  69.4%     -    0s
*   27     5               7     845.0000000  625.00000  26.0%  44.1    0s

Cutting planes:
  MIR: 24
  Zero half: 34
  RLT: 18
  BQP: 16

Explored 42 nodes (2482 simplex iterations) in 0.16 seconds (0.19 work units)
Thread count was 1 (of 12 available processors)

Solution count 9: 845 848 896 ... 2200

Optimal solution found (tolerance 1.00e-04)
Best objective 8.450000000000e+02, best bound 8.450000000000e+02, gap 0.0000%
845.0
