Set parameter Username
Academic license - for non-commercial use only - expires 2025-08-28
Set parameter Threads to value 1
Set parameter Method to value 4
Gurobi Optimizer version 11.0.0 build v11.0.0rc2 (mac64[arm] - Darwin 23.5.0 23F79)

CPU model: Apple M3 Pro
Thread count: 12 physical cores, 12 logical processors, using up to 1 threads

Optimize a model with 851 rows, 201 columns and 2497 nonzeros
Model fingerprint: 0x7d127bb4
Variable types: 135 continuous, 66 integer (66 binary)
Coefficient statistics:
  Matrix range     [1e+00, 1e+00]
  Objective range  [1e+01, 3e+02]
  Bounds range     [1e+00, 1e+00]
  RHS range        [1e+00, 2e+00]
Found heuristic solution: objective 2829.0000000
Presolve removed 136 rows and 37 columns
Presolve time: 0.00s
Presolved: 715 rows, 164 columns, 2061 nonzeros
Variable types: 0 continuous, 164 integer (164 binary)

Root relaxation: objective 0.000000e+00, 79 iterations, 0.00 seconds (0.00 work units)

    Nodes    |    Current Node    |     Objective Bounds      |     Work
 Expl Unexpl |  Obj  Depth IntInf | Incumbent    BestBd   Gap | It/Node Time

     0     0    0.00000    0   61 2829.00000    0.00000   100%     -    0s
H    0     0                    1591.0000000    0.00000   100%     -    0s
H    0     0                    1084.0000000    0.00000   100%     -    0s
H    0     0                    1044.0000000    0.00000   100%     -    0s
     0     0   30.50000    0   85 1044.00000   30.50000  97.1%     -    0s
     0     0  171.88095    0  113 1044.00000  171.88095  83.5%     -    0s
     0     0  232.95119    0  121 1044.00000  232.95119  77.7%     -    0s
     0     0  240.73467    0  120 1044.00000  240.73467  76.9%     -    0s
     0     0  241.25841    0  123 1044.00000  241.25841  76.9%     -    0s
     0     0  241.56373    0  124 1044.00000  241.56373  76.9%     -    0s
     0     0  241.56373    0  124 1044.00000  241.56373  76.9%     -    0s
     0     0  254.33333    0  121 1044.00000  254.33333  75.6%     -    0s
H    0     0                     952.0000000  254.33333  73.3%     -    0s
     0     0  258.94775    0  124  952.00000  258.94775  72.8%     -    0s
     0     0  260.04580    0  127  952.00000  260.04580  72.7%     -    0s
     0     0  260.18719    0  128  952.00000  260.18719  72.7%     -    0s
     0     0  260.43605    0  128  952.00000  260.43605  72.6%     -    0s
     0     0  266.16915    0  130  952.00000  266.16915  72.0%     -    0s
     0     0  268.27838    0  130  952.00000  268.27838  71.8%     -    0s
     0     0  269.51905    0  128  952.00000  269.51905  71.7%     -    0s
     0     0  270.20893    0  131  952.00000  270.20893  71.6%     -    0s
     0     0  270.30816    0  133  952.00000  270.30816  71.6%     -    0s
     0     0  270.31793    0  131  952.00000  270.31793  71.6%     -    0s
     0     0  295.62189    0  124  952.00000  295.62189  68.9%     -    0s
     0     0  296.23310    0  129  952.00000  296.23310  68.9%     -    0s
     0     0  296.35935    0  127  952.00000  296.35935  68.9%     -    0s
     0     0  296.36850    0  128  952.00000  296.36850  68.9%     -    0s
     0     0  297.59826    0  130  952.00000  297.59826  68.7%     -    0s
     0     0  297.82564    0  128  952.00000  297.82564  68.7%     -    0s
     0     0  298.30719    0  128  952.00000  298.30719  68.7%     -    0s
     0     0  298.32000    0  128  952.00000  298.32000  68.7%     -    0s
     0     0  301.65263    0  122  952.00000  301.65263  68.3%     -    0s
H    0     0                     904.0000000  301.65263  66.6%     -    0s
     0     0  301.84375    0  124  904.00000  301.84375  66.6%     -    0s
     0     0  302.19737    0  124  904.00000  302.19737  66.6%     -    0s
     0     0  302.45755    0  124  904.00000  302.45755  66.5%     -    0s
     0     0  302.62500    0  124  904.00000  302.62500  66.5%     -    0s
     0     0  302.65086    0  124  904.00000  302.65086  66.5%     -    0s
     0     0  303.33333    0  129  904.00000  303.33333  66.4%     -    0s
     0     0  305.88165    0  129  904.00000  305.88165  66.2%     -    0s
     0     0  306.19991    0  132  904.00000  306.19991  66.1%     -    0s
     0     0  306.30423    0  132  904.00000  306.30423  66.1%     -    0s
     0     0  306.71991    0  131  904.00000  306.71991  66.1%     -    0s
     0     0  306.73636    0  130  904.00000  306.73636  66.1%     -    0s
     0     0  308.14917    0  129  904.00000  308.14917  65.9%     -    0s
H    0     0                     901.0000000  308.14917  65.8%     -    0s
     0     0  309.30864    0  131  901.00000  309.30864  65.7%     -    0s
     0     0  309.38119    0  130  901.00000  309.38119  65.7%     -    0s
     0     0  309.38384    0  130  901.00000  309.38384  65.7%     -    0s
     0     0  309.39623    0  131  901.00000  309.39623  65.7%     -    0s
     0     0  309.85648    0  129  901.00000  309.85648  65.6%     -    0s
     0     0  309.92440    0  128  901.00000  309.92440  65.6%     -    0s
     0     0  310.11970    0  129  901.00000  310.11970  65.6%     -    0s
     0     0  310.11970    0  126  901.00000  310.11970  65.6%     -    0s
     0     2  310.12236    0  126  901.00000  310.12236  65.6%     -    0s

Cutting planes:
  MIR: 15
  Zero half: 32
  RLT: 31
  BQP: 18

Explored 59 nodes (3195 simplex iterations) in 0.19 seconds (0.23 work units)
Thread count was 1 (of 12 available processors)

Solution count 7: 901 904 952 ... 2829

Optimal solution found (tolerance 1.00e-04)
Best objective 9.010000000000e+02, best bound 9.010000000000e+02, gap 0.0000%
901.0
