Set parameter Username
Academic license - for non-commercial use only - expires 2025-08-28
Set parameter Threads to value 1
Set parameter Method to value 4
Gurobi Optimizer version 11.0.0 build v11.0.0rc2 (mac64[arm] - Darwin 23.5.0 23F79)

CPU model: Apple M3 Pro
Thread count: 12 physical cores, 12 logical processors, using up to 1 threads

Optimize a model with 794 rows, 189 columns and 2330 nonzeros
Model fingerprint: 0x6fda34c2
Variable types: 126 continuous, 63 integer (63 binary)
Coefficient statistics:
  Matrix range     [1e+00, 1e+00]
  Objective range  [1e+01, 3e+02]
  Bounds range     [1e+00, 1e+00]
  RHS range        [1e+00, 2e+00]
Presolve removed 128 rows and 35 columns
Presolve time: 0.00s
Presolved: 666 rows, 154 columns, 1920 nonzeros
Variable types: 0 continuous, 154 integer (154 binary)
Found heuristic solution: objective 2131.0000000
Found heuristic solution: objective 1512.0000000
Found heuristic solution: objective 1483.0000000

Root relaxation: objective 0.000000e+00, 75 iterations, 0.00 seconds (0.00 work units)

    Nodes    |    Current Node    |     Objective Bounds      |     Work
 Expl Unexpl |  Obj  Depth IntInf | Incumbent    BestBd   Gap | It/Node Time

     0     0    0.00000    0   45 1483.00000    0.00000   100%     -    0s
H    0     0                    1026.0000000    0.00000   100%     -    0s
H    0     0                     978.0000000    0.00000   100%     -    0s
     0     0    0.00000    0   67  978.00000    0.00000   100%     -    0s
H    0     0                     842.0000000    0.00000   100%     -    0s
     0     0  130.70000    0   91  842.00000  130.70000  84.5%     -    0s
H    0     0                     835.0000000  130.70000  84.3%     -    0s
     0     0  135.62500    0   96  835.00000  135.62500  83.8%     -    0s
     0     0  137.12821    0   92  835.00000  137.12821  83.6%     -    0s
     0     0  137.23810    0   93  835.00000  137.23810  83.6%     -    0s
     0     0  190.26844    0  109  835.00000  190.26844  77.2%     -    0s
H    0     0                     775.0000000  190.26844  75.4%     -    0s
     0     0  192.34979    0  108  775.00000  192.34979  75.2%     -    0s
     0     0  193.51578    0  110  775.00000  193.51578  75.0%     -    0s
     0     0  193.56952    0  110  775.00000  193.56952  75.0%     -    0s
     0     0  198.79965    0  111  775.00000  198.79965  74.3%     -    0s
     0     0  200.22396    0  112  775.00000  200.22396  74.2%     -    0s
     0     0  200.48564    0  112  775.00000  200.48564  74.1%     -    0s
     0     0  200.61972    0  113  775.00000  200.61972  74.1%     -    0s
     0     0  203.28792    0  114  775.00000  203.28792  73.8%     -    0s
     0     0  203.93396    0  114  775.00000  203.93396  73.7%     -    0s
     0     0  204.75628    0  114  775.00000  204.75628  73.6%     -    0s
     0     0  204.75628    0  116  775.00000  204.75628  73.6%     -    0s
     0     0  205.29463    0  115  775.00000  205.29463  73.5%     -    0s
     0     0  205.30795    0  114  775.00000  205.30795  73.5%     -    0s
     0     0  205.30795    0  112  775.00000  205.30795  73.5%     -    0s
     0     2  206.62362    0  112  775.00000  206.62362  73.3%     -    0s

Cutting planes:
  MIR: 12
  Zero half: 17
  RLT: 21
  BQP: 26

Explored 38 nodes (2074 simplex iterations) in 0.12 seconds (0.14 work units)
Thread count was 1 (of 12 available processors)

Solution count 8: 775 835 842 ... 2131

Optimal solution found (tolerance 1.00e-04)
Best objective 7.750000000000e+02, best bound 7.750000000000e+02, gap 0.0000%
775.0
