Set parameter Username
Academic license - for non-commercial use only - expires 2025-08-28
Set parameter Threads to value 1
Set parameter Method to value 4
Gurobi Optimizer version 11.0.0 build v11.0.0rc2 (mac64[arm] - Darwin 23.5.0 23F79)

CPU model: Apple M3 Pro
Thread count: 12 physical cores, 12 logical processors, using up to 1 threads

Optimize a model with 794 rows, 189 columns and 2330 nonzeros
Model fingerprint: 0x6454943d
Variable types: 126 continuous, 63 integer (63 binary)
Coefficient statistics:
  Matrix range     [1e+00, 1e+00]
  Objective range  [1e+01, 3e+02]
  Bounds range     [1e+00, 1e+00]
  RHS range        [1e+00, 2e+00]
Presolve removed 128 rows and 35 columns
Presolve time: 0.00s
Presolved: 666 rows, 154 columns, 1920 nonzeros
Variable types: 0 continuous, 154 integer (154 binary)
Found heuristic solution: objective 2188.0000000
Found heuristic solution: objective 1568.0000000
Found heuristic solution: objective 1539.0000000

Root relaxation: objective 0.000000e+00, 75 iterations, 0.00 seconds (0.00 work units)

    Nodes    |    Current Node    |     Objective Bounds      |     Work
 Expl Unexpl |  Obj  Depth IntInf | Incumbent    BestBd   Gap | It/Node Time

     0     0    0.00000    0   45 1539.00000    0.00000   100%     -    0s
H    0     0                    1082.0000000    0.00000   100%     -    0s
H    0     0                    1034.0000000    0.00000   100%     -    0s
     0     0    0.00000    0   67 1034.00000    0.00000   100%     -    0s
H    0     0                     898.0000000    0.00000   100%     -    0s
     0     0  136.23419    0   96  898.00000  136.23419  84.8%     -    0s
     0     0  141.38889    0   93  898.00000  141.38889  84.3%     -    0s
     0     0  143.14103    0   91  898.00000  143.14103  84.1%     -    0s
     0     0  143.77381    0   92  898.00000  143.77381  84.0%     -    0s
     0     0  202.04223    0  107  898.00000  202.04223  77.5%     -    0s
     0     0  204.10590    0  107  898.00000  204.10590  77.3%     -    0s
     0     0  204.24969    0  106  898.00000  204.24969  77.3%     -    0s
     0     0  204.43147    0  108  898.00000  204.43147  77.2%     -    0s
     0     0  204.47712    0  108  898.00000  204.47712  77.2%     -    0s
     0     0  215.65618    0  113  898.00000  215.65618  76.0%     -    0s
     0     0  217.28654    0  111  898.00000  217.28654  75.8%     -    0s
     0     0  217.38021    0  116  898.00000  217.38021  75.8%     -    0s
     0     0  217.42448    0  115  898.00000  217.42448  75.8%     -    0s
     0     0  223.48893    0  115  898.00000  223.48893  75.1%     -    0s
     0     0  225.26875    0  117  898.00000  225.26875  74.9%     -    0s
     0     0  225.99036    0  115  898.00000  225.99036  74.8%     -    0s
     0     0  226.01515    0  114  898.00000  226.01515  74.8%     -    0s
     0     0  226.01515    0  116  898.00000  226.01515  74.8%     -    0s
     0     0  226.01515    0  116  898.00000  226.01515  74.8%     -    0s
     0     0  226.01515    0  117  898.00000  226.01515  74.8%     -    0s
     0     0  226.01515    0  114  898.00000  226.01515  74.8%     -    0s
     0     0  226.01515    0  110  898.00000  226.01515  74.8%     -    0s
H    0     0                     886.0000000  226.01515  74.5%     -    0s
     0     2  226.20076    0  110  886.00000  226.20076  74.5%     -    0s
*   17     6               8     882.0000000  422.50000  52.1%  43.4    0s
*   37     8               7     834.0000000  617.00000  26.0%  38.9    0s
*   43     5               8     831.0000000  617.00000  25.8%  35.1    0s

Cutting planes:
  MIR: 13
  Zero half: 44
  RLT: 26
  BQP: 20

Explored 55 nodes (2673 simplex iterations) in 0.15 seconds (0.17 work units)
Thread count was 1 (of 12 available processors)

Solution count 10: 831 834 882 ... 2188

Optimal solution found (tolerance 1.00e-04)
Best objective 8.310000000000e+02, best bound 8.310000000000e+02, gap 0.0000%
831.0
