Set parameter Username
Academic license - for non-commercial use only - expires 2025-08-28
Set parameter Threads to value 1
Set parameter Method to value 4
Gurobi Optimizer version 11.0.0 build v11.0.0rc2 (mac64[arm] - Darwin 23.5.0 23F79)

CPU model: Apple M3 Pro
Thread count: 12 physical cores, 12 logical processors, using up to 1 threads

Optimize a model with 794 rows, 189 columns and 2330 nonzeros
Model fingerprint: 0x6ce56ab2
Variable types: 126 continuous, 63 integer (63 binary)
Coefficient statistics:
  Matrix range     [1e+00, 1e+00]
  Objective range  [1e+01, 3e+02]
  Bounds range     [1e+00, 1e+00]
  RHS range        [1e+00, 2e+00]
Presolve removed 128 rows and 35 columns
Presolve time: 0.00s
Presolved: 666 rows, 154 columns, 1920 nonzeros
Variable types: 0 continuous, 154 integer (154 binary)
Found heuristic solution: objective 2182.0000000
Found heuristic solution: objective 1561.0000000
Found heuristic solution: objective 1532.0000000

Root relaxation: objective 0.000000e+00, 75 iterations, 0.00 seconds (0.00 work units)

    Nodes    |    Current Node    |     Objective Bounds      |     Work
 Expl Unexpl |  Obj  Depth IntInf | Incumbent    BestBd   Gap | It/Node Time

     0     0    0.00000    0   45 1532.00000    0.00000   100%     -    0s
H    0     0                    1075.0000000    0.00000   100%     -    0s
H    0     0                    1027.0000000    0.00000   100%     -    0s
     0     0    0.00000    0   67 1027.00000    0.00000   100%     -    0s
H    0     0                     891.0000000    0.00000   100%     -    0s
     0     0  135.16159    0   96  891.00000  135.16159  84.8%     -    0s
     0     0  140.33333    0   94  891.00000  140.33333  84.2%     -    0s
     0     0  142.33333    0   93  891.00000  142.33333  84.0%     -    0s
     0     0  142.91667    0   94  891.00000  142.91667  84.0%     -    0s
     0     0  200.44966    0  109  891.00000  200.44966  77.5%     -    0s
     0     0  201.63000    0  109  891.00000  201.63000  77.4%     -    0s
     0     0  202.65339    0  107  891.00000  202.65339  77.3%     -    0s
     0     0  202.84765    0  111  891.00000  202.84765  77.2%     -    0s
     0     0  212.53672    0  110  891.00000  212.53672  76.1%     -    0s
     0     0  213.68419    0  113  891.00000  213.68419  76.0%     -    0s
     0     0  214.01199    0  110  891.00000  214.01199  76.0%     -    0s
     0     0  214.04130    0  111  891.00000  214.04130  76.0%     -    0s
     0     0  221.56667    0  112  891.00000  221.56667  75.1%     -    0s
     0     0  223.98606    0  118  891.00000  223.98606  74.9%     -    0s
     0     0  224.14448    0  117  891.00000  224.14448  74.8%     -    0s
     0     0  224.21129    0  119  891.00000  224.21129  74.8%     -    0s
     0     0  226.21207    0  113  891.00000  226.21207  74.6%     -    0s
     0     0  226.96308    0  114  891.00000  226.96308  74.5%     -    0s
     0     0  227.15948    0  117  891.00000  227.15948  74.5%     -    0s
     0     0  227.35752    0  116  891.00000  227.35752  74.5%     -    0s
     0     0  227.38319    0  116  891.00000  227.38319  74.5%     -    0s
     0     0  228.99723    0  116  891.00000  228.99723  74.3%     -    0s
     0     0  229.19752    0  113  891.00000  229.19752  74.3%     -    0s
     0     0  229.25000    0  114  891.00000  229.25000  74.3%     -    0s
     0     0  230.05070    0  117  891.00000  230.05070  74.2%     -    0s
H    0     0                     875.0000000  230.05070  73.7%     -    0s
     0     0  231.20966    0  118  875.00000  231.20966  73.6%     -    0s
     0     0  231.67832    0  118  875.00000  231.67832  73.5%     -    0s
     0     0  241.38143    0  116  875.00000  241.38143  72.4%     -    0s
H    0     0                     827.0000000  241.38143  70.8%     -    0s
     0     0  242.31851    0  118  827.00000  242.31851  70.7%     -    0s
     0     0  242.42060    0  117  827.00000  242.42060  70.7%     -    0s
     0     0  242.43784    0  118  827.00000  242.43784  70.7%     -    0s
     0     0  242.75699    0  113  827.00000  242.75699  70.6%     -    0s
     0     0  243.03846    0  114  827.00000  243.03846  70.6%     -    0s
     0     0  243.65741    0  116  827.00000  243.65741  70.5%     -    0s
     0     0  244.44444    0  116  827.00000  244.44444  70.4%     -    0s
     0     0  244.47917    0  115  827.00000  244.47917  70.4%     -    0s
     0     0  246.21324    0  114  827.00000  246.21324  70.2%     -    0s
     0     0  246.77778    0  116  827.00000  246.77778  70.2%     -    0s
     0     0  246.85156    0  116  827.00000  246.85156  70.2%     -    0s
     0     0  248.77778    0  114  827.00000  248.77778  69.9%     -    0s
     0     0  249.34375    0  112  827.00000  249.34375  69.8%     -    0s
     0     0  249.78772    0  116  827.00000  249.78772  69.8%     -    0s
     0     0  249.88831    0  116  827.00000  249.88831  69.8%     -    0s
     0     0  250.55071    0  116  827.00000  250.55071  69.7%     -    0s
     0     0  251.46716    0  116  827.00000  251.46716  69.6%     -    0s
     0     0  251.54266    0  116  827.00000  251.54266  69.6%     -    0s
     0     0  251.54266    0  116  827.00000  251.54266  69.6%     -    0s
     0     2  251.63955    0  116  827.00000  251.63955  69.6%     -    0s
*   12     8               6     824.0000000  438.50000  46.8%  50.2    0s

Cutting planes:
  MIR: 24
  Zero half: 22
  RLT: 24
  BQP: 20

Explored 47 nodes (2608 simplex iterations) in 0.18 seconds (0.21 work units)
Thread count was 1 (of 12 available processors)

Solution count 9: 824 827 875 ... 2182

Optimal solution found (tolerance 1.00e-04)
Best objective 8.240000000000e+02, best bound 8.240000000000e+02, gap 0.0000%
824.0
