Set parameter Username
Academic license - for non-commercial use only - expires 2025-08-28
Set parameter Threads to value 1
Set parameter Method to value 4
Gurobi Optimizer version 11.0.0 build v11.0.0rc2 (mac64[arm] - Darwin 23.5.0 23F79)

CPU model: Apple M3 Pro
Thread count: 12 physical cores, 12 logical processors, using up to 1 threads

Optimize a model with 794 rows, 189 columns and 2330 nonzeros
Model fingerprint: 0x634fbdc6
Variable types: 126 continuous, 63 integer (63 binary)
Coefficient statistics:
  Matrix range     [1e+00, 1e+00]
  Objective range  [1e+01, 3e+02]
  Bounds range     [1e+00, 1e+00]
  RHS range        [1e+00, 2e+00]
Presolve removed 128 rows and 35 columns
Presolve time: 0.00s
Presolved: 666 rows, 154 columns, 1920 nonzeros
Variable types: 0 continuous, 154 integer (154 binary)
Found heuristic solution: objective 2223.0000000
Found heuristic solution: objective 1603.0000000
Found heuristic solution: objective 1574.0000000

Root relaxation: objective 0.000000e+00, 75 iterations, 0.00 seconds (0.00 work units)

    Nodes    |    Current Node    |     Objective Bounds      |     Work
 Expl Unexpl |  Obj  Depth IntInf | Incumbent    BestBd   Gap | It/Node Time

     0     0    0.00000    0   45 1574.00000    0.00000   100%     -    0s
H    0     0                    1117.0000000    0.00000   100%     -    0s
H    0     0                    1069.0000000    0.00000   100%     -    0s
     0     0    0.00000    0   67 1069.00000    0.00000   100%     -    0s
H    0     0                     933.0000000    0.00000   100%     -    0s
     0     0  139.78025    0   96  933.00000  139.78025  85.0%     -    0s
     0     0  145.55556    0   93  933.00000  145.55556  84.4%     -    0s
     0     0  147.17949    0   91  933.00000  147.17949  84.2%     -    0s
     0     0  147.88095    0   92  933.00000  147.88095  84.1%     -    0s
     0     0  206.63043    0  106  933.00000  206.63043  77.9%     -    0s
     0     0  206.88694    0  108  933.00000  206.88694  77.8%     -    0s
     0     0  207.06895    0  109  933.00000  207.06895  77.8%     -    0s
     0     0  207.07283    0  107  933.00000  207.07283  77.8%     -    0s
     0     0  218.28381    0  108  933.00000  218.28381  76.6%     -    0s
H    0     0                     866.0000000  218.28381  74.8%     -    0s
     0     0  221.36039    0  111  866.00000  221.36039  74.4%     -    0s
     0     0  222.41406    0  113  866.00000  222.41406  74.3%     -    0s
     0     0  222.52703    0  113  866.00000  222.52703  74.3%     -    0s
     0     0  222.55314    0  113  866.00000  222.55314  74.3%     -    0s
     0     0  225.90969    0  115  866.00000  225.90969  73.9%     -    0s
     0     0  226.51810    0  115  866.00000  226.51810  73.8%     -    0s
     0     0  227.20610    0  114  866.00000  227.20610  73.8%     -    0s
     0     0  227.66974    0  113  866.00000  227.66974  73.7%     -    0s
     0     0  227.74687    0  115  866.00000  227.74687  73.7%     -    0s
     0     0  229.11298    0  115  866.00000  229.11298  73.5%     -    0s
     0     0  229.28425    0  115  866.00000  229.28425  73.5%     -    0s
     0     0  229.28425    0  112  866.00000  229.28425  73.5%     -    0s
     0     2  235.18450    0  112  866.00000  235.18450  72.8%     -    0s

Cutting planes:
  MIR: 11
  Zero half: 19
  RLT: 20
  BQP: 19

Explored 49 nodes (2226 simplex iterations) in 0.13 seconds (0.15 work units)
Thread count was 1 (of 12 available processors)

Solution count 7: 866 933 1069 ... 2223

Optimal solution found (tolerance 1.00e-04)
Best objective 8.660000000000e+02, best bound 8.660000000000e+02, gap 0.0000%
866.0
