Set parameter Username
Academic license - for non-commercial use only - expires 2025-08-28
Set parameter Threads to value 1
Set parameter Method to value 4
Gurobi Optimizer version 11.0.0 build v11.0.0rc2 (mac64[arm] - Darwin 23.5.0 23F79)

CPU model: Apple M3 Pro
Thread count: 12 physical cores, 12 logical processors, using up to 1 threads

Optimize a model with 851 rows, 201 columns and 2497 nonzeros
Model fingerprint: 0x59601aa7
Variable types: 135 continuous, 66 integer (66 binary)
Coefficient statistics:
  Matrix range     [1e+00, 1e+00]
  Objective range  [1e+01, 3e+02]
  Bounds range     [1e+00, 1e+00]
  RHS range        [1e+00, 2e+00]
Found heuristic solution: objective 2808.0000000
Presolve removed 136 rows and 37 columns
Presolve time: 0.00s
Presolved: 715 rows, 164 columns, 2061 nonzeros
Variable types: 0 continuous, 164 integer (164 binary)

Root relaxation: objective 0.000000e+00, 79 iterations, 0.00 seconds (0.00 work units)

    Nodes    |    Current Node    |     Objective Bounds      |     Work
 Expl Unexpl |  Obj  Depth IntInf | Incumbent    BestBd   Gap | It/Node Time

     0     0    0.00000    0   61 2808.00000    0.00000   100%     -    0s
H    0     0                    1573.0000000    0.00000   100%     -    0s
H    0     0                    1075.0000000    0.00000   100%     -    0s
H    0     0                    1035.0000000    0.00000   100%     -    0s
     0     0   30.25000    0   85 1035.00000   30.25000  97.1%     -    0s
     0     0  168.86310    0  113 1035.00000  168.86310  83.7%     -    0s
     0     0  229.11905    0  115 1035.00000  229.11905  77.9%     -    0s
     0     0  235.17130    0  122 1035.00000  235.17130  77.3%     -    0s
     0     0  236.08389    0  121 1035.00000  236.08389  77.2%     -    0s
     0     0  247.44241    0  126 1035.00000  247.44241  76.1%     -    0s
     0     0  252.45461    0  125 1035.00000  252.45461  75.6%     -    0s
     0     0  256.68425    0  128 1035.00000  256.68425  75.2%     -    0s
     0     0  257.61798    0  126 1035.00000  257.61798  75.1%     -    0s
     0     0  257.65430    0  123 1035.00000  257.65430  75.1%     -    0s
     0     0  260.06062    0  129 1035.00000  260.06062  74.9%     -    0s
     0     0  261.77424    0  127 1035.00000  261.77424  74.7%     -    0s
     0     0  262.10529    0  128 1035.00000  262.10529  74.7%     -    0s
     0     0  262.29008    0  128 1035.00000  262.29008  74.7%     -    0s
     0     0  263.57793    0  128 1035.00000  263.57793  74.5%     -    0s
     0     0  264.89754    0  128 1035.00000  264.89754  74.4%     -    0s
     0     0  265.21711    0  128 1035.00000  265.21711  74.4%     -    0s
     0     0  266.00676    0  127 1035.00000  266.00676  74.3%     -    0s
     0     0  266.24509    0  127 1035.00000  266.24509  74.3%     -    0s
     0     0  266.54521    0  128 1035.00000  266.54521  74.2%     -    0s
     0     0  266.62871    0  128 1035.00000  266.62871  74.2%     -    0s
     0     0  266.73914    0  128 1035.00000  266.73914  74.2%     -    0s
     0     0  266.73914    0  126 1035.00000  266.73914  74.2%     -    0s
H    0     0                    1029.0000000  266.73914  74.1%     -    0s
     0     2  268.73914    0  123 1029.00000  268.73914  73.9%     -    0s
*   16     8               7    1025.0000000  433.00000  57.8%  52.9    0s
H   29     7                     996.0000000  435.00000  56.3%  44.1    0s
*   52    12               7     880.0000000  662.00000  24.8%  36.7    0s

Cutting planes:
  Gomory: 1
  MIR: 6
  Inf proof: 2
  Zero half: 39
  RLT: 33
  BQP: 19

Explored 82 nodes (3488 simplex iterations) in 0.15 seconds (0.20 work units)
Thread count was 1 (of 12 available processors)

Solution count 8: 880 996 1025 ... 2808

Optimal solution found (tolerance 1.00e-04)
Best objective 8.800000000000e+02, best bound 8.800000000000e+02, gap 0.0000%
880.0
