Set parameter Username
Academic license - for non-commercial use only - expires 2025-08-28
Set parameter Threads to value 1
Set parameter Method to value 4
Gurobi Optimizer version 11.0.0 build v11.0.0rc2 (mac64[arm] - Darwin 23.5.0 23F79)

CPU model: Apple M3 Pro
Thread count: 12 physical cores, 12 logical processors, using up to 1 threads

Optimize a model with 794 rows, 189 columns and 2330 nonzeros
Model fingerprint: 0x564dca4c
Variable types: 126 continuous, 63 integer (63 binary)
Coefficient statistics:
  Matrix range     [1e+00, 1e+00]
  Objective range  [1e+01, 3e+02]
  Bounds range     [1e+00, 1e+00]
  RHS range        [1e+00, 2e+00]
Presolve removed 128 rows and 35 columns
Presolve time: 0.00s
Presolved: 666 rows, 154 columns, 1920 nonzeros
Variable types: 0 continuous, 154 integer (154 binary)
Found heuristic solution: objective 2214.0000000
Found heuristic solution: objective 1595.0000000
Found heuristic solution: objective 1565.0000000

Root relaxation: objective 0.000000e+00, 75 iterations, 0.00 seconds (0.00 work units)

    Nodes    |    Current Node    |     Objective Bounds      |     Work
 Expl Unexpl |  Obj  Depth IntInf | Incumbent    BestBd   Gap | It/Node Time

     0     0    0.00000    0   45 1565.00000    0.00000   100%     -    0s
H    0     0                    1110.0000000    0.00000   100%     -    0s
H    0     0                    1062.0000000    0.00000   100%     -    0s
     0     0    0.00000    0   67 1062.00000    0.00000   100%     -    0s
H    0     0                     926.0000000    0.00000   100%     -    0s
     0     0  138.70701    0   96  926.00000  138.70701  85.0%     -    0s
     0     0  144.50000    0   93  926.00000  144.50000  84.4%     -    0s
     0     0  146.37179    0   91  926.00000  146.37179  84.2%     -    0s
     0     0  147.02381    0   92  926.00000  147.02381  84.1%     -    0s
     0     0  207.92066    0  106  926.00000  207.92066  77.5%     -    0s
     0     0  209.34614    0  105  926.00000  209.34614  77.4%     -    0s
     0     0  209.86830    0  105  926.00000  209.86830  77.3%     -    0s
     0     0  209.86830    0  107  926.00000  209.86830  77.3%     -    0s
     0     0  221.68142    0  116  926.00000  221.68142  76.1%     -    0s
H    0     0                     910.0000000  221.68142  75.6%     -    0s
H    0     0                     862.0000000  221.68142  74.3%     -    0s
     0     0  222.70752    0  115  862.00000  222.70752  74.2%     -    0s
     0     0  223.15972    0  113  862.00000  223.15972  74.1%     -    0s
     0     0  223.18056    0  114  862.00000  223.18056  74.1%     -    0s
     0     0  230.20192    0  113  862.00000  230.20192  73.3%     -    0s
     0     0  230.64940    0  112  862.00000  230.64940  73.2%     -    0s
     0     0  231.93633    0  113  862.00000  231.93633  73.1%     -    0s
     0     0  231.99500    0  112  862.00000  231.99500  73.1%     -    0s
     0     0  233.69749    0  117  862.00000  233.69749  72.9%     -    0s
     0     0  234.14665    0  115  862.00000  234.14665  72.8%     -    0s
     0     0  234.15734    0  113  862.00000  234.15734  72.8%     -    0s
     0     0  234.18229    0  116  862.00000  234.18229  72.8%     -    0s
     0     0  234.18229    0  118  862.00000  234.18229  72.8%     -    0s
     0     0  234.27127    0  116  862.00000  234.27127  72.8%     -    0s
     0     0  234.27127    0  114  862.00000  234.27127  72.8%     -    0s
     0     2  235.83377    0  114  862.00000  235.83377  72.6%     -    0s
*   37     6               8     859.0000000  516.00000  39.9%  33.9    0s

Cutting planes:
  MIR: 16
  Zero half: 33
  RLT: 25
  BQP: 21

Explored 51 nodes (2448 simplex iterations) in 0.15 seconds (0.16 work units)
Thread count was 1 (of 12 available processors)

Solution count 9: 859 862 910 ... 2214

Optimal solution found (tolerance 1.00e-04)
Best objective 8.590000000000e+02, best bound 8.590000000000e+02, gap 0.0000%
859.0
