Set parameter Username
Academic license - for non-commercial use only - expires 2025-08-28
Set parameter Threads to value 1
Set parameter Method to value 4
Gurobi Optimizer version 11.0.0 build v11.0.0rc2 (mac64[arm] - Darwin 23.5.0 23F79)

CPU model: Apple M3 Pro
Thread count: 12 physical cores, 12 logical processors, using up to 1 threads

Optimize a model with 851 rows, 201 columns and 2497 nonzeros
Model fingerprint: 0xdba296fa
Variable types: 135 continuous, 66 integer (66 binary)
Coefficient statistics:
  Matrix range     [1e+00, 1e+00]
  Objective range  [1e+01, 3e+02]
  Bounds range     [1e+00, 1e+00]
  RHS range        [1e+00, 2e+00]
Found heuristic solution: objective 2822.0000000
Presolve removed 136 rows and 37 columns
Presolve time: 0.00s
Presolved: 715 rows, 164 columns, 2061 nonzeros
Variable types: 0 continuous, 164 integer (164 binary)

Root relaxation: objective 0.000000e+00, 79 iterations, 0.00 seconds (0.00 work units)

    Nodes    |    Current Node    |     Objective Bounds      |     Work
 Expl Unexpl |  Obj  Depth IntInf | Incumbent    BestBd   Gap | It/Node Time

     0     0    0.00000    0   61 2822.00000    0.00000   100%     -    0s
H    0     0                    1585.0000000    0.00000   100%     -    0s
H    0     0                    1085.0000000    0.00000   100%     -    0s
H    0     0                    1041.0000000    0.00000   100%     -    0s
     0     0   30.11111    0   82 1041.00000   30.11111  97.1%     -    0s
     0     0  161.74031    0  111 1041.00000  161.74031  84.5%     -    0s
     0     0  167.93337    0  111 1041.00000  167.93337  83.9%     -    0s
     0     0  170.65116    0  115 1041.00000  170.65116  83.6%     -    0s
     0     0  230.59639    0  119 1041.00000  230.59639  77.8%     -    0s
     0     0  241.35965    0  117 1041.00000  241.35965  76.8%     -    0s
     0     0  243.60159    0  120 1041.00000  243.60159  76.6%     -    0s
     0     0  244.06667    0  121 1041.00000  244.06667  76.6%     -    0s
     0     0  244.32813    0  121 1041.00000  244.32813  76.5%     -    0s
     0     0  244.38400    0  120 1041.00000  244.38400  76.5%     -    0s
     0     0  259.45821    0  120 1041.00000  259.45821  75.1%     -    0s
     0     0  266.94554    0  120 1041.00000  266.94554  74.4%     -    0s
     0     0  268.96538    0  125 1041.00000  268.96538  74.2%     -    0s
     0     0  269.19355    0  123 1041.00000  269.19355  74.1%     -    0s
     0     0  269.37500    0  121 1041.00000  269.37500  74.1%     -    0s
     0     0  272.64063    0  124 1041.00000  272.64063  73.8%     -    0s
     0     0  273.68625    0  124 1041.00000  273.68625  73.7%     -    0s
     0     0  273.93750    0  125 1041.00000  273.93750  73.7%     -    0s
     0     0  274.11000    0  124 1041.00000  274.11000  73.7%     -    0s
     0     0  274.16000    0  124 1041.00000  274.16000  73.7%     -    0s
     0     0  274.33217    0  125 1041.00000  274.33217  73.6%     -    0s
H    0     0                    1039.0000000  274.33217  73.6%     -    0s
     0     0  274.54407    0  125 1039.00000  274.54407  73.6%     -    0s
     0     0  274.54453    0  125 1039.00000  274.54453  73.6%     -    0s
     0     0  277.97308    0  126 1039.00000  277.97308  73.2%     -    0s
     0     0  278.82258    0  125 1039.00000  278.82258  73.2%     -    0s
     0     0  278.90708    0  126 1039.00000  278.90708  73.2%     -    0s
     0     0  283.59615    0  130 1039.00000  283.59615  72.7%     -    0s
     0     0  286.21251    0  128 1039.00000  286.21251  72.5%     -    0s
     0     0  287.24658    0  129 1039.00000  287.24658  72.4%     -    0s
     0     0  288.05088    0  127 1039.00000  288.05088  72.3%     -    0s
     0     0  288.13647    0  130 1039.00000  288.13647  72.3%     -    0s
     0     0  288.54601    0  128 1039.00000  288.54601  72.2%     -    0s
     0     0  288.85052    0  129 1039.00000  288.85052  72.2%     -    0s
     0     0  288.86364    0  129 1039.00000  288.86364  72.2%     -    0s
     0     0  288.86364    0  129 1039.00000  288.86364  72.2%     -    0s
     0     0  288.86364    0  128 1039.00000  288.86364  72.2%     -    0s
     0     0  288.86364    0  128 1039.00000  288.86364  72.2%     -    0s
     0     2  289.16667    0  128 1039.00000  289.16667  72.2%     -    0s
*   17     9               9    1033.0000000  451.25000  56.3%  49.0    0s
*   21     7               9    1009.0000000  451.25000  55.3%  40.4    0s
*   61     7               7     894.0000000  652.50000  27.0%  33.6    0s

Cutting planes:
  MIR: 24
  Zero half: 49
  RLT: 28
  BQP: 14

Explored 90 nodes (3757 simplex iterations) in 0.18 seconds (0.23 work units)
Thread count was 1 (of 12 available processors)

Solution count 8: 894 1009 1033 ... 2822

Optimal solution found (tolerance 1.00e-04)
Best objective 8.940000000000e+02, best bound 8.940000000000e+02, gap 0.0000%
894.0
