Set parameter Username
Academic license - for non-commercial use only - expires 2025-08-28
Set parameter Threads to value 1
Set parameter Method to value 4
Gurobi Optimizer version 11.0.0 build v11.0.0rc2 (mac64[arm] - Darwin 23.5.0 23F79)

CPU model: Apple M3 Pro
Thread count: 12 physical cores, 12 logical processors, using up to 1 threads

Optimize a model with 794 rows, 189 columns and 2330 nonzeros
Model fingerprint: 0x5eab2e24
Variable types: 126 continuous, 63 integer (63 binary)
Coefficient statistics:
  Matrix range     [1e+00, 1e+00]
  Objective range  [1e+01, 3e+02]
  Bounds range     [1e+00, 1e+00]
  RHS range        [1e+00, 2e+00]
Presolve removed 128 rows and 35 columns
Presolve time: 0.00s
Presolved: 666 rows, 154 columns, 1920 nonzeros
Variable types: 0 continuous, 154 integer (154 binary)
Found heuristic solution: objective 2145.0000000
Found heuristic solution: objective 1526.0000000
Found heuristic solution: objective 1497.0000000

Root relaxation: objective 0.000000e+00, 75 iterations, 0.00 seconds (0.00 work units)

    Nodes    |    Current Node    |     Objective Bounds      |     Work
 Expl Unexpl |  Obj  Depth IntInf | Incumbent    BestBd   Gap | It/Node Time

     0     0    0.00000    0   45 1497.00000    0.00000   100%     -    0s
H    0     0                    1040.0000000    0.00000   100%     -    0s
H    0     0                     992.0000000    0.00000   100%     -    0s
     0     0    0.00000    0   67  992.00000    0.00000   100%     -    0s
H    0     0                     856.0000000    0.00000   100%     -    0s
     0     0  132.30123    0   98  856.00000  132.30123  84.5%     -    0s
     0     0  137.05556    0   92  856.00000  137.05556  84.0%     -    0s
     0     0  138.74359    0   94  856.00000  138.74359  83.8%     -    0s
     0     0  138.88095    0   94  856.00000  138.88095  83.8%     -    0s
     0     0  199.66667    0   85  856.00000  199.66667  76.7%     -    0s
H    0     0                     849.0000000  199.66667  76.5%     -    0s
     0     0  201.55072    0  104  849.00000  201.55072  76.3%     -    0s
     0     0  203.76944    0  109  849.00000  203.76944  76.0%     -    0s
     0     0  206.04167    0  108  849.00000  206.04167  75.7%     -    0s
     0     0  206.27586    0  109  849.00000  206.27586  75.7%     -    0s
     0     0  206.32394    0  110  849.00000  206.32394  75.7%     -    0s
     0     0  223.17746    0  112  849.00000  223.17746  73.7%     -    0s
H    0     0                     789.0000000  223.17746  71.7%     -    0s
     0     0  224.21078    0  113  789.00000  224.21078  71.6%     -    0s
     0     0  224.83895    0  113  789.00000  224.83895  71.5%     -    0s
     0     0  230.90009    0  120  789.00000  230.90009  70.7%     -    0s
     0     0  231.57372    0  119  789.00000  231.57372  70.6%     -    0s
     0     0  231.88522    0  121  789.00000  231.88522  70.6%     -    0s
     0     0  231.93845    0  119  789.00000  231.93845  70.6%     -    0s
     0     0  239.16354    0  121  789.00000  239.16354  69.7%     -    0s
     0     0  239.22593    0  119  789.00000  239.22593  69.7%     -    0s
     0     0  239.22593    0  119  789.00000  239.22593  69.7%     -    0s
     0     0  241.75371    0  120  789.00000  241.75371  69.4%     -    0s
     0     0  242.60049    0  118  789.00000  242.60049  69.3%     -    0s
     0     0  242.60049    0  118  789.00000  242.60049  69.3%     -    0s
     0     0  243.52841    0  119  789.00000  243.52841  69.1%     -    0s
     0     0  244.18221    0  120  789.00000  244.18221  69.1%     -    0s
     0     0  244.18798    0  120  789.00000  244.18798  69.1%     -    0s
     0     0  244.19928    0  120  789.00000  244.19928  69.0%     -    0s
     0     0  244.19928    0  116  789.00000  244.19928  69.0%     -    0s
     0     2  244.19928    0  116  789.00000  244.19928  69.0%     -    0s

Cutting planes:
  MIR: 21
  Zero half: 19
  RLT: 22
  BQP: 17

Explored 48 nodes (2338 simplex iterations) in 0.15 seconds (0.18 work units)
Thread count was 1 (of 12 available processors)

Solution count 8: 789 849 856 ... 2145

Optimal solution found (tolerance 1.00e-04)
Best objective 7.890000000000e+02, best bound 7.890000000000e+02, gap 0.0000%
789.0
