Set parameter Username
Academic license - for non-commercial use only - expires 2025-08-28
Set parameter Threads to value 1
Set parameter Method to value 4
Gurobi Optimizer version 11.0.0 build v11.0.0rc2 (mac64[arm] - Darwin 23.5.0 23F79)

CPU model: Apple M3 Pro
Thread count: 12 physical cores, 12 logical processors, using up to 1 threads

Optimize a model with 794 rows, 189 columns and 2330 nonzeros
Model fingerprint: 0xc3ffa3cb
Variable types: 126 continuous, 63 integer (63 binary)
Coefficient statistics:
  Matrix range     [1e+00, 1e+00]
  Objective range  [1e+01, 3e+02]
  Bounds range     [1e+00, 1e+00]
  RHS range        [1e+00, 2e+00]
Presolve removed 128 rows and 35 columns
Presolve time: 0.00s
Presolved: 666 rows, 154 columns, 1920 nonzeros
Variable types: 0 continuous, 154 integer (154 binary)
Found heuristic solution: objective 2196.0000000
Found heuristic solution: objective 1575.0000000
Found heuristic solution: objective 1546.0000000

Root relaxation: objective 0.000000e+00, 75 iterations, 0.00 seconds (0.00 work units)

    Nodes    |    Current Node    |     Objective Bounds      |     Work
 Expl Unexpl |  Obj  Depth IntInf | Incumbent    BestBd   Gap | It/Node Time

     0     0    0.00000    0   45 1546.00000    0.00000   100%     -    0s
H    0     0                    1089.0000000    0.00000   100%     -    0s
H    0     0                    1041.0000000    0.00000   100%     -    0s
     0     0    0.00000    0   67 1041.00000    0.00000   100%     -    0s
H    0     0                     905.0000000    0.00000   100%     -    0s
     0     0  136.58080    0   96  905.00000  136.58080  84.9%     -    0s
     0     0  142.00000    0   93  905.00000  142.00000  84.3%     -    0s
     0     0  143.94872    0   91  905.00000  143.94872  84.1%     -    0s
     0     0  144.55952    0   92  905.00000  144.55952  84.0%     -    0s
     0     0  204.00494    0  109  905.00000  204.00494  77.5%     -    0s
H    0     0                     841.0000000  204.00494  75.7%     -    0s
     0     0  205.90179    0  109  841.00000  205.90179  75.5%     -    0s
     0     0  206.40291    0  109  841.00000  206.40291  75.5%     -    0s
     0     0  206.49415    0  110  841.00000  206.49415  75.4%     -    0s
     0     0  206.50000    0  110  841.00000  206.50000  75.4%     -    0s
     0     0  213.67456    0  110  841.00000  213.67456  74.6%     -    0s
     0     0  214.81122    0  111  841.00000  214.81122  74.5%     -    0s
     0     0  215.03672    0  113  841.00000  215.03672  74.4%     -    0s
     0     0  215.10000    0  109  841.00000  215.10000  74.4%     -    0s
     0     0  215.35994    0  110  841.00000  215.35994  74.4%     -    0s
     0     0  215.45509    0  111  841.00000  215.45509  74.4%     -    0s
     0     0  218.22176    0  111  841.00000  218.22176  74.1%     -    0s
     0     0  220.31385    0  116  841.00000  220.31385  73.8%     -    0s
     0     0  222.69972    0  112  841.00000  222.69972  73.5%     -    0s
     0     0  222.87218    0  117  841.00000  222.87218  73.5%     -    0s
     0     0  222.93980    0  116  841.00000  222.93980  73.5%     -    0s
     0     0  222.94603    0  117  841.00000  222.94603  73.5%     -    0s
     0     0  224.19315    0  118  841.00000  224.19315  73.3%     -    0s
     0     0  224.45328    0  117  841.00000  224.45328  73.3%     -    0s
     0     0  224.47959    0  115  841.00000  224.47959  73.3%     -    0s
     0     0  224.54180    0  118  841.00000  224.54180  73.3%     -    0s
     0     0  224.54180    0  118  841.00000  224.54180  73.3%     -    0s
     0     0  224.54180    0  111  841.00000  224.54180  73.3%     -    0s
     0     2  226.58514    0  111  841.00000  226.58514  73.1%     -    0s
*   25     7               8     838.0000000  423.15000  49.5%  37.9    0s

Cutting planes:
  MIR: 9
  Zero half: 21
  RLT: 24
  BQP: 19

Explored 50 nodes (2435 simplex iterations) in 0.14 seconds (0.16 work units)
Thread count was 1 (of 12 available processors)

Solution count 8: 838 841 905 ... 2196

Optimal solution found (tolerance 1.00e-04)
Best objective 8.380000000000e+02, best bound 8.380000000000e+02, gap 0.0000%
838.0
