Set parameter Username
Academic license - for non-commercial use only - expires 2025-08-28
Set parameter Threads to value 1
Set parameter Method to value 4
Gurobi Optimizer version 11.0.0 build v11.0.0rc2 (mac64[arm] - Darwin 23.5.0 23F79)

CPU model: Apple M3 Pro
Thread count: 12 physical cores, 12 logical processors, using up to 1 threads

Optimize a model with 794 rows, 189 columns and 2330 nonzeros
Model fingerprint: 0x20d31119
Variable types: 126 continuous, 63 integer (63 binary)
Coefficient statistics:
  Matrix range     [1e+00, 1e+00]
  Objective range  [1e+01, 3e+02]
  Bounds range     [1e+00, 1e+00]
  RHS range        [1e+00, 2e+00]
Presolve removed 128 rows and 35 columns
Presolve time: 0.00s
Presolved: 666 rows, 154 columns, 1920 nonzeros
Variable types: 0 continuous, 154 integer (154 binary)
Found heuristic solution: objective 2216.0000000
Found heuristic solution: objective 1596.0000000
Found heuristic solution: objective 1567.0000000

Root relaxation: objective 0.000000e+00, 75 iterations, 0.00 seconds (0.00 work units)

    Nodes    |    Current Node    |     Objective Bounds      |     Work
 Expl Unexpl |  Obj  Depth IntInf | Incumbent    BestBd   Gap | It/Node Time

     0     0    0.00000    0   45 1567.00000    0.00000   100%     -    0s
H    0     0                    1110.0000000    0.00000   100%     -    0s
H    0     0                    1062.0000000    0.00000   100%     -    0s
     0     0    0.00000    0   67 1062.00000    0.00000   100%     -    0s
H    0     0                     926.0000000    0.00000   100%     -    0s
     0     0  139.07166    0   96  926.00000  139.07166  85.0%     -    0s
     0     0  144.72222    0   93  926.00000  144.72222  84.4%     -    0s
     0     0  146.37179    0   91  926.00000  146.37179  84.2%     -    0s
     0     0  147.05952    0   92  926.00000  147.05952  84.1%     -    0s
     0     0  216.10240    0  112  926.00000  216.10240  76.7%     -    0s
     0     0  216.99156    0  114  926.00000  216.99156  76.6%     -    0s
     0     0  217.37670    0  113  926.00000  217.37670  76.5%     -    0s
     0     0  217.58837    0  111  926.00000  217.58837  76.5%     -    0s
     0     0  217.73214    0  112  926.00000  217.73214  76.5%     -    0s
     0     0  234.37444    0  124  926.00000  234.37444  74.7%     -    0s
H    0     0                     919.0000000  234.37444  74.5%     -    0s
     0     0  235.78731    0  117  919.00000  235.78731  74.3%     -    0s
     0     0  236.57895    0  117  919.00000  236.57895  74.3%     -    0s
     0     0  237.19284    0  120  919.00000  237.19284  74.2%     -    0s
     0     0  237.25000    0  117  919.00000  237.25000  74.2%     -    0s
     0     0  242.74255    0  124  919.00000  242.74255  73.6%     -    0s
H    0     0                     859.0000000  242.74255  71.7%     -    0s
     0     0  244.71762    0  124  859.00000  244.71762  71.5%     -    0s
     0     0  244.91379    0  118  859.00000  244.91379  71.5%     -    0s
     0     0  245.04761    0  122  859.00000  245.04761  71.5%     -    0s
     0     0  245.08929    0  121  859.00000  245.08929  71.5%     -    0s
     0     0  246.17643    0  122  859.00000  246.17643  71.3%     -    0s
     0     0  247.73559    0  118  859.00000  247.73559  71.2%     -    0s
     0     0  248.21881    0  123  859.00000  248.21881  71.1%     -    0s
     0     0  248.26692    0  123  859.00000  248.26692  71.1%     -    0s
     0     0  249.38687    0  120  859.00000  249.38687  71.0%     -    0s
     0     0  250.36917    0  122  859.00000  250.36917  70.9%     -    0s
     0     0  250.65193    0  122  859.00000  250.65193  70.8%     -    0s
     0     0  252.27660    0  121  859.00000  252.27660  70.6%     -    0s
     0     0  253.69318    0  121  859.00000  253.69318  70.5%     -    0s
     0     0  253.76087    0  119  859.00000  253.76087  70.5%     -    0s
     0     0  253.80488    0  121  859.00000  253.80488  70.5%     -    0s
     0     0  253.84802    0  128  859.00000  253.84802  70.4%     -    0s
     0     0  257.14107    0  120  859.00000  257.14107  70.1%     -    0s
     0     0  257.21970    0  122  859.00000  257.21970  70.1%     -    0s
     0     0  258.50321    0  114  859.00000  258.50321  69.9%     -    0s
     0     0  259.25000    0  116  859.00000  259.25000  69.8%     -    0s
     0     0  259.28614    0  123  859.00000  259.28614  69.8%     -    0s
     0     0  260.42500    0  119  859.00000  260.42500  69.7%     -    0s
     0     0  260.63542    0  121  859.00000  260.63542  69.7%     -    0s
     0     0  260.75610    0  122  859.00000  260.75610  69.6%     -    0s
     0     0  260.76829    0  123  859.00000  260.76829  69.6%     -    0s
     0     0  260.76829    0  123  859.00000  260.76829  69.6%     -    0s
     0     0  260.76829    0  122  859.00000  260.76829  69.6%     -    0s
     0     2  262.43902    0  118  859.00000  262.43902  69.4%     -    0s

Cutting planes:
  MIR: 33
  Zero half: 21
  RLT: 21
  BQP: 17

Explored 60 nodes (2932 simplex iterations) in 0.22 seconds (0.22 work units)
Thread count was 1 (of 12 available processors)

Solution count 8: 859 919 926 ... 2216

Optimal solution found (tolerance 1.00e-04)
Best objective 8.590000000000e+02, best bound 8.590000000000e+02, gap 0.0000%
859.0
