Set parameter Username
Academic license - for non-commercial use only - expires 2025-08-28
Set parameter Threads to value 1
Set parameter Method to value 4
Gurobi Optimizer version 11.0.0 build v11.0.0rc2 (mac64[arm] - Darwin 23.5.0 23F79)

CPU model: Apple M3 Pro
Thread count: 12 physical cores, 12 logical processors, using up to 1 threads

Optimize a model with 1118 rows, 224 columns and 3314 nonzeros
Model fingerprint: 0x726890d8
Variable types: 140 continuous, 84 integer (84 binary)
Coefficient statistics:
  Matrix range     [1e+00, 1e+00]
  Objective range  [1e+01, 3e+02]
  Bounds range     [1e+00, 1e+00]
  RHS range        [1e+00, 2e+00]
Presolve removed 178 rows and 40 columns
Presolve time: 0.00s
Presolved: 940 rows, 184 columns, 2728 nonzeros
Variable types: 0 continuous, 184 integer (184 binary)
Found heuristic solution: objective 2348.0000000
Found heuristic solution: objective 1339.0000000
Found heuristic solution: objective 1022.0000000

Root relaxation: objective 0.000000e+00, 88 iterations, 0.00 seconds (0.00 work units)

    Nodes    |    Current Node    |     Objective Bounds      |     Work
 Expl Unexpl |  Obj  Depth IntInf | Incumbent    BestBd   Gap | It/Node Time

     0     0    0.00000    0   42 1022.00000    0.00000   100%     -    0s
H    0     0                    1003.0000000    0.00000   100%     -    0s
H    0     0                     946.0000000    0.00000   100%     -    0s
     0     0    0.00000    0   74  946.00000    0.00000   100%     -    0s
H    0     0                     925.0000000    0.00000   100%     -    0s
     0     0    0.00000    0   48  925.00000    0.00000   100%     -    0s
     0     0    1.50000    0   71  925.00000    1.50000   100%     -    0s
     0     0   29.17273    0   94  925.00000   29.17273  96.8%     -    0s
     0     0   36.33333    0   79  925.00000   36.33333  96.1%     -    0s
     0     0   37.66667    0   76  925.00000   37.66667  95.9%     -    0s
     0     0   53.52928    0  108  925.00000   53.52928  94.2%     -    0s
     0     0   56.23241    0  103  925.00000   56.23241  93.9%     -    0s
     0     0   56.40012    0  114  925.00000   56.40012  93.9%     -    0s
     0     0   56.78374    0  115  925.00000   56.78374  93.9%     -    0s
     0     0   57.08379    0  116  925.00000   57.08379  93.8%     -    0s
     0     0   57.29430    0  115  925.00000   57.29430  93.8%     -    0s
     0     0   57.34618    0  114  925.00000   57.34618  93.8%     -    0s
     0     0   57.34993    0  115  925.00000   57.34993  93.8%     -    0s
     0     0   61.97730    0  111  925.00000   61.97730  93.3%     -    0s
H    0     0                     832.0000000   61.97730  92.6%     -    0s
H    0     0                     796.0000000   61.97730  92.2%     -    0s
     0     0   62.55556    0   87  796.00000   62.55556  92.1%     -    0s
     0     0   62.66117    0  107  796.00000   62.66117  92.1%     -    0s
     0     0   63.08591    0  114  796.00000   63.08591  92.1%     -    0s
     0     0   63.18886    0  111  796.00000   63.18886  92.1%     -    0s
     0     0   63.27928    0  114  796.00000   63.27928  92.1%     -    0s
     0     0   63.30936    0  115  796.00000   63.30936  92.0%     -    0s
     0     0   63.32795    0  116  796.00000   63.32795  92.0%     -    0s
     0     0   63.32914    0  116  796.00000   63.32914  92.0%     -    0s
     0     0   63.66700    0  112  796.00000   63.66700  92.0%     -    0s
     0     0   63.94497    0  115  796.00000   63.94497  92.0%     -    0s
     0     0   64.03639    0  114  796.00000   64.03639  92.0%     -    0s
     0     0   64.05287    0  114  796.00000   64.05287  92.0%     -    0s
     0     0   64.26938    0  115  796.00000   64.26938  91.9%     -    0s
     0     0   64.31203    0  115  796.00000   64.31203  91.9%     -    0s
     0     0   64.31944    0  111  796.00000   64.31944  91.9%     -    0s
     0     0   64.31944    0  115  796.00000   64.31944  91.9%     -    0s
     0     0   64.31944    0  115  796.00000   64.31944  91.9%     -    0s
     0     0   64.31944    0  112  796.00000   64.31944  91.9%     -    0s
     0     2   64.91477    0  110  796.00000   64.91477  91.8%     -    0s
*   55    21               9     704.0000000  267.42188  62.0%  60.5    0s
*   60    20              10     670.0000000  267.42188  60.1%  56.1    0s

Cutting planes:
  MIR: 5
  Zero half: 59
  RLT: 25
  BQP: 32

Explored 277 nodes (10253 simplex iterations) in 0.40 seconds (0.51 work units)
Thread count was 1 (of 12 available processors)

Solution count 10: 670 704 796 ... 2348

Optimal solution found (tolerance 1.00e-04)
Best objective 6.700000000000e+02, best bound 6.700000000000e+02, gap 0.0000%
670.0
