Set parameter Username
Academic license - for non-commercial use only - expires 2025-08-28
Set parameter Threads to value 1
Set parameter Method to value 4
Gurobi Optimizer version 11.0.0 build v11.0.0rc2 (mac64[arm] - Darwin 23.5.0 23F79)

CPU model: Apple M3 Pro
Thread count: 12 physical cores, 12 logical processors, using up to 1 threads

Optimize a model with 1118 rows, 224 columns and 3314 nonzeros
Model fingerprint: 0x897b8bdb
Variable types: 140 continuous, 84 integer (84 binary)
Coefficient statistics:
  Matrix range     [1e+00, 1e+00]
  Objective range  [1e+01, 3e+02]
  Bounds range     [1e+00, 1e+00]
  RHS range        [1e+00, 2e+00]
Presolve removed 178 rows and 40 columns
Presolve time: 0.00s
Presolved: 940 rows, 184 columns, 2728 nonzeros
Variable types: 0 continuous, 184 integer (184 binary)
Found heuristic solution: objective 2313.0000000
Found heuristic solution: objective 1304.0000000
Found heuristic solution: objective 987.0000000

Root relaxation: objective 0.000000e+00, 88 iterations, 0.00 seconds (0.00 work units)

    Nodes    |    Current Node    |     Objective Bounds      |     Work
 Expl Unexpl |  Obj  Depth IntInf | Incumbent    BestBd   Gap | It/Node Time

     0     0    0.00000    0   42  987.00000    0.00000   100%     -    0s
H    0     0                     917.0000000    0.00000   100%     -    0s
     0     0    0.00000    0   70  917.00000    0.00000   100%     -    0s
     0     0    0.00000    0   59  917.00000    0.00000   100%     -    0s
     0     0    0.93750    0   72  917.00000    0.93750   100%     -    0s
     0     0   19.12295    0   87  917.00000   19.12295  97.9%     -    0s
H    0     0                     858.0000000   19.12295  97.8%     -    0s
     0     0   22.66667    0   79  858.00000   22.66667  97.4%     -    0s
     0     0   42.00841    0  118  858.00000   42.00841  95.1%     -    0s
     0     0   42.88889    0   94  858.00000   42.88889  95.0%     -    0s
     0     0   42.88889    0   93  858.00000   42.88889  95.0%     -    0s
     0     0   46.28998    0  111  858.00000   46.28998  94.6%     -    0s
     0     0   47.19732    0  111  858.00000   47.19732  94.5%     -    0s
     0     0   47.57024    0  118  858.00000   47.57024  94.5%     -    0s
     0     0   47.63933    0  119  858.00000   47.63933  94.4%     -    0s
     0     0   47.68403    0  120  858.00000   47.68403  94.4%     -    0s
     0     0   47.68485    0  120  858.00000   47.68485  94.4%     -    0s
     0     0   51.03803    0  110  858.00000   51.03803  94.1%     -    0s
     0     0   51.64360    0  111  858.00000   51.64360  94.0%     -    0s
     0     0   51.93170    0  121  858.00000   51.93170  93.9%     -    0s
     0     0   52.03104    0  118  858.00000   52.03104  93.9%     -    0s
     0     0   52.07890    0  120  858.00000   52.07890  93.9%     -    0s
     0     0   52.13111    0  115  858.00000   52.13111  93.9%     -    0s
     0     0   52.13111    0  116  858.00000   52.13111  93.9%     -    0s
     0     0   52.29167    0  117  858.00000   52.29167  93.9%     -    0s
     0     0   52.29167    0  117  858.00000   52.29167  93.9%     -    0s
     0     0   52.29365    0  120  858.00000   52.29365  93.9%     -    0s
     0     0   52.29365    0  119  858.00000   52.29365  93.9%     -    0s
     0     0   52.29365    0  121  858.00000   52.29365  93.9%     -    0s
     0     0   52.29365    0  117  858.00000   52.29365  93.9%     -    0s
     0     2   52.44203    0  115  858.00000   52.44203  93.9%     -    0s
*   64    35              15     844.0000000  223.10000  73.6%  51.0    0s
H   81    35                     731.0000000  295.00000  59.6%  46.4    0s
*   93    37              10     693.0000000  303.90000  56.1%  44.8    0s
*  111    42               9     677.0000000  308.00000  54.5%  41.1    0s
*  202    41              10     664.0000000  405.50000  38.9%  33.5    0s
*  217    42              10     654.0000000  411.50000  37.1%  32.8    0s

Cutting planes:
  MIR: 2
  Zero half: 70
  RLT: 29
  BQP: 31

Explored 435 nodes (12396 simplex iterations) in 0.46 seconds (0.58 work units)
Thread count was 1 (of 12 available processors)

Solution count 10: 654 664 677 ... 1304

Optimal solution found (tolerance 1.00e-04)
Best objective 6.540000000000e+02, best bound 6.540000000000e+02, gap 0.0000%
654.0
