Set parameter Username
Academic license - for non-commercial use only - expires 2025-08-28
Set parameter Threads to value 1
Set parameter Method to value 4
Gurobi Optimizer version 11.0.0 build v11.0.0rc2 (mac64[arm] - Darwin 23.5.0 23F79)

CPU model: Apple M3 Pro
Thread count: 12 physical cores, 12 logical processors, using up to 1 threads

Optimize a model with 1193 rows, 237 columns and 3536 nonzeros
Model fingerprint: 0x02bd6055
Variable types: 149 continuous, 88 integer (88 binary)
Coefficient statistics:
  Matrix range     [1e+00, 1e+00]
  Objective range  [1e+01, 3e+02]
  Bounds range     [1e+00, 1e+00]
  RHS range        [1e+00, 2e+00]
Presolve removed 188 rows and 42 columns
Presolve time: 0.00s
Presolved: 1005 rows, 195 columns, 2916 nonzeros
Variable types: 0 continuous, 195 integer (195 binary)
Found heuristic solution: objective 3269.0000000
Found heuristic solution: objective 1381.0000000
Found heuristic solution: objective 1064.0000000

Root relaxation: objective 0.000000e+00, 100 iterations, 0.00 seconds (0.00 work units)

    Nodes    |    Current Node    |     Objective Bounds      |     Work
 Expl Unexpl |  Obj  Depth IntInf | Incumbent    BestBd   Gap | It/Node Time

     0     0    0.00000    0   67 1064.00000    0.00000   100%     -    0s
H    0     0                    1027.0000000    0.00000   100%     -    0s
     0     0    0.00000    0   67 1027.00000    0.00000   100%     -    0s
H    0     0                     958.0000000    0.00000   100%     -    0s
     0     0    0.00000    0   66  958.00000    0.00000   100%     -    0s
H    0     0                     925.0000000    0.00000   100%     -    0s
     0     0   16.66667    0   75  925.00000   16.66667  98.2%     -    0s
H    0     0                     853.0000000   16.66667  98.0%     -    0s
     0     0   37.75000    0   93  853.00000   37.75000  95.6%     -    0s
H    0     0                     769.0000000   37.75000  95.1%     -    0s
     0     0   38.33333    0   82  769.00000   38.33333  95.0%     -    0s
     0     0   38.33333    0   83  769.00000   38.33333  95.0%     -    0s
     0     0   52.88889    0   87  769.00000   52.88889  93.1%     -    0s
     0     0   56.20622    0  114  769.00000   56.20622  92.7%     -    0s
     0     0   57.66667    0   86  769.00000   57.66667  92.5%     -    0s
     0     0   57.66667    0   88  769.00000   57.66667  92.5%     -    0s
     0     0   66.34576    0  126  769.00000   66.34576  91.4%     -    0s
H    0     0                     739.0000000   66.34576  91.0%     -    0s
     0     0   68.74412    0  134  739.00000   68.74412  90.7%     -    0s
     0     0   70.36698    0  134  739.00000   70.36698  90.5%     -    0s
     0     0   70.48782    0  137  739.00000   70.48782  90.5%     -    0s
     0     0   70.63249    0  134  739.00000   70.63249  90.4%     -    0s
     0     0   70.63830    0  136  739.00000   70.63830  90.4%     -    0s
     0     0   75.19584    0  120  739.00000   75.19584  89.8%     -    0s
     0     0   75.82504    0  118  739.00000   75.82504  89.7%     -    0s
     0     0   76.17274    0  120  739.00000   76.17274  89.7%     -    0s
     0     0   76.25532    0  128  739.00000   76.25532  89.7%     -    0s
     0     0   76.29897    0  121  739.00000   76.29897  89.7%     -    0s
     0     0   76.30908    0  128  739.00000   76.30908  89.7%     -    0s
     0     0   76.32945    0  121  739.00000   76.32945  89.7%     -    0s
     0     0   76.33591    0  129  739.00000   76.33591  89.7%     -    0s
     0     0   76.34115    0  122  739.00000   76.34115  89.7%     -    0s
     0     0   76.37005    0  130  739.00000   76.37005  89.7%     -    0s
     0     0   76.39225    0  130  739.00000   76.39225  89.7%     -    0s
     0     0   76.39776    0  130  739.00000   76.39776  89.7%     -    0s
     0     0   76.39776    0  124  739.00000   76.39776  89.7%     -    0s
     0     2   76.47532    0  124  739.00000   76.47532  89.7%     -    0s
*   62    27              10     716.0000000  311.75000  56.5%  45.7    0s
*  126    32              12     698.0000000  390.00000  44.1%  36.3    0s

Cutting planes:
  MIR: 13
  Zero half: 112
  RLT: 29
  BQP: 23

Explored 399 nodes (11506 simplex iterations) in 0.52 seconds (0.65 work units)
Thread count was 1 (of 12 available processors)

Solution count 10: 698 716 739 ... 1381

Optimal solution found (tolerance 1.00e-04)
Best objective 6.980000000000e+02, best bound 6.980000000000e+02, gap 0.0000%
698.0
