Set parameter Username
Academic license - for non-commercial use only - expires 2025-08-28
Set parameter Threads to value 1
Set parameter Method to value 4
Gurobi Optimizer version 11.0.0 build v11.0.0rc2 (mac64[arm] - Darwin 23.5.0 23F79)

CPU model: Apple M3 Pro
Thread count: 12 physical cores, 12 logical processors, using up to 1 threads

Optimize a model with 1193 rows, 237 columns and 3536 nonzeros
Model fingerprint: 0x01937d48
Variable types: 149 continuous, 88 integer (88 binary)
Coefficient statistics:
  Matrix range     [1e+00, 1e+00]
  Objective range  [1e+01, 3e+02]
  Bounds range     [1e+00, 1e+00]
  RHS range        [1e+00, 2e+00]
Presolve removed 188 rows and 42 columns
Presolve time: 0.00s
Presolved: 1005 rows, 195 columns, 2916 nonzeros
Variable types: 0 continuous, 195 integer (195 binary)
Found heuristic solution: objective 3269.0000000
Found heuristic solution: objective 1395.0000000
Found heuristic solution: objective 1078.0000000

Root relaxation: objective 0.000000e+00, 100 iterations, 0.00 seconds (0.00 work units)

    Nodes    |    Current Node    |     Objective Bounds      |     Work
 Expl Unexpl |  Obj  Depth IntInf | Incumbent    BestBd   Gap | It/Node Time

     0     0    0.00000    0   67 1078.00000    0.00000   100%     -    0s
H    0     0                    1000.0000000    0.00000   100%     -    0s
     0     0    0.00000    0   67 1000.00000    0.00000   100%     -    0s
H    0     0                     990.0000000    0.00000   100%     -    0s
H    0     0                     949.0000000    0.00000   100%     -    0s
     0     0    0.00000    0   66  949.00000    0.00000   100%     -    0s
     0     0   32.33333    0   80  949.00000   32.33333  96.6%     -    0s
     0     0   32.33333    0   84  949.00000   32.33333  96.6%     -    0s
     0     0   61.71366    0  120  949.00000   61.71366  93.5%     -    0s
     0     0   62.85633    0  121  949.00000   62.85633  93.4%     -    0s
     0     0   63.16335    0  128  949.00000   63.16335  93.3%     -    0s
     0     0   63.26719    0  128  949.00000   63.26719  93.3%     -    0s
     0     0   63.27035    0  127  949.00000   63.27035  93.3%     -    0s
     0     0   76.32664    0  127  949.00000   76.32664  92.0%     -    0s
     0     0   79.40171    0  114  949.00000   79.40171  91.6%     -    0s
     0     0   81.30700    0  122  949.00000   81.30700  91.4%     -    0s
     0     0   81.79952    0  119  949.00000   81.79952  91.4%     -    0s
     0     0   81.88069    0  123  949.00000   81.88069  91.4%     -    0s
     0     0   81.90266    0  124  949.00000   81.90266  91.4%     -    0s
     0     0   82.98583    0  120  949.00000   82.98583  91.3%     -    0s
H    0     0                     934.0000000   82.98583  91.1%     -    0s
H    0     0                     823.0000000   82.98583  89.9%     -    0s
     0     0   83.20000    0  116  823.00000   83.20000  89.9%     -    0s
     0     0   83.25805    0  123  823.00000   83.25805  89.9%     -    0s
     0     0   83.26667    0  112  823.00000   83.26667  89.9%     -    0s
     0     0   83.47703    0  131  823.00000   83.47703  89.9%     -    0s
H    0     0                     775.0000000   83.47703  89.2%     -    0s
     0     0   83.51918    0  128  775.00000   83.51918  89.2%     -    0s
     0     0   83.53659    0  128  775.00000   83.53659  89.2%     -    0s
     0     0   84.29907    0  128  775.00000   84.29907  89.1%     -    0s
     0     0   84.56468    0  130  775.00000   84.56468  89.1%     -    0s
     0     0   84.56468    0  130  775.00000   84.56468  89.1%     -    0s
     0     0   84.56468    0  124  775.00000   84.56468  89.1%     -    0s
     0     2   84.57463    0  124  775.00000   84.57463  89.1%     -    0s
*   69    32              14     766.0000000  220.07143  71.3%  44.0    0s
H   81    40                     753.0000000  365.57143  51.5%  46.2    0s
*  242    50              10     751.0000000  496.00000  34.0%  31.6    0s
*  244    50               9     750.0000000  496.00000  33.9%  31.4    0s
*  256    49               9     742.0000000  500.80000  32.5%  30.4    0s
*  406    29               9     700.0000000  596.66667  14.8%  26.9    0s

Cutting planes:
  Gomory: 1
  MIR: 9
  Flow cover: 3
  Inf proof: 1
  Zero half: 86
  RLT: 20
  BQP: 28

Explored 466 nodes (13322 simplex iterations) in 0.56 seconds (0.70 work units)
Thread count was 1 (of 12 available processors)

Solution count 10: 700 742 750 ... 949

Optimal solution found (tolerance 1.00e-04)
Best objective 7.000000000000e+02, best bound 7.000000000000e+02, gap 0.0000%
700.0
