Set parameter Username
Academic license - for non-commercial use only - expires 2025-08-28
Set parameter Threads to value 1
Set parameter Method to value 4
Gurobi Optimizer version 11.0.0 build v11.0.0rc2 (mac64[arm] - Darwin 23.5.0 23F79)

CPU model: Apple M3 Pro
Thread count: 12 physical cores, 12 logical processors, using up to 1 threads

Optimize a model with 1118 rows, 224 columns and 3314 nonzeros
Model fingerprint: 0xfb6b1ee7
Variable types: 140 continuous, 84 integer (84 binary)
Coefficient statistics:
  Matrix range     [1e+00, 1e+00]
  Objective range  [1e+01, 3e+02]
  Bounds range     [1e+00, 1e+00]
  RHS range        [1e+00, 2e+00]
Presolve removed 178 rows and 40 columns
Presolve time: 0.00s
Presolved: 940 rows, 184 columns, 2728 nonzeros
Variable types: 0 continuous, 184 integer (184 binary)
Found heuristic solution: objective 2369.0000000
Found heuristic solution: objective 1360.0000000
Found heuristic solution: objective 1043.0000000

Root relaxation: objective 0.000000e+00, 88 iterations, 0.00 seconds (0.00 work units)

    Nodes    |    Current Node    |     Objective Bounds      |     Work
 Expl Unexpl |  Obj  Depth IntInf | Incumbent    BestBd   Gap | It/Node Time

     0     0    0.00000    0   42 1043.00000    0.00000   100%     -    0s
H    0     0                     913.0000000    0.00000   100%     -    0s
H    0     0                     865.0000000    0.00000   100%     -    0s
     0     0    0.00000    0   67  865.00000    0.00000   100%     -    0s
H    0     0                     802.0000000    0.00000   100%     -    0s
     0     0    0.00000    0   63  802.00000    0.00000   100%     -    0s
     0     0    0.00000    0   68  802.00000    0.00000   100%     -    0s
     0     0   20.91216    0   88  802.00000   20.91216  97.4%     -    0s
     0     0   24.66667    0   69  802.00000   24.66667  96.9%     -    0s
     0     0   27.16229    0   93  802.00000   27.16229  96.6%     -    0s
     0     0   27.16229    0   93  802.00000   27.16229  96.6%     -    0s
     0     0   52.88254    0  105  802.00000   52.88254  93.4%     -    0s
     0     0   54.91880    0   98  802.00000   54.91880  93.2%     -    0s
     0     0   55.82282    0   98  802.00000   55.82282  93.0%     -    0s
     0     0   56.00000    0   84  802.00000   56.00000  93.0%     -    0s
     0     0   57.98727    0  105  802.00000   57.98727  92.8%     -    0s
     0     0   59.69511    0  113  802.00000   59.69511  92.6%     -    0s
     0     0   59.93079    0  114  802.00000   59.93079  92.5%     -    0s
     0     0   59.93079    0  114  802.00000   59.93079  92.5%     -    0s
     0     0   61.16155    0  116  802.00000   61.16155  92.4%     -    0s
     0     0   61.76318    0  117  802.00000   61.76318  92.3%     -    0s
     0     0   62.03221    0  117  802.00000   62.03221  92.3%     -    0s
     0     0   62.12313    0  115  802.00000   62.12313  92.3%     -    0s
     0     0   62.21037    0  116  802.00000   62.21037  92.2%     -    0s
     0     0   62.22994    0  117  802.00000   62.22994  92.2%     -    0s
     0     0   62.23549    0  118  802.00000   62.23549  92.2%     -    0s
     0     0   62.37507    0  118  802.00000   62.37507  92.2%     -    0s
     0     0   62.41555    0  118  802.00000   62.41555  92.2%     -    0s
     0     0   62.42131    0  118  802.00000   62.42131  92.2%     -    0s
     0     0   62.42982    0  116  802.00000   62.42982  92.2%     -    0s
     0     0   62.42982    0  117  802.00000   62.42982  92.2%     -    0s
     0     0   62.42982    0  119  802.00000   62.42982  92.2%     -    0s
     0     0   62.42982    0  112  802.00000   62.42982  92.2%     -    0s
     0     2   62.55110    0  110  802.00000   62.55110  92.2%     -    0s
*   53    31              11     793.0000000  352.00000  55.6%  54.5    0s
H   54    28                     771.0000000  352.00000  54.3%  53.4    0s
*   63    29              11     673.0000000  356.50000  47.0%  49.3    0s
*   74    28              11     670.0000000  383.30769  42.8%  44.8    0s

Cutting planes:
  Cover: 1
  MIR: 12
  Zero half: 66
  RLT: 28
  BQP: 31

Explored 279 nodes (9509 simplex iterations) in 0.38 seconds (0.48 work units)
Thread count was 1 (of 12 available processors)

Solution count 10: 670 673 771 ... 2369

Optimal solution found (tolerance 1.00e-04)
Best objective 6.700000000000e+02, best bound 6.700000000000e+02, gap 0.0000%
670.0
