Set parameter Username
Academic license - for non-commercial use only - expires 2025-08-28
Set parameter Threads to value 1
Set parameter Method to value 4
Gurobi Optimizer version 11.0.0 build v11.0.0rc2 (mac64[arm] - Darwin 23.5.0 23F79)

CPU model: Apple M3 Pro
Thread count: 12 physical cores, 12 logical processors, using up to 1 threads

Optimize a model with 1118 rows, 224 columns and 3314 nonzeros
Model fingerprint: 0x6ce2e424
Variable types: 140 continuous, 84 integer (84 binary)
Coefficient statistics:
  Matrix range     [1e+00, 1e+00]
  Objective range  [1e+01, 3e+02]
  Bounds range     [1e+00, 1e+00]
  RHS range        [1e+00, 2e+00]
Presolve removed 178 rows and 40 columns
Presolve time: 0.00s
Presolved: 940 rows, 184 columns, 2728 nonzeros
Variable types: 0 continuous, 184 integer (184 binary)
Found heuristic solution: objective 2362.0000000
Found heuristic solution: objective 1353.0000000
Found heuristic solution: objective 1036.0000000

Root relaxation: objective 0.000000e+00, 88 iterations, 0.00 seconds (0.00 work units)

    Nodes    |    Current Node    |     Objective Bounds      |     Work
 Expl Unexpl |  Obj  Depth IntInf | Incumbent    BestBd   Gap | It/Node Time

     0     0    0.00000    0   42 1036.00000    0.00000   100%     -    0s
H    0     0                     999.0000000    0.00000   100%     -    0s
     0     0    0.00000    0   67  999.00000    0.00000   100%     -    0s
H    0     0                     875.0000000    0.00000   100%     -    0s
     0     0    0.00000    0   69  875.00000    0.00000   100%     -    0s
     0     0    0.00000    0   71  875.00000    0.00000   100%     -    0s
     0     0   30.59259    0   94  875.00000   30.59259  96.5%     -    0s
     0     0   36.00000    0   72  875.00000   36.00000  95.9%     -    0s
     0     0   58.30307    0  114  875.00000   58.30307  93.3%     -    0s
     0     0   59.10356    0  110  875.00000   59.10356  93.2%     -    0s
     0     0   59.24960    0  114  875.00000   59.24960  93.2%     -    0s
     0     0   59.29379    0  113  875.00000   59.29379  93.2%     -    0s
     0     0   59.34201    0  116  875.00000   59.34201  93.2%     -    0s
     0     0   67.16383    0  109  875.00000   67.16383  92.3%     -    0s
     0     0   68.58948    0  106  875.00000   68.58948  92.2%     -    0s
     0     0   69.84440    0  109  875.00000   69.84440  92.0%     -    0s
     0     0   70.04040    0  118  875.00000   70.04040  92.0%     -    0s
     0     0   70.11635    0  119  875.00000   70.11635  92.0%     -    0s
     0     0   70.12968    0  119  875.00000   70.12968  92.0%     -    0s
     0     0   70.95392    0  115  875.00000   70.95392  91.9%     -    0s
     0     0   70.98406    0  115  875.00000   70.98406  91.9%     -    0s
     0     0   71.04225    0  113  875.00000   71.04225  91.9%     -    0s
     0     0   71.09278    0  117  875.00000   71.09278  91.9%     -    0s
     0     0   71.11019    0  112  875.00000   71.11019  91.9%     -    0s
     0     0   71.24530    0  109  875.00000   71.24530  91.9%     -    0s
     0     0   71.24530    0  111  875.00000   71.24530  91.9%     -    0s
H    0     0                     799.0000000   71.24530  91.1%     -    0s
     0     0   71.24530    0  111  799.00000   71.24530  91.1%     -    0s
     0     0   71.24530    0  107  799.00000   71.24530  91.1%     -    0s
     0     2   72.33577    0  107  799.00000   72.33577  90.9%     -    0s
*   21    17              11     781.0000000  177.15000  77.3%  57.8    0s
*   44    24              12     755.0000000  179.85000  76.2%  38.8    0s
*   68    35              10     734.0000000  393.00000  46.5%  38.3    0s
*   69    34              10     712.0000000  393.00000  44.8%  37.8    0s
*   93    30              14     673.0000000  395.80000  41.2%  34.9    0s
*  104    30              11     670.0000000  397.88462  40.6%  32.9    0s

Cutting planes:
  MIR: 6
  Zero half: 59
  RLT: 26
  BQP: 23

Explored 260 nodes (7980 simplex iterations) in 0.34 seconds (0.42 work units)
Thread count was 1 (of 12 available processors)

Solution count 10: 670 673 712 ... 1036

Optimal solution found (tolerance 1.00e-04)
Best objective 6.700000000000e+02, best bound 6.700000000000e+02, gap 0.0000%
670.0
