Set parameter Username
Academic license - for non-commercial use only - expires 2025-08-28
Set parameter Threads to value 1
Set parameter Method to value 4
Gurobi Optimizer version 11.0.0 build v11.0.0rc2 (mac64[arm] - Darwin 23.5.0 23F79)

CPU model: Apple M3 Pro
Thread count: 12 physical cores, 12 logical processors, using up to 1 threads

Optimize a model with 1118 rows, 224 columns and 3314 nonzeros
Model fingerprint: 0x4a23b004
Variable types: 140 continuous, 84 integer (84 binary)
Coefficient statistics:
  Matrix range     [1e+00, 1e+00]
  Objective range  [1e+01, 3e+02]
  Bounds range     [1e+00, 1e+00]
  RHS range        [1e+00, 2e+00]
Presolve removed 178 rows and 40 columns
Presolve time: 0.00s
Presolved: 940 rows, 184 columns, 2728 nonzeros
Variable types: 0 continuous, 184 integer (184 binary)
Found heuristic solution: objective 2362.0000000
Found heuristic solution: objective 1353.0000000
Found heuristic solution: objective 1036.0000000

Root relaxation: objective 0.000000e+00, 88 iterations, 0.00 seconds (0.00 work units)

    Nodes    |    Current Node    |     Objective Bounds      |     Work
 Expl Unexpl |  Obj  Depth IntInf | Incumbent    BestBd   Gap | It/Node Time

     0     0    0.00000    0   42 1036.00000    0.00000   100%     -    0s
     0     0    0.00000    0   67 1036.00000    0.00000   100%     -    0s
H    0     0                     928.0000000    0.00000   100%     -    0s
     0     0    0.00000    0   65  928.00000    0.00000   100%     -    0s
     0     0   15.66667    0   74  928.00000   15.66667  98.3%     -    0s
H    0     0                     891.0000000   15.66667  98.2%     -    0s
     0     0   19.66667    0   70  891.00000   19.66667  97.8%     -    0s
     0     0   24.16667    0   77  891.00000   24.16667  97.3%     -    0s
     0     0   24.16667    0   79  891.00000   24.16667  97.3%     -    0s
     0     0   49.14314    0  110  891.00000   49.14314  94.5%     -    0s
     0     0   50.86339    0  104  891.00000   50.86339  94.3%     -    0s
     0     0   51.23051    0  106  891.00000   51.23051  94.3%     -    0s
     0     0   51.52872    0  104  891.00000   51.52872  94.2%     -    0s
     0     0   51.57380    0  110  891.00000   51.57380  94.2%     -    0s
     0     0   60.57861    0  109  891.00000   60.57861  93.2%     -    0s
H    0     0                     887.0000000   60.57861  93.2%     -    0s
H    0     0                     827.0000000   60.57861  92.7%     -    0s
     0     0   62.08933    0  111  827.00000   62.08933  92.5%     -    0s
     0     0   62.42213    0  107  827.00000   62.42213  92.5%     -    0s
     0     0   62.49994    0  108  827.00000   62.49994  92.4%     -    0s
     0     0   62.53981    0  108  827.00000   62.53981  92.4%     -    0s
     0     0   65.67898    0  109  827.00000   65.67898  92.1%     -    0s
H    0     0                     769.0000000   65.67898  91.5%     -    0s
     0     0   66.01897    0  108  769.00000   66.01897  91.4%     -    0s
     0     0   66.03519    0  106  769.00000   66.03519  91.4%     -    0s
     0     0   66.03519    0  108  769.00000   66.03519  91.4%     -    0s
H    0     0                     732.0000000   66.03519  91.0%     -    0s
     0     0   66.03519    0  108  732.00000   66.03519  91.0%     -    0s
     0     0   66.03519    0  108  732.00000   66.03519  91.0%     -    0s
     0     2   67.42407    0  102  732.00000   67.42407  90.8%     -    0s
*   64    23              14     728.0000000  238.00000  67.3%  40.9    0s
*  105    28              11     677.0000000  441.30000  34.8%  35.1    0s

Cutting planes:
  MIR: 10
  Zero half: 46
  RLT: 25
  BQP: 19

Explored 286 nodes (8932 simplex iterations) in 0.37 seconds (0.44 work units)
Thread count was 1 (of 12 available processors)

Solution count 10: 677 728 732 ... 1353

Optimal solution found (tolerance 1.00e-04)
Best objective 6.770000000000e+02, best bound 6.770000000000e+02, gap 0.0000%
677.0
