Set parameter Username
Academic license - for non-commercial use only - expires 2025-08-28
Set parameter Threads to value 1
Set parameter Method to value 4
Gurobi Optimizer version 11.0.0 build v11.0.0rc2 (mac64[arm] - Darwin 23.5.0 23F79)

CPU model: Apple M3 Pro
Thread count: 12 physical cores, 12 logical processors, using up to 1 threads

Optimize a model with 1193 rows, 237 columns and 3536 nonzeros
Model fingerprint: 0x094d71f5
Variable types: 149 continuous, 88 integer (88 binary)
Coefficient statistics:
  Matrix range     [1e+00, 1e+00]
  Objective range  [1e+01, 3e+02]
  Bounds range     [1e+00, 1e+00]
  RHS range        [1e+00, 2e+00]
Presolve removed 188 rows and 42 columns
Presolve time: 0.00s
Presolved: 1005 rows, 195 columns, 2916 nonzeros
Variable types: 0 continuous, 195 integer (195 binary)
Found heuristic solution: objective 3269.0000000
Found heuristic solution: objective 1416.0000000
Found heuristic solution: objective 1099.0000000

Root relaxation: objective 0.000000e+00, 100 iterations, 0.00 seconds (0.00 work units)

    Nodes    |    Current Node    |     Objective Bounds      |     Work
 Expl Unexpl |  Obj  Depth IntInf | Incumbent    BestBd   Gap | It/Node Time

     0     0    0.00000    0   67 1099.00000    0.00000   100%     -    0s
     0     0    0.00000    0   67 1099.00000    0.00000   100%     -    0s
H    0     0                    1003.0000000    0.00000   100%     -    0s
     0     0    0.00000    0   70 1003.00000    0.00000   100%     -    0s
H    0     0                     955.0000000    0.00000   100%     -    0s
     0     0   47.78689    0  128  955.00000   47.78689  95.0%     -    0s
H    0     0                     870.0000000   47.78689  94.5%     -    0s
     0     0   47.78689    0  128  870.00000   47.78689  94.5%     -    0s
     0     0   77.66573    0  125  870.00000   77.66573  91.1%     -    0s
     0     0   80.97136    0  130  870.00000   80.97136  90.7%     -    0s
     0     0   81.64691    0  125  870.00000   81.64691  90.6%     -    0s
     0     0   81.72961    0  126  870.00000   81.72961  90.6%     -    0s
     0     0   81.74119    0  127  870.00000   81.74119  90.6%     -    0s
     0     0   85.14128    0  132  870.00000   85.14128  90.2%     -    0s
     0     0   87.17414    0  132  870.00000   87.17414  90.0%     -    0s
     0     0   87.22414    0  131  870.00000   87.22414  90.0%     -    0s
     0     0   87.41520    0  131  870.00000   87.41520  90.0%     -    0s
     0     0   87.43636    0  128  870.00000   87.43636  89.9%     -    0s
     0     0   87.48517    0  133  870.00000   87.48517  89.9%     -    0s
H    0     0                     860.0000000   87.48517  89.8%     -    0s
H    0     0                     852.0000000   87.48517  89.7%     -    0s
H    0     0                     840.0000000   87.48517  89.6%     -    0s
     0     0   87.54534    0  133  840.00000   87.54534  89.6%     -    0s
     0     0   87.54545    0  133  840.00000   87.54545  89.6%     -    0s
     0     0   87.54545    0  132  840.00000   87.54545  89.6%     -    0s
     0     0   87.54706    0  133  840.00000   87.54706  89.6%     -    0s
     0     0   87.54706    0  133  840.00000   87.54706  89.6%     -    0s
     0     0   87.54706    0  131  840.00000   87.54706  89.6%     -    0s
     0     2   88.29391    0  129  840.00000   88.29391  89.5%     -    0s
H   26    15                     799.0000000  201.16667  74.8%  79.2    0s
H   27    16                     777.0000000  201.16667  74.1%  78.0    0s
*   47    25              10     757.0000000  203.94444  73.1%  61.5    0s
H   54    20                     751.0000000  306.40000  59.2%  54.8    0s
*   93    35               9     750.0000000  408.35294  45.6%  48.0    0s
*  103    33               9     709.0000000  408.35294  42.4%  44.9    0s

Cutting planes:
  MIR: 22
  Zero half: 97
  Mod-K: 2
  RLT: 25
  BQP: 28

Explored 328 nodes (12132 simplex iterations) in 0.50 seconds (0.62 work units)
Thread count was 1 (of 12 available processors)

Solution count 10: 709 750 751 ... 870

Optimal solution found (tolerance 1.00e-04)
Best objective 7.090000000000e+02, best bound 7.090000000000e+02, gap 0.0000%
709.0
