Set parameter Username
Academic license - for non-commercial use only - expires 2025-08-28
Set parameter Threads to value 1
Set parameter Method to value 4
Gurobi Optimizer version 11.0.0 build v11.0.0rc2 (mac64[arm] - Darwin 23.5.0 23F79)

CPU model: Apple M3 Pro
Thread count: 12 physical cores, 12 logical processors, using up to 1 threads

Optimize a model with 1193 rows, 237 columns and 3536 nonzeros
Model fingerprint: 0x630ff491
Variable types: 149 continuous, 88 integer (88 binary)
Coefficient statistics:
  Matrix range     [1e+00, 1e+00]
  Objective range  [1e+01, 3e+02]
  Bounds range     [1e+00, 1e+00]
  RHS range        [1e+00, 2e+00]
Presolve removed 188 rows and 42 columns
Presolve time: 0.01s
Presolved: 1005 rows, 195 columns, 2916 nonzeros
Variable types: 0 continuous, 195 integer (195 binary)
Found heuristic solution: objective 3269.0000000
Found heuristic solution: objective 1409.0000000
Found heuristic solution: objective 1092.0000000

Root relaxation: objective 0.000000e+00, 100 iterations, 0.00 seconds (0.00 work units)

    Nodes    |    Current Node    |     Objective Bounds      |     Work
 Expl Unexpl |  Obj  Depth IntInf | Incumbent    BestBd   Gap | It/Node Time

     0     0    0.00000    0   67 1092.00000    0.00000   100%     -    0s
H    0     0                    1087.0000000    0.00000   100%     -    0s
H    0     0                     994.0000000    0.00000   100%     -    0s
     0     0    0.00000    0   67  994.00000    0.00000   100%     -    0s
     0     0    0.00000    0   68  994.00000    0.00000   100%     -    0s
     0     0   26.00000    0   84  994.00000   26.00000  97.4%     -    0s
     0     0   26.44444    0   84  994.00000   26.44444  97.3%     -    0s
     0     0   51.94355    0  123  994.00000   51.94355  94.8%     -    0s
H    0     0                     967.0000000   51.94355  94.6%     -    0s
     0     0   52.36802    0  115  967.00000   52.36802  94.6%     -    0s
     0     0   52.40064    0  120  967.00000   52.40064  94.6%     -    0s
     0     0   52.41306    0  120  967.00000   52.41306  94.6%     -    0s
     0     0   65.33944    0  117  967.00000   65.33944  93.2%     -    0s
     0     0   70.32997    0  126  967.00000   70.32997  92.7%     -    0s
     0     0   71.52885    0  129  967.00000   71.52885  92.6%     -    0s
     0     0   71.72526    0  125  967.00000   71.72526  92.6%     -    0s
     0     0   71.82262    0  126  967.00000   71.82262  92.6%     -    0s
     0     0   71.84634    0  126  967.00000   71.84634  92.6%     -    0s
     0     0   71.86289    0  126  967.00000   71.86289  92.6%     -    0s
     0     0   73.73239    0  119  967.00000   73.73239  92.4%     -    0s
     0     0   74.70366    0  126  967.00000   74.70366  92.3%     -    0s
     0     0   74.86183    0  121  967.00000   74.86183  92.3%     -    0s
     0     0   75.08213    0  119  967.00000   75.08213  92.2%     -    0s
     0     0   75.21658    0  120  967.00000   75.21658  92.2%     -    0s
     0     0   75.25211    0  125  967.00000   75.25211  92.2%     -    0s
     0     0   75.25211    0  125  967.00000   75.25211  92.2%     -    0s
     0     0   75.28889    0  117  967.00000   75.28889  92.2%     -    0s
     0     0   76.21111    0  108  967.00000   76.21111  92.1%     -    0s
     0     0   78.67974    0  123  967.00000   78.67974  91.9%     -    0s
     0     0   78.97778    0  118  967.00000   78.97778  91.8%     -    0s
     0     0   79.09929    0  129  967.00000   79.09929  91.8%     -    0s
     0     0   79.10628    0  122  967.00000   79.10628  91.8%     -    0s
     0     0   79.49177    0  124  967.00000   79.49177  91.8%     -    0s
H    0     0                     939.0000000   79.49177  91.5%     -    0s
H    0     0                     927.0000000   79.49177  91.4%     -    0s
     0     0   80.18809    0  127  927.00000   80.18809  91.3%     -    0s
     0     0   80.22581    0  121  927.00000   80.22581  91.3%     -    0s
     0     0   80.23040    0  123  927.00000   80.23040  91.3%     -    0s
     0     0   80.37778    0  121  927.00000   80.37778  91.3%     -    0s
     0     0   80.42222    0  122  927.00000   80.42222  91.3%     -    0s
     0     0   81.65000    0  123  927.00000   81.65000  91.2%     -    0s
     0     0   81.71111    0  123  927.00000   81.71111  91.2%     -    0s
     0     0   81.72277    0  120  927.00000   81.72277  91.2%     -    0s
     0     0   81.92437    0  124  927.00000   81.92437  91.2%     -    0s
     0     0   81.95979    0  125  927.00000   81.95979  91.2%     -    0s
     0     0   81.96889    0  124  927.00000   81.96889  91.2%     -    0s
     0     0   81.96889    0  118  927.00000   81.96889  91.2%     -    0s
H    0     0                     868.0000000   81.96889  90.6%     -    0s
     0     2   81.97877    0  118  868.00000   81.97877  90.6%     -    0s
*   48    27               8     765.0000000  307.50000  59.8%  64.5    0s
*   51    26               8     764.0000000  307.50000  59.8%  61.0    0s
*   56    23               8     702.0000000  307.50000  56.2%  57.4    0s

Cutting planes:
  MIR: 12
  Zero half: 66
  RLT: 27
  BQP: 23

Explored 316 nodes (11620 simplex iterations) in 0.53 seconds (0.65 work units)
Thread count was 1 (of 12 available processors)

Solution count 10: 702 764 765 ... 1092

Optimal solution found (tolerance 1.00e-04)
Best objective 7.020000000000e+02, best bound 7.020000000000e+02, gap 0.0000%
702.0
