Set parameter Username
Academic license - for non-commercial use only - expires 2025-08-28
Set parameter Threads to value 1
Set parameter Method to value 4
Gurobi Optimizer version 11.0.0 build v11.0.0rc2 (mac64[arm] - Darwin 23.5.0 23F79)

CPU model: Apple M3 Pro
Thread count: 12 physical cores, 12 logical processors, using up to 1 threads

Optimize a model with 1118 rows, 224 columns and 3314 nonzeros
Model fingerprint: 0x7ae31fdb
Variable types: 140 continuous, 84 integer (84 binary)
Coefficient statistics:
  Matrix range     [1e+00, 1e+00]
  Objective range  [1e+01, 3e+02]
  Bounds range     [1e+00, 1e+00]
  RHS range        [1e+00, 2e+00]
Presolve removed 178 rows and 40 columns
Presolve time: 0.00s
Presolved: 940 rows, 184 columns, 2728 nonzeros
Variable types: 0 continuous, 184 integer (184 binary)
Found heuristic solution: objective 2334.0000000
Found heuristic solution: objective 1325.0000000
Found heuristic solution: objective 1008.0000000

Root relaxation: objective 0.000000e+00, 88 iterations, 0.00 seconds (0.00 work units)

    Nodes    |    Current Node    |     Objective Bounds      |     Work
 Expl Unexpl |  Obj  Depth IntInf | Incumbent    BestBd   Gap | It/Node Time

     0     0    0.00000    0   42 1008.00000    0.00000   100%     -    0s
H    0     0                     905.0000000    0.00000   100%     -    0s
     0     0    0.00000    0   70  905.00000    0.00000   100%     -    0s
H    0     0                     831.0000000    0.00000   100%     -    0s
     0     0    1.81513    0   83  831.00000    1.81513   100%     -    0s
     0     0    5.42857    0   85  831.00000    5.42857  99.3%     -    0s
     0     0    6.21569    0   87  831.00000    6.21569  99.3%     -    0s
     0     0    6.40385    0   87  831.00000    6.40385  99.2%     -    0s
     0     0   30.36437    0   94  831.00000   30.36437  96.3%     -    0s
     0     0   35.50000    0   79  831.00000   35.50000  95.7%     -    0s
     0     0   35.50000    0   78  831.00000   35.50000  95.7%     -    0s
     0     0   45.29647    0  106  831.00000   45.29647  94.5%     -    0s
     0     0   47.30741    0  110  831.00000   47.30741  94.3%     -    0s
     0     0   48.59936    0  118  831.00000   48.59936  94.2%     -    0s
     0     0   49.34606    0  115  831.00000   49.34606  94.1%     -    0s
     0     0   49.65410    0  114  831.00000   49.65410  94.0%     -    0s
     0     0   49.68165    0  116  831.00000   49.68165  94.0%     -    0s
     0     0   49.70899    0  118  831.00000   49.70899  94.0%     -    0s
     0     0   49.71728    0  118  831.00000   49.71728  94.0%     -    0s
     0     0   53.66667    0   90  831.00000   53.66667  93.5%     -    0s
     0     0   57.20854    0  105  831.00000   57.20854  93.1%     -    0s
     0     0   57.27778    0   88  831.00000   57.27778  93.1%     -    0s
     0     0   57.66667    0   90  831.00000   57.66667  93.1%     -    0s
     0     0   57.75763    0  117  831.00000   57.75763  93.0%     -    0s
     0     0   57.90000    0   94  831.00000   57.90000  93.0%     -    0s
     0     0   57.90000    0   87  831.00000   57.90000  93.0%     -    0s
     0     2   58.68084    0   87  831.00000   58.68084  92.9%     -    0s
H   27    14                     723.0000000  173.88000  76.0%  61.1    0s
*   54    26               9     681.0000000  234.30000  65.6%  54.0    0s
H  195    38                     675.0000000  417.00000  38.2%  33.2    0s

Cutting planes:
  MIR: 3
  Zero half: 55
  RLT: 34
  BQP: 28

Explored 398 nodes (11470 simplex iterations) in 0.41 seconds (0.52 work units)
Thread count was 1 (of 12 available processors)

Solution count 8: 675 681 723 ... 2334

Optimal solution found (tolerance 1.00e-04)
Best objective 6.750000000000e+02, best bound 6.750000000000e+02, gap 0.0000%
675.0
