Set parameter Username
Academic license - for non-commercial use only - expires 2025-08-28
Set parameter Threads to value 1
Set parameter Method to value 4
Gurobi Optimizer version 11.0.0 build v11.0.0rc2 (mac64[arm] - Darwin 23.5.0 23F79)

CPU model: Apple M3 Pro
Thread count: 12 physical cores, 12 logical processors, using up to 1 threads

Optimize a model with 1193 rows, 237 columns and 3536 nonzeros
Model fingerprint: 0xa744e4dc
Variable types: 149 continuous, 88 integer (88 binary)
Coefficient statistics:
  Matrix range     [1e+00, 1e+00]
  Objective range  [1e+01, 3e+02]
  Bounds range     [1e+00, 1e+00]
  RHS range        [1e+00, 2e+00]
Presolve removed 188 rows and 42 columns
Presolve time: 0.00s
Presolved: 1005 rows, 195 columns, 2916 nonzeros
Variable types: 0 continuous, 195 integer (195 binary)
Found heuristic solution: objective 3269.0000000
Found heuristic solution: objective 1395.0000000
Found heuristic solution: objective 1078.0000000

Root relaxation: objective 0.000000e+00, 100 iterations, 0.00 seconds (0.00 work units)

    Nodes    |    Current Node    |     Objective Bounds      |     Work
 Expl Unexpl |  Obj  Depth IntInf | Incumbent    BestBd   Gap | It/Node Time

     0     0    0.00000    0   67 1078.00000    0.00000   100%     -    0s
     0     0    0.00000    0   67 1078.00000    0.00000   100%     -    0s
H    0     0                    1012.0000000    0.00000   100%     -    0s
     0     0    0.00000    0   72 1012.00000    0.00000   100%     -    0s
H    0     0                     964.0000000    0.00000   100%     -    0s
     0     0   24.66667    0   86  964.00000   24.66667  97.4%     -    0s
H    0     0                     830.0000000   24.66667  97.0%     -    0s
     0     0   40.33333    0   82  830.00000   40.33333  95.1%     -    0s
     0     0   40.33333    0   82  830.00000   40.33333  95.1%     -    0s
     0     0   73.01088    0  117  830.00000   73.01088  91.2%     -    0s
     0     0   74.88010    0  133  830.00000   74.88010  91.0%     -    0s
     0     0   75.16003    0  128  830.00000   75.16003  90.9%     -    0s
     0     0   75.20930    0  126  830.00000   75.20930  90.9%     -    0s
     0     0   75.20942    0  128  830.00000   75.20942  90.9%     -    0s
     0     0   80.43221    0  122  830.00000   80.43221  90.3%     -    0s
     0     0   81.78317    0  126  830.00000   81.78317  90.1%     -    0s
     0     0   82.18590    0  126  830.00000   82.18590  90.1%     -    0s
     0     0   82.21905    0  114  830.00000   82.21905  90.1%     -    0s
     0     0   82.24762    0  116  830.00000   82.24762  90.1%     -    0s
     0     0   82.24762    0  116  830.00000   82.24762  90.1%     -    0s
     0     0   82.50641    0  120  830.00000   82.50641  90.1%     -    0s
H    0     0                     810.0000000   82.50641  89.8%     -    0s
     0     0   82.50641    0  121  810.00000   82.50641  89.8%     -    0s
     0     0   82.62742    0  124  810.00000   82.62742  89.8%     -    0s
     0     0   82.64389    0  124  810.00000   82.64389  89.8%     -    0s
     0     0   83.82021    0  123  810.00000   83.82021  89.7%     -    0s
     0     0   85.32642    0  128  810.00000   85.32642  89.5%     -    0s
     0     0   85.53470    0  128  810.00000   85.53470  89.4%     -    0s
     0     0   85.64945    0  128  810.00000   85.64945  89.4%     -    0s
     0     0   85.75674    0  129  810.00000   85.75674  89.4%     -    0s
     0     0   85.77383    0  128  810.00000   85.77383  89.4%     -    0s
     0     0   85.83546    0  128  810.00000   85.83546  89.4%     -    0s
     0     0   85.98182    0  133  810.00000   85.98182  89.4%     -    0s
     0     0   85.98658    0  133  810.00000   85.98658  89.4%     -    0s
     0     0   86.29402    0  135  810.00000   86.29402  89.3%     -    0s
     0     0   87.04931    0  137  810.00000   87.04931  89.3%     -    0s
     0     0   87.22965    0  135  810.00000   87.22965  89.2%     -    0s
     0     0   87.24038    0  134  810.00000   87.24038  89.2%     -    0s
     0     0   87.24038    0  127  810.00000   87.24038  89.2%     -    0s
     0     2   87.29808    0  127  810.00000   87.29808  89.2%     -    0s
*   29    17              10     799.0000000  237.50000  70.3%  59.3    0s
*   30    16              10     779.0000000  237.50000  69.5%  57.3    0s
*   54    25              14     754.0000000  243.00000  67.8%  40.3    0s
H  142    42                     753.0000000  461.00000  38.8%  35.5    0s
H  228    45                     745.0000000  526.54545  29.3%  31.1    0s
*  257    46              10     706.0000000  532.50000  24.6%  29.4    0s

Cutting planes:
  MIR: 18
  Zero half: 48
  RLT: 29
  BQP: 23

Explored 413 nodes (11916 simplex iterations) in 0.54 seconds (0.66 work units)
Thread count was 1 (of 12 available processors)

Solution count 10: 706 745 753 ... 1012

Optimal solution found (tolerance 1.00e-04)
Best objective 7.060000000000e+02, best bound 7.060000000000e+02, gap 0.0000%
706.0
