Set parameter Username
Academic license - for non-commercial use only - expires 2025-08-28
Set parameter Threads to value 1
Set parameter Method to value 4
Gurobi Optimizer version 11.0.0 build v11.0.0rc2 (mac64[arm] - Darwin 23.5.0 23F79)

CPU model: Apple M3 Pro
Thread count: 12 physical cores, 12 logical processors, using up to 1 threads

Optimize a model with 1118 rows, 224 columns and 3314 nonzeros
Model fingerprint: 0x718e7f73
Variable types: 140 continuous, 84 integer (84 binary)
Coefficient statistics:
  Matrix range     [1e+00, 1e+00]
  Objective range  [1e+01, 3e+02]
  Bounds range     [1e+00, 1e+00]
  RHS range        [1e+00, 2e+00]
Presolve removed 178 rows and 40 columns
Presolve time: 0.00s
Presolved: 940 rows, 184 columns, 2728 nonzeros
Variable types: 0 continuous, 184 integer (184 binary)
Found heuristic solution: objective 2327.0000000
Found heuristic solution: objective 1318.0000000
Found heuristic solution: objective 1001.0000000

Root relaxation: objective 0.000000e+00, 88 iterations, 0.00 seconds (0.00 work units)

    Nodes    |    Current Node    |     Objective Bounds      |     Work
 Expl Unexpl |  Obj  Depth IntInf | Incumbent    BestBd   Gap | It/Node Time

     0     0    0.00000    0   42 1001.00000    0.00000   100%     -    0s
H    0     0                     951.0000000    0.00000   100%     -    0s
     0     0    0.00000    0   65  951.00000    0.00000   100%     -    0s
H    0     0                     771.0000000    0.00000   100%     -    0s
     0     0    0.00000    0   67  771.00000    0.00000   100%     -    0s
     0     0    0.00000    0   67  771.00000    0.00000   100%     -    0s
     0     0   31.74221    0   99  771.00000   31.74221  95.9%     -    0s
H    0     0                     734.0000000   31.74221  95.7%     -    0s
     0     0   31.74221    0   99  734.00000   31.74221  95.7%     -    0s
     0     0   47.33333    0   93  734.00000   47.33333  93.6%     -    0s
     0     0   48.14306    0  109  734.00000   48.14306  93.4%     -    0s
     0     0   49.20468    0  105  734.00000   49.20468  93.3%     -    0s
     0     0   49.42105    0  103  734.00000   49.42105  93.3%     -    0s
     0     0   49.43731    0  104  734.00000   49.43731  93.3%     -    0s
     0     0   50.50000    0   79  734.00000   50.50000  93.1%     -    0s
     0     0   50.80769    0   94  734.00000   50.80769  93.1%     -    0s
     0     0   51.67677    0  103  734.00000   51.67677  93.0%     -    0s
     0     0   52.21117    0  101  734.00000   52.21117  92.9%     -    0s
     0     0   52.25853    0  101  734.00000   52.25853  92.9%     -    0s
     0     0   52.38160    0  103  734.00000   52.38160  92.9%     -    0s
     0     0   52.44715    0  103  734.00000   52.44715  92.9%     -    0s
     0     0   52.52461    0  102  734.00000   52.52461  92.8%     -    0s
     0     0   52.52912    0  106  734.00000   52.52912  92.8%     -    0s
     0     0   52.53086    0   99  734.00000   52.53086  92.8%     -    0s
     0     0   52.70370    0  100  734.00000   52.70370  92.8%     -    0s
     0     0   52.76954    0  104  734.00000   52.76954  92.8%     -    0s
     0     0   52.77778    0  100  734.00000   52.77778  92.8%     -    0s
     0     0   54.43563    0  110  734.00000   54.43563  92.6%     -    0s
     0     0   55.75309    0  104  734.00000   55.75309  92.4%     -    0s
     0     0   59.83300    0  109  734.00000   59.83300  91.8%     -    0s
     0     0   60.57860    0  114  734.00000   60.57860  91.7%     -    0s
     0     0   60.99453    0  113  734.00000   60.99453  91.7%     -    0s
     0     0   61.07037    0  113  734.00000   61.07037  91.7%     -    0s
     0     0   61.08205    0  113  734.00000   61.08205  91.7%     -    0s
     0     0   64.18397    0  105  734.00000   64.18397  91.3%     -    0s
H    0     0                     731.0000000   64.18397  91.2%     -    0s
H    0     0                     706.0000000   64.18397  90.9%     -    0s
     0     0   64.50773    0  116  706.00000   64.50773  90.9%     -    0s
     0     0   64.86458    0  118  706.00000   64.86458  90.8%     -    0s
     0     0   64.92894    0  115  706.00000   64.92894  90.8%     -    0s
     0     0   65.03896    0  118  706.00000   65.03896  90.8%     -    0s
     0     0   65.07667    0  119  706.00000   65.07667  90.8%     -    0s
     0     0   65.11432    0  118  706.00000   65.11432  90.8%     -    0s
     0     0   65.11432    0  112  706.00000   65.11432  90.8%     -    0s
     0     2   65.39636    0  112  706.00000   65.39636  90.7%     -    0s
*   79    25              13     698.0000000  355.50000  49.1%  40.4    0s
H   82    22                     697.0000000  355.50000  49.0%  39.0    0s
*   95    30              10     674.0000000  374.50000  44.4%  37.7    0s
H  300    15                     668.0000000  550.57143  17.6%  26.9    0s

Cutting planes:
  MIR: 17
  Flow cover: 1
  Zero half: 48
  RLT: 29
  BQP: 31

Explored 343 nodes (10297 simplex iterations) in 0.48 seconds (0.53 work units)
Thread count was 1 (of 12 available processors)

Solution count 10: 668 674 697 ... 1001

Optimal solution found (tolerance 1.00e-04)
Best objective 6.680000000000e+02, best bound 6.680000000000e+02, gap 0.0000%
668.0
