Set parameter Username
Academic license - for non-commercial use only - expires 2025-08-28
Set parameter Threads to value 1
Set parameter Method to value 4
Gurobi Optimizer version 11.0.0 build v11.0.0rc2 (mac64[arm] - Darwin 23.5.0 23F79)

CPU model: Apple M3 Pro
Thread count: 12 physical cores, 12 logical processors, using up to 1 threads

Optimize a model with 1478 rows, 263 columns and 4406 nonzeros
Model fingerprint: 0x9a121157
Variable types: 158 continuous, 105 integer (105 binary)
Coefficient statistics:
  Matrix range     [1e+00, 1e+00]
  Objective range  [1e+01, 3e+02]
  Bounds range     [1e+00, 1e+00]
  RHS range        [1e+00, 2e+00]
Presolve removed 236 rows and 46 columns
Presolve time: 0.00s
Presolved: 1242 rows, 217 columns, 3620 nonzeros
Variable types: 0 continuous, 217 integer (217 binary)
Found heuristic solution: objective 3877.0000000
Found heuristic solution: objective 1339.0000000

Root relaxation: objective 0.000000e+00, 110 iterations, 0.00 seconds (0.00 work units)

    Nodes    |    Current Node    |     Objective Bounds      |     Work
 Expl Unexpl |  Obj  Depth IntInf | Incumbent    BestBd   Gap | It/Node Time

     0     0    0.00000    0   42 1339.00000    0.00000   100%     -    0s
H    0     0                    1116.0000000    0.00000   100%     -    0s
     0     0    0.00000    0   75 1116.00000    0.00000   100%     -    0s
H    0     0                     820.0000000    0.00000   100%     -    0s
     0     0    0.00000    0   60  820.00000    0.00000   100%     -    0s
H    0     0                     772.0000000    0.00000   100%     -    0s
     0     0    0.00000    0   50  772.00000    0.00000   100%     -    0s
     0     0    0.00000    0   52  772.00000    0.00000   100%     -    0s
H    0     0                     698.0000000    0.00000   100%     -    0s
     0     0    0.00000    0   87  698.00000    0.00000   100%     -    0s
     0     0    0.00000    0   88  698.00000    0.00000   100%     -    0s
     0     0    0.00000    0   87  698.00000    0.00000   100%     -    0s
     0     2    0.00000    0   84  698.00000    0.00000   100%     -    0s
H   54    39                     638.0000000   15.33333  97.6%  54.3    0s
H   78    48                     629.0000000   34.50000  94.5%  54.0    0s
*   91    59              13     625.0000000   34.50000  94.5%  56.2    0s
H  109    54                     580.0000000   60.00000  89.7%  56.6    0s
H  156    61                     542.0000000   79.62389  85.3%  54.9    0s

Cutting planes:
  Gomory: 2
  MIR: 1
  Flow cover: 1
  Inf proof: 8
  Zero half: 60
  RLT: 33
  BQP: 65

Explored 1741 nodes (55411 simplex iterations) in 1.67 seconds (2.15 work units)
Thread count was 1 (of 12 available processors)

Solution count 10: 542 580 625 ... 1339

Optimal solution found (tolerance 1.00e-04)
Best objective 5.420000000000e+02, best bound 5.420000000000e+02, gap 0.0000%
542.0
