Set parameter Username
Academic license - for non-commercial use only - expires 2025-08-28
Set parameter Threads to value 1
Set parameter Method to value 4
Gurobi Optimizer version 11.0.0 build v11.0.0rc2 (mac64[arm] - Darwin 23.5.0 23F79)

CPU model: Apple M3 Pro
Thread count: 12 physical cores, 12 logical processors, using up to 1 threads

Optimize a model with 1478 rows, 263 columns and 4406 nonzeros
Model fingerprint: 0x5408a69a
Variable types: 158 continuous, 105 integer (105 binary)
Coefficient statistics:
  Matrix range     [1e+00, 1e+00]
  Objective range  [1e+01, 3e+02]
  Bounds range     [1e+00, 1e+00]
  RHS range        [1e+00, 2e+00]
Presolve removed 236 rows and 46 columns
Presolve time: 0.00s
Presolved: 1242 rows, 217 columns, 3620 nonzeros
Variable types: 0 continuous, 217 integer (217 binary)
Found heuristic solution: objective 3884.0000000
Found heuristic solution: objective 1346.0000000

Root relaxation: objective 0.000000e+00, 110 iterations, 0.00 seconds (0.00 work units)

    Nodes    |    Current Node    |     Objective Bounds      |     Work
 Expl Unexpl |  Obj  Depth IntInf | Incumbent    BestBd   Gap | It/Node Time

     0     0    0.00000    0   42 1346.00000    0.00000   100%     -    0s
H    0     0                    1120.0000000    0.00000   100%     -    0s
H    0     0                    1084.0000000    0.00000   100%     -    0s
     0     0    0.00000    0   74 1084.00000    0.00000   100%     -    0s
H    0     0                     776.0000000    0.00000   100%     -    0s
     0     0    0.00000    0   71  776.00000    0.00000   100%     -    0s
H    0     0                     767.0000000    0.00000   100%     -    0s
H    0     0                     719.0000000    0.00000   100%     -    0s
     0     0    0.00000    0   80  719.00000    0.00000   100%     -    0s
     0     0    0.00000    0   93  719.00000    0.00000   100%     -    0s
     0     0    0.00000    0   85  719.00000    0.00000   100%     -    0s
     0     0    0.00000    0   70  719.00000    0.00000   100%     -    0s
     0     0    0.00000    0   70  719.00000    0.00000   100%     -    0s
H    0     0                     712.0000000    0.00000   100%     -    0s
     0     2    0.00000    0   66  712.00000    0.00000   100%     -    0s
*   23    21              13     596.0000000   22.00000  96.3%  68.7    0s
H  112    50                     567.0000000   83.50000  85.3%  46.3    0s
H  193    64                     548.0000000  122.58333  77.6%  42.8    0s
*  249    86              16     542.0000000  181.37500  66.5%  43.0    0s

Cutting planes:
  Gomory: 1
  Cover: 1
  MIR: 4
  Inf proof: 4
  Zero half: 51
  RLT: 30
  BQP: 52

Explored 1346 nodes (41421 simplex iterations) in 1.52 seconds (1.58 work units)
Thread count was 1 (of 12 available processors)

Solution count 10: 542 548 567 ... 1120

Optimal solution found (tolerance 1.00e-04)
Best objective 5.420000000000e+02, best bound 5.420000000000e+02, gap 0.0000%
542.0
