Set parameter Username
Academic license - for non-commercial use only - expires 2025-08-28
Set parameter Threads to value 1
Set parameter Method to value 4
Gurobi Optimizer version 11.0.0 build v11.0.0rc2 (mac64[arm] - Darwin 23.5.0 23F79)

CPU model: Apple M3 Pro
Thread count: 12 physical cores, 12 logical processors, using up to 1 threads

Optimize a model with 1478 rows, 263 columns and 4406 nonzeros
Model fingerprint: 0xd22c423c
Variable types: 158 continuous, 105 integer (105 binary)
Coefficient statistics:
  Matrix range     [1e+00, 1e+00]
  Objective range  [1e+01, 3e+02]
  Bounds range     [1e+00, 1e+00]
  RHS range        [1e+00, 2e+00]
Presolve removed 236 rows and 46 columns
Presolve time: 0.00s
Presolved: 1242 rows, 217 columns, 3620 nonzeros
Variable types: 0 continuous, 217 integer (217 binary)
Found heuristic solution: objective 3863.0000000
Found heuristic solution: objective 1325.0000000

Root relaxation: objective 0.000000e+00, 110 iterations, 0.00 seconds (0.00 work units)

    Nodes    |    Current Node    |     Objective Bounds      |     Work
 Expl Unexpl |  Obj  Depth IntInf | Incumbent    BestBd   Gap | It/Node Time

     0     0    0.00000    0   42 1325.00000    0.00000   100%     -    0s
H    0     0                     955.0000000    0.00000   100%     -    0s
     0     0    0.00000    0   93  955.00000    0.00000   100%     -    0s
     0     0    0.00000    0   76  955.00000    0.00000   100%     -    0s
H    0     0                     766.0000000    0.00000   100%     -    0s
     0     0    0.00000    0   81  766.00000    0.00000   100%     -    0s
     0     0    0.00000    0   83  766.00000    0.00000   100%     -    0s
     0     0    0.00000    0   91  766.00000    0.00000   100%     -    0s
     0     0    0.00000    0   87  766.00000    0.00000   100%     -    0s
H    0     0                     729.0000000    0.00000   100%     -    0s
     0     2    0.00000    0   67  729.00000    0.00000   100%     -    0s
H   27    25                     669.0000000    7.50000  98.9%  68.0    0s
*   28    26              17     649.0000000    7.50000  98.8%  65.9    0s
*   29    25              18     623.0000000    7.50000  98.8%  63.7    0s
H  117    73                     599.0000000   62.00000  89.6%  62.5    0s
H  132    86                     559.0000000   74.33333  86.7%  61.9    0s
H  695   232                     549.0000000  204.00000  62.8%  43.9    1s

Cutting planes:
  Gomory: 3
  Inf proof: 10
  Zero half: 42
  RLT: 39
  BQP: 60

Explored 3682 nodes (109144 simplex iterations) in 3.78 seconds (4.81 work units)
Thread count was 1 (of 12 available processors)

Solution count 10: 549 559 599 ... 1325

Optimal solution found (tolerance 1.00e-04)
Best objective 5.490000000000e+02, best bound 5.490000000000e+02, gap 0.0000%
549.0
