Set parameter Username
Academic license - for non-commercial use only - expires 2025-08-28
Set parameter Threads to value 1
Set parameter Method to value 4
Gurobi Optimizer version 11.0.0 build v11.0.0rc2 (mac64[arm] - Darwin 23.5.0 23F79)

CPU model: Apple M3 Pro
Thread count: 12 physical cores, 12 logical processors, using up to 1 threads

Optimize a model with 1571 rows, 277 columns and 4683 nonzeros
Model fingerprint: 0x171ee585
Variable types: 167 continuous, 110 integer (110 binary)
Coefficient statistics:
  Matrix range     [1e+00, 1e+00]
  Objective range  [1e+01, 3e+02]
  Bounds range     [1e+00, 1e+00]
  RHS range        [1e+00, 2e+00]
Presolve removed 248 rows and 48 columns
Presolve time: 0.00s
Presolved: 1323 rows, 229 columns, 3855 nonzeros
Variable types: 0 continuous, 229 integer (229 binary)
Found heuristic solution: objective 3919.0000000
Found heuristic solution: objective 1381.0000000

Root relaxation: objective 0.000000e+00, 120 iterations, 0.00 seconds (0.00 work units)

    Nodes    |    Current Node    |     Objective Bounds      |     Work
 Expl Unexpl |  Obj  Depth IntInf | Incumbent    BestBd   Gap | It/Node Time

     0     0    0.00000    0   44 1381.00000    0.00000   100%     -    0s
H    0     0                    1364.0000000    0.00000   100%     -    0s
     0     0    0.00000    0   86 1364.00000    0.00000   100%     -    0s
H    0     0                     917.0000000    0.00000   100%     -    0s
     0     0    0.00000    0   61  917.00000    0.00000   100%     -    0s
H    0     0                     805.0000000    0.00000   100%     -    0s
     0     0    0.00000    0   75  805.00000    0.00000   100%     -    0s
     0     0    0.00000    0   74  805.00000    0.00000   100%     -    0s
     0     0    0.00000    0   91  805.00000    0.00000   100%     -    0s
     0     0    0.00000    0   63  805.00000    0.00000   100%     -    0s
     0     0    0.00000    0   63  805.00000    0.00000   100%     -    0s
     0     2    0.00000    0   63  805.00000    0.00000   100%     -    0s
H   26    26                     800.0000000   48.18182  94.0%  88.1    0s
H   46    38                     684.0000000   48.50000  92.9%  84.1    0s
H   52    44                     682.0000000   48.50000  92.9%  83.5    0s
*  114    77              18     667.0000000   49.30682  92.6%  64.7    0s
H  289   145                     663.0000000  130.50000  80.3%  55.6    0s
H  302   158                     660.0000000  130.50000  80.2%  56.1    0s
H  774   250                     644.0000000  306.36364  52.4%  45.0    1s
*  795   259              17     641.0000000  308.16667  51.9%  44.4    1s
*  811   261              16     637.0000000  312.16667  51.0%  44.0    1s
H  826   256                     627.0000000  317.00000  49.4%  43.8    1s
H 1065   264                     617.0000000  341.00000  44.7%  42.2    1s
H 1513   285                     615.0000000  397.66667  35.3%  38.5    2s
* 2289   254              16     612.0000000  454.40000  25.8%  34.1    2s

Cutting planes:
  Gomory: 1
  Inf proof: 5
  Zero half: 41
  RLT: 42
  BQP: 83

Explored 3376 nodes (102471 simplex iterations) in 3.94 seconds (5.23 work units)
Thread count was 1 (of 12 available processors)

Solution count 10: 612 615 617 ... 667

Optimal solution found (tolerance 1.00e-04)
Best objective 6.120000000000e+02, best bound 6.120000000000e+02, gap 0.0000%
612.0
