Set parameter Username
Academic license - for non-commercial use only - expires 2025-08-28
Set parameter Threads to value 1
Set parameter Method to value 4
Gurobi Optimizer version 11.0.0 build v11.0.0rc2 (mac64[arm] - Darwin 23.5.0 23F79)

CPU model: Apple M3 Pro
Thread count: 12 physical cores, 12 logical processors, using up to 1 threads

Optimize a model with 1478 rows, 263 columns and 4406 nonzeros
Model fingerprint: 0xdc4efff5
Variable types: 158 continuous, 105 integer (105 binary)
Coefficient statistics:
  Matrix range     [1e+00, 1e+00]
  Objective range  [1e+01, 3e+02]
  Bounds range     [1e+00, 1e+00]
  RHS range        [1e+00, 2e+00]
Presolve removed 236 rows and 46 columns
Presolve time: 0.00s
Presolved: 1242 rows, 217 columns, 3620 nonzeros
Variable types: 0 continuous, 217 integer (217 binary)
Found heuristic solution: objective 3877.0000000
Found heuristic solution: objective 1339.0000000

Root relaxation: objective 0.000000e+00, 110 iterations, 0.00 seconds (0.00 work units)

    Nodes    |    Current Node    |     Objective Bounds      |     Work
 Expl Unexpl |  Obj  Depth IntInf | Incumbent    BestBd   Gap | It/Node Time

     0     0    0.00000    0   42 1339.00000    0.00000   100%     -    0s
H    0     0                    1116.0000000    0.00000   100%     -    0s
     0     0    0.00000    0   71 1116.00000    0.00000   100%     -    0s
H    0     0                     820.0000000    0.00000   100%     -    0s
     0     0    0.00000    0   81  820.00000    0.00000   100%     -    0s
     0     0    0.00000    0   86  820.00000    0.00000   100%     -    0s
     0     0    0.00000    0   81  820.00000    0.00000   100%     -    0s
H    0     0                     772.0000000    0.00000   100%     -    0s
     0     0    0.00000    0   87  772.00000    0.00000   100%     -    0s
     0     0    0.00000    0   82  772.00000    0.00000   100%     -    0s
     0     0    0.00000    0   65  772.00000    0.00000   100%     -    0s
H    0     0                     698.0000000    0.00000   100%     -    0s
     0     2    0.00000    0   65  698.00000    0.00000   100%     -    0s
H   26    22                     695.0000000   39.37500  94.3%  78.4    0s
H   54    35                     669.0000000   40.00000  94.0%  58.2    0s
H  106    61                     663.0000000   40.50000  93.9%  58.7    0s
H  162    91                     623.0000000  116.50000  81.3%  59.6    0s
*  232   108              18     558.0000000  121.92857  78.1%  51.9    0s
H  291   127                     541.0000000  132.00000  75.6%  50.8    0s
H  876   232                     535.0000000  263.66667  50.7%  46.1    1s

Cutting planes:
  Gomory: 1
  Inf proof: 8
  Zero half: 48
  RLT: 36
  BQP: 69

Explored 2926 nodes (101694 simplex iterations) in 3.24 seconds (4.15 work units)
Thread count was 1 (of 12 available processors)

Solution count 10: 535 541 558 ... 820

Optimal solution found (tolerance 1.00e-04)
Best objective 5.350000000000e+02, best bound 5.350000000000e+02, gap 0.0000%
535.0
