Set parameter Username
Academic license - for non-commercial use only - expires 2025-08-28
Set parameter Threads to value 1
Set parameter Method to value 4
Gurobi Optimizer version 11.0.0 build v11.0.0rc2 (mac64[arm] - Darwin 23.5.0 23F79)

CPU model: Apple M3 Pro
Thread count: 12 physical cores, 12 logical processors, using up to 1 threads

Optimize a model with 1571 rows, 277 columns and 4683 nonzeros
Model fingerprint: 0x5d8bbfd4
Variable types: 167 continuous, 110 integer (110 binary)
Coefficient statistics:
  Matrix range     [1e+00, 1e+00]
  Objective range  [1e+01, 3e+02]
  Bounds range     [1e+00, 1e+00]
  RHS range        [1e+00, 2e+00]
Presolve removed 248 rows and 48 columns
Presolve time: 0.01s
Presolved: 1323 rows, 229 columns, 3855 nonzeros
Variable types: 0 continuous, 229 integer (229 binary)
Found heuristic solution: objective 3933.0000000
Found heuristic solution: objective 1395.0000000

Root relaxation: objective 0.000000e+00, 120 iterations, 0.00 seconds (0.00 work units)

    Nodes    |    Current Node    |     Objective Bounds      |     Work
 Expl Unexpl |  Obj  Depth IntInf | Incumbent    BestBd   Gap | It/Node Time

     0     0    0.00000    0   44 1395.00000    0.00000   100%     -    0s
H    0     0                    1373.0000000    0.00000   100%     -    0s
     0     0    0.00000    0   86 1373.00000    0.00000   100%     -    0s
H    0     0                     929.0000000    0.00000   100%     -    0s
     0     0    0.00000    0   79  929.00000    0.00000   100%     -    0s
     0     0    0.00000    0   79  929.00000    0.00000   100%     -    0s
     0     0    0.00000    0   66  929.00000    0.00000   100%     -    0s
H    0     0                     853.0000000    0.00000   100%     -    0s
     0     0    0.00000    0   88  853.00000    0.00000   100%     -    0s
     0     0    0.00000    0   79  853.00000    0.00000   100%     -    0s
     0     0    0.00000    0   78  853.00000    0.00000   100%     -    0s
H    0     0                     687.0000000    0.00000   100%     -    0s
     0     2    0.00000    0   72  687.00000    0.00000   100%     -    0s
*  131    77              18     661.0000000   85.00000  87.1%  46.8    0s
*  405   176              22     654.0000000  250.00000  61.8%  42.4    0s
H  453   183                     641.0000000  262.93333  59.0%  40.5    0s
H  467   179                     623.0000000  267.29545  57.1%  40.4    0s
H 1567   249                     612.0000000  405.70000  33.7%  33.5    1s

Cutting planes:
  Gomory: 1
  Inf proof: 13
  Zero half: 81
  RLT: 38
  BQP: 65

Explored 3240 nodes (93423 simplex iterations) in 3.45 seconds (4.41 work units)
Thread count was 1 (of 12 available processors)

Solution count 10: 612 623 641 ... 1395

Optimal solution found (tolerance 1.00e-04)
Best objective 6.120000000000e+02, best bound 6.120000000000e+02, gap 0.0000%
612.0
