Set parameter Username
Academic license - for non-commercial use only - expires 2025-08-28
Set parameter Threads to value 1
Set parameter Method to value 4
Gurobi Optimizer version 11.0.0 build v11.0.0rc2 (mac64[arm] - Darwin 23.5.0 23F79)

CPU model: Apple M3 Pro
Thread count: 12 physical cores, 12 logical processors, using up to 1 threads

Optimize a model with 1571 rows, 277 columns and 4683 nonzeros
Model fingerprint: 0x88008125
Variable types: 167 continuous, 110 integer (110 binary)
Coefficient statistics:
  Matrix range     [1e+00, 1e+00]
  Objective range  [1e+01, 3e+02]
  Bounds range     [1e+00, 1e+00]
  RHS range        [1e+00, 2e+00]
Presolve removed 248 rows and 48 columns
Presolve time: 0.01s
Presolved: 1323 rows, 229 columns, 3855 nonzeros
Variable types: 0 continuous, 229 integer (229 binary)
Found heuristic solution: objective 3940.0000000
Found heuristic solution: objective 1402.0000000

Root relaxation: objective 0.000000e+00, 120 iterations, 0.00 seconds (0.00 work units)

    Nodes    |    Current Node    |     Objective Bounds      |     Work
 Expl Unexpl |  Obj  Depth IntInf | Incumbent    BestBd   Gap | It/Node Time

     0     0    0.00000    0   44 1402.00000    0.00000   100%     -    0s
H    0     0                    1379.0000000    0.00000   100%     -    0s
     0     0    0.00000    0   86 1379.00000    0.00000   100%     -    0s
H    0     0                     935.0000000    0.00000   100%     -    0s
     0     0    0.00000    0   78  935.00000    0.00000   100%     -    0s
H    0     0                     835.0000000    0.00000   100%     -    0s
H    0     0                     825.0000000    0.00000   100%     -    0s
     0     0    0.00000    0   78  825.00000    0.00000   100%     -    0s
     0     0    0.00000    0   54  825.00000    0.00000   100%     -    0s
H    0     0                     773.0000000    0.00000   100%     -    0s
     0     0    0.00000    0   85  773.00000    0.00000   100%     -    0s
     0     0    0.00000    0   98  773.00000    0.00000   100%     -    0s
     0     0    0.00000    0   95  773.00000    0.00000   100%     -    0s
H    0     0                     745.0000000    0.00000   100%     -    0s
     0     2    0.00000    0   93  745.00000    0.00000   100%     -    0s
*   62    50              15     723.0000000   39.83333  94.5%  79.8    0s
*   63    49              16     722.0000000   39.83333  94.5%  78.6    0s
*   64    48              16     702.0000000   39.83333  94.3%  77.5    0s
*  126    84              18     701.0000000   66.66667  90.5%  68.8    0s
H  130    80                     660.0000000   66.66667  89.9%  66.9    0s
H  328   191                     657.0000000   91.50000  86.1%  63.1    0s
*  330   189              18     647.0000000   91.50000  85.9%  62.8    0s
H  355   204                     642.0000000  121.70909  81.0%  64.3    0s
H  521   260                     612.0000000  146.92308  76.0%  60.3    1s

Cutting planes:
  Inf proof: 1
  Zero half: 15
  RLT: 4
  BQP: 26

Explored 2189 nodes (84901 simplex iterations) in 2.93 seconds (3.36 work units)
Thread count was 1 (of 12 available processors)

Solution count 10: 612 642 647 ... 745

Optimal solution found (tolerance 1.00e-04)
Best objective 6.120000000000e+02, best bound 6.120000000000e+02, gap 0.0000%
612.0
