Set parameter Username
Academic license - for non-commercial use only - expires 2025-08-28
Set parameter Threads to value 1
Set parameter Method to value 4
Gurobi Optimizer version 11.0.0 build v11.0.0rc2 (mac64[arm] - Darwin 23.5.0 23F79)

CPU model: Apple M3 Pro
Thread count: 12 physical cores, 12 logical processors, using up to 1 threads

Optimize a model with 1478 rows, 263 columns and 4406 nonzeros
Model fingerprint: 0xc16b1d2b
Variable types: 158 continuous, 105 integer (105 binary)
Coefficient statistics:
  Matrix range     [1e+00, 1e+00]
  Objective range  [1e+01, 3e+02]
  Bounds range     [1e+00, 1e+00]
  RHS range        [1e+00, 2e+00]
Presolve removed 236 rows and 46 columns
Presolve time: 0.00s
Presolved: 1242 rows, 217 columns, 3620 nonzeros
Variable types: 0 continuous, 217 integer (217 binary)
Found heuristic solution: objective 3912.0000000
Found heuristic solution: objective 1374.0000000

Root relaxation: objective 0.000000e+00, 110 iterations, 0.00 seconds (0.00 work units)

    Nodes    |    Current Node    |     Objective Bounds      |     Work
 Expl Unexpl |  Obj  Depth IntInf | Incumbent    BestBd   Gap | It/Node Time

     0     0    0.00000    0   42 1374.00000    0.00000   100%     -    0s
H    0     0                    1136.0000000    0.00000   100%     -    0s
     0     0    0.00000    0   75 1136.00000    0.00000   100%     -    0s
H    0     0                    1103.0000000    0.00000   100%     -    0s
H    0     0                    1064.0000000    0.00000   100%     -    0s
     0     0    0.00000    0   55 1064.00000    0.00000   100%     -    0s
H    0     0                    1007.0000000    0.00000   100%     -    0s
     0     0    0.00000    0   54 1007.00000    0.00000   100%     -    0s
     0     0    0.00000    0   83 1007.00000    0.00000   100%     -    0s
H    0     0                     982.0000000    0.00000   100%     -    0s
H    0     0                     958.0000000    0.00000   100%     -    0s
     0     0    0.00000    0   91  958.00000    0.00000   100%     -    0s
     0     0    0.00000    0   95  958.00000    0.00000   100%     -    0s
     0     0    0.00000    0   90  958.00000    0.00000   100%     -    0s
H    0     0                     901.0000000    0.00000   100%     -    0s
H    0     0                     860.0000000    0.00000   100%     -    0s
H    0     0                     812.0000000    0.00000   100%     -    0s
     0     2    0.00000    0   69  812.00000    0.00000   100%     -    0s
H   26    26                     740.0000000   26.00000  96.5%  75.6    0s
H   54    45                     721.0000000   27.25000  96.2%  55.8    0s
*   57    42              14     607.0000000   27.25000  95.5%  53.9    0s
H  358   131                     590.0000000  197.50000  66.5%  47.9    0s
H  498   159                     589.0000000  246.00000  58.2%  45.8    0s
*  506   159              15     548.0000000  252.37500  53.9%  45.7    0s
H  941   169                     542.0000000  346.66667  36.0%  41.3    1s

Cutting planes:
  Gomory: 4
  MIR: 1
  Inf proof: 2
  Zero half: 50
  RLT: 39
  BQP: 63

Explored 1521 nodes (56479 simplex iterations) in 1.91 seconds (2.47 work units)
Thread count was 1 (of 12 available processors)

Solution count 10: 542 548 589 ... 901

Optimal solution found (tolerance 1.00e-04)
Best objective 5.420000000000e+02, best bound 5.420000000000e+02, gap 0.0000%
542.0
