Set parameter Username
Academic license - for non-commercial use only - expires 2025-08-28
Set parameter Threads to value 1
Set parameter Method to value 4
Gurobi Optimizer version 11.0.0 build v11.0.0rc2 (mac64[arm] - Darwin 23.5.0 23F79)

CPU model: Apple M3 Pro
Thread count: 12 physical cores, 12 logical processors, using up to 1 threads

Optimize a model with 1478 rows, 263 columns and 4406 nonzeros
Model fingerprint: 0x2dba10fa
Variable types: 158 continuous, 105 integer (105 binary)
Coefficient statistics:
  Matrix range     [1e+00, 1e+00]
  Objective range  [1e+01, 3e+02]
  Bounds range     [1e+00, 1e+00]
  RHS range        [1e+00, 2e+00]
Presolve removed 236 rows and 46 columns
Presolve time: 0.01s
Presolved: 1242 rows, 217 columns, 3620 nonzeros
Variable types: 0 continuous, 217 integer (217 binary)
Found heuristic solution: objective 3870.0000000
Found heuristic solution: objective 1332.0000000

Root relaxation: objective 0.000000e+00, 110 iterations, 0.00 seconds (0.00 work units)

    Nodes    |    Current Node    |     Objective Bounds      |     Work
 Expl Unexpl |  Obj  Depth IntInf | Incumbent    BestBd   Gap | It/Node Time

     0     0    0.00000    0   42 1332.00000    0.00000   100%     -    0s
H    0     0                    1180.0000000    0.00000   100%     -    0s
H    0     0                    1129.0000000    0.00000   100%     -    0s
     0     0    0.00000    0   71 1129.00000    0.00000   100%     -    0s
H    0     0                     945.0000000    0.00000   100%     -    0s
     0     0    0.00000    0   52  945.00000    0.00000   100%     -    0s
H    0     0                     824.0000000    0.00000   100%     -    0s
     0     0    0.00000    0   56  824.00000    0.00000   100%     -    0s
     0     0    0.00000    0   68  824.00000    0.00000   100%     -    0s
H    0     0                     735.0000000    0.00000   100%     -    0s
H    0     0                     624.0000000    0.00000   100%     -    0s
     0     0    0.00000    0   95  624.00000    0.00000   100%     -    0s
     0     0    0.00000    0   91  624.00000    0.00000   100%     -    0s
     0     0    0.00000    0   81  624.00000    0.00000   100%     -    0s
     0     2    0.00000    0   81  624.00000    0.00000   100%     -    0s
H  162    97                     542.0000000   80.00000  85.2%  50.6    0s

Cutting planes:
  Gomory: 5
  MIR: 2
  Inf proof: 12
  Zero half: 40
  RLT: 33
  BQP: 78

Explored 3186 nodes (103594 simplex iterations) in 2.66 seconds (3.42 work units)
Thread count was 1 (of 12 available processors)

Solution count 9: 542 624 735 ... 3870

Optimal solution found (tolerance 1.00e-04)
Best objective 5.420000000000e+02, best bound 5.420000000000e+02, gap 0.0000%
542.0
