Set parameter Username
Academic license - for non-commercial use only - expires 2025-08-28
Set parameter Threads to value 1
Set parameter Method to value 4
Gurobi Optimizer version 11.0.0 build v11.0.0rc2 (mac64[arm] - Darwin 23.5.0 23F79)

CPU model: Apple M3 Pro
Thread count: 12 physical cores, 12 logical processors, using up to 1 threads

Optimize a model with 1571 rows, 277 columns and 4683 nonzeros
Model fingerprint: 0x41dda34a
Variable types: 167 continuous, 110 integer (110 binary)
Coefficient statistics:
  Matrix range     [1e+00, 1e+00]
  Objective range  [1e+01, 3e+02]
  Bounds range     [1e+00, 1e+00]
  RHS range        [1e+00, 2e+00]
Presolve removed 248 rows and 48 columns
Presolve time: 0.00s
Presolved: 1323 rows, 229 columns, 3855 nonzeros
Variable types: 0 continuous, 229 integer (229 binary)
Found heuristic solution: objective 3933.0000000
Found heuristic solution: objective 1395.0000000

Root relaxation: objective 0.000000e+00, 120 iterations, 0.00 seconds (0.00 work units)

    Nodes    |    Current Node    |     Objective Bounds      |     Work
 Expl Unexpl |  Obj  Depth IntInf | Incumbent    BestBd   Gap | It/Node Time

     0     0    0.00000    0   44 1395.00000    0.00000   100%     -    0s
H    0     0                    1376.0000000    0.00000   100%     -    0s
     0     0    0.00000    0   86 1376.00000    0.00000   100%     -    0s
H    0     0                     929.0000000    0.00000   100%     -    0s
     0     0    0.00000    0   70  929.00000    0.00000   100%     -    0s
     0     0    0.00000    0   60  929.00000    0.00000   100%     -    0s
     0     0    0.00000    0   76  929.00000    0.00000   100%     -    0s
H    0     0                     786.0000000    0.00000   100%     -    0s
     0     0    0.00000    0   96  786.00000    0.00000   100%     -    0s
     0     0    0.00000    0   81  786.00000    0.00000   100%     -    0s
     0     0    0.00000    0   81  786.00000    0.00000   100%     -    0s
H    0     0                     779.0000000    0.00000   100%     -    0s
     0     2    0.00000    0   81  779.00000    0.00000   100%     -    0s
*   70    54              17     654.0000000   39.50000  94.0%  52.0    0s
H  137    78                     641.0000000   71.75000  88.8%  45.1    0s
H  486   183                     612.0000000  257.00000  58.0%  37.1    0s

Cutting planes:
  Zero half: 6
  RLT: 7
  BQP: 21

Explored 1916 nodes (60890 simplex iterations) in 2.22 seconds (2.96 work units)
Thread count was 1 (of 12 available processors)

Solution count 9: 612 641 654 ... 3933

Optimal solution found (tolerance 1.00e-04)
Best objective 6.120000000000e+02, best bound 6.120000000000e+02, gap 0.0000%
612.0
