Set parameter Username
Academic license - for non-commercial use only - expires 2025-08-28
Set parameter Threads to value 1
Set parameter Method to value 4
Gurobi Optimizer version 11.0.0 build v11.0.0rc2 (mac64[arm] - Darwin 23.5.0 23F79)

CPU model: Apple M3 Pro
Thread count: 12 physical cores, 12 logical processors, using up to 1 threads

Optimize a model with 1571 rows, 277 columns and 4683 nonzeros
Model fingerprint: 0x8b9903d3
Variable types: 167 continuous, 110 integer (110 binary)
Coefficient statistics:
  Matrix range     [1e+00, 1e+00]
  Objective range  [1e+01, 3e+02]
  Bounds range     [1e+00, 1e+00]
  RHS range        [1e+00, 2e+00]
Presolve removed 248 rows and 48 columns
Presolve time: 0.01s
Presolved: 1323 rows, 229 columns, 3855 nonzeros
Variable types: 0 continuous, 229 integer (229 binary)
Found heuristic solution: objective 3912.0000000
Found heuristic solution: objective 1374.0000000

Root relaxation: objective 0.000000e+00, 120 iterations, 0.00 seconds (0.00 work units)

    Nodes    |    Current Node    |     Objective Bounds      |     Work
 Expl Unexpl |  Obj  Depth IntInf | Incumbent    BestBd   Gap | It/Node Time

     0     0    0.00000    0   44 1374.00000    0.00000   100%     -    0s
H    0     0                    1354.0000000    0.00000   100%     -    0s
     0     0    0.00000    0   86 1354.00000    0.00000   100%     -    0s
H    0     0                    1142.0000000    0.00000   100%     -    0s
H    0     0                     885.0000000    0.00000   100%     -    0s
     0     0    0.00000    0   56  885.00000    0.00000   100%     -    0s
     0     0    0.00000    0   81  885.00000    0.00000   100%     -    0s
     0     0    0.00000    0   92  885.00000    0.00000   100%     -    0s
H    0     0                     811.0000000    0.00000   100%     -    0s
     0     0    0.00000    0   94  811.00000    0.00000   100%     -    0s
     0     0    0.00000    0   84  811.00000    0.00000   100%     -    0s
     0     0    0.00000    0   84  811.00000    0.00000   100%     -    0s
     0     2    0.00000    0   84  811.00000    0.00000   100%     -    0s
H   54    41                     779.0000000   32.78571  95.8%  56.6    0s
H   79    52                     742.0000000   32.78571  95.6%  57.7    0s
H  105    66                     709.0000000   58.50000  91.7%  60.6    0s
H  135    87                     680.0000000   67.37500  90.1%  60.6    0s
*  142    90              20     668.0000000   67.37500  89.9%  58.7    0s
H  157   101                     637.0000000   67.87500  89.3%  60.7    0s
H  688   305                     636.0000000  250.56250  60.6%  48.2    1s
H  710   305                     631.0000000  250.56250  60.3%  47.1    1s
* 1357   326              26     626.0000000  362.25000  42.1%  40.7    2s

Cutting planes:
  Zero half: 19
  RLT: 5
  BQP: 20

Explored 2754 nodes (83972 simplex iterations) in 3.33 seconds (4.25 work units)
Thread count was 1 (of 12 available processors)

Solution count 10: 626 631 636 ... 811

Optimal solution found (tolerance 1.00e-04)
Best objective 6.260000000000e+02, best bound 6.260000000000e+02, gap 0.0000%
626.0
