Set parameter Username
Academic license - for non-commercial use only - expires 2025-08-28
Set parameter Threads to value 1
Set parameter Method to value 4
Gurobi Optimizer version 11.0.0 build v11.0.0rc2 (mac64[arm] - Darwin 23.5.0 23F79)

CPU model: Apple M3 Pro
Thread count: 12 physical cores, 12 logical processors, using up to 1 threads

Optimize a model with 1478 rows, 263 columns and 4406 nonzeros
Model fingerprint: 0x912af067
Variable types: 158 continuous, 105 integer (105 binary)
Coefficient statistics:
  Matrix range     [1e+00, 1e+00]
  Objective range  [1e+01, 3e+02]
  Bounds range     [1e+00, 1e+00]
  RHS range        [1e+00, 2e+00]
Presolve removed 236 rows and 46 columns
Presolve time: 0.00s
Presolved: 1242 rows, 217 columns, 3620 nonzeros
Variable types: 0 continuous, 217 integer (217 binary)
Found heuristic solution: objective 3919.0000000
Found heuristic solution: objective 1381.0000000

Root relaxation: objective 0.000000e+00, 110 iterations, 0.00 seconds (0.00 work units)

    Nodes    |    Current Node    |     Objective Bounds      |     Work
 Expl Unexpl |  Obj  Depth IntInf | Incumbent    BestBd   Gap | It/Node Time

     0     0    0.00000    0   42 1381.00000    0.00000   100%     -    0s
H    0     0                    1284.0000000    0.00000   100%     -    0s
H    0     0                    1262.0000000    0.00000   100%     -    0s
     0     0    0.00000    0   82 1262.00000    0.00000   100%     -    0s
H    0     0                    1081.0000000    0.00000   100%     -    0s
     0     0    0.00000    0   78 1081.00000    0.00000   100%     -    0s
H    0     0                     956.0000000    0.00000   100%     -    0s
     0     0    0.00000    0   78  956.00000    0.00000   100%     -    0s
     0     0    0.00000    0   71  956.00000    0.00000   100%     -    0s
H    0     0                     683.0000000    0.00000   100%     -    0s
     0     0    0.00000    0   79  683.00000    0.00000   100%     -    0s
     0     0    0.00000    0   82  683.00000    0.00000   100%     -    0s
     0     0    0.00000    0   66  683.00000    0.00000   100%     -    0s
     0     2    0.00000    0   66  683.00000    0.00000   100%     -    0s
*   91    65              18     596.0000000   33.00000  94.5%  44.4    0s
H  236   103                     548.0000000   60.83333  88.9%  44.1    0s
*  907   209              22     542.0000000  215.00000  60.3%  39.1    1s

Cutting planes:
  Gomory: 1
  MIR: 7
  Inf proof: 23
  Zero half: 46
  RLT: 30
  BQP: 61

Explored 3326 nodes (105378 simplex iterations) in 3.34 seconds (4.24 work units)
Thread count was 1 (of 12 available processors)

Solution count 10: 542 548 596 ... 3919

Optimal solution found (tolerance 1.00e-04)
Best objective 5.420000000000e+02, best bound 5.420000000000e+02, gap 0.0000%
542.0
