Set parameter Username
Academic license - for non-commercial use only - expires 2025-08-28
Set parameter Threads to value 1
Set parameter Method to value 4
Gurobi Optimizer version 11.0.0 build v11.0.0rc2 (mac64[arm] - Darwin 23.5.0 23F79)

CPU model: Apple M3 Pro
Thread count: 12 physical cores, 12 logical processors, using up to 1 threads

Optimize a model with 1571 rows, 277 columns and 4683 nonzeros
Model fingerprint: 0x2fd76af0
Variable types: 167 continuous, 110 integer (110 binary)
Coefficient statistics:
  Matrix range     [1e+00, 1e+00]
  Objective range  [1e+01, 3e+02]
  Bounds range     [1e+00, 1e+00]
  RHS range        [1e+00, 2e+00]
Presolve removed 248 rows and 48 columns
Presolve time: 0.00s
Presolved: 1323 rows, 229 columns, 3855 nonzeros
Variable types: 0 continuous, 229 integer (229 binary)
Found heuristic solution: objective 3954.0000000
Found heuristic solution: objective 1416.0000000

Root relaxation: objective 0.000000e+00, 120 iterations, 0.00 seconds (0.00 work units)

    Nodes    |    Current Node    |     Objective Bounds      |     Work
 Expl Unexpl |  Obj  Depth IntInf | Incumbent    BestBd   Gap | It/Node Time

     0     0    0.00000    0   44 1416.00000    0.00000   100%     -    0s
H    0     0                    1391.0000000    0.00000   100%     -    0s
     0     0    0.00000    0   86 1391.00000    0.00000   100%     -    0s
H    0     0                    1215.0000000    0.00000   100%     -    0s
H    0     0                     819.0000000    0.00000   100%     -    0s
     0     0    0.00000    0   73  819.00000    0.00000   100%     -    0s
H    0     0                     745.0000000    0.00000   100%     -    0s
     0     0    0.00000    0   81  745.00000    0.00000   100%     -    0s
     0     0    0.00000    0   89  745.00000    0.00000   100%     -    0s
     0     0    0.00000    0   89  745.00000    0.00000   100%     -    0s
H    0     0                     721.0000000    0.00000   100%     -    0s
     0     2    0.00000    0   87  721.00000    0.00000   100%     -    0s
*   49    32              13     626.0000000   22.00000  96.5%  69.2    0s
H 1044   199                     612.0000000  386.60000  36.8%  36.1    1s

Cutting planes:
  Gomory: 3
  Inf proof: 11
  Zero half: 34
  RLT: 45
  BQP: 79

Explored 2076 nodes (66836 simplex iterations) in 2.67 seconds (3.00 work units)
Thread count was 1 (of 12 available processors)

Solution count 9: 612 626 721 ... 3954

Optimal solution found (tolerance 1.00e-04)
Best objective 6.120000000000e+02, best bound 6.120000000000e+02, gap 0.0000%
612.0
