Set parameter Username
Academic license - for non-commercial use only - expires 2025-08-28
Set parameter Threads to value 1
Set parameter Method to value 4
Gurobi Optimizer version 11.0.0 build v11.0.0rc2 (mac64[arm] - Darwin 23.5.0 23F79)

CPU model: Apple M3 Pro
Thread count: 12 physical cores, 12 logical processors, using up to 1 threads

Optimize a model with 1478 rows, 263 columns and 4406 nonzeros
Model fingerprint: 0x50017fcc
Variable types: 158 continuous, 105 integer (105 binary)
Coefficient statistics:
  Matrix range     [1e+00, 1e+00]
  Objective range  [1e+01, 3e+02]
  Bounds range     [1e+00, 1e+00]
  RHS range        [1e+00, 2e+00]
Presolve removed 236 rows and 46 columns
Presolve time: 0.01s
Presolved: 1242 rows, 217 columns, 3620 nonzeros
Variable types: 0 continuous, 217 integer (217 binary)
Found heuristic solution: objective 3891.0000000
Found heuristic solution: objective 1353.0000000

Root relaxation: objective 0.000000e+00, 110 iterations, 0.00 seconds (0.00 work units)

    Nodes    |    Current Node    |     Objective Bounds      |     Work
 Expl Unexpl |  Obj  Depth IntInf | Incumbent    BestBd   Gap | It/Node Time

     0     0    0.00000    0   42 1353.00000    0.00000   100%     -    0s
H    0     0                    1010.0000000    0.00000   100%     -    0s
H    0     0                     962.0000000    0.00000   100%     -    0s
     0     0    0.00000    0   71  962.00000    0.00000   100%     -    0s
H    0     0                     898.0000000    0.00000   100%     -    0s
H    0     0                     784.0000000    0.00000   100%     -    0s
     0     0    0.00000    0   48  784.00000    0.00000   100%     -    0s
H    0     0                     710.0000000    0.00000   100%     -    0s
     0     0    0.00000    0   48  710.00000    0.00000   100%     -    0s
     0     0    0.00000    0   86  710.00000    0.00000   100%     -    0s
     0     0    0.00000    0   88  710.00000    0.00000   100%     -    0s
     0     0    0.00000    0   65  710.00000    0.00000   100%     -    0s
     0     0    0.00000    0   65  710.00000    0.00000   100%     -    0s
     0     2    0.00000    0   64  710.00000    0.00000   100%     -    0s
H   27    25                     690.0000000    0.00000   100%  80.9    0s
*   70    48              21     646.0000000   34.00000  94.7%  60.3    0s
*  334   153              16     577.0000000  118.54762  79.5%  54.2    0s
*  343   150              17     576.0000000  118.54762  79.4%  52.9    0s
H  353   132                     535.0000000  125.50000  76.5%  53.1    0s

Cutting planes:
  Gomory: 3
  Cover: 1
  MIR: 3
  Inf proof: 6
  Zero half: 47
  RLT: 34
  BQP: 77

Explored 3034 nodes (110246 simplex iterations) in 3.55 seconds (4.53 work units)
Thread count was 1 (of 12 available processors)

Solution count 10: 535 576 577 ... 1010

Optimal solution found (tolerance 1.00e-04)
Best objective 5.350000000000e+02, best bound 5.350000000000e+02, gap 0.0000%
535.0
