Set parameter Username
Academic license - for non-commercial use only - expires 2025-08-28
Set parameter Threads to value 1
Set parameter Method to value 4
Gurobi Optimizer version 11.0.0 build v11.0.0rc2 (mac64[arm] - Darwin 23.5.0 23F79)

CPU model: Apple M3 Pro
Thread count: 12 physical cores, 12 logical processors, using up to 1 threads

Optimize a model with 1478 rows, 263 columns and 4406 nonzeros
Model fingerprint: 0x2b9d65dc
Variable types: 158 continuous, 105 integer (105 binary)
Coefficient statistics:
  Matrix range     [1e+00, 1e+00]
  Objective range  [1e+01, 3e+02]
  Bounds range     [1e+00, 1e+00]
  RHS range        [1e+00, 2e+00]
Presolve removed 236 rows and 46 columns
Presolve time: 0.00s
Presolved: 1242 rows, 217 columns, 3620 nonzeros
Variable types: 0 continuous, 217 integer (217 binary)
Found heuristic solution: objective 3905.0000000
Found heuristic solution: objective 1367.0000000

Root relaxation: objective 0.000000e+00, 110 iterations, 0.00 seconds (0.00 work units)

    Nodes    |    Current Node    |     Objective Bounds      |     Work
 Expl Unexpl |  Obj  Depth IntInf | Incumbent    BestBd   Gap | It/Node Time

     0     0    0.00000    0   42 1367.00000    0.00000   100%     -    0s
H    0     0                    1018.0000000    0.00000   100%     -    0s
H    0     0                     994.0000000    0.00000   100%     -    0s
     0     0    0.00000    0   67  994.00000    0.00000   100%     -    0s
H    0     0                     788.0000000    0.00000   100%     -    0s
     0     0    0.00000    0   66  788.00000    0.00000   100%     -    0s
H    0     0                     750.0000000    0.00000   100%     -    0s
     0     0    0.00000    0   66  750.00000    0.00000   100%     -    0s
     0     0    0.00000    0   85  750.00000    0.00000   100%     -    0s
     0     0    0.00000    0   87  750.00000    0.00000   100%     -    0s
     0     0    0.00000    0   70  750.00000    0.00000   100%     -    0s
     0     0    0.00000    0   70  750.00000    0.00000   100%     -    0s
H    0     0                     730.0000000    0.00000   100%     -    0s
H    0     0                     720.0000000    0.00000   100%     -    0s
     0     2    0.00000    0   51  720.00000    0.00000   100%     -    0s
*   30    28              18     703.0000000    0.00000   100%  57.6    0s
*   31    27              18     693.0000000    0.00000   100%  55.8    0s
H   54    37                     663.0000000   15.50000  97.7%  55.2    0s
*   58    36              14     565.0000000   15.50000  97.3%  52.0    0s
*   61    33              13     557.0000000   15.50000  97.2%  49.7    0s
*  156    90              14     542.0000000   87.40000  83.9%  53.4    0s

Cutting planes:
  Gomory: 3
  MIR: 1
  Inf proof: 13
  Zero half: 53
  RLT: 33
  BQP: 71

Explored 3924 nodes (131632 simplex iterations) in 4.19 seconds (5.42 work units)
Thread count was 1 (of 12 available processors)

Solution count 10: 542 557 565 ... 788

Optimal solution found (tolerance 1.00e-04)
Best objective 5.420000000000e+02, best bound 5.420000000000e+02, gap 0.0000%
542.0
