Set parameter Username
Academic license - for non-commercial use only - expires 2025-08-28
Set parameter Threads to value 1
Set parameter Method to value 4
Gurobi Optimizer version 11.0.0 build v11.0.0rc2 (mac64[arm] - Darwin 23.5.0 23F79)

CPU model: Apple M3 Pro
Thread count: 12 physical cores, 12 logical processors, using up to 1 threads

Optimize a model with 1478 rows, 263 columns and 4406 nonzeros
Model fingerprint: 0x5fab79a2
Variable types: 158 continuous, 105 integer (105 binary)
Coefficient statistics:
  Matrix range     [1e+00, 1e+00]
  Objective range  [1e+01, 3e+02]
  Bounds range     [1e+00, 1e+00]
  RHS range        [1e+00, 2e+00]
Presolve removed 236 rows and 46 columns
Presolve time: 0.01s
Presolved: 1242 rows, 217 columns, 3620 nonzeros
Variable types: 0 continuous, 217 integer (217 binary)
Found heuristic solution: objective 3828.0000000
Found heuristic solution: objective 1290.0000000

Root relaxation: objective 0.000000e+00, 110 iterations, 0.00 seconds (0.00 work units)

    Nodes    |    Current Node    |     Objective Bounds      |     Work
 Expl Unexpl |  Obj  Depth IntInf | Incumbent    BestBd   Gap | It/Node Time

     0     0    0.00000    0   42 1290.00000    0.00000   100%     -    0s
H    0     0                     915.0000000    0.00000   100%     -    0s
H    0     0                     876.0000000    0.00000   100%     -    0s
     0     0    0.00000    0   78  876.00000    0.00000   100%     -    0s
H    0     0                     744.0000000    0.00000   100%     -    0s
     0     0    0.00000    0   68  744.00000    0.00000   100%     -    0s
     0     0    0.00000    0   68  744.00000    0.00000   100%     -    0s
     0     0    0.00000    0   75  744.00000    0.00000   100%     -    0s
H    0     0                     670.0000000    0.00000   100%     -    0s
     0     0    0.00000    0   82  670.00000    0.00000   100%     -    0s
     0     0    0.00000    0   94  670.00000    0.00000   100%     -    0s
     0     0    0.00000    0   70  670.00000    0.00000   100%     -    0s
H    0     0                     654.0000000    0.00000   100%     -    0s
     0     2    0.00000    0   70  654.00000    0.00000   100%     -    0s
H   27    27                     652.0000000    0.00000   100%  75.5    0s
*   28    28              17     648.0000000    0.00000   100%  73.0    0s
*   30    26              18     624.0000000    0.00000   100%  68.5    0s
H  137    79                     622.0000000   62.00000  90.0%  61.5    0s
*  147    80              12     619.0000000   62.00000  90.0%  57.8    0s
*  162    79              15     618.0000000   62.00000  90.0%  53.1    0s
H  164    77                     607.0000000   62.00000  89.8%  52.5    0s
*  173    76              13     604.0000000   62.00000  89.7%  50.5    0s
*  176    77              14     598.0000000   62.00000  89.6%  49.8    0s
H  326   145                     583.0000000  139.80769  76.0%  49.4    0s
*  389   159              15     549.0000000  164.68750  70.0%  48.0    0s

Cutting planes:
  Gomory: 2
  MIR: 6
  Inf proof: 1
  Zero half: 19
  RLT: 34
  BQP: 71

Explored 3080 nodes (85820 simplex iterations) in 3.00 seconds (3.79 work units)
Thread count was 1 (of 12 available processors)

Solution count 10: 549 583 598 ... 648

Optimal solution found (tolerance 1.00e-04)
Best objective 5.490000000000e+02, best bound 5.490000000000e+02, gap 0.0000%
549.0
