Set parameter Username
Academic license - for non-commercial use only - expires 2025-08-28
Set parameter Threads to value 1
Set parameter Method to value 4
Gurobi Optimizer version 11.0.0 build v11.0.0rc2 (mac64[arm] - Darwin 23.5.0 23F79)

CPU model: Apple M3 Pro
Thread count: 12 physical cores, 12 logical processors, using up to 1 threads

Optimize a model with 1985 rows, 321 columns and 5938 nonzeros
Model fingerprint: 0xe98bd443
Variable types: 189 continuous, 132 integer (132 binary)
Coefficient statistics:
  Matrix range     [1e+00, 1e+00]
  Objective range  [1e+01, 3e+02]
  Bounds range     [1e+00, 1e+00]
  RHS range        [1e+00, 2e+00]
Presolve removed 316 rows and 55 columns
Presolve time: 0.00s
Presolved: 1669 rows, 266 columns, 4878 nonzeros
Variable types: 0 continuous, 266 integer (266 binary)
Found heuristic solution: objective 3919.0000000
Found heuristic solution: objective 3800.0000000

Root relaxation: objective 0.000000e+00, 122 iterations, 0.00 seconds (0.00 work units)

    Nodes    |    Current Node    |     Objective Bounds      |     Work
 Expl Unexpl |  Obj  Depth IntInf | Incumbent    BestBd   Gap | It/Node Time

     0     0    0.00000    0   71 3800.00000    0.00000   100%     -    0s
H    0     0                    2773.0000000    0.00000   100%     -    0s
H    0     0                    1466.0000000    0.00000   100%     -    0s
     0     0    0.00000    0   94 1466.00000    0.00000   100%     -    0s
H    0     0                    1286.0000000    0.00000   100%     -    0s
H    0     0                     996.0000000    0.00000   100%     -    0s
H    0     0                     912.0000000    0.00000   100%     -    0s
     0     0    0.00000    0   46  912.00000    0.00000   100%     -    0s
H    0     0                     842.0000000    0.00000   100%     -    0s
H    0     0                     731.0000000    0.00000   100%     -    0s
     0     0    0.00000    0   85  731.00000    0.00000   100%     -    0s
H    0     0                     707.0000000    0.00000   100%     -    0s
     0     0    0.00000    0   72  707.00000    0.00000   100%     -    0s
     0     0    0.00000    0   83  707.00000    0.00000   100%     -    0s
H    0     0                     695.0000000    0.00000   100%     -    0s
     0     0    0.00000    0   93  695.00000    0.00000   100%     -    0s
     0     0    0.00000    0   94  695.00000    0.00000   100%     -    0s
     0     0    0.00000    0   72  695.00000    0.00000   100%     -    0s
     0     2    0.00000    0   72  695.00000    0.00000   100%     -    0s
H   26    24                     638.0000000    4.25000  99.3%  72.0    0s
H   27    23                     581.0000000    4.25000  99.3%  73.2    0s
H   54    40                     569.0000000   12.00000  97.9%  66.0    0s
H  132    76                     548.0000000   27.37500  95.0%  63.1    0s
H  671   303                     545.0000000  102.51818  81.2%  59.9    1s

Cutting planes:
  Zero half: 7
  RLT: 12
  BQP: 18

Explored 3686 nodes (129389 simplex iterations) in 4.75 seconds (6.17 work units)
Thread count was 1 (of 12 available processors)

Solution count 10: 545 548 569 ... 912

Optimal solution found (tolerance 1.00e-04)
Best objective 5.450000000000e+02, best bound 5.450000000000e+02, gap 0.0000%
545.0
