Set parameter Username
Academic license - for non-commercial use only - expires 2025-08-28
Set parameter Threads to value 1
Set parameter Method to value 4
Gurobi Optimizer version 11.0.0 build v11.0.0rc2 (mac64[arm] - Darwin 23.5.0 23F79)

CPU model: Apple M3 Pro
Thread count: 12 physical cores, 12 logical processors, using up to 1 threads

Optimize a model with 1874 rows, 306 columns and 5606 nonzeros
Model fingerprint: 0x91452ac5
Variable types: 180 continuous, 126 integer (126 binary)
Coefficient statistics:
  Matrix range     [1e+00, 1e+00]
  Objective range  [1e+01, 3e+02]
  Bounds range     [1e+00, 1e+00]
  RHS range        [1e+00, 2e+00]
Presolve removed 302 rows and 53 columns
Presolve time: 0.01s
Presolved: 1572 rows, 253 columns, 4596 nonzeros
Variable types: 0 continuous, 253 integer (253 binary)
Found heuristic solution: objective 3227.0000000
Found heuristic solution: objective 1612.0000000

Root relaxation: objective 0.000000e+00, 158 iterations, 0.00 seconds (0.01 work units)

    Nodes    |    Current Node    |     Objective Bounds      |     Work
 Expl Unexpl |  Obj  Depth IntInf | Incumbent    BestBd   Gap | It/Node Time

     0     0    0.00000    0   47 1612.00000    0.00000   100%     -    0s
H    0     0                    1565.0000000    0.00000   100%     -    0s
H    0     0                    1497.0000000    0.00000   100%     -    0s
     0     0    0.00000    0   79 1497.00000    0.00000   100%     -    0s
H    0     0                    1270.0000000    0.00000   100%     -    0s
H    0     0                     937.0000000    0.00000   100%     -    0s
     0     0    0.00000    0   75  937.00000    0.00000   100%     -    0s
H    0     0                     826.0000000    0.00000   100%     -    0s
     0     0    0.00000    0   81  826.00000    0.00000   100%     -    0s
     0     0    0.00000    0   90  826.00000    0.00000   100%     -    0s
     0     0    0.00000    0   82  826.00000    0.00000   100%     -    0s
     0     0    0.00000    0   99  826.00000    0.00000   100%     -    0s
     0     0    0.00000    0   84  826.00000    0.00000   100%     -    0s
     0     2    0.00000    0   83  826.00000    0.00000   100%     -    0s
H   27    27                     791.0000000    0.00000   100%  47.7    0s
H   56    48                     702.0000000    9.00000  98.7%  37.8    0s
H   78    70                     654.0000000    9.00000  98.6%  40.1    0s
H  108    97                     632.0000000    9.00000  98.6%  36.1    0s
*  120   103              42     625.0000000    9.00000  98.6%  34.4    0s
*  148   125              22     603.0000000   12.00000  98.0%  35.9    0s
*  154   120              23     583.0000000   12.00000  97.9%  34.8    0s
H  184   134                     557.0000000   32.00000  94.3%  37.0    0s
H  210   146                     547.0000000   32.00000  94.1%  36.1    0s
H  463   236                     523.0000000   52.44444  90.0%  36.0    0s
H  499   224                     492.0000000   58.25000  88.2%  36.8    0s
H  603   274                     483.0000000   72.66667  85.0%  38.4    0s
  3630   522  471.30000   28   85  483.00000  322.66667  33.2%  29.3    5s

Cutting planes:
  Zero half: 4
  RLT: 6
  BQP: 13

Explored 6835 nodes (176525 simplex iterations) in 8.67 seconds (9.15 work units)
Thread count was 1 (of 12 available processors)

Solution count 10: 483 492 523 ... 654

Optimal solution found (tolerance 1.00e-04)
Best objective 4.830000000000e+02, best bound 4.830000000000e+02, gap 0.0000%
483.0
