Set parameter Username
Academic license - for non-commercial use only - expires 2025-08-28
Set parameter Threads to value 1
Set parameter Method to value 4
Gurobi Optimizer version 11.0.0 build v11.0.0rc2 (mac64[arm] - Darwin 23.5.0 23F79)

CPU model: Apple M3 Pro
Thread count: 12 physical cores, 12 logical processors, using up to 1 threads

Optimize a model with 1985 rows, 321 columns and 5938 nonzeros
Model fingerprint: 0xe88a8a0f
Variable types: 189 continuous, 132 integer (132 binary)
Coefficient statistics:
  Matrix range     [1e+00, 1e+00]
  Objective range  [1e+01, 3e+02]
  Bounds range     [1e+00, 1e+00]
  RHS range        [1e+00, 2e+00]
Presolve removed 316 rows and 55 columns
Presolve time: 0.00s
Presolved: 1669 rows, 266 columns, 4878 nonzeros
Variable types: 0 continuous, 266 integer (266 binary)
Found heuristic solution: objective 3947.0000000
Found heuristic solution: objective 3800.0000000

Root relaxation: objective 0.000000e+00, 122 iterations, 0.00 seconds (0.00 work units)

    Nodes    |    Current Node    |     Objective Bounds      |     Work
 Expl Unexpl |  Obj  Depth IntInf | Incumbent    BestBd   Gap | It/Node Time

     0     0    0.00000    0   71 3800.00000    0.00000   100%     -    0s
H    0     0                    2793.0000000    0.00000   100%     -    0s
H    0     0                    1490.0000000    0.00000   100%     -    0s
     0     0    0.00000    0   94 1490.00000    0.00000   100%     -    0s
H    0     0                    1314.0000000    0.00000   100%     -    0s
H    0     0                     995.0000000    0.00000   100%     -    0s
     0     0    0.00000    0   68  995.00000    0.00000   100%     -    0s
H    0     0                     906.0000000    0.00000   100%     -    0s
H    0     0                     882.0000000    0.00000   100%     -    0s
     0     0    0.00000    0   90  882.00000    0.00000   100%     -    0s
     0     0    0.00000    0   63  882.00000    0.00000   100%     -    0s
     0     0    0.00000    0   70  882.00000    0.00000   100%     -    0s
     0     0    0.00000    0   70  882.00000    0.00000   100%     -    0s
H    0     0                     768.0000000    0.00000   100%     -    0s
     0     2    0.00000    0   70  768.00000    0.00000   100%     -    0s
*   43    43              26     702.0000000    0.00000   100%  59.1    0s
*   44    42              26     691.0000000    0.00000   100%  57.9    0s
*   46    40              27     643.0000000    0.00000   100%  55.4    0s
H  500   267                     641.0000000   62.66667  90.2%  53.4    1s
H  522   262                     579.0000000   62.66667  89.2%  53.0    1s
H  578   276                     566.0000000   68.75000  87.9%  52.7    1s
H  606   282                     558.0000000   70.00000  87.5%  51.3    1s
*  621   290              20     552.0000000   71.50000  87.0%  51.6    1s
H  898   331                     546.0000000  114.00000  79.1%  51.4    2s
  4016   421  480.26667   29   85  546.00000  390.25000  28.5%  32.1    5s

Cutting planes:
  Zero half: 10
  RLT: 10
  BQP: 22

Explored 6019 nodes (173608 simplex iterations) in 6.35 seconds (8.12 work units)
Thread count was 1 (of 12 available processors)

Solution count 10: 546 552 558 ... 768

Optimal solution found (tolerance 1.00e-04)
Best objective 5.460000000000e+02, best bound 5.460000000000e+02, gap 0.0000%
546.0
