Set parameter Username
Academic license - for non-commercial use only - expires 2025-08-28
Set parameter Threads to value 1
Set parameter Method to value 4
Gurobi Optimizer version 11.0.0 build v11.0.0rc2 (mac64[arm] - Darwin 23.5.0 23F79)

CPU model: Apple M3 Pro
Thread count: 12 physical cores, 12 logical processors, using up to 1 threads

Optimize a model with 1874 rows, 306 columns and 5606 nonzeros
Model fingerprint: 0x1e8217dd
Variable types: 180 continuous, 126 integer (126 binary)
Coefficient statistics:
  Matrix range     [1e+00, 1e+00]
  Objective range  [1e+01, 3e+02]
  Bounds range     [1e+00, 1e+00]
  RHS range        [1e+00, 2e+00]
Presolve removed 302 rows and 53 columns
Presolve time: 0.00s
Presolved: 1572 rows, 253 columns, 4596 nonzeros
Variable types: 0 continuous, 253 integer (253 binary)
Found heuristic solution: objective 3291.0000000
Found heuristic solution: objective 1675.0000000

Root relaxation: objective 0.000000e+00, 158 iterations, 0.00 seconds (0.01 work units)

    Nodes    |    Current Node    |     Objective Bounds      |     Work
 Expl Unexpl |  Obj  Depth IntInf | Incumbent    BestBd   Gap | It/Node Time

     0     0    0.00000    0   47 1675.00000    0.00000   100%     -    0s
H    0     0                    1030.0000000    0.00000   100%     -    0s
H    0     0                    1020.0000000    0.00000   100%     -    0s
     0     0    0.00000    0   72 1020.00000    0.00000   100%     -    0s
H    0     0                     789.0000000    0.00000   100%     -    0s
H    0     0                     769.0000000    0.00000   100%     -    0s
     0     0    0.00000    0   89  769.00000    0.00000   100%     -    0s
H    0     0                     639.0000000    0.00000   100%     -    0s
     0     0    0.00000    0   83  639.00000    0.00000   100%     -    0s
H    0     0                     564.0000000    0.00000   100%     -    0s
H    0     0                     516.0000000    0.00000   100%     -    0s
     0     0    0.00000    0   99  516.00000    0.00000   100%     -    0s
     0     0    0.00000    0   82  516.00000    0.00000   100%     -    0s
     0     0    0.00000    0   82  516.00000    0.00000   100%     -    0s
     0     2    0.00000    0   79  516.00000    0.00000   100%     -    0s
H  109    66                     493.0000000   18.00000  96.3%  62.5    0s
H  265   143                     485.0000000   41.33333  91.5%  56.6    0s
H  874   326                     476.0000000  120.18103  74.8%  45.6    1s

Cutting planes:
  Zero half: 14
  RLT: 9
  BQP: 13

Explored 2091 nodes (78130 simplex iterations) in 3.20 seconds (4.06 work units)
Thread count was 1 (of 12 available processors)

Solution count 10: 476 485 493 ... 1030

Optimal solution found (tolerance 1.00e-04)
Best objective 4.760000000000e+02, best bound 4.760000000000e+02, gap 0.0000%
476.0
