Set parameter Username
Academic license - for non-commercial use only - expires 2025-08-28
Set parameter Threads to value 1
Set parameter Method to value 4
Gurobi Optimizer version 11.0.0 build v11.0.0rc2 (mac64[arm] - Darwin 23.5.0 23F79)

CPU model: Apple M3 Pro
Thread count: 12 physical cores, 12 logical processors, using up to 1 threads

Optimize a model with 1985 rows, 321 columns and 5938 nonzeros
Model fingerprint: 0x347d0aa9
Variable types: 189 continuous, 132 integer (132 binary)
Coefficient statistics:
  Matrix range     [1e+00, 1e+00]
  Objective range  [1e+01, 3e+02]
  Bounds range     [1e+00, 1e+00]
  RHS range        [1e+00, 2e+00]
Presolve removed 316 rows and 55 columns
Presolve time: 0.01s
Presolved: 1669 rows, 266 columns, 4878 nonzeros
Variable types: 0 continuous, 266 integer (266 binary)
Found heuristic solution: objective 3940.0000000
Found heuristic solution: objective 3800.0000000

Root relaxation: objective 0.000000e+00, 122 iterations, 0.00 seconds (0.00 work units)

    Nodes    |    Current Node    |     Objective Bounds      |     Work
 Expl Unexpl |  Obj  Depth IntInf | Incumbent    BestBd   Gap | It/Node Time

     0     0    0.00000    0   71 3800.00000    0.00000   100%     -    0s
H    0     0                    2782.0000000    0.00000   100%     -    0s
H    0     0                    1484.0000000    0.00000   100%     -    0s
     0     0    0.00000    0   94 1484.00000    0.00000   100%     -    0s
H    0     0                    1307.0000000    0.00000   100%     -    0s
H    0     0                    1195.0000000    0.00000   100%     -    0s
H    0     0                    1127.0000000    0.00000   100%     -    0s
     0     0    0.00000    0   89 1127.00000    0.00000   100%     -    0s
H    0     0                    1101.0000000    0.00000   100%     -    0s
     0     0    0.00000    0   91 1101.00000    0.00000   100%     -    0s
     0     0    0.00000    0   88 1101.00000    0.00000   100%     -    0s
     0     0    0.00000    0   84 1101.00000    0.00000   100%     -    0s
H    0     0                    1027.0000000    0.00000   100%     -    0s
     0     2    0.00000    0   84 1027.00000    0.00000   100%     -    0s
H   27    27                     979.0000000    4.93878  99.5%   126    0s
*   51    51              29     660.0000000    4.93878  99.3%  90.4    0s
H  108    86                     652.0000000   41.76667  93.6%  78.3    0s
*  121    96              16     617.0000000   41.76667  93.2%  76.8    0s
*  128    89              18     597.0000000   41.76667  93.0%  73.0    0s
H  316   189                     581.0000000   65.80000  88.7%  58.8    0s
H  421   259                     580.0000000   69.00000  88.1%  62.0    1s
H  500   308                     568.0000000   74.07143  87.0%  62.6    1s
H  552   320                     558.0000000   77.85000  86.0%  61.0    1s
H  931   421                     546.0000000  220.42857  59.6%  57.1    2s
  3368   184     cutoff   27       546.00000  460.83333  15.6%  33.6    5s

Cutting planes:
  Gomory: 1
  Zero half: 4
  RLT: 3
  BQP: 11

Explored 3890 nodes (124385 simplex iterations) in 5.39 seconds (6.75 work units)
Thread count was 1 (of 12 available processors)

Solution count 10: 546 558 568 ... 979

Optimal solution found (tolerance 1.00e-04)
Best objective 5.460000000000e+02, best bound 5.460000000000e+02, gap 0.0000%
546.0
