Set parameter Username
Academic license - for non-commercial use only - expires 2025-08-28
Set parameter Threads to value 1
Set parameter Method to value 4
Gurobi Optimizer version 11.0.0 build v11.0.0rc2 (mac64[arm] - Darwin 23.5.0 23F79)

CPU model: Apple M3 Pro
Thread count: 12 physical cores, 12 logical processors, using up to 1 threads

Optimize a model with 1874 rows, 306 columns and 5606 nonzeros
Model fingerprint: 0x759ef2b2
Variable types: 180 continuous, 126 integer (126 binary)
Coefficient statistics:
  Matrix range     [1e+00, 1e+00]
  Objective range  [1e+01, 3e+02]
  Bounds range     [1e+00, 1e+00]
  RHS range        [1e+00, 2e+00]
Presolve removed 302 rows and 53 columns
Presolve time: 0.00s
Presolved: 1572 rows, 253 columns, 4596 nonzeros
Variable types: 0 continuous, 253 integer (253 binary)
Found heuristic solution: objective 3249.0000000
Found heuristic solution: objective 1633.0000000

Root relaxation: objective 0.000000e+00, 158 iterations, 0.00 seconds (0.01 work units)

    Nodes    |    Current Node    |     Objective Bounds      |     Work
 Expl Unexpl |  Obj  Depth IntInf | Incumbent    BestBd   Gap | It/Node Time

     0     0    0.00000    0   47 1633.00000    0.00000   100%     -    0s
H    0     0                    1586.0000000    0.00000   100%     -    0s
H    0     0                    1466.0000000    0.00000   100%     -    0s
     0     0    0.00000    0   71 1466.00000    0.00000   100%     -    0s
H    0     0                     848.0000000    0.00000   100%     -    0s
H    0     0                     746.0000000    0.00000   100%     -    0s
     0     0    0.00000    0   71  746.00000    0.00000   100%     -    0s
     0     0    0.00000    0   82  746.00000    0.00000   100%     -    0s
H    0     0                     712.0000000    0.00000   100%     -    0s
     0     0    0.00000    0   77  712.00000    0.00000   100%     -    0s
     0     0    0.00000    0   79  712.00000    0.00000   100%     -    0s
     0     0    0.00000    0   79  712.00000    0.00000   100%     -    0s
H    0     0                     655.0000000    0.00000   100%     -    0s
H    0     0                     476.0000000    0.00000   100%     -    0s
     0     2    0.00000    0   79  476.00000    0.00000   100%     -    0s

Cutting planes:
  Gomory: 1
  Zero half: 11
  RLT: 7
  BQP: 17

Explored 3334 nodes (108274 simplex iterations) in 4.86 seconds (5.82 work units)
Thread count was 1 (of 12 available processors)

Solution count 9: 476 655 712 ... 3249

Optimal solution found (tolerance 1.00e-04)
Best objective 4.760000000000e+02, best bound 4.760000000000e+02, gap 0.0000%
476.0
