Set parameter Username
Academic license - for non-commercial use only - expires 2025-08-28
Set parameter Threads to value 1
Set parameter Method to value 4
Gurobi Optimizer version 11.0.0 build v11.0.0rc2 (mac64[arm] - Darwin 23.5.0 23F79)

CPU model: Apple M3 Pro
Thread count: 12 physical cores, 12 logical processors, using up to 1 threads

Optimize a model with 1874 rows, 306 columns and 5606 nonzeros
Model fingerprint: 0x8f85c4be
Variable types: 180 continuous, 126 integer (126 binary)
Coefficient statistics:
  Matrix range     [1e+00, 1e+00]
  Objective range  [1e+01, 3e+02]
  Bounds range     [1e+00, 1e+00]
  RHS range        [1e+00, 2e+00]
Presolve removed 302 rows and 53 columns
Presolve time: 0.01s
Presolved: 1572 rows, 253 columns, 4596 nonzeros
Variable types: 0 continuous, 253 integer (253 binary)
Found heuristic solution: objective 3270.0000000
Found heuristic solution: objective 1654.0000000

Root relaxation: objective 0.000000e+00, 158 iterations, 0.00 seconds (0.01 work units)

    Nodes    |    Current Node    |     Objective Bounds      |     Work
 Expl Unexpl |  Obj  Depth IntInf | Incumbent    BestBd   Gap | It/Node Time

     0     0    0.00000    0   47 1654.00000    0.00000   100%     -    0s
H    0     0                    1030.0000000    0.00000   100%     -    0s
H    0     0                    1020.0000000    0.00000   100%     -    0s
     0     0    0.00000    0   72 1020.00000    0.00000   100%     -    0s
H    0     0                     815.0000000    0.00000   100%     -    0s
H    0     0                     761.0000000    0.00000   100%     -    0s
     0     0    0.00000    0   63  761.00000    0.00000   100%     -    0s
     0     0    0.00000    0   67  761.00000    0.00000   100%     -    0s
H    0     0                     613.0000000    0.00000   100%     -    0s
     0     0    0.00000    0   50  613.00000    0.00000   100%     -    0s
     0     0    0.00000    0   71  613.00000    0.00000   100%     -    0s
     0     0    0.00000    0   71  613.00000    0.00000   100%     -    0s
     0     2    0.00000    0   71  613.00000    0.00000   100%     -    0s
H   53    41                     546.0000000    0.00000   100%  54.2    0s
H  132    75                     543.0000000   14.00000  97.4%  42.0    0s
*  148    86              20     519.0000000   14.00000  97.3%  41.7    0s
H  158    82                     509.0000000   26.00000  94.9%  40.8    0s
H  191   100                     485.0000000   28.00000  94.2%  43.9    0s
H  210   118                     476.0000000   28.00000  94.1%  46.1    0s

Cutting planes:
  Zero half: 10
  RLT: 10
  BQP: 22

Explored 3608 nodes (102091 simplex iterations) in 4.55 seconds (5.50 work units)
Thread count was 1 (of 12 available processors)

Solution count 10: 476 485 509 ... 1020

Optimal solution found (tolerance 1.00e-04)
Best objective 4.760000000000e+02, best bound 4.760000000000e+02, gap 0.0000%
476.0
