Set parameter Username
Academic license - for non-commercial use only - expires 2025-08-28
Set parameter Threads to value 1
Set parameter Method to value 4
Gurobi Optimizer version 11.0.0 build v11.0.0rc2 (mac64[arm] - Darwin 23.5.0 23F79)

CPU model: Apple M3 Pro
Thread count: 12 physical cores, 12 logical processors, using up to 1 threads

Optimize a model with 1874 rows, 306 columns and 5606 nonzeros
Model fingerprint: 0x20b89649
Variable types: 180 continuous, 126 integer (126 binary)
Coefficient statistics:
  Matrix range     [1e+00, 1e+00]
  Objective range  [1e+01, 3e+02]
  Bounds range     [1e+00, 1e+00]
  RHS range        [1e+00, 2e+00]
Presolve removed 302 rows and 53 columns
Presolve time: 0.00s
Presolved: 1572 rows, 253 columns, 4596 nonzeros
Variable types: 0 continuous, 253 integer (253 binary)
Found heuristic solution: objective 3271.0000000
Found heuristic solution: objective 1654.0000000

Root relaxation: objective 0.000000e+00, 158 iterations, 0.00 seconds (0.01 work units)

    Nodes    |    Current Node    |     Objective Bounds      |     Work
 Expl Unexpl |  Obj  Depth IntInf | Incumbent    BestBd   Gap | It/Node Time

     0     0    0.00000    0   47 1654.00000    0.00000   100%     -    0s
H    0     0                    1023.0000000    0.00000   100%     -    0s
H    0     0                    1013.0000000    0.00000   100%     -    0s
     0     0    0.00000    0   72 1013.00000    0.00000   100%     -    0s
H    0     0                     808.0000000    0.00000   100%     -    0s
H    0     0                     754.0000000    0.00000   100%     -    0s
     0     0    0.00000    0   89  754.00000    0.00000   100%     -    0s
H    0     0                     606.0000000    0.00000   100%     -    0s
     0     0    0.00000    0   50  606.00000    0.00000   100%     -    0s
     0     0    0.00000    0   58  606.00000    0.00000   100%     -    0s
     0     0    0.00000    0   86  606.00000    0.00000   100%     -    0s
     0     0    0.00000    0   86  606.00000    0.00000   100%     -    0s
H    0     0                     594.0000000    0.00000   100%     -    0s
     0     2    0.00000    0   86  594.00000    0.00000   100%     -    0s
H   78    56                     524.0000000   24.50000  95.3%  78.9    0s
*  101    79              22     515.0000000   24.50000  95.2%  78.1    0s
*  104    76              24     512.0000000   24.50000  95.2%  75.9    0s
H  108    75                     500.0000000   26.00000  94.8%  74.8    0s
H  135   102                     491.0000000   26.00000  94.7%  72.1    0s
*  204   138              17     469.0000000   36.00000  92.3%  64.2    0s

Cutting planes:
  Zero half: 7
  RLT: 7
  BQP: 11

Explored 3624 nodes (111929 simplex iterations) in 4.86 seconds (5.96 work units)
Thread count was 1 (of 12 available processors)

Solution count 10: 469 491 500 ... 808

Optimal solution found (tolerance 1.00e-04)
Best objective 4.690000000000e+02, best bound 4.690000000000e+02, gap 0.0000%
469.0
