Set parameter Username
Academic license - for non-commercial use only - expires 2025-08-28
Set parameter Threads to value 1
Set parameter Method to value 4
Gurobi Optimizer version 11.0.0 build v11.0.0rc2 (mac64[arm] - Darwin 23.5.0 23F79)

CPU model: Apple M3 Pro
Thread count: 12 physical cores, 12 logical processors, using up to 1 threads

Optimize a model with 1874 rows, 306 columns and 5606 nonzeros
Model fingerprint: 0x33a78af8
Variable types: 180 continuous, 126 integer (126 binary)
Coefficient statistics:
  Matrix range     [1e+00, 1e+00]
  Objective range  [1e+01, 3e+02]
  Bounds range     [1e+00, 1e+00]
  RHS range        [1e+00, 2e+00]
Presolve removed 302 rows and 53 columns
Presolve time: 0.01s
Presolved: 1572 rows, 253 columns, 4596 nonzeros
Variable types: 0 continuous, 253 integer (253 binary)
Found heuristic solution: objective 3263.0000000
Found heuristic solution: objective 1647.0000000

Root relaxation: objective 0.000000e+00, 158 iterations, 0.00 seconds (0.01 work units)

    Nodes    |    Current Node    |     Objective Bounds      |     Work
 Expl Unexpl |  Obj  Depth IntInf | Incumbent    BestBd   Gap | It/Node Time

     0     0    0.00000    0   47 1647.00000    0.00000   100%     -    0s
H    0     0                    1030.0000000    0.00000   100%     -    0s
H    0     0                    1020.0000000    0.00000   100%     -    0s
     0     0    0.00000    0   72 1020.00000    0.00000   100%     -    0s
H    0     0                    1008.0000000    0.00000   100%     -    0s
     0     0    0.00000    0   95 1008.00000    0.00000   100%     -    0s
H    0     0                     897.0000000    0.00000   100%     -    0s
     0     0    0.00000    0   89  897.00000    0.00000   100%     -    0s
H    0     0                     858.0000000    0.00000   100%     -    0s
H    0     0                     843.0000000    0.00000   100%     -    0s
     0     0    0.00000    0   88  843.00000    0.00000   100%     -    0s
     0     0    0.00000    0   63  843.00000    0.00000   100%     -    0s
     0     0    0.00000    0   63  843.00000    0.00000   100%     -    0s
H    0     0                     798.0000000    0.00000   100%     -    0s
     0     2    0.00000    0   63  798.00000    0.00000   100%     -    0s
*  124    72              19     697.0000000   16.00000  97.7%  59.4    0s
*  134    69              21     685.0000000   16.00000  97.7%  55.3    0s
H  156    89                     653.0000000   24.00000  96.3%  59.4    0s
*  245   136              22     553.0000000   30.31818  94.5%  56.3    0s
*  260   129              23     534.0000000   30.31818  94.3%  53.8    0s
H  294   132                     503.0000000   49.50000  90.2%  52.5    0s
H 1676   304                     479.0000000  200.37500  58.2%  42.3    2s
H 1740   277                     476.0000000  210.41667  55.8%  41.7    2s
  4006   209  456.25000   26   67  476.00000  390.50000  18.0%  30.9    5s

Cutting planes:
  Inf proof: 1
  Zero half: 7
  RLT: 11
  BQP: 36

Explored 4456 nodes (133600 simplex iterations) in 5.39 seconds (6.92 work units)
Thread count was 1 (of 12 available processors)

Solution count 10: 476 479 503 ... 843

Optimal solution found (tolerance 1.00e-04)
Best objective 4.760000000000e+02, best bound 4.760000000000e+02, gap 0.0000%
476.0
