Set parameter Username
Academic license - for non-commercial use only - expires 2025-08-28
Set parameter Threads to value 1
Set parameter Method to value 4
Gurobi Optimizer version 11.0.0 build v11.0.0rc2 (mac64[arm] - Darwin 23.5.0 23F79)

CPU model: Apple M3 Pro
Thread count: 12 physical cores, 12 logical processors, using up to 1 threads

Optimize a model with 1874 rows, 306 columns and 5606 nonzeros
Model fingerprint: 0xe70a0289
Variable types: 180 continuous, 126 integer (126 binary)
Coefficient statistics:
  Matrix range     [1e+00, 1e+00]
  Objective range  [1e+01, 3e+02]
  Bounds range     [1e+00, 1e+00]
  RHS range        [1e+00, 2e+00]
Presolve removed 302 rows and 53 columns
Presolve time: 0.01s
Presolved: 1572 rows, 253 columns, 4596 nonzeros
Variable types: 0 continuous, 253 integer (253 binary)
Found heuristic solution: objective 3199.0000000
Found heuristic solution: objective 1584.0000000

Root relaxation: objective 0.000000e+00, 158 iterations, 0.00 seconds (0.01 work units)

    Nodes    |    Current Node    |     Objective Bounds      |     Work
 Expl Unexpl |  Obj  Depth IntInf | Incumbent    BestBd   Gap | It/Node Time

     0     0    0.00000    0   47 1584.00000    0.00000   100%     -    0s
H    0     0                    1537.0000000    0.00000   100%     -    0s
H    0     0                    1315.0000000    0.00000   100%     -    0s
     0     0    0.00000    0   66 1315.00000    0.00000   100%     -    0s
H    0     0                    1157.0000000    0.00000   100%     -    0s
H    0     0                    1109.0000000    0.00000   100%     -    0s
H    0     0                     850.0000000    0.00000   100%     -    0s
     0     0    0.00000    0   72  850.00000    0.00000   100%     -    0s
H    0     0                     729.0000000    0.00000   100%     -    0s
     0     0    0.00000    0   63  729.00000    0.00000   100%     -    0s
H    0     0                     707.0000000    0.00000   100%     -    0s
     0     0    0.00000    0   86  707.00000    0.00000   100%     -    0s
     0     0    0.00000    0   84  707.00000    0.00000   100%     -    0s
H    0     0                     613.0000000    0.00000   100%     -    0s
     0     2    0.00000    0   84  613.00000    0.00000   100%     -    0s
H   53    43                     539.0000000    8.25000  98.5%  59.9    0s
H  383   174                     495.0000000   78.00000  84.2%  42.8    0s
H  932   320                     486.0000000  145.00000  70.2%  33.8    1s
H 1346   346                     483.0000000  154.20000  68.1%  36.5    2s
  3908   661  429.66667   24   72  483.00000  297.00000  38.5%  29.3    5s

Cutting planes:
  MIR: 3
  Zero half: 9
  RLT: 7
  BQP: 11

Explored 8750 nodes (211960 simplex iterations) in 9.22 seconds (11.58 work units)
Thread count was 1 (of 12 available processors)

Solution count 10: 483 486 495 ... 1157

Optimal solution found (tolerance 1.00e-04)
Best objective 4.830000000000e+02, best bound 4.830000000000e+02, gap 0.0000%
483.0
