Set parameter Username
Academic license - for non-commercial use only - expires 2025-08-28
Set parameter Threads to value 1
Set parameter Method to value 4
Gurobi Optimizer version 11.0.0 build v11.0.0rc2 (mac64[arm] - Darwin 23.5.0 23F79)

CPU model: Apple M3 Pro
Thread count: 12 physical cores, 12 logical processors, using up to 1 threads

Optimize a model with 1985 rows, 321 columns and 5938 nonzeros
Model fingerprint: 0x8c0da786
Variable types: 189 continuous, 132 integer (132 binary)
Coefficient statistics:
  Matrix range     [1e+00, 1e+00]
  Objective range  [1e+01, 3e+02]
  Bounds range     [1e+00, 1e+00]
  RHS range        [1e+00, 2e+00]
Presolve removed 316 rows and 55 columns
Presolve time: 0.00s
Presolved: 1669 rows, 266 columns, 4878 nonzeros
Variable types: 0 continuous, 266 integer (266 binary)
Found heuristic solution: objective 3891.0000000
Found heuristic solution: objective 3800.0000000

Root relaxation: objective 0.000000e+00, 122 iterations, 0.00 seconds (0.00 work units)

    Nodes    |    Current Node    |     Objective Bounds      |     Work
 Expl Unexpl |  Obj  Depth IntInf | Incumbent    BestBd   Gap | It/Node Time

     0     0    0.00000    0   71 3800.00000    0.00000   100%     -    0s
H    0     0                    2753.0000000    0.00000   100%     -    0s
H    0     0                    1442.0000000    0.00000   100%     -    0s
     0     0    0.00000    0   94 1442.00000    0.00000   100%     -    0s
H    0     0                    1258.0000000    0.00000   100%     -    0s
H    0     0                     939.0000000    0.00000   100%     -    0s
     0     0    0.00000    0   45  939.00000    0.00000   100%     -    0s
H    0     0                     827.0000000    0.00000   100%     -    0s
     0     0    0.00000    0   82  827.00000    0.00000   100%     -    0s
H    0     0                     736.0000000    0.00000   100%     -    0s
     0     0    0.00000    0   96  736.00000    0.00000   100%     -    0s
     0     0    0.00000    0  106  736.00000    0.00000   100%     -    0s
     0     0    0.00000    0   98  736.00000    0.00000   100%     -    0s
     0     0    0.00000    0  108  736.00000    0.00000   100%     -    0s
     0     0    0.00000    0   75  736.00000    0.00000   100%     -    0s
     0     2    0.00000    0   73  736.00000    0.00000   100%     -    0s
H   27    27                     692.0000000    0.00000   100%  66.6    0s
*   70    47              18     637.0000000   10.00000  98.4%  56.4    0s
*   73    47              20     625.0000000   10.00000  98.4%  54.4    0s
H   79    44                     568.0000000   11.00000  98.1%  51.2    0s
H  632   274                     564.0000000  110.33333  80.4%  46.8    1s
H  658   271                     544.0000000  111.50000  79.5%  46.3    1s
H  742   285                     541.0000000  118.33333  78.1%  44.8    1s
  3257   409  502.00000   28   59  541.00000  347.50000  35.8%  33.6    5s

Cutting planes:
  Gomory: 3
  MIR: 2
  Zero half: 11
  RLT: 7
  BQP: 13

Explored 6714 nodes (183943 simplex iterations) in 8.20 seconds (10.52 work units)
Thread count was 1 (of 12 available processors)

Solution count 10: 541 544 564 ... 939

Optimal solution found (tolerance 1.00e-04)
Best objective 5.410000000000e+02, best bound 5.410000000000e+02, gap 0.0000%
541.0
