Set parameter Username
Academic license - for non-commercial use only - expires 2025-08-28
Set parameter Threads to value 1
Set parameter Method to value 4
Gurobi Optimizer version 11.0.0 build v11.0.0rc2 (mac64[arm] - Darwin 23.5.0 23F79)

CPU model: Apple M3 Pro
Thread count: 12 physical cores, 12 logical processors, using up to 1 threads

Optimize a model with 1985 rows, 321 columns and 5938 nonzeros
Model fingerprint: 0xfbbd6efd
Variable types: 189 continuous, 132 integer (132 binary)
Coefficient statistics:
  Matrix range     [1e+00, 1e+00]
  Objective range  [1e+01, 3e+02]
  Bounds range     [1e+00, 1e+00]
  RHS range        [1e+00, 2e+00]
Presolve removed 316 rows and 55 columns
Presolve time: 0.01s
Presolved: 1669 rows, 266 columns, 4878 nonzeros
Variable types: 0 continuous, 266 integer (266 binary)
Found heuristic solution: objective 3912.0000000
Found heuristic solution: objective 3814.0000000

Root relaxation: objective 0.000000e+00, 122 iterations, 0.00 seconds (0.00 work units)

    Nodes    |    Current Node    |     Objective Bounds      |     Work
 Expl Unexpl |  Obj  Depth IntInf | Incumbent    BestBd   Gap | It/Node Time

     0     0    0.00000    0   71 3814.00000    0.00000   100%     -    0s
H    0     0                    2760.0000000    0.00000   100%     -    0s
H    0     0                    1460.0000000    0.00000   100%     -    0s
     0     0    0.00000    0   94 1460.00000    0.00000   100%     -    0s
H    0     0                    1279.0000000    0.00000   100%     -    0s
H    0     0                    1262.0000000    0.00000   100%     -    0s
H    0     0                    1072.0000000    0.00000   100%     -    0s
     0     0    0.00000    0   90 1072.00000    0.00000   100%     -    0s
H    0     0                     918.0000000    0.00000   100%     -    0s
     0     0    0.00000    0   90  918.00000    0.00000   100%     -    0s
     0     0    0.00000    0   96  918.00000    0.00000   100%     -    0s
H    0     0                     898.0000000    0.00000   100%     -    0s
     0     0    0.00000    0   93  898.00000    0.00000   100%     -    0s
     0     0    0.00000    0   91  898.00000    0.00000   100%     -    0s
     0     0    0.00000    0   89  898.00000    0.00000   100%     -    0s
H    0     0                     732.0000000    0.00000   100%     -    0s
H    0     0                     708.0000000    0.00000   100%     -    0s
     0     2    0.00000    0   89  708.00000    0.00000   100%     -    0s
H   22    20                     687.0000000   15.60714  97.7%   100    0s
H   54    45                     675.0000000   40.00000  94.1%  84.5    0s
H  104    82                     665.0000000   40.00000  94.0%  84.7    0s
H  156   112                     656.0000000   60.85714  90.7%  77.3    0s
H  218   155                     642.0000000   65.20833  89.8%  80.4    0s
H  234   169                     632.0000000   65.20833  89.7%  78.0    0s
H  444   261                     601.0000000   85.06667  85.8%  67.0    1s
H 1264   465                     597.0000000  150.00000  74.9%  54.1    2s
* 1554   443              35     592.0000000  188.26667  68.2%  49.0    3s
H 1567   424                     587.0000000  190.00000  67.6%  48.9    3s
H 1596   385                     563.0000000  191.83333  65.9%  48.5    3s
H 1686   356                     560.0000000  202.00000  63.9%  47.4    3s
* 2447   515              24     555.0000000  263.00000  52.6%  41.3    4s
  3082   574  524.00000   26   62  555.00000  301.80000  45.6%  38.2    5s

Cutting planes:
  Gomory: 2
  Zero half: 7
  RLT: 5
  BQP: 23

Explored 8156 nodes (231356 simplex iterations) in 9.75 seconds (12.22 work units)
Thread count was 1 (of 12 available processors)

Solution count 10: 555 560 563 ... 656

Optimal solution found (tolerance 1.00e-04)
Best objective 5.550000000000e+02, best bound 5.550000000000e+02, gap 0.0000%
555.0
