Set parameter Username
Academic license - for non-commercial use only - expires 2025-08-28
Set parameter Threads to value 1
Set parameter Method to value 4
Gurobi Optimizer version 11.0.0 build v11.0.0rc2 (mac64[arm] - Darwin 23.5.0 23F79)

CPU model: Apple M3 Pro
Thread count: 12 physical cores, 12 logical processors, using up to 1 threads

Optimize a model with 1874 rows, 306 columns and 5606 nonzeros
Model fingerprint: 0xddf302cf
Variable types: 180 continuous, 126 integer (126 binary)
Coefficient statistics:
  Matrix range     [1e+00, 1e+00]
  Objective range  [1e+01, 3e+02]
  Bounds range     [1e+00, 1e+00]
  RHS range        [1e+00, 2e+00]
Presolve removed 302 rows and 53 columns
Presolve time: 0.00s
Presolved: 1572 rows, 253 columns, 4596 nonzeros
Variable types: 0 continuous, 253 integer (253 binary)
Found heuristic solution: objective 3256.0000000
Found heuristic solution: objective 1640.0000000

Root relaxation: objective 0.000000e+00, 158 iterations, 0.00 seconds (0.01 work units)

    Nodes    |    Current Node    |     Objective Bounds      |     Work
 Expl Unexpl |  Obj  Depth IntInf | Incumbent    BestBd   Gap | It/Node Time

     0     0    0.00000    0   47 1640.00000    0.00000   100%     -    0s
H    0     0                    1030.0000000    0.00000   100%     -    0s
H    0     0                    1020.0000000    0.00000   100%     -    0s
     0     0    0.00000    0   72 1020.00000    0.00000   100%     -    0s
H    0     0                    1001.0000000    0.00000   100%     -    0s
     0     0    0.00000    0   95 1001.00000    0.00000   100%     -    0s
H    0     0                     890.0000000    0.00000   100%     -    0s
     0     0    0.00000    0   82  890.00000    0.00000   100%     -    0s
H    0     0                     750.0000000    0.00000   100%     -    0s
H    0     0                     726.0000000    0.00000   100%     -    0s
     0     0    0.00000    0   86  726.00000    0.00000   100%     -    0s
     0     0    0.00000    0   65  726.00000    0.00000   100%     -    0s
     0     0    0.00000    0   64  726.00000    0.00000   100%     -    0s
H    0     0                     525.0000000    0.00000   100%     -    0s
H    0     0                     524.0000000    0.00000   100%     -    0s
     0     2    0.00000    0   64  524.00000    0.00000   100%     -    0s
*  172   109              18     518.0000000   13.67647  97.4%  51.0    0s
H  266   139                     495.0000000   19.75000  96.0%  48.2    0s
H  319   170                     485.0000000   22.00000  95.5%  49.3    0s
* 1014   396              29     479.0000000  132.75000  72.3%  44.3    2s
H 1049   371                     476.0000000  143.56667  69.8%  43.7    2s

Cutting planes:
  Zero half: 2
  RLT: 9
  BQP: 15

Explored 3215 nodes (97631 simplex iterations) in 4.71 seconds (5.46 work units)
Thread count was 1 (of 12 available processors)

Solution count 10: 476 479 485 ... 890

Optimal solution found (tolerance 1.00e-04)
Best objective 4.760000000000e+02, best bound 4.760000000000e+02, gap 0.0000%
476.0
