Set parameter Username
Academic license - for non-commercial use only - expires 2025-08-28
Set parameter Threads to value 1
Set parameter Method to value 4
Gurobi Optimizer version 11.0.0 build v11.0.0rc2 (mac64[arm] - Darwin 23.5.0 23F79)

CPU model: Apple M3 Pro
Thread count: 12 physical cores, 12 logical processors, using up to 1 threads

Optimize a model with 2435 rows, 369 columns and 7301 nonzeros
Model fingerprint: 0x4571e456
Variable types: 215 continuous, 154 integer (154 binary)
Coefficient statistics:
  Matrix range     [1e+00, 1e+00]
  Objective range  [1e+01, 3e+02]
  Bounds range     [1e+00, 1e+00]
  RHS range        [1e+00, 2e+00]
Presolve removed 392 rows and 63 columns
Presolve time: 0.01s
Presolved: 2043 rows, 306 columns, 5985 nonzeros
Variable types: 0 continuous, 306 integer (306 binary)
Found heuristic solution: objective 3954.0000000
Found heuristic solution: objective 3800.0000000

Root relaxation: objective 0.000000e+00, 136 iterations, 0.00 seconds (0.01 work units)

    Nodes    |    Current Node    |     Objective Bounds      |     Work
 Expl Unexpl |  Obj  Depth IntInf | Incumbent    BestBd   Gap | It/Node Time

     0     0    0.00000    0   44 3800.00000    0.00000   100%     -    0s
H    0     0                    1405.0000000    0.00000   100%     -    0s
     0     0    0.00000    0   88 1405.00000    0.00000   100%     -    0s
H    0     0                    1094.0000000    0.00000   100%     -    0s
H    0     0                     888.0000000    0.00000   100%     -    0s
H    0     0                     839.0000000    0.00000   100%     -    0s
     0     0    0.00000    0   86  839.00000    0.00000   100%     -    0s
     0     0    0.00000    0   82  839.00000    0.00000   100%     -    0s
     0     0    0.00000    0  100  839.00000    0.00000   100%     -    0s
     0     0    0.00000    0   99  839.00000    0.00000   100%     -    0s
     0     0    0.00000    0   99  839.00000    0.00000   100%     -    0s
     0     2    0.00000    0   89  839.00000    0.00000   100%     -    0s
H   43    43                     837.0000000    0.00000   100%  55.0    0s
H   43    43                     680.0000000    0.00000   100%  55.0    0s
H   53    49                     586.0000000    0.00000   100%  48.9    0s
H   82    66                     578.0000000    0.00000   100%  45.6    0s
H  132    76                     519.0000000   10.00000  98.1%  39.3    0s
H  527   285                     509.0000000   32.00000  93.7%  64.6    1s
  2082   598  404.66667   26   53  509.00000  185.50000  63.6%  46.9    5s
  5027  1104  457.94444   32   61  509.00000  288.00000  43.4%  37.0   10s
  8865  1486     cutoff   36       509.00000  350.00000  31.2%  32.4   15s
 10372  1595  468.75000   36   71  509.00000  370.33333  27.2%  31.3   20s
 14749  1515  506.37500   35   75  509.00000  411.25000  19.2%  29.6   25s
 19512   435  493.44444   34   72  509.00000  471.66667  7.33%  28.4   30s

Cutting planes:
  Gomory: 2
  MIR: 2
  Flow cover: 30
  Zero half: 19
  RLT: 10
  BQP: 18

Explored 20160 nodes (566334 simplex iterations) in 30.52 seconds (38.29 work units)
Thread count was 1 (of 12 available processors)

Solution count 10: 509 519 578 ... 1405

Optimal solution found (tolerance 1.00e-04)
Best objective 5.090000000000e+02, best bound 5.090000000000e+02, gap 0.0000%
509.0
