Set parameter Username
Academic license - for non-commercial use only - expires 2025-08-28
Set parameter Threads to value 1
Set parameter Method to value 4
Gurobi Optimizer version 11.0.0 build v11.0.0rc2 (mac64[arm] - Darwin 23.5.0 23F79)

CPU model: Apple M3 Pro
Thread count: 12 physical cores, 12 logical processors, using up to 1 threads

Optimize a model with 2306 rows, 353 columns and 6914 nonzeros
Model fingerprint: 0x8683bbd9
Variable types: 206 continuous, 147 integer (147 binary)
Coefficient statistics:
  Matrix range     [1e+00, 1e+00]
  Objective range  [1e+01, 3e+02]
  Bounds range     [1e+00, 1e+00]
  RHS range        [1e+00, 2e+00]
Presolve removed 376 rows and 61 columns
Presolve time: 0.01s
Presolved: 1930 rows, 292 columns, 5656 nonzeros
Variable types: 0 continuous, 292 integer (292 binary)
Found heuristic solution: objective 3898.0000000
Found heuristic solution: objective 3723.0000000

Root relaxation: objective 0.000000e+00, 137 iterations, 0.00 seconds (0.01 work units)

    Nodes    |    Current Node    |     Objective Bounds      |     Work
 Expl Unexpl |  Obj  Depth IntInf | Incumbent    BestBd   Gap | It/Node Time

     0     0    0.00000    0   42 3723.00000    0.00000   100%     -    0s
H    0     0                     883.0000000    0.00000   100%     -    0s
     0     0    0.00000    0   69  883.00000    0.00000   100%     -    0s
H    0     0                     843.0000000    0.00000   100%     -    0s
     0     0    0.00000    0   92  843.00000    0.00000   100%     -    0s
H    0     0                     735.0000000    0.00000   100%     -    0s
     0     0    0.00000    0   64  735.00000    0.00000   100%     -    0s
H    0     0                     723.0000000    0.00000   100%     -    0s
     0     0    0.00000    0   87  723.00000    0.00000   100%     -    0s
     0     0    0.00000    0   87  723.00000    0.00000   100%     -    0s
H    0     0                     683.0000000    0.00000   100%     -    0s
     0     2    0.00000    0   87  683.00000    0.00000   100%     -    0s
H   27    25                     655.0000000   12.00000  98.2%  76.4    0s
H   29    27                     577.0000000   12.00000  97.9%  72.1    0s
*   38    36              23     472.0000000   12.00000  97.5%  64.9    0s
H  104    58                     447.0000000   22.00000  95.1%  39.9    0s
H  346   175                     435.0000000   46.00000  89.4%  47.0    0s
H  776   338                     432.0000000   69.65000  83.9%  48.0    1s
  2774   236     cutoff   27       432.00000  319.00000  26.2%  37.5    5s

Cutting planes:
  Zero half: 7
  RLT: 6
  BQP: 11

Explored 3535 nodes (124507 simplex iterations) in 5.85 seconds (7.47 work units)
Thread count was 1 (of 12 available processors)

Solution count 10: 432 435 447 ... 843

Optimal solution found (tolerance 1.00e-04)
Best objective 4.320000000000e+02, best bound 4.320000000000e+02, gap 0.0000%
432.0
