Set parameter Username
Academic license - for non-commercial use only - expires 2025-08-28
Set parameter Threads to value 1
Set parameter Method to value 4
Gurobi Optimizer version 11.0.0 build v11.0.0rc2 (mac64[arm] - Darwin 23.5.0 23F79)

CPU model: Apple M3 Pro
Thread count: 12 physical cores, 12 logical processors, using up to 1 threads

Optimize a model with 2435 rows, 369 columns and 7301 nonzeros
Model fingerprint: 0xf1edb75e
Variable types: 215 continuous, 154 integer (154 binary)
Coefficient statistics:
  Matrix range     [1e+00, 1e+00]
  Objective range  [1e+01, 3e+02]
  Bounds range     [1e+00, 1e+00]
  RHS range        [1e+00, 2e+00]
Presolve removed 392 rows and 63 columns
Presolve time: 0.01s
Presolved: 2043 rows, 306 columns, 5985 nonzeros
Variable types: 0 continuous, 306 integer (306 binary)
Found heuristic solution: objective 3933.0000000
Found heuristic solution: objective 3800.0000000

Root relaxation: objective 0.000000e+00, 136 iterations, 0.00 seconds (0.01 work units)

    Nodes    |    Current Node    |     Objective Bounds      |     Work
 Expl Unexpl |  Obj  Depth IntInf | Incumbent    BestBd   Gap | It/Node Time

     0     0    0.00000    0   44 3800.00000    0.00000   100%     -    0s
H    0     0                    1384.0000000    0.00000   100%     -    0s
     0     0    0.00000    0   79 1384.00000    0.00000   100%     -    0s
     0     0    0.00000    0  116 1384.00000    0.00000   100%     -    0s
H    0     0                     661.0000000    0.00000   100%     -    0s
     0     0    0.00000    0  108  661.00000    0.00000   100%     -    0s
     0     0    0.00000    0  104  661.00000    0.00000   100%     -    0s
H    0     0                     613.0000000    0.00000   100%     -    0s
     0     0    0.00000    0   97  613.00000    0.00000   100%     -    0s
     0     0    0.00000    0   65  613.00000    0.00000   100%     -    0s
     0     0    0.00000    0   65  613.00000    0.00000   100%     -    0s
     0     2    0.00000    0   65  613.00000    0.00000   100%     -    0s
H   26    24                     563.0000000    0.00000   100%   102    0s
H   27    25                     538.0000000    0.00000   100%  98.7    0s
H   78    66                     535.0000000    6.75000  98.7%  74.3    0s
H  556   328                     529.0000000   57.00000  89.2%  63.1    1s
H 1527   514                     527.0000000  159.23333  69.8%  49.6    3s
* 1532   482              36     512.0000000  159.23333  68.9%  49.5    3s
H 1548   452                     509.0000000  160.67187  68.4%  49.2    3s
  2412   607  449.73333   29   74  509.00000  201.00000  60.5%  42.1    5s
  5920  1290  431.00000   31   74  509.00000  295.00000  42.0%  34.0   10s
  9718  1513 infeasible   35       509.00000  352.00000  30.8%  31.0   15s
 11478  1501     cutoff   40       509.00000  373.13810  26.7%  30.3   20s
 16079  1070     cutoff   38       509.00000  426.75000  16.2%  28.8   25s

Cutting planes:
  Implied bound: 3
  Flow cover: 17
  Zero half: 25
  RLT: 5
  BQP: 14

Explored 19157 nodes (526181 simplex iterations) in 28.00 seconds (35.57 work units)
Thread count was 1 (of 12 available processors)

Solution count 10: 509 512 527 ... 1384

Optimal solution found (tolerance 1.00e-04)
Best objective 5.090000000000e+02, best bound 5.090000000000e+02, gap 0.0000%
509.0
