Set parameter Username
Academic license - for non-commercial use only - expires 2025-08-28
Set parameter Threads to value 1
Set parameter Method to value 4
Gurobi Optimizer version 11.0.0 build v11.0.0rc2 (mac64[arm] - Darwin 23.5.0 23F79)

CPU model: Apple M3 Pro
Thread count: 12 physical cores, 12 logical processors, using up to 1 threads

Optimize a model with 2306 rows, 353 columns and 6914 nonzeros
Model fingerprint: 0x58a1c101
Variable types: 206 continuous, 147 integer (147 binary)
Coefficient statistics:
  Matrix range     [1e+00, 1e+00]
  Objective range  [1e+01, 3e+02]
  Bounds range     [1e+00, 1e+00]
  RHS range        [1e+00, 2e+00]
Presolve removed 376 rows and 61 columns
Presolve time: 0.01s
Presolved: 1930 rows, 292 columns, 5656 nonzeros
Variable types: 0 continuous, 292 integer (292 binary)
Found heuristic solution: objective 3905.0000000
Found heuristic solution: objective 3716.0000000

Root relaxation: objective 0.000000e+00, 137 iterations, 0.00 seconds (0.01 work units)

    Nodes    |    Current Node    |     Objective Bounds      |     Work
 Expl Unexpl |  Obj  Depth IntInf | Incumbent    BestBd   Gap | It/Node Time

     0     0    0.00000    0   42 3716.00000    0.00000   100%     -    0s
H    0     0                     897.0000000    0.00000   100%     -    0s
     0     0    0.00000    0   69  897.00000    0.00000   100%     -    0s
H    0     0                     857.0000000    0.00000   100%     -    0s
H    0     0                     835.0000000    0.00000   100%     -    0s
     0     0    0.00000    0   82  835.00000    0.00000   100%     -    0s
H    0     0                     825.0000000    0.00000   100%     -    0s
     0     0    0.00000    0   93  825.00000    0.00000   100%     -    0s
H    0     0                     550.0000000    0.00000   100%     -    0s
H    0     0                     520.0000000    0.00000   100%     -    0s
     0     0    0.00000    0   95  520.00000    0.00000   100%     -    0s
     0     0    0.00000    0  101  520.00000    0.00000   100%     -    0s
     0     0    0.00000    0   91  520.00000    0.00000   100%     -    0s
H    0     0                     505.0000000    0.00000   100%     -    0s
     0     2    0.00000    0   91  505.00000    0.00000   100%     -    0s
*  342   197              18     479.0000000   62.00000  87.1%  58.3    0s
*  343   194              19     466.0000000   62.00000  86.7%  58.1    0s
H  411   208                     448.0000000   68.00000  84.8%  55.2    0s
H  476   235                     435.0000000   80.00000  81.6%  55.0    1s
H  555   242                     432.0000000   89.00000  79.4%  52.9    1s

Cutting planes:
  Zero half: 3
  RLT: 6
  BQP: 10

Explored 2605 nodes (99213 simplex iterations) in 4.49 seconds (5.62 work units)
Thread count was 1 (of 12 available processors)

Solution count 10: 432 435 448 ... 835

Optimal solution found (tolerance 1.00e-04)
Best objective 4.320000000000e+02, best bound 4.320000000000e+02, gap 0.0000%
432.0
