Set parameter Username
Academic license - for non-commercial use only - expires 2025-08-28
Set parameter Threads to value 1
Set parameter Method to value 4
Gurobi Optimizer version 11.0.0 build v11.0.0rc2 (mac64[arm] - Darwin 23.5.0 23F79)

CPU model: Apple M3 Pro
Thread count: 12 physical cores, 12 logical processors, using up to 1 threads

Optimize a model with 2435 rows, 369 columns and 7301 nonzeros
Model fingerprint: 0x0a1e2737
Variable types: 215 continuous, 154 integer (154 binary)
Coefficient statistics:
  Matrix range     [1e+00, 1e+00]
  Objective range  [1e+01, 3e+02]
  Bounds range     [1e+00, 1e+00]
  RHS range        [1e+00, 2e+00]
Presolve removed 392 rows and 63 columns
Presolve time: 0.01s
Presolved: 2043 rows, 306 columns, 5985 nonzeros
Variable types: 0 continuous, 306 integer (306 binary)
Found heuristic solution: objective 3926.0000000
Found heuristic solution: objective 3807.0000000

Root relaxation: objective 0.000000e+00, 136 iterations, 0.00 seconds (0.01 work units)

    Nodes    |    Current Node    |     Objective Bounds      |     Work
 Expl Unexpl |  Obj  Depth IntInf | Incumbent    BestBd   Gap | It/Node Time

     0     0    0.00000    0   44 3807.00000    0.00000   100%     -    0s
H    0     0                    1375.0000000    0.00000   100%     -    0s
     0     0    0.00000    0   88 1375.00000    0.00000   100%     -    0s
H    0     0                    1069.0000000    0.00000   100%     -    0s
H    0     0                    1063.0000000    0.00000   100%     -    0s
H    0     0                    1006.0000000    0.00000   100%     -    0s
     0     0    0.00000    0   74 1006.00000    0.00000   100%     -    0s
H    0     0                     723.0000000    0.00000   100%     -    0s
     0     0    0.00000    0  104  723.00000    0.00000   100%     -    0s
     0     0    0.00000    0   92  723.00000    0.00000   100%     -    0s
H    0     0                     712.0000000    0.00000   100%     -    0s
H    0     0                     646.0000000    0.00000   100%     -    0s
     0     0    0.00000    0   83  646.00000    0.00000   100%     -    0s
     0     0    0.00000    0   84  646.00000    0.00000   100%     -    0s
     0     0    0.00000    0   84  646.00000    0.00000   100%     -    0s
     0     2    0.00000    0   84  646.00000    0.00000   100%     -    0s
H   26    26                     598.0000000   23.25000  96.1%   123    0s
*   53    45              19     556.0000000   24.00000  95.7%  93.7    0s
H  165   108                     532.0000000   27.00000  94.9%  77.0    0s
H  182   123                     516.0000000   27.00000  94.8%  78.0    0s
  2028   722     cutoff   30       516.00000  166.00000  67.8%  50.6    5s
  5324  1856  381.00000   36   74  516.00000  240.75000  53.3%  38.0   10s
  8726  2468  510.50000   34   53  516.00000  280.00000  45.7%  34.3   15s
 10202  2727  362.00000   32   77  516.00000  293.63889  43.1%  33.5   20s
 13528  3195  496.98639   28   90  516.00000  319.48611  38.1%  32.5   25s
 17407  3487  455.53846   28  107  516.00000  343.00000  33.5%  31.7   30s
 21446  3626  480.83333   30   47  516.00000  363.12500  29.6%  31.0   35s
 25520  3543  464.36058   33  104  516.00000  382.25000  25.9%  30.4   40s
 29786  3320  414.89130   29  111  516.00000  400.72222  22.3%  29.8   45s
 34151  2809  456.00000   34   63  516.00000  420.00000  18.6%  29.3   50s
 38699  1815  488.20000   31   70  516.00000  446.16667  13.5%  28.8   55s

Cutting planes:
  Gomory: 2
  Implied bound: 1
  Flow cover: 11
  Zero half: 23
  RLT: 15
  BQP: 15

Explored 42846 nodes (1197712 simplex iterations) in 59.30 seconds (77.58 work units)
Thread count was 1 (of 12 available processors)

Solution count 10: 516 532 556 ... 1069

Optimal solution found (tolerance 1.00e-04)
Best objective 5.160000000000e+02, best bound 5.160000000000e+02, gap 0.0000%
516.0
