Set parameter Username
Academic license - for non-commercial use only - expires 2025-08-28
Set parameter Threads to value 1
Set parameter Method to value 4
Gurobi Optimizer version 11.0.0 build v11.0.0rc2 (mac64[arm] - Darwin 23.5.0 23F79)

CPU model: Apple M3 Pro
Thread count: 12 physical cores, 12 logical processors, using up to 1 threads

Optimize a model with 2306 rows, 353 columns and 6914 nonzeros
Model fingerprint: 0x8e66a6a6
Variable types: 206 continuous, 147 integer (147 binary)
Coefficient statistics:
  Matrix range     [1e+00, 1e+00]
  Objective range  [1e+01, 3e+02]
  Bounds range     [1e+00, 1e+00]
  RHS range        [1e+00, 2e+00]
Presolve removed 376 rows and 61 columns
Presolve time: 0.01s
Presolved: 1930 rows, 292 columns, 5656 nonzeros
Variable types: 0 continuous, 292 integer (292 binary)
Found heuristic solution: objective 3912.0000000
Found heuristic solution: objective 3730.0000000

Root relaxation: objective 0.000000e+00, 137 iterations, 0.00 seconds (0.01 work units)

    Nodes    |    Current Node    |     Objective Bounds      |     Work
 Expl Unexpl |  Obj  Depth IntInf | Incumbent    BestBd   Gap | It/Node Time

     0     0    0.00000    0   42 3730.00000    0.00000   100%     -    0s
H    0     0                     897.0000000    0.00000   100%     -    0s
     0     0    0.00000    0   69  897.00000    0.00000   100%     -    0s
H    0     0                     855.0000000    0.00000   100%     -    0s
     0     0    0.00000    0   90  855.00000    0.00000   100%     -    0s
     0     0    0.00000    0   83  855.00000    0.00000   100%     -    0s
H    0     0                     806.0000000    0.00000   100%     -    0s
     0     0    0.00000    0  103  806.00000    0.00000   100%     -    0s
     0     0    0.00000    0   91  806.00000    0.00000   100%     -    0s
     0     0    0.00000    0   91  806.00000    0.00000   100%     -    0s
H    0     0                     624.0000000    0.00000   100%     -    0s
H    0     0                     602.0000000    0.00000   100%     -    0s
H    0     0                     590.0000000    0.00000   100%     -    0s
     0     2    0.00000    0   91  590.00000    0.00000   100%     -    0s
*   42    42              23     448.0000000    4.62500  99.0%  57.5    0s
*   44    42              24     439.0000000    4.62500  98.9%  55.2    0s
  2656   352  348.95238   28   94  439.00000  279.75000  36.3%  36.2    5s

Cutting planes:
  Zero half: 6
  RLT: 9
  BQP: 29

Explored 5432 nodes (160860 simplex iterations) in 8.01 seconds (9.99 work units)
Thread count was 1 (of 12 available processors)

Solution count 10: 439 448 590 ... 3912

Optimal solution found (tolerance 1.00e-04)
Best objective 4.390000000000e+02, best bound 4.390000000000e+02, gap 0.0000%
439.0
