Set parameter Username
Academic license - for non-commercial use only - expires 2025-08-28
Set parameter Threads to value 1
Set parameter Method to value 4
Gurobi Optimizer version 11.0.0 build v11.0.0rc2 (mac64[arm] - Darwin 23.5.0 23F79)

CPU model: Apple M3 Pro
Thread count: 12 physical cores, 12 logical processors, using up to 1 threads

Optimize a model with 2306 rows, 353 columns and 6914 nonzeros
Model fingerprint: 0x4e595532
Variable types: 206 continuous, 147 integer (147 binary)
Coefficient statistics:
  Matrix range     [1e+00, 1e+00]
  Objective range  [1e+01, 3e+02]
  Bounds range     [1e+00, 1e+00]
  RHS range        [1e+00, 2e+00]
Presolve removed 376 rows and 61 columns
Presolve time: 0.01s
Presolved: 1930 rows, 292 columns, 5656 nonzeros
Variable types: 0 continuous, 292 integer (292 binary)
Found heuristic solution: objective 3905.0000000
Found heuristic solution: objective 3723.0000000

Root relaxation: objective 0.000000e+00, 137 iterations, 0.00 seconds (0.01 work units)

    Nodes    |    Current Node    |     Objective Bounds      |     Work
 Expl Unexpl |  Obj  Depth IntInf | Incumbent    BestBd   Gap | It/Node Time

     0     0    0.00000    0   42 3723.00000    0.00000   100%     -    0s
H    0     0                     890.0000000    0.00000   100%     -    0s
     0     0    0.00000    0   69  890.00000    0.00000   100%     -    0s
H    0     0                     850.0000000    0.00000   100%     -    0s
     0     0    0.00000    0   92  850.00000    0.00000   100%     -    0s
H    0     0                     741.0000000    0.00000   100%     -    0s
     0     0    0.00000    0   64  741.00000    0.00000   100%     -    0s
H    0     0                     723.0000000    0.00000   100%     -    0s
     0     0    0.00000    0   87  723.00000    0.00000   100%     -    0s
     0     0    0.00000    0   87  723.00000    0.00000   100%     -    0s
     0     2    0.00000    0   87  723.00000    0.00000   100%     -    0s
*   38    36              23     466.0000000   12.00000  97.4%  67.5    0s
H   52    42                     456.0000000   18.00000  96.1%  59.4    0s
H  134    69                     447.0000000   25.00000  94.4%  36.3    0s
H  352   183                     435.0000000   52.29167  88.0%  47.0    0s
H  690   316                     432.0000000   74.00000  82.9%  42.7    1s
  2723   521  346.50000   26   54  432.00000  198.16667  54.1%  34.1    5s
  7035   478  407.75000   23   51  432.00000  334.50000  22.6%  27.2   10s

Cutting planes:
  Inf proof: 1
  Zero half: 6
  RLT: 4
  BQP: 11

Explored 8673 nodes (221932 simplex iterations) in 11.51 seconds (13.29 work units)
Thread count was 1 (of 12 available processors)

Solution count 10: 432 435 447 ... 3723

Optimal solution found (tolerance 1.00e-04)
Best objective 4.320000000000e+02, best bound 4.320000000000e+02, gap 0.0000%
432.0
