Set parameter Username
Academic license - for non-commercial use only - expires 2025-08-28
Set parameter Threads to value 1
Set parameter Method to value 4
Gurobi Optimizer version 11.0.0 build v11.0.0rc2 (mac64[arm] - Darwin 23.5.0 23F79)

CPU model: Apple M3 Pro
Thread count: 12 physical cores, 12 logical processors, using up to 1 threads

Optimize a model with 2306 rows, 353 columns and 6914 nonzeros
Model fingerprint: 0xfa254d4b
Variable types: 206 continuous, 147 integer (147 binary)
Coefficient statistics:
  Matrix range     [1e+00, 1e+00]
  Objective range  [1e+01, 3e+02]
  Bounds range     [1e+00, 1e+00]
  RHS range        [1e+00, 2e+00]
Presolve removed 376 rows and 61 columns
Presolve time: 0.01s
Presolved: 1930 rows, 292 columns, 5656 nonzeros
Variable types: 0 continuous, 292 integer (292 binary)
Found heuristic solution: objective 3877.0000000
Found heuristic solution: objective 3730.0000000

Root relaxation: objective 0.000000e+00, 137 iterations, 0.00 seconds (0.01 work units)

    Nodes    |    Current Node    |     Objective Bounds      |     Work
 Expl Unexpl |  Obj  Depth IntInf | Incumbent    BestBd   Gap | It/Node Time

     0     0    0.00000    0   42 3730.00000    0.00000   100%     -    0s
H    0     0                     862.0000000    0.00000   100%     -    0s
     0     0    0.00000    0   80  862.00000    0.00000   100%     -    0s
H    0     0                     835.0000000    0.00000   100%     -    0s
     0     0    0.00000    0  104  835.00000    0.00000   100%     -    0s
     0     0    0.00000    0   87  835.00000    0.00000   100%     -    0s
H    0     0                     736.0000000    0.00000   100%     -    0s
H    0     0                     696.0000000    0.00000   100%     -    0s
     0     0    0.00000    0   85  696.00000    0.00000   100%     -    0s
     0     0    0.00000    0  102  696.00000    0.00000   100%     -    0s
     0     0    0.00000    0  102  696.00000    0.00000   100%     -    0s
H    0     0                     684.0000000    0.00000   100%     -    0s
H    0     0                     627.0000000    0.00000   100%     -    0s
     0     2    0.00000    0   81  627.00000    0.00000   100%     -    0s
H   27    25                     547.0000000    0.00000   100%  60.7    0s
H   78    63                     544.0000000   10.00000  98.2%  52.1    0s
H  117    88                     540.0000000   10.00000  98.1%  47.9    0s
*  123    86              19     493.0000000   10.00000  98.0%  46.9    0s
H  131    83                     485.0000000   10.00000  97.9%  44.8    0s
H  686   301                     468.0000000   55.50000  88.1%  44.3    1s
H  713   301                     439.0000000   57.00000  87.0%  43.8    1s
  2556   442  412.50000   32   50  439.00000  218.00000  50.3%  35.3    5s
  6743   563     cutoff   34       439.00000  351.66667  19.9%  28.1   10s

Cutting planes:
  Zero half: 2
  RLT: 8
  BQP: 13

Explored 8235 nodes (222264 simplex iterations) in 11.45 seconds (13.92 work units)
Thread count was 1 (of 12 available processors)

Solution count 10: 439 468 485 ... 696

Optimal solution found (tolerance 1.00e-04)
Best objective 4.390000000000e+02, best bound 4.390000000000e+02, gap 0.0000%
439.0
