Set parameter Username
Academic license - for non-commercial use only - expires 2025-08-28
Set parameter Threads to value 1
Set parameter Method to value 4
Gurobi Optimizer version 11.0.0 build v11.0.0rc2 (mac64[arm] - Darwin 23.5.0 23F79)

CPU model: Apple M3 Pro
Thread count: 12 physical cores, 12 logical processors, using up to 1 threads

Optimize a model with 2306 rows, 353 columns and 6914 nonzeros
Model fingerprint: 0xfefb3904
Variable types: 206 continuous, 147 integer (147 binary)
Coefficient statistics:
  Matrix range     [1e+00, 1e+00]
  Objective range  [1e+01, 3e+02]
  Bounds range     [1e+00, 1e+00]
  RHS range        [1e+00, 2e+00]
Presolve removed 376 rows and 61 columns
Presolve time: 0.01s
Presolved: 1930 rows, 292 columns, 5656 nonzeros
Variable types: 0 continuous, 292 integer (292 binary)
Found heuristic solution: objective 3891.0000000
Found heuristic solution: objective 3730.0000000

Root relaxation: objective 0.000000e+00, 137 iterations, 0.00 seconds (0.01 work units)

    Nodes    |    Current Node    |     Objective Bounds      |     Work
 Expl Unexpl |  Obj  Depth IntInf | Incumbent    BestBd   Gap | It/Node Time

     0     0    0.00000    0   42 3730.00000    0.00000   100%     -    0s
H    0     0                     876.0000000    0.00000   100%     -    0s
     0     0    0.00000    0   83  876.00000    0.00000   100%     -    0s
H    0     0                     728.0000000    0.00000   100%     -    0s
     0     0    0.00000    0   77  728.00000    0.00000   100%     -    0s
H    0     0                     660.0000000    0.00000   100%     -    0s
     0     0    0.00000    0   77  660.00000    0.00000   100%     -    0s
H    0     0                     575.0000000    0.00000   100%     -    0s
     0     0    0.00000    0   94  575.00000    0.00000   100%     -    0s
     0     0    0.00000    0  103  575.00000    0.00000   100%     -    0s
H    0     0                     539.0000000    0.00000   100%     -    0s
     0     0    0.00000    0   99  539.00000    0.00000   100%     -    0s
     0     0    0.00000    0   94  539.00000    0.00000   100%     -    0s
     0     0    0.00000    0   69  539.00000    0.00000   100%     -    0s
H    0     0                     482.0000000    0.00000   100%     -    0s
H    0     0                     448.0000000    0.00000   100%     -    0s
     0     2    0.00000    0   69  448.00000    0.00000   100%     -    0s
H   52    29                     439.0000000   12.00000  97.3%  42.1    0s
  2642   492  322.00000   27   56  439.00000  202.00000  54.0%  34.2    5s
  6621   622  429.28788   33   45  439.00000  329.16667  25.0%  29.1   10s

Cutting planes:
  Zero half: 3
  RLT: 5
  BQP: 6

Explored 8752 nodes (240574 simplex iterations) in 12.28 seconds (15.29 work units)
Thread count was 1 (of 12 available processors)

Solution count 10: 439 448 482 ... 3891

Optimal solution found (tolerance 1.00e-04)
Best objective 4.390000000000e+02, best bound 4.390000000000e+02, gap 0.0000%
439.0
