Set parameter Username
Academic license - for non-commercial use only - expires 2025-08-28
Set parameter Threads to value 1
Set parameter Method to value 4
Gurobi Optimizer version 11.0.0 build v11.0.0rc2 (mac64[arm] - Darwin 23.5.0 23F79)

CPU model: Apple M3 Pro
Thread count: 12 physical cores, 12 logical processors, using up to 1 threads

Optimize a model with 2435 rows, 369 columns and 7301 nonzeros
Model fingerprint: 0x3cb9a6e8
Variable types: 215 continuous, 154 integer (154 binary)
Coefficient statistics:
  Matrix range     [1e+00, 1e+00]
  Objective range  [1e+01, 3e+02]
  Bounds range     [1e+00, 1e+00]
  RHS range        [1e+00, 2e+00]
Presolve removed 392 rows and 63 columns
Presolve time: 0.01s
Presolved: 2043 rows, 306 columns, 5985 nonzeros
Variable types: 0 continuous, 306 integer (306 binary)
Found heuristic solution: objective 3912.0000000
Found heuristic solution: objective 3814.0000000

Root relaxation: objective 0.000000e+00, 136 iterations, 0.00 seconds (0.01 work units)

    Nodes    |    Current Node    |     Objective Bounds      |     Work
 Expl Unexpl |  Obj  Depth IntInf | Incumbent    BestBd   Gap | It/Node Time

     0     0    0.00000    0   44 3814.00000    0.00000   100%     -    0s
H    0     0                    1359.0000000    0.00000   100%     -    0s
     0     0    0.00000    0   88 1359.00000    0.00000   100%     -    0s
H    0     0                    1056.0000000    0.00000   100%     -    0s
     0     0    0.00000    0  102 1056.00000    0.00000   100%     -    0s
     0     0    0.00000    0  102 1056.00000    0.00000   100%     -    0s
     0     0    0.00000    0   87 1056.00000    0.00000   100%     -    0s
H    0     0                    1037.0000000    0.00000   100%     -    0s
H    0     0                     866.0000000    0.00000   100%     -    0s
     0     0    0.00000    0   93  866.00000    0.00000   100%     -    0s
     0     0    0.00000    0   96  866.00000    0.00000   100%     -    0s
     0     0    0.00000    0   94  866.00000    0.00000   100%     -    0s
H    0     0                     626.0000000    0.00000   100%     -    0s
     0     2    0.00000    0   94  626.00000    0.00000   100%     -    0s
H   26    25                     590.0000000   12.00000  98.0%  83.8    0s
H   78    72                     589.0000000   12.00000  98.0%  71.7    0s
H  216   169                     560.0000000   14.75000  97.4%  64.6    0s
H  286   219                     543.0000000   26.00000  95.2%  61.6    0s
H  443   313                     540.0000000   31.50000  94.2%  60.1    1s
H  469   323                     538.0000000   31.50000  94.1%  59.1    1s
H  547   374                     529.0000000   34.00000  93.6%  60.8    1s
* 1415   522              40     523.0000000  146.33333  72.0%  51.1    3s
  2268   728  377.00000   29   60  523.00000  208.25000  60.2%  45.5    5s
  5444  1559  349.00000   25   48  523.00000  287.40000  45.0%  36.0   10s
  8910  2219  509.83333   39   80  523.00000  329.32870  37.0%  32.7   15s
 10483  2402     cutoff   29       523.00000  341.79762  34.6%  31.9   20s
 14363  2723  501.74167   29   86  523.00000  367.55000  29.7%  30.7   25s
 18610  2791     cutoff   39       523.00000  392.70000  24.9%  30.1   30s
 22932  2507  490.03846   33  124  523.00000  417.58333  20.2%  29.4   35s
 27666  1720  491.76852   34   82  523.00000  447.55556  14.4%  28.6   40s

Cutting planes:
  Implied bound: 1
  Flow cover: 13
  Zero half: 18
  RLT: 14
  BQP: 16

Explored 31873 nodes (880140 simplex iterations) in 44.11 seconds (55.24 work units)
Thread count was 1 (of 12 available processors)

Solution count 10: 523 529 538 ... 866

Optimal solution found (tolerance 1.00e-04)
Best objective 5.230000000000e+02, best bound 5.230000000000e+02, gap 0.0000%
523.0
