Set parameter Username
Academic license - for non-commercial use only - expires 2025-08-28
Set parameter Threads to value 1
Set parameter Method to value 4
Gurobi Optimizer version 11.0.0 build v11.0.0rc2 (mac64[arm] - Darwin 23.5.0 23F79)

CPU model: Apple M3 Pro
Thread count: 12 physical cores, 12 logical processors, using up to 1 threads

Optimize a model with 2306 rows, 353 columns and 6914 nonzeros
Model fingerprint: 0xcdefe6a5
Variable types: 206 continuous, 147 integer (147 binary)
Coefficient statistics:
  Matrix range     [1e+00, 1e+00]
  Objective range  [1e+01, 3e+02]
  Bounds range     [1e+00, 1e+00]
  RHS range        [1e+00, 2e+00]
Presolve removed 376 rows and 61 columns
Presolve time: 0.01s
Presolved: 1930 rows, 292 columns, 5656 nonzeros
Variable types: 0 continuous, 292 integer (292 binary)
Found heuristic solution: objective 3905.0000000
Found heuristic solution: objective 3730.0000000

Root relaxation: objective 0.000000e+00, 137 iterations, 0.00 seconds (0.01 work units)

    Nodes    |    Current Node    |     Objective Bounds      |     Work
 Expl Unexpl |  Obj  Depth IntInf | Incumbent    BestBd   Gap | It/Node Time

     0     0    0.00000    0   42 3730.00000    0.00000   100%     -    0s
H    0     0                     890.0000000    0.00000   100%     -    0s
     0     0    0.00000    0   69  890.00000    0.00000   100%     -    0s
H    0     0                     848.0000000    0.00000   100%     -    0s
     0     0    0.00000    0   90  848.00000    0.00000   100%     -    0s
H    0     0                     709.0000000    0.00000   100%     -    0s
H    0     0                     669.0000000    0.00000   100%     -    0s
     0     0    0.00000    0   67  669.00000    0.00000   100%     -    0s
     0     0    0.00000    0   78  669.00000    0.00000   100%     -    0s
     0     0    0.00000    0   70  669.00000    0.00000   100%     -    0s
     0     0    0.00000    0   70  669.00000    0.00000   100%     -    0s
H    0     0                     555.0000000    0.00000   100%     -    0s
H    0     0                     518.0000000    0.00000   100%     -    0s
H    0     0                     490.0000000    0.00000   100%     -    0s
     0     2    0.00000    0   70  490.00000    0.00000   100%     -    0s
H  131    79                     478.0000000   25.00000  94.8%  61.9    0s
H  185    94                     460.0000000   25.00000  94.6%  58.2    0s
H  400   204                     442.0000000   60.30435  86.4%  61.6    1s
H  506   253                     439.0000000   66.00000  85.0%  57.7    1s
  2413   418  357.00000   27   57  439.00000  200.50000  54.3%  38.8    5s
  6520   369     cutoff   23       439.00000  354.50000  19.2%  29.3   10s

Cutting planes:
  Zero half: 11
  RLT: 15
  BQP: 14

Explored 7944 nodes (214703 simplex iterations) in 11.42 seconds (13.63 work units)
Thread count was 1 (of 12 available processors)

Solution count 10: 439 442 460 ... 848

Optimal solution found (tolerance 1.00e-04)
Best objective 4.390000000000e+02, best bound 4.390000000000e+02, gap 0.0000%
439.0
