Set parameter Username
Academic license - for non-commercial use only - expires 2025-08-28
Set parameter Threads to value 1
Set parameter Method to value 4
Gurobi Optimizer version 11.0.0 build v11.0.0rc2 (mac64[arm] - Darwin 23.5.0 23F79)

CPU model: Apple M3 Pro
Thread count: 12 physical cores, 12 logical processors, using up to 1 threads

Optimize a model with 2306 rows, 353 columns and 6914 nonzeros
Model fingerprint: 0xf1ac74f6
Variable types: 206 continuous, 147 integer (147 binary)
Coefficient statistics:
  Matrix range     [1e+00, 1e+00]
  Objective range  [1e+01, 3e+02]
  Bounds range     [1e+00, 1e+00]
  RHS range        [1e+00, 2e+00]
Presolve removed 376 rows and 61 columns
Presolve time: 0.01s
Presolved: 1930 rows, 292 columns, 5656 nonzeros
Variable types: 0 continuous, 292 integer (292 binary)
Found heuristic solution: objective 3884.0000000
Found heuristic solution: objective 3730.0000000

Root relaxation: objective 0.000000e+00, 137 iterations, 0.00 seconds (0.01 work units)

    Nodes    |    Current Node    |     Objective Bounds      |     Work
 Expl Unexpl |  Obj  Depth IntInf | Incumbent    BestBd   Gap | It/Node Time

     0     0    0.00000    0   42 3730.00000    0.00000   100%     -    0s
H    0     0                     869.0000000    0.00000   100%     -    0s
     0     0    0.00000    0   83  869.00000    0.00000   100%     -    0s
H    0     0                     721.0000000    0.00000   100%     -    0s
     0     0    0.00000    0   77  721.00000    0.00000   100%     -    0s
H    0     0                     660.0000000    0.00000   100%     -    0s
     0     0    0.00000    0   77  660.00000    0.00000   100%     -    0s
H    0     0                     606.0000000    0.00000   100%     -    0s
H    0     0                     582.0000000    0.00000   100%     -    0s
     0     0    0.00000    0   79  582.00000    0.00000   100%     -    0s
     0     0    0.00000    0   94  582.00000    0.00000   100%     -    0s
     0     0    0.00000    0  112  582.00000    0.00000   100%     -    0s
     0     0    0.00000    0   81  582.00000    0.00000   100%     -    0s
     0     0    0.00000    0   60  582.00000    0.00000   100%     -    0s
H    0     0                     532.0000000    0.00000   100%     -    0s
     0     2    0.00000    0   60  532.00000    0.00000   100%     -    0s
H   26    24                     508.0000000    0.00000   100%  77.7    0s
H  135    87                     496.0000000    0.00000   100%  48.3    0s
H  211   115                     488.0000000    2.75000  99.4%  45.4    0s
H  216   117                     460.0000000    3.40000  99.3%  46.0    0s
H  263   136                     442.0000000   11.00000  97.5%  45.4    0s
H 2370   433                     439.0000000  204.33333  53.5%  37.7    4s
  2594   493  338.00000   23   83  439.00000  216.50000  50.7%  36.7    5s
  6556   655  394.84091   25   90  439.00000  328.06250  25.3%  30.3   10s

Cutting planes:
  Zero half: 4
  RLT: 9
  BQP: 15

Explored 8917 nodes (254923 simplex iterations) in 12.29 seconds (15.21 work units)
Thread count was 1 (of 12 available processors)

Solution count 10: 439 442 460 ... 660

Optimal solution found (tolerance 1.00e-04)
Best objective 4.390000000000e+02, best bound 4.390000000000e+02, gap 0.0000%
439.0
