Set parameter Username
Academic license - for non-commercial use only - expires 2025-08-28
Set parameter Threads to value 1
Set parameter Method to value 4
Gurobi Optimizer version 11.0.0 build v11.0.0rc2 (mac64[arm] - Darwin 23.5.0 23F79)

CPU model: Apple M3 Pro
Thread count: 12 physical cores, 12 logical processors, using up to 1 threads

Optimize a model with 2306 rows, 353 columns and 6914 nonzeros
Model fingerprint: 0xdb066e16
Variable types: 206 continuous, 147 integer (147 binary)
Coefficient statistics:
  Matrix range     [1e+00, 1e+00]
  Objective range  [1e+01, 3e+02]
  Bounds range     [1e+00, 1e+00]
  RHS range        [1e+00, 2e+00]
Presolve removed 376 rows and 61 columns
Presolve time: 0.01s
Presolved: 1930 rows, 292 columns, 5656 nonzeros
Variable types: 0 continuous, 292 integer (292 binary)
Found heuristic solution: objective 3891.0000000
Found heuristic solution: objective 3716.0000000

Root relaxation: objective 0.000000e+00, 137 iterations, 0.00 seconds (0.01 work units)

    Nodes    |    Current Node    |     Objective Bounds      |     Work
 Expl Unexpl |  Obj  Depth IntInf | Incumbent    BestBd   Gap | It/Node Time

     0     0    0.00000    0   42 3716.00000    0.00000   100%     -    0s
H    0     0                     883.0000000    0.00000   100%     -    0s
     0     0    0.00000    0   69  883.00000    0.00000   100%     -    0s
H    0     0                     843.0000000    0.00000   100%     -    0s
     0     0    0.00000    0   92  843.00000    0.00000   100%     -    0s
H    0     0                     735.0000000    0.00000   100%     -    0s
     0     0    0.00000    0   64  735.00000    0.00000   100%     -    0s
H    0     0                     723.0000000    0.00000   100%     -    0s
     0     0    0.00000    0   87  723.00000    0.00000   100%     -    0s
     0     0    0.00000    0   87  723.00000    0.00000   100%     -    0s
H    0     0                     683.0000000    0.00000   100%     -    0s
     0     2    0.00000    0   87  683.00000    0.00000   100%     -    0s
H   29    27                     555.0000000   12.00000  97.8%  72.7    0s
*   43    39              25     513.0000000   12.00000  97.7%  57.5    0s
*   46    38              26     501.0000000   12.00000  97.6%  53.8    0s
H  162    88                     489.0000000   36.00000  92.6%  43.4    0s
H  245   139                     447.0000000   37.00000  91.7%  46.7    0s
H  476   244                     445.0000000   43.50000  90.2%  43.6    0s
H  530   259                     435.0000000   50.28571  88.4%  42.3    0s
H  635   296                     432.0000000   68.12500  84.2%  43.0    1s

Cutting planes:
  Zero half: 7
  RLT: 7
  BQP: 11

Explored 3038 nodes (100192 simplex iterations) in 4.74 seconds (6.11 work units)
Thread count was 1 (of 12 available processors)

Solution count 10: 432 435 445 ... 723

Optimal solution found (tolerance 1.00e-04)
Best objective 4.320000000000e+02, best bound 4.320000000000e+02, gap 0.0000%
432.0
