Set parameter Username
Academic license - for non-commercial use only - expires 2025-08-28
Set parameter Threads to value 1
Set parameter Method to value 4
Gurobi Optimizer version 11.0.0 build v11.0.0rc2 (mac64[arm] - Darwin 23.5.0 23F79)

CPU model: Apple M3 Pro
Thread count: 12 physical cores, 12 logical processors, using up to 1 threads

Optimize a model with 2306 rows, 353 columns and 6914 nonzeros
Model fingerprint: 0x677d1b66
Variable types: 206 continuous, 147 integer (147 binary)
Coefficient statistics:
  Matrix range     [1e+00, 1e+00]
  Objective range  [1e+01, 3e+02]
  Bounds range     [1e+00, 1e+00]
  RHS range        [1e+00, 2e+00]
Presolve removed 376 rows and 61 columns
Presolve time: 0.01s
Presolved: 1930 rows, 292 columns, 5656 nonzeros
Variable types: 0 continuous, 292 integer (292 binary)
Found heuristic solution: objective 3919.0000000
Found heuristic solution: objective 3730.0000000

Root relaxation: objective 0.000000e+00, 137 iterations, 0.00 seconds (0.01 work units)

    Nodes    |    Current Node    |     Objective Bounds      |     Work
 Expl Unexpl |  Obj  Depth IntInf | Incumbent    BestBd   Gap | It/Node Time

     0     0    0.00000    0   42 3730.00000    0.00000   100%     -    0s
H    0     0                     904.0000000    0.00000   100%     -    0s
     0     0    0.00000    0   69  904.00000    0.00000   100%     -    0s
H    0     0                     862.0000000    0.00000   100%     -    0s
H    0     0                     838.0000000    0.00000   100%     -    0s
     0     0    0.00000    0   90  838.00000    0.00000   100%     -    0s
H    0     0                     837.0000000    0.00000   100%     -    0s
     0     0    0.00000    0   71  837.00000    0.00000   100%     -    0s
H    0     0                     811.0000000    0.00000   100%     -    0s
H    0     0                     629.0000000    0.00000   100%     -    0s
H    0     0                     581.0000000    0.00000   100%     -    0s
     0     0    0.00000    0   83  581.00000    0.00000   100%     -    0s
     0     0    0.00000    0   83  581.00000    0.00000   100%     -    0s
H    0     0                     557.0000000    0.00000   100%     -    0s
     0     2    0.00000    0   82  557.00000    0.00000   100%     -    0s
*   36    33              23     516.0000000    0.00000   100%  79.7    0s
*   37    32              24     506.0000000    0.00000   100%  77.5    0s
H   78    56                     488.0000000    0.00000   100%  66.4    0s
H  104    72                     478.0000000    0.00000   100%  65.7    0s
*  126    90              28     473.0000000    0.00000   100%  60.4    0s
H  315   163                     451.0000000   27.00000  94.0%  56.1    0s
H  419   219                     442.0000000   42.00000  90.5%  58.7    1s
H  764   321                     439.0000000   82.05952  81.3%  50.1    1s
  2618   480  358.66667   22   66  439.00000  205.00000  53.3%  37.9    5s
  6815   515  377.29630   28   89  439.00000  339.04545  22.8%  30.0   10s

Cutting planes:
  Zero half: 6
  RLT: 7
  BQP: 27

Explored 8980 nodes (247759 simplex iterations) in 12.25 seconds (15.47 work units)
Thread count was 1 (of 12 available processors)

Solution count 10: 439 442 451 ... 581

Optimal solution found (tolerance 1.00e-04)
Best objective 4.390000000000e+02, best bound 4.390000000000e+02, gap 0.0000%
439.0
