Set parameter Username
Academic license - for non-commercial use only - expires 2025-08-28
Set parameter Threads to value 1
Set parameter Method to value 4
Gurobi Optimizer version 11.0.0 build v11.0.0rc2 (mac64[arm] - Darwin 23.5.0 23F79)

CPU model: Apple M3 Pro
Thread count: 12 physical cores, 12 logical processors, using up to 1 threads

Optimize a model with 2306 rows, 353 columns and 6914 nonzeros
Model fingerprint: 0xd75b232e
Variable types: 206 continuous, 147 integer (147 binary)
Coefficient statistics:
  Matrix range     [1e+00, 1e+00]
  Objective range  [1e+01, 3e+02]
  Bounds range     [1e+00, 1e+00]
  RHS range        [1e+00, 2e+00]
Presolve removed 376 rows and 61 columns
Presolve time: 0.01s
Presolved: 1930 rows, 292 columns, 5656 nonzeros
Variable types: 0 continuous, 292 integer (292 binary)
Found heuristic solution: objective 3870.0000000
Found heuristic solution: objective 3730.0000000

Root relaxation: objective 0.000000e+00, 137 iterations, 0.00 seconds (0.01 work units)

    Nodes    |    Current Node    |     Objective Bounds      |     Work
 Expl Unexpl |  Obj  Depth IntInf | Incumbent    BestBd   Gap | It/Node Time

     0     0    0.00000    0   42 3730.00000    0.00000   100%     -    0s
H    0     0                     855.0000000    0.00000   100%     -    0s
     0     0    0.00000    0   80  855.00000    0.00000   100%     -    0s
H    0     0                     831.0000000    0.00000   100%     -    0s
     0     0    0.00000    0   93  831.00000    0.00000   100%     -    0s
H    0     0                     795.0000000    0.00000   100%     -    0s
     0     0    0.00000    0   93  795.00000    0.00000   100%     -    0s
     0     0    0.00000    0   51  795.00000    0.00000   100%     -    0s
H    0     0                     754.0000000    0.00000   100%     -    0s
H    0     0                     682.0000000    0.00000   100%     -    0s
     0     0    0.00000    0   99  682.00000    0.00000   100%     -    0s
     0     0    0.00000    0   96  682.00000    0.00000   100%     -    0s
H    0     0                     626.0000000    0.00000   100%     -    0s
     0     2    0.00000    0   82  626.00000    0.00000   100%     -    0s
H  128    98                     620.0000000   21.00000  96.6%  50.2    0s
*  133    96              23     551.0000000   21.00000  96.2%  49.3    0s
*  134    95              24     546.0000000   21.00000  96.2%  49.0    0s
H  192   124                     541.0000000   69.00000  87.2%  44.4    0s
*  199   121              19     472.0000000   69.00000  85.4%  44.3    0s
*  201   118              20     463.0000000   69.00000  85.1%  44.0    0s
H  373   189                     454.0000000   81.00000  82.2%  41.9    0s
H  400   187                     442.0000000   95.00000  78.5%  41.8    0s
H 2022   298                     439.0000000  166.33333  62.1%  34.1    3s
  2805   397  362.60000   25   66  439.00000  225.00000  48.7%  31.0    5s
  7107   293     cutoff   28       439.00000  379.00000  13.7%  25.0   10s

Cutting planes:
  Zero half: 2
  RLT: 5
  BQP: 10

Explored 7719 nodes (189303 simplex iterations) in 10.51 seconds (12.92 work units)
Thread count was 1 (of 12 available processors)

Solution count 10: 439 442 454 ... 626

Optimal solution found (tolerance 1.00e-04)
Best objective 4.390000000000e+02, best bound 4.390000000000e+02, gap 0.0000%
439.0
