Set parameter Username
Academic license - for non-commercial use only - expires 2025-08-28
Set parameter Threads to value 1
Set parameter Method to value 4
Gurobi Optimizer version 11.0.0 build v11.0.0rc2 (mac64[arm] - Darwin 23.5.0 23F79)

CPU model: Apple M3 Pro
Thread count: 12 physical cores, 12 logical processors, using up to 1 threads

Optimize a model with 2774 rows, 404 columns and 8330 nonzeros
Model fingerprint: 0x7057cf24
Variable types: 236 continuous, 168 integer (168 binary)
Coefficient statistics:
  Matrix range     [1e+00, 1e+00]
  Objective range  [1e+01, 3e+02]
  Bounds range     [1e+00, 1e+00]
  RHS range        [1e+00, 2e+00]
Presolve removed 458 rows and 70 columns
Presolve time: 0.01s
Presolved: 2316 rows, 334 columns, 6800 nonzeros
Variable types: 0 continuous, 334 integer (334 binary)
Found heuristic solution: objective 3898.0000000
Found heuristic solution: objective 3730.0000000

Root relaxation: objective 0.000000e+00, 158 iterations, 0.01 seconds (0.01 work units)

    Nodes    |    Current Node    |     Objective Bounds      |     Work
 Expl Unexpl |  Obj  Depth IntInf | Incumbent    BestBd   Gap | It/Node Time

     0     0    0.00000    0   49 3730.00000    0.00000   100%     -    0s
H    0     0                    3414.0000000    0.00000   100%     -    0s
H    0     0                    2832.0000000    0.00000   100%     -    0s
H    0     0                    2784.0000000    0.00000   100%     -    0s
     0     0    0.00000    0   89 2784.00000    0.00000   100%     -    0s
H    0     0                    1881.0000000    0.00000   100%     -    0s
H    0     0                    1246.0000000    0.00000   100%     -    0s
     0     0    0.00000    0  117 1246.00000    0.00000   100%     -    0s
H    0     0                    1234.0000000    0.00000   100%     -    0s
     0     0    0.00000    0   92 1234.00000    0.00000   100%     -    0s
H    0     0                     712.0000000    0.00000   100%     -    0s
H    0     0                     581.0000000    0.00000   100%     -    0s
     0     0    0.00000    0  112  581.00000    0.00000   100%     -    0s
     0     0    0.00000    0   98  581.00000    0.00000   100%     -    0s
     0     0    0.00000    0   98  581.00000    0.00000   100%     -    0s
     0     2    0.00000    0   91  581.00000    0.00000   100%     -    0s
H   53    37                     557.0000000    0.00000   100%  58.9    0s
H  131    89                     541.0000000    0.00000   100%  55.1    0s
H  246   157                     529.0000000    9.00000  98.3%  46.1    0s
H  271   180                     518.0000000    9.00000  98.3%  44.1    0s
H  273   177                     496.0000000    9.00000  98.2%  43.8    0s
H  288   172                     495.0000000    9.00000  98.2%  42.0    0s
H  288   171                     491.0000000    9.00000  98.2%  42.0    0s
H  374   217                     470.0000000   22.00000  95.3%  45.7    1s
H  401   236                     462.0000000   24.00000  94.8%  45.3    1s
H  454   268                     451.0000000   24.00000  94.7%  45.5    1s
H  480   278                     439.0000000   24.00000  94.5%  45.3    1s
H  494   277                     424.0000000   24.00000  94.3%  45.0    1s
  2023   463  377.00000   31   64  424.00000   69.00000  83.7%  39.4    5s
  4738  1154     cutoff   29       424.00000  165.00000  61.1%  34.4   10s
  7801  1629     cutoff   32       424.00000  226.00000  46.7%  32.0   15s
 10202  1825  398.61765   36   93  424.00000  261.00000  38.4%  30.6   21s
 12588  2121  312.25000   31   65  424.00000  283.00000  33.3%  30.6   25s
 16097  2401  409.66667   33   72  424.00000  304.98784  28.1%  30.3   30s
 19889  2496     cutoff   47       424.00000  325.50000  23.2%  30.0   35s
 23923  2303  413.50000   26   50  424.00000  343.44444  19.0%  29.5   40s
 28086  1803  398.08333   39   82  424.00000  361.75000  14.7%  29.2   45s
 32594   641     cutoff   43       424.00000  391.38095  7.69%  28.1   50s

Cutting planes:
  Gomory: 2
  Implied bound: 3
  MIR: 1
  Flow cover: 20
  Inf proof: 3
  Zero half: 37
  RLT: 14
  BQP: 12

Explored 33673 nodes (935819 simplex iterations) in 51.07 seconds (64.88 work units)
Thread count was 1 (of 12 available processors)

Solution count 10: 424 439 451 ... 529

Optimal solution found (tolerance 1.00e-04)
Best objective 4.240000000000e+02, best bound 4.240000000000e+02, gap 0.0000%
424.0
