Set parameter Username
Academic license - for non-commercial use only - expires 2025-08-28
Set parameter Threads to value 1
Set parameter Method to value 4
Gurobi Optimizer version 11.0.0 build v11.0.0rc2 (mac64[arm] - Darwin 23.5.0 23F79)

CPU model: Apple M3 Pro
Thread count: 12 physical cores, 12 logical processors, using up to 1 threads

Optimize a model with 2774 rows, 404 columns and 8330 nonzeros
Model fingerprint: 0xaefba23e
Variable types: 236 continuous, 168 integer (168 binary)
Coefficient statistics:
  Matrix range     [1e+00, 1e+00]
  Objective range  [1e+01, 3e+02]
  Bounds range     [1e+00, 1e+00]
  RHS range        [1e+00, 2e+00]
Presolve removed 458 rows and 70 columns
Presolve time: 0.01s
Presolved: 2316 rows, 334 columns, 6800 nonzeros
Variable types: 0 continuous, 334 integer (334 binary)
Found heuristic solution: objective 3842.0000000
Found heuristic solution: objective 3737.0000000

Root relaxation: objective 0.000000e+00, 158 iterations, 0.00 seconds (0.01 work units)

    Nodes    |    Current Node    |     Objective Bounds      |     Work
 Expl Unexpl |  Obj  Depth IntInf | Incumbent    BestBd   Gap | It/Node Time

     0     0    0.00000    0   49 3737.00000    0.00000   100%     -    0s
H    0     0                    3354.0000000    0.00000   100%     -    0s
H    0     0                    2792.0000000    0.00000   100%     -    0s
H    0     0                    2744.0000000    0.00000   100%     -    0s
     0     0    0.00000    0   89 2744.00000    0.00000   100%     -    0s
H    0     0                    1870.0000000    0.00000   100%     -    0s
H    0     0                    1234.0000000    0.00000   100%     -    0s
     0     0    0.00000    0   90 1234.00000    0.00000   100%     -    0s
H    0     0                     713.0000000    0.00000   100%     -    0s
H    0     0                     585.0000000    0.00000   100%     -    0s
     0     0    0.00000    0   82  585.00000    0.00000   100%     -    0s
     0     0    0.00000    0  108  585.00000    0.00000   100%     -    0s
     0     0    0.00000    0   99  585.00000    0.00000   100%     -    0s
     0     0    0.00000    0   99  585.00000    0.00000   100%     -    0s
     0     2    0.00000    0   99  585.00000    0.00000   100%     -    0s
H   52    39                     548.0000000    0.00000   100%  60.4    0s
H  110    69                     539.0000000    0.00000   100%  44.8    0s
H  159    98                     529.0000000    3.75000  99.3%  45.2    0s
H  164   103                     505.0000000    3.75000  99.3%  47.0    0s
H  241   115                     495.0000000   12.00000  97.6%  44.9    0s
H  294   155                     482.0000000   14.00000  97.1%  47.1    0s
H  346   183                     470.0000000   14.60000  96.9%  45.0    1s
H  373   197                     461.0000000   14.60000  96.8%  43.6    1s
H  490   261                     449.0000000   15.00000  96.7%  43.8    1s
H  505   264                     446.0000000   15.00000  96.6%  42.9    1s
H  558   298                     444.0000000   16.87500  96.2%  43.1    1s
H  584   309                     434.0000000   16.87500  96.1%  43.9    1s
  1991   529  386.02778   23  115  434.00000  198.66667  54.2%  39.5    5s
* 3951   871              29     431.0000000  256.00000  40.6%  35.2    8s
  4785   994  346.55556   28   77  431.00000  271.00000  37.1%  34.2   10s
  8010  1142  385.00000   28   71  431.00000  317.06667  26.4%  31.6   15s
 11796   783 infeasible   29       431.00000  369.29167  14.3%  30.0   20s

Cutting planes:
  Zero half: 2
  RLT: 13
  BQP: 13

Explored 13712 nodes (394889 simplex iterations) in 22.04 seconds (26.67 work units)
Thread count was 1 (of 12 available processors)

Solution count 10: 431 434 444 ... 505

Optimal solution found (tolerance 1.00e-04)
Best objective 4.310000000000e+02, best bound 4.310000000000e+02, gap 0.0000%
431.0
