Set parameter Username
Academic license - for non-commercial use only - expires 2025-08-28
Set parameter Threads to value 1
Set parameter Method to value 4
Gurobi Optimizer version 11.0.0 build v11.0.0rc2 (mac64[arm] - Darwin 23.5.0 23F79)

CPU model: Apple M3 Pro
Thread count: 12 physical cores, 12 logical processors, using up to 1 threads

Optimize a model with 2774 rows, 404 columns and 8330 nonzeros
Model fingerprint: 0x0b7fb64c
Variable types: 236 continuous, 168 integer (168 binary)
Coefficient statistics:
  Matrix range     [1e+00, 1e+00]
  Objective range  [1e+01, 3e+02]
  Bounds range     [1e+00, 1e+00]
  RHS range        [1e+00, 2e+00]
Presolve removed 458 rows and 70 columns
Presolve time: 0.01s
Presolved: 2316 rows, 334 columns, 6800 nonzeros
Variable types: 0 continuous, 334 integer (334 binary)
Found heuristic solution: objective 3898.0000000
Found heuristic solution: objective 3716.0000000

Root relaxation: objective 0.000000e+00, 158 iterations, 0.00 seconds (0.01 work units)

    Nodes    |    Current Node    |     Objective Bounds      |     Work
 Expl Unexpl |  Obj  Depth IntInf | Incumbent    BestBd   Gap | It/Node Time

     0     0    0.00000    0   49 3716.00000    0.00000   100%     -    0s
H    0     0                    3418.0000000    0.00000   100%     -    0s
H    0     0                    2832.0000000    0.00000   100%     -    0s
H    0     0                    2784.0000000    0.00000   100%     -    0s
     0     0    0.00000    0   89 2784.00000    0.00000   100%     -    0s
H    0     0                    1876.0000000    0.00000   100%     -    0s
H    0     0                    1243.0000000    0.00000   100%     -    0s
     0     0    0.00000    0  104 1243.00000    0.00000   100%     -    0s
H    0     0                    1029.0000000    0.00000   100%     -    0s
H    0     0                     852.0000000    0.00000   100%     -    0s
H    0     0                     795.0000000    0.00000   100%     -    0s
     0     0    0.00000    0  117  795.00000    0.00000   100%     -    0s
     0     0    0.00000    0  110  795.00000    0.00000   100%     -    0s
H    0     0                     751.0000000    0.00000   100%     -    0s
     0     0    0.00000    0  110  751.00000    0.00000   100%     -    0s
     0     0    0.00000    0   82  751.00000    0.00000   100%     -    0s
H    0     0                     727.0000000    0.00000   100%     -    0s
     0     0    0.00000    0   80  727.00000    0.00000   100%     -    0s
     0     0    0.00000    0   82  727.00000    0.00000   100%     -    0s
     0     0    0.00000    0   82  727.00000    0.00000   100%     -    0s
H    0     0                     649.0000000    0.00000   100%     -    0s
     0     2    0.00000    0   82  649.00000    0.00000   100%     -    0s
H   52    42                     637.0000000    0.00000   100%  61.6    0s
H   78    62                     621.0000000    0.00000   100%  53.5    0s
H  117    87                     575.0000000    6.00000  99.0%  54.4    0s
H  128    98                     573.0000000    6.00000  99.0%  51.2    0s
H  130   100                     525.0000000    6.00000  98.9%  50.6    0s
H  136   104                     480.0000000    6.00000  98.8%  49.6    0s
H  156   118                     468.0000000    6.00000  98.7%  45.8    0s
H  461   233                     432.0000000   32.75000  92.4%  38.9    1s
H  488   237                     417.0000000   32.75000  92.1%  40.1    1s
  1956   506     cutoff   29       417.00000   73.00000  82.5%  37.5    5s
  4820  1152  302.50000   25   31  417.00000  179.75000  56.9%  31.6   10s
  8146  1573  360.25000   32   94  417.00000  241.00000  42.2%  29.0   15s
 10202  1679  334.00000   39   39  417.00000  269.41667  35.4%  27.9   20s
 13637  1803  409.77778   39   92  417.00000  302.50000  27.5%  26.8   25s
 17806  1623  414.14286   39   38  417.00000  334.00000  19.9%  25.9   30s
 22963   920  387.77778   42   62  417.00000  367.64130  11.8%  23.7   35s

Cutting planes:
  Gomory: 1
  Implied bound: 2
  Flow cover: 13
  Zero half: 20
  RLT: 8
  BQP: 10

Explored 25221 nodes (573517 simplex iterations) in 37.02 seconds (46.34 work units)
Thread count was 1 (of 12 available processors)

Solution count 10: 417 432 468 ... 649

Optimal solution found (tolerance 1.00e-04)
Best objective 4.170000000000e+02, best bound 4.170000000000e+02, gap 0.0000%
417.0
