Set parameter Username
Academic license - for non-commercial use only - expires 2025-08-28
Set parameter Threads to value 1
Set parameter Method to value 4
Gurobi Optimizer version 11.0.0 build v11.0.0rc2 (mac64[arm] - Darwin 23.5.0 23F79)

CPU model: Apple M3 Pro
Thread count: 12 physical cores, 12 logical processors, using up to 1 threads

Optimize a model with 2774 rows, 404 columns and 8330 nonzeros
Model fingerprint: 0x8e8861fb
Variable types: 236 continuous, 168 integer (168 binary)
Coefficient statistics:
  Matrix range     [1e+00, 1e+00]
  Objective range  [1e+01, 3e+02]
  Bounds range     [1e+00, 1e+00]
  RHS range        [1e+00, 2e+00]
Presolve removed 458 rows and 70 columns
Presolve time: 0.01s
Presolved: 2316 rows, 334 columns, 6800 nonzeros
Variable types: 0 continuous, 334 integer (334 binary)
Found heuristic solution: objective 3912.0000000
Found heuristic solution: objective 3730.0000000

Root relaxation: objective 0.000000e+00, 158 iterations, 0.00 seconds (0.01 work units)

    Nodes    |    Current Node    |     Objective Bounds      |     Work
 Expl Unexpl |  Obj  Depth IntInf | Incumbent    BestBd   Gap | It/Node Time

     0     0    0.00000    0   49 3730.00000    0.00000   100%     -    0s
H    0     0                    3428.0000000    0.00000   100%     -    0s
H    0     0                    2842.0000000    0.00000   100%     -    0s
H    0     0                    2794.0000000    0.00000   100%     -    0s
     0     0    0.00000    0   89 2794.00000    0.00000   100%     -    0s
H    0     0                    1885.0000000    0.00000   100%     -    0s
H    0     0                    1250.0000000    0.00000   100%     -    0s
     0     0    0.00000    0   79 1250.00000    0.00000   100%     -    0s
H    0     0                     829.0000000    0.00000   100%     -    0s
     0     0    0.00000    0   89  829.00000    0.00000   100%     -    0s
     0     0    0.00000    0   88  829.00000    0.00000   100%     -    0s
     0     0    0.00000    0   65  829.00000    0.00000   100%     -    0s
     0     0    0.00000    0   63  829.00000    0.00000   100%     -    0s
     0     2    0.00000    0   63  829.00000    0.00000   100%     -    0s
H   26    26                     781.0000000    0.00000   100%  62.5    0s
H   27    27                     762.0000000    0.00000   100%  63.7    0s
H   52    40                     681.0000000    0.00000   100%  47.6    0s
H  108    75                     651.0000000    6.00000  99.1%  56.1    0s
H  130    88                     537.0000000    6.00000  98.9%  58.2    0s
H  163   106                     513.0000000   12.00000  97.7%  57.3    0s
H  370   214                     473.0000000   14.16667  97.0%  59.4    1s
H  376   216                     452.0000000   14.16667  96.9%  59.5    1s
H  381   215                     449.0000000   14.16667  96.8%  58.8    1s
H  395   216                     439.0000000   14.76667  96.6%  60.3    1s
H  404   221                     424.0000000   14.76667  96.5%  61.3    1s
  1959   561  291.50000   24   74  424.00000  123.00000  71.0%  47.4    5s
  4795  1421  259.00000   25   75  424.00000  211.00000  50.2%  37.7   10s
  7753  1971  398.36000   34   67  424.00000  250.37500  40.9%  34.6   15s
 10202  2213  360.50000   36   84  424.00000  270.00000  36.3%  33.3   21s
 12268  2271     cutoff   39       424.00000  289.40909  31.7%  33.5   25s
 15783  2224  416.22222   29   86  424.00000  315.00000  25.7%  33.1   30s
 19536  1718  385.36842   31   98  424.00000  344.00000  18.9%  32.7   35s
 23620    81     cutoff   38       424.00000  410.00000  3.30%  31.9   40s

Cutting planes:
  Cover: 1
  Implied bound: 4
  MIR: 2
  Flow cover: 16
  Inf proof: 1
  Zero half: 24
  RLT: 16
  BQP: 24

Explored 23707 nodes (755849 simplex iterations) in 40.07 seconds (50.53 work units)
Thread count was 1 (of 12 available processors)

Solution count 10: 424 439 449 ... 762

Optimal solution found (tolerance 1.00e-04)
Best objective 4.240000000000e+02, best bound 4.240000000000e+02, gap 0.0000%
424.0
