Set parameter Username
Academic license - for non-commercial use only - expires 2025-08-28
Set parameter Threads to value 1
Set parameter Method to value 4
Gurobi Optimizer version 11.0.0 build v11.0.0rc2 (mac64[arm] - Darwin 23.5.0 23F79)

CPU model: Apple M3 Pro
Thread count: 12 physical cores, 12 logical processors, using up to 1 threads

Optimize a model with 2774 rows, 404 columns and 8330 nonzeros
Model fingerprint: 0xe41be137
Variable types: 236 continuous, 168 integer (168 binary)
Coefficient statistics:
  Matrix range     [1e+00, 1e+00]
  Objective range  [1e+01, 3e+02]
  Bounds range     [1e+00, 1e+00]
  RHS range        [1e+00, 2e+00]
Presolve removed 458 rows and 70 columns
Presolve time: 0.01s
Presolved: 2316 rows, 334 columns, 6800 nonzeros
Variable types: 0 continuous, 334 integer (334 binary)
Found heuristic solution: objective 3905.0000000
Found heuristic solution: objective 3730.0000000

Root relaxation: objective 0.000000e+00, 158 iterations, 0.01 seconds (0.01 work units)

    Nodes    |    Current Node    |     Objective Bounds      |     Work
 Expl Unexpl |  Obj  Depth IntInf | Incumbent    BestBd   Gap | It/Node Time

     0     0    0.00000    0   49 3730.00000    0.00000   100%     -    0s
H    0     0                    3421.0000000    0.00000   100%     -    0s
H    0     0                    2837.0000000    0.00000   100%     -    0s
H    0     0                    2789.0000000    0.00000   100%     -    0s
     0     0    0.00000    0   89 2789.00000    0.00000   100%     -    0s
H    0     0                    1883.0000000    0.00000   100%     -    0s
H    0     0                    1248.0000000    0.00000   100%     -    0s
     0     0    0.00000    0   79 1248.00000    0.00000   100%     -    0s
H    0     0                     829.0000000    0.00000   100%     -    0s
     0     0    0.00000    0  109  829.00000    0.00000   100%     -    0s
H    0     0                     601.0000000    0.00000   100%     -    0s
     0     0    0.00000    0  111  601.00000    0.00000   100%     -    0s
     0     0    0.00000    0   66  601.00000    0.00000   100%     -    0s
     0     0    0.00000    0   66  601.00000    0.00000   100%     -    0s
H    0     0                     553.0000000    0.00000   100%     -    0s
     0     2    0.00000    0   66  553.00000    0.00000   100%     -    0s
H  108    73                     469.0000000    0.00000   100%  58.5    0s
H  163   108                     445.0000000    0.00000   100%  56.3    0s
H  342   179                     427.0000000    6.00000  98.6%  47.4    1s
H  446   241                     424.0000000   12.00000  97.2%  46.9    1s
  1980   543  336.00000   38   77  424.00000   56.50000  86.7%  42.4    5s
  4707  1206     cutoff   32       424.00000  154.83333  63.5%  38.2   10s
  7705  1878  355.00000   30   49  424.00000  203.16667  52.1%  35.0   15s
 10202  2299  405.73333   34   62  424.00000  232.83333  45.1%  33.1   22s
 12191  2490  393.46869   29  105  424.00000  249.90000  41.1%  32.6   25s
 15416  2667  364.00000   37   99  424.00000  278.00000  34.4%  32.5   30s
 19033  2815  313.96364   31   90  424.00000  299.27143  29.4%  32.1   35s
 22830  2864  420.54386   31  110  424.00000  317.34127  25.2%  31.5   40s
 26919  2709 infeasible   40       424.00000  334.41667  21.1%  30.7   45s
 31170  2159  400.70000   39   92  424.00000  354.25000  16.5%  30.0   50s
 35313   977     cutoff   36       424.00000  381.00000  10.1%  29.2   55s

Cutting planes:
  Gomory: 1
  Implied bound: 3
  MIR: 1
  Flow cover: 19
  Inf proof: 1
  Zero half: 30
  RLT: 18
  BQP: 28

Explored 36933 nodes (1063309 simplex iterations) in 56.73 seconds (71.58 work units)
Thread count was 1 (of 12 available processors)

Solution count 10: 424 427 445 ... 2789

Optimal solution found (tolerance 1.00e-04)
Best objective 4.240000000000e+02, best bound 4.240000000000e+02, gap 0.0000%
424.0
