Set parameter Username
Academic license - for non-commercial use only - expires 2025-08-28
Set parameter Threads to value 1
Set parameter Method to value 4
Gurobi Optimizer version 11.0.0 build v11.0.0rc2 (mac64[arm] - Darwin 23.5.0 23F79)

CPU model: Apple M3 Pro
Thread count: 12 physical cores, 12 logical processors, using up to 1 threads

Optimize a model with 2921 rows, 421 columns and 8772 nonzeros
Model fingerprint: 0x762c4b91
Variable types: 245 continuous, 176 integer (176 binary)
Coefficient statistics:
  Matrix range     [1e+00, 1e+00]
  Objective range  [1e+01, 3e+02]
  Bounds range     [1e+00, 1e+00]
  RHS range        [1e+00, 2e+00]
Presolve removed 476 rows and 72 columns
Presolve time: 0.01s
Presolved: 2445 rows, 349 columns, 7176 nonzeros
Variable types: 0 continuous, 349 integer (349 binary)
Found heuristic solution: objective 3933.0000000
Found heuristic solution: objective 3800.0000000

Root relaxation: objective 0.000000e+00, 191 iterations, 0.00 seconds (0.01 work units)

    Nodes    |    Current Node    |     Objective Bounds      |     Work
 Expl Unexpl |  Obj  Depth IntInf | Incumbent    BestBd   Gap | It/Node Time

     0     0    0.00000    0   74 3800.00000    0.00000   100%     -    0s
H    0     0                    1392.0000000    0.00000   100%     -    0s
H    0     0                    1300.0000000    0.00000   100%     -    0s
     0     0    0.00000    0   87 1300.00000    0.00000   100%     -    0s
H    0     0                    1200.0000000    0.00000   100%     -    0s
     0     0    0.00000    0  108 1200.00000    0.00000   100%     -    0s
H    0     0                    1155.0000000    0.00000   100%     -    0s
H    0     0                    1143.0000000    0.00000   100%     -    0s
     0     0    0.00000    0   99 1143.00000    0.00000   100%     -    0s
     0     0    0.00000    0  106 1143.00000    0.00000   100%     -    0s
H    0     0                     945.0000000    0.00000   100%     -    0s
     0     0    0.00000    0  105  945.00000    0.00000   100%     -    0s
     0     0    0.00000    0  124  945.00000    0.00000   100%     -    0s
     0     0    0.00000    0  124  945.00000    0.00000   100%     -    0s
     0     2    0.00000    0  124  945.00000    0.00000   100%     -    0s
H   27    27                     730.0000000    6.00000  99.2%  85.3    0s
H   52    52                     682.0000000    6.00000  99.1%  76.5    0s
H   54    54                     643.0000000    6.00000  99.1%  74.9    0s
H   78    66                     569.0000000    7.33333  98.7%  64.4    0s
H  108    80                     521.0000000   12.00000  97.7%  60.3    0s
H  156   100                     494.0000000   19.20000  96.1%  59.6    0s
  1717   657  194.00000   18   80  494.00000  129.50000  73.8%  49.5    5s
  4152  1466  435.33333   22   81  494.00000  199.13333  59.7%  40.5   10s
  6716  2273  303.50000   24   71  494.00000  235.66667  52.3%  37.1   15s
  9385  3095  464.96552   31   80  494.00000  262.00000  47.0%  35.3   20s
 10202  3316  425.00000   36   59  494.00000  268.00000  45.7%  34.9   25s
 12515  3938  490.50000   31   96  494.00000  285.75000  42.2%  35.4   30s
 15151  4582  402.00000   23   41  494.00000  302.00000  38.9%  35.8   35s
 17982  5178  376.00000   24   84  494.00000  315.68868  36.1%  35.9   40s
 20812  5716  479.00000   31   70  494.00000  325.00000  34.2%  36.0   45s
 23703  6174 infeasible   32       494.00000  333.83333  32.4%  35.8   50s
 26583  6594  364.80488   27  101  494.00000  342.00000  30.8%  35.8   55s
 29545  6933  480.66667   36   78  494.00000  349.51429  29.2%  35.9   60s
 32514  7282     cutoff   31       494.00000  357.04082  27.7%  35.8   65s
 35587  7612  467.00000   35   64  494.00000  362.74405  26.6%  35.7   70s
 38699  7865     cutoff   35       494.00000  368.50000  25.4%  35.7   75s
 41616  8043  475.88333   29   88  494.00000  373.56884  24.4%  35.6   80s
 44489  8165  457.37838   30  135  494.00000  378.00000  23.5%  35.5   85s
 47523  8202 infeasible   32       494.00000  383.02500  22.5%  35.4   90s
 50581  8246  486.24324   38   98  494.00000  388.12692  21.4%  35.3   95s
 53756  8161  459.66667   32   91  494.00000  392.85714  20.5%  35.2  100s
 56969  8036     cutoff   39       494.00000  397.81333  19.5%  35.0  105s
 60028  7830     cutoff   36       494.00000  402.87500  18.4%  34.8  110s
 63354  7569  481.05882   36  105  494.00000  407.76923  17.5%  34.6  115s
 66811  7223     cutoff   37       494.00000  412.84000  16.4%  34.4  120s
 70324  6734  481.80000   44   97  494.00000  418.66667  15.2%  34.2  125s
 73668  6106     cutoff   34       494.00000  425.00000  14.0%  34.0  130s
 77076  5387     cutoff   38       494.00000  431.63265  12.6%  33.8  135s
 80636  4376     cutoff   31       494.00000  440.00000  10.9%  33.5  140s
 84381  2982  464.50000   37  116  494.00000  450.58333  8.79%  33.1  145s
 88418   715 infeasible   36       494.00000  474.00000  4.05%  32.5  150s

Cutting planes:
  Gomory: 2
  Implied bound: 13
  MIR: 3
  Flow cover: 53
  Zero half: 59
  RLT: 33
  BQP: 25

Explored 89245 nodes (2889885 simplex iterations) in 150.94 seconds (191.84 work units)
Thread count was 1 (of 12 available processors)

Solution count 10: 494 521 569 ... 1200

Optimal solution found (tolerance 1.00e-04)
Best objective 4.940000000000e+02, best bound 4.940000000000e+02, gap 0.0000%
494.0
