Set parameter Username
Academic license - for non-commercial use only - expires 2025-08-28
Set parameter Threads to value 1
Set parameter Method to value 4
Gurobi Optimizer version 11.0.0 build v11.0.0rc2 (mac64[arm] - Darwin 23.5.0 23F79)

CPU model: Apple M3 Pro
Thread count: 12 physical cores, 12 logical processors, using up to 1 threads

Optimize a model with 2921 rows, 421 columns and 8772 nonzeros
Model fingerprint: 0xa31db72c
Variable types: 245 continuous, 176 integer (176 binary)
Coefficient statistics:
  Matrix range     [1e+00, 1e+00]
  Objective range  [1e+01, 3e+02]
  Bounds range     [1e+00, 1e+00]
  RHS range        [1e+00, 2e+00]
Presolve removed 476 rows and 72 columns
Presolve time: 0.01s
Presolved: 2445 rows, 349 columns, 7176 nonzeros
Variable types: 0 continuous, 349 integer (349 binary)
Found heuristic solution: objective 3891.0000000
Found heuristic solution: objective 3800.0000000

Root relaxation: objective 0.000000e+00, 191 iterations, 0.00 seconds (0.01 work units)

    Nodes    |    Current Node    |     Objective Bounds      |     Work
 Expl Unexpl |  Obj  Depth IntInf | Incumbent    BestBd   Gap | It/Node Time

     0     0    0.00000    0   74 3800.00000    0.00000   100%     -    0s
H    0     0                    1392.0000000    0.00000   100%     -    0s
H    0     0                    1258.0000000    0.00000   100%     -    0s
     0     0    0.00000    0   87 1258.00000    0.00000   100%     -    0s
H    0     0                    1150.0000000    0.00000   100%     -    0s
     0     0    0.00000    0  106 1150.00000    0.00000   100%     -    0s
H    0     0                     813.0000000    0.00000   100%     -    0s
     0     0    0.00000    0  117  813.00000    0.00000   100%     -    0s
     0     0    0.00000    0   79  813.00000    0.00000   100%     -    0s
H    0     0                     766.0000000    0.00000   100%     -    0s
H    0     0                     692.0000000    0.00000   100%     -    0s
H    0     0                     644.0000000    0.00000   100%     -    0s
     0     0    0.00000    0  104  644.00000    0.00000   100%     -    0s
     0     0    0.00000    0   89  644.00000    0.00000   100%     -    0s
     0     0    0.00000    0   89  644.00000    0.00000   100%     -    0s
H    0     0                     566.0000000    0.00000   100%     -    0s
     0     2    0.00000    0   89  566.00000    0.00000   100%     -    0s
H   27    21                     564.0000000    0.00000   100%  68.1    0s
H  227   145                     545.0000000   18.50000  96.6%  55.8    0s
H  237   150                     534.0000000   18.50000  96.5%  54.4    0s
H  683   386                     513.0000000   32.25000  93.7%  64.1    2s
H 1769   577                     512.0000000   79.00000  84.6%  47.7    4s
H 1779   536                     494.0000000   79.00000  84.0%  47.6    4s
  1782   540  262.50000   24   69  494.00000   81.00000  83.6%  47.6    5s
  4453  1506  313.40000   25   74  494.00000  157.29167  68.2%  37.5   10s
  7254  2401  421.00000   31   55  494.00000  196.00000  60.3%  34.1   15s
 10123  3173  359.47000   30  115  494.00000  221.66667  55.1%  32.2   20s
 10240  3217  481.94444   38  186  494.00000  222.00000  55.1%  32.1   25s
 10757  3317  222.00000   43  116  494.00000  222.00000  55.1%  34.2   30s
 13052  3433  480.70833   52   84  494.00000  268.02778  45.7%  35.7   35s
 15846  3240  401.50000   49   88  494.00000  304.75000  38.3%  36.2   40s
 18895  2800     cutoff   51       494.00000  331.25000  32.9%  36.5   45s
 22155  2877     cutoff   55       494.00000  350.68750  29.0%  36.3   50s
 25641  3142     cutoff   55       494.00000  366.26667  25.9%  36.1   55s
 29230  3211  461.00000   58   88  494.00000  381.75000  22.7%  35.8   60s
 32954  3119 infeasible   46       494.00000  394.64000  20.1%  35.5   65s
 36836  2867  462.13636   51  107  494.00000  409.06667  17.2%  35.1   70s
 40432  2336  471.00000   42   63  494.00000  423.00000  14.4%  34.8   75s
 44497  1171  462.80513   50   83  494.00000  446.50000  9.62%  34.3   80s

Cutting planes:
  Gomory: 3
  Cover: 1
  Implied bound: 5
  MIR: 3
  Flow cover: 29
  Zero half: 43
  RLT: 12
  BQP: 10

Explored 46867 nodes (1576906 simplex iterations) in 82.59 seconds (104.49 work units)
Thread count was 1 (of 12 available processors)

Solution count 10: 494 512 513 ... 766

Optimal solution found (tolerance 1.00e-04)
Best objective 4.940000000000e+02, best bound 4.940000000000e+02, gap 0.0000%
494.0
