Set parameter Username
Academic license - for non-commercial use only - expires 2025-08-28
Set parameter Threads to value 1
Set parameter Method to value 4
Gurobi Optimizer version 11.0.0 build v11.0.0rc2 (mac64[arm] - Darwin 23.5.0 23F79)

CPU model: Apple M3 Pro
Thread count: 12 physical cores, 12 logical processors, using up to 1 threads

Optimize a model with 2774 rows, 404 columns and 8330 nonzeros
Model fingerprint: 0x5bc86f6c
Variable types: 236 continuous, 168 integer (168 binary)
Coefficient statistics:
  Matrix range     [1e+00, 1e+00]
  Objective range  [1e+01, 3e+02]
  Bounds range     [1e+00, 1e+00]
  RHS range        [1e+00, 2e+00]
Presolve removed 458 rows and 70 columns
Presolve time: 0.01s
Presolved: 2316 rows, 334 columns, 6800 nonzeros
Variable types: 0 continuous, 334 integer (334 binary)
Found heuristic solution: objective 3898.0000000
Found heuristic solution: objective 3723.0000000

Root relaxation: objective 0.000000e+00, 158 iterations, 0.00 seconds (0.01 work units)

    Nodes    |    Current Node    |     Objective Bounds      |     Work
 Expl Unexpl |  Obj  Depth IntInf | Incumbent    BestBd   Gap | It/Node Time

     0     0    0.00000    0   49 3723.00000    0.00000   100%     -    0s
H    0     0                    3418.0000000    0.00000   100%     -    0s
H    0     0                    2832.0000000    0.00000   100%     -    0s
H    0     0                    2784.0000000    0.00000   100%     -    0s
     0     0    0.00000    0   89 2784.00000    0.00000   100%     -    0s
H    0     0                    1876.0000000    0.00000   100%     -    0s
H    0     0                    1242.0000000    0.00000   100%     -    0s
     0     0    0.00000    0  104 1242.00000    0.00000   100%     -    0s
H    0     0                    1026.0000000    0.00000   100%     -    0s
H    0     0                     845.0000000    0.00000   100%     -    0s
H    0     0                     788.0000000    0.00000   100%     -    0s
     0     0    0.00000    0  117  788.00000    0.00000   100%     -    0s
     0     0    0.00000    0  119  788.00000    0.00000   100%     -    0s
H    0     0                     765.0000000    0.00000   100%     -    0s
     0     0    0.00000    0  113  765.00000    0.00000   100%     -    0s
     0     0    0.00000    0  110  765.00000    0.00000   100%     -    0s
     0     0    0.00000    0   90  765.00000    0.00000   100%     -    0s
H    0     0                     696.0000000    0.00000   100%     -    0s
H    0     0                     663.0000000    0.00000   100%     -    0s
     0     2    0.00000    0   90  663.00000    0.00000   100%     -    0s
H  164   110                     660.0000000    2.08333   100%  45.9    0s
*  173   114              27     648.0000000    2.08333   100%  44.6    0s
*  184   111              29     623.0000000    2.08333   100%  42.2    0s
H  191   115                     611.0000000   12.00000  98.0%  41.9    0s
H  211   122                     500.0000000   12.00000  97.6%  41.6    0s
H  238   125                     479.0000000   12.00000  97.5%  39.4    0s
H  271   146                     432.0000000   12.00000  97.2%  40.8    0s
H  384   189                     420.0000000   25.00000  94.0%  43.1    1s
H  553   259                     417.0000000   32.00000  92.3%  41.1    1s
  2097   500  283.66667   24  105  417.00000   68.00000  83.7%  38.4    5s
  4479  1119  411.66667   43   46  417.00000  143.50000  65.6%  36.1   10s
  7428  1745  229.00000   32   62  417.00000  182.50000  56.2%  35.1   15s
 10191  2275  328.08333   31   74  417.00000  211.33333  49.3%  34.0   20s
 11017  2378  365.69048   24   81  417.00000  220.66667  47.1%  34.1   25s
 13912  2866  294.00000   28   75  417.00000  245.66667  41.1%  34.5   30s
 17135  3398  320.19351   37  117  417.00000  265.51111  36.3%  34.4   35s
 20474  3911  364.56193   35  133  417.00000  279.50000  33.0%  34.1   40s
 23568  4340  398.23810   37  109  417.00000  290.40000  30.4%  33.9   45s
 27008  4737     cutoff   36       417.00000  299.37500  28.2%  33.7   50s
 30547  4967  400.56667   34   97  417.00000  308.36364  26.1%  33.5   55s
 34092  5043  334.58333   34   98  417.00000  316.43478  24.1%  33.3   60s
 37752  5036  341.91000   37   95  417.00000  324.71429  22.1%  33.0   65s
 41207  5012  355.00000   34   95  417.00000  331.92568  20.4%  32.8   70s
 44899  4829     cutoff   41       417.00000  338.65385  18.8%  32.6   75s
 48426  4519  404.50000   43   56  417.00000  345.75000  17.1%  32.4   80s
 52268  3916  377.00000   41   52  417.00000  354.77143  14.9%  32.2   85s
 56065  3093  410.50909   38   82  417.00000  365.70833  12.3%  32.0   90s
 60016  1627     cutoff   37       417.00000  383.00000  8.15%  31.6   95s

Cutting planes:
  Gomory: 1
  Implied bound: 14
  MIR: 1
  Flow cover: 45
  Zero half: 47
  RLT: 20
  BQP: 27

Explored 62702 nodes (1941690 simplex iterations) in 97.76 seconds (123.82 work units)
Thread count was 1 (of 12 available processors)

Solution count 10: 417 420 432 ... 663

Optimal solution found (tolerance 1.00e-04)
Best objective 4.170000000000e+02, best bound 4.170000000000e+02, gap 0.0000%
417.0
