Set parameter Username
Academic license - for non-commercial use only - expires 2025-08-28
Set parameter Threads to value 1
Set parameter Method to value 4
Gurobi Optimizer version 11.0.0 build v11.0.0rc2 (mac64[arm] - Darwin 23.5.0 23F79)

CPU model: Apple M3 Pro
Thread count: 12 physical cores, 12 logical processors, using up to 1 threads

Optimize a model with 2774 rows, 404 columns and 8330 nonzeros
Model fingerprint: 0x77d684ae
Variable types: 236 continuous, 168 integer (168 binary)
Coefficient statistics:
  Matrix range     [1e+00, 1e+00]
  Objective range  [1e+01, 3e+02]
  Bounds range     [1e+00, 1e+00]
  RHS range        [1e+00, 2e+00]
Presolve removed 458 rows and 70 columns
Presolve time: 0.01s
Presolved: 2316 rows, 334 columns, 6800 nonzeros
Variable types: 0 continuous, 334 integer (334 binary)
Found heuristic solution: objective 3870.0000000
Found heuristic solution: objective 3730.0000000

Root relaxation: objective 0.000000e+00, 158 iterations, 0.00 seconds (0.01 work units)

    Nodes    |    Current Node    |     Objective Bounds      |     Work
 Expl Unexpl |  Obj  Depth IntInf | Incumbent    BestBd   Gap | It/Node Time

     0     0    0.00000    0   49 3730.00000    0.00000   100%     -    0s
H    0     0                    3386.0000000    0.00000   100%     -    0s
H    0     0                    2812.0000000    0.00000   100%     -    0s
H    0     0                    2764.0000000    0.00000   100%     -    0s
     0     0    0.00000    0   89 2764.00000    0.00000   100%     -    0s
H    0     0                    1873.0000000    0.00000   100%     -    0s
H    0     0                    1238.0000000    0.00000   100%     -    0s
     0     0    0.00000    0   79 1238.00000    0.00000   100%     -    0s
H    0     0                     829.0000000    0.00000   100%     -    0s
     0     0    0.00000    0  120  829.00000    0.00000   100%     -    0s
H    0     0                     553.0000000    0.00000   100%     -    0s
     0     0    0.00000    0  124  553.00000    0.00000   100%     -    0s
     0     0    0.00000    0   89  553.00000    0.00000   100%     -    0s
     0     0    0.00000    0   89  553.00000    0.00000   100%     -    0s
H    0     0                     513.0000000    0.00000   100%     -    0s
     0     2    0.00000    0   89  513.00000    0.00000   100%     -    0s
H   55    38                     501.0000000    6.00000  98.8%  50.3    0s
H  183   107                     498.0000000   12.00000  97.6%  48.7    0s
H  722   392                     496.0000000   40.00000  91.9%  58.7    2s
H  777   401                     481.0000000   40.00000  91.7%  59.7    2s
H  785   384                     475.0000000   40.00000  91.6%  59.3    2s
*  789   363              37     463.0000000   40.00000  91.4%  59.0    2s
*  790   344              36     451.0000000   40.00000  91.1%  59.0    2s
H  849   333                     442.0000000   40.00000  91.0%  57.7    2s
H  873   317                     427.0000000   60.00000  85.9%  57.1    2s
H 1140   341                     424.0000000   89.00000  79.0%  51.3    3s
  1964   502  269.05000   25   87  424.00000  145.00000  65.8%  41.8    5s
  4710  1211  336.00000   28   73  424.00000  222.50000  47.5%  34.1   10s
  7795  1585  348.00000   33   95  424.00000  274.00000  35.4%  31.1   15s
 10202  1756     cutoff   36       424.00000  302.00000  28.8%  29.6   21s
 12915  1701  405.53571   39   94  424.00000  327.00000  22.9%  28.9   25s
 17054   969  405.10000   26   89  424.00000  366.12500  13.6%  27.8   30s

Cutting planes:
  Gomory: 1
  Flow cover: 7
  Zero half: 11
  RLT: 15
  BQP: 20

Explored 18951 nodes (513286 simplex iterations) in 32.00 seconds (39.41 work units)
Thread count was 1 (of 12 available processors)

Solution count 10: 424 427 442 ... 501

Optimal solution found (tolerance 1.00e-04)
Best objective 4.240000000000e+02, best bound 4.240000000000e+02, gap 0.0000%
424.0
