Set parameter Username
Academic license - for non-commercial use only - expires 2025-08-28
Set parameter Threads to value 1
Set parameter Method to value 4
Gurobi Optimizer version 11.0.0 build v11.0.0rc2 (mac64[arm] - Darwin 23.5.0 23F79)

CPU model: Apple M3 Pro
Thread count: 12 physical cores, 12 logical processors, using up to 1 threads

Optimize a model with 2774 rows, 404 columns and 8330 nonzeros
Model fingerprint: 0xf3c3f6d7
Variable types: 236 continuous, 168 integer (168 binary)
Coefficient statistics:
  Matrix range     [1e+00, 1e+00]
  Objective range  [1e+01, 3e+02]
  Bounds range     [1e+00, 1e+00]
  RHS range        [1e+00, 2e+00]
Presolve removed 458 rows and 70 columns
Presolve time: 0.01s
Presolved: 2316 rows, 334 columns, 6800 nonzeros
Variable types: 0 continuous, 334 integer (334 binary)
Found heuristic solution: objective 3863.0000000
Found heuristic solution: objective 3737.0000000

Root relaxation: objective 0.000000e+00, 158 iterations, 0.00 seconds (0.01 work units)

    Nodes    |    Current Node    |     Objective Bounds      |     Work
 Expl Unexpl |  Obj  Depth IntInf | Incumbent    BestBd   Gap | It/Node Time

     0     0    0.00000    0   49 3737.00000    0.00000   100%     -    0s
H    0     0                    3375.0000000    0.00000   100%     -    0s
H    0     0                    2807.0000000    0.00000   100%     -    0s
H    0     0                    2759.0000000    0.00000   100%     -    0s
     0     0    0.00000    0   89 2759.00000    0.00000   100%     -    0s
H    0     0                    1876.0000000    0.00000   100%     -    0s
H    0     0                    1240.0000000    0.00000   100%     -    0s
     0     0    0.00000    0   90 1240.00000    0.00000   100%     -    0s
H    0     0                    1100.0000000    0.00000   100%     -    0s
H    0     0                    1088.0000000    0.00000   100%     -    0s
     0     0    0.00000    0  114 1088.00000    0.00000   100%     -    0s
     0     0    0.00000    0   92 1088.00000    0.00000   100%     -    0s
H    0     0                    1007.0000000    0.00000   100%     -    0s
H    0     0                     986.0000000    0.00000   100%     -    0s
H    0     0                     942.0000000    0.00000   100%     -    0s
H    0     0                     793.0000000    0.00000   100%     -    0s
H    0     0                     763.0000000    0.00000   100%     -    0s
     0     0    0.00000    0   96  763.00000    0.00000   100%     -    0s
     0     0    0.00000    0   89  763.00000    0.00000   100%     -    0s
     0     0    0.00000    0   89  763.00000    0.00000   100%     -    0s
H    0     0                     715.0000000    0.00000   100%     -    0s
     0     2    0.00000    0   61  715.00000    0.00000   100%     -    0s
H   26    25                     687.0000000    0.00000   100%  72.1    0s
H   27    24                     587.0000000    0.00000   100%  71.1    0s
H   52    43                     576.0000000    0.00000   100%  59.5    0s
H  138   101                     458.0000000    0.00000   100%  44.7    0s
H  183   120                     455.0000000    0.00000   100%  44.4    0s
H  417   228                     431.0000000    6.00000  98.6%  45.4    1s
  2087   600  211.00000   25   52  431.00000   96.93333  77.5%  35.6    5s
  4951  1486  304.00000   30   54  431.00000  152.16667  64.7%  32.5   10s
  8009  2273  389.35000   30   81  431.00000  188.00000  56.4%  31.2   15s
 10203  2728  367.22222   31   89  431.00000  209.00000  51.5%  30.6   21s
 10412  2802  263.93182   36  103  431.00000  209.00000  51.5%  28.5   25s
 13085  2616  338.56250   48   88  431.00000  273.00000  36.7%  29.4   30s
 17407  1373  385.61538   46  110  431.00000  336.25000  22.0%  28.2   35s

Cutting planes:
  Gomory: 5
  Implied bound: 6
  MIR: 5
  Flow cover: 34
  Zero half: 45
  RLT: 9
  BQP: 11

Explored 21556 nodes (611613 simplex iterations) in 39.40 seconds (49.31 work units)
Thread count was 1 (of 12 available processors)

Solution count 10: 431 455 458 ... 942

Optimal solution found (tolerance 1.00e-04)
Best objective 4.310000000000e+02, best bound 4.310000000000e+02, gap 0.0000%
431.0
