Set parameter Username
Academic license - for non-commercial use only - expires 2025-08-28
Set parameter Threads to value 1
Set parameter Method to value 4
Gurobi Optimizer version 11.0.0 build v11.0.0rc2 (mac64[arm] - Darwin 23.5.0 23F79)

CPU model: Apple M3 Pro
Thread count: 12 physical cores, 12 logical processors, using up to 1 threads

Optimize a model with 2774 rows, 404 columns and 8330 nonzeros
Model fingerprint: 0x5f84a182
Variable types: 236 continuous, 168 integer (168 binary)
Coefficient statistics:
  Matrix range     [1e+00, 1e+00]
  Objective range  [1e+01, 3e+02]
  Bounds range     [1e+00, 1e+00]
  RHS range        [1e+00, 2e+00]
Presolve removed 458 rows and 70 columns
Presolve time: 0.01s
Presolved: 2316 rows, 334 columns, 6800 nonzeros
Variable types: 0 continuous, 334 integer (334 binary)
Found heuristic solution: objective 3891.0000000
Found heuristic solution: objective 3716.0000000

Root relaxation: objective 0.000000e+00, 158 iterations, 0.00 seconds (0.01 work units)

    Nodes    |    Current Node    |     Objective Bounds      |     Work
 Expl Unexpl |  Obj  Depth IntInf | Incumbent    BestBd   Gap | It/Node Time

     0     0    0.00000    0   49 3716.00000    0.00000   100%     -    0s
H    0     0                    3411.0000000    0.00000   100%     -    0s
H    0     0                    2827.0000000    0.00000   100%     -    0s
H    0     0                    2779.0000000    0.00000   100%     -    0s
     0     0    0.00000    0   89 2779.00000    0.00000   100%     -    0s
H    0     0                    1874.0000000    0.00000   100%     -    0s
H    0     0                    1241.0000000    0.00000   100%     -    0s
     0     0    0.00000    0  104 1241.00000    0.00000   100%     -    0s
H    0     0                    1026.0000000    0.00000   100%     -    0s
H    0     0                     845.0000000    0.00000   100%     -    0s
H    0     0                     788.0000000    0.00000   100%     -    0s
     0     0    0.00000    0  117  788.00000    0.00000   100%     -    0s
     0     0    0.00000    0  119  788.00000    0.00000   100%     -    0s
H    0     0                     765.0000000    0.00000   100%     -    0s
     0     0    0.00000    0  113  765.00000    0.00000   100%     -    0s
     0     0    0.00000    0  110  765.00000    0.00000   100%     -    0s
     0     0    0.00000    0   90  765.00000    0.00000   100%     -    0s
H    0     0                     696.0000000    0.00000   100%     -    0s
H    0     0                     663.0000000    0.00000   100%     -    0s
     0     2    0.00000    0   90  663.00000    0.00000   100%     -    0s
H  158   102                     535.0000000    0.00000   100%  46.1    0s
H  158   100                     523.0000000    0.00000   100%  46.1    0s
H  161   103                     500.0000000    0.00000   100%  45.4    0s
H  191   103                     464.0000000    4.50000  99.0%  45.1    0s
H  294   129                     455.0000000   12.00000  97.4%  44.0    0s
H  383   158                     443.0000000   25.00000  94.4%  43.3    1s
H  437   193                     420.0000000   25.00000  94.0%  44.7    1s
H  452   193                     417.0000000   25.00000  94.0%  43.8    1s
  2032   452  375.50000   29   69  417.00000  176.00000  57.8%  38.5    5s
  4748  1033  375.60000   35   98  417.00000  240.00000  42.4%  34.7   10s
  7937  1314  295.83333   33   79  417.00000  295.14286  29.2%  32.3   15s
 11589  1101  379.09064   27  108  417.00000  333.66300  20.0%  30.6   20s

Cutting planes:
  Zero half: 6
  RLT: 5
  BQP: 12

Explored 15703 nodes (445726 simplex iterations) in 24.81 seconds (30.95 work units)
Thread count was 1 (of 12 available processors)

Solution count 10: 417 420 443 ... 696

Optimal solution found (tolerance 1.00e-04)
Best objective 4.170000000000e+02, best bound 4.170000000000e+02, gap 0.0000%
417.0
