Set parameter Username
Academic license - for non-commercial use only - expires 2025-08-28
Set parameter Threads to value 1
Set parameter Method to value 4
Gurobi Optimizer version 11.0.0 build v11.0.0rc2 (mac64[arm] - Darwin 23.5.0 23F79)

CPU model: Apple M3 Pro
Thread count: 12 physical cores, 12 logical processors, using up to 1 threads

Optimize a model with 2774 rows, 404 columns and 8330 nonzeros
Model fingerprint: 0x0919b953
Variable types: 236 continuous, 168 integer (168 binary)
Coefficient statistics:
  Matrix range     [1e+00, 1e+00]
  Objective range  [1e+01, 3e+02]
  Bounds range     [1e+00, 1e+00]
  RHS range        [1e+00, 2e+00]
Presolve removed 458 rows and 70 columns
Presolve time: 0.01s
Presolved: 2316 rows, 334 columns, 6800 nonzeros
Variable types: 0 continuous, 334 integer (334 binary)
Found heuristic solution: objective 3877.0000000
Found heuristic solution: objective 3723.0000000

Root relaxation: objective 0.000000e+00, 158 iterations, 0.01 seconds (0.01 work units)

    Nodes    |    Current Node    |     Objective Bounds      |     Work
 Expl Unexpl |  Obj  Depth IntInf | Incumbent    BestBd   Gap | It/Node Time

     0     0    0.00000    0   49 3723.00000    0.00000   100%     -    0s
H    0     0                    3397.0000000    0.00000   100%     -    0s
H    0     0                    2817.0000000    0.00000   100%     -    0s
H    0     0                    2769.0000000    0.00000   100%     -    0s
     0     0    0.00000    0   89 2769.00000    0.00000   100%     -    0s
H    0     0                    1870.0000000    0.00000   100%     -    0s
H    0     0                    1236.0000000    0.00000   100%     -    0s
     0     0    0.00000    0   79 1236.00000    0.00000   100%     -    0s
H    0     0                     823.0000000    0.00000   100%     -    0s
     0     0    0.00000    0  126  823.00000    0.00000   100%     -    0s
H    0     0                     595.0000000    0.00000   100%     -    0s
     0     0    0.00000    0  126  595.00000    0.00000   100%     -    0s
     0     0    0.00000    0  115  595.00000    0.00000   100%     -    0s
     0     0    0.00000    0   73  595.00000    0.00000   100%     -    0s
H    0     0                     547.0000000    0.00000   100%     -    0s
     0     2    0.00000    0   73  547.00000    0.00000   100%     -    0s
H   28    23                     463.0000000    3.00000  99.4%  50.7    0s
*  143    94              26     448.0000000   22.00000  95.1%  50.0    0s
H  318   171                     441.0000000   36.00000  91.8%  45.7    0s
H  555   311                     432.0000000   37.50000  91.3%  45.5    1s
* 1896    92              23     420.0000000  372.00000  11.4%  35.9    4s
* 1899    86              23     417.0000000  372.00000  10.8%  35.9    4s

Cutting planes:
  RLT: 4
  BQP: 11

Explored 2045 nodes (73352 simplex iterations) in 4.70 seconds (5.91 work units)
Thread count was 1 (of 12 available processors)

Solution count 10: 417 420 432 ... 1236

Optimal solution found (tolerance 1.00e-04)
Best objective 4.170000000000e+02, best bound 4.170000000000e+02, gap 0.0000%
417.0
