Set parameter Username
Academic license - for non-commercial use only - expires 2025-08-28
Set parameter Threads to value 1
Set parameter Method to value 4
Gurobi Optimizer version 11.0.0 build v11.0.0rc2 (mac64[arm] - Darwin 23.5.0 23F79)

CPU model: Apple M3 Pro
Thread count: 12 physical cores, 12 logical processors, using up to 1 threads

Optimize a model with 2921 rows, 421 columns and 8772 nonzeros
Model fingerprint: 0x63ecdb55
Variable types: 245 continuous, 176 integer (176 binary)
Coefficient statistics:
  Matrix range     [1e+00, 1e+00]
  Objective range  [1e+01, 3e+02]
  Bounds range     [1e+00, 1e+00]
  RHS range        [1e+00, 2e+00]
Presolve removed 476 rows and 72 columns
Presolve time: 0.01s
Presolved: 2445 rows, 349 columns, 7176 nonzeros
Variable types: 0 continuous, 349 integer (349 binary)
Found heuristic solution: objective 3954.0000000
Found heuristic solution: objective 3800.0000000

Root relaxation: objective 0.000000e+00, 191 iterations, 0.00 seconds (0.01 work units)

    Nodes    |    Current Node    |     Objective Bounds      |     Work
 Expl Unexpl |  Obj  Depth IntInf | Incumbent    BestBd   Gap | It/Node Time

     0     0    0.00000    0   74 3800.00000    0.00000   100%     -    0s
H    0     0                    1392.0000000    0.00000   100%     -    0s
H    0     0                    1321.0000000    0.00000   100%     -    0s
     0     0    0.00000    0   87 1321.00000    0.00000   100%     -    0s
H    0     0                    1065.0000000    0.00000   100%     -    0s
     0     0    0.00000    0   99 1065.00000    0.00000   100%     -    0s
H    0     0                    1046.0000000    0.00000   100%     -    0s
H    0     0                     875.0000000    0.00000   100%     -    0s
     0     0    0.00000    0   95  875.00000    0.00000   100%     -    0s
     0     0    0.00000    0   90  875.00000    0.00000   100%     -    0s
     0     0    0.00000    0  119  875.00000    0.00000   100%     -    0s
     0     0    0.00000    0   77  875.00000    0.00000   100%     -    0s
     0     0    0.00000    0   77  875.00000    0.00000   100%     -    0s
H    0     0                     809.0000000    0.00000   100%     -    0s
H    0     0                     761.0000000    0.00000   100%     -    0s
H    0     0                     757.0000000    0.00000   100%     -    0s
     0     2    0.00000    0   77  757.00000    0.00000   100%     -    0s
H   27    27                     745.0000000    0.00000   100%  76.2    0s
H   43    43                     664.0000000    0.00000   100%  64.0    0s
*   52    52              30     652.0000000    0.00000   100%  56.0    0s
H  110    65                     595.0000000    6.00000  99.0%  57.1    0s
H  240   130                     556.0000000   19.00000  96.6%  53.1    1s
H  266   147                     546.0000000   23.66667  95.7%  56.9    1s
H  318   178                     510.0000000   25.66667  95.0%  59.8    1s
H  370   214                     497.0000000   27.00000  94.6%  61.9    1s
H  474   253                     494.0000000   37.00000  92.5%  59.4    1s
  1738   595  296.50000   23   65  494.00000  135.66667  72.5%  47.2    5s
  4078  1409  375.50000   22   79  494.00000  194.00000  60.7%  39.5   10s
  6713  2100  427.00000   21   53  494.00000  236.66667  52.1%  36.1   15s
  9504  2727  383.00000   26   67  494.00000  263.00000  46.8%  34.1   20s
 10257  2871  328.75000   30   60  494.00000  270.00000  45.3%  33.7   25s
 13243  3483  315.57984   28  103  494.00000  289.00000  41.5%  32.7   30s
 16499  4008  349.91667   36   64  494.00000  308.66667  37.5%  31.9   35s
 19945  4526  441.62500   37   77  494.00000  324.50000  34.3%  31.2   40s
 23548  4953  480.00000   30   36  494.00000  340.00000  31.2%  30.5   45s
 27150  5213  412.63333   35  106  494.00000  352.50000  28.6%  30.0   50s
 30892  5359  492.93333   29   61  494.00000  364.62500  26.2%  29.4   55s
 34355  5411  459.60000   34   44  494.00000  375.00000  24.1%  28.9   60s
 38341  5422  425.37778   29  124  494.00000  385.33333  22.0%  28.3   65s
 42235  5213 infeasible   46       494.00000  396.00000  19.8%  28.0   70s
 46215  4878 infeasible   41       494.00000  406.66667  17.7%  27.5   75s
 50507  4278     cutoff   39       494.00000  417.24138  15.5%  27.1   80s
 54720  3351     cutoff   44       494.00000  430.50000  12.9%  26.6   85s
 59093  1935  487.77143   38   87  494.00000  447.70455  9.37%  26.1   90s

Cutting planes:
  Gomory: 1
  Cover: 1
  MIR: 1
  Flow cover: 18
  Zero half: 18
  RLT: 8
  BQP: 10

Explored 62539 nodes (1598213 simplex iterations) in 93.46 seconds (117.23 work units)
Thread count was 1 (of 12 available processors)

Solution count 10: 494 497 510 ... 757

Optimal solution found (tolerance 1.00e-04)
Best objective 4.940000000000e+02, best bound 4.940000000000e+02, gap 0.0000%
494.0
