Set parameter Username
Academic license - for non-commercial use only - expires 2025-08-28
Set parameter Threads to value 1
Set parameter Method to value 4
Gurobi Optimizer version 11.0.0 build v11.0.0rc2 (mac64[arm] - Darwin 23.5.0 23F79)

CPU model: Apple M3 Pro
Thread count: 12 physical cores, 12 logical processors, using up to 1 threads

Optimize a model with 2921 rows, 421 columns and 8772 nonzeros
Model fingerprint: 0x6012cc14
Variable types: 245 continuous, 176 integer (176 binary)
Coefficient statistics:
  Matrix range     [1e+00, 1e+00]
  Objective range  [1e+01, 3e+02]
  Bounds range     [1e+00, 1e+00]
  RHS range        [1e+00, 2e+00]
Presolve removed 476 rows and 72 columns
Presolve time: 0.01s
Presolved: 2445 rows, 349 columns, 7176 nonzeros
Variable types: 0 continuous, 349 integer (349 binary)
Found heuristic solution: objective 3933.0000000
Found heuristic solution: objective 3800.0000000

Root relaxation: objective 0.000000e+00, 191 iterations, 0.01 seconds (0.01 work units)

    Nodes    |    Current Node    |     Objective Bounds      |     Work
 Expl Unexpl |  Obj  Depth IntInf | Incumbent    BestBd   Gap | It/Node Time

     0     0    0.00000    0   74 3800.00000    0.00000   100%     -    0s
H    0     0                    1392.0000000    0.00000   100%     -    0s
H    0     0                    1300.0000000    0.00000   100%     -    0s
     0     0    0.00000    0   87 1300.00000    0.00000   100%     -    0s
H    0     0                    1200.0000000    0.00000   100%     -    0s
     0     0    0.00000    0  115 1200.00000    0.00000   100%     -    0s
H    0     0                    1180.0000000    0.00000   100%     -    0s
     0     0    0.00000    0  110 1180.00000    0.00000   100%     -    0s
     0     0    0.00000    0   86 1180.00000    0.00000   100%     -    0s
H    0     0                     782.0000000    0.00000   100%     -    0s
H    0     0                     575.0000000    0.00000   100%     -    0s
     0     0    0.00000    0   83  575.00000    0.00000   100%     -    0s
     0     0    0.00000    0  100  575.00000    0.00000   100%     -    0s
     0     0    0.00000    0  100  575.00000    0.00000   100%     -    0s
H    0     0                     560.0000000    0.00000   100%     -    0s
     0     2    0.00000    0  100  560.00000    0.00000   100%     -    0s
*  249   152              28     551.0000000   10.00000  98.2%  60.4    0s
*  250   149              29     539.0000000   10.00000  98.1%  60.3    0s
H  688   422                     534.0000000   19.00000  96.4%  63.3    2s
H 1595   581                     524.0000000   38.83333  92.6%  52.6    4s
H 1664   533                     496.0000000   46.83333  90.6%  51.9    4s
  1700   532   54.51852   21  111  496.00000   52.16667  89.5%  51.6    5s
H 1926   608                     494.0000000   76.50000  84.5%  50.2    5s
  4032  1349  448.97794   27   97  494.00000  156.00000  68.4%  41.5   10s
  6791  2236  234.57143   26  115  494.00000  194.58333  60.6%  37.6   15s
  9607  2975  480.50000   31   33  494.00000  225.86364  54.3%  35.5   20s
 10203  3134  459.50000   36  100  494.00000  229.35000  53.6%  35.2   25s
 10751  3286  427.15385   45   74  494.00000  229.35000  53.6%  36.6   30s
 13177  3210     cutoff   40       494.00000  284.90435  42.3%  36.6   35s
 16143  2758  390.70000   45   85  494.00000  324.91667  34.2%  36.1   40s
 19315  1981  423.50000   41   80  494.00000  354.16667  28.3%  35.4   45s
 22422  1840  475.75000   45  124  494.00000  380.29167  23.0%  34.8   50s
 26091  1547  489.46154   47   73  494.00000  411.00000  16.8%  33.9   55s
 30376   307     cutoff   45       494.00000  466.00000  5.67%  32.6   60s

Cutting planes:
  Gomory: 5
  Implied bound: 8
  MIR: 3
  Flow cover: 28
  Zero half: 53
  RLT: 11
  BQP: 6

Explored 30843 nodes (998976 simplex iterations) in 60.41 seconds (75.20 work units)
Thread count was 1 (of 12 available processors)

Solution count 10: 494 496 524 ... 1180

Optimal solution found (tolerance 1.00e-04)
Best objective 4.940000000000e+02, best bound 4.940000000000e+02, gap 0.0000%
494.0
