Set parameter Username
Academic license - for non-commercial use only - expires 2025-08-28
Set parameter Threads to value 1
Set parameter Method to value 4
Gurobi Optimizer version 11.0.0 build v11.0.0rc2 (mac64[arm] - Darwin 23.5.0 23F79)

CPU model: Apple M3 Pro
Thread count: 12 physical cores, 12 logical processors, using up to 1 threads

Optimize a model with 2774 rows, 404 columns and 8330 nonzeros
Model fingerprint: 0x1ecd7260
Variable types: 236 continuous, 168 integer (168 binary)
Coefficient statistics:
  Matrix range     [1e+00, 1e+00]
  Objective range  [1e+01, 3e+02]
  Bounds range     [1e+00, 1e+00]
  RHS range        [1e+00, 2e+00]
Presolve removed 458 rows and 70 columns
Presolve time: 0.01s
Presolved: 2316 rows, 334 columns, 6800 nonzeros
Variable types: 0 continuous, 334 integer (334 binary)
Found heuristic solution: objective 3905.0000000
Found heuristic solution: objective 3716.0000000

Root relaxation: objective 0.000000e+00, 158 iterations, 0.00 seconds (0.01 work units)

    Nodes    |    Current Node    |     Objective Bounds      |     Work
 Expl Unexpl |  Obj  Depth IntInf | Incumbent    BestBd   Gap | It/Node Time

     0     0    0.00000    0   49 3716.00000    0.00000   100%     -    0s
H    0     0                    3425.0000000    0.00000   100%     -    0s
H    0     0                    2837.0000000    0.00000   100%     -    0s
H    0     0                    2789.0000000    0.00000   100%     -    0s
     0     0    0.00000    0   89 2789.00000    0.00000   100%     -    0s
H    0     0                    1878.0000000    0.00000   100%     -    0s
H    0     0                    1245.0000000    0.00000   100%     -    0s
     0     0    0.00000    0  104 1245.00000    0.00000   100%     -    0s
H    0     0                    1032.0000000    0.00000   100%     -    0s
H    0     0                     859.0000000    0.00000   100%     -    0s
H    0     0                     802.0000000    0.00000   100%     -    0s
     0     0    0.00000    0  117  802.00000    0.00000   100%     -    0s
     0     0    0.00000    0   91  802.00000    0.00000   100%     -    0s
H    0     0                     702.0000000    0.00000   100%     -    0s
H    0     0                     564.0000000    0.00000   100%     -    0s
     0     0    0.00000    0  106  564.00000    0.00000   100%     -    0s
     0     0    0.00000    0   63  564.00000    0.00000   100%     -    0s
     0     0    0.00000    0   63  564.00000    0.00000   100%     -    0s
H    0     0                     507.0000000    0.00000   100%     -    0s
     0     2    0.00000    0   63  507.00000    0.00000   100%     -    0s
*   48    44              28     504.0000000    0.00000   100%  57.3    0s
H   54    41                     432.0000000    0.00000   100%  51.9    0s
*  718   387              31     420.0000000   27.00000  93.6%  53.2    1s
  1956   387  256.83333   23   69  420.00000  196.00000  53.3%  43.6    5s
* 3667   618              41     417.0000000  271.66667  34.9%  37.1    8s
  4875   624     cutoff   37       417.00000  308.00000  26.1%  34.4   10s

Cutting planes:
  Inf proof: 1
  Zero half: 5
  RLT: 9
  BQP: 24

Explored 7531 nodes (234210 simplex iterations) in 13.52 seconds (17.04 work units)
Thread count was 1 (of 12 available processors)

Solution count 10: 417 420 432 ... 1032

Optimal solution found (tolerance 1.00e-04)
Best objective 4.170000000000e+02, best bound 4.170000000000e+02, gap 0.0000%
417.0
