Set parameter Username
Academic license - for non-commercial use only - expires 2025-08-28
Set parameter Threads to value 1
Set parameter Method to value 4
Gurobi Optimizer version 11.0.0 build v11.0.0rc2 (mac64[arm] - Darwin 23.5.0 23F79)

CPU model: Apple M3 Pro
Thread count: 12 physical cores, 12 logical processors, using up to 1 threads

Optimize a model with 2921 rows, 421 columns and 8772 nonzeros
Model fingerprint: 0x9d2ca5a3
Variable types: 245 continuous, 176 integer (176 binary)
Coefficient statistics:
  Matrix range     [1e+00, 1e+00]
  Objective range  [1e+01, 3e+02]
  Bounds range     [1e+00, 1e+00]
  RHS range        [1e+00, 2e+00]
Presolve removed 476 rows and 72 columns
Presolve time: 0.01s
Presolved: 2445 rows, 349 columns, 7176 nonzeros
Variable types: 0 continuous, 349 integer (349 binary)
Found heuristic solution: objective 3947.0000000
Found heuristic solution: objective 3800.0000000

Root relaxation: objective 0.000000e+00, 191 iterations, 0.00 seconds (0.01 work units)

    Nodes    |    Current Node    |     Objective Bounds      |     Work
 Expl Unexpl |  Obj  Depth IntInf | Incumbent    BestBd   Gap | It/Node Time

     0     0    0.00000    0   74 3800.00000    0.00000   100%     -    0s
H    0     0                    1392.0000000    0.00000   100%     -    0s
H    0     0                    1314.0000000    0.00000   100%     -    0s
     0     0    0.00000    0   87 1314.00000    0.00000   100%     -    0s
H    0     0                    1058.0000000    0.00000   100%     -    0s
     0     0    0.00000    0   68 1058.00000    0.00000   100%     -    0s
H    0     0                     828.0000000    0.00000   100%     -    0s
     0     0    0.00000    0  123  828.00000    0.00000   100%     -    0s
H    0     0                     805.0000000    0.00000   100%     -    0s
H    0     0                     766.0000000    0.00000   100%     -    0s
     0     0    0.00000    0  132  766.00000    0.00000   100%     -    0s
     0     0    0.00000    0  102  766.00000    0.00000   100%     -    0s
     0     0    0.00000    0  102  766.00000    0.00000   100%     -    0s
     0     2    0.00000    0  102  766.00000    0.00000   100%     -    0s
H   26    24                     744.0000000    0.00000   100%   100    0s
*   45    43              27     667.0000000    0.00000   100%  68.9    0s
*   46    42              28     655.0000000    0.00000   100%  67.5    0s
H   52    39                     598.0000000    0.00000   100%  68.2    0s
H   78    63                     544.0000000    0.00000   100%  63.0    0s
H  211   147                     523.0000000    6.62500  98.7%  60.7    0s
H  263   188                     513.0000000   11.00000  97.9%  64.3    0s
H  867   462                     510.0000000  231.00000  54.7%  63.2    3s
H  963   469                     507.0000000  237.00000  53.3%  62.0    3s
H 1015   472                     504.0000000  255.60000  49.3%  61.5    3s
H 1150   450                     496.0000000  268.00000  46.0%  59.0    3s
H 1561   403                     494.0000000  307.00000  37.9%  52.6    4s
  1755   410  447.78571   22  144  494.00000  317.00000  35.8%  50.4    5s
  4605   502  482.33333   33   25  494.00000  422.00000  14.6%  38.3   10s

Cutting planes:
  Gomory: 1
  Zero half: 12
  RLT: 5
  BQP: 19

Explored 6020 nodes (210580 simplex iterations) in 11.84 seconds (15.30 work units)
Thread count was 1 (of 12 available processors)

Solution count 10: 494 496 504 ... 655

Optimal solution found (tolerance 1.00e-04)
Best objective 4.940000000000e+02, best bound 4.940000000000e+02, gap 0.0000%
494.0
