Set parameter Username
Academic license - for non-commercial use only - expires 2025-08-28
Set parameter Threads to value 1
Set parameter Method to value 4
Gurobi Optimizer version 11.0.0 build v11.0.0rc2 (mac64[arm] - Darwin 23.5.0 23F79)

CPU model: Apple M3 Pro
Thread count: 12 physical cores, 12 logical processors, using up to 1 threads

Optimize a model with 2774 rows, 404 columns and 8330 nonzeros
Model fingerprint: 0x2ebebd2f
Variable types: 236 continuous, 168 integer (168 binary)
Coefficient statistics:
  Matrix range     [1e+00, 1e+00]
  Objective range  [1e+01, 3e+02]
  Bounds range     [1e+00, 1e+00]
  RHS range        [1e+00, 2e+00]
Presolve removed 458 rows and 70 columns
Presolve time: 0.01s
Presolved: 2316 rows, 334 columns, 6800 nonzeros
Variable types: 0 continuous, 334 integer (334 binary)
Found heuristic solution: objective 3891.0000000
Found heuristic solution: objective 3723.0000000

Root relaxation: objective 0.000000e+00, 158 iterations, 0.00 seconds (0.01 work units)

    Nodes    |    Current Node    |     Objective Bounds      |     Work
 Expl Unexpl |  Obj  Depth IntInf | Incumbent    BestBd   Gap | It/Node Time

     0     0    0.00000    0   49 3723.00000    0.00000   100%     -    0s
H    0     0                    3411.0000000    0.00000   100%     -    0s
H    0     0                    2827.0000000    0.00000   100%     -    0s
H    0     0                    2779.0000000    0.00000   100%     -    0s
     0     0    0.00000    0   89 2779.00000    0.00000   100%     -    0s
H    0     0                    1874.0000000    0.00000   100%     -    0s
H    0     0                    1240.0000000    0.00000   100%     -    0s
     0     0    0.00000    0  104 1240.00000    0.00000   100%     -    0s
H    0     0                    1023.0000000    0.00000   100%     -    0s
H    0     0                     838.0000000    0.00000   100%     -    0s
H    0     0                     782.0000000    0.00000   100%     -    0s
     0     0    0.00000    0  117  782.00000    0.00000   100%     -    0s
     0     0    0.00000    0  106  782.00000    0.00000   100%     -    0s
H    0     0                     634.0000000    0.00000   100%     -    0s
H    0     0                     574.0000000    0.00000   100%     -    0s
     0     0    0.00000    0  107  574.00000    0.00000   100%     -    0s
     0     0    0.00000    0  113  574.00000    0.00000   100%     -    0s
     0     0    0.00000    0  111  574.00000    0.00000   100%     -    0s
H    0     0                     552.0000000    0.00000   100%     -    0s
     0     2    0.00000    0  100  552.00000    0.00000   100%     -    0s
H  117    85                     468.0000000    3.00000  99.4%  56.9    0s
*  120    86              27     456.0000000    3.00000  99.3%  55.8    0s
H  133    91                     447.0000000    3.21429  99.3%  54.1    0s
H  435   270                     435.0000000   17.41935  96.0%  57.6    1s
H 1353   516                     432.0000000   52.33333  87.9%  46.0    3s
H 1370   501                     417.0000000   53.83333  87.1%  45.9    3s
  2147   622  365.71875   26   72  417.00000   89.62500  78.5%  40.0    5s
  5165  1378     cutoff   27       417.00000  179.00000  57.1%  33.2   10s
  8499  2034  299.62500   28   76  417.00000  228.00000  45.3%  30.7   15s
 10202  2309     cutoff   37       417.00000  244.72396  41.3%  29.8   21s
 13010  2579  404.54167   33   95  417.00000  264.80000  36.5%  29.3   25s
 16731  2843  366.00000   39   66  417.00000  288.62500  30.8%  29.0   30s
 20774  2927  409.77778   31   87  417.00000  308.55000  26.0%  28.3   35s
 24756  2742 infeasible   35       417.00000  325.44444  22.0%  27.8   40s
 28982  2154  405.50000   40   39  417.00000  345.00000  17.3%  27.5   45s
 33182  1073  395.64000   31   87  417.00000  370.27586  11.2%  27.1   50s

Cutting planes:
  Flow cover: 8
  Zero half: 12
  RLT: 8
  BQP: 6

Explored 35336 nodes (932834 simplex iterations) in 52.52 seconds (64.59 work units)
Thread count was 1 (of 12 available processors)

Solution count 10: 417 432 435 ... 782

Optimal solution found (tolerance 1.00e-04)
Best objective 4.170000000000e+02, best bound 4.170000000000e+02, gap 0.0000%
417.0
