Set parameter Username
Academic license - for non-commercial use only - expires 2025-08-28
Set parameter Threads to value 1
Set parameter Method to value 4
Gurobi Optimizer version 11.0.0 build v11.0.0rc2 (mac64[arm] - Darwin 23.5.0 23F79)

CPU model: Apple M3 Pro
Thread count: 12 physical cores, 12 logical processors, using up to 1 threads

Optimize a model with 2774 rows, 404 columns and 8330 nonzeros
Model fingerprint: 0xd7ec7564
Variable types: 236 continuous, 168 integer (168 binary)
Coefficient statistics:
  Matrix range     [1e+00, 1e+00]
  Objective range  [1e+01, 3e+02]
  Bounds range     [1e+00, 1e+00]
  RHS range        [1e+00, 2e+00]
Presolve removed 458 rows and 70 columns
Presolve time: 0.01s
Presolved: 2316 rows, 334 columns, 6800 nonzeros
Variable types: 0 continuous, 334 integer (334 binary)
Found heuristic solution: objective 3919.0000000
Found heuristic solution: objective 3730.0000000

Root relaxation: objective 0.000000e+00, 158 iterations, 0.00 seconds (0.01 work units)

    Nodes    |    Current Node    |     Objective Bounds      |     Work
 Expl Unexpl |  Obj  Depth IntInf | Incumbent    BestBd   Gap | It/Node Time

     0     0    0.00000    0   49 3730.00000    0.00000   100%     -    0s
H    0     0                    3435.0000000    0.00000   100%     -    0s
H    0     0                    2847.0000000    0.00000   100%     -    0s
H    0     0                    2799.0000000    0.00000   100%     -    0s
     0     0    0.00000    0   89 2799.00000    0.00000   100%     -    0s
H    0     0                    1887.0000000    0.00000   100%     -    0s
H    0     0                    1252.0000000    0.00000   100%     -    0s
     0     0    0.00000    0   79 1252.00000    0.00000   100%     -    0s
H    0     0                     829.0000000    0.00000   100%     -    0s
     0     0    0.00000    0  101  829.00000    0.00000   100%     -    0s
H    0     0                     706.0000000    0.00000   100%     -    0s
H    0     0                     682.0000000    0.00000   100%     -    0s
     0     0    0.00000    0  100  682.00000    0.00000   100%     -    0s
     0     0    0.00000    0  101  682.00000    0.00000   100%     -    0s
     0     0    0.00000    0  101  682.00000    0.00000   100%     -    0s
     0     2    0.00000    0  101  682.00000    0.00000   100%     -    0s
*   46    40              26     458.0000000   24.00000  94.8%  57.7    0s
H  160    97                     430.0000000   48.00000  88.8%  43.4    0s
H  317   184                     427.0000000   48.00000  88.8%  46.9    0s
H  343   202                     424.0000000   48.00000  88.7%  49.2    0s
  2000   487  195.80000   25   82  424.00000  137.47619  67.6%  38.3    5s
  4673   965  334.94872   29  103  424.00000  251.00000  40.8%  31.3   10s
  7842  1133     cutoff   38       424.00000  304.05000  28.3%  28.9   15s
 11685   764  404.31667   37   86  424.00000  357.85802  15.6%  26.9   20s

Cutting planes:
  Zero half: 3
  RLT: 8
  BQP: 6

Explored 13361 nodes (348474 simplex iterations) in 22.01 seconds (27.01 work units)
Thread count was 1 (of 12 available processors)

Solution count 10: 424 427 430 ... 2799

Optimal solution found (tolerance 1.00e-04)
Best objective 4.240000000000e+02, best bound 4.240000000000e+02, gap 0.0000%
424.0
