Set parameter Username
Academic license - for non-commercial use only - expires 2025-08-28
Set parameter Threads to value 1
Set parameter Method to value 4
Gurobi Optimizer version 11.0.0 build v11.0.0rc2 (mac64[arm] - Darwin 23.5.0 23F79)

CPU model: Apple M3 Pro
Thread count: 12 physical cores, 12 logical processors, using up to 1 threads

Optimize a model with 2774 rows, 404 columns and 8330 nonzeros
Model fingerprint: 0x82b58a9f
Variable types: 236 continuous, 168 integer (168 binary)
Coefficient statistics:
  Matrix range     [1e+00, 1e+00]
  Objective range  [1e+01, 3e+02]
  Bounds range     [1e+00, 1e+00]
  RHS range        [1e+00, 2e+00]
Presolve removed 458 rows and 70 columns
Presolve time: 0.01s
Presolved: 2316 rows, 334 columns, 6800 nonzeros
Variable types: 0 continuous, 334 integer (334 binary)
Found heuristic solution: objective 3891.0000000
Found heuristic solution: objective 3730.0000000

Root relaxation: objective 0.000000e+00, 158 iterations, 0.01 seconds (0.01 work units)

    Nodes    |    Current Node    |     Objective Bounds      |     Work
 Expl Unexpl |  Obj  Depth IntInf | Incumbent    BestBd   Gap | It/Node Time

     0     0    0.00000    0   49 3730.00000    0.00000   100%     -    0s
H    0     0                    3407.0000000    0.00000   100%     -    0s
H    0     0                    2827.0000000    0.00000   100%     -    0s
H    0     0                    2779.0000000    0.00000   100%     -    0s
     0     0    0.00000    0   89 2779.00000    0.00000   100%     -    0s
H    0     0                    1879.0000000    0.00000   100%     -    0s
H    0     0                    1244.0000000    0.00000   100%     -    0s
     0     0    0.00000    0   79 1244.00000    0.00000   100%     -    0s
H    0     0                     829.0000000    0.00000   100%     -    0s
     0     0    0.00000    0  121  829.00000    0.00000   100%     -    0s
H    0     0                     601.0000000    0.00000   100%     -    0s
     0     0    0.00000    0  121  601.00000    0.00000   100%     -    0s
     0     0    0.00000    0  114  601.00000    0.00000   100%     -    0s
     0     0    0.00000    0  114  601.00000    0.00000   100%     -    0s
     0     2    0.00000    0   64  601.00000    0.00000   100%     -    0s
H   52    39                     553.0000000    0.00000   100%  55.0    0s
H   55    41                     532.0000000    0.00000   100%  54.6    0s
H   82    55                     520.0000000    6.00000  98.8%  65.2    0s
H  104    68                     476.0000000    6.00000  98.7%  69.2    0s
*  115    75              22     458.0000000    6.00000  98.7%  65.8    0s
H  117    75                     454.0000000    6.00000  98.7%  64.7    0s
*  122    75              24     451.0000000    6.00000  98.7%  62.4    0s
*  125    74              25     442.0000000    6.00000  98.6%  61.0    0s
*  270   150              24     439.0000000   15.00000  96.6%  54.5    0s
H  572   341                     427.0000000   23.00000  94.6%  55.5    1s
H  654   396                     424.0000000   23.57500  94.4%  55.5    1s
  1818   434  405.16667   29   40  424.00000  138.00000  67.5%  44.3    5s
  4300   829  313.00000   31   32  424.00000  225.00000  46.9%  35.2   10s
  7523  1034  369.33333   25   67  424.00000  285.50000  32.7%  30.3   15s
 11205   997  410.06667   36   61  424.00000  332.00000  21.7%  26.9   20s
 15637   174  396.83333   40   56  424.00000  396.41667  6.51%  24.5   25s

Cutting planes:
  Zero half: 10
  RLT: 6
  BQP: 11

Explored 15892 nodes (388004 simplex iterations) in 25.21 seconds (31.17 work units)
Thread count was 1 (of 12 available processors)

Solution count 10: 424 427 439 ... 532

Optimal solution found (tolerance 1.00e-04)
Best objective 4.240000000000e+02, best bound 4.240000000000e+02, gap 0.0000%
424.0
