Set parameter Username
Academic license - for non-commercial use only - expires 2025-08-28
Set parameter Threads to value 1
Set parameter Method to value 4
Gurobi Optimizer version 11.0.0 build v11.0.0rc2 (mac64[arm] - Darwin 23.5.0 23F79)

CPU model: Apple M3 Pro
Thread count: 12 physical cores, 12 logical processors, using up to 1 threads

Optimize a model with 3443 rows, 477 columns and 10351 nonzeros
Model fingerprint: 0x21e08193
Variable types: 279 continuous, 198 integer (198 binary)
Coefficient statistics:
  Matrix range     [1e+00, 1e+00]
  Objective range  [1e+01, 3e+02]
  Bounds range     [1e+00, 1e+00]
  RHS range        [1e+00, 2e+00]
Presolve removed 568 rows and 82 columns
Presolve time: 0.01s
Presolved: 2875 rows, 395 columns, 8451 nonzeros
Variable types: 0 continuous, 395 integer (395 binary)
Found heuristic solution: objective 3954.0000000
Found heuristic solution: objective 3800.0000000

Root relaxation: objective 0.000000e+00, 216 iterations, 0.00 seconds (0.01 work units)

    Nodes    |    Current Node    |     Objective Bounds      |     Work
 Expl Unexpl |  Obj  Depth IntInf | Incumbent    BestBd   Gap | It/Node Time

     0     0    0.00000    0   44 3800.00000    0.00000   100%     -    0s
H    0     0                    3528.0000000    0.00000   100%     -    0s
H    0     0                    1735.0000000    0.00000   100%     -    0s
H    0     0                    1663.0000000    0.00000   100%     -    0s
H    0     0                    1613.0000000    0.00000   100%     -    0s
     0     0    0.00000    0  123 1613.00000    0.00000   100%     -    0s
H    0     0                    1300.0000000    0.00000   100%     -    0s
H    0     0                    1130.0000000    0.00000   100%     -    0s
     0     0    0.00000    0  103 1130.00000    0.00000   100%     -    0s
H    0     0                    1093.0000000    0.00000   100%     -    0s
H    0     0                     928.0000000    0.00000   100%     -    0s
H    0     0                     916.0000000    0.00000   100%     -    0s
     0     0    0.00000    0   99  916.00000    0.00000   100%     -    0s
     0     0    0.00000    0  128  916.00000    0.00000   100%     -    0s
H    0     0                     892.0000000    0.00000   100%     -    0s
     0     0    0.00000    0  127  892.00000    0.00000   100%     -    0s
     0     0    0.00000    0   83  892.00000    0.00000   100%     -    0s
     0     0    0.00000    0   83  892.00000    0.00000   100%     -    0s
     0     2    0.00000    0   83  892.00000    0.00000   100%     -    0s
H   26    22                     768.0000000    0.00000   100%  56.2    0s
H   55    39                     731.0000000    0.00000   100%  60.7    0s
H   82    46                     719.0000000    0.00000   100%  51.6    0s
H  105    59                     709.0000000    0.00000   100%  54.4    0s
H  136    85                     687.0000000    0.00000   100%  53.4    0s
H  157    92                     663.0000000    0.00000   100%  54.5    0s
H  163    93                     627.0000000    0.00000   100%  54.3    0s
H  184   108                     615.0000000    0.00000   100%  51.9    0s
H  205   115                     601.0000000    0.00000   100%  52.4    0s
H  210   109                     523.0000000    0.00000   100%  53.8    0s
H  317   181                     520.0000000    0.00000   100%  53.8    1s
  1293   597  307.50000   41   55  520.00000   22.00000  95.8%  56.6    5s
H 1603   625                     504.0000000   32.00000  93.7%  51.5    5s
H 2409   879                     496.0000000   48.60000  90.2%  45.2    7s
H 2506   926                     494.0000000   50.85000  89.7%  44.6    8s
  3349  1302  442.43182   45   73  494.00000   65.40000  86.8%  41.1   10s
  5228  1879   90.87576   33   94  494.00000   90.87576  81.6%  40.0   15s
  6949  2296  454.29630   45   83  494.00000   95.83333  80.6%  40.1   20s
  9311  2706  459.00000   42   45  494.00000  149.00000  69.8%  38.0   25s
 11865  3462  184.25000   34   96  494.00000  164.75000  66.6%  36.3   30s
 14545  4702  386.00000   41   61  494.00000  180.00000  63.6%  35.7   35s
 15304  5005  316.50000   49   83  494.00000  185.33333  62.5%  35.5   42s
 15399  5051  388.36780   37  159  494.00000  185.33333  62.5%  36.0   45s
 16664  5098  311.50000   49  101  494.00000  242.37500  50.9%  37.0   50s
 18982  4902  488.71171   52   93  494.00000  301.33333  39.0%  37.0   55s
 21458  4516 infeasible   63       494.00000  335.00000  32.2%  36.9   60s
 23943  3887     cutoff   55       494.00000  361.06166  26.9%  36.6   65s
 26938  2943  455.75000   63   83  494.00000  386.75000  21.7%  36.1   70s
 30135  1659  443.00000   57  101  494.00000  414.00000  16.2%  35.4   75s
 33917   459     cutoff   63       494.00000  466.10000  5.65%  34.1   80s

Cutting planes:
  Gomory: 3
  Cover: 2
  Implied bound: 2
  MIR: 2
  Flow cover: 35
  Zero half: 48
  RLT: 15
  BQP: 12

Explored 34739 nodes (1171441 simplex iterations) in 80.90 seconds (101.95 work units)
Thread count was 1 (of 12 available processors)

Solution count 10: 494 494 496 ... 663

Optimal solution found (tolerance 1.00e-04)
Best objective 4.940000000000e+02, best bound 4.940000000000e+02, gap 0.0000%
494.0
