Set parameter Username
Academic license - for non-commercial use only - expires 2025-08-28
Set parameter Threads to value 1
Set parameter Method to value 4
Gurobi Optimizer version 11.0.0 build v11.0.0rc2 (mac64[arm] - Darwin 23.5.0 23F79)

CPU model: Apple M3 Pro
Thread count: 12 physical cores, 12 logical processors, using up to 1 threads

Optimize a model with 3443 rows, 477 columns and 10351 nonzeros
Model fingerprint: 0xa829043b
Variable types: 279 continuous, 198 integer (198 binary)
Coefficient statistics:
  Matrix range     [1e+00, 1e+00]
  Objective range  [1e+01, 3e+02]
  Bounds range     [1e+00, 1e+00]
  RHS range        [1e+00, 2e+00]
Presolve removed 568 rows and 82 columns
Presolve time: 0.01s
Presolved: 2875 rows, 395 columns, 8451 nonzeros
Variable types: 0 continuous, 395 integer (395 binary)
Found heuristic solution: objective 3933.0000000
Found heuristic solution: objective 3800.0000000

Root relaxation: objective 0.000000e+00, 216 iterations, 0.00 seconds (0.01 work units)

    Nodes    |    Current Node    |     Objective Bounds      |     Work
 Expl Unexpl |  Obj  Depth IntInf | Incumbent    BestBd   Gap | It/Node Time

     0     0    0.00000    0   44 3800.00000    0.00000   100%     -    0s
H    0     0                    3510.0000000    0.00000   100%     -    0s
H    0     0                    1714.0000000    0.00000   100%     -    0s
H    0     0                    1642.0000000    0.00000   100%     -    0s
H    0     0                    1592.0000000    0.00000   100%     -    0s
     0     0    0.00000    0  123 1592.00000    0.00000   100%     -    0s
H    0     0                    1347.0000000    0.00000   100%     -    0s
     0     0    0.00000    0   90 1347.00000    0.00000   100%     -    0s
H    0     0                    1166.0000000    0.00000   100%     -    0s
H    0     0                     863.0000000    0.00000   100%     -    0s
H    0     0                     851.0000000    0.00000   100%     -    0s
     0     0    0.00000    0   93  851.00000    0.00000   100%     -    0s
     0     0    0.00000    0  126  851.00000    0.00000   100%     -    0s
H    0     0                     796.0000000    0.00000   100%     -    0s
H    0     0                     766.0000000    0.00000   100%     -    0s
     0     0    0.00000    0  114  766.00000    0.00000   100%     -    0s
     0     0    0.00000    0  114  766.00000    0.00000   100%     -    0s
     0     0    0.00000    0   99  766.00000    0.00000   100%     -    0s
H    0     0                     610.0000000    0.00000   100%     -    0s
H    0     0                     600.0000000    0.00000   100%     -    0s
H    0     0                     526.0000000    0.00000   100%     -    0s
     0     2    0.00000    0   99  526.00000    0.00000   100%     -    0s
H   26    24                     496.0000000    0.00000   100%  76.8    0s
H  234   161                     494.0000000    0.00000   100%  51.2    0s
  1649   660  195.00000   25   84  494.00000   59.88889  87.9%  45.2    5s
  3938  1528  302.00000   25   82  494.00000  139.00000  71.9%  34.6   10s
  6137  2309  375.50000   29   61  494.00000  177.61250  64.0%  32.8   15s
  8633  3115  435.00000   30   51  494.00000  203.00000  58.9%  31.6   20s
 10203  3523  302.00000   35   99  494.00000  219.00000  55.7%  31.1   27s
 10443  3597  254.00000   37   80  494.00000  219.00000  55.7%  32.4   30s
 12110  3864  477.25000   53  120  494.00000  219.00000  55.7%  33.8   35s
 14146  4038  328.00000   42   91  494.00000  219.00000  55.7%  34.7   40s
 16336  4134  308.50000   41   66  494.00000  222.44681  55.0%  35.1   45s
 18536  4190  356.00000   39  108  494.00000  237.33333  52.0%  35.7   50s
 20795  4222  493.00000   45   54  494.00000  249.50000  49.5%  36.2   55s
 23346  4995  423.00000   46   86  494.00000  261.50000  47.1%  36.4   60s
 25862  5739  412.37500   52   94  494.00000  272.12500  44.9%  36.5   65s
 28515  6470  330.03448   43   96  494.00000  281.44444  43.0%  36.5   70s
 31161  7191  426.66667   47   57  494.00000  289.50000  41.4%  36.4   75s
 33932  7926  437.26923   46   92  494.00000  296.66667  39.9%  36.3   80s
 36682  8603  492.05556   45   62  494.00000  303.04167  38.7%  36.1   85s
 39413  9324  435.78000   49  106  494.00000  308.66667  37.5%  36.1   90s
 42037  9980     cutoff   55       494.00000  313.62019  36.5%  35.9   95s
 44951 10594  459.95238   48   90  494.00000  319.50000  35.3%  35.7  100s
 47777 11098  492.12500   72   35  494.00000  324.33333  34.3%  35.5  105s
 50537 11596  353.67368   48  116  494.00000  328.66667  33.5%  35.3  110s
 53392 12132  452.33333   51  105  494.00000  332.82143  32.6%  35.1  115s
 56299 12603  404.00000   51  111  494.00000  336.71429  31.8%  35.0  120s
 59191 13073  438.33333   49  103  494.00000  340.16667  31.1%  34.9  125s
 62255 13612  409.00000   49   82  494.00000  343.90833  30.4%  34.7  130s
 65330 14025  452.50000   50   73  494.00000  347.30000  29.7%  34.5  135s
 68293 14500  483.75000   46   93  494.00000  350.76190  29.0%  34.2  140s
 71435 14957  459.75000   50   76  494.00000  354.12500  28.3%  34.1  145s
 74611 15403     cutoff   59       494.00000  357.50000  27.6%  33.9  150s
 77654 15832  457.50000   48   70  494.00000  360.55556  27.0%  33.7  155s
 80806 16154     cutoff   47       494.00000  363.25000  26.5%  33.5  160s
 84063 16513     cutoff   61       494.00000  366.36667  25.8%  33.3  165s
 87276 16838  460.77654   52   94  494.00000  369.33333  25.2%  33.1  170s
 90633 17141  417.50000   53   86  494.00000  372.50000  24.6%  32.9  175s
 93750 17378  423.06154   48  110  494.00000  375.00000  24.1%  32.7  180s
 96981 17542  483.70000   52   87  494.00000  378.00000  23.5%  32.6  185s
 100298 17746  460.00000   50  114  494.00000  381.00000  22.9%  32.4  190s
 103492 17906  430.00000   49   60  494.00000  383.94444  22.3%  32.3  195s
 106816 17969  389.00000   47   56  494.00000  387.00000  21.7%  32.1  200s
 110004 18090  489.57143   54   57  494.00000  389.88889  21.1%  32.0  205s
 113372 18169  435.74766   52  137  494.00000  392.80000  20.5%  31.8  210s
 116428 18230  478.83333   60   81  494.00000  395.40000  20.0%  31.7  215s
 119627 18245  441.17834   42  112  494.00000  397.91667  19.5%  31.5  220s
 122868 18191  465.20455   52  116  494.00000  400.85714  18.9%  31.4  225s
 126321 18142  425.65789   56  130  494.00000  403.93333  18.2%  31.2  230s
 129750 18062     cutoff   45       494.00000  406.66667  17.7%  31.1  235s
 133008 17872 infeasible   46       494.00000  409.33333  17.1%  30.9  240s
 136654 17630  474.00000   45   40  494.00000  412.50000  16.5%  30.7  245s
 140376 17338  466.83333   49   62  494.00000  415.50000  15.9%  30.5  250s
 143732 17029     cutoff   50       494.00000  418.09615  15.4%  30.4  255s
 147334 16700  449.12500   52   72  494.00000  420.80556  14.8%  30.2  260s
 151074 16273  489.00000   50   61  494.00000  423.53571  14.3%  30.0  265s
 154828 15799  473.00000   57   54  494.00000  426.26190  13.7%  29.8  270s
 158043 15364     cutoff   65       494.00000  428.95000  13.2%  29.7  275s
 161368 14890  479.33333   71   29  494.00000  431.50000  12.7%  29.5  280s
 165148 14245  436.22222   48   87  494.00000  434.50000  12.0%  29.3  285s
 169094 13462  491.32593   53   98  494.00000  437.81643  11.4%  29.1  290s
 172927 12623     cutoff   62       494.00000  440.88889  10.8%  28.9  295s
 176667 11691 infeasible   58       494.00000  444.10000  10.1%  28.7  300s
 179868 10806  475.27273   71   82  494.00000  447.00000  9.51%  28.6  305s
 183446  9733  487.00000   59   28  494.00000  450.55000  8.80%  28.4  310s
 187457  8412     cutoff   48       494.00000  455.00000  7.89%  28.1  315s
 191759  6634 infeasible   56       494.00000  460.22222  6.84%  27.9  320s
 196183  4509     cutoff   55       494.00000  466.66667  5.53%  27.6  325s
 200973  1579     cutoff   57       494.00000  478.26857  3.18%  27.3  330s

Cutting planes:
  Gomory: 1
  Cover: 2
  Implied bound: 4
  MIR: 1
  Flow cover: 21
  Zero half: 30
  RLT: 16
  BQP: 12

Explored 202882 nodes (5507133 simplex iterations) in 331.94 seconds (403.58 work units)
Thread count was 1 (of 12 available processors)

Solution count 10: 494 494 496 ... 851

Optimal solution found (tolerance 1.00e-04)
Best objective 4.940000000000e+02, best bound 4.940000000000e+02, gap 0.0000%
494.0
