Set parameter Username
Academic license - for non-commercial use only - expires 2025-08-28
Set parameter Threads to value 1
Set parameter Method to value 4
Gurobi Optimizer version 11.0.0 build v11.0.0rc2 (mac64[arm] - Darwin 23.5.0 23F79)

CPU model: Apple M3 Pro
Thread count: 12 physical cores, 12 logical processors, using up to 1 threads

Optimize a model with 3278 rows, 459 columns and 9854 nonzeros
Model fingerprint: 0x8c97b24c
Variable types: 270 continuous, 189 integer (189 binary)
Coefficient statistics:
  Matrix range     [1e+00, 1e+00]
  Objective range  [1e+01, 3e+02]
  Bounds range     [1e+00, 1e+00]
  RHS range        [1e+00, 2e+00]
Presolve removed 548 rows and 80 columns
Presolve time: 0.01s
Presolved: 2730 rows, 379 columns, 8028 nonzeros
Variable types: 0 continuous, 379 integer (379 binary)
Found heuristic solution: objective 3898.0000000
Found heuristic solution: objective 3723.0000000

Root relaxation: objective 0.000000e+00, 161 iterations, 0.01 seconds (0.01 work units)

    Nodes    |    Current Node    |     Objective Bounds      |     Work
 Expl Unexpl |  Obj  Depth IntInf | Incumbent    BestBd   Gap | It/Node Time

     0     0    0.00000    0   42 3723.00000    0.00000   100%     -    0s
H    0     0                    3475.0000000    0.00000   100%     -    0s
H    0     0                    1679.0000000    0.00000   100%     -    0s
H    0     0                    1607.0000000    0.00000   100%     -    0s
H    0     0                    1385.0000000    0.00000   100%     -    0s
     0     0    0.00000    0   88 1385.00000    0.00000   100%     -    0s
H    0     0                    1251.0000000    0.00000   100%     -    0s
H    0     0                    1066.0000000    0.00000   100%     -    0s
     0     0    0.00000    0  118 1066.00000    0.00000   100%     -    0s
H    0     0                     834.0000000    0.00000   100%     -    0s
     0     0    0.00000    0  111  834.00000    0.00000   100%     -    0s
     0     0    0.00000    0  126  834.00000    0.00000   100%     -    0s
H    0     0                     768.0000000    0.00000   100%     -    0s
H    0     0                     756.0000000    0.00000   100%     -    0s
H    0     0                     716.0000000    0.00000   100%     -    0s
     0     0    0.00000    0  122  716.00000    0.00000   100%     -    0s
     0     0    0.00000    0   97  716.00000    0.00000   100%     -    0s
     0     0    0.00000    0   94  716.00000    0.00000   100%     -    0s
     0     2    0.00000    0   92  716.00000    0.00000   100%     -    0s
H   26    26                     688.0000000    0.00000   100%  64.2    0s
H   81    44                     680.0000000    0.00000   100%  40.0    0s
H  104    67                     670.0000000    0.00000   100%  42.8    0s
*  124    72              26     607.0000000    0.00000   100%  41.7    0s
H  135    73                     535.0000000    0.00000   100%  44.6    0s
H  164    85                     525.0000000    0.00000   100%  48.0    0s
H  172    92                     499.0000000    0.00000   100%  49.0    0s
H  245   141                     465.0000000    0.00000   100%  52.3    1s
H  338   187                     453.0000000    3.00000  99.3%  49.6    1s
H  407   233                     440.0000000    9.08333  97.9%  51.5    1s
H  416   233                     429.0000000   12.00000  97.2%  50.9    1s
H  442   243                     417.0000000   12.00000  97.1%  52.1    1s
  1665   590  142.22222   21   81  417.00000   30.00000  92.8%  45.8    5s
  3806  1179  406.50000   34   36  417.00000  105.33333  74.7%  39.0   10s
  5926  1547  198.75000   40  113  417.00000  141.00000  66.2%  31.1   15s
  9112  1679  366.00000   39   55  417.00000  243.67500  41.6%  30.6   20s
 12940  2217  358.41667   40   59  417.00000  296.04762  29.0%  28.4   25s
 15303  2290  327.41313   52  149  417.00000  318.16667  23.7%  27.2   32s
 17027  2260     cutoff   44       417.00000  332.16667  20.3%  26.5   35s
 21094  1770  408.96122   54  128  417.00000  361.75000  13.2%  25.3   40s

Cutting planes:
  Implied bound: 5
  MIR: 1
  Flow cover: 6
  Zero half: 8
  RLT: 18
  BQP: 10

Explored 24845 nodes (632928 simplex iterations) in 44.27 seconds (56.68 work units)
Thread count was 1 (of 12 available processors)

Solution count 10: 417 429 440 ... 670

Optimal solution found (tolerance 1.00e-04)
Best objective 4.170000000000e+02, best bound 4.170000000000e+02, gap 0.0000%
417.0
