Set parameter Username
Academic license - for non-commercial use only - expires 2025-08-28
Set parameter Threads to value 1
Set parameter Method to value 4
Gurobi Optimizer version 11.0.0 build v11.0.0rc2 (mac64[arm] - Darwin 23.5.0 23F79)

CPU model: Apple M3 Pro
Thread count: 12 physical cores, 12 logical processors, using up to 1 threads

Optimize a model with 3278 rows, 459 columns and 9854 nonzeros
Model fingerprint: 0xa24c8c07
Variable types: 270 continuous, 189 integer (189 binary)
Coefficient statistics:
  Matrix range     [1e+00, 1e+00]
  Objective range  [1e+01, 3e+02]
  Bounds range     [1e+00, 1e+00]
  RHS range        [1e+00, 2e+00]
Presolve removed 548 rows and 80 columns
Presolve time: 0.01s
Presolved: 2730 rows, 379 columns, 8028 nonzeros
Variable types: 0 continuous, 379 integer (379 binary)
Found heuristic solution: objective 3891.0000000
Found heuristic solution: objective 3730.0000000

Root relaxation: objective 0.000000e+00, 161 iterations, 0.00 seconds (0.01 work units)

    Nodes    |    Current Node    |     Objective Bounds      |     Work
 Expl Unexpl |  Obj  Depth IntInf | Incumbent    BestBd   Gap | It/Node Time

     0     0    0.00000    0   42 3730.00000    0.00000   100%     -    0s
H    0     0                    3468.0000000    0.00000   100%     -    0s
H    0     0                    1672.0000000    0.00000   100%     -    0s
H    0     0                    1600.0000000    0.00000   100%     -    0s
H    0     0                    1378.0000000    0.00000   100%     -    0s
     0     0    0.00000    0   83 1378.00000    0.00000   100%     -    0s
H    0     0                     883.0000000    0.00000   100%     -    0s
     0     0    0.00000    0  121  883.00000    0.00000   100%     -    0s
H    0     0                     829.0000000    0.00000   100%     -    0s
     0     0    0.00000    0  124  829.00000    0.00000   100%     -    0s
     0     0    0.00000    0   71  829.00000    0.00000   100%     -    0s
H    0     0                     752.0000000    0.00000   100%     -    0s
     0     0    0.00000    0   96  752.00000    0.00000   100%     -    0s
     0     0    0.00000    0   98  752.00000    0.00000   100%     -    0s
     0     0    0.00000    0   96  752.00000    0.00000   100%     -    0s
     0     2    0.00000    0   79  752.00000    0.00000   100%     -    0s
H   27    27                     673.0000000    0.00000   100%   100    0s
H   54    52                     642.0000000    0.00000   100%  73.1    0s
H  108    92                     614.0000000    0.00000   100%  65.6    0s
H  130   111                     606.0000000    0.00000   100%  59.1    0s
H  139   118                     597.0000000    0.00000   100%  56.5    0s
*  143   120              50     582.0000000    0.00000   100%  55.6    0s
*  178   140              24     542.0000000    6.80000  98.7%  52.8    0s
*  179   139              24     533.0000000    6.80000  98.7%  52.5    0s
H  182   134                     511.0000000    6.80000  98.7%  51.8    0s
H  216   143                     454.0000000    7.60000  98.3%  53.4    0s
H  243   160                     442.0000000    7.60000  98.3%  50.0    1s
*  247   155              37     427.0000000    7.60000  98.2%  49.7    1s
H  683   369                     424.0000000   24.50000  94.2%  47.2    2s
  1437   497  232.85714   24   65  424.00000   34.00000  92.0%  45.0    5s
  3566  1129  314.00000   38   62  424.00000   84.72000  80.0%  39.4   10s
  5653  1486 infeasible   34       424.00000  271.00000  36.1%  36.7   15s

Cutting planes:
  Zero half: 4
  RLT: 2
  BQP: 2

Explored 7362 nodes (251719 simplex iterations) in 18.14 seconds (22.26 work units)
Thread count was 1 (of 12 available processors)

Solution count 10: 424 427 442 ... 606

Optimal solution found (tolerance 1.00e-04)
Best objective 4.240000000000e+02, best bound 4.240000000000e+02, gap 0.0000%
424.0
