Set parameter Username
Academic license - for non-commercial use only - expires 2025-08-28
Set parameter Threads to value 1
Set parameter Method to value 4
Gurobi Optimizer version 11.0.0 build v11.0.0rc2 (mac64[arm] - Darwin 23.5.0 23F79)

CPU model: Apple M3 Pro
Thread count: 12 physical cores, 12 logical processors, using up to 1 threads

Optimize a model with 3278 rows, 459 columns and 9854 nonzeros
Model fingerprint: 0x34b279d7
Variable types: 270 continuous, 189 integer (189 binary)
Coefficient statistics:
  Matrix range     [1e+00, 1e+00]
  Objective range  [1e+01, 3e+02]
  Bounds range     [1e+00, 1e+00]
  RHS range        [1e+00, 2e+00]
Presolve removed 548 rows and 80 columns
Presolve time: 0.01s
Presolved: 2730 rows, 379 columns, 8028 nonzeros
Variable types: 0 continuous, 379 integer (379 binary)
Found heuristic solution: objective 3828.0000000
Found heuristic solution: objective 3737.0000000

Root relaxation: objective 0.000000e+00, 161 iterations, 0.00 seconds (0.01 work units)

    Nodes    |    Current Node    |     Objective Bounds      |     Work
 Expl Unexpl |  Obj  Depth IntInf | Incumbent    BestBd   Gap | It/Node Time

     0     0    0.00000    0   42 3737.00000    0.00000   100%     -    0s
H    0     0                    3421.0000000    0.00000   100%     -    0s
H    0     0                    1609.0000000    0.00000   100%     -    0s
H    0     0                    1537.0000000    0.00000   100%     -    0s
H    0     0                    1315.0000000    0.00000   100%     -    0s
     0     0    0.00000    0   83 1315.00000    0.00000   100%     -    0s
H    0     0                    1163.0000000    0.00000   100%     -    0s
     0     0    0.00000    0  126 1163.00000    0.00000   100%     -    0s
H    0     0                     763.0000000    0.00000   100%     -    0s
     0     0    0.00000    0  100  763.00000    0.00000   100%     -    0s
H    0     0                     722.0000000    0.00000   100%     -    0s
H    0     0                     698.0000000    0.00000   100%     -    0s
     0     0    0.00000    0   97  698.00000    0.00000   100%     -    0s
     0     0    0.00000    0   83  698.00000    0.00000   100%     -    0s
H    0     0                     679.0000000    0.00000   100%     -    0s
     0     0    0.00000    0  106  679.00000    0.00000   100%     -    0s
     0     0    0.00000    0   80  679.00000    0.00000   100%     -    0s
     0     0    0.00000    0   80  679.00000    0.00000   100%     -    0s
     0     2    0.00000    0   80  679.00000    0.00000   100%     -    0s
H   27    25                     664.0000000    0.00000   100%  81.2    0s
H   53    46                     640.0000000    0.00000   100%  62.4    0s
*   92    74              23     596.0000000    0.00000   100%  60.6    0s
H  108    76                     572.0000000    0.00000   100%  58.8    0s
H  131    82                     544.0000000   12.00000  97.8%  58.0    0s
H  135    85                     507.0000000   12.00000  97.6%  58.8    0s
H  162   105                     495.0000000   12.00000  97.6%  60.6    0s
H  210   129                     492.0000000   12.00000  97.6%  54.3    0s
H  290   168                     480.0000000   12.00000  97.5%  53.9    1s
H  316   188                     475.0000000   12.00000  97.5%  54.4    1s
*  325   195              24     455.0000000   12.00000  97.4%  53.9    1s
H  450   254                     446.0000000   12.00000  97.3%  53.0    1s
H  516   291                     431.0000000   12.00000  97.2%  49.7    1s
  1553   426  257.33333   24   91  431.00000  249.00000  42.2%  44.9    5s
  3771   544  383.00000   24   67  431.00000  330.00000  23.4%  35.1   10s
  6687   129  409.54545   35   50  431.00000  405.00000  6.03%  30.4   15s

Cutting planes:
  Zero half: 7
  RLT: 6
  BQP: 16

Explored 6891 nodes (210191 simplex iterations) in 15.21 seconds (18.69 work units)
Thread count was 1 (of 12 available processors)

Solution count 10: 431 446 455 ... 572

Optimal solution found (tolerance 1.00e-04)
Best objective 4.310000000000e+02, best bound 4.310000000000e+02, gap 0.0000%
431.0
