Set parameter Username
Academic license - for non-commercial use only - expires 2025-08-28
Set parameter Threads to value 1
Set parameter Method to value 4
Gurobi Optimizer version 11.0.0 build v11.0.0rc2 (mac64[arm] - Darwin 23.5.0 23F79)

CPU model: Apple M3 Pro
Thread count: 12 physical cores, 12 logical processors, using up to 1 threads

Optimize a model with 3278 rows, 459 columns and 9854 nonzeros
Model fingerprint: 0x8688b77e
Variable types: 270 continuous, 189 integer (189 binary)
Coefficient statistics:
  Matrix range     [1e+00, 1e+00]
  Objective range  [1e+01, 3e+02]
  Bounds range     [1e+00, 1e+00]
  RHS range        [1e+00, 2e+00]
Presolve removed 548 rows and 80 columns
Presolve time: 0.01s
Presolved: 2730 rows, 379 columns, 8028 nonzeros
Variable types: 0 continuous, 379 integer (379 binary)
Found heuristic solution: objective 3877.0000000
Found heuristic solution: objective 3730.0000000

Root relaxation: objective 0.000000e+00, 161 iterations, 0.00 seconds (0.01 work units)

    Nodes    |    Current Node    |     Objective Bounds      |     Work
 Expl Unexpl |  Obj  Depth IntInf | Incumbent    BestBd   Gap | It/Node Time

     0     0    0.00000    0   42 3730.00000    0.00000   100%     -    0s
H    0     0                    3458.0000000    0.00000   100%     -    0s
H    0     0                    1658.0000000    0.00000   100%     -    0s
H    0     0                    1586.0000000    0.00000   100%     -    0s
H    0     0                    1364.0000000    0.00000   100%     -    0s
     0     0    0.00000    0   83 1364.00000    0.00000   100%     -    0s
H    0     0                     869.0000000    0.00000   100%     -    0s
     0     0    0.00000    0  113  869.00000    0.00000   100%     -    0s
H    0     0                     781.0000000    0.00000   100%     -    0s
     0     0    0.00000    0  105  781.00000    0.00000   100%     -    0s
     0     0    0.00000    0  105  781.00000    0.00000   100%     -    0s
H    0     0                     768.0000000    0.00000   100%     -    0s
H    0     0                     744.0000000    0.00000   100%     -    0s
     0     0    0.00000    0  119  744.00000    0.00000   100%     -    0s
     0     0    0.00000    0   89  744.00000    0.00000   100%     -    0s
     0     0    0.00000    0   77  744.00000    0.00000   100%     -    0s
H    0     0                     723.0000000    0.00000   100%     -    0s
H    0     0                     626.0000000    0.00000   100%     -    0s
     0     2    0.00000    0   74  626.00000    0.00000   100%     -    0s
H   26    24                     566.0000000    0.00000   100%  58.5    0s
H  243   174                     512.0000000    0.00000   100%  49.8    0s
H  262   191                     495.0000000    0.00000   100%  49.8    0s
H  325   215                     468.0000000    0.00000   100%  48.5    1s
H  340   229                     465.0000000    0.00000   100%  48.8    1s
H  548   361                     452.0000000    0.00000   100%  51.0    1s
H  596   382                     439.0000000    2.00000   100%  49.2    1s
H  623   391                     424.0000000    2.00000   100%  49.1    1s
  1522   573  212.42857   24   73  424.00000  114.00000  73.1%  42.8    5s
  3388  1051     cutoff   30       424.00000  163.00000  61.6%  35.4   10s
  5795  1850  214.65000   29  121  424.00000  201.14286  52.6%  31.5   15s
  8348  2522  269.50000   31   68  424.00000  223.00000  47.4%  29.5   20s
 10202  2863  262.50000   27   58  424.00000  237.43750  44.0%  29.0   28s
 11193  3019  337.16667   30   77  424.00000  244.50000  42.3%  28.9   30s
 13892  3383  417.19444   37  105  424.00000  265.00000  37.5%  28.6   35s
 16657  3705     cutoff   39       424.00000  283.00000  33.3%  28.2   40s
 19597  3948  386.81463   36   91  424.00000  297.00000  30.0%  27.7   45s
 22663  4235  420.33333   45   69  424.00000  309.00000  27.1%  27.0   50s
 25832  4370 infeasible   33       424.00000  318.57143  24.9%  26.6   55s
 29095  4427  343.50000   34   71  424.00000  328.87500  22.4%  26.1   60s
 32485  4429  352.00000   36   65  424.00000  337.76786  20.3%  25.7   65s
 35883  4260  398.00000   43   54  424.00000  347.33333  18.1%  25.2   70s
 39518  3990     cutoff   37       424.00000  356.00000  16.0%  24.8   75s
 42979  3562  404.25000   43   53  424.00000  364.75000  14.0%  24.5   80s
 46771  2785     cutoff   46       424.00000  375.00000  11.6%  24.1   85s
 50550  1568     cutoff   42       424.00000  389.75000  8.08%  23.7   90s

Cutting planes:
  Gomory: 1
  Implied bound: 8
  Flow cover: 8
  Inf proof: 1
  Zero half: 40
  RLT: 46
  BQP: 31

Explored 53170 nodes (1237639 simplex iterations) in 93.07 seconds (118.13 work units)
Thread count was 1 (of 12 available processors)

Solution count 10: 424 424 439 ... 626

Optimal solution found (tolerance 1.00e-04)
Best objective 4.240000000000e+02, best bound 4.240000000000e+02, gap 0.0000%
424.0
