Set parameter Username
Academic license - for non-commercial use only - expires 2025-08-28
Set parameter Threads to value 1
Set parameter Method to value 4
Gurobi Optimizer version 11.0.0 build v11.0.0rc2 (mac64[arm] - Darwin 23.5.0 23F79)

CPU model: Apple M3 Pro
Thread count: 12 physical cores, 12 logical processors, using up to 1 threads

Optimize a model with 3278 rows, 459 columns and 9854 nonzeros
Model fingerprint: 0x0065fcbe
Variable types: 270 continuous, 189 integer (189 binary)
Coefficient statistics:
  Matrix range     [1e+00, 1e+00]
  Objective range  [1e+01, 3e+02]
  Bounds range     [1e+00, 1e+00]
  RHS range        [1e+00, 2e+00]
Presolve removed 548 rows and 80 columns
Presolve time: 0.01s
Presolved: 2730 rows, 379 columns, 8028 nonzeros
Variable types: 0 continuous, 379 integer (379 binary)
Found heuristic solution: objective 3891.0000000
Found heuristic solution: objective 3716.0000000

Root relaxation: objective 0.000000e+00, 161 iterations, 0.00 seconds (0.01 work units)

    Nodes    |    Current Node    |     Objective Bounds      |     Work
 Expl Unexpl |  Obj  Depth IntInf | Incumbent    BestBd   Gap | It/Node Time

     0     0    0.00000    0   42 3716.00000    0.00000   100%     -    0s
H    0     0                    3468.0000000    0.00000   100%     -    0s
H    0     0                    1679.0000000    0.00000   100%     -    0s
H    0     0                    1607.0000000    0.00000   100%     -    0s
H    0     0                    1385.0000000    0.00000   100%     -    0s
     0     0    0.00000    0   88 1385.00000    0.00000   100%     -    0s
H    0     0                    1251.0000000    0.00000   100%     -    0s
H    0     0                    1066.0000000    0.00000   100%     -    0s
     0     0    0.00000    0  118 1066.00000    0.00000   100%     -    0s
H    0     0                     834.0000000    0.00000   100%     -    0s
     0     0    0.00000    0  111  834.00000    0.00000   100%     -    0s
     0     0    0.00000    0   74  834.00000    0.00000   100%     -    0s
H    0     0                     637.0000000    0.00000   100%     -    0s
H    0     0                     539.0000000    0.00000   100%     -    0s
H    0     0                     491.0000000    0.00000   100%     -    0s
     0     0    0.00000    0   85  491.00000    0.00000   100%     -    0s
     0     0    0.00000    0   83  491.00000    0.00000   100%     -    0s
     0     0    0.00000    0   80  491.00000    0.00000   100%     -    0s
     0     0    0.00000    0   80  491.00000    0.00000   100%     -    0s
     0     2    0.00000    0   80  491.00000    0.00000   100%     -    0s
H   27    19                     481.0000000    0.00000   100%  49.3    0s
H  188   129                     438.0000000   18.00000  95.9%  62.9    0s
H  244   153                     420.0000000   25.00000  94.0%  56.3    1s
H  524   291                     417.0000000   30.14286  92.8%  51.4    1s
  1643   614  241.50000   32   51  417.00000   40.00000  90.4%  44.7    5s
  4112  1714   83.12500   30   80  417.00000   71.46667  82.9%  35.4   10s
  6386  2177  381.75000   42   26  417.00000  286.47619  31.3%  28.1   15s
  9766  1318  381.56667   44  114  417.00000  358.00000  14.1%  27.7   20s

Explored 12549 nodes (362397 simplex iterations) in 23.33 seconds (29.33 work units)
Thread count was 1 (of 12 available processors)

Solution count 10: 417 420 438 ... 1251

Optimal solution found (tolerance 1.00e-04)
Best objective 4.170000000000e+02, best bound 4.170000000000e+02, gap 0.0000%
417.0
