Set parameter Username
Academic license - for non-commercial use only - expires 2025-08-28
Set parameter Threads to value 1
Set parameter Method to value 4
Gurobi Optimizer version 11.0.0 build v11.0.0rc2 (mac64[arm] - Darwin 23.5.0 23F79)

CPU model: Apple M3 Pro
Thread count: 12 physical cores, 12 logical processors, using up to 1 threads

Optimize a model with 3278 rows, 459 columns and 9854 nonzeros
Model fingerprint: 0x9535b6d8
Variable types: 270 continuous, 189 integer (189 binary)
Coefficient statistics:
  Matrix range     [1e+00, 1e+00]
  Objective range  [1e+01, 3e+02]
  Bounds range     [1e+00, 1e+00]
  RHS range        [1e+00, 2e+00]
Presolve removed 548 rows and 80 columns
Presolve time: 0.01s
Presolved: 2730 rows, 379 columns, 8028 nonzeros
Variable types: 0 continuous, 379 integer (379 binary)
Found heuristic solution: objective 3905.0000000
Found heuristic solution: objective 3730.0000000

Root relaxation: objective 0.000000e+00, 161 iterations, 0.01 seconds (0.01 work units)

    Nodes    |    Current Node    |     Objective Bounds      |     Work
 Expl Unexpl |  Obj  Depth IntInf | Incumbent    BestBd   Gap | It/Node Time

     0     0    0.00000    0   42 3730.00000    0.00000   100%     -    0s
H    0     0                    3478.0000000    0.00000   100%     -    0s
H    0     0                    1686.0000000    0.00000   100%     -    0s
H    0     0                    1614.0000000    0.00000   100%     -    0s
H    0     0                    1392.0000000    0.00000   100%     -    0s
     0     0    0.00000    0   88 1392.00000    0.00000   100%     -    0s
H    0     0                    1256.0000000    0.00000   100%     -    0s
H    0     0                    1071.0000000    0.00000   100%     -    0s
     0     0    0.00000    0  118 1071.00000    0.00000   100%     -    0s
H    0     0                     837.0000000    0.00000   100%     -    0s
     0     0    0.00000    0  111  837.00000    0.00000   100%     -    0s
     0     0    0.00000    0   74  837.00000    0.00000   100%     -    0s
H    0     0                     644.0000000    0.00000   100%     -    0s
H    0     0                     546.0000000    0.00000   100%     -    0s
H    0     0                     498.0000000    0.00000   100%     -    0s
     0     0    0.00000    0  107  498.00000    0.00000   100%     -    0s
     0     0    0.00000    0  112  498.00000    0.00000   100%     -    0s
     0     0    0.00000    0   95  498.00000    0.00000   100%     -    0s
     0     0    0.00000    0   87  498.00000    0.00000   100%     -    0s
H    0     0                     458.0000000    0.00000   100%     -    0s
     0     2    0.00000    0   87  458.00000    0.00000   100%     -    0s
H   81    67                     442.0000000    0.00000   100%  49.1    0s
H  218   139                     427.0000000    0.00000   100%  46.6    0s
*  463   290              39     424.0000000    0.00000   100%  48.5    1s
  1641   656  185.00000   27   66  424.00000   27.50000  93.5%  44.9    5s
  3998  1386  199.20000   23   92  424.00000   70.00000  83.5%  37.7   10s
  5875  1727  353.00000   32   42  424.00000  247.00000  41.7%  36.0   15s
  8666  1135  367.00000   33   33  424.00000  325.00000  23.3%  32.2   20s

Cutting planes:
  Zero half: 2
  RLT: 1
  BQP: 3

Explored 11302 nodes (338423 simplex iterations) in 23.81 seconds (28.97 work units)
Thread count was 1 (of 12 available processors)

Solution count 10: 424 427 442 ... 837

Optimal solution found (tolerance 1.00e-04)
Best objective 4.240000000000e+02, best bound 4.240000000000e+02, gap 0.0000%
424.0
