Set parameter Username
Academic license - for non-commercial use only - expires 2025-08-28
Set parameter Threads to value 1
Set parameter Method to value 4
Gurobi Optimizer version 11.0.0 build v11.0.0rc2 (mac64[arm] - Darwin 23.5.0 23F79)

CPU model: Apple M3 Pro
Thread count: 12 physical cores, 12 logical processors, using up to 1 threads

Optimize a model with 3278 rows, 459 columns and 9854 nonzeros
Model fingerprint: 0x05d32a3f
Variable types: 270 continuous, 189 integer (189 binary)
Coefficient statistics:
  Matrix range     [1e+00, 1e+00]
  Objective range  [1e+01, 3e+02]
  Bounds range     [1e+00, 1e+00]
  RHS range        [1e+00, 2e+00]
Presolve removed 548 rows and 80 columns
Presolve time: 0.01s
Presolved: 2730 rows, 379 columns, 8028 nonzeros
Variable types: 0 continuous, 379 integer (379 binary)
Found heuristic solution: objective 3884.0000000
Found heuristic solution: objective 3730.0000000

Root relaxation: objective 0.000000e+00, 161 iterations, 0.00 seconds (0.01 work units)

    Nodes    |    Current Node    |     Objective Bounds      |     Work
 Expl Unexpl |  Obj  Depth IntInf | Incumbent    BestBd   Gap | It/Node Time

     0     0    0.00000    0   42 3730.00000    0.00000   100%     -    0s
H    0     0                    3463.0000000    0.00000   100%     -    0s
H    0     0                    1665.0000000    0.00000   100%     -    0s
H    0     0                    1593.0000000    0.00000   100%     -    0s
H    0     0                    1371.0000000    0.00000   100%     -    0s
     0     0    0.00000    0   83 1371.00000    0.00000   100%     -    0s
H    0     0                     876.0000000    0.00000   100%     -    0s
     0     0    0.00000    0  121  876.00000    0.00000   100%     -    0s
H    0     0                     829.0000000    0.00000   100%     -    0s
     0     0    0.00000    0  124  829.00000    0.00000   100%     -    0s
     0     0    0.00000    0   71  829.00000    0.00000   100%     -    0s
H    0     0                     752.0000000    0.00000   100%     -    0s
     0     0    0.00000    0   96  752.00000    0.00000   100%     -    0s
     0     0    0.00000    0   98  752.00000    0.00000   100%     -    0s
     0     0    0.00000    0   96  752.00000    0.00000   100%     -    0s
     0     2    0.00000    0   79  752.00000    0.00000   100%     -    0s
H   88    66                     736.0000000    0.00000   100%  49.8    0s
H   88    66                     720.0000000    0.00000   100%  49.8    0s
*   97    75              54     687.0000000    0.00000   100%  46.7    0s
H  131    97                     675.0000000    0.00000   100%  48.2    0s
H  139   105                     674.0000000    0.00000   100%  48.0    0s
H  161   119                     631.0000000    0.00000   100%  46.2    0s
H  172   122                     592.0000000    0.00000   100%  44.7    0s
H  183   123                     582.0000000    0.00000   100%  43.1    0s
H  191   120                     563.0000000    6.25000  98.9%  43.1    0s
H  209   133                     536.0000000    6.25000  98.8%  44.4    0s
H  218   122                     488.0000000    7.60000  98.4%  43.9    0s
H  235   138                     482.0000000    7.60000  98.4%  45.9    0s
H  245   145                     458.0000000    7.60000  98.3%  45.7    0s
*  271   164              40     451.0000000    7.60000  98.3%  45.2    0s
H  326   189                     427.0000000    7.75000  98.2%  43.4    1s
  1665   533  353.58333   37   75  427.00000   74.00000  82.7%  38.1    5s
  4107  1491  345.85714   30  115  427.00000  116.75000  72.7%  30.5   10s
* 5331  1815              39     424.0000000  174.00000  59.0%  25.3   12s
  6222  1664     cutoff   32       424.00000  291.75000  31.2%  24.9   15s

Cutting planes:
  Zero half: 1
  RLT: 3
  BQP: 2

Explored 7658 nodes (214218 simplex iterations) in 17.23 seconds (21.62 work units)
Thread count was 1 (of 12 available processors)

Solution count 10: 424 427 451 ... 592

Optimal solution found (tolerance 1.00e-04)
Best objective 4.240000000000e+02, best bound 4.240000000000e+02, gap 0.0000%
424.0
