Set parameter Username
Academic license - for non-commercial use only - expires 2025-08-28
Set parameter Threads to value 1
Set parameter Method to value 4
Gurobi Optimizer version 11.0.0 build v11.0.0rc2 (mac64[arm] - Darwin 23.5.0 23F79)

CPU model: Apple M3 Pro
Thread count: 12 physical cores, 12 logical processors, using up to 1 threads

Optimize a model with 3278 rows, 459 columns and 9854 nonzeros
Model fingerprint: 0x03959c0a
Variable types: 270 continuous, 189 integer (189 binary)
Coefficient statistics:
  Matrix range     [1e+00, 1e+00]
  Objective range  [1e+01, 3e+02]
  Bounds range     [1e+00, 1e+00]
  RHS range        [1e+00, 2e+00]
Presolve removed 548 rows and 80 columns
Presolve time: 0.01s
Presolved: 2730 rows, 379 columns, 8028 nonzeros
Variable types: 0 continuous, 379 integer (379 binary)
Found heuristic solution: objective 3905.0000000
Found heuristic solution: objective 3716.0000000

Root relaxation: objective 0.000000e+00, 161 iterations, 0.00 seconds (0.01 work units)

    Nodes    |    Current Node    |     Objective Bounds      |     Work
 Expl Unexpl |  Obj  Depth IntInf | Incumbent    BestBd   Gap | It/Node Time

     0     0    0.00000    0   42 3716.00000    0.00000   100%     -    0s
H    0     0                    3478.0000000    0.00000   100%     -    0s
H    0     0                    1693.0000000    0.00000   100%     -    0s
H    0     0                    1621.0000000    0.00000   100%     -    0s
H    0     0                    1399.0000000    0.00000   100%     -    0s
     0     0    0.00000    0   88 1399.00000    0.00000   100%     -    0s
H    0     0                    1261.0000000    0.00000   100%     -    0s
H    0     0                    1076.0000000    0.00000   100%     -    0s
     0     0    0.00000    0  118 1076.00000    0.00000   100%     -    0s
H    0     0                     842.0000000    0.00000   100%     -    0s
H    0     0                     694.0000000    0.00000   100%     -    0s
     0     0    0.00000    0  111  694.00000    0.00000   100%     -    0s
     0     0    0.00000    0   85  694.00000    0.00000   100%     -    0s
H    0     0                     646.0000000    0.00000   100%     -    0s
     0     0    0.00000    0   76  646.00000    0.00000   100%     -    0s
     0     0    0.00000    0  106  646.00000    0.00000   100%     -    0s
H    0     0                     634.0000000    0.00000   100%     -    0s
     0     0    0.00000    0  107  634.00000    0.00000   100%     -    0s
     0     0    0.00000    0   87  634.00000    0.00000   100%     -    0s
     0     0    0.00000    0   87  634.00000    0.00000   100%     -    0s
     0     2    0.00000    0   87  634.00000    0.00000   100%     -    0s
H   26    23                     622.0000000    0.00000   100%  65.7    0s
H  164   110                     594.0000000    0.00000   100%  45.9    0s
H  183   121                     501.0000000    0.00000   100%  46.0    0s
H  183   117                     478.0000000    0.00000   100%  46.0    0s
H  188   114                     447.0000000    0.00000   100%  45.5    0s
H  191   116                     432.0000000    0.00000   100%  45.2    0s
H  218   128                     420.0000000    0.00000   100%  44.1    0s
H  501   261                     417.0000000   12.00000  97.1%  41.7    1s
  1637   565  307.33333   31   68  417.00000  102.00000  75.5%  39.2    5s
  3957  1428     cutoff   39       417.00000  173.66667  58.4%  30.6   10s
  6619  2343  387.83333   38   87  417.00000  204.00000  51.1%  27.8   15s
  9550  3257  250.75000   35   56  417.00000  225.00000  46.0%  26.5   20s
 10243  3448  313.76190   28   61  417.00000  230.00000  44.8%  26.4   25s
 12861  4020  413.57143   34   68  417.00000  243.00000  41.7%  28.0   30s
 15213  4405  392.75000   34   46  417.00000  256.50000  38.5%  29.4   35s
 17692  4663  388.00000   28   62  417.00000  269.00000  35.5%  30.4   40s
 20313  4857  331.45000   26  113  417.00000  280.00000  32.9%  30.9   45s
 22963  5046 infeasible   34       417.00000  290.33333  30.4%  31.2   50s
 25758  5135 infeasible   37       417.00000  299.95000  28.1%  31.0   55s
 28569  5138  340.46448   40   96  417.00000  308.14516  26.1%  30.9   60s
 31562  5057     cutoff   35       417.00000  316.00000  24.2%  30.6   65s
 34580  4935     cutoff   39       417.00000  323.00000  22.5%  30.2   70s
 37695  4722  372.00000   33   64  417.00000  331.00000  20.6%  29.9   75s
 40736  4386  373.00000   42   58  417.00000  338.00000  18.9%  29.6   80s
 43892  3969  411.55357   38  111  417.00000  345.80000  17.1%  29.4   85s
 47142  3348     cutoff   39       417.00000  354.00000  15.1%  29.1   90s
 50182  2578     cutoff   30       417.00000  363.50000  12.8%  28.9   95s
 53558  1188     cutoff   30       417.00000  380.00000  8.87%  28.6  100s

Cutting planes:
  Gomory: 3
  Cover: 1
  Implied bound: 5
  MIR: 2
  Flow cover: 43
  Zero half: 89
  RLT: 28
  BQP: 34

Explored 55261 nodes (1562988 simplex iterations) in 102.11 seconds (128.11 work units)
Thread count was 1 (of 12 available processors)

Solution count 10: 417 417 420 ... 634

Optimal solution found (tolerance 1.00e-04)
Best objective 4.170000000000e+02, best bound 4.170000000000e+02, gap 0.0000%
417.0
