Set parameter Username
Academic license - for non-commercial use only - expires 2025-08-28
Set parameter Threads to value 1
Set parameter Method to value 4
Gurobi Optimizer version 11.0.0 build v11.0.0rc2 (mac64[arm] - Darwin 23.5.0 23F79)

CPU model: Apple M3 Pro
Thread count: 12 physical cores, 12 logical processors, using up to 1 threads

Optimize a model with 3443 rows, 477 columns and 10351 nonzeros
Model fingerprint: 0x80885b93
Variable types: 279 continuous, 198 integer (198 binary)
Coefficient statistics:
  Matrix range     [1e+00, 1e+00]
  Objective range  [1e+01, 3e+02]
  Bounds range     [1e+00, 1e+00]
  RHS range        [1e+00, 2e+00]
Presolve removed 568 rows and 82 columns
Presolve time: 0.01s
Presolved: 2875 rows, 395 columns, 8451 nonzeros
Variable types: 0 continuous, 395 integer (395 binary)
Found heuristic solution: objective 3891.0000000
Found heuristic solution: objective 3800.0000000

Root relaxation: objective 0.000000e+00, 216 iterations, 0.01 seconds (0.01 work units)

    Nodes    |    Current Node    |     Objective Bounds      |     Work
 Expl Unexpl |  Obj  Depth IntInf | Incumbent    BestBd   Gap | It/Node Time

     0     0    0.00000    0   44 3800.00000    0.00000   100%     -    0s
H    0     0                    3480.0000000    0.00000   100%     -    0s
H    0     0                    1672.0000000    0.00000   100%     -    0s
H    0     0                    1600.0000000    0.00000   100%     -    0s
H    0     0                    1550.0000000    0.00000   100%     -    0s
     0     0    0.00000    0  123 1550.00000    0.00000   100%     -    0s
H    0     0                    1539.0000000    0.00000   100%     -    0s
H    0     0                    1421.0000000    0.00000   100%     -    0s
     0     0    0.00000    0   91 1421.00000    0.00000   100%     -    0s
H    0     0                    1010.0000000    0.00000   100%     -    0s
H    0     0                     947.0000000    0.00000   100%     -    0s
     0     0    0.00000    0  108  947.00000    0.00000   100%     -    0s
     0     0    0.00000    0  138  947.00000    0.00000   100%     -    0s
H    0     0                     877.0000000    0.00000   100%     -    0s
H    0     0                     855.0000000    0.00000   100%     -    0s
     0     0    0.00000    0  135  855.00000    0.00000   100%     -    0s
     0     0    0.00000    0   72  855.00000    0.00000   100%     -    0s
     0     0    0.00000    0   72  855.00000    0.00000   100%     -    0s
H    0     0                     831.0000000    0.00000   100%     -    0s
H    0     0                     776.0000000    0.00000   100%     -    0s
H    0     0                     756.0000000    0.00000   100%     -    0s
H    0     0                     642.0000000    0.00000   100%     -    0s
     0     2    0.00000    0   72  642.00000    0.00000   100%     -    0s
H   78    64                     587.0000000    0.00000   100%  69.8    0s
H  111    89                     585.0000000    0.00000   100%  73.3    0s
H  167   126                     535.0000000    0.00000   100%  68.5    0s
H  209   149                     534.0000000    0.00000   100%  73.1    1s
H  290   197                     529.0000000    0.00000   100%  69.7    1s
H  502   348                     509.0000000    3.00000  99.4%  67.0    1s
*  513   346              44     494.0000000    3.00000  99.4%  66.0    1s
  1413   667  331.63506   32  104  494.00000   37.50000  92.4%  55.3    5s
  3482  1493     cutoff   43       494.00000   69.75000  85.9%  44.7   10s
  5355  2165  481.66667   37  120  494.00000  147.00000  70.2%  34.8   15s
  7192  2485  262.33333   33   56  494.00000  214.66667  56.5%  36.7   20s
  9648  2643     cutoff   44       494.00000  273.00000  44.7%  36.4   25s
 12319  2910     cutoff   39       494.00000  308.00000  37.7%  35.2   30s
 15059  3558  389.22500   38  143  494.00000  330.33333  33.1%  34.3   35s
 15303  3602     cutoff   40       494.00000  332.00000  32.8%  34.2   41s
 16654  3826     cutoff   40       494.00000  341.50000  30.9%  34.9   45s
 18967  3987  450.00000   36   80  494.00000  355.50000  28.0%  36.1   50s
 21181  4062  465.00000   35   91  494.00000  369.00000  25.3%  36.6   55s
 23663  4148  415.00000   38  128  494.00000  380.78571  22.9%  36.8   60s
 26177  4140  471.41667   48  128  494.00000  392.88889  20.5%  36.7   65s
 28732  4066  491.50000   36   53  494.00000  402.00000  18.6%  36.6   70s
 31383  3893     cutoff   44       494.00000  411.69388  16.7%  36.3   75s
 33989  3693  482.50000   43   93  494.00000  421.00000  14.8%  36.1   80s
 37043  3332  469.00000   43   62  494.00000  433.00000  12.3%  35.6   85s
 40048  2893     cutoff   43       494.00000  445.83333  9.75%  35.0   90s
 43344  2038     cutoff   40       494.00000  462.70000  6.34%  34.2   95s

Cutting planes:
  Gomory: 1
  Implied bound: 24
  Flow cover: 6
  Zero half: 20
  RLT: 83
  BQP: 54

Explored 47024 nodes (1591853 simplex iterations) in 99.55 seconds (123.98 work units)
Thread count was 1 (of 12 available processors)

Solution count 10: 494 494 509 ... 756

Optimal solution found (tolerance 1.00e-04)
Best objective 4.940000000000e+02, best bound 4.940000000000e+02, gap 0.0000%
494.0
