Set parameter Username
Academic license - for non-commercial use only - expires 2025-08-28
Set parameter Threads to value 1
Set parameter Method to value 4
Gurobi Optimizer version 11.0.0 build v11.0.0rc2 (mac64[arm] - Darwin 23.5.0 23F79)

CPU model: Apple M3 Pro
Thread count: 12 physical cores, 12 logical processors, using up to 1 threads

Optimize a model with 3278 rows, 459 columns and 9854 nonzeros
Model fingerprint: 0xc36c74ec
Variable types: 270 continuous, 189 integer (189 binary)
Coefficient statistics:
  Matrix range     [1e+00, 1e+00]
  Objective range  [1e+01, 3e+02]
  Bounds range     [1e+00, 1e+00]
  RHS range        [1e+00, 2e+00]
Presolve removed 548 rows and 80 columns
Presolve time: 0.01s
Presolved: 2730 rows, 379 columns, 8028 nonzeros
Variable types: 0 continuous, 379 integer (379 binary)
Found heuristic solution: objective 3919.0000000
Found heuristic solution: objective 3730.0000000

Root relaxation: objective 0.000000e+00, 161 iterations, 0.00 seconds (0.01 work units)

    Nodes    |    Current Node    |     Objective Bounds      |     Work
 Expl Unexpl |  Obj  Depth IntInf | Incumbent    BestBd   Gap | It/Node Time

     0     0    0.00000    0   42 3730.00000    0.00000   100%     -    0s
H    0     0                    3488.0000000    0.00000   100%     -    0s
H    0     0                    1700.0000000    0.00000   100%     -    0s
H    0     0                    1628.0000000    0.00000   100%     -    0s
H    0     0                    1406.0000000    0.00000   100%     -    0s
     0     0    0.00000    0   88 1406.00000    0.00000   100%     -    0s
H    0     0                    1266.0000000    0.00000   100%     -    0s
H    0     0                    1081.0000000    0.00000   100%     -    0s
     0     0    0.00000    0  118 1081.00000    0.00000   100%     -    0s
H    0     0                     845.0000000    0.00000   100%     -    0s
H    0     0                     816.0000000    0.00000   100%     -    0s
     0     0    0.00000    0  107  816.00000    0.00000   100%     -    0s
     0     0    0.00000    0  129  816.00000    0.00000   100%     -    0s
H    0     0                     801.0000000    0.00000   100%     -    0s
     0     0    0.00000    0  120  801.00000    0.00000   100%     -    0s
     0     0    0.00000    0  110  801.00000    0.00000   100%     -    0s
     0     0    0.00000    0  119  801.00000    0.00000   100%     -    0s
     0     0    0.00000    0   95  801.00000    0.00000   100%     -    0s
     0     0    0.00000    0   95  801.00000    0.00000   100%     -    0s
H    0     0                     789.0000000    0.00000   100%     -    0s
     0     2    0.00000    0   93  789.00000    0.00000   100%     -    0s
*   49    47              29     701.0000000    0.00000   100%  45.8    0s
H   52    42                     683.0000000    0.00000   100%  43.2    0s
H  108    85                     661.0000000   12.00000  98.2%  49.9    0s
H  135    98                     634.0000000   12.00000  98.1%  46.0    0s
H  139    97                     619.0000000   12.00000  98.1%  45.5    0s
H  158   116                     611.0000000   12.00000  98.0%  48.6    0s
H  162   116                     546.0000000   12.00000  97.8%  47.8    0s
H  189   130                     526.0000000   12.00000  97.7%  44.3    0s
H  216   145                     465.0000000   12.00000  97.4%  50.4    0s
H  216   141                     436.0000000   12.00000  97.2%  50.4    0s
H  237   150                     434.0000000   12.00000  97.2%  50.6    0s
H  263   175                     424.0000000   12.00000  97.2%  51.4    0s
  1687   579  243.00000   19   44  424.00000   46.75000  89.0%  45.2    5s
  3768  1234  390.56250   37   86  424.00000   92.50000  78.2%  38.7   10s
  5819  1728  320.00000   36   71  424.00000  219.00000  48.3%  30.7   15s
  8552  1183     cutoff   50       424.00000  321.00000  24.3%  30.0   20s
 12006    92  417.00000   36   42  424.00000  412.33333  2.75%  27.1   25s

Cutting planes:
  Zero half: 3
  RLT: 1
  BQP: 3

Explored 12127 nodes (364757 simplex iterations) in 25.14 seconds (31.68 work units)
Thread count was 1 (of 12 available processors)

Solution count 10: 424 434 436 ... 661

Optimal solution found (tolerance 1.00e-04)
Best objective 4.240000000000e+02, best bound 4.240000000000e+02, gap 0.0000%
424.0
