Set parameter Username
Academic license - for non-commercial use only - expires 2025-08-28
Set parameter Threads to value 1
Set parameter Method to value 4
Gurobi Optimizer version 11.0.0 build v11.0.0rc2 (mac64[arm] - Darwin 23.5.0 23F79)

CPU model: Apple M3 Pro
Thread count: 12 physical cores, 12 logical processors, using up to 1 threads

Optimize a model with 3278 rows, 459 columns and 9854 nonzeros
Model fingerprint: 0xad6c33a4
Variable types: 270 continuous, 189 integer (189 binary)
Coefficient statistics:
  Matrix range     [1e+00, 1e+00]
  Objective range  [1e+01, 3e+02]
  Bounds range     [1e+00, 1e+00]
  RHS range        [1e+00, 2e+00]
Presolve removed 548 rows and 80 columns
Presolve time: 0.01s
Presolved: 2730 rows, 379 columns, 8028 nonzeros
Variable types: 0 continuous, 379 integer (379 binary)
Found heuristic solution: objective 3891.0000000
Found heuristic solution: objective 3723.0000000

Root relaxation: objective 0.000000e+00, 161 iterations, 0.00 seconds (0.01 work units)

    Nodes    |    Current Node    |     Objective Bounds      |     Work
 Expl Unexpl |  Obj  Depth IntInf | Incumbent    BestBd   Gap | It/Node Time

     0     0    0.00000    0   42 3723.00000    0.00000   100%     -    0s
H    0     0                    3470.0000000    0.00000   100%     -    0s
H    0     0                    1672.0000000    0.00000   100%     -    0s
H    0     0                    1600.0000000    0.00000   100%     -    0s
H    0     0                    1378.0000000    0.00000   100%     -    0s
     0     0    0.00000    0   88 1378.00000    0.00000   100%     -    0s
H    0     0                    1246.0000000    0.00000   100%     -    0s
H    0     0                    1061.0000000    0.00000   100%     -    0s
     0     0    0.00000    0  118 1061.00000    0.00000   100%     -    0s
H    0     0                     830.0000000    0.00000   100%     -    0s
H    0     0                     806.0000000    0.00000   100%     -    0s
     0     0    0.00000    0  111  806.00000    0.00000   100%     -    0s
     0     0    0.00000    0  123  806.00000    0.00000   100%     -    0s
H    0     0                     771.0000000    0.00000   100%     -    0s
H    0     0                     735.0000000    0.00000   100%     -    0s
     0     0    0.00000    0  123  735.00000    0.00000   100%     -    0s
     0     0    0.00000    0   67  735.00000    0.00000   100%     -    0s
     0     0    0.00000    0   67  735.00000    0.00000   100%     -    0s
     0     2    0.00000    0   67  735.00000    0.00000   100%     -    0s
H   27    27                     711.0000000   12.00000  98.3%  83.3    0s
*   44    42              24     445.0000000   12.00000  97.3%  68.8    0s
H   78    62                     432.0000000   20.50000  95.3%  63.4    0s
*  112    83              24     417.0000000   21.33333  94.9%  62.2    0s
  1445   596  116.75000   25  103  417.00000   38.50000  90.8%  47.0    5s
  3232  1148  175.16667   26   94  417.00000   84.00000  79.9%  40.3   10s
  5199  1812  392.35714   41  114  417.00000  179.00000  57.1%  31.0   15s
  7600  1369     cutoff   39       417.00000  347.00000  16.8%  30.0   20s

Cutting planes:
  Inf proof: 1
  Zero half: 4

Explored 9524 nodes (304169 simplex iterations) in 22.55 seconds (26.85 work units)
Thread count was 1 (of 12 available processors)

Solution count 10: 417 432 445 ... 1246

Optimal solution found (tolerance 1.00e-04)
Best objective 4.170000000000e+02, best bound 4.170000000000e+02, gap 0.0000%
417.0
