Set parameter Username
Academic license - for non-commercial use only - expires 2025-08-28
Set parameter Threads to value 1
Set parameter Method to value 4
Gurobi Optimizer version 11.0.0 build v11.0.0rc2 (mac64[arm] - Darwin 23.5.0 23F79)

CPU model: Apple M3 Pro
Thread count: 12 physical cores, 12 logical processors, using up to 1 threads

Optimize a model with 3278 rows, 459 columns and 9854 nonzeros
Model fingerprint: 0x1e8722cf
Variable types: 270 continuous, 189 integer (189 binary)
Coefficient statistics:
  Matrix range     [1e+00, 1e+00]
  Objective range  [1e+01, 3e+02]
  Bounds range     [1e+00, 1e+00]
  RHS range        [1e+00, 2e+00]
Presolve removed 548 rows and 80 columns
Presolve time: 0.01s
Presolved: 2730 rows, 379 columns, 8028 nonzeros
Variable types: 0 continuous, 379 integer (379 binary)
Found heuristic solution: objective 3898.0000000
Found heuristic solution: objective 3716.0000000

Root relaxation: objective 0.000000e+00, 161 iterations, 0.00 seconds (0.01 work units)

    Nodes    |    Current Node    |     Objective Bounds      |     Work
 Expl Unexpl |  Obj  Depth IntInf | Incumbent    BestBd   Gap | It/Node Time

     0     0    0.00000    0   42 3716.00000    0.00000   100%     -    0s
H    0     0                    3473.0000000    0.00000   100%     -    0s
H    0     0                    1686.0000000    0.00000   100%     -    0s
H    0     0                    1614.0000000    0.00000   100%     -    0s
H    0     0                    1392.0000000    0.00000   100%     -    0s
     0     0    0.00000    0   88 1392.00000    0.00000   100%     -    0s
H    0     0                    1256.0000000    0.00000   100%     -    0s
H    0     0                    1071.0000000    0.00000   100%     -    0s
     0     0    0.00000    0  101 1071.00000    0.00000   100%     -    0s
H    0     0                     743.0000000    0.00000   100%     -    0s
     0     0    0.00000    0  129  743.00000    0.00000   100%     -    0s
H    0     0                     733.0000000    0.00000   100%     -    0s
H    0     0                     676.0000000    0.00000   100%     -    0s
     0     0    0.00000    0  133  676.00000    0.00000   100%     -    0s
     0     0    0.00000    0   78  676.00000    0.00000   100%     -    0s
     0     0    0.00000    0   78  676.00000    0.00000   100%     -    0s
H    0     0                     652.0000000    0.00000   100%     -    0s
     0     2    0.00000    0   78  652.00000    0.00000   100%     -    0s
H  139   100                     620.0000000    0.00000   100%  46.4    0s
H  156   103                     563.0000000    0.00000   100%  46.8    0s
H  209   140                     523.0000000    2.00000   100%  49.2    0s
H  216   143                     508.0000000    2.00000   100%  49.0    0s
H  243   147                     444.0000000    2.00000   100%  46.3    0s
H  270   159                     420.0000000    3.00000  99.3%  46.6    1s
  1718   569  325.50000   30   82  420.00000   66.00000  84.3%  39.9    5s
H 1864   575                     417.0000000   73.03333  82.5%  38.8    5s
  3884  1321 infeasible   39       417.00000  112.00000  73.1%  35.6   10s
  5932  1677  171.00000   28   86  417.00000  143.33333  65.6%  35.2   15s
  8412  1168  339.25000   37   81  417.00000  273.00000  34.5%  33.3   20s
 11563   361  392.71429   38   55  417.00000  355.00000  14.9%  31.3   25s

Cutting planes:
  Zero half: 1
  BQP: 2

Explored 12393 nodes (378865 simplex iterations) in 26.06 seconds (31.90 work units)
Thread count was 1 (of 12 available processors)

Solution count 10: 417 420 444 ... 733

Optimal solution found (tolerance 1.00e-04)
Best objective 4.170000000000e+02, best bound 4.170000000000e+02, gap 0.0000%
417.0
