Set parameter Username
Academic license - for non-commercial use only - expires 2025-08-28
Set parameter Threads to value 1
Set parameter Method to value 4
Gurobi Optimizer version 11.0.0 build v11.0.0rc2 (mac64[arm] - Darwin 23.5.0 23F79)

CPU model: Apple M3 Pro
Thread count: 12 physical cores, 12 logical processors, using up to 1 threads

Optimize a model with 3278 rows, 459 columns and 9854 nonzeros
Model fingerprint: 0x65c7ac47
Variable types: 270 continuous, 189 integer (189 binary)
Coefficient statistics:
  Matrix range     [1e+00, 1e+00]
  Objective range  [1e+01, 3e+02]
  Bounds range     [1e+00, 1e+00]
  RHS range        [1e+00, 2e+00]
Presolve removed 548 rows and 80 columns
Presolve time: 0.01s
Presolved: 2730 rows, 379 columns, 8028 nonzeros
Variable types: 0 continuous, 379 integer (379 binary)
Found heuristic solution: objective 3912.0000000
Found heuristic solution: objective 3730.0000000

Root relaxation: objective 0.000000e+00, 161 iterations, 0.00 seconds (0.01 work units)

    Nodes    |    Current Node    |     Objective Bounds      |     Work
 Expl Unexpl |  Obj  Depth IntInf | Incumbent    BestBd   Gap | It/Node Time

     0     0    0.00000    0   42 3730.00000    0.00000   100%     -    0s
H    0     0                    3483.0000000    0.00000   100%     -    0s
H    0     0                    1693.0000000    0.00000   100%     -    0s
H    0     0                    1621.0000000    0.00000   100%     -    0s
H    0     0                    1399.0000000    0.00000   100%     -    0s
     0     0    0.00000    0   88 1399.00000    0.00000   100%     -    0s
H    0     0                    1261.0000000    0.00000   100%     -    0s
H    0     0                    1076.0000000    0.00000   100%     -    0s
     0     0    0.00000    0   78 1076.00000    0.00000   100%     -    0s
H    0     0                     952.0000000    0.00000   100%     -    0s
H    0     0                     942.0000000    0.00000   100%     -    0s
     0     0    0.00000    0   78  942.00000    0.00000   100%     -    0s
     0     0    0.00000    0   81  942.00000    0.00000   100%     -    0s
H    0     0                     940.0000000    0.00000   100%     -    0s
H    0     0                     841.0000000    0.00000   100%     -    0s
H    0     0                     768.0000000    0.00000   100%     -    0s
     0     0    0.00000    0  106  768.00000    0.00000   100%     -    0s
     0     0    0.00000    0   88  768.00000    0.00000   100%     -    0s
H    0     0                     664.0000000    0.00000   100%     -    0s
     0     0    0.00000    0   85  664.00000    0.00000   100%     -    0s
     0     0    0.00000    0   84  664.00000    0.00000   100%     -    0s
     0     0    0.00000    0   84  664.00000    0.00000   100%     -    0s
     0     2    0.00000    0   84  664.00000    0.00000   100%     -    0s
H  137   103                     617.0000000    2.16667   100%  63.5    0s
H  191   132                     585.0000000    5.00000  99.1%  62.5    0s
H  291   176                     531.0000000    7.63636  98.6%  54.0    1s
H  292   169                     489.0000000    7.63636  98.4%  53.8    1s
H  318   181                     481.0000000    8.00000  98.3%  51.9    1s
H  370   206                     479.0000000   12.00000  97.5%  48.1    1s
H  396   213                     467.0000000   12.00000  97.4%  47.3    1s
H  434   238                     457.0000000   12.00000  97.4%  47.1    1s
H  449   242                     447.0000000   12.00000  97.3%  47.6    1s
H  501   280                     446.0000000   12.00000  97.3%  50.8    1s
H  527   296                     434.0000000   15.00000  96.5%  52.3    1s
H  631   368                     424.0000000   15.00000  96.5%  55.2    2s
  1609   594  184.83333   25   98  424.00000   45.00000  89.4%  43.3    5s
  3764  1349  224.50000   33   91  424.00000   94.75000  77.7%  35.5   10s
  5840  1895  337.69444   43  134  424.00000  122.58333  71.1%  29.2   15s
  8676  1761  371.56250   41  109  424.00000  265.87500  37.3%  30.1   20s
 12407  1705  380.66667   36   76  424.00000  316.00000  25.5%  28.2   25s
 16252  1547     cutoff   53       424.00000  350.90000  17.2%  26.5   30s
 20370   206     cutoff   53       424.00000  411.50000  2.95%  24.6   35s

Cutting planes:
  RLT: 1
  BQP: 7

Explored 20619 nodes (544464 simplex iterations) in 35.26 seconds (44.46 work units)
Thread count was 1 (of 12 available processors)

Solution count 10: 424 434 446 ... 531

Optimal solution found (tolerance 1.00e-04)
Best objective 4.240000000000e+02, best bound 4.240000000000e+02, gap 0.0000%
424.0
