Set parameter Username
Academic license - for non-commercial use only - expires 2025-08-28
Set parameter Threads to value 1
Set parameter Method to value 4
Gurobi Optimizer version 11.0.0 build v11.0.0rc2 (mac64[arm] - Darwin 23.5.0 23F79)

CPU model: Apple M3 Pro
Thread count: 12 physical cores, 12 logical processors, using up to 1 threads

Optimize a model with 3278 rows, 459 columns and 9854 nonzeros
Model fingerprint: 0x03959c0a
Variable types: 270 continuous, 189 integer (189 binary)
Coefficient statistics:
  Matrix range     [1e+00, 1e+00]
  Objective range  [1e+01, 3e+02]
  Bounds range     [1e+00, 1e+00]
  RHS range        [1e+00, 2e+00]
Presolve removed 548 rows and 80 columns
Presolve time: 0.01s
Presolved: 2730 rows, 379 columns, 8028 nonzeros
Variable types: 0 continuous, 379 integer (379 binary)
Found heuristic solution: objective 3905.0000000
Found heuristic solution: objective 3716.0000000

Root relaxation: objective 0.000000e+00, 161 iterations, 0.00 seconds (0.01 work units)

    Nodes    |    Current Node    |     Objective Bounds      |     Work
 Expl Unexpl |  Obj  Depth IntInf | Incumbent    BestBd   Gap | It/Node Time

     0     0    0.00000    0   42 3716.00000    0.00000   100%     -    0s
H    0     0                    3478.0000000    0.00000   100%     -    0s
H    0     0                    1693.0000000    0.00000   100%     -    0s
H    0     0                    1621.0000000    0.00000   100%     -    0s
H    0     0                    1399.0000000    0.00000   100%     -    0s
     0     0    0.00000    0   88 1399.00000    0.00000   100%     -    0s
H    0     0                    1261.0000000    0.00000   100%     -    0s
H    0     0                    1076.0000000    0.00000   100%     -    0s
     0     0    0.00000    0  118 1076.00000    0.00000   100%     -    0s
H    0     0                     842.0000000    0.00000   100%     -    0s
H    0     0                     694.0000000    0.00000   100%     -    0s
     0     0    0.00000    0  111  694.00000    0.00000   100%     -    0s
     0     0    0.00000    0   85  694.00000    0.00000   100%     -    0s
H    0     0                     646.0000000    0.00000   100%     -    0s
     0     0    0.00000    0   76  646.00000    0.00000   100%     -    0s
     0     0    0.00000    0  106  646.00000    0.00000   100%     -    0s
H    0     0                     634.0000000    0.00000   100%     -    0s
     0     0    0.00000    0  107  634.00000    0.00000   100%     -    0s
     0     0    0.00000    0   87  634.00000    0.00000   100%     -    0s
     0     0    0.00000    0   87  634.00000    0.00000   100%     -    0s
     0     2    0.00000    0   87  634.00000    0.00000   100%     -    0s
H   26    23                     622.0000000    0.00000   100%  65.7    0s
H  164   110                     594.0000000    0.00000   100%  45.9    0s
H  183   121                     501.0000000    0.00000   100%  46.0    0s
H  183   117                     478.0000000    0.00000   100%  46.0    0s
H  188   114                     447.0000000    0.00000   100%  45.5    0s
H  191   116                     432.0000000    0.00000   100%  45.2    0s
H  218   128                     420.0000000    0.00000   100%  44.1    0s
H  501   261                     417.0000000   12.00000  97.1%  41.7    1s
  1646   563  136.00000   22   68  417.00000  104.83333  74.9%  39.1    5s
  3934  1419  274.67857   25   83  417.00000  173.66667  58.4%  30.6   10s
  6661  2352     cutoff   32       417.00000  204.00000  51.1%  27.8   15s
  9576  3267  302.62500   29  124  417.00000  225.00000  46.0%  26.5   20s
 10202  3437  358.00000   32   63  417.00000  229.75000  44.9%  26.3   25s
 12692  3971     cutoff   41       417.00000  242.00000  42.0%  27.9   30s
 15036  4392  408.16667   40   67  417.00000  255.25000  38.8%  29.3   35s
 17492  4670  393.75000   34   29  417.00000  267.50000  35.9%  30.3   40s
 20082  4848 infeasible   31       417.00000  279.50000  33.0%  30.8   45s
 22675  5036  380.14643   27   96  417.00000  289.00000  30.7%  31.1   50s
 25049  5101     cutoff   37       417.00000  298.00000  28.5%  31.1   55s
 27438  5121  401.00000   33   54  417.00000  305.00000  26.9%  30.9   60s
 30175  5095  369.50000   32   65  417.00000  312.66667  25.0%  30.7   65s
 33268  5005  413.64706   41   82  417.00000  320.00000  23.3%  30.4   70s
 36180  4856  394.50000   30   53  417.00000  327.26667  21.5%  30.1   75s
 38984  4579 infeasible   47       417.00000  334.00000  19.9%  29.8   80s
 41717  4265  411.75000   33   62  417.00000  340.18333  18.4%  29.6   85s
 44650  3821     cutoff   39       417.00000  347.75000  16.6%  29.3   90s
 47867  3186 infeasible   37       417.00000  356.00000  14.6%  29.1   95s
 51119  2273 infeasible   44       417.00000  366.58333  12.1%  28.8  100s
 54737   426     cutoff   37       417.00000  393.83333  5.56%  28.4  105s

Cutting planes:
  Gomory: 3
  Cover: 1
  Implied bound: 5
  MIR: 2
  Flow cover: 43
  Zero half: 89
  RLT: 28
  BQP: 34

Explored 55261 nodes (1562988 simplex iterations) in 105.56 seconds (128.11 work units)
Thread count was 1 (of 12 available processors)

Solution count 10: 417 417 420 ... 634

Optimal solution found (tolerance 1.00e-04)
Best objective 4.170000000000e+02, best bound 4.170000000000e+02, gap 0.0000%
417.0
