Set parameter Username
Academic license - for non-commercial use only - expires 2025-08-28
Set parameter Threads to value 1
Set parameter Method to value 4
Gurobi Optimizer version 11.0.0 build v11.0.0rc2 (mac64[arm] - Darwin 23.5.0 23F79)

CPU model: Apple M3 Pro
Thread count: 12 physical cores, 12 logical processors, using up to 1 threads

Optimize a model with 3278 rows, 459 columns and 9854 nonzeros
Model fingerprint: 0x119a0722
Variable types: 270 continuous, 189 integer (189 binary)
Coefficient statistics:
  Matrix range     [1e+00, 1e+00]
  Objective range  [1e+01, 3e+02]
  Bounds range     [1e+00, 1e+00]
  RHS range        [1e+00, 2e+00]
Presolve removed 548 rows and 80 columns
Presolve time: 0.01s
Presolved: 2730 rows, 379 columns, 8028 nonzeros
Variable types: 0 continuous, 379 integer (379 binary)
Found heuristic solution: objective 3877.0000000
Found heuristic solution: objective 3723.0000000

Root relaxation: objective 0.000000e+00, 161 iterations, 0.00 seconds (0.01 work units)

    Nodes    |    Current Node    |     Objective Bounds      |     Work
 Expl Unexpl |  Obj  Depth IntInf | Incumbent    BestBd   Gap | It/Node Time

     0     0    0.00000    0   42 3723.00000    0.00000   100%     -    0s
H    0     0                    3460.0000000    0.00000   100%     -    0s
H    0     0                    1658.0000000    0.00000   100%     -    0s
H    0     0                    1586.0000000    0.00000   100%     -    0s
H    0     0                    1364.0000000    0.00000   100%     -    0s
     0     0    0.00000    0   83 1364.00000    0.00000   100%     -    0s
H    0     0                     900.0000000    0.00000   100%     -    0s
H    0     0                     785.0000000    0.00000   100%     -    0s
     0     0    0.00000    0   62  785.00000    0.00000   100%     -    0s
     0     0    0.00000    0   99  785.00000    0.00000   100%     -    0s
     0     0    0.00000    0   77  785.00000    0.00000   100%     -    0s
     0     0    0.00000    0   77  785.00000    0.00000   100%     -    0s
H    0     0                     765.0000000    0.00000   100%     -    0s
     0     2    0.00000    0   77  765.00000    0.00000   100%     -    0s
H   26    26                     745.0000000    0.00000   100%  73.3    0s
H   81    63                     648.0000000    0.00000   100%  52.1    0s
H  104    73                     612.0000000    0.00000   100%  50.9    0s
H  108    77                     602.0000000    0.00000   100%  51.8    0s
H  135    96                     578.0000000    0.00000   100%  52.1    0s
H  162   112                     566.0000000    0.00000   100%  47.6    0s
*  390   238              27     552.0000000    5.00000  99.1%  49.9    1s
H  391   229                     498.0000000    5.00000  99.0%  49.8    1s
H  417   241                     489.0000000   11.00000  97.8%  50.5    1s
H  444   254                     469.0000000   11.00000  97.7%  50.2    1s
H  516   289                     447.0000000   12.00000  97.3%  48.9    2s
H  550   289                     423.0000000   20.00000  95.3%  48.5    2s
H  570   308                     420.0000000   20.00000  95.2%  49.2    2s
  1352   520  409.50000   33   75  420.00000   31.33333  92.5%  47.9    5s
H 2921   939                     417.0000000   71.62500  82.8%  40.4    8s
  3431  1105 infeasible   31       417.00000   92.66667  77.8%  39.8   10s
  5422  1641  292.00000   47   61  417.00000  134.50000  67.7%  38.6   15s
  7283  1895  358.90000   43   65  417.00000  134.50000  67.7%  37.1   20s
  9957  2204  280.00000   42   82  417.00000  152.50000  63.4%  35.2   25s
 13066  3425  206.50000   45   70  417.00000  179.60000  56.9%  33.2   30s
 15304  4190  255.16667   42   77  417.00000  194.06250  53.5%  32.3   40s
 15849  4277  249.66667   50   98  417.00000  194.06250  53.5%  33.3   45s
 18224  4096  369.33333   56   49  417.00000  280.00000  32.9%  33.1   50s
 21157  3410  333.50000   52   84  417.00000  320.57143  23.1%  32.3   55s
 24318  2282     cutoff   57       417.00000  349.00000  16.3%  31.5   60s
 27875   105     cutoff   62       417.00000  402.00000  3.60%  30.2   65s

Cutting planes:
  Gomory: 3
  Cover: 1
  Implied bound: 4
  MIR: 1
  Flow cover: 17
  Inf proof: 1
  Zero half: 50
  RLT: 18
  BQP: 8

Explored 27970 nodes (844949 simplex iterations) in 65.09 seconds (76.41 work units)
Thread count was 1 (of 12 available processors)

Solution count 10: 417 420 423 ... 578

Optimal solution found (tolerance 1.00e-04)
Best objective 4.170000000000e+02, best bound 4.170000000000e+02, gap 0.0000%
417.0
