Set parameter Username
Academic license - for non-commercial use only - expires 2025-08-28
Set parameter Threads to value 1
Set parameter Method to value 4
Gurobi Optimizer version 11.0.0 build v11.0.0rc2 (mac64[arm] - Darwin 23.5.0 23F79)

CPU model: Apple M3 Pro
Thread count: 12 physical cores, 12 logical processors, using up to 1 threads

Optimize a model with 3443 rows, 477 columns and 10351 nonzeros
Model fingerprint: 0x5359de4a
Variable types: 279 continuous, 198 integer (198 binary)
Coefficient statistics:
  Matrix range     [1e+00, 1e+00]
  Objective range  [1e+01, 3e+02]
  Bounds range     [1e+00, 1e+00]
  RHS range        [1e+00, 2e+00]
Presolve removed 568 rows and 82 columns
Presolve time: 0.01s
Presolved: 2875 rows, 395 columns, 8451 nonzeros
Variable types: 0 continuous, 395 integer (395 binary)
Found heuristic solution: objective 3940.0000000
Found heuristic solution: objective 3800.0000000

Root relaxation: objective 0.000000e+00, 216 iterations, 0.00 seconds (0.01 work units)

    Nodes    |    Current Node    |     Objective Bounds      |     Work
 Expl Unexpl |  Obj  Depth IntInf | Incumbent    BestBd   Gap | It/Node Time

     0     0    0.00000    0   44 3800.00000    0.00000   100%     -    0s
H    0     0                    3516.0000000    0.00000   100%     -    0s
H    0     0                    1721.0000000    0.00000   100%     -    0s
H    0     0                    1649.0000000    0.00000   100%     -    0s
H    0     0                    1599.0000000    0.00000   100%     -    0s
     0     0    0.00000    0  123 1599.00000    0.00000   100%     -    0s
H    0     0                    1354.0000000    0.00000   100%     -    0s
     0     0    0.00000    0   90 1354.00000    0.00000   100%     -    0s
H    0     0                    1173.0000000    0.00000   100%     -    0s
H    0     0                     958.0000000    0.00000   100%     -    0s
H    0     0                     924.0000000    0.00000   100%     -    0s
     0     0    0.00000    0   92  924.00000    0.00000   100%     -    0s
     0     0    0.00000    0   88  924.00000    0.00000   100%     -    0s
H    0     0                     760.0000000    0.00000   100%     -    0s
H    0     0                     589.0000000    0.00000   100%     -    0s
     0     0    0.00000    0   88  589.00000    0.00000   100%     -    0s
     0     0    0.00000    0   67  589.00000    0.00000   100%     -    0s
     0     0    0.00000    0   67  589.00000    0.00000   100%     -    0s
H    0     0                     553.0000000    0.00000   100%     -    0s
     0     2    0.00000    0   67  553.00000    0.00000   100%     -    0s
H  354   210                     550.0000000    0.00000   100%  49.8    1s
H  396   225                     527.0000000    0.00000   100%  47.3    1s
H  560   318                     519.0000000    0.74286   100%  47.6    2s
H 1035   498                     496.0000000   10.00000  98.0%  50.0    3s
H 1217   556                     494.0000000   10.00000  98.0%  49.7    4s
  1481   627  441.47368   31   90  494.00000   20.00000  96.0%  48.2    5s
  3312  1455  366.77381   26  151  494.00000   60.50000  87.8%  41.9   10s
  5258  2283  375.00000   30   54  494.00000   96.00000  80.6%  39.4   15s
  7086  2483  386.33333   39   93  494.00000  225.00000  54.5%  38.2   20s
  9568  2489  343.00000   39   67  494.00000  276.33333  44.1%  36.0   25s
 12184  2493  456.33333   40  115  494.00000  305.00000  38.3%  34.6   30s
 14955  3097  461.60000   38  103  494.00000  326.66667  33.9%  33.5   35s
 15303  3190  471.93333   51   99  494.00000  328.10000  33.6%  33.3   41s
 17033  3531  353.00000   32   94  494.00000  338.00000  31.6%  33.8   45s
 19607  3971  366.00000   39   93  494.00000  350.52174  29.0%  34.6   50s
 22171  4311  457.50000   38   79  494.00000  363.00000  26.5%  35.2   55s
 24802  4468  459.50000   42   68  494.00000  375.00000  24.1%  35.8   60s
 27327  4476  477.59722   46  140  494.00000  387.75000  21.5%  36.2   65s
 29782  4363  484.17623   48  159  494.00000  399.37500  19.2%  36.5   70s
 32425  4180  489.40000   41  144  494.00000  411.50000  16.7%  36.4   75s
 35554  3720  439.68750   46  142  494.00000  424.90000  14.0%  36.1   80s
 38847  2941     cutoff   42       494.00000  438.73333  11.2%  35.5   85s
 42285  1577     cutoff   51       494.00000  459.30606  7.02%  34.6   90s

Cutting planes:
  Gomory: 3
  Implied bound: 14
  Flow cover: 5
  Zero half: 15
  RLT: 37
  BQP: 28

Explored 44782 nodes (1505337 simplex iterations) in 92.82 seconds (117.60 work units)
Thread count was 1 (of 12 available processors)

Solution count 10: 494 494 496 ... 924

Optimal solution found (tolerance 1.00e-04)
Best objective 4.940000000000e+02, best bound 4.940000000000e+02, gap 0.0000%
494.0
