Set parameter Username
Academic license - for non-commercial use only - expires 2025-08-28
Set parameter Threads to value 1
Set parameter Method to value 4
Gurobi Optimizer version 11.0.0 build v11.0.0rc2 (mac64[arm] - Darwin 23.5.0 23F79)

CPU model: Apple M3 Pro
Thread count: 12 physical cores, 12 logical processors, using up to 1 threads

Optimize a model with 2901 rows, 423 columns and 8724 nonzeros
Model fingerprint: 0xcd9ca7ea
Variable types: 263 continuous, 160 integer (160 binary)
Coefficient statistics:
  Matrix range     [1e+00, 1e+00]
  Objective range  [1e+01, 3e+02]
  Bounds range     [1e+00, 1e+00]
  RHS range        [1e+00, 2e+00]
Presolve removed 514 rows and 79 columns
Presolve time: 0.01s
Presolved: 2387 rows, 344 columns, 7070 nonzeros
Variable types: 0 continuous, 344 integer (344 binary)
Found heuristic solution: objective 1281.0000000
Found heuristic solution: objective 486.0000000

Root relaxation: objective 0.000000e+00, 157 iterations, 0.00 seconds (0.01 work units)

    Nodes    |    Current Node    |     Objective Bounds      |     Work
 Expl Unexpl |  Obj  Depth IntInf | Incumbent    BestBd   Gap | It/Node Time

     0     0    0.00000    0   38  486.00000    0.00000   100%     -    0s
H    0     0                     446.0000000    0.00000   100%     -    0s
H    0     0                     273.0000000    0.00000   100%     -    0s
H    0     0                     208.0000000    0.00000   100%     -    0s
H    0     0                     132.0000000    0.00000   100%     -    0s
     0     0    0.00000    0   69  132.00000    0.00000   100%     -    0s
     0     0    0.00000    0   71  132.00000    0.00000   100%     -    0s
H    0     0                     100.0000000    0.00000   100%     -    0s
     0     0    0.00000    0   67  100.00000    0.00000   100%     -    0s
     0     0    0.00000    0   72  100.00000    0.00000   100%     -    0s
H    0     0                      97.0000000    0.00000   100%     -    0s
     0     0    0.00000    0   72   97.00000    0.00000   100%     -    0s
     0     0    0.00000    0   83   97.00000    0.00000   100%     -    0s
H    0     0                      88.0000000    0.00000   100%     -    0s
     0     0    0.00000    0   79   88.00000    0.00000   100%     -    0s
     0     0    0.00000    0   78   88.00000    0.00000   100%     -    0s
     0     0    0.00000    0   76   88.00000    0.00000   100%     -    0s
     0     2    0.00000    0   56   88.00000    0.00000   100%     -    0s
*   16    12               9      85.0000000   48.00000  43.5%  51.1    0s

Cutting planes:
  Zero half: 23
  RLT: 9
  BQP: 4

Explored 49 nodes (3685 simplex iterations) in 0.31 seconds (0.41 work units)
Thread count was 1 (of 12 available processors)

Solution count 10: 85 88 97 ... 1281

Optimal solution found (tolerance 1.00e-04)
Best objective 8.500000000000e+01, best bound 8.500000000000e+01, gap 0.0000%
85.0
