Set parameter Username
Academic license - for non-commercial use only - expires 2025-08-28
Set parameter Threads to value 1
Set parameter Method to value 4
Gurobi Optimizer version 11.0.0 build v11.0.0rc2 (mac64[arm] - Darwin 23.5.0 23F79)

CPU model: Apple M3 Pro
Thread count: 12 physical cores, 12 logical processors, using up to 1 threads

Optimize a model with 3634 rows, 499 columns and 10933 nonzeros
Model fingerprint: 0x3acbd579
Variable types: 299 continuous, 200 integer (200 binary)
Coefficient statistics:
  Matrix range     [1e+00, 1e+00]
  Objective range  [1e+01, 3e+02]
  Bounds range     [1e+00, 1e+00]
  RHS range        [1e+00, 2e+00]
Presolve removed 613 rows and 88 columns
Presolve time: 0.01s
Presolved: 3021 rows, 411 columns, 8910 nonzeros
Variable types: 0 continuous, 411 integer (411 binary)
Found heuristic solution: objective 3817.0000000
Found heuristic solution: objective 3621.0000000

Root relaxation: objective 0.000000e+00, 175 iterations, 0.00 seconds (0.01 work units)

    Nodes    |    Current Node    |     Objective Bounds      |     Work
 Expl Unexpl |  Obj  Depth IntInf | Incumbent    BestBd   Gap | It/Node Time

     0     0    0.00000    0   40 3621.00000    0.00000   100%     -    0s
H    0     0                    1420.0000000    0.00000   100%     -    0s
H    0     0                    1386.0000000    0.00000   100%     -    0s
H    0     0                    1311.0000000    0.00000   100%     -    0s
     0     0    0.00000    0   89 1311.00000    0.00000   100%     -    0s
H    0     0                     894.0000000    0.00000   100%     -    0s
     0     0    0.00000    0   58  894.00000    0.00000   100%     -    0s
H    0     0                     854.0000000    0.00000   100%     -    0s
     0     0    0.00000    0   75  854.00000    0.00000   100%     -    0s
     0     0    0.00000    0  109  854.00000    0.00000   100%     -    0s
H    0     0                     743.0000000    0.00000   100%     -    0s
     0     0    0.00000    0  106  743.00000    0.00000   100%     -    0s
     0     0    0.00000    0   42  743.00000    0.00000   100%     -    0s
     0     0    0.00000    0   43  743.00000    0.00000   100%     -    0s
     0     0    0.00000    0  107  743.00000    0.00000   100%     -    0s
     0     0    0.00000    0  103  743.00000    0.00000   100%     -    0s
H    0     0                     678.0000000    0.00000   100%     -    0s
     0     2    0.00000    0  103  678.00000    0.00000   100%     -    0s
*   53    49              30     633.0000000   11.00000  98.3%  56.8    0s
H   56    40                     585.0000000   11.00000  98.1%  53.7    0s
H   78    60                     572.0000000   11.00000  98.1%  53.5    0s
H   83    61                     509.0000000   11.00000  97.8%  51.8    0s
H  104    65                     482.0000000   11.00000  97.7%  45.4    0s
H  137    95                     473.0000000   11.00000  97.7%  44.7    0s
H  156    98                     436.0000000   11.00000  97.5%  45.9    0s
H  421   254                     415.0000000   20.50000  95.1%  46.3    1s
*  445   270              24     412.0000000   20.50000  95.0%  46.5    1s
H  475   280                     403.0000000   20.86667  94.8%  45.9    1s
  1319   609  290.60000   34   96  403.00000   22.00000  94.5%  45.7    5s
H 1790   657                     396.0000000   53.00000  86.6%  41.7    6s
  2923  1093  380.60000   31   41  396.00000   90.50000  77.1%  38.4   10s
  4775  1784  161.00000   24   59  396.00000  125.00000  68.4%  34.9   15s
  6908  2643  272.02381   43   98  396.00000  143.00000  63.9%  33.0   20s
  9225  3468  279.90000   38   89  396.00000  156.60000  60.5%  31.4   25s
 10203  3759  212.33333   32  103  396.00000  164.33333  58.5%  30.8   31s
 11166  3871  249.55000   33   96  396.00000  216.00000  45.5%  31.6   35s
 14224  3611  389.33333   41   52  396.00000  259.75000  34.4%  30.5   40s
 17651  2914  387.60000   46   69  396.00000  286.50000  27.7%  29.9   45s
 21140  1798     cutoff   48       396.00000  308.71429  22.0%  29.2   50s
 25164  1103  385.48529   43  155  396.00000  340.16667  14.1%  28.5   55s

Cutting planes:
  Gomory: 5
  Implied bound: 1
  Flow cover: 19
  Inf proof: 3
  Zero half: 28
  RLT: 22
  BQP: 9

Explored 27565 nodes (765813 simplex iterations) in 57.38 seconds (80.44 work units)
Thread count was 1 (of 12 available processors)

Solution count 10: 396 403 412 ... 585

Optimal solution found (tolerance 1.00e-04)
Best objective 3.960000000000e+02, best bound 3.960000000000e+02, gap 0.0000%
396.0
