Set parameter Username
Academic license - for non-commercial use only - expires 2025-08-28
Set parameter Threads to value 1
Set parameter Method to value 4
Gurobi Optimizer version 11.0.0 build v11.0.0rc2 (mac64[arm] - Darwin 23.5.0 23F79)

CPU model: Apple M3 Pro
Thread count: 12 physical cores, 12 logical processors, using up to 1 threads

Optimize a model with 2901 rows, 423 columns and 8724 nonzeros
Model fingerprint: 0xc4c4834e
Variable types: 263 continuous, 160 integer (160 binary)
Coefficient statistics:
  Matrix range     [1e+00, 1e+00]
  Objective range  [1e+01, 3e+02]
  Bounds range     [1e+00, 1e+00]
  RHS range        [1e+00, 2e+00]
Presolve removed 514 rows and 79 columns
Presolve time: 0.01s
Presolved: 2387 rows, 344 columns, 7070 nonzeros
Variable types: 0 continuous, 344 integer (344 binary)
Found heuristic solution: objective 2682.0000000
Found heuristic solution: objective 2496.0000000

Root relaxation: objective 0.000000e+00, 167 iterations, 0.00 seconds (0.01 work units)

    Nodes    |    Current Node    |     Objective Bounds      |     Work
 Expl Unexpl |  Obj  Depth IntInf | Incumbent    BestBd   Gap | It/Node Time

     0     0    0.00000    0   41 2496.00000    0.00000   100%     -    0s
H    0     0                    2194.0000000    0.00000   100%     -    0s
H    0     0                    1850.0000000    0.00000   100%     -    0s
H    0     0                    1664.0000000    0.00000   100%     -    0s
H    0     0                    1612.0000000    0.00000   100%     -    0s
     0     0    0.00000    0   58 1612.00000    0.00000   100%     -    0s
H    0     0                     678.0000000    0.00000   100%     -    0s
     0     0    0.00000    0   33  678.00000    0.00000   100%     -    0s
H    0     0                     135.0000000    0.00000   100%     -    0s
     0     0    0.00000    0   49  135.00000    0.00000   100%     -    0s
H    0     0                     115.0000000    0.00000   100%     -    0s
     0     0    0.00000    0   57  115.00000    0.00000   100%     -    0s
     0     0    0.00000    0   28  115.00000    0.00000   100%     -    0s
     0     0    0.00000    0   36  115.00000    0.00000   100%     -    0s
     0     0    0.00000    0   36  115.00000    0.00000   100%     -    0s
     0     2    0.00000    0   36  115.00000    0.00000   100%     -    0s
*   19    15              11      91.0000000   15.00000  83.5%  38.9    0s

Cutting planes:
  MIR: 6
  Flow cover: 8
  Inf proof: 2
  Zero half: 47
  RLT: 19
  BQP: 4

Explored 350 nodes (11202 simplex iterations) in 1.17 seconds (1.27 work units)
Thread count was 1 (of 12 available processors)

Solution count 10: 91 115 135 ... 2682

Optimal solution found (tolerance 1.00e-04)
Best objective 9.100000000000e+01, best bound 9.100000000000e+01, gap 0.0000%
91.0
