Set parameter Username
Academic license - for non-commercial use only - expires 2025-08-28
Set parameter Threads to value 1
Set parameter Method to value 4
Gurobi Optimizer version 11.0.0 build v11.0.0rc2 (mac64[arm] - Darwin 23.5.0 23F79)

CPU model: Apple M3 Pro
Thread count: 12 physical cores, 12 logical processors, using up to 1 threads

Optimize a model with 3451 rows, 480 columns and 10381 nonzeros
Model fingerprint: 0xdca8c79b
Variable types: 290 continuous, 190 integer (190 binary)
Coefficient statistics:
  Matrix range     [1e+00, 1e+00]
  Objective range  [1e+01, 3e+02]
  Bounds range     [1e+00, 1e+00]
  RHS range        [1e+00, 2e+00]
Presolve removed 916 rows and 105 columns
Presolve time: 0.02s
Presolved: 2535 rows, 375 columns, 7475 nonzeros
Variable types: 0 continuous, 375 integer (375 binary)
Found heuristic solution: objective 3692.0000000
Found heuristic solution: objective 3496.0000000

Root relaxation: objective 0.000000e+00, 269 iterations, 0.01 seconds (0.01 work units)

    Nodes    |    Current Node    |     Objective Bounds      |     Work
 Expl Unexpl |  Obj  Depth IntInf | Incumbent    BestBd   Gap | It/Node Time

     0     0    0.00000    0   42 3496.00000    0.00000   100%     -    0s
H    0     0                    2254.0000000    0.00000   100%     -    0s
H    0     0                    1179.0000000    0.00000   100%     -    0s
H    0     0                     909.0000000    0.00000   100%     -    0s
H    0     0                     849.0000000    0.00000   100%     -    0s
     0     0    0.00000    0   80  849.00000    0.00000   100%     -    0s
H    0     0                     616.0000000    0.00000   100%     -    0s
H    0     0                     423.0000000    0.00000   100%     -    0s
     0     0    0.00000    0  100  423.00000    0.00000   100%     -    0s
     0     0    0.00000    0   47  423.00000    0.00000   100%     -    0s
H    0     0                     370.0000000    0.00000   100%     -    0s
     0     0    0.00000    0  111  370.00000    0.00000   100%     -    0s
     0     0    0.00000    0   97  370.00000    0.00000   100%     -    0s
H    0     0                     346.0000000    0.00000   100%     -    0s
     0     0    0.00000    0   94  346.00000    0.00000   100%     -    0s
     0     0    0.00000    0   57  346.00000    0.00000   100%     -    0s
     0     0    0.00000    0   57  346.00000    0.00000   100%     -    0s
     0     2    0.00000    0   57  346.00000    0.00000   100%     -    0s
H   27    25                     335.0000000    0.00000   100%  93.3    0s
H   80    57                     324.0000000    0.00000   100%  58.8    0s
H   81    57                     309.0000000    0.00000   100%  58.5    0s
  1672   543  147.00000   27   57  309.00000   99.00000  68.0%  33.6    5s
  4491  1394  265.00000   29   74  309.00000  136.33333  55.9%  25.1   10s
  7717  2348  272.50000   28   16  309.00000  155.00000  49.8%  22.6   15s
 10202  2836  268.75000   43   38  309.00000  173.00000  44.0%  21.6   22s
 11680  3029  241.33333   29   53  309.00000  177.66667  42.5%  21.7   25s
 15202  3437  268.45833   33   51  309.00000  198.66667  35.7%  20.7   30s
 18977  3682  262.08571   31   45  309.00000  211.50000  31.6%  20.1   35s
 23032  3853  293.30952   37   69  309.00000  222.00000  28.2%  19.3   40s
 27471  4420  291.75000   40   47  309.00000  230.66667  25.4%  18.5   45s
 31726  4654  258.00000   34   35  309.00000  236.00000  23.6%  17.9   50s
 35815  4747  294.33333   43   47  309.00000  244.00000  21.0%  17.5   55s
 40333  4738     cutoff   41       309.00000  250.14286  19.0%  16.9   60s
 45101  4443  295.60000   42   22  309.00000  257.22222  16.8%  16.4   65s
 49342  4075 infeasible   46       309.00000  263.00000  14.9%  16.0   70s
 53846  3381  272.37037   42   40  309.00000  269.80000  12.7%  15.6   75s
 58387  2768     cutoff   43       309.00000  274.00000  11.3%  15.2   80s
 63334  1626  303.33333   44   40  309.00000  282.66667  8.52%  14.8   85s

Cutting planes:
  Zero half: 6
  RLT: 1
  BQP: 5

Explored 67040 nodes (968775 simplex iterations) in 88.52 seconds (105.01 work units)
Thread count was 1 (of 12 available processors)

Solution count 10: 309 309 324 ... 909

Optimal solution found (tolerance 1.00e-04)
Best objective 3.090000000000e+02, best bound 3.090000000000e+02, gap 0.0000%
309.0
