Set parameter Username
Academic license - for non-commercial use only - expires 2025-08-28
Set parameter Threads to value 1
Set parameter Method to value 4
Gurobi Optimizer version 11.0.0 build v11.0.0rc2 (mac64[arm] - Darwin 23.5.0 23F79)

CPU model: Apple M3 Pro
Thread count: 12 physical cores, 12 logical processors, using up to 1 threads

Optimize a model with 3451 rows, 480 columns and 10381 nonzeros
Model fingerprint: 0x10add8ce
Variable types: 290 continuous, 190 integer (190 binary)
Coefficient statistics:
  Matrix range     [1e+00, 1e+00]
  Objective range  [1e+01, 3e+02]
  Bounds range     [1e+00, 1e+00]
  RHS range        [1e+00, 2e+00]
Presolve removed 591 rows and 86 columns
Presolve time: 0.01s
Presolved: 2860 rows, 394 columns, 8440 nonzeros
Variable types: 0 continuous, 394 integer (394 binary)
Found heuristic solution: objective 972.0000000
Found heuristic solution: objective 680.0000000

Root relaxation: objective 0.000000e+00, 184 iterations, 0.01 seconds (0.01 work units)

    Nodes    |    Current Node    |     Objective Bounds      |     Work
 Expl Unexpl |  Obj  Depth IntInf | Incumbent    BestBd   Gap | It/Node Time

     0     0    0.00000    0   41  680.00000    0.00000   100%     -    0s
H    0     0                     630.0000000    0.00000   100%     -    0s
     0     0    0.00000    0  110  630.00000    0.00000   100%     -    0s
H    0     0                     614.0000000    0.00000   100%     -    0s
H    0     0                     551.0000000    0.00000   100%     -    0s
     0     0    0.00000    0   56  551.00000    0.00000   100%     -    0s
H    0     0                     518.0000000    0.00000   100%     -    0s
     0     0    0.00000    0   66  518.00000    0.00000   100%     -    0s
     0     0    0.00000    0   84  518.00000    0.00000   100%     -    0s
H    0     0                     255.0000000    0.00000   100%     -    0s
     0     0    0.00000    0   86  255.00000    0.00000   100%     -    0s
     0     0    0.00000    0   71  255.00000    0.00000   100%     -    0s
     0     0    0.00000    0   75  255.00000    0.00000   100%     -    0s
     0     0    0.00000    0   74  255.00000    0.00000   100%     -    0s
     0     0    0.00000    0   73  255.00000    0.00000   100%     -    0s
     0     2    0.00000    0   71  255.00000    0.00000   100%     -    0s
H   27    25                     226.0000000    0.00000   100%  74.1    0s
H  110    77                     212.0000000   10.00000  95.3%  51.7    0s
H  235   167                     211.0000000   12.91667  93.9%  53.6    1s
  1137   570   52.66667   27   85  211.00000   20.00000  90.5%  51.0    5s
  2500   971   68.83333   28   89  211.00000   42.25000  80.0%  42.4   10s
  4521  1758  149.20000   31   74  211.00000   55.00000  73.9%  37.1   15s
  6649  2554   95.57143   25  103  211.00000   67.50000  68.0%  34.9   20s
  8972  3311     cutoff   35       211.00000   77.00000  63.5%  33.9   25s
 10203  3754  166.00000   38   73  211.00000   80.00000  62.1%  33.6   30s
 11238  3981  203.00000   43   56  211.00000   80.00000  62.1%  34.8   35s
 13322  4186     cutoff   56       211.00000   80.00000  62.1%  34.3   40s
 16024  4295  161.00000   34   45  211.00000   91.33333  56.7%  33.9   45s
 18652  4303  138.07692   40  105  211.00000  101.12500  52.1%  33.8   50s
 21444  4107  197.00000   56   42  211.00000  110.00000  47.9%  33.2   55s
 24570  4761  164.00000   53   39  211.00000  117.25000  44.4%  32.7   60s
 27713  5426  206.00000   57  117  211.00000  123.00000  41.7%  32.5   65s
 31000  5906  174.50000   41   71  211.00000  129.00000  38.9%  32.1   70s
 34337  6380  206.66667   49  109  211.00000  133.00000  37.0%  31.8   75s
 37587  6813     cutoff   53       211.00000  136.75000  35.2%  31.7   80s
 41115  7160 infeasible   55       211.00000  141.00000  33.2%  31.6   85s
 44714  7406  155.00000   49   62  211.00000  145.00000  31.3%  31.5   90s
 48260  7489  198.14286   49   98  211.00000  149.00000  29.4%  31.4   95s
 52012  7566     cutoff   43       211.00000  153.00000  27.5%  31.2  100s
 55806  7524  203.46296   52  122  211.00000  157.75000  25.2%  31.0  105s
 59728  7338     cutoff   50       211.00000  161.50000  23.5%  30.8  110s
 63587  7192  187.50000   49   53  211.00000  165.00000  21.8%  30.6  115s
 67767  6926 infeasible   50       211.00000  169.00000  19.9%  30.4  120s
 71998  6502  186.80000   46  143  211.00000  173.19048  17.9%  30.1  125s
 76162  6062     cutoff   53       211.00000  177.00000  16.1%  29.9  130s
 80568  5398  206.33333   58    9  211.00000  181.00000  14.2%  29.6  135s
 85296  4411     cutoff   54       211.00000  185.28571  12.2%  29.3  140s
 90105  2990     cutoff   48       211.00000  191.00000  9.48%  28.9  145s
 95366    94     cutoff   49       211.00000  208.25000  1.30%  28.2  150s

Cutting planes:
  Gomory: 7
  Implied bound: 5
  Clique: 1
  Flow cover: 9
  Zero half: 21
  RLT: 15
  BQP: 15

Explored 95466 nodes (2697458 simplex iterations) in 150.08 seconds (234.71 work units)
Thread count was 1 (of 12 available processors)

Solution count 10: 211 211 212 ... 680

Optimal solution found (tolerance 1.00e-04)
Best objective 2.110000000000e+02, best bound 2.110000000000e+02, gap 0.0000%
211.0
