Set parameter Username
Academic license - for non-commercial use only - expires 2025-08-28
Set parameter Threads to value 1
Set parameter Method to value 4
Gurobi Optimizer version 11.0.0 build v11.0.0rc2 (mac64[arm] - Darwin 23.5.0 23F79)

CPU model: Apple M3 Pro
Thread count: 12 physical cores, 12 logical processors, using up to 1 threads

Optimize a model with 3818 rows, 518 columns and 11486 nonzeros
Model fingerprint: 0x7c4c0a99
Variable types: 308 continuous, 210 integer (210 binary)
Coefficient statistics:
  Matrix range     [1e+00, 1e+00]
  Objective range  [1e+01, 3e+02]
  Bounds range     [1e+00, 1e+00]
  RHS range        [1e+00, 2e+00]
Presolve removed 646 rows and 91 columns
Presolve time: 0.01s
Presolved: 3172 rows, 427 columns, 9340 nonzeros
Variable types: 0 continuous, 427 integer (427 binary)
Found heuristic solution: objective 3858.0000000
Found heuristic solution: objective 3669.0000000

Root relaxation: objective 0.000000e+00, 218 iterations, 0.00 seconds (0.01 work units)

    Nodes    |    Current Node    |     Objective Bounds      |     Work
 Expl Unexpl |  Obj  Depth IntInf | Incumbent    BestBd   Gap | It/Node Time

     0     0    0.00000    0   42 3669.00000    0.00000   100%     -    0s
H    0     0                    1149.0000000    0.00000   100%     -    0s
H    0     0                    1139.0000000    0.00000   100%     -    0s
     0     0    0.00000    0   77 1139.00000    0.00000   100%     -    0s
H    0     0                     897.0000000    0.00000   100%     -    0s
     0     0    0.00000    0   94  897.00000    0.00000   100%     -    0s
H    0     0                     786.0000000    0.00000   100%     -    0s
H    0     0                     698.0000000    0.00000   100%     -    0s
     0     0    0.00000    0  132  698.00000    0.00000   100%     -    0s
H    0     0                     697.0000000    0.00000   100%     -    0s
H    0     0                     659.0000000    0.00000   100%     -    0s
     0     0    0.00000    0  130  659.00000    0.00000   100%     -    0s
     0     0    0.00000    0  126  659.00000    0.00000   100%     -    0s
     0     0    0.00000    0  122  659.00000    0.00000   100%     -    0s
     0     0    0.00000    0  157  659.00000    0.00000   100%     -    0s
     0     0    0.00000    0  113  659.00000    0.00000   100%     -    0s
H    0     0                     627.0000000    0.00000   100%     -    0s
     0     2    0.00000    0  113  627.00000    0.00000   100%     -    0s
*   46    44              28     557.0000000   11.00000  98.0%  60.8    0s
H   52    44                     547.0000000   11.00000  98.0%  59.9    0s
H  282   190                     487.0000000   11.00000  97.7%  46.4    1s
*  284   190              28     481.0000000   11.00000  97.7%  46.2    1s
H  288   184                     471.0000000   11.00000  97.7%  45.6    1s
H  297   183                     451.0000000   11.00000  97.6%  44.5    1s
H  314   188                     433.0000000   21.00000  95.2%  44.9    1s
H  340   209                     423.0000000   21.00000  95.0%  45.2    1s
H  525   312                     421.0000000   27.00000  93.6%  44.1    2s
H  604   358                     397.0000000   27.00000  93.2%  45.5    2s
  1300   574   27.66667   27   91  397.00000   27.66667  93.0%  48.6    5s
  2968  1158  104.75000   28  104  397.00000   93.00000  76.6%  42.8   10s
  4896  2075  274.50000   39   56  397.00000  116.20000  70.7%  38.8   15s
  7133  3012  382.41270   52   50  397.00000  132.50000  66.6%  35.7   20s
  9381  3863  281.33333   35   94  397.00000  145.50000  63.4%  34.6   25s
 10203  4146  223.50000   32  113  397.00000  150.14286  62.2%  34.7   32s
 10240  4171  283.00000   41  180  397.00000  150.14286  62.2%  34.5   35s
 10730  4199  383.50000   34   61  397.00000  211.11111  46.8%  33.3   40s
 12190  3855     cutoff   41       397.00000  296.00000  25.4%  34.0   45s

Cutting planes:
  Gomory: 1
  Implied bound: 7
  MIR: 12
  Flow cover: 15
  GUB cover: 1
  Zero half: 51
  RLT: 13
  BQP: 7

Explored 13684 nodes (486155 simplex iterations) in 48.99 seconds (60.19 work units)
Thread count was 1 (of 12 available processors)

Solution count 10: 397 421 423 ... 557

Optimal solution found (tolerance 1.00e-04)
Best objective 3.970000000000e+02, best bound 3.970000000000e+02, gap 0.0000%
397.0
