Set parameter Username
Academic license - for non-commercial use only - expires 2025-08-28
Set parameter Threads to value 1
Set parameter Method to value 4
Gurobi Optimizer version 11.0.0 build v11.0.0rc2 (mac64[arm] - Darwin 23.5.0 23F79)

CPU model: Apple M3 Pro
Thread count: 12 physical cores, 12 logical processors, using up to 1 threads

Optimize a model with 3818 rows, 518 columns and 11486 nonzeros
Model fingerprint: 0x758e912e
Variable types: 308 continuous, 210 integer (210 binary)
Coefficient statistics:
  Matrix range     [1e+00, 1e+00]
  Objective range  [1e+01, 3e+02]
  Bounds range     [1e+00, 1e+00]
  RHS range        [1e+00, 2e+00]
Presolve removed 646 rows and 91 columns
Presolve time: 0.01s
Presolved: 3172 rows, 427 columns, 9340 nonzeros
Variable types: 0 continuous, 427 integer (427 binary)
Found heuristic solution: objective 3830.0000000
Found heuristic solution: objective 3634.0000000

Root relaxation: objective 0.000000e+00, 218 iterations, 0.00 seconds (0.01 work units)

    Nodes    |    Current Node    |     Objective Bounds      |     Work
 Expl Unexpl |  Obj  Depth IntInf | Incumbent    BestBd   Gap | It/Node Time

     0     0    0.00000    0   42 3634.00000    0.00000   100%     -    0s
H    0     0                    1137.0000000    0.00000   100%     -    0s
H    0     0                    1127.0000000    0.00000   100%     -    0s
     0     0    0.00000    0   77 1127.00000    0.00000   100%     -    0s
H    0     0                     878.0000000    0.00000   100%     -    0s
     0     0    0.00000    0   94  878.00000    0.00000   100%     -    0s
H    0     0                     763.0000000    0.00000   100%     -    0s
H    0     0                     679.0000000    0.00000   100%     -    0s
     0     0    0.00000    0  132  679.00000    0.00000   100%     -    0s
H    0     0                     675.0000000    0.00000   100%     -    0s
H    0     0                     648.0000000    0.00000   100%     -    0s
     0     0    0.00000    0  130  648.00000    0.00000   100%     -    0s
     0     0    0.00000    0   94  648.00000    0.00000   100%     -    0s
     0     0    0.00000    0  112  648.00000    0.00000   100%     -    0s
     0     0    0.00000    0  155  648.00000    0.00000   100%     -    0s
     0     0    0.00000    0  155  648.00000    0.00000   100%     -    0s
     0     2    0.00000    0  155  648.00000    0.00000   100%     -    0s
H   27    27                     620.0000000   11.00000  98.2%  95.0    0s
H   54    39                     572.0000000   11.00000  98.1%  68.6    0s
H  172   108                     498.0000000   11.00000  97.8%  61.3    1s
H  183   118                     494.0000000   11.00000  97.8%  59.2    1s
H  183   115                     453.0000000   11.00000  97.6%  59.2    1s
H  191   105                     408.0000000   11.00000  97.3%  57.1    1s
H  326   175                     395.0000000   11.00000  97.2%  55.4    1s
H  715   418                     388.0000000   62.00000  84.0%  56.9    3s
  1205   488  124.00000   20   84  388.00000  124.00000  68.0%  49.8    5s
  3008   896  241.00000   26   70  388.00000  214.00000  44.8%  37.4   10s
  5160  1419  259.80000   32  164  388.00000  239.00000  38.4%  34.1   15s
  7623  1970  361.07500   35  159  388.00000  258.00000  33.5%  32.2   20s
 10100  2303  385.90000   30   69  388.00000  273.00000  29.6%  31.3   25s
 10336  2360  360.50000   30   77  388.00000  274.28571  29.3%  31.3   30s
 12931  2485     cutoff   28       388.00000  288.50000  25.6%  31.7   35s
 15241  2315  338.95000   34  106  388.00000  303.67532  21.7%  32.2   40s
 17823  1921     cutoff   41       388.00000  320.40000  17.4%  32.5   45s
 20490  1094  364.75000   31  125  388.00000  344.00000  11.3%  32.5   50s

Cutting planes:
  Gomory: 1
  Lift-and-project: 1
  Implied bound: 6
  MIR: 2
  Flow cover: 32
  Zero half: 39
  RLT: 23
  BQP: 26

Explored 22377 nodes (710143 simplex iterations) in 52.79 seconds (67.00 work units)
Thread count was 1 (of 12 available processors)

Solution count 10: 388 395 408 ... 675

Optimal solution found (tolerance 1.00e-04)
Best objective 3.880000000000e+02, best bound 3.880000000000e+02, gap 0.0000%
388.0
