Set parameter Username
Academic license - for non-commercial use only - expires 2025-08-28
Set parameter Threads to value 1
Set parameter Method to value 4
Gurobi Optimizer version 11.0.0 build v11.0.0rc2 (mac64[arm] - Darwin 23.5.0 23F79)

CPU model: Apple M3 Pro
Thread count: 12 physical cores, 12 logical processors, using up to 1 threads

Optimize a model with 3267 rows, 461 columns and 9828 nonzeros
Model fingerprint: 0x383b4639
Variable types: 281 continuous, 180 integer (180 binary)
Coefficient statistics:
  Matrix range     [1e+00, 1e+00]
  Objective range  [1e+01, 3e+02]
  Bounds range     [1e+00, 1e+00]
  RHS range        [1e+00, 2e+00]
Presolve removed 863 rows and 101 columns
Presolve time: 0.01s
Presolved: 2404 rows, 360 columns, 7105 nonzeros
Variable types: 0 continuous, 360 integer (360 binary)
Found heuristic solution: objective 1033.0000000
Found heuristic solution: objective 758.0000000

Root relaxation: objective 0.000000e+00, 187 iterations, 0.01 seconds (0.01 work units)

    Nodes    |    Current Node    |     Objective Bounds      |     Work
 Expl Unexpl |  Obj  Depth IntInf | Incumbent    BestBd   Gap | It/Node Time

     0     0    0.00000    0   49  758.00000    0.00000   100%     -    0s
H    0     0                     689.0000000    0.00000   100%     -    0s
H    0     0                     540.0000000    0.00000   100%     -    0s
     0     0    0.00000    0   67  540.00000    0.00000   100%     -    0s
H    0     0                     534.0000000    0.00000   100%     -    0s
     0     0    0.00000    0   87  534.00000    0.00000   100%     -    0s
H    0     0                     360.0000000    0.00000   100%     -    0s
H    0     0                     328.0000000    0.00000   100%     -    0s
     0     0    0.00000    0   82  328.00000    0.00000   100%     -    0s
     0     0    0.00000    0   55  328.00000    0.00000   100%     -    0s
H    0     0                     288.0000000    0.00000   100%     -    0s
     0     0    0.00000    0   85  288.00000    0.00000   100%     -    0s
     0     0    0.00000    0   94  288.00000    0.00000   100%     -    0s
     0     0    0.00000    0   61  288.00000    0.00000   100%     -    0s
     0     0    0.00000    0   61  288.00000    0.00000   100%     -    0s
     0     2    0.00000    0   61  288.00000    0.00000   100%     -    0s
H   26    24                     285.0000000   16.00000  94.4%  69.6    0s
H   27    25                     261.0000000   16.00000  93.9%  67.5    0s
*   41    39              22     231.0000000   16.00000  93.1%  57.0    0s
H  527   209                     230.0000000   26.00000  88.7%  39.6    1s
  1946   494  187.00000   36   28  230.00000   50.00000  78.3%  33.7    5s
  4985  1501  202.30000   31   42  230.00000   83.60714  63.6%  28.3   10s
  7843  2097  126.00000   38   50  230.00000  107.33333  53.3%  26.5   15s
 10203  2459  152.50000   29   61  230.00000  119.50000  48.0%  25.2   22s
 10852  2441  223.70000   40   70  230.00000  123.00000  46.5%  22.8   25s
 13635  1367  226.00000   39   36  230.00000  226.00000  1.74%  23.0   30s

Cutting planes:
  Gomory: 3
  Implied bound: 20
  Flow cover: 12
  Zero half: 72
  RLT: 24
  BQP: 7

Explored 13675 nodes (356889 simplex iterations) in 30.05 seconds (35.39 work units)
Thread count was 1 (of 12 available processors)

Solution count 10: 230 231 261 ... 689

Optimal solution found (tolerance 1.00e-04)
Best objective 2.300000000000e+02, best bound 2.300000000000e+02, gap 0.0000%
230.0
