Set parameter Username
Academic license - for non-commercial use only - expires 2025-08-28
Set parameter Threads to value 1
Set parameter Method to value 4
Gurobi Optimizer version 11.0.0 build v11.0.0rc2 (mac64[arm] - Darwin 23.5.0 23F79)

CPU model: Apple M3 Pro
Thread count: 12 physical cores, 12 logical processors, using up to 1 threads

Optimize a model with 2901 rows, 423 columns and 8724 nonzeros
Model fingerprint: 0x7f2e3111
Variable types: 263 continuous, 160 integer (160 binary)
Coefficient statistics:
  Matrix range     [1e+00, 1e+00]
  Objective range  [1e+01, 3e+02]
  Bounds range     [1e+00, 1e+00]
  RHS range        [1e+00, 2e+00]
Presolve removed 779 rows and 95 columns
Presolve time: 0.02s
Presolved: 2122 rows, 328 columns, 6285 nonzeros
Variable types: 0 continuous, 328 integer (328 binary)
Found heuristic solution: objective 2700.0000000
Found heuristic solution: objective 2514.0000000

Root relaxation: objective 0.000000e+00, 230 iterations, 0.01 seconds (0.01 work units)

    Nodes    |    Current Node    |     Objective Bounds      |     Work
 Expl Unexpl |  Obj  Depth IntInf | Incumbent    BestBd   Gap | It/Node Time

     0     0    0.00000    0   54 2514.00000    0.00000   100%     -    0s
H    0     0                     318.0000000    0.00000   100%     -    0s
H    0     0                     306.0000000    0.00000   100%     -    0s
     0     0    0.00000    0   68  306.00000    0.00000   100%     -    0s
H    0     0                     213.0000000    0.00000   100%     -    0s
     0     0    0.00000    0   71  213.00000    0.00000   100%     -    0s
H    0     0                     132.0000000    0.00000   100%     -    0s
     0     0    0.00000    0   66  132.00000    0.00000   100%     -    0s
H    0     0                     111.0000000    0.00000   100%     -    0s
     0     0    0.00000    0   64  111.00000    0.00000   100%     -    0s
     0     0    0.00000    0   33  111.00000    0.00000   100%     -    0s
H    0     0                     102.0000000    0.00000   100%     -    0s
     0     0    0.00000    0   40  102.00000    0.00000   100%     -    0s
     0     0    0.00000    0   50  102.00000    0.00000   100%     -    0s
     0     0    0.00000    0   71  102.00000    0.00000   100%     -    0s
     0     0    0.00000    0   65  102.00000    0.00000   100%     -    0s
     0     2    0.00000    0   57  102.00000    0.00000   100%     -    0s
*   22    15              13      87.0000000   39.00000  55.2%  60.5    0s

Cutting planes:
  MIR: 2
  Zero half: 33
  RLT: 17
  BQP: 2

Explored 113 nodes (7110 simplex iterations) in 0.47 seconds (0.58 work units)
Thread count was 1 (of 12 available processors)

Solution count 9: 87 102 111 ... 2700

Optimal solution found (tolerance 1.00e-04)
Best objective 8.700000000000e+01, best bound 8.700000000000e+01, gap 0.0000%
87.0
