Set parameter Username
Academic license - for non-commercial use only - expires 2025-08-28
Set parameter Threads to value 1
Set parameter Method to value 4
Gurobi Optimizer version 11.0.0 build v11.0.0rc2 (mac64[arm] - Darwin 23.5.0 23F79)

CPU model: Apple M3 Pro
Thread count: 12 physical cores, 12 logical processors, using up to 1 threads

Optimize a model with 3818 rows, 518 columns and 11486 nonzeros
Model fingerprint: 0x13d945d9
Variable types: 308 continuous, 210 integer (210 binary)
Coefficient statistics:
  Matrix range     [1e+00, 1e+00]
  Objective range  [1e+01, 3e+02]
  Bounds range     [1e+00, 1e+00]
  RHS range        [1e+00, 2e+00]
Presolve removed 646 rows and 91 columns
Presolve time: 0.01s
Presolved: 3172 rows, 427 columns, 9340 nonzeros
Variable types: 0 continuous, 427 integer (427 binary)
Found heuristic solution: objective 3884.0000000
Found heuristic solution: objective 3688.0000000

Root relaxation: objective 0.000000e+00, 218 iterations, 0.01 seconds (0.01 work units)

    Nodes    |    Current Node    |     Objective Bounds      |     Work
 Expl Unexpl |  Obj  Depth IntInf | Incumbent    BestBd   Gap | It/Node Time

     0     0    0.00000    0   42 3688.00000    0.00000   100%     -    0s
H    0     0                    1156.0000000    0.00000   100%     -    0s
H    0     0                    1146.0000000    0.00000   100%     -    0s
     0     0    0.00000    0  101 1146.00000    0.00000   100%     -    0s
     0     0    0.00000    0  100 1146.00000    0.00000   100%     -    0s
H    0     0                     783.0000000    0.00000   100%     -    0s
H    0     0                     709.0000000    0.00000   100%     -    0s
     0     0    0.00000    0   99  709.00000    0.00000   100%     -    0s
     0     0    0.00000    0  108  709.00000    0.00000   100%     -    0s
H    0     0                     583.0000000    0.00000   100%     -    0s
H    0     0                     535.0000000    0.00000   100%     -    0s
     0     0    0.00000    0  104  535.00000    0.00000   100%     -    0s
     0     0    0.00000    0  119  535.00000    0.00000   100%     -    0s
     0     0    0.00000    0  119  535.00000    0.00000   100%     -    0s
     0     0    0.00000    0  116  535.00000    0.00000   100%     -    0s
     0     0    0.00000    0  116  535.00000    0.00000   100%     -    0s
H    0     0                     448.0000000    0.00000   100%     -    0s
     0     2    0.00000    0  116  448.00000    0.00000   100%     -    0s
H   54    38                     421.0000000    0.00000   100%  58.1    0s
H  264   162                     408.0000000   11.00000  97.3%  51.3    1s
  1161   488  123.75000   28  132  408.00000   28.00000  93.1%  49.1    5s
  2538   833  266.50000   28   54  408.00000   32.50000  92.0%  41.8   10s
  3889  1243  335.12500   41   75  408.00000   74.37500  81.8%  39.2   15s
  5267  1615  291.00000   40   59  408.00000  165.00000  59.6%  30.8   20s
  6969  1314  399.00000   45  132  408.00000  301.50000  26.1%  31.0   25s
  9421   211     cutoff   45       408.00000  397.00000  2.70%  28.4   30s

Cutting planes:
  Zero half: 3
  BQP: 2

Explored 9545 nodes (311996 simplex iterations) in 30.19 seconds (36.29 work units)
Thread count was 1 (of 12 available processors)

Solution count 10: 408 421 448 ... 3688

Optimal solution found (tolerance 1.00e-04)
Best objective 4.080000000000e+02, best bound 4.080000000000e+02, gap 0.0000%
408.0
