Set parameter Username
Academic license - for non-commercial use only - expires 2025-08-28
Set parameter Threads to value 1
Set parameter Method to value 4
Gurobi Optimizer version 11.0.0 build v11.0.0rc2 (mac64[arm] - Darwin 23.5.0 23F79)

CPU model: Apple M3 Pro
Thread count: 12 physical cores, 12 logical processors, using up to 1 threads

Optimize a model with 3818 rows, 518 columns and 11486 nonzeros
Model fingerprint: 0x6c6919e1
Variable types: 308 continuous, 210 integer (210 binary)
Coefficient statistics:
  Matrix range     [1e+00, 1e+00]
  Objective range  [1e+01, 3e+02]
  Bounds range     [1e+00, 1e+00]
  RHS range        [1e+00, 2e+00]
Presolve removed 646 rows and 91 columns
Presolve time: 0.01s
Presolved: 3172 rows, 427 columns, 9340 nonzeros
Variable types: 0 continuous, 427 integer (427 binary)
Found heuristic solution: objective 3822.0000000
Found heuristic solution: objective 3619.0000000

Root relaxation: objective 0.000000e+00, 218 iterations, 0.00 seconds (0.01 work units)

    Nodes    |    Current Node    |     Objective Bounds      |     Work
 Expl Unexpl |  Obj  Depth IntInf | Incumbent    BestBd   Gap | It/Node Time

     0     0    0.00000    0   42 3619.00000    0.00000   100%     -    0s
H    0     0                    1140.0000000    0.00000   100%     -    0s
H    0     0                    1130.0000000    0.00000   100%     -    0s
     0     0    0.00000    0  101 1130.00000    0.00000   100%     -    0s
H    0     0                     901.0000000    0.00000   100%     -    0s
H    0     0                     841.0000000    0.00000   100%     -    0s
     0     0    0.00000    0  104  841.00000    0.00000   100%     -    0s
H    0     0                     826.0000000    0.00000   100%     -    0s
H    0     0                     568.0000000    0.00000   100%     -    0s
     0     0    0.00000    0  102  568.00000    0.00000   100%     -    0s
     0     0    0.00000    0  112  568.00000    0.00000   100%     -    0s
H    0     0                     517.0000000    0.00000   100%     -    0s
H    0     0                     496.0000000    0.00000   100%     -    0s
     0     0    0.00000    0  110  496.00000    0.00000   100%     -    0s
     0     0    0.00000    0   88  496.00000    0.00000   100%     -    0s
     0     0    0.00000    0   92  496.00000    0.00000   100%     -    0s
     0     0    0.00000    0  143  496.00000    0.00000   100%     -    0s
     0     0    0.00000    0  140  496.00000    0.00000   100%     -    0s
H    0     0                     450.0000000    0.00000   100%     -    0s
     0     2    0.00000    0  140  450.00000    0.00000   100%     -    0s
H   81    57                     430.0000000    0.00000   100%  63.7    0s
*   95    66              39     428.0000000    0.00000   100%  57.3    0s
H  135    94                     420.0000000    2.84615  99.3%  54.3    0s
*  150   107              31     419.0000000    2.84615  99.3%  51.3    0s
H  209   133                     407.0000000    4.50000  98.9%  46.5    1s
H  488   318                     396.0000000   13.00000  96.7%  44.1    1s
*  961   496              39     381.0000000  132.00000  65.4%  46.6    3s
  1325   537  173.83333   20   53  381.00000  147.00000  61.4%  43.5    5s
  2958   854  301.37500   31   83  381.00000  201.71429  47.1%  36.4   10s
  4982  1344  353.00000   41   40  381.00000  232.00000  39.1%  33.0   15s
  7010  1747 infeasible   37       381.00000  248.00000  34.9%  31.7   20s
  9159  1989  313.00000   31   83  381.00000  263.00000  31.0%  31.1   25s
 10202  2063 infeasible   30       381.00000  270.00000  29.1%  30.9   31s
 11727  2076  325.40000   33   84  381.00000  280.20000  26.5%  30.7   35s
 14031  2088  310.25000   38   84  381.00000  293.00000  23.1%  30.4   40s
 16673  1934  339.50000   31   68  381.00000  305.33333  19.9%  30.2   45s
 19360  1461  374.33333   41   62  381.00000  320.22222  16.0%  30.1   50s
 22090   432     cutoff   36       381.00000  347.00000  8.92%  29.7   55s

Cutting planes:
  Gomory: 1
  Implied bound: 3
  Flow cover: 15
  Zero half: 6
  RLT: 7
  BQP: 10

Explored 22669 nodes (669665 simplex iterations) in 55.95 seconds (69.10 work units)
Thread count was 1 (of 12 available processors)

Solution count 10: 381 396 407 ... 517

Optimal solution found (tolerance 1.00e-04)
Best objective 3.810000000000e+02, best bound 3.810000000000e+02, gap 0.0000%
381.0
