Set parameter Username
Academic license - for non-commercial use only - expires 2025-08-28
Set parameter Threads to value 1
Set parameter Method to value 4
Gurobi Optimizer version 11.0.0 build v11.0.0rc2 (mac64[arm] - Darwin 23.5.0 23F79)

CPU model: Apple M3 Pro
Thread count: 12 physical cores, 12 logical processors, using up to 1 threads

Optimize a model with 3084 rows, 442 columns and 9276 nonzeros
Model fingerprint: 0x3a9b3179
Variable types: 272 continuous, 170 integer (170 binary)
Coefficient statistics:
  Matrix range     [1e+00, 1e+00]
  Objective range  [1e+01, 3e+02]
  Bounds range     [1e+00, 1e+00]
  RHS range        [1e+00, 2e+00]
Presolve removed 536 rows and 81 columns
Presolve time: 0.01s
Presolved: 2548 rows, 361 columns, 7540 nonzeros
Variable types: 0 continuous, 361 integer (361 binary)
Found heuristic solution: objective 3199.0000000
Found heuristic solution: objective 2982.0000000

Root relaxation: objective 0.000000e+00, 135 iterations, 0.00 seconds (0.00 work units)

    Nodes    |    Current Node    |     Objective Bounds      |     Work
 Expl Unexpl |  Obj  Depth IntInf | Incumbent    BestBd   Gap | It/Node Time

     0     0    0.00000    0   42 2982.00000    0.00000   100%     -    0s
H    0     0                    1449.0000000    0.00000   100%     -    0s
H    0     0                    1331.0000000    0.00000   100%     -    0s
     0     0    0.00000    0   83 1331.00000    0.00000   100%     -    0s
H    0     0                     438.0000000    0.00000   100%     -    0s
H    0     0                     287.0000000    0.00000   100%     -    0s
     0     0    0.00000    0   60  287.00000    0.00000   100%     -    0s
H    0     0                     273.0000000    0.00000   100%     -    0s
     0     0    0.00000    0   73  273.00000    0.00000   100%     -    0s
     0     0    0.00000    0   84  273.00000    0.00000   100%     -    0s
H    0     0                     186.0000000    0.00000   100%     -    0s
     0     0    0.00000    0   77  186.00000    0.00000   100%     -    0s
     0     0    0.00000    0  111  186.00000    0.00000   100%     -    0s
     0     0    0.00000    0  106  186.00000    0.00000   100%     -    0s
     0     0    0.00000    0   38  186.00000    0.00000   100%     -    0s
     0     0    0.00000    0   38  186.00000    0.00000   100%     -    0s
     0     2    0.00000    0   38  186.00000    0.00000   100%     -    0s
*   18    18              11     166.0000000   39.00000  76.5%  66.0    0s
*   20    17              12     135.0000000   39.00000  71.1%  61.7    0s

Cutting planes:
  Cover: 1
  MIR: 6
  Inf proof: 12
  Zero half: 27
  RLT: 10
  BQP: 2

Explored 735 nodes (20805 simplex iterations) in 1.70 seconds (2.06 work units)
Thread count was 1 (of 12 available processors)

Solution count 10: 135 166 186 ... 3199

Optimal solution found (tolerance 1.00e-04)
Best objective 1.350000000000e+02, best bound 1.350000000000e+02, gap 0.0000%
135.0
