Set parameter Username
Academic license - for non-commercial use only - expires 2025-08-28
Set parameter Threads to value 1
Set parameter Method to value 4
Gurobi Optimizer version 11.0.0 build v11.0.0rc2 (mac64[arm] - Darwin 23.5.0 23F79)

CPU model: Apple M3 Pro
Thread count: 12 physical cores, 12 logical processors, using up to 1 threads

Optimize a model with 3451 rows, 480 columns and 10381 nonzeros
Model fingerprint: 0x55dcff0d
Variable types: 290 continuous, 190 integer (190 binary)
Coefficient statistics:
  Matrix range     [1e+00, 1e+00]
  Objective range  [1e+01, 3e+02]
  Bounds range     [1e+00, 1e+00]
  RHS range        [1e+00, 2e+00]
Presolve removed 916 rows and 105 columns
Presolve time: 0.01s
Presolved: 2535 rows, 375 columns, 7475 nonzeros
Variable types: 0 continuous, 375 integer (375 binary)
Found heuristic solution: objective 3671.0000000
Found heuristic solution: objective 3475.0000000

Root relaxation: objective 0.000000e+00, 269 iterations, 0.01 seconds (0.01 work units)

    Nodes    |    Current Node    |     Objective Bounds      |     Work
 Expl Unexpl |  Obj  Depth IntInf | Incumbent    BestBd   Gap | It/Node Time

     0     0    0.00000    0   42 3475.00000    0.00000   100%     -    0s
H    0     0                    2243.0000000    0.00000   100%     -    0s
H    0     0                    1166.0000000    0.00000   100%     -    0s
H    0     0                     894.0000000    0.00000   100%     -    0s
H    0     0                     834.0000000    0.00000   100%     -    0s
     0     0    0.00000    0   80  834.00000    0.00000   100%     -    0s
H    0     0                     563.0000000    0.00000   100%     -    0s
H    0     0                     449.0000000    0.00000   100%     -    0s
     0     0    0.00000    0   81  449.00000    0.00000   100%     -    0s
H    0     0                     351.0000000    0.00000   100%     -    0s
     0     0    0.00000    0   79  351.00000    0.00000   100%     -    0s
     0     0    0.00000    0   49  351.00000    0.00000   100%     -    0s
H    0     0                     340.0000000    0.00000   100%     -    0s
     0     0    0.00000    0   38  340.00000    0.00000   100%     -    0s
     0     0    0.00000    0   72  340.00000    0.00000   100%     -    0s
H    0     0                     328.0000000    0.00000   100%     -    0s
     0     0    0.00000    0   69  328.00000    0.00000   100%     -    0s
     0     0    0.00000    0   64  328.00000    0.00000   100%     -    0s
     0     0    0.00000    0   64  328.00000    0.00000   100%     -    0s
     0     2    0.00000    0   64  328.00000    0.00000   100%     -    0s
H  108    72                     316.0000000   10.00000  96.8%  50.3    0s
*  202   114              33     305.0000000   10.00000  96.7%  41.5    0s
H  435   200                     301.0000000   24.00000  92.0%  34.5    1s
  1487   508  257.00000   33   43  301.00000   51.16667  83.0%  33.2    5s
  3460  1024  197.50000   31   41  301.00000   59.00000  80.4%  30.6   10s
  5364  1505  287.00000   33   52  301.00000  233.88889  22.3%  22.9   15s

Cutting planes:
  Zero half: 1

Explored 5444 nodes (156397 simplex iterations) in 15.18 seconds (17.30 work units)
Thread count was 1 (of 12 available processors)

Solution count 10: 301 305 316 ... 894

Optimal solution found (tolerance 1.00e-04)
Best objective 3.010000000000e+02, best bound 3.010000000000e+02, gap 0.0000%
301.0
