Set parameter Username
Academic license - for non-commercial use only - expires 2025-08-28
Set parameter Threads to value 1
Set parameter Method to value 4
Gurobi Optimizer version 11.0.0 build v11.0.0rc2 (mac64[arm] - Darwin 23.5.0 23F79)

CPU model: Apple M3 Pro
Thread count: 12 physical cores, 12 logical processors, using up to 1 threads

Optimize a model with 3635 rows, 499 columns and 10934 nonzeros
Model fingerprint: 0xe2a97db1
Variable types: 299 continuous, 200 integer (200 binary)
Coefficient statistics:
  Matrix range     [1e+00, 1e+00]
  Objective range  [1e+01, 3e+02]
  Bounds range     [1e+00, 1e+00]
  RHS range        [1e+00, 2e+00]
Presolve removed 969 rows and 109 columns
Presolve time: 0.01s
Presolved: 2666 rows, 390 columns, 7845 nonzeros
Variable types: 0 continuous, 390 integer (390 binary)
Found heuristic solution: objective 1966.0000000
Found heuristic solution: objective 850.0000000

Root relaxation: objective 0.000000e+00, 178 iterations, 0.00 seconds (0.01 work units)

    Nodes    |    Current Node    |     Objective Bounds      |     Work
 Expl Unexpl |  Obj  Depth IntInf | Incumbent    BestBd   Gap | It/Node Time

     0     0    0.00000    0   38  850.00000    0.00000   100%     -    0s
H    0     0                     806.0000000    0.00000   100%     -    0s
     0     0    0.00000    0   69  806.00000    0.00000   100%     -    0s
H    0     0                     799.0000000    0.00000   100%     -    0s
H    0     0                     779.0000000    0.00000   100%     -    0s
     0     0    0.00000    0   36  779.00000    0.00000   100%     -    0s
H    0     0                     550.0000000    0.00000   100%     -    0s
H    0     0                     496.0000000    0.00000   100%     -    0s
     0     0    0.00000    0   69  496.00000    0.00000   100%     -    0s
H    0     0                     420.0000000    0.00000   100%     -    0s
H    0     0                     344.0000000    0.00000   100%     -    0s
     0     0    0.00000    0  101  344.00000    0.00000   100%     -    0s
     0     0    0.00000    0   56  344.00000    0.00000   100%     -    0s
     0     0    0.00000    0   56  344.00000    0.00000   100%     -    0s
H    0     0                     334.0000000    0.00000   100%     -    0s
     0     2    0.00000    0   56  334.00000    0.00000   100%     -    0s
H   26    24                     322.0000000    0.00000   100%  73.3    0s
H   54    30                     312.0000000   11.00000  96.5%  55.7    0s
H  262   143                     300.0000000   11.00000  96.3%  48.5    1s
H  341   198                     297.0000000   15.00000  94.9%  51.6    1s
  1555   571  228.05000   30  114  297.00000   60.00000  79.8%  41.4    5s
  4008  1495 infeasible   40       297.00000   93.50000  68.5%  30.6   10s
  6770  2371  274.33333   38   54  297.00000  120.00000  59.6%  27.7   15s
 10203  3542  159.00000   29   56  297.00000  131.00000  55.9%  26.0   22s
 10691  3600  259.25000   38   59  297.00000  141.00000  52.5%  23.6   25s
 14070  3344     cutoff   45       297.00000  213.50000  28.1%  25.8   30s
 18307  2142  273.47899   39   72  297.00000  241.00000  18.9%  26.2   35s
 22774   630  291.52632   43   76  297.00000  273.60000  7.88%  25.8   40s

Cutting planes:
  Gomory: 2
  Implied bound: 47
  Clique: 1
  Flow cover: 29
  Zero half: 142
  RLT: 39
  BQP: 29

Explored 24041 nodes (648018 simplex iterations) in 41.23 seconds (59.80 work units)
Thread count was 1 (of 12 available processors)

Solution count 10: 297 300 312 ... 779

Optimal solution found (tolerance 1.00e-04)
Best objective 2.970000000000e+02, best bound 2.970000000000e+02, gap 0.0000%
297.0
