Set parameter Username
Academic license - for non-commercial use only - expires 2025-08-28
Set parameter Threads to value 1
Set parameter Method to value 4
Gurobi Optimizer version 11.0.0 build v11.0.0rc2 (mac64[arm] - Darwin 23.5.0 23F79)

CPU model: Apple M3 Pro
Thread count: 12 physical cores, 12 logical processors, using up to 1 threads

Optimize a model with 3634 rows, 499 columns and 10933 nonzeros
Model fingerprint: 0x8f0264bc
Variable types: 299 continuous, 200 integer (200 binary)
Coefficient statistics:
  Matrix range     [1e+00, 1e+00]
  Objective range  [1e+01, 3e+02]
  Bounds range     [1e+00, 1e+00]
  RHS range        [1e+00, 2e+00]
Presolve removed 613 rows and 88 columns
Presolve time: 0.01s
Presolved: 3021 rows, 411 columns, 8910 nonzeros
Variable types: 0 continuous, 411 integer (411 binary)
Found heuristic solution: objective 3838.0000000
Found heuristic solution: objective 3642.0000000

Root relaxation: objective 0.000000e+00, 175 iterations, 0.00 seconds (0.01 work units)

    Nodes    |    Current Node    |     Objective Bounds      |     Work
 Expl Unexpl |  Obj  Depth IntInf | Incumbent    BestBd   Gap | It/Node Time

     0     0    0.00000    0   40 3642.00000    0.00000   100%     -    0s
H    0     0                    1441.0000000    0.00000   100%     -    0s
H    0     0                    1404.0000000    0.00000   100%     -    0s
H    0     0                    1329.0000000    0.00000   100%     -    0s
     0     0    0.00000    0   89 1329.00000    0.00000   100%     -    0s
H    0     0                    1106.0000000    0.00000   100%     -    0s
H    0     0                    1059.0000000    0.00000   100%     -    0s
     0     0    0.00000    0   62 1059.00000    0.00000   100%     -    0s
H    0     0                     845.0000000    0.00000   100%     -    0s
     0     0    0.00000    0   64  845.00000    0.00000   100%     -    0s
     0     0    0.00000    0   93  845.00000    0.00000   100%     -    0s
H    0     0                     804.0000000    0.00000   100%     -    0s
     0     0    0.00000    0   89  804.00000    0.00000   100%     -    0s
     0     0    0.00000    0  102  804.00000    0.00000   100%     -    0s
H    0     0                     772.0000000    0.00000   100%     -    0s
H    0     0                     730.0000000    0.00000   100%     -    0s
     0     0    0.00000    0  107  730.00000    0.00000   100%     -    0s
     0     0    0.00000    0  100  730.00000    0.00000   100%     -    0s
     0     0    0.00000    0  100  730.00000    0.00000   100%     -    0s
H    0     0                     618.0000000    0.00000   100%     -    0s
     0     2    0.00000    0  100  618.00000    0.00000   100%     -    0s
H   54    41                     507.0000000    0.00000   100%  59.3    0s
H  108    84                     488.0000000    0.00000   100%  50.9    0s
H  135    99                     451.0000000    0.00000   100%  50.6    0s
*  267   178              47     438.0000000    0.00000   100%  43.5    1s
H  339   223                     430.0000000    0.00000   100%  41.1    1s
H  392   236                     418.0000000    0.00000   100%  40.7    1s
H  463   247                     406.0000000    0.00000   100%  41.1    1s
H  490   262                     402.0000000    0.00000   100%  41.5    1s
  1171   464  323.00000   29   52  402.00000   24.50000  93.9%  42.3    5s
  2749   782  213.05000   30  115  402.00000   78.50000  80.5%  38.2   10s
  4530  1214  205.58929   28  112  402.00000  110.33333  72.6%  35.3   15s
  6271  1600  400.53153   38  102  402.00000  146.00000  63.7%  34.0   20s
  8349  2052  197.87500   24   78  402.00000  172.50000  57.1%  32.3   25s
 10203  2385  274.00000   30  100  402.00000  196.00000  51.2%  30.9   34s
 10213  2392  372.31250   34  178  402.00000  196.00000  51.2%  30.9   35s
 11421  2702  399.00000   51   49  402.00000  196.00000  51.2%  29.7   40s
 13500  3312  384.00000   42   53  402.00000  196.00000  51.2%  31.5   45s
 15316  3634  388.00000   42   96  402.00000  196.00000  51.2%  32.0   50s
 17512  3977  379.60000   52   91  402.00000  196.00000  51.2%  32.5   55s
 19569  4807  303.56667   36   58  402.00000  208.00000  48.3%  32.8   60s
 21805  5565     cutoff   47       402.00000  220.25000  45.2%  32.9   65s
 24128  6338  372.76471   51  129  402.00000  230.21429  42.7%  32.8   70s
 26505  7126  385.62185   47  147  402.00000  238.33333  40.7%  32.7   75s
 28948  7739  303.50000   48   82  402.00000  245.50000  38.9%  32.4   80s
 31493  8412  336.25000   46   96  402.00000  251.27000  37.5%  32.1   85s
 34010  9002  272.00000   39   46  402.00000  256.66667  36.2%  31.9   90s
 36728  9459  389.50000   52  100  402.00000  262.50000  34.7%  31.6   95s
 39375  9940  398.00000   49   42  402.00000  267.00000  33.6%  31.4  100s
 41987 10325     cutoff   46       402.00000  271.50000  32.5%  31.1  105s
 44646 10724  357.11111   47   83  402.00000  276.25000  31.3%  30.9  110s
 47241 11065  371.00000   46   78  402.00000  279.50000  30.5%  30.7  115s
 49802 11391  351.75000   49   41  402.00000  283.00000  29.6%  30.4  120s
 52583 11719  347.00000   46   83  402.00000  286.93333  28.6%  30.1  125s
 55281 12011  398.32000   47   51  402.00000  290.00000  27.9%  29.9  130s
 57982 12179  351.50000   50  149  402.00000  292.00000  27.4%  29.8  135s
 60817 12398     cutoff   47       402.00000  295.28571  26.5%  29.6  140s
 63614 12604  389.00000   44   87  402.00000  298.00000  25.9%  29.4  145s
 66452 12848  374.80000   51   63  402.00000  301.00000  25.1%  29.2  150s
 69228 12974  367.20000   45   91  402.00000  303.33333  24.5%  29.0  155s
 72057 13078  398.00000   49   30  402.00000  306.00000  23.9%  28.9  160s
 74749 13134  374.62500   51  105  402.00000  308.00000  23.4%  28.7  165s
 77432 13235  372.58824   52   57  402.00000  310.66667  22.7%  28.5  170s
 80172 13336  357.00000   47   75  402.00000  313.00000  22.1%  28.4  175s
 83007 13388     cutoff   50       402.00000  315.22222  21.6%  28.2  180s
 85798 13434  358.00000   55   93  402.00000  317.75000  21.0%  28.1  185s
 88562 13422  334.00000   41   60  402.00000  319.83333  20.4%  27.9  190s
 91366 13385  364.21053   46  132  402.00000  321.66667  20.0%  27.8  195s
 94239 13354  374.00000   47   58  402.00000  324.00000  19.4%  27.6  200s
 96864 13288  388.00000   57   31  402.00000  325.55556  19.0%  27.5  205s
 99890 13223  387.13397   45  135  402.00000  327.78571  18.5%  27.4  210s
 103013 13065  378.00000   48   65  402.00000  330.20000  17.9%  27.2  215s
 106018 12862  392.50000   52   42  402.00000  332.66667  17.2%  27.0  220s
 108954 12634     cutoff   49       402.00000  335.00000  16.7%  26.9  225s
 112253 12378     cutoff   52       402.00000  337.75000  16.0%  26.8  230s
 115454 12060  376.80000   50   66  402.00000  341.00000  15.2%  26.6  235s
 118727 11744  347.79412   41  151  402.00000  343.52857  14.5%  26.4  240s
 121997 11349  361.50000   43   60  402.00000  346.16667  13.9%  26.3  245s
 124793 10964  385.50000   49   76  402.00000  349.00000  13.2%  26.2  250s
 127830 10519     cutoff   47       402.00000  352.00000  12.4%  26.0  255s
 130889 10018  366.90000   46  103  402.00000  354.91667  11.7%  25.9  260s
 133646  9612  381.00000   50   25  402.00000  357.16667  11.2%  25.7  265s
 136871  8906  379.38462   52  124  402.00000  360.81818  10.2%  25.6  270s
 140034  8141  396.00000   50   66  402.00000  364.16667  9.41%  25.4  275s
 142834  7303  385.00000   42   49  402.00000  368.33333  8.37%  25.3  280s
 145977  6346  385.00000   55   50  402.00000  373.00000  7.21%  25.1  285s
 149265  5022     cutoff   42       402.00000  379.00000  5.72%  24.9  290s
 152968  3395     cutoff   48       402.00000  386.00000  3.98%  24.7  295s
 156807  1493     cutoff   52       402.00000  394.50000  1.87%  24.4  300s

Cutting planes:
  Gomory: 2
  Implied bound: 1
  Flow cover: 15
  Zero half: 33
  RLT: 21
  BQP: 11

Explored 158699 nodes (3871701 simplex iterations) in 302.65 seconds (360.16 work units)
Thread count was 1 (of 12 available processors)

Solution count 10: 402 402 406 ... 618

Optimal solution found (tolerance 1.00e-04)
Best objective 4.020000000000e+02, best bound 4.020000000000e+02, gap 0.0000%
402.0
