Set parameter Username
Academic license - for non-commercial use only - expires 2025-08-28
Set parameter Threads to value 1
Set parameter Method to value 4
Gurobi Optimizer version 11.0.0 build v11.0.0rc2 (mac64[arm] - Darwin 23.5.0 23F79)

CPU model: Apple M3 Pro
Thread count: 12 physical cores, 12 logical processors, using up to 1 threads

Optimize a model with 3451 rows, 480 columns and 10381 nonzeros
Model fingerprint: 0xa0630d94
Variable types: 290 continuous, 190 integer (190 binary)
Coefficient statistics:
  Matrix range     [1e+00, 1e+00]
  Objective range  [1e+01, 3e+02]
  Bounds range     [1e+00, 1e+00]
  RHS range        [1e+00, 2e+00]
Presolve removed 591 rows and 86 columns
Presolve time: 0.01s
Presolved: 2860 rows, 394 columns, 8440 nonzeros
Variable types: 0 continuous, 394 integer (394 binary)
Found heuristic solution: objective 978.0000000
Found heuristic solution: objective 686.0000000

Root relaxation: objective 0.000000e+00, 184 iterations, 0.00 seconds (0.01 work units)

    Nodes    |    Current Node    |     Objective Bounds      |     Work
 Expl Unexpl |  Obj  Depth IntInf | Incumbent    BestBd   Gap | It/Node Time

     0     0    0.00000    0   41  686.00000    0.00000   100%     -    0s
H    0     0                     636.0000000    0.00000   100%     -    0s
     0     0    0.00000    0   90  636.00000    0.00000   100%     -    0s
H    0     0                     526.0000000    0.00000   100%     -    0s
     0     0    0.00000    0   69  526.00000    0.00000   100%     -    0s
H    0     0                     478.0000000    0.00000   100%     -    0s
     0     0    0.00000    0   85  478.00000    0.00000   100%     -    0s
     0     0    0.00000    0   84  478.00000    0.00000   100%     -    0s
H    0     0                     382.0000000    0.00000   100%     -    0s
     0     0    0.00000    0   51  382.00000    0.00000   100%     -    0s
     0     0    0.00000    0   51  382.00000    0.00000   100%     -    0s
H    0     0                     370.0000000    0.00000   100%     -    0s
     0     2    0.00000    0   51  370.00000    0.00000   100%     -    0s
*   42    31              25     356.0000000    0.00000   100%  61.0    0s
*   45    32              26     350.0000000    0.00000   100%  57.0    0s
H   51    32                     344.0000000    0.00000   100%  54.6    0s
H   54    31                     266.0000000    0.00000   100%  54.6    0s
H   79    53                     254.0000000    0.00000   100%  47.4    0s
H   81    53                     219.0000000    0.00000   100%  46.3    0s
H  157   109                     216.0000000    0.00000   100%  43.5    0s
H  261   169                     213.0000000    0.00000   100%  42.6    1s
  1463   611  118.50000   37   81  213.00000   20.00000  90.6%  42.3    5s
  4041  1704  151.59524   45   92  213.00000   49.66667  76.7%  32.7   10s
  7256  2942  114.70370   35  105  213.00000   67.00000  68.5%  29.7   15s
 10203  3921  180.92857   31   51  213.00000   75.75000  64.4%  29.1   22s
 10954  4009   91.21429   38  107  213.00000   76.00000  64.3%  30.0   25s
 13988  4104 infeasible   52       213.00000   99.00000  53.5%  29.3   30s
 17540  3924  185.64706   50  106  213.00000  114.00000  46.5%  28.6   35s
 21214  3508  196.00000   43   37  213.00000  124.33333  41.6%  28.2   40s
 25162  3688  147.42857   54   78  213.00000  134.00000  37.1%  27.7   45s
 28860  3897     cutoff   43       213.00000  142.00000  33.3%  27.6   50s
 32664  3853  198.47059   45  124  213.00000  151.00000  29.1%  27.4   55s
 36249  3554  193.12500   60   99  213.00000  158.66667  25.5%  27.3   60s
 40318  2937 infeasible   52       213.00000  168.00000  21.1%  27.1   65s
 44581  1627 infeasible   42       213.00000  181.00000  15.0%  26.9   70s

Cutting planes:
  Implied bound: 1
  MIR: 1
  Flow cover: 23
  Zero half: 10
  RLT: 3
  BQP: 2

Explored 47417 nodes (1251932 simplex iterations) in 73.02 seconds (115.07 work units)
Thread count was 1 (of 12 available processors)

Solution count 10: 213 213 216 ... 370

Optimal solution found (tolerance 1.00e-04)
Best objective 2.130000000000e+02, best bound 2.130000000000e+02, gap 0.0000%
213.0
