Set parameter Username
Academic license - for non-commercial use only - expires 2025-08-28
Set parameter Threads to value 1
Set parameter Method to value 4
Gurobi Optimizer version 11.0.0 build v11.0.0rc2 (mac64[arm] - Darwin 23.5.0 23F79)

CPU model: Apple M3 Pro
Thread count: 12 physical cores, 12 logical processors, using up to 1 threads

Optimize a model with 3451 rows, 480 columns and 10381 nonzeros
Model fingerprint: 0xcca7e1b1
Variable types: 290 continuous, 190 integer (190 binary)
Coefficient statistics:
  Matrix range     [1e+00, 1e+00]
  Objective range  [1e+01, 3e+02]
  Bounds range     [1e+00, 1e+00]
  RHS range        [1e+00, 2e+00]
Presolve removed 591 rows and 86 columns
Presolve time: 0.01s
Presolved: 2860 rows, 394 columns, 8440 nonzeros
Variable types: 0 continuous, 394 integer (394 binary)
Found heuristic solution: objective 3636.0000000
Found heuristic solution: objective 3440.0000000

Root relaxation: objective 0.000000e+00, 219 iterations, 0.01 seconds (0.01 work units)

    Nodes    |    Current Node    |     Objective Bounds      |     Work
 Expl Unexpl |  Obj  Depth IntInf | Incumbent    BestBd   Gap | It/Node Time

     0     0    0.00000    0   44 3440.00000    0.00000   100%     -    0s
H    0     0                    3262.0000000    0.00000   100%     -    0s
H    0     0                    2220.0000000    0.00000   100%     -    0s
     0     0    0.00000    0   75 2220.00000    0.00000   100%     -    0s
H    0     0                    1771.0000000    0.00000   100%     -    0s
H    0     0                    1543.0000000    0.00000   100%     -    0s
H    0     0                     673.0000000    0.00000   100%     -    0s
     0     0    0.00000    0   57  673.00000    0.00000   100%     -    0s
H    0     0                     584.0000000    0.00000   100%     -    0s
     0     0    0.00000    0   68  584.00000    0.00000   100%     -    0s
     0     0    0.00000    0   69  584.00000    0.00000   100%     -    0s
     0     0    0.00000    0   64  584.00000    0.00000   100%     -    0s
     0     0    0.00000    0  117  584.00000    0.00000   100%     -    0s
     0     0    0.00000    0  116  584.00000    0.00000   100%     -    0s
     0     0    0.00000    0   66  584.00000    0.00000   100%     -    0s
     0     0    0.00000    0   66  584.00000    0.00000   100%     -    0s
     0     2    0.00000    0   66  584.00000    0.00000   100%     -    0s
H   27    27                     528.0000000   15.00000  97.2%  74.6    0s
*   41    39              23     472.0000000   15.00000  96.8%  57.7    0s
*  106    77              28     458.0000000   15.00000  96.7%  42.0    0s
*  108    77              30     434.0000000   15.00000  96.5%  41.5    0s
H  183   124                     422.0000000   15.00000  96.4%  41.4    0s
H  183   124                     410.0000000   15.00000  96.3%  41.4    0s
H  191   126                     380.0000000   15.00000  96.1%  40.4    0s
H  238   154                     368.0000000   15.00000  95.9%  37.7    1s
*  246   158              36     357.0000000   15.00000  95.8%  37.2    1s
H  575   349                     349.0000000   21.75000  93.8%  42.4    1s
  1378   578  114.50000   20   86  349.00000   85.00000  75.6%  42.7    5s
  2871  1051  194.85714   25  113  349.00000  145.00000  58.5%  34.1   10s
  4594  1712  312.80000   30   87  349.00000  169.75000  51.4%  32.0   15s
  6589  2370     cutoff   38       349.00000  184.50000  47.1%  30.6   20s
  8556  2855     cutoff   28       349.00000  197.00000  43.6%  29.7   25s
 10202  3112 infeasible   27       349.00000  207.00000  40.7%  29.2   34s
 10206  3116  302.53846   27   89  349.00000  207.33333  40.6%  29.2   35s
 12238  3440     cutoff   29       349.00000  216.00000  38.1%  29.9   40s
 14066  3682  266.25000   33  111  349.00000  223.65000  35.9%  30.6   45s
 16100  3870     cutoff   31       349.00000  233.00000  33.2%  31.1   50s
 18154  3953  333.71429   29   51  349.00000  241.00000  30.9%  31.8   55s
 20237  4020     cutoff   27       349.00000  249.20833  28.6%  32.1   60s
 22340  3967  344.25000   33   29  349.00000  256.00000  26.6%  32.7   65s
 24675  3855     cutoff   39       349.00000  260.00000  25.5%  33.1   70s
 27132  3649  303.71429   25   86  349.00000  268.00000  23.2%  33.6   75s
 29560  3336  298.80000   27   82  349.00000  274.75000  21.3%  33.8   80s
 32171  2942  314.00000   30   95  349.00000  281.00000  19.5%  34.0   85s
 34903  2435  340.00000   28   53  349.00000  292.00000  16.3%  33.8   90s
 37977  1642  338.00000   32   85  349.00000  305.00000  12.6%  33.1   95s

Cutting planes:
  Gomory: 1
  Implied bound: 7
  Flow cover: 10
  Inf proof: 4
  Zero half: 34
  RLT: 50
  BQP: 23

Explored 41368 nodes (1325177 simplex iterations) in 99.86 seconds (120.25 work units)
Thread count was 1 (of 12 available processors)

Solution count 10: 349 349 357 ... 472

Optimal solution found (tolerance 1.00e-04)
Best objective 3.490000000000e+02, best bound 3.490000000000e+02, gap 0.0000%
349.0
