Set parameter Username
Academic license - for non-commercial use only - expires 2025-08-28
Set parameter Threads to value 1
Set parameter Method to value 4
Gurobi Optimizer version 11.0.0 build v11.0.0rc2 (mac64[arm] - Darwin 23.5.0 23F79)

CPU model: Apple M3 Pro
Thread count: 12 physical cores, 12 logical processors, using up to 1 threads

Optimize a model with 3084 rows, 442 columns and 9276 nonzeros
Model fingerprint: 0x7ab657b8
Variable types: 272 continuous, 170 integer (170 binary)
Coefficient statistics:
  Matrix range     [1e+00, 1e+00]
  Objective range  [1e+01, 3e+02]
  Bounds range     [1e+00, 1e+00]
  RHS range        [1e+00, 2e+00]
Presolve removed 821 rows and 98 columns
Presolve time: 0.01s
Presolved: 2263 rows, 344 columns, 6695 nonzeros
Variable types: 0 continuous, 344 integer (344 binary)
Found heuristic solution: objective 2760.0000000
Found heuristic solution: objective 2580.0000000

Root relaxation: objective 0.000000e+00, 223 iterations, 0.00 seconds (0.01 work units)

    Nodes    |    Current Node    |     Objective Bounds      |     Work
 Expl Unexpl |  Obj  Depth IntInf | Incumbent    BestBd   Gap | It/Node Time

     0     0    0.00000    0   56 2580.00000    0.00000   100%     -    0s
H    0     0                    1508.0000000    0.00000   100%     -    0s
H    0     0                    1463.0000000    0.00000   100%     -    0s
     0     0    0.00000    0  111 1463.00000    0.00000   100%     -    0s
H    0     0                     223.0000000    0.00000   100%     -    0s
     0     0    0.00000    0   63  223.00000    0.00000   100%     -    0s
H    0     0                     178.0000000    0.00000   100%     -    0s
H    0     0                     160.0000000    0.00000   100%     -    0s
     0     0    0.00000    0   65  160.00000    0.00000   100%     -    0s
     0     0    0.00000    0   52  160.00000    0.00000   100%     -    0s
     0     0    0.00000    0   86  160.00000    0.00000   100%     -    0s
     0     0    0.00000    0   43  160.00000    0.00000   100%     -    0s
     0     0    0.00000    0   65  160.00000    0.00000   100%     -    0s
     0     0    0.00000    0   83  160.00000    0.00000   100%     -    0s
H    0     0                     155.0000000    0.00000   100%     -    0s
     0     0    0.00000    0   86  155.00000    0.00000   100%     -    0s
     0     0    0.00000    0   66  155.00000    0.00000   100%     -    0s
     0     0    0.00000    0   39  155.00000    0.00000   100%     -    0s
     0     2    0.00000    0   39  155.00000    0.00000   100%     -    0s
*   10    10               5     141.0000000   54.00000  61.7%  66.3    0s

Cutting planes:
  MIR: 3
  Flow cover: 2
  Inf proof: 1
  Zero half: 24
  RLT: 17
  BQP: 13

Explored 139 nodes (7431 simplex iterations) in 0.56 seconds (0.72 work units)
Thread count was 1 (of 12 available processors)

Solution count 9: 141 155 160 ... 2760

Optimal solution found (tolerance 1.00e-04)
Best objective 1.410000000000e+02, best bound 1.410000000000e+02, gap 0.0000%
141.0
