Set parameter Username
Academic license - for non-commercial use only - expires 2025-08-28
Set parameter Threads to value 1
Set parameter Method to value 4
Gurobi Optimizer version 11.0.0 build v11.0.0rc2 (mac64[arm] - Darwin 23.5.0 23F79)

CPU model: Apple M3 Pro
Thread count: 12 physical cores, 12 logical processors, using up to 1 threads

Optimize a model with 3267 rows, 461 columns and 9828 nonzeros
Model fingerprint: 0x4f13056b
Variable types: 281 continuous, 180 integer (180 binary)
Coefficient statistics:
  Matrix range     [1e+00, 1e+00]
  Objective range  [1e+01, 3e+02]
  Bounds range     [1e+00, 1e+00]
  RHS range        [1e+00, 2e+00]
Presolve removed 558 rows and 83 columns
Presolve time: 0.01s
Presolved: 2709 rows, 378 columns, 8010 nonzeros
Variable types: 0 continuous, 378 integer (378 binary)
Found heuristic solution: objective 3241.0000000
Found heuristic solution: objective 3017.0000000

Root relaxation: objective 0.000000e+00, 225 iterations, 0.00 seconds (0.01 work units)

    Nodes    |    Current Node    |     Objective Bounds      |     Work
 Expl Unexpl |  Obj  Depth IntInf | Incumbent    BestBd   Gap | It/Node Time

     0     0    0.00000    0   71 3017.00000    0.00000   100%     -    0s
H    0     0                    1646.0000000    0.00000   100%     -    0s
H    0     0                     559.0000000    0.00000   100%     -    0s
     0     0    0.00000    0  136  559.00000    0.00000   100%     -    0s
H    0     0                     369.0000000    0.00000   100%     -    0s
H    0     0                     304.0000000    0.00000   100%     -    0s
     0     0    0.00000    0   36  304.00000    0.00000   100%     -    0s
H    0     0                     234.0000000    0.00000   100%     -    0s
H    0     0                     224.0000000    0.00000   100%     -    0s
     0     0    0.00000    0   78  224.00000    0.00000   100%     -    0s
H    0     0                     211.0000000    0.00000   100%     -    0s
H    0     0                     191.0000000    0.00000   100%     -    0s
     0     0    0.00000    0   92  191.00000    0.00000   100%     -    0s
     0     0    0.00000    0  104  191.00000    0.00000   100%     -    0s
     0     0    0.00000    0  117  191.00000    0.00000   100%     -    0s
H    0     0                     180.0000000    0.00000   100%     -    0s
     0     0    0.00000    0  109  180.00000    0.00000   100%     -    0s
     0     0    0.00000    0  119  180.00000    0.00000   100%     -    0s
     0     0    0.00000    0   63  180.00000    0.00000   100%     -    0s
H    0     0                     175.0000000    0.00000   100%     -    0s
H    0     0                     143.0000000    0.00000   100%     -    0s
     0     2    0.00000    0   63  143.00000    0.00000   100%     -    0s
H   54    28                      99.0000000   12.00000  87.9%  46.8    0s

Cutting planes:
  Cover: 1
  MIR: 2
  Inf proof: 18
  Zero half: 23
  RLT: 32
  BQP: 12

Explored 1198 nodes (37898 simplex iterations) in 3.30 seconds (3.55 work units)
Thread count was 1 (of 12 available processors)

Solution count 10: 99 143 175 ... 369

Optimal solution found (tolerance 1.00e-04)
Best objective 9.900000000000e+01, best bound 9.900000000000e+01, gap 0.0000%
99.0
