Set parameter Username
Academic license - for non-commercial use only - expires 2025-08-28
Set parameter Threads to value 1
Set parameter Method to value 4
Gurobi Optimizer version 11.0.0 build v11.0.0rc2 (mac64[arm] - Darwin 23.5.0 23F79)

CPU model: Apple M3 Pro
Thread count: 12 physical cores, 12 logical processors, using up to 1 threads

Optimize a model with 3634 rows, 499 columns and 10933 nonzeros
Model fingerprint: 0x07351d09
Variable types: 299 continuous, 200 integer (200 binary)
Coefficient statistics:
  Matrix range     [1e+00, 1e+00]
  Objective range  [1e+01, 3e+02]
  Bounds range     [1e+00, 1e+00]
  RHS range        [1e+00, 2e+00]
Presolve removed 613 rows and 88 columns
Presolve time: 0.01s
Presolved: 3021 rows, 411 columns, 8910 nonzeros
Variable types: 0 continuous, 411 integer (411 binary)
Found heuristic solution: objective 3686.0000000
Found heuristic solution: objective 3483.0000000

Root relaxation: objective 0.000000e+00, 180 iterations, 0.00 seconds (0.01 work units)

    Nodes    |    Current Node    |     Objective Bounds      |     Work
 Expl Unexpl |  Obj  Depth IntInf | Incumbent    BestBd   Gap | It/Node Time

     0     0    0.00000    0   40 3483.00000    0.00000   100%     -    0s
H    0     0                    1249.0000000    0.00000   100%     -    0s
     0     0    0.00000    0   86 1249.00000    0.00000   100%     -    0s
H    0     0                    1154.0000000    0.00000   100%     -    0s
H    0     0                    1086.0000000    0.00000   100%     -    0s
     0     0    0.00000    0  108 1086.00000    0.00000   100%     -    0s
H    0     0                     670.0000000    0.00000   100%     -    0s
     0     0    0.00000    0  123  670.00000    0.00000   100%     -    0s
     0     0    0.00000    0  120  670.00000    0.00000   100%     -    0s
H    0     0                     599.0000000    0.00000   100%     -    0s
     0     0    0.00000    0  117  599.00000    0.00000   100%     -    0s
     0     0    0.00000    0  104  599.00000    0.00000   100%     -    0s
H    0     0                     573.0000000    0.00000   100%     -    0s
H    0     0                     553.0000000    0.00000   100%     -    0s
     0     0    0.00000    0  101  553.00000    0.00000   100%     -    0s
     0     0    0.00000    0  108  553.00000    0.00000   100%     -    0s
     0     0    0.00000    0  108  553.00000    0.00000   100%     -    0s
H    0     0                     473.0000000    0.00000   100%     -    0s
H    0     0                     439.0000000    0.00000   100%     -    0s
     0     2    0.00000    0  108  439.00000    0.00000   100%     -    0s
*   38    34              23     420.0000000   62.00000  85.2%  64.2    0s
H   54    44                     386.0000000   62.00000  83.9%  76.6    0s
*  365   228              30     370.0000000   68.78205  81.4%  48.7    1s
H  395   230                     368.0000000   69.00000  81.2%  46.9    1s
H  657   362                     346.0000000   82.87500  76.0%  41.8    2s
  1237   534  158.00000   31   74  346.00000   85.66667  75.2%  43.5    5s
  2683   937  297.50000   42   68  346.00000   97.00000  72.0%  38.7   10s
  4953  1809  253.00000   35   86  346.00000  123.00000  64.5%  35.0   15s
  7117  2442  198.60000   36  133  346.00000  141.75000  59.0%  32.8   20s
  9419  3077 infeasible   36       346.00000  157.00000  54.6%  31.7   25s
 10203  3263  173.33333   43  108  346.00000  161.08333  53.4%  31.3   30s
 10807  3214  339.37500   37   83  346.00000  228.73333  33.9%  29.4   35s

Cutting planes:
  Gomory: 8
  Cover: 1
  Implied bound: 7
  Clique: 1
  Flow cover: 7
  Inf proof: 2
  Zero half: 22
  RLT: 12
  BQP: 10

Explored 11833 nodes (373972 simplex iterations) in 37.37 seconds (45.85 work units)
Thread count was 1 (of 12 available processors)

Solution count 10: 346 368 370 ... 599

Optimal solution found (tolerance 1.00e-04)
Best objective 3.460000000000e+02, best bound 3.460000000000e+02, gap 0.0000%
346.0
