Set parameter Username
Academic license - for non-commercial use only - expires 2025-08-28
Set parameter Threads to value 1
Set parameter Method to value 4
Gurobi Optimizer version 11.0.0 build v11.0.0rc2 (mac64[arm] - Darwin 23.5.0 23F79)

CPU model: Apple M3 Pro
Thread count: 12 physical cores, 12 logical processors, using up to 1 threads

Optimize a model with 3818 rows, 518 columns and 11486 nonzeros
Model fingerprint: 0x322c460d
Variable types: 308 continuous, 210 integer (210 binary)
Coefficient statistics:
  Matrix range     [1e+00, 1e+00]
  Objective range  [1e+01, 3e+02]
  Bounds range     [1e+00, 1e+00]
  RHS range        [1e+00, 2e+00]
Presolve removed 646 rows and 91 columns
Presolve time: 0.01s
Presolved: 3172 rows, 427 columns, 9340 nonzeros
Variable types: 0 continuous, 427 integer (427 binary)
Found heuristic solution: objective 3863.0000000
Found heuristic solution: objective 3660.0000000

Root relaxation: objective 0.000000e+00, 218 iterations, 0.00 seconds (0.01 work units)

    Nodes    |    Current Node    |     Objective Bounds      |     Work
 Expl Unexpl |  Obj  Depth IntInf | Incumbent    BestBd   Gap | It/Node Time

     0     0    0.00000    0   42 3660.00000    0.00000   100%     -    0s
H    0     0                    1147.0000000    0.00000   100%     -    0s
H    0     0                    1137.0000000    0.00000   100%     -    0s
     0     0    0.00000    0  101 1137.00000    0.00000   100%     -    0s
     0     0    0.00000    0  109 1137.00000    0.00000   100%     -    0s
H    0     0                     777.0000000    0.00000   100%     -    0s
     0     0    0.00000    0  104  777.00000    0.00000   100%     -    0s
     0     0    0.00000    0   94  777.00000    0.00000   100%     -    0s
H    0     0                     651.0000000    0.00000   100%     -    0s
H    0     0                     627.0000000    0.00000   100%     -    0s
     0     0    0.00000    0   89  627.00000    0.00000   100%     -    0s
     0     0    0.00000    0  101  627.00000    0.00000   100%     -    0s
     0     0    0.00000    0  101  627.00000    0.00000   100%     -    0s
H    0     0                     553.0000000    0.00000   100%     -    0s
     0     2    0.00000    0   81  553.00000    0.00000   100%     -    0s
H   27    25                     509.0000000    0.00000   100%   109    0s
H  108    65                     446.0000000    9.00000  98.0%  65.2    0s
H  277   158                     443.0000000   10.00000  97.7%  62.2    1s
H  289   153                     431.0000000   10.00000  97.7%  60.4    1s
H  367   202                     416.0000000   10.00000  97.6%  59.3    1s
H  425   244                     409.0000000   16.71429  95.9%  60.4    2s
H  447   255                     395.0000000   16.71429  95.8%  59.3    2s
  1146   509  288.00000   27   47  395.00000  201.00000  49.1%  59.3    5s
  2809   750     cutoff   28       395.00000  248.00000  37.2%  45.8   10s
  4681  1169  297.00000   26   84  395.00000  273.00000  30.9%  40.7   15s
  6843  1394  379.85714   25   57  395.00000  298.66667  24.4%  38.0   20s
  9138  1509 infeasible   27       395.00000  318.00000  19.5%  36.4   25s
 11612  1336  339.00000   30   87  395.00000  336.00000  14.9%  35.2   30s
 14348   528     cutoff   34       395.00000  363.60870  7.95%  33.7   35s

Cutting planes:
  Zero half: 2
  RLT: 1
  BQP: 15

Explored 15267 nodes (503747 simplex iterations) in 36.32 seconds (44.93 work units)
Thread count was 1 (of 12 available processors)

Solution count 10: 395 409 416 ... 651

Optimal solution found (tolerance 1.00e-04)
Best objective 3.950000000000e+02, best bound 3.950000000000e+02, gap 0.0000%
395.0
