Set parameter Username
Academic license - for non-commercial use only - expires 2025-08-28
Set parameter Threads to value 1
Set parameter Method to value 4
Gurobi Optimizer version 11.0.0 build v11.0.0rc2 (mac64[arm] - Darwin 23.5.0 23F79)

CPU model: Apple M3 Pro
Thread count: 12 physical cores, 12 logical processors, using up to 1 threads

Optimize a model with 3267 rows, 461 columns and 9828 nonzeros
Model fingerprint: 0xf511a108
Variable types: 281 continuous, 180 integer (180 binary)
Coefficient statistics:
  Matrix range     [1e+00, 1e+00]
  Objective range  [1e+01, 3e+02]
  Bounds range     [1e+00, 1e+00]
  RHS range        [1e+00, 2e+00]
Presolve removed 863 rows and 101 columns
Presolve time: 0.02s
Presolved: 2404 rows, 360 columns, 7105 nonzeros
Variable types: 0 continuous, 360 integer (360 binary)
Found heuristic solution: objective 1070.0000000
Found heuristic solution: objective 792.0000000

Root relaxation: objective 0.000000e+00, 187 iterations, 0.00 seconds (0.01 work units)

    Nodes    |    Current Node    |     Objective Bounds      |     Work
 Expl Unexpl |  Obj  Depth IntInf | Incumbent    BestBd   Gap | It/Node Time

     0     0    0.00000    0   49  792.00000    0.00000   100%     -    0s
H    0     0                     459.0000000    0.00000   100%     -    0s
H    0     0                     449.0000000    0.00000   100%     -    0s
     0     0    0.00000    0   60  449.00000    0.00000   100%     -    0s
H    0     0                     430.0000000    0.00000   100%     -    0s
H    0     0                     296.0000000    0.00000   100%     -    0s
     0     0    0.00000    0   68  296.00000    0.00000   100%     -    0s
     0     0    0.00000    0   67  296.00000    0.00000   100%     -    0s
     0     0    0.00000    0   91  296.00000    0.00000   100%     -    0s
     0     0    0.00000    0   89  296.00000    0.00000   100%     -    0s
     0     0    0.00000    0  104  296.00000    0.00000   100%     -    0s
H    0     0                     287.0000000    0.00000   100%     -    0s
     0     0    0.00000    0  115  287.00000    0.00000   100%     -    0s
     0     0    0.00000    0   51  287.00000    0.00000   100%     -    0s
     0     0    0.00000    0   51  287.00000    0.00000   100%     -    0s
     0     2    0.00000    0   51  287.00000    0.00000   100%     -    0s
H   54    37                     264.0000000   10.00000  96.2%  52.1    0s
*  101    54              13     261.0000000   10.00000  96.2%  46.2    0s
*  259   111              16     256.0000000   21.00000  91.8%  42.7    1s
  1669   424 infeasible   32       256.00000   79.60000  68.9%  34.2    5s
  4319   999  177.00000   27   75  256.00000  131.00000  48.8%  27.2   10s
  7389  1186     cutoff   31       256.00000  166.00000  35.2%  24.8   15s
 10496   662  230.75000   34   82  256.00000  204.85714  20.0%  23.9   20s

Cutting planes:
  Zero half: 4
  RLT: 5
  BQP: 4

Explored 12401 nodes (276045 simplex iterations) in 21.95 seconds (24.65 work units)
Thread count was 1 (of 12 available processors)

Solution count 10: 256 261 264 ... 1070

Optimal solution found (tolerance 1.00e-04)
Best objective 2.560000000000e+02, best bound 2.560000000000e+02, gap 0.0000%
256.0
