Set parameter Username
Academic license - for non-commercial use only - expires 2025-08-28
Set parameter Threads to value 1
Set parameter Method to value 4
Gurobi Optimizer version 11.0.0 build v11.0.0rc2 (mac64[arm] - Darwin 23.5.0 23F79)

CPU model: Apple M3 Pro
Thread count: 12 physical cores, 12 logical processors, using up to 1 threads

Optimize a model with 3267 rows, 461 columns and 9828 nonzeros
Model fingerprint: 0x0a407de2
Variable types: 281 continuous, 180 integer (180 binary)
Coefficient statistics:
  Matrix range     [1e+00, 1e+00]
  Objective range  [1e+01, 3e+02]
  Bounds range     [1e+00, 1e+00]
  RHS range        [1e+00, 2e+00]
Presolve removed 558 rows and 83 columns
Presolve time: 0.01s
Presolved: 2709 rows, 378 columns, 8010 nonzeros
Variable types: 0 continuous, 378 integer (378 binary)
Found heuristic solution: objective 2838.0000000
Found heuristic solution: objective 2646.0000000

Root relaxation: objective 0.000000e+00, 224 iterations, 0.01 seconds (0.01 work units)

    Nodes    |    Current Node    |     Objective Bounds      |     Work
 Expl Unexpl |  Obj  Depth IntInf | Incumbent    BestBd   Gap | It/Node Time

     0     0    0.00000    0   64 2646.00000    0.00000   100%     -    0s
H    0     0                     422.0000000    0.00000   100%     -    0s
H    0     0                     250.0000000    0.00000   100%     -    0s
H    0     0                     211.0000000    0.00000   100%     -    0s
     0     0    0.00000    0   98  211.00000    0.00000   100%     -    0s
     0     0    0.00000    0  110  211.00000    0.00000   100%     -    0s
H    0     0                     196.0000000    0.00000   100%     -    0s
     0     0    0.00000    0  114  196.00000    0.00000   100%     -    0s
     0     0    0.00000    0   64  196.00000    0.00000   100%     -    0s
     0     0    0.00000    0   62  196.00000    0.00000   100%     -    0s
     0     0    0.00000    0  108  196.00000    0.00000   100%     -    0s
     0     0    0.00000    0  104  196.00000    0.00000   100%     -    0s
     0     0    0.00000    0   79  196.00000    0.00000   100%     -    0s
     0     0    0.00000    0   79  196.00000    0.00000   100%     -    0s
     0     2    0.00000    0   79  196.00000    0.00000   100%     -    0s
H   26    25                     183.0000000   39.00000  78.7%  56.3    0s
*   42    39              24     164.0000000   39.00000  76.2%  47.0    0s

Cutting planes:
  Zero half: 7

Explored 1607 nodes (58345 simplex iterations) in 4.43 seconds (5.42 work units)
Thread count was 1 (of 12 available processors)

Solution count 8: 164 183 196 ... 2838

Optimal solution found (tolerance 1.00e-04)
Best objective 1.640000000000e+02, best bound 1.640000000000e+02, gap 0.0000%
164.0
