Set parameter Username
Academic license - for non-commercial use only - expires 2025-08-28
Set parameter Threads to value 1
Set parameter Method to value 4
Gurobi Optimizer version 11.0.0 build v11.0.0rc2 (mac64[arm] - Darwin 23.5.0 23F79)

CPU model: Apple M3 Pro
Thread count: 12 physical cores, 12 logical processors, using up to 1 threads

Optimize a model with 3084 rows, 442 columns and 9276 nonzeros
Model fingerprint: 0x9a0ce831
Variable types: 272 continuous, 170 integer (170 binary)
Coefficient statistics:
  Matrix range     [1e+00, 1e+00]
  Objective range  [1e+01, 3e+02]
  Bounds range     [1e+00, 1e+00]
  RHS range        [1e+00, 2e+00]
Presolve removed 821 rows and 98 columns
Presolve time: 0.01s
Presolved: 2263 rows, 344 columns, 6695 nonzeros
Variable types: 0 continuous, 344 integer (344 binary)
Found heuristic solution: objective 3325.0000000
Found heuristic solution: objective 3115.0000000

Root relaxation: objective 0.000000e+00, 216 iterations, 0.01 seconds (0.01 work units)

    Nodes    |    Current Node    |     Objective Bounds      |     Work
 Expl Unexpl |  Obj  Depth IntInf | Incumbent    BestBd   Gap | It/Node Time

     0     0    0.00000    0   58 3115.00000    0.00000   100%     -    0s
H    0     0                     365.0000000    0.00000   100%     -    0s
H    0     0                     208.0000000    0.00000   100%     -    0s
     0     0    0.00000    0   92  208.00000    0.00000   100%     -    0s
     0     0    0.00000    0   47  208.00000    0.00000   100%     -    0s
     0     0    0.00000    0   71  208.00000    0.00000   100%     -    0s
H    0     0                     196.0000000    0.00000   100%     -    0s
     0     0    0.00000    0   53  196.00000    0.00000   100%     -    0s
H    0     0                     192.0000000    0.00000   100%     -    0s
     0     0    0.00000    0   53  192.00000    0.00000   100%     -    0s
     0     0    0.00000    0   66  192.00000    0.00000   100%     -    0s
     0     0    0.00000    0   90  192.00000    0.00000   100%     -    0s
     0     0    0.00000    0   40  192.00000    0.00000   100%     -    0s
     0     2    0.00000    0   40  192.00000    0.00000   100%     -    0s
*   25    25              13     177.0000000   62.00000  65.0%  54.2    0s

Cutting planes:
  Gomory: 1
  MIR: 1
  Inf proof: 13
  Zero half: 24
  RLT: 13
  BQP: 11

Explored 992 nodes (23944 simplex iterations) in 2.09 seconds (2.41 work units)
Thread count was 1 (of 12 available processors)

Solution count 7: 177 192 196 ... 3325

Optimal solution found (tolerance 1.00e-04)
Best objective 1.770000000000e+02, best bound 1.770000000000e+02, gap 0.0000%
177.0
