Set parameter Username
Academic license - for non-commercial use only - expires 2025-08-28
Set parameter Threads to value 1
Set parameter Method to value 4
Gurobi Optimizer version 11.0.0 build v11.0.0rc2 (mac64[arm] - Darwin 23.5.0 23F79)

CPU model: Apple M3 Pro
Thread count: 12 physical cores, 12 logical processors, using up to 1 threads

Optimize a model with 3084 rows, 442 columns and 9276 nonzeros
Model fingerprint: 0xcad820f9
Variable types: 272 continuous, 170 integer (170 binary)
Coefficient statistics:
  Matrix range     [1e+00, 1e+00]
  Objective range  [1e+01, 3e+02]
  Bounds range     [1e+00, 1e+00]
  RHS range        [1e+00, 2e+00]
Presolve removed 821 rows and 98 columns
Presolve time: 0.02s
Presolved: 2263 rows, 344 columns, 6695 nonzeros
Variable types: 0 continuous, 344 integer (344 binary)
Found heuristic solution: objective 3458.0000000
Found heuristic solution: objective 3255.0000000

Root relaxation: objective 0.000000e+00, 216 iterations, 0.00 seconds (0.01 work units)

    Nodes    |    Current Node    |     Objective Bounds      |     Work
 Expl Unexpl |  Obj  Depth IntInf | Incumbent    BestBd   Gap | It/Node Time

     0     0    0.00000    0   58 3255.00000    0.00000   100%     -    0s
H    0     0                     420.0000000    0.00000   100%     -    0s
H    0     0                     246.0000000    0.00000   100%     -    0s
     0     0    0.00000    0   92  246.00000    0.00000   100%     -    0s
     0     0    0.00000    0   47  246.00000    0.00000   100%     -    0s
     0     0    0.00000    0   71  246.00000    0.00000   100%     -    0s
     0     0    0.00000    0   31  246.00000    0.00000   100%     -    0s
     0     0    0.00000    0   33  246.00000    0.00000   100%     -    0s
     0     0    0.00000    0   46  246.00000    0.00000   100%     -    0s
     0     0    0.00000    0   53  246.00000    0.00000   100%     -    0s
     0     0    0.00000    0   76  246.00000    0.00000   100%     -    0s
     0     0    0.00000    0   71  246.00000    0.00000   100%     -    0s
     0     0    0.00000    0   71  246.00000    0.00000   100%     -    0s
     0     2    0.00000    0   71  246.00000    0.00000   100%     -    0s
H   56    46                     236.0000000    0.00000   100%  42.6    0s
H  400   211                     235.0000000   15.00000  93.6%  30.1    1s

Cutting planes:
  MIR: 7
  Inf proof: 1
  Zero half: 6
  RLT: 3
  BQP: 2

Explored 1121 nodes (35519 simplex iterations) in 2.99 seconds (3.36 work units)
Thread count was 1 (of 12 available processors)

Solution count 6: 235 236 246 ... 3458

Optimal solution found (tolerance 1.00e-04)
Best objective 2.350000000000e+02, best bound 2.350000000000e+02, gap 0.0000%
235.0
