Set parameter Username
Academic license - for non-commercial use only - expires 2025-08-28
Set parameter Threads to value 1
Set parameter Method to value 4
Gurobi Optimizer version 11.0.0 build v11.0.0rc2 (mac64[arm] - Darwin 23.5.0 23F79)

CPU model: Apple M3 Pro
Thread count: 12 physical cores, 12 logical processors, using up to 1 threads

Optimize a model with 3634 rows, 499 columns and 10933 nonzeros
Model fingerprint: 0x2776274c
Variable types: 299 continuous, 200 integer (200 binary)
Coefficient statistics:
  Matrix range     [1e+00, 1e+00]
  Objective range  [1e+01, 3e+02]
  Bounds range     [1e+00, 1e+00]
  RHS range        [1e+00, 2e+00]
Presolve removed 613 rows and 88 columns
Presolve time: 0.01s
Presolved: 3021 rows, 411 columns, 8910 nonzeros
Variable types: 0 continuous, 411 integer (411 binary)
Found heuristic solution: objective 3770.0000000
Found heuristic solution: objective 3567.0000000

Root relaxation: objective 0.000000e+00, 180 iterations, 0.00 seconds (0.01 work units)

    Nodes    |    Current Node    |     Objective Bounds      |     Work
 Expl Unexpl |  Obj  Depth IntInf | Incumbent    BestBd   Gap | It/Node Time

     0     0    0.00000    0   40 3567.00000    0.00000   100%     -    0s
H    0     0                    1291.0000000    0.00000   100%     -    0s
     0     0    0.00000    0   86 1291.00000    0.00000   100%     -    0s
H    0     0                     914.0000000    0.00000   100%     -    0s
H    0     0                     830.0000000    0.00000   100%     -    0s
     0     0    0.00000    0   86  830.00000    0.00000   100%     -    0s
H    0     0                     758.0000000    0.00000   100%     -    0s
     0     0    0.00000    0   65  758.00000    0.00000   100%     -    0s
H    0     0                     690.0000000    0.00000   100%     -    0s
     0     0    0.00000    0   78  690.00000    0.00000   100%     -    0s
     0     0    0.00000    0   81  690.00000    0.00000   100%     -    0s
     0     0    0.00000    0   78  690.00000    0.00000   100%     -    0s
     0     0    0.00000    0   79  690.00000    0.00000   100%     -    0s
     0     0    0.00000    0   79  690.00000    0.00000   100%     -    0s
H    0     0                     603.0000000    0.00000   100%     -    0s
     0     2    0.00000    0   79  603.00000    0.00000   100%     -    0s
H   27    27                     573.0000000   11.00000  98.1%  85.6    0s
H  238   162                     546.0000000   13.75000  97.5%  56.3    1s
H  243   159                     509.0000000   13.75000  97.3%  56.0    1s
H  270   179                     479.0000000   13.75000  97.1%  55.9    1s
H  290   195                     475.0000000   13.75000  97.1%  54.3    1s
H  326   186                     427.0000000   18.25000  95.7%  50.0    1s
H  339   197                     426.0000000   18.25000  95.7%  50.9    1s
H  447   265                     418.0000000   21.25000  94.9%  50.8    1s
H  501   293                     407.0000000   22.75000  94.4%  50.5    1s
H  543   308                     396.0000000   24.00000  93.9%  49.4    1s
H  633   369                     395.0000000   25.00000  93.7%  49.4    2s
H  722   392                     386.0000000   25.75000  93.3%  53.1    2s
*  724   372              31     376.0000000   25.75000  93.2%  53.2    2s
*  835   369              29     373.0000000  109.57143  70.6%  53.0    3s
  1408   341  210.00000   25   54  373.00000  174.00000  53.4%  44.6    5s
  3406   646  327.00000   33   95  373.00000  242.25000  35.1%  35.1   10s
  5848   771  345.75000   29   86  373.00000  278.00000  25.5%  31.7   15s
  8469   243     cutoff   39       373.00000  331.00000  11.3%  29.8   20s

Cutting planes:
  RLT: 7
  BQP: 2

Explored 8919 nodes (263328 simplex iterations) in 20.61 seconds (25.29 work units)
Thread count was 1 (of 12 available processors)

Solution count 10: 373 376 386 ... 475

Optimal solution found (tolerance 1.00e-04)
Best objective 3.730000000000e+02, best bound 3.730000000000e+02, gap 0.0000%
373.0
