Set parameter Username
Academic license - for non-commercial use only - expires 2025-08-28
Set parameter Threads to value 1
Set parameter Method to value 4
Gurobi Optimizer version 11.0.0 build v11.0.0rc2 (mac64[arm] - Darwin 23.5.0 23F79)

CPU model: Apple M3 Pro
Thread count: 12 physical cores, 12 logical processors, using up to 1 threads

Optimize a model with 3818 rows, 518 columns and 11486 nonzeros
Model fingerprint: 0xbbfadb51
Variable types: 308 continuous, 210 integer (210 binary)
Coefficient statistics:
  Matrix range     [1e+00, 1e+00]
  Objective range  [1e+01, 3e+02]
  Bounds range     [1e+00, 1e+00]
  RHS range        [1e+00, 2e+00]
Presolve removed 646 rows and 91 columns
Presolve time: 0.01s
Presolved: 3172 rows, 427 columns, 9340 nonzeros
Variable types: 0 continuous, 427 integer (427 binary)
Found heuristic solution: objective 3870.0000000
Found heuristic solution: objective 3674.0000000

Root relaxation: objective 0.000000e+00, 218 iterations, 0.00 seconds (0.01 work units)

    Nodes    |    Current Node    |     Objective Bounds      |     Work
 Expl Unexpl |  Obj  Depth IntInf | Incumbent    BestBd   Gap | It/Node Time

     0     0    0.00000    0   42 3674.00000    0.00000   100%     -    0s
H    0     0                    1149.0000000    0.00000   100%     -    0s
H    0     0                    1139.0000000    0.00000   100%     -    0s
     0     0    0.00000    0  101 1139.00000    0.00000   100%     -    0s
     0     0    0.00000    0  109 1139.00000    0.00000   100%     -    0s
H    0     0                     776.0000000    0.00000   100%     -    0s
H    0     0                     752.0000000    0.00000   100%     -    0s
     0     0    0.00000    0  104  752.00000    0.00000   100%     -    0s
     0     0    0.00000    0   92  752.00000    0.00000   100%     -    0s
H    0     0                     716.0000000    0.00000   100%     -    0s
     0     0    0.00000    0  136  716.00000    0.00000   100%     -    0s
     0     0    0.00000    0  133  716.00000    0.00000   100%     -    0s
H    0     0                     642.0000000    0.00000   100%     -    0s
     0     0    0.00000    0  130  642.00000    0.00000   100%     -    0s
     0     0    0.00000    0  108  642.00000    0.00000   100%     -    0s
     0     0    0.00000    0  108  642.00000    0.00000   100%     -    0s
     0     2    0.00000    0  108  642.00000    0.00000   100%     -    0s
H   54    34                     502.0000000    0.00000   100%  58.8    0s
H  109    64                     448.0000000    4.31429  99.0%  58.1    0s
H  136    89                     433.0000000    4.31429  99.0%  57.6    0s
H  471   236                     413.0000000   10.00000  97.6%  58.7    2s
H  601   336                     399.0000000   10.00000  97.5%  62.1    2s
  1072   476  252.14286   32   68  399.00000   13.25000  96.7%  56.1    5s
  2530   821   92.00000   20   85  399.00000   75.00000  81.2%  44.4   10s
  4352  1679  213.00000   28   66  399.00000  105.00000  73.7%  37.9   15s
  6545  2687  372.12500   43   73  399.00000  131.00000  67.2%  34.7   20s
  8722  3650  308.00000   49   60  399.00000  137.00000  65.7%  33.8   25s
 10203  4182  303.50000   40  108  399.00000  147.25000  63.1%  32.9   33s
 10236  4204  155.00000   37  172  399.00000  147.25000  63.1%  32.8   35s
 10876  4384  173.16667   39   85  399.00000  147.25000  63.1%  30.7   40s
 13071  4883  341.50000   51   68  399.00000  172.60000  56.7%  32.3   45s
 15185  5261  307.75000   63   66  399.00000  197.00000  50.6%  33.0   50s
 17911  5481  354.50000   50   54  399.00000  215.50000  46.0%  32.8   55s
 20690  5648     cutoff   50       399.00000  231.74286  41.9%  32.2   60s
 23397  5855  257.00000   60  109  399.00000  243.33333  39.0%  32.1   65s
 26161  6689  346.88889   57   77  399.00000  253.85714  36.4%  31.5   70s
 29459  7593  324.55556   53   75  399.00000  263.85714  33.9%  30.8   75s
 32455  8431  343.00000   38   61  399.00000  271.00000  32.1%  30.2   80s
 35219  9112  383.00000   57   71  399.00000  276.00000  30.8%  29.9   85s
 38476  9818     cutoff   68       399.00000  282.50000  29.2%  29.4   90s
 41768 10364  326.00000   51   54  399.00000  288.00000  27.8%  28.9   95s
 45084 10957     cutoff   61       399.00000  292.66667  26.6%  28.5  100s
 48343 11477     cutoff   55       399.00000  297.27778  25.5%  28.0  105s
 51560 11984  312.34754   53  116  399.00000  301.50000  24.4%  27.7  110s
 55062 12413  357.20000   56   56  399.00000  306.00000  23.3%  27.3  115s
 58619 12760  311.25000   41   97  399.00000  309.90625  22.3%  27.0  120s
 63245 13162     cutoff   48       399.00000  315.00000  21.1%  26.5  125s
 67784 13421  389.33333   53   39  399.00000  319.50000  19.9%  26.1  130s
 71826 13423  357.50000   56  106  399.00000  324.25000  18.7%  25.8  135s
 75525 13298  367.33333   51   53  399.00000  328.37500  17.7%  25.7  140s
 79629 13238  358.28571   59  116  399.00000  332.35556  16.7%  25.4  145s
 83918 12963  359.54062   50  101  399.00000  336.55556  15.7%  25.2  150s
 88035 12409     cutoff   66       399.00000  341.50000  14.4%  25.1  155s
 91891 11768  346.00000   51   69  399.00000  346.00000  13.3%  25.0  160s
 95913 10915  362.50000   44   72  399.00000  351.00000  12.0%  24.8  165s
 99700  9859  374.00000   47  111  399.00000  356.52083  10.6%  24.6  170s
 103636  8599     cutoff   51       399.00000  362.11111  9.25%  24.5  175s
 107685  6884     cutoff   67       399.00000  368.83333  7.56%  24.3  180s
 111698  4784  397.75000   47   48  399.00000  376.50000  5.64%  24.0  185s
 116084  2077     cutoff   52       399.00000  387.24138  2.95%  23.7  190s

Cutting planes:
  Gomory: 4
  Implied bound: 5
  MIR: 8
  Flow cover: 6
  Zero half: 24
  RLT: 19
  BQP: 17

Explored 118505 nodes (2823668 simplex iterations) in 192.31 seconds (262.22 work units)
Thread count was 1 (of 12 available processors)

Solution count 10: 399 399 413 ... 776

Optimal solution found (tolerance 1.00e-04)
Best objective 3.990000000000e+02, best bound 3.990000000000e+02, gap 0.0000%
399.0
