Set parameter Username
Academic license - for non-commercial use only - expires 2025-08-28
Set parameter Threads to value 1
Set parameter Method to value 4
Gurobi Optimizer version 11.0.0 build v11.0.0rc2 (mac64[arm] - Darwin 23.5.0 23F79)

CPU model: Apple M3 Pro
Thread count: 12 physical cores, 12 logical processors, using up to 1 threads

Optimize a model with 387 rows, 125 columns and 1116 nonzeros
Model fingerprint: 0xaff0282a
Variable types: 89 continuous, 36 integer (36 binary)
Coefficient statistics:
  Matrix range     [1e+00, 1e+00]
  Objective range  [1e+01, 3e+02]
  Bounds range     [1e+00, 1e+00]
  RHS range        [1e+00, 2e+00]
Found heuristic solution: objective 3125.0000000
Presolve removed 197 rows and 32 columns
Presolve time: 0.00s
Presolved: 190 rows, 93 columns, 534 nonzeros
Variable types: 0 continuous, 93 integer (93 binary)
Found heuristic solution: objective 2604.0000000

Root relaxation: objective 0.000000e+00, 33 iterations, 0.00 seconds (0.00 work units)

    Nodes    |    Current Node    |     Objective Bounds      |     Work
 Expl Unexpl |  Obj  Depth IntInf | Incumbent    BestBd   Gap | It/Node Time

     0     0    0.00000    0   27 2604.00000    0.00000   100%     -    0s
H    0     0                    1818.0000000    0.00000   100%     -    0s
H    0     0                    1050.0000000    0.00000   100%     -    0s
     0     0  323.50000    0   53 1050.00000  323.50000  69.2%     -    0s
     0     0  338.50000    0   53 1050.00000  338.50000  67.8%     -    0s
     0     0  503.25000    0   43 1050.00000  503.25000  52.1%     -    0s
     0     0  596.50000    0   56 1050.00000  596.50000  43.2%     -    0s
     0     0  656.00000    0   53 1050.00000  656.00000  37.5%     -    0s
     0     0  668.00000    0   55 1050.00000  668.00000  36.4%     -    0s
     0     0  674.00000    0   56 1050.00000  674.00000  35.8%     -    0s
     0     0  676.00000    0   70 1050.00000  676.00000  35.6%     -    0s
     0     0  697.00000    0   61 1050.00000  697.00000  33.6%     -    0s
     0     0  705.00000    0   69 1050.00000  705.00000  32.9%     -    0s
     0     0  714.75000    0   77 1050.00000  714.75000  31.9%     -    0s
     0     0  715.00000    0   70 1050.00000  715.00000  31.9%     -    0s
     0     0  716.40541    0   84 1050.00000  716.40541  31.8%     -    0s
     0     0  716.40541    0   84 1050.00000  716.40541  31.8%     -    0s
     0     2  720.00000    0   84 1050.00000  720.00000  31.4%     -    0s

Cutting planes:
  Gomory: 1
  Clique: 3
  MIR: 25
  Zero half: 25
  Mod-K: 2
  RLT: 8
  BQP: 5

Explored 3 nodes (416 simplex iterations) in 0.10 seconds (0.05 work units)
Thread count was 1 (of 12 available processors)

Solution count 4: 1050 1818 2604 3125 

Optimal solution found (tolerance 1.00e-04)
Best objective 1.050000000000e+03, best bound 1.050000000000e+03, gap 0.0000%
1050.0
