Set parameter Username
Academic license - for non-commercial use only - expires 2025-08-28
Set parameter Threads to value 1
Set parameter Method to value 4
Gurobi Optimizer version 11.0.0 build v11.0.0rc2 (mac64[arm] - Darwin 23.5.0 23F79)

CPU model: Apple M3 Pro
Thread count: 12 physical cores, 12 logical processors, using up to 1 threads

Optimize a model with 506 rows, 158 columns and 1454 nonzeros
Model fingerprint: 0xf99b921e
Variable types: 116 continuous, 42 integer (42 binary)
Coefficient statistics:
  Matrix range     [1e+00, 1e+00]
  Objective range  [1e+01, 3e+02]
  Bounds range     [1e+00, 1e+00]
  RHS range        [1e+00, 2e+00]
Found heuristic solution: objective 3093.0000000
Presolve removed 262 rows and 43 columns
Presolve time: 0.00s
Presolved: 244 rows, 115 columns, 680 nonzeros
Variable types: 0 continuous, 115 integer (115 binary)
Found heuristic solution: objective 2348.0000000

Root relaxation: objective 0.000000e+00, 33 iterations, 0.00 seconds (0.00 work units)

    Nodes    |    Current Node    |     Objective Bounds      |     Work
 Expl Unexpl |  Obj  Depth IntInf | Incumbent    BestBd   Gap | It/Node Time

     0     0    0.00000    0   30 2348.00000    0.00000   100%     -    0s
     0     0  399.00000    0   45 2348.00000  399.00000  83.0%     -    0s
H    0     0                    1907.0000000  399.00000  79.1%     -    0s
     0     0  404.50000    0   44 1907.00000  404.50000  78.8%     -    0s
     0     0  421.50000    0   52 1907.00000  421.50000  77.9%     -    0s
H    0     0                    1546.0000000  421.50000  72.7%     -    0s
     0     0  426.50000    0   53 1546.00000  426.50000  72.4%     -    0s
     0     0  539.00000    0   75 1546.00000  539.00000  65.1%     -    0s
H    0     0                    1355.0000000  539.00000  60.2%     -    0s
     0     0  561.50000    0   68 1355.00000  561.50000  58.6%     -    0s
     0     0  676.50000    0   76 1355.00000  676.50000  50.1%     -    0s
     0     0  683.50000    0   56 1355.00000  683.50000  49.6%     -    0s
     0     0  683.75000    0   74 1355.00000  683.75000  49.5%     -    0s
     0     0  704.50000    0   64 1355.00000  704.50000  48.0%     -    0s
     0     0  721.50000    0   74 1355.00000  721.50000  46.8%     -    0s
     0     0  750.93750    0   83 1355.00000  750.93750  44.6%     -    0s
     0     0  753.35000    0   95 1355.00000  753.35000  44.4%     -    0s
     0     0  786.04167    0   86 1355.00000  786.04167  42.0%     -    0s
     0     0  797.91667    0   87 1355.00000  797.91667  41.1%     -    0s
     0     0  799.94231    0   88 1355.00000  799.94231  41.0%     -    0s
     0     0  800.95000    0  104 1355.00000  800.95000  40.9%     -    0s
     0     0  801.00000    0   89 1355.00000  801.00000  40.9%     -    0s
     0     0  845.87500    0  105 1355.00000  845.87500  37.6%     -    0s
     0     0  850.41176    0  102 1355.00000  850.41176  37.2%     -    0s
     0     0  851.50000    0   75 1355.00000  851.50000  37.2%     -    0s
     0     0  859.36275    0  103 1355.00000  859.36275  36.6%     -    0s
     0     0  861.57143    0  101 1355.00000  861.57143  36.4%     -    0s
     0     0  864.00000    0  103 1355.00000  864.00000  36.2%     -    0s
     0     0  865.54545    0  101 1355.00000  865.54545  36.1%     -    0s
     0     0  866.48370    0  106 1355.00000  866.48370  36.1%     -    0s
     0     0  866.98305    0  104 1355.00000  866.98305  36.0%     -    0s
     0     0  885.00000    0   88 1355.00000  885.00000  34.7%     -    0s
     0     0  889.50000    0  102 1355.00000  889.50000  34.4%     -    0s
     0     0  889.62500    0   99 1355.00000  889.62500  34.3%     -    0s
     0     0  896.38462    0   92 1355.00000  896.38462  33.8%     -    0s
     0     0  898.97647    0  103 1355.00000  898.97647  33.7%     -    0s
     0     0  903.27586    0  103 1355.00000  903.27586  33.3%     -    0s
     0     0  905.64286    0  105 1355.00000  905.64286  33.2%     -    0s
     0     0  905.64286    0  105 1355.00000  905.64286  33.2%     -    0s
     0     2  905.74576    0  105 1355.00000  905.74576  33.2%     -    0s

Cutting planes:
  Clique: 10
  MIR: 34
  Zero half: 35
  RLT: 18
  BQP: 6

Explored 7 nodes (966 simplex iterations) in 0.13 seconds (0.09 work units)
Thread count was 1 (of 12 available processors)

Solution count 5: 1355 1546 1907 ... 3093

Optimal solution found (tolerance 1.00e-04)
Best objective 1.355000000000e+03, best bound 1.355000000000e+03, gap 0.0000%
1355.0
