Set parameter Username
Academic license - for non-commercial use only - expires 2025-08-28
Set parameter Threads to value 1
Set parameter Method to value 4
Gurobi Optimizer version 11.0.0 build v11.0.0rc2 (mac64[arm] - Darwin 23.5.0 23F79)

CPU model: Apple M3 Pro
Thread count: 12 physical cores, 12 logical processors, using up to 1 threads

Optimize a model with 506 rows, 158 columns and 1454 nonzeros
Model fingerprint: 0x0b6c37e0
Variable types: 116 continuous, 42 integer (42 binary)
Coefficient statistics:
  Matrix range     [1e+00, 1e+00]
  Objective range  [1e+01, 3e+02]
  Bounds range     [1e+00, 1e+00]
  RHS range        [1e+00, 2e+00]
Found heuristic solution: objective 3110.0000000
Presolve removed 262 rows and 43 columns
Presolve time: 0.00s
Presolved: 244 rows, 115 columns, 680 nonzeros
Variable types: 0 continuous, 115 integer (115 binary)
Found heuristic solution: objective 2352.0000000

Root relaxation: objective 0.000000e+00, 33 iterations, 0.00 seconds (0.00 work units)

    Nodes    |    Current Node    |     Objective Bounds      |     Work
 Expl Unexpl |  Obj  Depth IntInf | Incumbent    BestBd   Gap | It/Node Time

     0     0    0.00000    0   30 2352.00000    0.00000   100%     -    0s
H    0     0                    1550.0000000    0.00000   100%     -    0s
     0     0  400.50000    0   47 1550.00000  400.50000  74.2%     -    0s
H    0     0                    1362.0000000  400.50000  70.6%     -    0s
     0     0  405.50000    0   46 1362.00000  405.50000  70.2%     -    0s
     0     0  440.00000    0   55 1362.00000  440.00000  67.7%     -    0s
     0     0  631.50000    0   55 1362.00000  631.50000  53.6%     -    0s
     0     0  637.50000    0   56 1362.00000  637.50000  53.2%     -    0s
     0     0  711.00000    0   46 1362.00000  711.00000  47.8%     -    0s
     0     0  716.25000    0   74 1362.00000  716.25000  47.4%     -    0s
     0     0  726.25000    0   78 1362.00000  726.25000  46.7%     -    0s
     0     0  726.25000    0   78 1362.00000  726.25000  46.7%     -    0s
     0     0  774.66667    0   85 1362.00000  774.66667  43.1%     -    0s
     0     0  783.41667    0   86 1362.00000  783.41667  42.5%     -    0s
     0     0  785.25000    0   72 1362.00000  785.25000  42.3%     -    0s
     0     0  786.75000    0   88 1362.00000  786.75000  42.2%     -    0s
     0     0  787.08333    0   88 1362.00000  787.08333  42.2%     -    0s
     0     0  866.75000    0   78 1362.00000  866.75000  36.4%     -    0s
     0     0  868.25000    0   90 1362.00000  868.25000  36.3%     -    0s
     0     0  869.42857    0   87 1362.00000  869.42857  36.2%     -    0s
     0     0  870.54545    0  100 1362.00000  870.54545  36.1%     -    0s
     0     0  871.21429    0  101 1362.00000  871.21429  36.0%     -    0s
     0     0  871.50000    0  100 1362.00000  871.50000  36.0%     -    0s
     0     0  896.62366    0  107 1362.00000  896.62366  34.2%     -    0s
     0     0  907.05505    0  107 1362.00000  907.05505  33.4%     -    0s
     0     0  908.50000    0   97 1362.00000  908.50000  33.3%     -    0s
     0     0  908.84821    0  108 1362.00000  908.84821  33.3%     -    0s
     0     0  923.00000    0   85 1362.00000  923.00000  32.2%     -    0s
     0     0  923.00000    0   58 1362.00000  923.00000  32.2%     -    0s
     0     0  928.20709    0  107 1362.00000  928.20709  31.8%     -    0s
     0     0  928.20709    0  107 1362.00000  928.20709  31.8%     -    0s
     0     2  929.73770    0  107 1362.00000  929.73770  31.7%     -    0s

Cutting planes:
  Gomory: 1
  Clique: 4
  MIR: 35
  Zero half: 27
  RLT: 11
  BQP: 9

Explored 7 nodes (1016 simplex iterations) in 0.09 seconds (0.08 work units)
Thread count was 1 (of 12 available processors)

Solution count 4: 1362 1550 2352 3110 

Optimal solution found (tolerance 1.00e-04)
Best objective 1.362000000000e+03, best bound 1.362000000000e+03, gap 0.0000%
1362.0
