Set parameter Username
Academic license - for non-commercial use only - expires 2025-08-28
Set parameter Threads to value 1
Set parameter Method to value 4
Gurobi Optimizer version 11.0.0 build v11.0.0rc2 (mac64[arm] - Darwin 23.5.0 23F79)

CPU model: Apple M3 Pro
Thread count: 12 physical cores, 12 logical processors, using up to 1 threads

Optimize a model with 467 rows, 147 columns and 1342 nonzeros
Model fingerprint: 0x402c617e
Variable types: 107 continuous, 40 integer (40 binary)
Coefficient statistics:
  Matrix range     [1e+00, 1e+00]
  Objective range  [1e+01, 3e+02]
  Bounds range     [1e+00, 1e+00]
  RHS range        [1e+00, 2e+00]
Found heuristic solution: objective 2037.0000000
Presolve removed 266 rows and 52 columns
Presolve time: 0.00s
Presolved: 201 rows, 95 columns, 557 nonzeros
Variable types: 0 continuous, 95 integer (95 binary)
Found heuristic solution: objective 1841.0000000

Root relaxation: objective 0.000000e+00, 29 iterations, 0.00 seconds (0.00 work units)

    Nodes    |    Current Node    |     Objective Bounds      |     Work
 Expl Unexpl |  Obj  Depth IntInf | Incumbent    BestBd   Gap | It/Node Time

     0     0    0.00000    0   27 1841.00000    0.00000   100%     -    0s
     0     0  327.16667    0   51 1841.00000  327.16667  82.2%     -    0s
     0     0  401.50000    0   44 1841.00000  401.50000  78.2%     -    0s
H    0     0                    1782.0000000  401.50000  77.5%     -    0s
H    0     0                    1237.0000000  401.50000  67.5%     -    0s
H    0     0                    1205.0000000  401.50000  66.7%     -    0s
     0     0  430.00000    0   49 1205.00000  430.00000  64.3%     -    0s
     0     0  430.00000    0   47 1205.00000  430.00000  64.3%     -    0s
     0     0  497.50000    0   56 1205.00000  497.50000  58.7%     -    0s
     0     0  536.00000    0   45 1205.00000  536.00000  55.5%     -    0s
     0     0  552.50000    0   41 1205.00000  552.50000  54.1%     -    0s
     0     0  553.00000    0   41 1205.00000  553.00000  54.1%     -    0s
     0     0  587.26875    0   81 1205.00000  587.26875  51.3%     -    0s
     0     0  589.64118    0   79 1205.00000  589.64118  51.1%     -    0s
     0     0  590.72143    0   81 1205.00000  590.72143  51.0%     -    0s
     0     0  629.16667    0   49 1205.00000  629.16667  47.8%     -    0s
     0     0  633.66667    0   87 1205.00000  633.66667  47.4%     -    0s
     0     0  634.55000    0   84 1205.00000  634.55000  47.3%     -    0s
     0     0  664.94286    0   84 1205.00000  664.94286  44.8%     -    0s
     0     0  667.11538    0   84 1205.00000  667.11538  44.6%     -    0s
     0     0  668.34500    0   85 1205.00000  668.34500  44.5%     -    0s
     0     0  668.57000    0   85 1205.00000  668.57000  44.5%     -    0s
     0     0  695.19355    0   90 1205.00000  695.19355  42.3%     -    0s
     0     0  698.29818    0   88 1205.00000  698.29818  42.0%     -    0s
     0     0  698.71338    0   89 1205.00000  698.71338  42.0%     -    0s
     0     0  698.80620    0   90 1205.00000  698.80620  42.0%     -    0s
     0     0  737.60000    0   83 1205.00000  737.60000  38.8%     -    0s
     0     0  741.95789    0   85 1205.00000  741.95789  38.4%     -    0s
     0     0  742.52500    0   82 1205.00000  742.52500  38.4%     -    0s
     0     0  743.05581    0   83 1205.00000  743.05581  38.3%     -    0s
     0     0  743.80214    0   86 1205.00000  743.80214  38.3%     -    0s
     0     0  743.83333    0   83 1205.00000  743.83333  38.3%     -    0s
     0     0  783.50000    0   80 1205.00000  783.50000  35.0%     -    0s
     0     0  802.00000    0   58 1205.00000  802.00000  33.4%     -    0s
     0     0  806.77143    0   80 1205.00000  806.77143  33.0%     -    0s
     0     0  808.90476    0   91 1205.00000  808.90476  32.9%     -    0s
     0     0  809.13636    0   92 1205.00000  809.13636  32.9%     -    0s
     0     0  827.42857    0   85 1205.00000  827.42857  31.3%     -    0s
     0     0  829.97500    0   87 1205.00000  829.97500  31.1%     -    0s
     0     0  830.12069    0   87 1205.00000  830.12069  31.1%     -    0s
     0     0  835.71429    0   85 1205.00000  835.71429  30.6%     -    0s
     0     0  837.22917    0   87 1205.00000  837.22917  30.5%     -    0s
     0     0  837.33871    0   87 1205.00000  837.33871  30.5%     -    0s
     0     0  842.59091    0   87 1205.00000  842.59091  30.1%     -    0s
     0     0  843.79032    0   79 1205.00000  843.79032  30.0%     -    0s
     0     0  845.37500    0   88 1205.00000  845.37500  29.8%     -    0s
     0     0  845.50000    0   56 1205.00000  845.50000  29.8%     -    0s
     0     0  846.27500    0   90 1205.00000  846.27500  29.8%     -    0s
     0     0  846.27500    0   90 1205.00000  846.27500  29.8%     -    0s
     0     2  846.99342    0   90 1205.00000  846.99342  29.7%     -    0s

Cutting planes:
  Gomory: 1
  Clique: 3
  MIR: 31
  GUB cover: 1
  Zero half: 25
  RLT: 10
  BQP: 6

Explored 7 nodes (896 simplex iterations) in 0.08 seconds (0.08 work units)
Thread count was 1 (of 12 available processors)

Solution count 5: 1205 1237 1782 ... 2037

Optimal solution found (tolerance 1.00e-04)
Best objective 1.205000000000e+03, best bound 1.205000000000e+03, gap 0.0000%
1205.0
