Set parameter Username
Academic license - for non-commercial use only - expires 2025-08-28
Set parameter Threads to value 1
Set parameter Method to value 4
Gurobi Optimizer version 11.0.0 build v11.0.0rc2 (mac64[arm] - Darwin 23.5.0 23F79)

CPU model: Apple M3 Pro
Thread count: 12 physical cores, 12 logical processors, using up to 1 threads

Optimize a model with 387 rows, 125 columns and 1116 nonzeros
Model fingerprint: 0xadfbb55f
Variable types: 89 continuous, 36 integer (36 binary)
Coefficient statistics:
  Matrix range     [1e+00, 1e+00]
  Objective range  [1e+01, 3e+02]
  Bounds range     [1e+00, 1e+00]
  RHS range        [1e+00, 2e+00]
Found heuristic solution: objective 2012.0000000
Presolve removed 218 rows and 42 columns
Presolve time: 0.00s
Presolved: 169 rows, 83 columns, 473 nonzeros
Variable types: 0 continuous, 83 integer (83 binary)

Root relaxation: objective 0.000000e+00, 28 iterations, 0.00 seconds (0.00 work units)

    Nodes    |    Current Node    |     Objective Bounds      |     Work
 Expl Unexpl |  Obj  Depth IntInf | Incumbent    BestBd   Gap | It/Node Time

     0     0    0.00000    0   25 2012.00000    0.00000   100%     -    0s
H    0     0                    1695.0000000    0.00000   100%     -    0s
H    0     0                     777.0000000    0.00000   100%     -    0s
     0     0  167.50000    0   36  777.00000  167.50000  78.4%     -    0s
     0     0  209.50000    0   30  777.00000  209.50000  73.0%     -    0s
     0     0  350.50000    0   37  777.00000  350.50000  54.9%     -    0s
     0     0  425.50000    0   30  777.00000  425.50000  45.2%     -    0s
     0     0  425.50000    0   32  777.00000  425.50000  45.2%     -    0s
     0     0 infeasible    0       777.00000  777.00000  0.00%     -    0s

Explored 1 nodes (260 simplex iterations) in 0.01 seconds (0.02 work units)
Thread count was 1 (of 12 available processors)

Solution count 3: 777 1695 2012 

Optimal solution found (tolerance 1.00e-04)
Best objective 7.770000000000e+02, best bound 7.770000000000e+02, gap 0.0000%
777.0
