Set parameter Username
Academic license - for non-commercial use only - expires 2025-08-28
Set parameter Threads to value 1
Set parameter Method to value 4
Gurobi Optimizer version 11.0.0 build v11.0.0rc2 (mac64[arm] - Darwin 23.5.0 23F79)

CPU model: Apple M3 Pro
Thread count: 12 physical cores, 12 logical processors, using up to 1 threads

Optimize a model with 387 rows, 125 columns and 1116 nonzeros
Model fingerprint: 0xb9e02148
Variable types: 89 continuous, 36 integer (36 binary)
Coefficient statistics:
  Matrix range     [1e+00, 1e+00]
  Objective range  [1e+01, 3e+02]
  Bounds range     [1e+00, 1e+00]
  RHS range        [1e+00, 2e+00]
Found heuristic solution: objective 3005.0000000
Presolve removed 197 rows and 32 columns
Presolve time: 0.00s
Presolved: 190 rows, 93 columns, 534 nonzeros
Variable types: 0 continuous, 93 integer (93 binary)
Found heuristic solution: objective 2504.0000000

Root relaxation: objective 0.000000e+00, 33 iterations, 0.00 seconds (0.00 work units)

    Nodes    |    Current Node    |     Objective Bounds      |     Work
 Expl Unexpl |  Obj  Depth IntInf | Incumbent    BestBd   Gap | It/Node Time

     0     0    0.00000    0   27 2504.00000    0.00000   100%     -    0s
H    0     0                    1734.0000000    0.00000   100%     -    0s
H    0     0                     910.0000000    0.00000   100%     -    0s
     0     0  282.50000    0   41  910.00000  282.50000  69.0%     -    0s
     0     0  302.50000    0   41  910.00000  302.50000  66.8%     -    0s
     0     0  393.83333    0   52  910.00000  393.83333  56.7%     -    0s
     0     0  393.83333    0   52  910.00000  393.83333  56.7%     -    0s
     0     0  485.75000    0   51  910.00000  485.75000  46.6%     -    0s
     0     0  493.75000    0   52  910.00000  493.75000  45.7%     -    0s
     0     0  516.50000    0   47  910.00000  516.50000  43.2%     -    0s
     0     0  525.75000    0   54  910.00000  525.75000  42.2%     -    0s
     0     0  533.12500    0   63  910.00000  533.12500  41.4%     -    0s
     0     0  577.75000    0   67  910.00000  577.75000  36.5%     -    0s
     0     0  617.00000    0   68  910.00000  617.00000  32.2%     -    0s
     0     0  619.37500    0   69  910.00000  619.37500  31.9%     -    0s
     0     0  640.75000    0   69  910.00000  640.75000  29.6%     -    0s
     0     0  642.00000    0   54  910.00000  642.00000  29.5%     -    0s
     0     0  643.00000    0   70  910.00000  643.00000  29.3%     -    0s
     0     0  643.00000    0   70  910.00000  643.00000  29.3%     -    0s
     0     2  644.00000    0   70  910.00000  644.00000  29.2%     -    0s

Cutting planes:
  Clique: 14
  MIR: 21
  Zero half: 47
  RLT: 13
  BQP: 5

Explored 7 nodes (496 simplex iterations) in 0.05 seconds (0.04 work units)
Thread count was 1 (of 12 available processors)

Solution count 4: 910 1734 2504 3005 

Optimal solution found (tolerance 1.00e-04)
Best objective 9.100000000000e+02, best bound 9.100000000000e+02, gap 0.0000%
910.0
