Set parameter Username
Academic license - for non-commercial use only - expires 2025-08-28
Set parameter Threads to value 1
Set parameter Method to value 4
Gurobi Optimizer version 11.0.0 build v11.0.0rc2 (mac64[arm] - Darwin 23.5.0 23F79)

CPU model: Apple M3 Pro
Thread count: 12 physical cores, 12 logical processors, using up to 1 threads

Optimize a model with 466 rows, 147 columns and 1341 nonzeros
Model fingerprint: 0x0acd41bc
Variable types: 107 continuous, 40 integer (40 binary)
Coefficient statistics:
  Matrix range     [1e+00, 1e+00]
  Objective range  [1e+01, 3e+02]
  Bounds range     [1e+00, 1e+00]
  RHS range        [1e+00, 2e+00]
Found heuristic solution: objective 3305.0000000
Presolve removed 240 rows and 39 columns
Presolve time: 0.00s
Presolved: 226 rows, 108 columns, 632 nonzeros
Variable types: 0 continuous, 108 integer (108 binary)
Found heuristic solution: objective 1993.0000000

Root relaxation: objective 0.000000e+00, 31 iterations, 0.00 seconds (0.00 work units)

    Nodes    |    Current Node    |     Objective Bounds      |     Work
 Expl Unexpl |  Obj  Depth IntInf | Incumbent    BestBd   Gap | It/Node Time

     0     0    0.00000    0   29 1993.00000    0.00000   100%     -    0s
     0     0  340.50000    0   46 1993.00000  340.50000  82.9%     -    0s
H    0     0                    1893.0000000  340.50000  82.0%     -    0s
     0     0  346.50000    0   46 1893.00000  346.50000  81.7%     -    0s
     0     0  392.50000    0   57 1893.00000  392.50000  79.3%     -    0s
     0     0  396.25000    0   57 1893.00000  396.25000  79.1%     -    0s
     0     0  541.00000    0   62 1893.00000  541.00000  71.4%     -    0s
H    0     0                    1667.0000000  541.00000  67.5%     -    0s
     0     0  547.00000    0   63 1667.00000  547.00000  67.2%     -    0s
     0     0  657.50000    0   85 1667.00000  657.50000  60.6%     -    0s
H    0     0                    1309.0000000  657.50000  49.8%     -    0s
     0     0  662.00000    0   71 1309.00000  662.00000  49.4%     -    0s
     0     0  662.00000    0   71 1309.00000  662.00000  49.4%     -    0s
     0     0  675.83333    0   87 1309.00000  675.83333  48.4%     -    0s
     0     0  678.63636    0   89 1309.00000  678.63636  48.2%     -    0s
     0     0  679.62500    0   86 1309.00000  679.62500  48.1%     -    0s
     0     0  680.00000    0   90 1309.00000  680.00000  48.1%     -    0s
     0     0  747.50000    0   78 1309.00000  747.50000  42.9%     -    0s
     0     0  759.50000    0   80 1309.00000  759.50000  42.0%     -    0s
     0     0  773.00000    0   68 1309.00000  773.00000  40.9%     -    0s
     0     0  787.84000    0   92 1309.00000  787.84000  39.8%     -    0s
     0     0  796.50000    0   95 1309.00000  796.50000  39.2%     -    0s
     0     0  797.50000    0   92 1309.00000  797.50000  39.1%     -    0s
     0     0  797.80000    0   95 1309.00000  797.80000  39.1%     -    0s
     0     0  815.50000    0   73 1309.00000  815.50000  37.7%     -    0s
     0     0  827.57353    0   99 1309.00000  827.57353  36.8%     -    0s
     0     0  832.20000    0   99 1309.00000  832.20000  36.4%     -    0s
     0     0  832.23077    0   99 1309.00000  832.23077  36.4%     -    0s
     0     0  834.64286    0   98 1309.00000  834.64286  36.2%     -    0s
     0     0  838.80952    0  100 1309.00000  838.80952  35.9%     -    0s
     0     0  840.68182    0  101 1309.00000  840.68182  35.8%     -    0s
     0     0  841.05556    0   98 1309.00000  841.05556  35.7%     -    0s
     0     0  847.40000    0   84 1309.00000  847.40000  35.3%     -    0s
     0     0  848.27907    0  101 1309.00000  848.27907  35.2%     -    0s
     0     0  850.40000    0   84 1309.00000  850.40000  35.0%     -    0s
     0     0  851.00000    0   66 1309.00000  851.00000  35.0%     -    0s
     0     0  851.29358    0  104 1309.00000  851.29358  35.0%     -    0s
     0     0  860.47619    0  100 1309.00000  860.47619  34.3%     -    0s
     0     0  862.38571    0   99 1309.00000  862.38571  34.1%     -    0s
     0     0  863.55797    0  101 1309.00000  863.55797  34.0%     -    0s
     0     0  863.93750    0  101 1309.00000  863.93750  34.0%     -    0s
     0     0  865.50000    0   85 1309.00000  865.50000  33.9%     -    0s
     0     0  867.50000    0   78 1309.00000  867.50000  33.7%     -    0s
     0     0  867.67442    0   99 1309.00000  867.67442  33.7%     -    0s
     0     0  871.00000    0   59 1309.00000  871.00000  33.5%     -    0s
     0     0  873.93548    0  105 1309.00000  873.93548  33.2%     -    0s
     0     0  875.09375    0  106 1309.00000  875.09375  33.1%     -    0s
     0     0  876.42424    0  104 1309.00000  876.42424  33.0%     -    0s
     0     0  876.54545    0  104 1309.00000  876.54545  33.0%     -    0s
     0     0  877.00000    0   60 1309.00000  877.00000  33.0%     -    0s
     0     0  877.00000    0   60 1309.00000  877.00000  33.0%     -    0s
     0     2  877.48000    0   60 1309.00000  877.48000  33.0%     -    0s

Cutting planes:
  Gomory: 1
  Clique: 5
  MIR: 43
  Zero half: 31
  RLT: 7
  BQP: 4

Explored 7 nodes (1044 simplex iterations) in 0.09 seconds (0.10 work units)
Thread count was 1 (of 12 available processors)

Solution count 5: 1309 1667 1893 ... 3305

Optimal solution found (tolerance 1.00e-04)
Best objective 1.309000000000e+03, best bound 1.309000000000e+03, gap 0.0000%
1309.0
