Set parameter Username
Academic license - for non-commercial use only - expires 2025-08-28
Set parameter Threads to value 1
Set parameter Method to value 4
Gurobi Optimizer version 11.0.0 build v11.0.0rc2 (mac64[arm] - Darwin 23.5.0 23F79)

CPU model: Apple M3 Pro
Thread count: 12 physical cores, 12 logical processors, using up to 1 threads

Optimize a model with 506 rows, 158 columns and 1454 nonzeros
Model fingerprint: 0x0344e98f
Variable types: 116 continuous, 42 integer (42 binary)
Coefficient statistics:
  Matrix range     [1e+00, 1e+00]
  Objective range  [1e+01, 3e+02]
  Bounds range     [1e+00, 1e+00]
  RHS range        [1e+00, 2e+00]
Found heuristic solution: objective 3117.0000000
Presolve removed 262 rows and 43 columns
Presolve time: 0.00s
Presolved: 244 rows, 115 columns, 680 nonzeros
Variable types: 0 continuous, 115 integer (115 binary)
Found heuristic solution: objective 2358.0000000

Root relaxation: objective 0.000000e+00, 33 iterations, 0.00 seconds (0.00 work units)

    Nodes    |    Current Node    |     Objective Bounds      |     Work
 Expl Unexpl |  Obj  Depth IntInf | Incumbent    BestBd   Gap | It/Node Time

     0     0    0.00000    0   30 2358.00000    0.00000   100%     -    0s
     0     0  399.00000    0   47 2358.00000  399.00000  83.1%     -    0s
H    0     0                    1964.0000000  399.00000  79.7%     -    0s
H    0     0                    1554.0000000  399.00000  74.3%     -    0s
     0     0  404.50000    0   46 1554.00000  404.50000  74.0%     -    0s
     0     0  434.50000    0   53 1554.00000  434.50000  72.0%     -    0s
H    0     0                    1359.0000000  434.50000  68.0%     -    0s
     0     0  439.50000    0   54 1359.00000  439.50000  67.7%     -    0s
     0     0  554.00000    0   74 1359.00000  554.00000  59.2%     -    0s
     0     0  555.00000    0   65 1359.00000  555.00000  59.2%     -    0s
     0     0  555.83333    0   66 1359.00000  555.83333  59.1%     -    0s
     0     0  728.50000    0   78 1359.00000  728.50000  46.4%     -    0s
     0     0  782.50000    0   56 1359.00000  782.50000  42.4%     -    0s
     0     0  809.75000    0   72 1359.00000  809.75000  40.4%     -    0s
     0     0  820.75000    0   71 1359.00000  820.75000  39.6%     -    0s
     0     0  872.21429    0  101 1359.00000  872.21429  35.8%     -    0s
     0     0  876.50000    0  102 1359.00000  876.50000  35.5%     -    0s
     0     0  876.53846    0  103 1359.00000  876.53846  35.5%     -    0s
     0     0  877.50000    0   73 1359.00000  877.50000  35.4%     -    0s
     0     0  887.25000    0   77 1359.00000  887.25000  34.7%     -    0s
     0     0  904.50000    0   75 1359.00000  904.50000  33.4%     -    0s
     0     0  904.75000    0   76 1359.00000  904.75000  33.4%     -    0s
     0     0  911.00000    0   69 1359.00000  911.00000  33.0%     -    0s
     0     0  911.00000    0   67 1359.00000  911.00000  33.0%     -    0s
     0     2  911.66667    0   67 1359.00000  911.66667  32.9%     -    0s

Cutting planes:
  Gomory: 2
  Clique: 12
  MIR: 51
  Zero half: 39
  RLT: 7
  BQP: 6

Explored 7 nodes (892 simplex iterations) in 0.08 seconds (0.07 work units)
Thread count was 1 (of 12 available processors)

Solution count 5: 1359 1554 1964 ... 3117

Optimal solution found (tolerance 1.00e-04)
Best objective 1.359000000000e+03, best bound 1.359000000000e+03, gap 0.0000%
1359.0
