Set parameter Username
Academic license - for non-commercial use only - expires 2025-08-28
Set parameter Threads to value 1
Set parameter Method to value 4
Gurobi Optimizer version 11.0.0 build v11.0.0rc2 (mac64[arm] - Darwin 23.5.0 23F79)

CPU model: Apple M3 Pro
Thread count: 12 physical cores, 12 logical processors, using up to 1 threads

Optimize a model with 506 rows, 158 columns and 1454 nonzeros
Model fingerprint: 0xbd46d461
Variable types: 116 continuous, 42 integer (42 binary)
Coefficient statistics:
  Matrix range     [1e+00, 1e+00]
  Objective range  [1e+01, 3e+02]
  Bounds range     [1e+00, 1e+00]
  RHS range        [1e+00, 2e+00]
Found heuristic solution: objective 3124.0000000
Presolve removed 262 rows and 43 columns
Presolve time: 0.00s
Presolved: 244 rows, 115 columns, 680 nonzeros
Variable types: 0 continuous, 115 integer (115 binary)
Found heuristic solution: objective 2363.0000000

Root relaxation: objective 0.000000e+00, 33 iterations, 0.00 seconds (0.00 work units)

    Nodes    |    Current Node    |     Objective Bounds      |     Work
 Expl Unexpl |  Obj  Depth IntInf | Incumbent    BestBd   Gap | It/Node Time

     0     0    0.00000    0   30 2363.00000    0.00000   100%     -    0s
     0     0  402.50000    0   47 2363.00000  402.50000  83.0%     -    0s
H    0     0                    1559.0000000  402.50000  74.2%     -    0s
     0     0  408.00000    0   46 1559.00000  408.00000  73.8%     -    0s
     0     0  442.50000    0   55 1559.00000  442.50000  71.6%     -    0s
     0     0  442.50000    0   55 1559.00000  442.50000  71.6%     -    0s
     0     0  536.75000    0   75 1559.00000  536.75000  65.6%     -    0s
     0     0  545.00000    0   64 1559.00000  545.00000  65.0%     -    0s
     0     0  550.00000    0   65 1559.00000  550.00000  64.7%     -    0s
     0     0  640.75000    0   74 1559.00000  640.75000  58.9%     -    0s
     0     0  645.58333    0   81 1559.00000  645.58333  58.6%     -    0s
     0     0  645.62500    0   81 1559.00000  645.62500  58.6%     -    0s
     0     0  707.00000    0   78 1559.00000  707.00000  54.7%     -    0s
     0     0  737.75000    0   87 1559.00000  737.75000  52.7%     -    0s
H    0     0                    1370.0000000  737.75000  46.1%     -    0s
     0     0  743.25000    0   90 1370.00000  743.25000  45.7%     -    0s
     0     0  743.41667    0   90 1370.00000  743.41667  45.7%     -    0s
     0     0  779.00000    0   57 1370.00000  779.00000  43.1%     -    0s
     0     0  793.25000    0   81 1370.00000  793.25000  42.1%     -    0s
     0     0  796.25000    0   80 1370.00000  796.25000  41.9%     -    0s
     0     0  805.12500    0   99 1370.00000  805.12500  41.2%     -    0s
     0     0  814.65625    0  101 1370.00000  814.65625  40.5%     -    0s
     0     0  814.85156    0  104 1370.00000  814.85156  40.5%     -    0s
     0     0  859.37500    0  103 1370.00000  859.37500  37.3%     -    0s
     0     0  860.21429    0  105 1370.00000  860.21429  37.2%     -    0s
     0     0  861.83333    0  106 1370.00000  861.83333  37.1%     -    0s
     0     0  862.30000    0  102 1370.00000  862.30000  37.1%     -    0s
     0     0  877.53846    0  103 1370.00000  877.53846  35.9%     -    0s
     0     0  878.20588    0  102 1370.00000  878.20588  35.9%     -    0s
     0     0  878.31818    0  103 1370.00000  878.31818  35.9%     -    0s
     0     0  914.76471    0  101 1370.00000  914.76471  33.2%     -    0s
     0     0  921.40000    0  103 1370.00000  921.40000  32.7%     -    0s
     0     0  921.86869    0  106 1370.00000  921.86869  32.7%     -    0s
     0     0  925.94118    0  101 1370.00000  925.94118  32.4%     -    0s
     0     0  933.14286    0  103 1370.00000  933.14286  31.9%     -    0s
     0     0  934.87097    0  105 1370.00000  934.87097  31.8%     -    0s
     0     0  941.19643    0  110 1370.00000  941.19643  31.3%     -    0s
     0     0  961.50000    0   80 1370.00000  961.50000  29.8%     -    0s
     0     0  962.30000    0   81 1370.00000  962.30000  29.8%     -    0s
     0     0  962.30000    0   80 1370.00000  962.30000  29.8%     -    0s
     0     0  968.30000    0   81 1370.00000  968.30000  29.3%     -    0s
     0     0  969.14865    0  107 1370.00000  969.14865  29.3%     -    0s
     0     0  969.50000    0  106 1370.00000  969.50000  29.2%     -    0s
     0     0  969.57692    0   93 1370.00000  969.57692  29.2%     -    0s
     0     0  969.57692    0   92 1370.00000  969.57692  29.2%     -    0s
     0     2  969.83333    0   92 1370.00000  969.83333  29.2%     -    0s

Cutting planes:
  Clique: 4
  MIR: 41
  Zero half: 42
  RLT: 10
  BQP: 7

Explored 7 nodes (1002 simplex iterations) in 0.10 seconds (0.10 work units)
Thread count was 1 (of 12 available processors)

Solution count 4: 1370 1559 2363 3124 

Optimal solution found (tolerance 1.00e-04)
Best objective 1.370000000000e+03, best bound 1.370000000000e+03, gap 0.0000%
1370.0
