Set parameter Username
Academic license - for non-commercial use only - expires 2025-08-28
Set parameter Threads to value 1
Set parameter Method to value 4
Gurobi Optimizer version 11.0.0 build v11.0.0rc2 (mac64[arm] - Darwin 23.5.0 23F79)

CPU model: Apple M3 Pro
Thread count: 12 physical cores, 12 logical processors, using up to 1 threads

Optimize a model with 427 rows, 136 columns and 1229 nonzeros
Model fingerprint: 0x9877ad99
Variable types: 98 continuous, 38 integer (38 binary)
Coefficient statistics:
  Matrix range     [1e+00, 1e+00]
  Objective range  [1e+01, 3e+02]
  Bounds range     [1e+00, 1e+00]
  RHS range        [1e+00, 2e+00]
Found heuristic solution: objective 3636.0000000
Presolve removed 219 rows and 36 columns
Presolve time: 0.00s
Presolved: 208 rows, 100 columns, 582 nonzeros
Variable types: 0 continuous, 100 integer (100 binary)

Root relaxation: objective 0.000000e+00, 35 iterations, 0.00 seconds (0.00 work units)

    Nodes    |    Current Node    |     Objective Bounds      |     Work
 Expl Unexpl |  Obj  Depth IntInf | Incumbent    BestBd   Gap | It/Node Time

     0     0    0.00000    0   28 3636.00000    0.00000   100%     -    0s
H    0     0                    2247.0000000    0.00000   100%     -    0s
H    0     0                    1158.0000000    0.00000   100%     -    0s
     0     0  346.75000    0   43 1158.00000  346.75000  70.1%     -    0s
     0     0  411.25000    0   38 1158.00000  411.25000  64.5%     -    0s
     0     0  417.00000    0   40 1158.00000  417.00000  64.0%     -    0s
     0     0  419.00000    0   38 1158.00000  419.00000  63.8%     -    0s
     0     0  419.87500    0   39 1158.00000  419.87500  63.7%     -    0s
     0     0  457.00000    0   58 1158.00000  457.00000  60.5%     -    0s
     0     0  457.16667    0   47 1158.00000  457.16667  60.5%     -    0s
     0     0  530.00000    0   39 1158.00000  530.00000  54.2%     -    0s
     0     0  557.00000    0   63 1158.00000  557.00000  51.9%     -    0s
     0     0  557.00000    0   64 1158.00000  557.00000  51.9%     -    0s
     0     0  628.00000    0   55 1158.00000  628.00000  45.8%     -    0s
     0     0  635.50000    0   63 1158.00000  635.50000  45.1%     -    0s
     0     0  638.25000    0   63 1158.00000  638.25000  44.9%     -    0s
     0     0  653.75000    0   60 1158.00000  653.75000  43.5%     -    0s
     0     0  663.75000    0   69 1158.00000  663.75000  42.7%     -    0s
     0     0  671.00000    0   72 1158.00000  671.00000  42.1%     -    0s
     0     0  695.00000    0   73 1158.00000  695.00000  40.0%     -    0s
     0     0  695.50000    0   65 1158.00000  695.50000  39.9%     -    0s
     0     0  698.31818    0   75 1158.00000  698.31818  39.7%     -    0s
     0     0  700.06250    0   75 1158.00000  700.06250  39.5%     -    0s
     0     0  742.16667    0   75 1158.00000  742.16667  35.9%     -    0s
     0     0  744.90000    0   76 1158.00000  744.90000  35.7%     -    0s
     0     0  754.50000    0   73 1158.00000  754.50000  34.8%     -    0s
     0     0  758.50000    0   73 1158.00000  758.50000  34.5%     -    0s
     0     0  758.50000    0   73 1158.00000  758.50000  34.5%     -    0s
     0     2  759.50000    0   73 1158.00000  759.50000  34.4%     -    0s

Cutting planes:
  Gomory: 1
  Clique: 2
  MIR: 39
  Zero half: 20
  RLT: 7
  BQP: 6

Explored 5 nodes (711 simplex iterations) in 0.07 seconds (0.06 work units)
Thread count was 1 (of 12 available processors)

Solution count 3: 1158 2247 3636 

Optimal solution found (tolerance 1.00e-04)
Best objective 1.158000000000e+03, best bound 1.158000000000e+03, gap 0.0000%
1158.0
