Set parameter Username
Academic license - for non-commercial use only - expires 2025-08-28
Set parameter Threads to value 1
Set parameter Method to value 4
Gurobi Optimizer version 11.0.0 build v11.0.0rc2 (mac64[arm] - Darwin 23.5.0 23F79)

CPU model: Apple M3 Pro
Thread count: 12 physical cores, 12 logical processors, using up to 1 threads

Optimize a model with 427 rows, 136 columns and 1229 nonzeros
Model fingerprint: 0x8c251d83
Variable types: 98 continuous, 38 integer (38 binary)
Coefficient statistics:
  Matrix range     [1e+00, 1e+00]
  Objective range  [1e+01, 3e+02]
  Bounds range     [1e+00, 1e+00]
  RHS range        [1e+00, 2e+00]
Found heuristic solution: objective 2754.0000000
Presolve removed 219 rows and 36 columns
Presolve time: 0.00s
Presolved: 208 rows, 100 columns, 582 nonzeros
Variable types: 0 continuous, 100 integer (100 binary)
Found heuristic solution: objective 2398.0000000

Root relaxation: objective 0.000000e+00, 31 iterations, 0.00 seconds (0.00 work units)

    Nodes    |    Current Node    |     Objective Bounds      |     Work
 Expl Unexpl |  Obj  Depth IntInf | Incumbent    BestBd   Gap | It/Node Time

     0     0    0.00000    0   26 2398.00000    0.00000   100%     -    0s
H    0     0                    1312.0000000    0.00000   100%     -    0s
H    0     0                     674.0000000    0.00000   100%     -    0s
     0     0  215.50000    0   34  674.00000  215.50000  68.0%     -    0s
     0     0  261.50000    0   27  674.00000  261.50000  61.2%     -    0s
     0     0  287.50000    0   30  674.00000  287.50000  57.3%     -    0s
     0     0  287.50000    0   31  674.00000  287.50000  57.3%     -    0s
     0     0  303.50000    0   40  674.00000  303.50000  55.0%     -    0s
     0     0  305.83333    0   44  674.00000  305.83333  54.6%     -    0s
     0     0  367.00000    0   45  674.00000  367.00000  45.5%     -    0s
     0     0  372.00000    0   49  674.00000  372.00000  44.8%     -    0s
     0     0  403.56250    0   51  674.00000  403.56250  40.1%     -    0s
     0     0  404.81250    0   51  674.00000  404.81250  39.9%     -    0s
     0     0  439.00000    0   46  674.00000  439.00000  34.9%     -    0s
     0     0  443.00000    0   49  674.00000  443.00000  34.3%     -    0s
     0     0  444.50000    0   53  674.00000  444.50000  34.1%     -    0s
     0     0  444.50000    0   59  674.00000  444.50000  34.1%     -    0s
     0     0  457.00000    0   54  674.00000  457.00000  32.2%     -    0s
     0     0  480.00000    0   54  674.00000  480.00000  28.8%     -    0s
     0     0  482.00000    0   50  674.00000  482.00000  28.5%     -    0s
     0     0  482.00000    0   50  674.00000  482.00000  28.5%     -    0s

Cutting planes:
  Gomory: 1
  Clique: 4
  MIR: 31
  Flow cover: 11
  Zero half: 19
  RLT: 10
  BQP: 5

Explored 1 nodes (419 simplex iterations) in 0.06 seconds (0.05 work units)
Thread count was 1 (of 12 available processors)

Solution count 4: 674 1312 2398 2754 

Optimal solution found (tolerance 1.00e-04)
Best objective 6.740000000000e+02, best bound 6.740000000000e+02, gap 0.0000%
674.0
