Set parameter Username
Academic license - for non-commercial use only - expires 2025-08-28
Set parameter Threads to value 1
Set parameter Method to value 4
Gurobi Optimizer version 11.0.0 build v11.0.0rc2 (mac64[arm] - Darwin 23.5.0 23F79)

CPU model: Apple M3 Pro
Thread count: 12 physical cores, 12 logical processors, using up to 1 threads

Optimize a model with 309 rows, 103 columns and 892 nonzeros
Model fingerprint: 0xd1700f00
Variable types: 71 continuous, 32 integer (32 binary)
Coefficient statistics:
  Matrix range     [1e+00, 1e+00]
  Objective range  [1e+01, 3e+02]
  Bounds range     [1e+00, 1e+00]
  RHS range        [1e+00, 2e+00]
Found heuristic solution: objective 1850.0000000
Presolve removed 189 rows and 43 columns
Presolve time: 0.00s
Presolved: 120 rows, 60 columns, 334 nonzeros
Variable types: 0 continuous, 60 integer (60 binary)

Root relaxation: objective 0.000000e+00, 24 iterations, 0.00 seconds (0.00 work units)

    Nodes    |    Current Node    |     Objective Bounds      |     Work
 Expl Unexpl |  Obj  Depth IntInf | Incumbent    BestBd   Gap | It/Node Time

     0     0    0.00000    0   21 1850.00000    0.00000   100%     -    0s
H    0     0                    1110.0000000    0.00000   100%     -    0s
H    0     0                     486.0000000    0.00000   100%     -    0s
     0     0   83.50000    0   27  486.00000   83.50000  82.8%     -    0s
     0     0  110.50000    0   23  486.00000  110.50000  77.3%     -    0s
     0     0  229.50000    0   24  486.00000  229.50000  52.8%     -    0s
     0     0  291.50000    0   20  486.00000  291.50000  40.0%     -    0s
     0     0  291.50000    0   22  486.00000  291.50000  40.0%     -    0s
     0     0  291.50000    0   20  486.00000  291.50000  40.0%     -    0s

Cutting planes:
  Gomory: 2
  Implied bound: 6
  Clique: 3
  MIR: 13
  Zero half: 25
  RLT: 4
  BQP: 1

Explored 1 nodes (146 simplex iterations) in 0.01 seconds (0.01 work units)
Thread count was 1 (of 12 available processors)

Solution count 3: 486 1110 1850 

Optimal solution found (tolerance 1.00e-04)
Best objective 4.860000000000e+02, best bound 4.860000000000e+02, gap 0.0000%
486.0
