Set parameter Username
Academic license - for non-commercial use only - expires 2025-08-28
Set parameter Threads to value 1
Set parameter Method to value 4
Gurobi Optimizer version 11.0.0 build v11.0.0rc2 (mac64[arm] - Darwin 23.5.0 23F79)

CPU model: Apple M3 Pro
Thread count: 12 physical cores, 12 logical processors, using up to 1 threads

Optimize a model with 427 rows, 136 columns and 1229 nonzeros
Model fingerprint: 0xf491ee5a
Variable types: 98 continuous, 38 integer (38 binary)
Coefficient statistics:
  Matrix range     [1e+00, 1e+00]
  Objective range  [1e+01, 3e+02]
  Bounds range     [1e+00, 1e+00]
  RHS range        [1e+00, 2e+00]
Found heuristic solution: objective 2766.0000000
Presolve removed 219 rows and 36 columns
Presolve time: 0.00s
Presolved: 208 rows, 100 columns, 582 nonzeros
Variable types: 0 continuous, 100 integer (100 binary)
Found heuristic solution: objective 2409.0000000

Root relaxation: objective 0.000000e+00, 31 iterations, 0.00 seconds (0.00 work units)

    Nodes    |    Current Node    |     Objective Bounds      |     Work
 Expl Unexpl |  Obj  Depth IntInf | Incumbent    BestBd   Gap | It/Node Time

     0     0    0.00000    0   26 2409.00000    0.00000   100%     -    0s
H    0     0                    1316.0000000    0.00000   100%     -    0s
H    0     0                     680.0000000    0.00000   100%     -    0s
     0     0  216.00000    0   34  680.00000  216.00000  68.2%     -    0s
     0     0  262.50000    0   27  680.00000  262.50000  61.4%     -    0s
     0     0  285.00000    0   29  680.00000  285.00000  58.1%     -    0s
     0     0  285.00000    0   30  680.00000  285.00000  58.1%     -    0s
     0     0  304.66667    0   40  680.00000  304.66667  55.2%     -    0s
     0     0  307.22222    0   42  680.00000  307.22222  54.8%     -    0s
     0     0  364.75000    0   47  680.00000  364.75000  46.4%     -    0s
     0     0  365.12500    0   49  680.00000  365.12500  46.3%     -    0s
     0     0  428.40000    0   59  680.00000  428.40000  37.0%     -    0s
     0     0  429.62500    0   59  680.00000  429.62500  36.8%     -    0s
     0     0  430.50000    0   48  680.00000  430.50000  36.7%     -    0s
     0     0  445.00000    0   52  680.00000  445.00000  34.6%     -    0s
     0     0  470.33333    0   59  680.00000  470.33333  30.8%     -    0s
     0     0  477.25000    0   58  680.00000  477.25000  29.8%     -    0s
     0     0  494.00000    0   54  680.00000  494.00000  27.4%     -    0s
     0     0  495.00000    0   54  680.00000  495.00000  27.2%     -    0s
     0     0  495.00000    0   54  680.00000  495.00000  27.2%     -    0s

Cutting planes:
  Clique: 4
  MIR: 25
  Flow cover: 10
  Zero half: 20
  Mod-K: 2
  RLT: 11
  BQP: 4

Explored 1 nodes (418 simplex iterations) in 0.07 seconds (0.05 work units)
Thread count was 1 (of 12 available processors)

Solution count 4: 680 1316 2409 2766 

Optimal solution found (tolerance 1.00e-04)
Best objective 6.800000000000e+02, best bound 6.800000000000e+02, gap 0.0000%
680.0
