Set parameter Username
Academic license - for non-commercial use only - expires 2025-08-28
Set parameter Threads to value 1
Set parameter Method to value 4
Gurobi Optimizer version 11.0.0 build v11.0.0rc2 (mac64[arm] - Darwin 23.5.0 23F79)

CPU model: Apple M3 Pro
Thread count: 12 physical cores, 12 logical processors, using up to 1 threads

Optimize a model with 506 rows, 158 columns and 1454 nonzeros
Model fingerprint: 0x04584e0a
Variable types: 116 continuous, 42 integer (42 binary)
Coefficient statistics:
  Matrix range     [1e+00, 1e+00]
  Objective range  [1e+01, 3e+02]
  Bounds range     [1e+00, 1e+00]
  RHS range        [1e+00, 2e+00]
Found heuristic solution: objective 3062.0000000
Presolve removed 262 rows and 43 columns
Presolve time: 0.00s
Presolved: 244 rows, 115 columns, 680 nonzeros
Variable types: 0 continuous, 115 integer (115 binary)
Found heuristic solution: objective 2328.0000000

Root relaxation: objective 0.000000e+00, 33 iterations, 0.00 seconds (0.00 work units)

    Nodes    |    Current Node    |     Objective Bounds      |     Work
 Expl Unexpl |  Obj  Depth IntInf | Incumbent    BestBd   Gap | It/Node Time

     0     0    0.00000    0   30 2328.00000    0.00000   100%     -    0s
     0     0  397.50000    0   47 2328.00000  397.50000  82.9%     -    0s
H    0     0                    2090.0000000  397.50000  81.0%     -    0s
     0     0  402.50000    0   46 2090.00000  402.50000  80.7%     -    0s
     0     0  439.00000    0   54 2090.00000  439.00000  79.0%     -    0s
H    0     0                    1692.0000000  439.00000  74.1%     -    0s
     0     0  563.75000    0   73 1692.00000  563.75000  66.7%     -    0s
     0     0  597.00000    0   64 1692.00000  597.00000  64.7%     -    0s
     0     0  597.87500    0   78 1692.00000  597.87500  64.7%     -    0s
     0     0  598.50000    0   63 1692.00000  598.50000  64.6%     -    0s
     0     0  601.08333    0   82 1692.00000  601.08333  64.5%     -    0s
     0     0  601.25000    0   73 1692.00000  601.25000  64.5%     -    0s
     0     0  650.50000    0   82 1692.00000  650.50000  61.6%     -    0s
H    0     0                    1356.0000000  650.50000  52.0%     -    0s
     0     0  659.25000    0   83 1356.00000  659.25000  51.4%     -    0s
     0     0  659.37500    0   84 1356.00000  659.37500  51.4%     -    0s
     0     0  755.00000    0   94 1356.00000  755.00000  44.3%     -    0s
     0     0  765.72794    0   99 1356.00000  765.72794  43.5%     -    0s
     0     0  766.87931    0   99 1356.00000  766.87931  43.4%     -    0s
     0     0  768.75000    0  100 1356.00000  768.75000  43.3%     -    0s
     0     0  770.28571    0  101 1356.00000  770.28571  43.2%     -    0s
     0     0  770.50000    0  100 1356.00000  770.50000  43.2%     -    0s
     0     0  842.00000    0   70 1356.00000  842.00000  37.9%     -    0s
     0     0  850.75000    0   88 1356.00000  850.75000  37.3%     -    0s
     0     0  857.25000    0   68 1356.00000  857.25000  36.8%     -    0s
     0     0  858.51190    0  106 1356.00000  858.51190  36.7%     -    0s
     0     0  859.50000    0  105 1356.00000  859.50000  36.6%     -    0s
     0     0  883.50000    0   85 1356.00000  883.50000  34.8%     -    0s
     0     0  891.85714    0  103 1356.00000  891.85714  34.2%     -    0s
     0     0  892.00000    0   91 1356.00000  892.00000  34.2%     -    0s
     0     0  906.83333    0   92 1356.00000  906.83333  33.1%     -    0s
     0     0  908.55172    0   93 1356.00000  908.55172  33.0%     -    0s
     0     0  909.18421    0   93 1356.00000  909.18421  33.0%     -    0s
     0     0  909.25000    0   93 1356.00000  909.25000  32.9%     -    0s
     0     0  909.25000    0   93 1356.00000  909.25000  32.9%     -    0s
H    0     0                    1344.0000000  909.25000  32.3%     -    0s
     0     2  909.25000    0   92 1344.00000  909.25000  32.3%     -    0s

Cutting planes:
  Gomory: 2
  Clique: 16
  MIR: 38
  Zero half: 38
  RLT: 17
  BQP: 7

Explored 7 nodes (1019 simplex iterations) in 0.09 seconds (0.08 work units)
Thread count was 1 (of 12 available processors)

Solution count 6: 1344 1356 1692 ... 3062

Optimal solution found (tolerance 1.00e-04)
Best objective 1.344000000000e+03, best bound 1.344000000000e+03, gap 0.0000%
1344.0
