Set parameter Username
Academic license - for non-commercial use only - expires 2025-08-28
Set parameter Threads to value 1
Set parameter Method to value 4
Gurobi Optimizer version 11.0.0 build v11.0.0rc2 (mac64[arm] - Darwin 23.5.0 23F79)

CPU model: Apple M3 Pro
Thread count: 12 physical cores, 12 logical processors, using up to 1 threads

Optimize a model with 506 rows, 158 columns and 1454 nonzeros
Model fingerprint: 0x0b6965ad
Variable types: 116 continuous, 42 integer (42 binary)
Coefficient statistics:
  Matrix range     [1e+00, 1e+00]
  Objective range  [1e+01, 3e+02]
  Bounds range     [1e+00, 1e+00]
  RHS range        [1e+00, 2e+00]
Found heuristic solution: objective 3126.0000000
Presolve removed 262 rows and 43 columns
Presolve time: 0.00s
Presolved: 244 rows, 115 columns, 680 nonzeros
Variable types: 0 continuous, 115 integer (115 binary)
Found heuristic solution: objective 2360.0000000

Root relaxation: objective 0.000000e+00, 33 iterations, 0.00 seconds (0.00 work units)

    Nodes    |    Current Node    |     Objective Bounds      |     Work
 Expl Unexpl |  Obj  Depth IntInf | Incumbent    BestBd   Gap | It/Node Time

     0     0    0.00000    0   30 2360.00000    0.00000   100%     -    0s
     0     0  400.25000    0   47 2360.00000  400.25000  83.0%     -    0s
H    0     0                    2032.0000000  400.25000  80.3%     -    0s
     0     0  405.75000    0   46 2032.00000  405.75000  80.0%     -    0s
     0     0  459.00000    0   56 2032.00000  459.00000  77.4%     -    0s
H    0     0                    1960.0000000  459.00000  76.6%     -    0s
H    0     0                    1554.0000000  459.00000  70.5%     -    0s
     0     0  575.00000    0   66 1554.00000  575.00000  63.0%     -    0s
     0     0  583.50000    0   64 1554.00000  583.50000  62.5%     -    0s
     0     0  584.00000    0   64 1554.00000  584.00000  62.4%     -    0s
     0     0  630.75000    0   87 1554.00000  630.75000  59.4%     -    0s
     0     0  639.50000    0   67 1554.00000  639.50000  58.8%     -    0s
     0     0  674.50000    0   69 1554.00000  674.50000  56.6%     -    0s
     0     0  694.62500    0   86 1554.00000  694.62500  55.3%     -    0s
     0     0  694.62500    0   85 1554.00000  694.62500  55.3%     -    0s
     0     0  799.20000    0   99 1554.00000  799.20000  48.6%     -    0s
     0     0  810.03846    0  103 1554.00000  810.03846  47.9%     -    0s
     0     0  811.22222    0  103 1554.00000  811.22222  47.8%     -    0s
     0     0  811.69444    0  103 1554.00000  811.69444  47.8%     -    0s
     0     0  876.20455    0  107 1554.00000  876.20455  43.6%     -    0s
H    0     0                    1358.0000000  876.20455  35.5%     -    0s
     0     0  888.90909    0  108 1358.00000  888.90909  34.5%     -    0s
     0     0  893.78676    0  108 1358.00000  893.78676  34.2%     -    0s
     0     0  894.29710    0  108 1358.00000  894.29710  34.1%     -    0s
     0     0  927.75000    0   91 1358.00000  927.75000  31.7%     -    0s
     0     0  934.06061    0  104 1358.00000  934.06061  31.2%     -    0s
     0     0  935.33333    0  105 1358.00000  935.33333  31.1%     -    0s
     0     0  935.50855    0  105 1358.00000  935.50855  31.1%     -    0s
     0     0  939.30769    0  108 1358.00000  939.30769  30.8%     -    0s
     0     0  941.49645    0  107 1358.00000  941.49645  30.7%     -    0s
     0     0  941.62016    0  107 1358.00000  941.62016  30.7%     -    0s
     0     0  946.14744    0  106 1358.00000  946.14744  30.3%     -    0s
     0     0  946.14744    0  105 1358.00000  946.14744  30.3%     -    0s
     0     2  946.66346    0  105 1358.00000  946.66346  30.3%     -    0s

Cutting planes:
  Clique: 12
  MIR: 44
  Zero half: 42
  RLT: 12
  BQP: 6

Explored 7 nodes (995 simplex iterations) in 0.07 seconds (0.08 work units)
Thread count was 1 (of 12 available processors)

Solution count 6: 1358 1554 1960 ... 3126

Optimal solution found (tolerance 1.00e-04)
Best objective 1.358000000000e+03, best bound 1.358000000000e+03, gap 0.0000%
1358.0
