Set parameter Username
Academic license - for non-commercial use only - expires 2025-08-28
Set parameter Threads to value 1
Set parameter Method to value 4
Gurobi Optimizer version 11.0.0 build v11.0.0rc2 (mac64[arm] - Darwin 23.5.0 23F79)

CPU model: Apple M3 Pro
Thread count: 12 physical cores, 12 logical processors, using up to 1 threads

Optimize a model with 387 rows, 125 columns and 1116 nonzeros
Model fingerprint: 0xf6ee5603
Variable types: 89 continuous, 36 integer (36 binary)
Coefficient statistics:
  Matrix range     [1e+00, 1e+00]
  Objective range  [1e+01, 3e+02]
  Bounds range     [1e+00, 1e+00]
  RHS range        [1e+00, 2e+00]
Found heuristic solution: objective 1980.0000000
Presolve removed 218 rows and 42 columns
Presolve time: 0.00s
Presolved: 169 rows, 83 columns, 473 nonzeros
Variable types: 0 continuous, 83 integer (83 binary)

Root relaxation: objective 0.000000e+00, 28 iterations, 0.00 seconds (0.00 work units)

    Nodes    |    Current Node    |     Objective Bounds      |     Work
 Expl Unexpl |  Obj  Depth IntInf | Incumbent    BestBd   Gap | It/Node Time

     0     0    0.00000    0   25 1980.00000    0.00000   100%     -    0s
H    0     0                    1635.0000000    0.00000   100%     -    0s
H    0     0                     714.0000000    0.00000   100%     -    0s
     0     0  152.00000    0   36  714.00000  152.00000  78.7%     -    0s
     0     0  218.00000    0   28  714.00000  218.00000  69.5%     -    0s
     0     0  323.50000    0   34  714.00000  323.50000  54.7%     -    0s
     0     0  323.50000    0   35  714.00000  323.50000  54.7%     -    0s
     0     0  352.00000    0   39  714.00000  352.00000  50.7%     -    0s
     0     0  427.00000    0   34  714.00000  427.00000  40.2%     -    0s
     0     0  469.00000    0   39  714.00000  469.00000  34.3%     -    0s

Cutting planes:
  Gomory: 1
  Implied bound: 1
  Clique: 7
  MIR: 22
  Zero half: 29
  RLT: 9
  BQP: 4

Explored 1 nodes (195 simplex iterations) in 0.03 seconds (0.02 work units)
Thread count was 1 (of 12 available processors)

Solution count 3: 714 1635 1980 

Optimal solution found (tolerance 1.00e-04)
Best objective 7.140000000000e+02, best bound 7.140000000000e+02, gap 0.0000%
714.0
