Set parameter Username
Academic license - for non-commercial use only - expires 2025-08-28
Set parameter Threads to value 1
Set parameter Method to value 4
Gurobi Optimizer version 11.0.0 build v11.0.0rc2 (mac64[arm] - Darwin 23.5.0 23F79)

CPU model: Apple M3 Pro
Thread count: 12 physical cores, 12 logical processors, using up to 1 threads

Optimize a model with 348 rows, 114 columns and 1004 nonzeros
Model fingerprint: 0xd65a4d34
Variable types: 80 continuous, 34 integer (34 binary)
Coefficient statistics:
  Matrix range     [1e+00, 1e+00]
  Objective range  [1e+01, 3e+02]
  Bounds range     [1e+00, 1e+00]
  RHS range        [1e+00, 2e+00]
Found heuristic solution: objective 2370.0000000
Presolve removed 214 rows and 48 columns
Presolve time: 0.00s
Presolved: 134 rows, 66 columns, 372 nonzeros
Variable types: 0 continuous, 66 integer (66 binary)
Found heuristic solution: objective 2315.0000000

Root relaxation: objective 0.000000e+00, 26 iterations, 0.00 seconds (0.00 work units)

    Nodes    |    Current Node    |     Objective Bounds      |     Work
 Expl Unexpl |  Obj  Depth IntInf | Incumbent    BestBd   Gap | It/Node Time

     0     0    0.00000    0   22 2315.00000    0.00000   100%     -    0s
H    0     0                     885.0000000    0.00000   100%     -    0s
H    0     0                     582.0000000    0.00000   100%     -    0s
     0     0  116.50000    0   30  582.00000  116.50000  80.0%     -    0s
     0     0  180.00000    0   22  582.00000  180.00000  69.1%     -    0s
     0     0  275.00000    0   32  582.00000  275.00000  52.7%     -    0s
     0     0  335.00000    0   28  582.00000  335.00000  42.4%     -    0s
     0     0  395.50000    0   35  582.00000  395.50000  32.0%     -    0s
     0     0 infeasible    0       582.00000  582.00000  0.00%     -    0s

Explored 1 nodes (196 simplex iterations) in 0.01 seconds (0.01 work units)
Thread count was 1 (of 12 available processors)

Solution count 5: 582 816 885 ... 2370

Optimal solution found (tolerance 1.00e-04)
Best objective 5.820000000000e+02, best bound 5.820000000000e+02, gap 0.0000%
582.0
