Set parameter Username
Academic license - for non-commercial use only - expires 2025-08-28
Set parameter Threads to value 1
Set parameter Method to value 4
Gurobi Optimizer version 11.0.0 build v11.0.0rc2 (mac64[arm] - Darwin 23.5.0 23F79)

CPU model: Apple M3 Pro
Thread count: 12 physical cores, 12 logical processors, using up to 1 threads

Optimize a model with 387 rows, 125 columns and 1116 nonzeros
Model fingerprint: 0x43fcd64a
Variable types: 89 continuous, 36 integer (36 binary)
Coefficient statistics:
  Matrix range     [1e+00, 1e+00]
  Objective range  [1e+01, 3e+02]
  Bounds range     [1e+00, 1e+00]
  RHS range        [1e+00, 2e+00]
Found heuristic solution: objective 2044.0000000
Presolve removed 197 rows and 32 columns
Presolve time: 0.00s
Presolved: 190 rows, 93 columns, 534 nonzeros
Variable types: 0 continuous, 93 integer (93 binary)
Found heuristic solution: objective 1946.0000000

Root relaxation: objective 0.000000e+00, 26 iterations, 0.00 seconds (0.00 work units)

    Nodes    |    Current Node    |     Objective Bounds      |     Work
 Expl Unexpl |  Obj  Depth IntInf | Incumbent    BestBd   Gap | It/Node Time

     0     0    0.00000    0   25 1946.00000    0.00000   100%     -    0s
H    0     0                     642.0000000    0.00000   100%     -    0s
     0     0  204.00000    0   34  642.00000  204.00000  68.2%     -    0s
     0     0  262.50000    0   25  642.00000  262.50000  59.1%     -    0s
     0     0  269.00000    0   24  642.00000  269.00000  58.1%     -    0s
     0     0  291.00000    0   26  642.00000  291.00000  54.7%     -    0s
     0     0  291.00000    0   27  642.00000  291.00000  54.7%     -    0s
     0     0  312.25000    0   32  642.00000  312.25000  51.4%     -    0s
     0     0  354.50000    0   38  642.00000  354.50000  44.8%     -    0s
     0     0  355.25000    0   41  642.00000  355.25000  44.7%     -    0s
     0     0  424.00000    0   46  642.00000  424.00000  34.0%     -    0s
     0     0  455.50000    0   49  642.00000  455.50000  29.0%     -    0s
     0     0  464.50000    0   46  642.00000  464.50000  27.6%     -    0s
     0     0  466.50000    0   50  642.00000  466.50000  27.3%     -    0s
     0     0  466.50000    0   50  642.00000  466.50000  27.3%     -    0s
     0     0  466.50000    0   14  642.00000  466.50000  27.3%     -    0s
     0     0  557.50000    0   24  642.00000  557.50000  13.2%     -    0s
     0     0     cutoff    0       642.00000  642.00000  0.00%     -    0s

Cutting planes:
  Gomory: 1
  Clique: 17
  MIR: 19
  Zero half: 17
  RLT: 9
  BQP: 2

Explored 1 nodes (343 simplex iterations) in 0.04 seconds (0.04 work units)
Thread count was 1 (of 12 available processors)

Solution count 4: 642 1569 1946 2044 

Optimal solution found (tolerance 1.00e-04)
Best objective 6.420000000000e+02, best bound 6.420000000000e+02, gap 0.0000%
642.0
