Set parameter Username
Academic license - for non-commercial use only - expires 2025-08-28
Set parameter Threads to value 1
Set parameter Method to value 4
Gurobi Optimizer version 11.0.0 build v11.0.0rc2 (mac64[arm] - Darwin 23.5.0 23F79)

CPU model: Apple M3 Pro
Thread count: 12 physical cores, 12 logical processors, using up to 1 threads

Optimize a model with 426 rows, 136 columns and 1228 nonzeros
Model fingerprint: 0x40e54ac7
Variable types: 98 continuous, 38 integer (38 binary)
Coefficient statistics:
  Matrix range     [1e+00, 1e+00]
  Objective range  [1e+01, 3e+02]
  Bounds range     [1e+00, 1e+00]
  RHS range        [1e+00, 2e+00]
Found heuristic solution: objective 2860.0000000
Presolve removed 218 rows and 35 columns
Presolve time: 0.00s
Presolved: 208 rows, 101 columns, 584 nonzeros
Variable types: 0 continuous, 101 integer (101 binary)
Found heuristic solution: objective 2312.0000000

Root relaxation: objective 0.000000e+00, 30 iterations, 0.00 seconds (0.00 work units)

    Nodes    |    Current Node    |     Objective Bounds      |     Work
 Expl Unexpl |  Obj  Depth IntInf | Incumbent    BestBd   Gap | It/Node Time

     0     0    0.00000    0   28 2312.00000    0.00000   100%     -    0s
H    0     0                    1840.0000000    0.00000   100%     -    0s
     0     0  355.50000    0   46 1840.00000  355.50000  80.7%     -    0s
     0     0  513.50000    0   50 1840.00000  513.50000  72.1%     -    0s
H    0     0                    1436.0000000  513.50000  64.2%     -    0s
     0     0  524.50000    0   52 1436.00000  524.50000  63.5%     -    0s
     0     0  544.25000    0   55 1436.00000  544.25000  62.1%     -    0s
     0     0  674.25000    0   51 1436.00000  674.25000  53.0%     -    0s
     0     0  684.00000    0   68 1436.00000  684.00000  52.4%     -    0s
     0     0  695.58333    0   84 1436.00000  695.58333  51.6%     -    0s
     0     0  697.35000    0   84 1436.00000  697.35000  51.4%     -    0s
     0     0  764.50000    0   72 1436.00000  764.50000  46.8%     -    0s
     0     0  766.50000    0   65 1436.00000  766.50000  46.6%     -    0s
     0     0  766.50000    0   65 1436.00000  766.50000  46.6%     -    0s
H    0     0                    1169.0000000  766.50000  34.4%     -    0s
     0     2  771.00000    0   65 1169.00000  771.00000  34.0%     -    0s

Cutting planes:
  Gomory: 3
  Cover: 1
  Clique: 18
  MIR: 28
  Zero half: 40
  RLT: 7
  BQP: 5

Explored 3 nodes (551 simplex iterations) in 0.04 seconds (0.04 work units)
Thread count was 1 (of 12 available processors)

Solution count 5: 1169 1436 1840 ... 2860

Optimal solution found (tolerance 1.00e-04)
Best objective 1.169000000000e+03, best bound 1.169000000000e+03, gap 0.0000%
1169.0
