Set parameter Username
Academic license - for non-commercial use only - expires 2025-08-28
Set parameter Threads to value 1
Set parameter Method to value 4
Gurobi Optimizer version 11.0.0 build v11.0.0rc2 (mac64[arm] - Darwin 23.5.0 23F79)

CPU model: Apple M3 Pro
Thread count: 12 physical cores, 12 logical processors, using up to 1 threads

Optimize a model with 387 rows, 125 columns and 1116 nonzeros
Model fingerprint: 0x6af70e0b
Variable types: 89 continuous, 36 integer (36 binary)
Coefficient statistics:
  Matrix range     [1e+00, 1e+00]
  Objective range  [1e+01, 3e+02]
  Bounds range     [1e+00, 1e+00]
  RHS range        [1e+00, 2e+00]
Found heuristic solution: objective 2170.0000000
Presolve removed 218 rows and 42 columns
Presolve time: 0.00s
Presolved: 169 rows, 83 columns, 473 nonzeros
Variable types: 0 continuous, 83 integer (83 binary)

Root relaxation: objective 0.000000e+00, 31 iterations, 0.00 seconds (0.00 work units)

    Nodes    |    Current Node    |     Objective Bounds      |     Work
 Expl Unexpl |  Obj  Depth IntInf | Incumbent    BestBd   Gap | It/Node Time

     0     0    0.00000    0   25 2170.00000    0.00000   100%     -    0s
     0     0  237.50000    0   33 2170.00000  237.50000  89.1%     -    0s
H    0     0                    1943.0000000  237.50000  87.8%     -    0s
H    0     0                    1036.0000000  237.50000  77.1%     -    0s
     0     0  379.75000    0   46 1036.00000  379.75000  63.3%     -    0s
     0     0  381.50000    0   45 1036.00000  381.50000  63.2%     -    0s
     0     0  381.78571    0   49 1036.00000  381.78571  63.1%     -    0s
     0     0  493.50000    0   37 1036.00000  493.50000  52.4%     -    0s
     0     0  584.50000    0   46 1036.00000  584.50000  43.6%     -    0s
     0     0  607.00000    0   53 1036.00000  607.00000  41.4%     -    0s
     0     0  607.50000    0   61 1036.00000  607.50000  41.4%     -    0s
     0     0  609.75000    0   61 1036.00000  609.75000  41.1%     -    0s
     0     0  671.88000    0   76 1036.00000  671.88000  35.1%     -    0s
     0     0  683.28571    0   73 1036.00000  683.28571  34.0%     -    0s
     0     0  684.28571    0   73 1036.00000  684.28571  33.9%     -    0s
     0     0  684.50000    0   74 1036.00000  684.50000  33.9%     -    0s
     0     0  700.25000    0   75 1036.00000  700.25000  32.4%     -    0s
     0     0  701.81250    0   75 1036.00000  701.81250  32.3%     -    0s
     0     0  701.90000    0   75 1036.00000  701.90000  32.2%     -    0s
     0     0  710.89286    0   77 1036.00000  710.89286  31.4%     -    0s
     0     0  716.75000    0   64 1036.00000  716.75000  30.8%     -    0s
     0     0  724.16667    0   66 1036.00000  724.16667  30.1%     -    0s
     0     0  729.13333    0   69 1036.00000  729.13333  29.6%     -    0s
     0     0  729.56452    0   78 1036.00000  729.56452  29.6%     -    0s
     0     0  732.16667    0   77 1036.00000  732.16667  29.3%     -    0s
     0     0  734.33333    0   78 1036.00000  734.33333  29.1%     -    0s
     0     0  734.66667    0   68 1036.00000  734.66667  29.1%     -    0s
     0     0  734.66667    0   66 1036.00000  734.66667  29.1%     -    0s
     0     2  746.00000    0   66 1036.00000  746.00000  28.0%     -    0s

Cutting planes:
  Gomory: 2
  Clique: 7
  MIR: 25
  Flow cover: 1
  Zero half: 27
  RLT: 6
  BQP: 4

Explored 3 nodes (512 simplex iterations) in 0.06 seconds (0.05 work units)
Thread count was 1 (of 12 available processors)

Solution count 3: 1036 1943 2170 

Optimal solution found (tolerance 1.00e-04)
Best objective 1.036000000000e+03, best bound 1.036000000000e+03, gap 0.0000%
1036.0
