Set parameter Username
Academic license - for non-commercial use only - expires 2025-08-28
Set parameter Threads to value 1
Set parameter Method to value 4
Gurobi Optimizer version 11.0.0 build v11.0.0rc2 (mac64[arm] - Darwin 23.5.0 23F79)

CPU model: Apple M3 Pro
Thread count: 12 physical cores, 12 logical processors, using up to 1 threads

Optimize a model with 309 rows, 103 columns and 892 nonzeros
Model fingerprint: 0x886f3c8f
Variable types: 71 continuous, 32 integer (32 binary)
Coefficient statistics:
  Matrix range     [1e+00, 1e+00]
  Objective range  [1e+01, 3e+02]
  Bounds range     [1e+00, 1e+00]
  RHS range        [1e+00, 2e+00]
Found heuristic solution: objective 2563.0000000
Presolve removed 155 rows and 26 columns
Presolve time: 0.00s
Presolved: 154 rows, 77 columns, 434 nonzeros
Variable types: 0 continuous, 77 integer (77 binary)
Found heuristic solution: objective 2237.0000000

Root relaxation: objective 0.000000e+00, 25 iterations, 0.00 seconds (0.00 work units)

    Nodes    |    Current Node    |     Objective Bounds      |     Work
 Expl Unexpl |  Obj  Depth IntInf | Incumbent    BestBd   Gap | It/Node Time

     0     0    0.00000    0   23 2237.00000    0.00000   100%     -    0s
H    0     0                    1251.0000000    0.00000   100%     -    0s
H    0     0                     486.0000000    0.00000   100%     -    0s
     0     0  119.50000    0   31  486.00000  119.50000  75.4%     -    0s
     0     0  146.50000    0   27  486.00000  146.50000  69.9%     -    0s
     0     0  227.50000    0   29  486.00000  227.50000  53.2%     -    0s
     0     0  227.50000    0   30  486.00000  227.50000  53.2%     -    0s
     0     0  245.00000    0   32  486.00000  245.00000  49.6%     -    0s
     0     0  402.00000    0   27  486.00000  402.00000  17.3%     -    0s

Cutting planes:
  Clique: 8
  MIR: 13
  Flow cover: 1
  Zero half: 16
  RLT: 13
  BQP: 1

Explored 1 nodes (155 simplex iterations) in 0.02 seconds (0.01 work units)
Thread count was 1 (of 12 available processors)

Solution count 4: 486 1251 2237 2563 

Optimal solution found (tolerance 1.00e-04)
Best objective 4.860000000000e+02, best bound 4.860000000000e+02, gap 0.0000%
486.0
