Set parameter Username
Academic license - for non-commercial use only - expires 2025-08-28
Set parameter Threads to value 1
Set parameter Method to value 4
Gurobi Optimizer version 11.0.0 build v11.0.0rc2 (mac64[arm] - Darwin 23.5.0 23F79)

CPU model: Apple M3 Pro
Thread count: 12 physical cores, 12 logical processors, using up to 1 threads

Optimize a model with 387 rows, 125 columns and 1116 nonzeros
Model fingerprint: 0x5646246e
Variable types: 89 continuous, 36 integer (36 binary)
Coefficient statistics:
  Matrix range     [1e+00, 1e+00]
  Objective range  [1e+01, 3e+02]
  Bounds range     [1e+00, 1e+00]
  RHS range        [1e+00, 2e+00]
Found heuristic solution: objective 2040.0000000
Presolve removed 218 rows and 42 columns
Presolve time: 0.00s
Presolved: 169 rows, 83 columns, 473 nonzeros
Variable types: 0 continuous, 83 integer (83 binary)

Root relaxation: objective 0.000000e+00, 28 iterations, 0.00 seconds (0.00 work units)

    Nodes    |    Current Node    |     Objective Bounds      |     Work
 Expl Unexpl |  Obj  Depth IntInf | Incumbent    BestBd   Gap | It/Node Time

     0     0    0.00000    0   25 2040.00000    0.00000   100%     -    0s
H    0     0                    1704.0000000    0.00000   100%     -    0s
H    0     0                     805.0000000    0.00000   100%     -    0s
     0     0  151.50000    0   34  805.00000  151.50000  81.2%     -    0s
     0     0  260.75000    0   30  805.00000  260.75000  67.6%     -    0s
     0     0  260.75000    0   31  805.00000  260.75000  67.6%     -    0s
     0     0  342.00000    0   35  805.00000  342.00000  57.5%     -    0s
     0     0  436.00000    0   41  805.00000  436.00000  45.8%     -    0s
     0     0  460.50000    0   48  805.00000  460.50000  42.8%     -    0s
     0     0  495.88889    0   75  805.00000  495.88889  38.4%     -    0s
     0     0  496.00000    0   48  805.00000  496.00000  38.4%     -    0s
     0     0  542.00000    0   51  805.00000  542.00000  32.7%     -    0s
     0     0  548.00000    0   50  805.00000  548.00000  31.9%     -    0s
     0     0  548.00000    0   50  805.00000  548.00000  31.9%     -    0s
     0     2  548.00000    0   50  805.00000  548.00000  31.9%     -    0s

Cutting planes:
  Gomory: 1
  Cover: 1
  Clique: 17
  MIR: 44
  Flow cover: 2
  GUB cover: 1
  Zero half: 28
  RLT: 13
  BQP: 7

Explored 3 nodes (361 simplex iterations) in 0.05 seconds (0.05 work units)
Thread count was 1 (of 12 available processors)

Solution count 3: 805 1704 2040 

Optimal solution found (tolerance 1.00e-04)
Best objective 8.050000000000e+02, best bound 8.050000000000e+02, gap 0.0000%
805.0
