Set parameter Username
Academic license - for non-commercial use only - expires 2025-08-28
Set parameter Threads to value 1
Set parameter Method to value 4
Gurobi Optimizer version 11.0.0 build v11.0.0rc2 (mac64[arm] - Darwin 23.5.0 23F79)

CPU model: Apple M3 Pro
Thread count: 12 physical cores, 12 logical processors, using up to 1 threads

Optimize a model with 387 rows, 125 columns and 1116 nonzeros
Model fingerprint: 0x7a11813d
Variable types: 89 continuous, 36 integer (36 binary)
Coefficient statistics:
  Matrix range     [1e+00, 1e+00]
  Objective range  [1e+01, 3e+02]
  Bounds range     [1e+00, 1e+00]
  RHS range        [1e+00, 2e+00]
Found heuristic solution: objective 2115.0000000
Presolve removed 218 rows and 42 columns
Presolve time: 0.00s
Presolved: 169 rows, 83 columns, 473 nonzeros
Variable types: 0 continuous, 83 integer (83 binary)

Root relaxation: objective 0.000000e+00, 31 iterations, 0.00 seconds (0.00 work units)

    Nodes    |    Current Node    |     Objective Bounds      |     Work
 Expl Unexpl |  Obj  Depth IntInf | Incumbent    BestBd   Gap | It/Node Time

     0     0    0.00000    0   25 2115.00000    0.00000   100%     -    0s
H    0     0                    1425.0000000    0.00000   100%     -    0s
H    0     0                    1107.0000000    0.00000   100%     -    0s
H    0     0                     959.0000000    0.00000   100%     -    0s
     0     0  220.50000    0   33  959.00000  220.50000  77.0%     -    0s
     0     0  324.00000    0   26  959.00000  324.00000  66.2%     -    0s
     0     0  324.00000    0   27  959.00000  324.00000  66.2%     -    0s
     0     0  419.66667    0   48  959.00000  419.66667  56.2%     -    0s
     0     0  423.50000    0   35  959.00000  423.50000  55.8%     -    0s
     0     0  528.50000    0   45  959.00000  528.50000  44.9%     -    0s
     0     0  554.00000    0   75  959.00000  554.00000  42.2%     -    0s
     0     0  555.83333    0   74  959.00000  555.83333  42.0%     -    0s
     0     0  558.00000    0   48  959.00000  558.00000  41.8%     -    0s
     0     0  572.66667    0   74  959.00000  572.66667  40.3%     -    0s
     0     0  574.58333    0   72  959.00000  574.58333  40.1%     -    0s
     0     0  576.77778    0   76  959.00000  576.77778  39.9%     -    0s
     0     0  580.04167    0   77  959.00000  580.04167  39.5%     -    0s
     0     0  580.05263    0   75  959.00000  580.05263  39.5%     -    0s
     0     0  586.74324    0   75  959.00000  586.74324  38.8%     -    0s
     0     0  589.18911    0   78  959.00000  589.18911  38.6%     -    0s
     0     0  589.57986    0   77  959.00000  589.57986  38.5%     -    0s
     0     0  599.43750    0   78  959.00000  599.43750  37.5%     -    0s
     0     0  602.90253    0   78  959.00000  602.90253  37.1%     -    0s
     0     0  604.85294    0   78  959.00000  604.85294  36.9%     -    0s
     0     0  605.61538    0   78  959.00000  605.61538  36.8%     -    0s
     0     0  612.00000    0   51  959.00000  612.00000  36.2%     -    0s
     0     0  625.80000    0   53  959.00000  625.80000  34.7%     -    0s
     0     0  626.00000    0   51  959.00000  626.00000  34.7%     -    0s
     0     0  626.00000    0   51  959.00000  626.00000  34.7%     -    0s
     0     2  627.00000    0   51  959.00000  627.00000  34.6%     -    0s

Cutting planes:
  Gomory: 2
  Clique: 8
  MIR: 37
  Zero half: 22
  RLT: 11
  BQP: 4

Explored 7 nodes (541 simplex iterations) in 0.06 seconds (0.05 work units)
Thread count was 1 (of 12 available processors)

Solution count 4: 959 1107 1425 2115 

Optimal solution found (tolerance 1.00e-04)
Best objective 9.590000000000e+02, best bound 9.590000000000e+02, gap 0.0000%
959.0
