Set parameter Username
Academic license - for non-commercial use only - expires 2025-08-28
Set parameter Threads to value 1
Set parameter Method to value 4
Gurobi Optimizer version 11.0.0 build v11.0.0rc2 (mac64[arm] - Darwin 23.5.0 23F79)

CPU model: Apple M3 Pro
Thread count: 12 physical cores, 12 logical processors, using up to 1 threads

Optimize a model with 506 rows, 158 columns and 1454 nonzeros
Model fingerprint: 0x943dbe0c
Variable types: 116 continuous, 42 integer (42 binary)
Coefficient statistics:
  Matrix range     [1e+00, 1e+00]
  Objective range  [1e+01, 3e+02]
  Bounds range     [1e+00, 1e+00]
  RHS range        [1e+00, 2e+00]
Found heuristic solution: objective 3103.0000000
Presolve removed 262 rows and 43 columns
Presolve time: 0.00s
Presolved: 244 rows, 115 columns, 680 nonzeros
Variable types: 0 continuous, 115 integer (115 binary)
Found heuristic solution: objective 2351.0000000

Root relaxation: objective 0.000000e+00, 33 iterations, 0.00 seconds (0.00 work units)

    Nodes    |    Current Node    |     Objective Bounds      |     Work
 Expl Unexpl |  Obj  Depth IntInf | Incumbent    BestBd   Gap | It/Node Time

     0     0    0.00000    0   30 2351.00000    0.00000   100%     -    0s
     0     0  401.50000    0   47 2351.00000  401.50000  82.9%     -    0s
H    0     0                    2111.0000000  401.50000  81.0%     -    0s
H    0     0                    1967.0000000  401.50000  79.6%     -    0s
     0     0  406.50000    0   46 1967.00000  406.50000  79.3%     -    0s
     0     0  437.00000    0   54 1967.00000  437.00000  77.8%     -    0s
H    0     0                    1553.0000000  437.00000  71.9%     -    0s
     0     0  538.50000    0   63 1553.00000  538.50000  65.3%     -    0s
     0     0  538.50000    0   63 1553.00000  538.50000  65.3%     -    0s
     0     0  633.50000    0   80 1553.00000  633.50000  59.2%     -    0s
     0     0  649.50000    0   74 1553.00000  649.50000  58.2%     -    0s
     0     0  649.50000    0   73 1553.00000  649.50000  58.2%     -    0s
     0     0  696.20833    0   91 1553.00000  696.20833  55.2%     -    0s
     0     0  702.83333    0   92 1553.00000  702.83333  54.7%     -    0s
     0     0  708.40000    0   93 1553.00000  708.40000  54.4%     -    0s
     0     0  728.52500    0   91 1553.00000  728.52500  53.1%     -    0s
     0     0  728.82500    0   91 1553.00000  728.82500  53.1%     -    0s
     0     0  756.64286    0   94 1553.00000  756.64286  51.3%     -    0s
     0     0  759.30000    0   95 1553.00000  759.30000  51.1%     -    0s
     0     0  799.36111    0   95 1553.00000  799.36111  48.5%     -    0s
     0     0  801.55769    0  100 1553.00000  801.55769  48.4%     -    0s
     0     0  801.61111    0   99 1553.00000  801.61111  48.4%     -    0s
     0     0  817.00000    0   98 1553.00000  817.00000  47.4%     -    0s
     0     0  818.60000    0   97 1553.00000  818.60000  47.3%     -    0s
     0     0  820.18182    0  100 1553.00000  820.18182  47.2%     -    0s
     0     0  820.52381    0  100 1553.00000  820.52381  47.2%     -    0s
     0     0  825.36364    0  100 1553.00000  825.36364  46.9%     -    0s
     0     0  827.84091    0  100 1553.00000  827.84091  46.7%     -    0s
     0     0  839.14815    0   93 1553.00000  839.14815  46.0%     -    0s
     0     0  863.62500    0   88 1553.00000  863.62500  44.4%     -    0s
     0     0  865.18182    0   88 1553.00000  865.18182  44.3%     -    0s
     0     0  876.43836    0  103 1553.00000  876.43836  43.6%     -    0s
     0     0  879.50000    0   89 1553.00000  879.50000  43.4%     -    0s
     0     0  879.62500    0  100 1553.00000  879.62500  43.4%     -    0s
     0     0  888.33333    0   91 1553.00000  888.33333  42.8%     -    0s
H    0     0                    1367.0000000  888.33333  35.0%     -    0s
     0     0  888.34286    0   91 1367.00000  888.34286  35.0%     -    0s
     0     0  888.80000    0   91 1367.00000  888.80000  35.0%     -    0s
     0     0  888.80000    0   91 1367.00000  888.80000  35.0%     -    0s
     0     2  890.00000    0   91 1367.00000  890.00000  34.9%     -    0s

Cutting planes:
  Gomory: 1
  Clique: 8
  MIR: 38
  Zero half: 35
  RLT: 8
  BQP: 10

Explored 7 nodes (1076 simplex iterations) in 0.09 seconds (0.10 work units)
Thread count was 1 (of 12 available processors)

Solution count 6: 1367 1553 1967 ... 3103

Optimal solution found (tolerance 1.00e-04)
Best objective 1.367000000000e+03, best bound 1.367000000000e+03, gap 0.0000%
1367.0
