Set parameter Username
Academic license - for non-commercial use only - expires 2025-08-28
Set parameter Threads to value 1
Set parameter Method to value 4
Gurobi Optimizer version 11.0.0 build v11.0.0rc2 (mac64[arm] - Darwin 23.5.0 23F79)

CPU model: Apple M3 Pro
Thread count: 12 physical cores, 12 logical processors, using up to 1 threads

Optimize a model with 564 rows, 141 columns and 1660 nonzeros
Model fingerprint: 0xeb6c1900
Variable types: 90 continuous, 51 integer (51 binary)
Coefficient statistics:
  Matrix range     [1e+00, 1e+00]
  Objective range  [1e+01, 3e+02]
  Bounds range     [1e+00, 1e+00]
  RHS range        [1e+00, 2e+00]
Presolve removed 88 rows and 25 columns
Presolve time: 0.00s
Presolved: 476 rows, 116 columns, 1380 nonzeros
Variable types: 0 continuous, 116 integer (116 binary)
Found heuristic solution: objective 980.0000000
Found heuristic solution: objective 510.0000000

Root relaxation: objective 0.000000e+00, 63 iterations, 0.00 seconds (0.00 work units)

    Nodes    |    Current Node    |     Objective Bounds      |     Work
 Expl Unexpl |  Obj  Depth IntInf | Incumbent    BestBd   Gap | It/Node Time

     0     0    0.00000    0   28  510.00000    0.00000   100%     -    0s
     0     0    0.00000    0   57  510.00000    0.00000   100%     -    0s
     0     0   47.00000    0   38  510.00000   47.00000  90.8%     -    0s
     0     0   55.00000    0   38  510.00000   55.00000  89.2%     -    0s
     0     0  101.16290    0   76  510.00000  101.16290  80.2%     -    0s
     0     0  105.03906    0   81  510.00000  105.03906  79.4%     -    0s
     0     0  105.42751    0   83  510.00000  105.42751  79.3%     -    0s
     0     0  125.92308    0   84  510.00000  125.92308  75.3%     -    0s
     0     0  130.22143    0   81  510.00000  130.22143  74.5%     -    0s
     0     0  130.98973    0   87  510.00000  130.98973  74.3%     -    0s
     0     0  131.04611    0   87  510.00000  131.04611  74.3%     -    0s
     0     0  131.10161    0   87  510.00000  131.10161  74.3%     -    0s
     0     0  137.29393    0   90  510.00000  137.29393  73.1%     -    0s
     0     0  139.24431    0   91  510.00000  139.24431  72.7%     -    0s
     0     0  141.49188    0   90  510.00000  141.49188  72.3%     -    0s
     0     0  141.64048    0   88  510.00000  141.64048  72.2%     -    0s
     0     0  141.65419    0   88  510.00000  141.65419  72.2%     -    0s
     0     0  143.65942    0   87  510.00000  143.65942  71.8%     -    0s
     0     0  143.70349    0   87  510.00000  143.70349  71.8%     -    0s
     0     0  143.83766    0   87  510.00000  143.83766  71.8%     -    0s
     0     0  144.11278    0   91  510.00000  144.11278  71.7%     -    0s
     0     0  145.15172    0   88  510.00000  145.15172  71.5%     -    0s
     0     0  145.30618    0   88  510.00000  145.30618  71.5%     -    0s
     0     0  145.44097    0   89  510.00000  145.44097  71.5%     -    0s
     0     0  145.54167    0   88  510.00000  145.54167  71.5%     -    0s
     0     0  145.54167    0   88  510.00000  145.54167  71.5%     -    0s
     0     0  145.54167    0   32  510.00000  145.54167  71.5%     -    0s
     0     0  145.54167    0   76  510.00000  145.54167  71.5%     -    0s
     0     0  145.54167    0   77  510.00000  145.54167  71.5%     -    0s
     0     0  145.54167    0   75  510.00000  145.54167  71.5%     -    0s
     0     0  145.78571    0   72  510.00000  145.78571  71.4%     -    0s
     0     0  146.48387    0   76  510.00000  146.48387  71.3%     -    0s
     0     0  146.52830    0   78  510.00000  146.52830  71.3%     -    0s
     0     0  146.52830    0   78  510.00000  146.52830  71.3%     -    0s
     0     0  146.68750    0   78  510.00000  146.68750  71.2%     -    0s
     0     0  146.69697    0   78  510.00000  146.69697  71.2%     -    0s
     0     0  148.26160    0   76  510.00000  148.26160  70.9%     -    0s
     0     0  148.74194    0   77  510.00000  148.74194  70.8%     -    0s
     0     0  148.77551    0   77  510.00000  148.77551  70.8%     -    0s
     0     0  148.83784    0   77  510.00000  148.83784  70.8%     -    0s
     0     0  150.17188    0   75  510.00000  150.17188  70.6%     -    0s
     0     0  150.25305    0   75  510.00000  150.25305  70.5%     -    0s
     0     0  151.96894    0   78  510.00000  151.96894  70.2%     -    0s
     0     0  152.68283    0   78  510.00000  152.68283  70.1%     -    0s
     0     0  152.95000    0   78  510.00000  152.95000  70.0%     -    0s
     0     0  159.75831    0   78  510.00000  159.75831  68.7%     -    0s
     0     2  170.72059    0   78  510.00000  170.72059  66.5%     -    0s

Cutting planes:
  Gomory: 2
  MIR: 6
  Zero half: 22
  RLT: 9
  BQP: 14

Explored 35 nodes (1608 simplex iterations) in 0.15 seconds (0.17 work units)
Thread count was 1 (of 12 available processors)

Solution count 3: 510 980 1175 

Optimal solution found (tolerance 1.00e-04)
Best objective 5.100000000000e+02, best bound 5.100000000000e+02, gap 0.0000%
510.0
