Set parameter Username
Academic license - for non-commercial use only - expires 2025-08-28
Set parameter Threads to value 1
Set parameter Method to value 4
Gurobi Optimizer version 11.0.0 build v11.0.0rc2 (mac64[arm] - Darwin 23.5.0 23F79)

CPU model: Apple M3 Pro
Thread count: 12 physical cores, 12 logical processors, using up to 1 threads

Optimize a model with 794 rows, 189 columns and 2330 nonzeros
Model fingerprint: 0x854e6f54
Variable types: 126 continuous, 63 integer (63 binary)
Coefficient statistics:
  Matrix range     [1e+00, 1e+00]
  Objective range  [1e+01, 3e+02]
  Bounds range     [1e+00, 1e+00]
  RHS range        [1e+00, 2e+00]
Presolve removed 128 rows and 35 columns
Presolve time: 0.00s
Presolved: 666 rows, 154 columns, 1920 nonzeros
Variable types: 0 continuous, 154 integer (154 binary)
Found heuristic solution: objective 2181.0000000
Found heuristic solution: objective 1584.0000000
Found heuristic solution: objective 1550.0000000

Root relaxation: objective 0.000000e+00, 75 iterations, 0.00 seconds (0.00 work units)

    Nodes    |    Current Node    |     Objective Bounds      |     Work
 Expl Unexpl |  Obj  Depth IntInf | Incumbent    BestBd   Gap | It/Node Time

     0     0    0.00000    0   45 1550.00000    0.00000   100%     -    0s
H    0     0                    1091.0000000    0.00000   100%     -    0s
H    0     0                    1043.0000000    0.00000   100%     -    0s
     0     0    0.00000    0   67 1043.00000    0.00000   100%     -    0s
H    0     0                     907.0000000    0.00000   100%     -    0s
     0     0  135.39172    0   96  907.00000  135.39172  85.1%     -    0s
     0     0  140.94444    0   93  907.00000  140.94444  84.5%     -    0s
     0     0  143.16667    0   92  907.00000  143.16667  84.2%     -    0s
     0     0  143.71429    0   93  907.00000  143.71429  84.2%     -    0s
     0     0  211.41169    0  112  907.00000  211.41169  76.7%     -    0s
     0     0  213.65233    0  112  907.00000  213.65233  76.4%     -    0s
     0     0  213.69970    0  112  907.00000  213.69970  76.4%     -    0s
     0     0  226.82710    0  115  907.00000  226.82710  75.0%     -    0s
     0     0  229.59067    0  116  907.00000  229.59067  74.7%     -    0s
     0     0  231.72391    0  117  907.00000  231.72391  74.5%     -    0s
     0     0  231.94444    0  116  907.00000  231.94444  74.4%     -    0s
     0     0  232.25148    0  115  907.00000  232.25148  74.4%     -    0s
     0     0  232.25639    0  117  907.00000  232.25639  74.4%     -    0s
     0     0  235.21988    0  120  907.00000  235.21988  74.1%     -    0s
     0     0  235.83333    0  120  907.00000  235.83333  74.0%     -    0s
     0     0  236.36616    0  122  907.00000  236.36616  73.9%     -    0s
     0     0  236.41120    0  120  907.00000  236.41120  73.9%     -    0s
     0     0  236.98471    0  127  907.00000  236.98471  73.9%     -    0s
     0     0  237.09951    0  125  907.00000  237.09951  73.9%     -    0s
     0     0  237.23126    0  123  907.00000  237.23126  73.8%     -    0s
     0     0  237.26685    0  125  907.00000  237.26685  73.8%     -    0s
     0     0  241.56545    0  121  907.00000  241.56545  73.4%     -    0s
     0     0  243.62196    0  124  907.00000  243.62196  73.1%     -    0s
     0     0  243.69675    0  122  907.00000  243.69675  73.1%     -    0s
     0     0  254.57684    0  123  907.00000  254.57684  71.9%     -    0s
     0     0  259.30851    0  124  907.00000  259.30851  71.4%     -    0s
     0     0  259.35000    0  123  907.00000  259.35000  71.4%     -    0s
     0     0  260.39024    0  122  907.00000  260.39024  71.3%     -    0s
     0     0  260.59971    0  122  907.00000  260.59971  71.3%     -    0s
     0     0  260.74135    0  121  907.00000  260.74135  71.3%     -    0s
     0     0  260.95846    0  123  907.00000  260.95846  71.2%     -    0s
     0     0  260.95876    0  123  907.00000  260.95876  71.2%     -    0s
     0     0  261.07246    0  123  907.00000  261.07246  71.2%     -    0s
     0     0  261.12230    0  125  907.00000  261.12230  71.2%     -    0s
     0     0  262.90625    0  121  907.00000  262.90625  71.0%     -    0s
     0     0  263.70833    0  126  907.00000  263.70833  70.9%     -    0s
     0     0  264.14206    0  126  907.00000  264.14206  70.9%     -    0s
     0     0  264.21175    0  125  907.00000  264.21175  70.9%     -    0s
     0     0  264.21175    0  127  907.00000  264.21175  70.9%     -    0s
     0     0  264.21175    0  127  907.00000  264.21175  70.9%     -    0s
     0     0  264.21175    0  126  907.00000  264.21175  70.9%     -    0s
     0     0  264.21175    0  126  907.00000  264.21175  70.9%     -    0s
H    0     0                     904.0000000  264.21175  70.8%     -    0s
H    0     0                     844.0000000  264.21175  68.7%     -    0s
     0     2  264.60055    0  126  844.00000  264.60055  68.6%     -    0s

Cutting planes:
  MIR: 35
  Zero half: 25
  RLT: 21
  BQP: 18

Explored 58 nodes (2734 simplex iterations) in 0.18 seconds (0.21 work units)
Thread count was 1 (of 12 available processors)

Solution count 8: 844 904 907 ... 2181

Optimal solution found (tolerance 1.00e-04)
Best objective 8.440000000000e+02, best bound 8.440000000000e+02, gap 0.0000%
844.0
