Set parameter Username
Academic license - for non-commercial use only - expires 2025-08-28
Set parameter Threads to value 1
Set parameter Method to value 4
Gurobi Optimizer version 11.0.0 build v11.0.0rc2 (mac64[arm] - Darwin 23.5.0 23F79)

CPU model: Apple M3 Pro
Thread count: 12 physical cores, 12 logical processors, using up to 1 threads

Optimize a model with 794 rows, 189 columns and 2330 nonzeros
Model fingerprint: 0xb34a81c1
Variable types: 126 continuous, 63 integer (63 binary)
Coefficient statistics:
  Matrix range     [1e+00, 1e+00]
  Objective range  [1e+01, 3e+02]
  Bounds range     [1e+00, 1e+00]
  RHS range        [1e+00, 2e+00]
Presolve removed 128 rows and 35 columns
Presolve time: 0.00s
Presolved: 666 rows, 154 columns, 1920 nonzeros
Variable types: 0 continuous, 154 integer (154 binary)
Found heuristic solution: objective 2134.0000000
Found heuristic solution: objective 1578.0000000
Found heuristic solution: objective 1537.0000000

Root relaxation: objective 0.000000e+00, 75 iterations, 0.00 seconds (0.00 work units)

    Nodes    |    Current Node    |     Objective Bounds      |     Work
 Expl Unexpl |  Obj  Depth IntInf | Incumbent    BestBd   Gap | It/Node Time

     0     0    0.00000    0   45 1537.00000    0.00000   100%     -    0s
H    0     0                    1064.0000000    0.00000   100%     -    0s
H    0     0                    1016.0000000    0.00000   100%     -    0s
     0     0    0.00000    0   67 1016.00000    0.00000   100%     -    0s
H    0     0                     884.0000000    0.00000   100%     -    0s
     0     0  130.96505    0   99  884.00000  130.96505  85.2%     -    0s
     0     0  137.05556    0   92  884.00000  137.05556  84.5%     -    0s
     0     0  138.66026    0   92  884.00000  138.66026  84.3%     -    0s
     0     0  138.79762    0   92  884.00000  138.79762  84.3%     -    0s
     0     0  197.23741    0  109  884.00000  197.23741  77.7%     -    0s
     0     0  198.51998    0  109  884.00000  198.51998  77.5%     -    0s
     0     0  198.63475    0  108  884.00000  198.63475  77.5%     -    0s
     0     0  198.64945    0  109  884.00000  198.64945  77.5%     -    0s
     0     0  206.89474    0  106  884.00000  206.89474  76.6%     -    0s
     0     0  207.56600    0  109  884.00000  207.56600  76.5%     -    0s
     0     0  207.67857    0  108  884.00000  207.67857  76.5%     -    0s
     0     0  207.77152    0  111  884.00000  207.77152  76.5%     -    0s
     0     0  208.59091    0  109  884.00000  208.59091  76.4%     -    0s
     0     0  208.63043    0  110  884.00000  208.63043  76.4%     -    0s
     0     0  209.93750    0  105  884.00000  209.93750  76.3%     -    0s
     0     0  209.93750    0  106  884.00000  209.93750  76.3%     -    0s
     0     0  211.81250    0  105  884.00000  211.81250  76.0%     -    0s
     0     0  214.57750    0  106  884.00000  214.57750  75.7%     -    0s
     0     0  214.88793    0  108  884.00000  214.88793  75.7%     -    0s
     0     0  215.34012    0  108  884.00000  215.34012  75.6%     -    0s
     0     0  215.34012    0  108  884.00000  215.34012  75.6%     -    0s
     0     0  219.61973    0  113  884.00000  219.61973  75.2%     -    0s
     0     0  219.91838    0  111  884.00000  219.91838  75.1%     -    0s
     0     0  219.93000    0  113  884.00000  219.93000  75.1%     -    0s
     0     0  222.19396    0  107  884.00000  222.19396  74.9%     -    0s
     0     0  222.69048    0  106  884.00000  222.69048  74.8%     -    0s
     0     0  222.78947    0  109  884.00000  222.78947  74.8%     -    0s
     0     0  222.78947    0  107  884.00000  222.78947  74.8%     -    0s
     0     2  227.78947    0  105  884.00000  227.78947  74.2%     -    0s
H    8     2                     828.0000000  271.00000  67.3%  27.5    0s

Cutting planes:
  MIR: 11
  Zero half: 27
  RLT: 22
  BQP: 18

Explored 59 nodes (2564 simplex iterations) in 0.18 seconds (0.18 work units)
Thread count was 1 (of 12 available processors)

Solution count 7: 828 884 1016 ... 2134

Optimal solution found (tolerance 1.00e-04)
Best objective 8.280000000000e+02, best bound 8.280000000000e+02, gap 0.0000%
828.0
