Set parameter Username
Academic license - for non-commercial use only - expires 2025-08-28
Set parameter Threads to value 1
Set parameter Method to value 4
Gurobi Optimizer version 11.0.0 build v11.0.0rc2 (mac64[arm] - Darwin 23.5.0 23F79)

CPU model: Apple M3 Pro
Thread count: 12 physical cores, 12 logical processors, using up to 1 threads

Optimize a model with 621 rows, 153 columns and 1827 nonzeros
Model fingerprint: 0xfdfdab4f
Variable types: 99 continuous, 54 integer (54 binary)
Coefficient statistics:
  Matrix range     [1e+00, 1e+00]
  Objective range  [1e+01, 3e+02]
  Bounds range     [1e+00, 1e+00]
  RHS range        [1e+00, 2e+00]
Found heuristic solution: objective 3113.0000000
Presolve removed 96 rows and 27 columns
Presolve time: 0.00s
Presolved: 525 rows, 126 columns, 1521 nonzeros
Variable types: 0 continuous, 126 integer (126 binary)

Root relaxation: objective 0.000000e+00, 76 iterations, 0.00 seconds (0.00 work units)

    Nodes    |    Current Node    |     Objective Bounds      |     Work
 Expl Unexpl |  Obj  Depth IntInf | Incumbent    BestBd   Gap | It/Node Time

     0     0    0.00000    0   49 3113.00000    0.00000   100%     -    0s
H    0     0                    1636.0000000    0.00000   100%     -    0s
H    0     0                    1496.0000000    0.00000   100%     -    0s
H    0     0                    1448.0000000    0.00000   100%     -    0s
H    0     0                    1292.0000000    0.00000   100%     -    0s
     0     0    9.38961    0   69 1292.00000    9.38961  99.3%     -    0s
H    0     0                     973.0000000    9.38961  99.0%     -    0s
H    0     0                     545.0000000    9.38961  98.3%     -    0s
     0     0   74.50000    0   47  545.00000   74.50000  86.3%     -    0s
     0     0   93.00000    0   49  545.00000   93.00000  82.9%     -    0s
     0     0   94.50000    0   51  545.00000   94.50000  82.7%     -    0s
     0     0  109.14286    0   79  545.00000  109.14286  80.0%     -    0s
H    0     0                     537.0000000  109.14286  79.7%     -    0s
     0     0  109.99130    0   88  537.00000  109.99130  79.5%     -    0s
     0     0  110.56595    0   90  537.00000  110.56595  79.4%     -    0s
     0     0  110.61913    0   88  537.00000  110.61913  79.4%     -    0s
     0     0  110.64394    0   89  537.00000  110.64394  79.4%     -    0s
     0     0  116.50000    0   55  537.00000  116.50000  78.3%     -    0s
H    0     0                     533.0000000  116.50000  78.1%     -    0s
     0     0  116.50000    0   55  533.00000  116.50000  78.1%     -    0s
     0     0  117.94545    0   98  533.00000  117.94545  77.9%     -    0s
H    0     0                     492.0000000  117.94545  76.0%     -    0s
H    0     0                     240.0000000  117.94545  50.9%     -    0s
     0     0  118.24000    0   79  240.00000  118.24000  50.7%     -    0s
     0     0  118.37521    0  100  240.00000  118.37521  50.7%     -    0s
     0     0  118.38508    0  100  240.00000  118.38508  50.7%     -    0s
     0     0  120.00000    0   55  240.00000  120.00000  50.0%     -    0s
     0     0  120.00000    0   55  240.00000  120.00000  50.0%     -    0s
     0     0  120.00000    0   36  240.00000  120.00000  50.0%     -    0s
     0     0  120.00000    0   71  240.00000  120.00000  50.0%     -    0s
     0     0  120.00000    0   77  240.00000  120.00000  50.0%     -    0s
     0     0  120.00000    0   75  240.00000  120.00000  50.0%     -    0s
     0     0  120.00000    0   55  240.00000  120.00000  50.0%     -    0s
     0     0  120.00000    0   55  240.00000  120.00000  50.0%     -    0s
     0     0  122.99317    0   83  240.00000  122.99317  48.8%     -    0s
     0     0  123.08333    0   76  240.00000  123.08333  48.7%     -    0s
     0     0  123.48485    0   84  240.00000  123.48485  48.5%     -    0s
     0     0  123.54510    0   87  240.00000  123.54510  48.5%     -    0s
     0     0  123.55072    0   87  240.00000  123.55072  48.5%     -    0s
     0     0  124.01515    0   79  240.00000  124.01515  48.3%     -    0s
     0     0  124.12500    0   70  240.00000  124.12500  48.3%     -    0s
     0     0  137.20000    0   69  240.00000  137.20000  42.8%     -    0s
     0     2  139.24339    0   69  240.00000  139.24339  42.0%     -    0s

Cutting planes:
  Gomory: 1
  MIR: 8
  Zero half: 36
  RLT: 25
  BQP: 5

Explored 8 nodes (1422 simplex iterations) in 0.15 seconds (0.18 work units)
Thread count was 1 (of 12 available processors)

Solution count 10: 240 492 533 ... 1636

Optimal solution found (tolerance 1.00e-04)
Best objective 2.400000000000e+02, best bound 2.400000000000e+02, gap 0.0000%
240.0
