Set parameter Username
Academic license - for non-commercial use only - expires 2025-08-28
Set parameter Threads to value 1
Set parameter Method to value 4
Gurobi Optimizer version 11.0.0 build v11.0.0rc2 (mac64[arm] - Darwin 23.5.0 23F79)

CPU model: Apple M3 Pro
Thread count: 12 physical cores, 12 logical processors, using up to 1 threads

Optimize a model with 621 rows, 153 columns and 1827 nonzeros
Model fingerprint: 0x57b7c3ab
Variable types: 99 continuous, 54 integer (54 binary)
Coefficient statistics:
  Matrix range     [1e+00, 1e+00]
  Objective range  [1e+01, 3e+02]
  Bounds range     [1e+00, 1e+00]
  RHS range        [1e+00, 2e+00]
Presolve removed 96 rows and 27 columns
Presolve time: 0.00s
Presolved: 525 rows, 126 columns, 1521 nonzeros
Variable types: 0 continuous, 126 integer (126 binary)
Found heuristic solution: objective 1687.0000000
Found heuristic solution: objective 777.0000000
Found heuristic solution: objective 687.0000000

Root relaxation: objective 0.000000e+00, 65 iterations, 0.00 seconds (0.00 work units)

    Nodes    |    Current Node    |     Objective Bounds      |     Work
 Expl Unexpl |  Obj  Depth IntInf | Incumbent    BestBd   Gap | It/Node Time

     0     0    0.00000    0   38  687.00000    0.00000   100%     -    0s
H    0     0                     642.0000000    0.00000   100%     -    0s
     0     0    0.00000    0   60  642.00000    0.00000   100%     -    0s
     0     0   71.00000    0   48  642.00000   71.00000  88.9%     -    0s
H    0     0                     609.0000000   71.00000  88.3%     -    0s
     0     0   85.42722    0   80  609.00000   85.42722  86.0%     -    0s
H    0     0                     581.0000000   85.42722  85.3%     -    0s
H    0     0                     541.0000000   85.42722  84.2%     -    0s
     0     0   93.14583    0   80  541.00000   93.14583  82.8%     -    0s
     0     0   93.14583    0   80  541.00000   93.14583  82.8%     -    0s
     0     0  111.63333    0   92  541.00000  111.63333  79.4%     -    0s
     0     0  114.15775    0   94  541.00000  114.15775  78.9%     -    0s
     0     0  115.16349    0   90  541.00000  115.16349  78.7%     -    0s
     0     0  115.38462    0   92  541.00000  115.38462  78.7%     -    0s
     0     0  115.54062    0   94  541.00000  115.54062  78.6%     -    0s
     0     0  115.67067    0   92  541.00000  115.67067  78.6%     -    0s
     0     0  115.67788    0   93  541.00000  115.67788  78.6%     -    0s
     0     0  132.06757    0   87  541.00000  132.06757  75.6%     -    0s
     0     0  132.46256    0   93  541.00000  132.46256  75.5%     -    0s
     0     0  132.60550    0   96  541.00000  132.60550  75.5%     -    0s
     0     0  132.61446    0   93  541.00000  132.61446  75.5%     -    0s
     0     0  134.65781    0   98  541.00000  134.65781  75.1%     -    0s
     0     0  136.36527    0   93  541.00000  136.36527  74.8%     -    0s
     0     0  137.11963    0   92  541.00000  137.11963  74.7%     -    0s
     0     0  137.15385    0   92  541.00000  137.15385  74.6%     -    0s
     0     0  137.15385    0   92  541.00000  137.15385  74.6%     -    0s
     0     0  137.15385    0   92  541.00000  137.15385  74.6%     -    0s
H    0     0                     405.0000000  137.15385  66.1%     -    0s
     0     0  137.15385    0   34  405.00000  137.15385  66.1%     -    0s
     0     0  137.15385    0   74  405.00000  137.15385  66.1%     -    0s
     0     0  137.35185    0   76  405.00000  137.35185  66.1%     -    0s
     0     0  140.13750    0   77  405.00000  140.13750  65.4%     -    0s
     0     0  140.15078    0   81  405.00000  140.15078  65.4%     -    0s
     0     0  147.10828    0   82  405.00000  147.10828  63.7%     -    0s
     0     0  147.92912    0   81  405.00000  147.92912  63.5%     -    0s
     0     0  147.93056    0   81  405.00000  147.93056  63.5%     -    0s
     0     0  150.53194    0   84  405.00000  150.53194  62.8%     -    0s
     0     0  153.13522    0   83  405.00000  153.13522  62.2%     -    0s
     0     0  153.22162    0   83  405.00000  153.22162  62.2%     -    0s
     0     0  153.22605    0   84  405.00000  153.22605  62.2%     -    0s
     0     0  155.88622    0   82  405.00000  155.88622  61.5%     -    0s
     0     0  156.88889    0   83  405.00000  156.88889  61.3%     -    0s
     0     0  164.96446    0   83  405.00000  164.96446  59.3%     -    0s
     0     2  167.16333    0   83  405.00000  167.16333  58.7%     -    0s

Cutting planes:
  Gomory: 4
  MIR: 7
  Zero half: 25
  RLT: 28
  BQP: 11

Explored 12 nodes (1665 simplex iterations) in 0.18 seconds (0.19 work units)
Thread count was 1 (of 12 available processors)

Solution count 8: 405 541 581 ... 1687

Optimal solution found (tolerance 1.00e-04)
Best objective 4.050000000000e+02, best bound 4.050000000000e+02, gap 0.0000%
405.0
