Set parameter Username
Academic license - for non-commercial use only - expires 2025-08-28
Set parameter Threads to value 1
Set parameter Method to value 4
Gurobi Optimizer version 11.0.0 build v11.0.0rc2 (mac64[arm] - Darwin 23.5.0 23F79)

CPU model: Apple M3 Pro
Thread count: 12 physical cores, 12 logical processors, using up to 1 threads

Optimize a model with 794 rows, 189 columns and 2330 nonzeros
Model fingerprint: 0x4dccde37
Variable types: 126 continuous, 63 integer (63 binary)
Coefficient statistics:
  Matrix range     [1e+00, 1e+00]
  Objective range  [1e+01, 3e+02]
  Bounds range     [1e+00, 1e+00]
  RHS range        [1e+00, 2e+00]
Presolve removed 128 rows and 35 columns
Presolve time: 0.00s
Presolved: 666 rows, 154 columns, 1920 nonzeros
Variable types: 0 continuous, 154 integer (154 binary)
Found heuristic solution: objective 2194.0000000
Found heuristic solution: objective 1592.0000000
Found heuristic solution: objective 1559.0000000

Root relaxation: objective 0.000000e+00, 75 iterations, 0.00 seconds (0.00 work units)

    Nodes    |    Current Node    |     Objective Bounds      |     Work
 Expl Unexpl |  Obj  Depth IntInf | Incumbent    BestBd   Gap | It/Node Time

     0     0    0.00000    0   45 1559.00000    0.00000   100%     -    0s
H    0     0                    1101.0000000    0.00000   100%     -    0s
H    0     0                    1053.0000000    0.00000   100%     -    0s
     0     0    0.00000    0   67 1053.00000    0.00000   100%     -    0s
H    0     0                     917.0000000    0.00000   100%     -    0s
     0     0  137.07484    0   96  917.00000  137.07484  85.1%     -    0s
     0     0  142.66667    0   93  917.00000  142.66667  84.4%     -    0s
     0     0  144.61538    0   91  917.00000  144.61538  84.2%     -    0s
     0     0  145.22619    0   92  917.00000  145.22619  84.2%     -    0s
     0     0  205.54943    0  107  917.00000  205.54943  77.6%     -    0s
     0     0  206.23806    0  107  917.00000  206.23806  77.5%     -    0s
     0     0  206.51045    0  107  917.00000  206.51045  77.5%     -    0s
     0     0  206.57470    0  109  917.00000  206.57470  77.5%     -    0s
     0     0  206.59331    0  110  917.00000  206.59331  77.5%     -    0s
     0     0  215.42857    0  110  917.00000  215.42857  76.5%     -    0s
     0     0  216.35546    0  112  917.00000  216.35546  76.4%     -    0s
     0     0  216.86207    0  111  917.00000  216.86207  76.4%     -    0s
     0     0  216.88983    0  112  917.00000  216.88983  76.3%     -    0s
     0     0  217.98619    0  106  917.00000  217.98619  76.2%     -    0s
     0     0  218.21983    0  112  917.00000  218.21983  76.2%     -    0s
     0     0  218.64303    0  110  917.00000  218.64303  76.2%     -    0s
     0     0  219.00000    0  111  917.00000  219.00000  76.1%     -    0s
     0     0  219.23667    0  113  917.00000  219.23667  76.1%     -    0s
     0     0  219.36268    0  114  917.00000  219.36268  76.1%     -    0s
     0     0  219.65485    0  112  917.00000  219.65485  76.0%     -    0s
     0     0  219.65485    0  116  917.00000  219.65485  76.0%     -    0s
     0     0  228.18657    0  108  917.00000  228.18657  75.1%     -    0s
     0     0  228.90541    0  107  917.00000  228.90541  75.0%     -    0s
     0     0  229.08537    0  108  917.00000  229.08537  75.0%     -    0s
     0     0  229.08712    0  111  917.00000  229.08712  75.0%     -    0s
     0     0  230.42857    0  102  917.00000  230.42857  74.9%     -    0s
     0     0  231.27778    0  109  917.00000  231.27778  74.8%     -    0s
     0     0  231.85714    0  111  917.00000  231.85714  74.7%     -    0s
     0     0  231.85714    0  111  917.00000  231.85714  74.7%     -    0s
     0     0  231.85714    0  110  917.00000  231.85714  74.7%     -    0s
     0     0  233.85938    0  112  917.00000  233.85938  74.5%     -    0s
H    0     0                     853.0000000  233.85938  72.6%     -    0s
     0     0  235.61348    0  117  853.00000  235.61348  72.4%     -    0s
     0     0  235.84146    0  117  853.00000  235.84146  72.4%     -    0s
     0     0  235.85028    0  117  853.00000  235.85028  72.4%     -    0s
     0     0  236.87500    0  112  853.00000  236.87500  72.2%     -    0s
     0     0  238.97917    0  113  853.00000  238.97917  72.0%     -    0s
     0     0  239.48411    0  117  853.00000  239.48411  71.9%     -    0s
     0     0  239.81291    0  114  853.00000  239.81291  71.9%     -    0s
     0     0  239.81556    0  114  853.00000  239.81556  71.9%     -    0s
     0     0  241.73077    0  112  853.00000  241.73077  71.7%     -    0s
     0     0  241.80128    0  113  853.00000  241.80128  71.7%     -    0s
     0     0  243.62712    0  114  853.00000  243.62712  71.4%     -    0s
     0     0  243.92000    0  109  853.00000  243.92000  71.4%     -    0s
     0     0  243.99444    0  112  853.00000  243.99444  71.4%     -    0s
     0     0  246.24324    0  110  853.00000  246.24324  71.1%     -    0s
     0     0  247.56140    0  111  853.00000  247.56140  71.0%     -    0s
     0     0  247.88095    0  113  853.00000  247.88095  70.9%     -    0s
     0     0  247.88095    0  113  853.00000  247.88095  70.9%     -    0s
     0     2  253.85714    0  113  853.00000  253.85714  70.2%     -    0s

Cutting planes:
  MIR: 12
  Zero half: 26
  RLT: 22
  BQP: 20

Explored 41 nodes (2491 simplex iterations) in 0.18 seconds (0.20 work units)
Thread count was 1 (of 12 available processors)

Solution count 7: 853 917 1053 ... 2194

Optimal solution found (tolerance 1.00e-04)
Best objective 8.530000000000e+02, best bound 8.530000000000e+02, gap 0.0000%
853.0
