Set parameter Username
Academic license - for non-commercial use only - expires 2025-08-28
Set parameter Threads to value 1
Set parameter Method to value 4
Gurobi Optimizer version 11.0.0 build v11.0.0rc2 (mac64[arm] - Darwin 23.5.0 23F79)

CPU model: Apple M3 Pro
Thread count: 12 physical cores, 12 logical processors, using up to 1 threads

Optimize a model with 794 rows, 189 columns and 2330 nonzeros
Model fingerprint: 0x0f88b70d
Variable types: 126 continuous, 63 integer (63 binary)
Coefficient statistics:
  Matrix range     [1e+00, 1e+00]
  Objective range  [1e+01, 3e+02]
  Bounds range     [1e+00, 1e+00]
  RHS range        [1e+00, 2e+00]
Presolve removed 128 rows and 35 columns
Presolve time: 0.00s
Presolved: 666 rows, 154 columns, 1920 nonzeros
Variable types: 0 continuous, 154 integer (154 binary)
Found heuristic solution: objective 2167.0000000
Found heuristic solution: objective 1577.0000000
Found heuristic solution: objective 1546.0000000

Root relaxation: objective 0.000000e+00, 75 iterations, 0.00 seconds (0.00 work units)

    Nodes    |    Current Node    |     Objective Bounds      |     Work
 Expl Unexpl |  Obj  Depth IntInf | Incumbent    BestBd   Gap | It/Node Time

     0     0    0.00000    0   45 1546.00000    0.00000   100%     -    0s
H    0     0                    1066.0000000    0.00000   100%     -    0s
H    0     0                    1022.0000000    0.00000   100%     -    0s
     0     0    0.00000    0   67 1022.00000    0.00000   100%     -    0s
H    0     0                     894.0000000    0.00000   100%     -    0s
     0     0  131.80255    0   96  894.00000  131.80255  85.3%     -    0s
     0     0  136.83333    0   93  894.00000  136.83333  84.7%     -    0s
     0     0  138.67949    0   91  894.00000  138.67949  84.5%     -    0s
     0     0  139.34524    0   92  894.00000  139.34524  84.4%     -    0s
     0     0  198.01472    0  109  894.00000  198.01472  77.9%     -    0s
     0     0  200.27197    0  106  894.00000  200.27197  77.6%     -    0s
     0     0  200.99162    0  107  894.00000  200.99162  77.5%     -    0s
     0     0  201.97313    0  108  894.00000  201.97313  77.4%     -    0s
     0     0  202.01936    0  109  894.00000  202.01936  77.4%     -    0s
     0     0  211.49722    0  111  894.00000  211.49722  76.3%     -    0s
     0     0  215.20833    0  114  894.00000  215.20833  75.9%     -    0s
     0     0  217.39034    0  117  894.00000  217.39034  75.7%     -    0s
     0     0  217.41250    0  114  894.00000  217.41250  75.7%     -    0s
     0     0  219.58102    0  115  894.00000  219.58102  75.4%     -    0s
     0     0  221.79957    0  116  894.00000  221.79957  75.2%     -    0s
     0     0  222.85957    0  116  894.00000  222.85957  75.1%     -    0s
     0     0  223.30000    0  113  894.00000  223.30000  75.0%     -    0s
     0     0  223.32394    0  117  894.00000  223.32394  75.0%     -    0s
     0     0  225.53363    0  115  894.00000  225.53363  74.8%     -    0s
     0     0  225.86190    0  119  894.00000  225.86190  74.7%     -    0s
     0     0  226.01190    0  117  894.00000  226.01190  74.7%     -    0s
     0     0  226.01603    0  117  894.00000  226.01603  74.7%     -    0s
     0     0  226.03846    0  118  894.00000  226.03846  74.7%     -    0s
     0     0  226.05689    0  118  894.00000  226.05689  74.7%     -    0s
     0     0  226.58179    0  117  894.00000  226.58179  74.7%     -    0s
     0     0  226.58179    0  114  894.00000  226.58179  74.7%     -    0s
     0     2  229.97840    0  113  894.00000  229.97840  74.3%     -    0s
*   24     8               7     836.0000000  407.50000  51.3%  38.8    0s

Cutting planes:
  MIR: 17
  Zero half: 23
  RLT: 21
  BQP: 23

Explored 64 nodes (2808 simplex iterations) in 0.14 seconds (0.17 work units)
Thread count was 1 (of 12 available processors)

Solution count 7: 836 894 1022 ... 2167

Optimal solution found (tolerance 1.00e-04)
Best objective 8.360000000000e+02, best bound 8.360000000000e+02, gap 0.0000%
836.0
