Set parameter Username
Academic license - for non-commercial use only - expires 2025-08-28
Set parameter Threads to value 1
Set parameter Method to value 4
Gurobi Optimizer version 11.0.0 build v11.0.0rc2 (mac64[arm] - Darwin 23.5.0 23F79)

CPU model: Apple M3 Pro
Thread count: 12 physical cores, 12 logical processors, using up to 1 threads

Optimize a model with 621 rows, 153 columns and 1827 nonzeros
Model fingerprint: 0x09bde78c
Variable types: 99 continuous, 54 integer (54 binary)
Coefficient statistics:
  Matrix range     [1e+00, 1e+00]
  Objective range  [1e+01, 3e+02]
  Bounds range     [1e+00, 1e+00]
  RHS range        [1e+00, 2e+00]
Presolve removed 96 rows and 27 columns
Presolve time: 0.01s
Presolved: 525 rows, 126 columns, 1521 nonzeros
Variable types: 0 continuous, 126 integer (126 binary)
Found heuristic solution: objective 1480.0000000
Found heuristic solution: objective 1107.0000000
Found heuristic solution: objective 787.0000000

Root relaxation: objective 0.000000e+00, 71 iterations, 0.00 seconds (0.00 work units)

    Nodes    |    Current Node    |     Objective Bounds      |     Work
 Expl Unexpl |  Obj  Depth IntInf | Incumbent    BestBd   Gap | It/Node Time

     0     0    0.00000    0   30  787.00000    0.00000   100%     -    0s
H    0     0                     730.0000000    0.00000   100%     -    0s
H    0     0                     540.0000000    0.00000   100%     -    0s
     0     0    0.00000    0   59  540.00000    0.00000   100%     -    0s
     0     0   94.33333    0   84  540.00000   94.33333  82.5%     -    0s
     0     0  104.50000    0   43  540.00000  104.50000  80.6%     -    0s
     0     0  104.66667    0   74  540.00000  104.66667  80.6%     -    0s
     0     0  105.96552    0   73  540.00000  105.96552  80.4%     -    0s
     0     0  129.04762    0   81  540.00000  129.04762  76.1%     -    0s
     0     0  136.00000    0   80  540.00000  136.00000  74.8%     -    0s
     0     0  147.37304    0   89  540.00000  147.37304  72.7%     -    0s
     0     0  150.65217    0   86  540.00000  150.65217  72.1%     -    0s
     0     0  151.06207    0   90  540.00000  151.06207  72.0%     -    0s
     0     0  151.20985    0   89  540.00000  151.20985  72.0%     -    0s
     0     0  153.56539    0   90  540.00000  153.56539  71.6%     -    0s
     0     0  154.24359    0   87  540.00000  154.24359  71.4%     -    0s
     0     0  154.49961    0   90  540.00000  154.49961  71.4%     -    0s
     0     0  164.26471    0   92  540.00000  164.26471  69.6%     -    0s
     0     0  165.11111    0   92  540.00000  165.11111  69.4%     -    0s
     0     0  166.13732    0   91  540.00000  166.13732  69.2%     -    0s
     0     0  166.52757    0   92  540.00000  166.52757  69.2%     -    0s
     0     0  166.84574    0   94  540.00000  166.84574  69.1%     -    0s
     0     0  166.84574    0   94  540.00000  166.84574  69.1%     -    0s
     0     0  166.84574    0   31  540.00000  166.84574  69.1%     -    0s
     0     0  166.84574    0   58  540.00000  166.84574  69.1%     -    0s
     0     0  166.84574    0   74  540.00000  166.84574  69.1%     -    0s
     0     0  168.43011    0   75  540.00000  168.43011  68.8%     -    0s
     0     0  170.02976    0   74  540.00000  170.02976  68.5%     -    0s
     0     0  170.04365    0   77  540.00000  170.04365  68.5%     -    0s
     0     0  170.04365    0   78  540.00000  170.04365  68.5%     -    0s
     0     0  170.04365    0   78  540.00000  170.04365  68.5%     -    0s
     0     0  170.04365    0   78  540.00000  170.04365  68.5%     -    0s
     0     0  182.55556    0   77  540.00000  182.55556  66.2%     -    0s
     0     2  195.09804    0   77  540.00000  195.09804  63.9%     -    0s

Cutting planes:
  MIR: 8
  Zero half: 21
  RLT: 13
  BQP: 8

Explored 46 nodes (1802 simplex iterations) in 0.19 seconds (0.17 work units)
Thread count was 1 (of 12 available processors)

Solution count 6: 540 730 787 ... 1480

Optimal solution found (tolerance 1.00e-04)
Best objective 5.400000000000e+02, best bound 5.400000000000e+02, gap 0.0000%
540.0
