Set parameter Username
Academic license - for non-commercial use only - expires 2025-08-28
Set parameter Threads to value 1
Set parameter Method to value 4
Gurobi Optimizer version 11.0.0 build v11.0.0rc2 (mac64[arm] - Darwin 23.5.0 23F79)

CPU model: Apple M3 Pro
Thread count: 12 physical cores, 12 logical processors, using up to 1 threads

Optimize a model with 736 rows, 177 columns and 2162 nonzeros
Model fingerprint: 0x649536d3
Variable types: 117 continuous, 60 integer (60 binary)
Coefficient statistics:
  Matrix range     [1e+00, 1e+00]
  Objective range  [1e+01, 3e+02]
  Bounds range     [1e+00, 1e+00]
  RHS range        [1e+00, 2e+00]
Found heuristic solution: objective 3364.0000000
Presolve removed 116 rows and 32 columns
Presolve time: 0.00s
Presolved: 620 rows, 145 columns, 1791 nonzeros
Variable types: 0 continuous, 145 integer (145 binary)

Root relaxation: objective 0.000000e+00, 82 iterations, 0.00 seconds (0.00 work units)

    Nodes    |    Current Node    |     Objective Bounds      |     Work
 Expl Unexpl |  Obj  Depth IntInf | Incumbent    BestBd   Gap | It/Node Time

     0     0    0.00000    0   53 3364.00000    0.00000   100%     -    0s
H    0     0                    2206.0000000    0.00000   100%     -    0s
H    0     0                    1075.0000000    0.00000   100%     -    0s
     0     0   16.66667    0   71 1075.00000   16.66667  98.4%     -    0s
H    0     0                    1051.0000000   16.66667  98.4%     -    0s
     0     0  161.28696    0  100 1051.00000  161.28696  84.7%     -    0s
     0     0  163.58519    0   99 1051.00000  163.58519  84.4%     -    0s
     0     0  163.68953    0   99 1051.00000  163.68953  84.4%     -    0s
     0     0  163.73140    0  101 1051.00000  163.73140  84.4%     -    0s
     0     0  163.76842    0  102 1051.00000  163.76842  84.4%     -    0s
     0     0  198.21429    0   99 1051.00000  198.21429  81.1%     -    0s
     0     0  205.46296    0  104 1051.00000  205.46296  80.5%     -    0s
     0     0  211.21192    0  107 1051.00000  211.21192  79.9%     -    0s
     0     0  212.45902    0  108 1051.00000  212.45902  79.8%     -    0s
     0     0  212.50470    0  108 1051.00000  212.50470  79.8%     -    0s
     0     0  232.05000    0  108 1051.00000  232.05000  77.9%     -    0s
H    0     0                    1050.0000000  232.05000  77.9%     -    0s
H    0     0                     939.0000000  232.05000  75.3%     -    0s
     0     0  232.56657    0  108  939.00000  232.56657  75.2%     -    0s
     0     0  233.07567    0  108  939.00000  233.07567  75.2%     -    0s
     0     0  233.20550    0  108  939.00000  233.20550  75.2%     -    0s
     0     0  233.37017    0  108  939.00000  233.37017  75.1%     -    0s
     0     0  233.45130    0  110  939.00000  233.45130  75.1%     -    0s
     0     0  233.52017    0  108  939.00000  233.52017  75.1%     -    0s
     0     0  237.38199    0  107  939.00000  237.38199  74.7%     -    0s
     0     0  237.85790    0  110  939.00000  237.85790  74.7%     -    0s
     0     0  237.96570    0  110  939.00000  237.96570  74.7%     -    0s
     0     0  249.52543    0  111  939.00000  249.52543  73.4%     -    0s
     0     0  251.51531    0  111  939.00000  251.51531  73.2%     -    0s
     0     0  251.51703    0  111  939.00000  251.51703  73.2%     -    0s
     0     0  264.87453    0  107  939.00000  264.87453  71.8%     -    0s
     0     0  265.14333    0  108  939.00000  265.14333  71.8%     -    0s
     0     0  265.29167    0  107  939.00000  265.29167  71.7%     -    0s
     0     0  265.34155    0  107  939.00000  265.34155  71.7%     -    0s
     0     0  267.20312    0  110  939.00000  267.20312  71.5%     -    0s
     0     0  268.57306    0  104  939.00000  268.57306  71.4%     -    0s
     0     0  268.88128    0  107  939.00000  268.88128  71.4%     -    0s
     0     0  268.88128    0  103  939.00000  268.88128  71.4%     -    0s
     0     2  270.37671    0  103  939.00000  270.37671  71.2%     -    0s
*   30    11               9     938.0000000  457.00000  51.3%  30.3    0s
*   51    10               8     843.0000000  612.00000  27.4%  26.6    0s

Cutting planes:
  MIR: 6
  Zero half: 38
  RLT: 25
  BQP: 11

Explored 77 nodes (2648 simplex iterations) in 0.15 seconds (0.16 work units)
Thread count was 1 (of 12 available processors)

Solution count 8: 843 938 939 ... 3364

Optimal solution found (tolerance 1.00e-04)
Best objective 8.430000000000e+02, best bound 8.430000000000e+02, gap 0.0000%
843.0
