Set parameter Username
Academic license - for non-commercial use only - expires 2025-08-28
Set parameter Threads to value 1
Set parameter Method to value 4
Gurobi Optimizer version 11.0.0 build v11.0.0rc2 (mac64[arm] - Darwin 23.5.0 23F79)

CPU model: Apple M3 Pro
Thread count: 12 physical cores, 12 logical processors, using up to 1 threads

Optimize a model with 564 rows, 141 columns and 1660 nonzeros
Model fingerprint: 0x2fe01ab6
Variable types: 90 continuous, 51 integer (51 binary)
Coefficient statistics:
  Matrix range     [1e+00, 1e+00]
  Objective range  [1e+01, 3e+02]
  Bounds range     [1e+00, 1e+00]
  RHS range        [1e+00, 2e+00]
Found heuristic solution: objective 1900.0000000
Presolve removed 88 rows and 25 columns
Presolve time: 0.00s
Presolved: 476 rows, 116 columns, 1380 nonzeros
Variable types: 0 continuous, 116 integer (116 binary)

Root relaxation: objective 0.000000e+00, 57 iterations, 0.00 seconds (0.00 work units)

    Nodes    |    Current Node    |     Objective Bounds      |     Work
 Expl Unexpl |  Obj  Depth IntInf | Incumbent    BestBd   Gap | It/Node Time

     0     0    0.00000    0   26 1900.00000    0.00000   100%     -    0s
H    0     0                    1694.0000000    0.00000   100%     -    0s
H    0     0                     604.0000000    0.00000   100%     -    0s
H    0     0                     424.0000000    0.00000   100%     -    0s
     0     0    0.00000    0   54  424.00000    0.00000   100%     -    0s
H    0     0                     268.0000000    0.00000   100%     -    0s
     0     0   33.50000    0   37  268.00000   33.50000  87.5%     -    0s
     0     0   64.50000    0   41  268.00000   64.50000  75.9%     -    0s
     0     0   73.50000    0   43  268.00000   73.50000  72.6%     -    0s
     0     0   88.85714    0   82  268.00000   88.85714  66.8%     -    0s
     0     0   91.65625    0   80  268.00000   91.65625  65.8%     -    0s
     0     0   92.04855    0   82  268.00000   92.04855  65.7%     -    0s
     0     0   92.18977    0   80  268.00000   92.18977  65.6%     -    0s
     0     0   92.19018    0   80  268.00000   92.19018  65.6%     -    0s
     0     0   99.53846    0   83  268.00000   99.53846  62.9%     -    0s
     0     0   99.53846    0   30  268.00000   99.53846  62.9%     -    0s
     0     0   99.53846    0   66  268.00000   99.53846  62.9%     -    0s
     0     0  101.14744    0   67  268.00000  101.14744  62.3%     -    0s
     0     0  104.06038    0   66  268.00000  104.06038  61.2%     -    0s
     0     0  118.64789    0   66  268.00000  118.64789  55.7%     -    0s
     0     0  119.70136    0   67  268.00000  119.70136  55.3%     -    0s
     0     0  121.57632    0   68  268.00000  121.57632  54.6%     -    0s
     0     0  123.41667    0   68  268.00000  123.41667  53.9%     -    0s
     0     0  124.28571    0   68  268.00000  124.28571  53.6%     -    0s
     0     0  124.57143    0   69  268.00000  124.57143  53.5%     -    0s
     0     0  128.01012    0   69  268.00000  128.01012  52.2%     -    0s
     0     0  128.55446    0   69  268.00000  128.55446  52.0%     -    0s
     0     0  128.80000    0   69  268.00000  128.80000  51.9%     -    0s
     0     0  128.84722    0   69  268.00000  128.84722  51.9%     -    0s
     0     0  129.65635    0   69  268.00000  129.65635  51.6%     -    0s
     0     0  130.66373    0   70  268.00000  130.66373  51.2%     -    0s
     0     0  131.07946    0   71  268.00000  131.07946  51.1%     -    0s
     0     0  131.21053    0   67  268.00000  131.21053  51.0%     -    0s
     0     0  131.23568    0   71  268.00000  131.23568  51.0%     -    0s
     0     0  134.11364    0   69  268.00000  134.11364  50.0%     -    0s
     0     0  135.06250    0   64  268.00000  135.06250  49.6%     -    0s
     0     0  135.09459    0   67  268.00000  135.09459  49.6%     -    0s
     0     0  135.12500    0   68  268.00000  135.12500  49.6%     -    0s
     0     0  136.60000    0   66  268.00000  136.60000  49.0%     -    0s
     0     0  136.91509    0   69  268.00000  136.91509  48.9%     -    0s
     0     0  137.10000    0   66  268.00000  137.10000  48.8%     -    0s
     0     0  137.18966    0   69  268.00000  137.18966  48.8%     -    0s
     0     0  137.21698    0   69  268.00000  137.21698  48.8%     -    0s
     0     0  143.37440    0   69  268.00000  143.37440  46.5%     -    0s
     0     2  144.52000    0   69  268.00000  144.52000  46.1%     -    0s

Cutting planes:
  Gomory: 3
  MIR: 10
  Zero half: 27
  RLT: 9
  BQP: 11

Explored 7 nodes (1315 simplex iterations) in 0.13 seconds (0.14 work units)
Thread count was 1 (of 12 available processors)

Solution count 6: 268 424 448 ... 1900

Optimal solution found (tolerance 1.00e-04)
Best objective 2.680000000000e+02, best bound 2.680000000000e+02, gap 0.0000%
268.0
