Set parameter Username
Academic license - for non-commercial use only - expires 2025-08-28
Set parameter Threads to value 1
Set parameter Method to value 4
Gurobi Optimizer version 11.0.0 build v11.0.0rc2 (mac64[arm] - Darwin 23.5.0 23F79)

CPU model: Apple M3 Pro
Thread count: 12 physical cores, 12 logical processors, using up to 1 threads

Optimize a model with 679 rows, 165 columns and 1995 nonzeros
Model fingerprint: 0x64f671cb
Variable types: 108 continuous, 57 integer (57 binary)
Coefficient statistics:
  Matrix range     [1e+00, 1e+00]
  Objective range  [1e+01, 3e+02]
  Bounds range     [1e+00, 1e+00]
  RHS range        [1e+00, 2e+00]
Presolve removed 174 rows and 42 columns
Presolve time: 0.00s
Presolved: 505 rows, 123 columns, 1455 nonzeros
Variable types: 0 continuous, 123 integer (123 binary)
Found heuristic solution: objective 2019.0000000
Found heuristic solution: objective 1181.0000000
Found heuristic solution: objective 864.0000000

Root relaxation: objective 0.000000e+00, 76 iterations, 0.00 seconds (0.00 work units)

    Nodes    |    Current Node    |     Objective Bounds      |     Work
 Expl Unexpl |  Obj  Depth IntInf | Incumbent    BestBd   Gap | It/Node Time

     0     0    0.00000    0   32  864.00000    0.00000   100%     -    0s
H    0     0                     826.0000000    0.00000   100%     -    0s
     0     0    0.00000    0   60  826.00000    0.00000   100%     -    0s
     0     0   86.00000    0   68  826.00000   86.00000  89.6%     -    0s
     0     0  147.49359    0   82  826.00000  147.49359  82.1%     -    0s
     0     0  174.04375    0   90  826.00000  174.04375  78.9%     -    0s
H    0     0                     726.0000000  174.04375  76.0%     -    0s
     0     0  175.97527    0   90  726.00000  175.97527  75.8%     -    0s
     0     0  176.28231    0   89  726.00000  176.28231  75.7%     -    0s
     0     0  176.30000    0   89  726.00000  176.30000  75.7%     -    0s
     0     0  182.83333    0   85  726.00000  182.83333  74.8%     -    0s
     0     0  183.66667    0   85  726.00000  183.66667  74.7%     -    0s
     0     0  183.79583    0   91  726.00000  183.79583  74.7%     -    0s
     0     0  184.03333    0   89  726.00000  184.03333  74.7%     -    0s
     0     0  189.14286    0   88  726.00000  189.14286  73.9%     -    0s
     0     0  189.14286    0   88  726.00000  189.14286  73.9%     -    0s
     0     0  190.75000    0   87  726.00000  190.75000  73.7%     -    0s
     0     0  191.11765    0   90  726.00000  191.11765  73.7%     -    0s
     0     0  191.30000    0   90  726.00000  191.30000  73.7%     -    0s
     0     0  191.30000    0   90  726.00000  191.30000  73.7%     -    0s
     0     0  191.30000    0   88  726.00000  191.30000  73.7%     -    0s
H    0     0                     704.0000000  191.30000  72.8%     -    0s
     0     2  194.55000    0   86  704.00000  194.55000  72.4%     -    0s

Cutting planes:
  Gomory: 1
  MIR: 6
  Zero half: 14
  RLT: 17
  BQP: 11

Explored 31 nodes (1339 simplex iterations) in 0.08 seconds (0.10 work units)
Thread count was 1 (of 12 available processors)

Solution count 6: 704 726 826 ... 2019

Optimal solution found (tolerance 1.00e-04)
Best objective 7.040000000000e+02, best bound 7.040000000000e+02, gap 0.0000%
704.0
