Set parameter Username
Academic license - for non-commercial use only - expires 2025-08-28
Set parameter Threads to value 1
Set parameter Method to value 4
Gurobi Optimizer version 11.0.0 build v11.0.0rc2 (mac64[arm] - Darwin 23.5.0 23F79)

CPU model: Apple M3 Pro
Thread count: 12 physical cores, 12 logical processors, using up to 1 threads

Optimize a model with 564 rows, 141 columns and 1660 nonzeros
Model fingerprint: 0x6bc2df70
Variable types: 90 continuous, 51 integer (51 binary)
Coefficient statistics:
  Matrix range     [1e+00, 1e+00]
  Objective range  [1e+01, 3e+02]
  Bounds range     [1e+00, 1e+00]
  RHS range        [1e+00, 2e+00]
Presolve removed 88 rows and 25 columns
Presolve time: 0.00s
Presolved: 476 rows, 116 columns, 1380 nonzeros
Variable types: 0 continuous, 116 integer (116 binary)
Found heuristic solution: objective 942.0000000
Found heuristic solution: objective 440.0000000

Root relaxation: objective 0.000000e+00, 63 iterations, 0.00 seconds (0.00 work units)

    Nodes    |    Current Node    |     Objective Bounds      |     Work
 Expl Unexpl |  Obj  Depth IntInf | Incumbent    BestBd   Gap | It/Node Time

     0     0    0.00000    0   28  440.00000    0.00000   100%     -    0s
     0     0    0.00000    0   57  440.00000    0.00000   100%     -    0s
     0     0   48.00000    0   38  440.00000   48.00000  89.1%     -    0s
     0     0   54.50000    0   39  440.00000   54.50000  87.6%     -    0s
     0     0   83.66667    0   48  440.00000   83.66667  81.0%     -    0s
     0     0   86.00000    0   44  440.00000   86.00000  80.5%     -    0s
     0     0   92.25000    0   48  440.00000   92.25000  79.0%     -    0s
     0     0  117.07763    0   87  440.00000  117.07763  73.4%     -    0s
     0     0  118.43750    0   85  440.00000  118.43750  73.1%     -    0s
     0     0  119.07764    0   88  440.00000  119.07764  72.9%     -    0s
     0     0  119.12597    0   87  440.00000  119.12597  72.9%     -    0s
     0     0  119.49474    0   88  440.00000  119.49474  72.8%     -    0s
     0     0  134.80000    0   81  440.00000  134.80000  69.4%     -    0s
     0     0  134.80000    0   32  440.00000  134.80000  69.4%     -    0s
     0     0  134.80000    0   59  440.00000  134.80000  69.4%     -    0s
     0     0  134.80000    0   75  440.00000  134.80000  69.4%     -    0s
     0     0  134.80000    0   76  440.00000  134.80000  69.4%     -    0s
     0     0  135.20000    0   70  440.00000  135.20000  69.3%     -    0s
     0     0  135.24784    0   77  440.00000  135.24784  69.3%     -    0s
     0     0  135.31382    0   78  440.00000  135.31382  69.2%     -    0s
     0     0  135.40416    0   77  440.00000  135.40416  69.2%     -    0s
     0     0  135.40416    0   78  440.00000  135.40416  69.2%     -    0s
     0     0  137.75124    0   76  440.00000  137.75124  68.7%     -    0s
     0     0  137.84023    0   79  440.00000  137.84023  68.7%     -    0s
     0     0  137.89542    0   79  440.00000  137.89542  68.7%     -    0s
     0     0  138.03801    0   80  440.00000  138.03801  68.6%     -    0s
     0     0  138.03815    0   80  440.00000  138.03815  68.6%     -    0s
     0     0  142.90230    0   77  440.00000  142.90230  67.5%     -    0s
     0     0  143.49518    0   78  440.00000  143.49518  67.4%     -    0s
     0     0  143.66525    0   79  440.00000  143.66525  67.3%     -    0s
     0     0  143.73979    0   80  440.00000  143.73979  67.3%     -    0s
     0     0  143.82640    0   79  440.00000  143.82640  67.3%     -    0s
     0     0  143.82932    0   79  440.00000  143.82932  67.3%     -    0s
     0     0  145.47222    0   78  440.00000  145.47222  66.9%     -    0s
     0     0  145.47222    0   78  440.00000  145.47222  66.9%     -    0s
     0     0  154.10684    0   76  440.00000  154.10684  65.0%     -    0s
     0     0  154.35714    0   76  440.00000  154.35714  64.9%     -    0s
     0     0  154.42917    0   79  440.00000  154.42917  64.9%     -    0s
     0     0  154.44956    0   79  440.00000  154.44956  64.9%     -    0s
     0     0  154.49063    0   79  440.00000  154.49063  64.9%     -    0s
     0     0  154.49063    0   79  440.00000  154.49063  64.9%     -    0s
     0     0  160.59048    0   79  440.00000  160.59048  63.5%     -    0s
     0     2  169.79191    0   77  440.00000  169.79191  61.4%     -    0s

Cutting planes:
  MIR: 8
  Zero half: 23
  RLT: 15
  BQP: 9

Explored 24 nodes (1451 simplex iterations) in 0.12 seconds (0.14 work units)
Thread count was 1 (of 12 available processors)

Solution count 3: 440 942 1137 

Optimal solution found (tolerance 1.00e-04)
Best objective 4.400000000000e+02, best bound 4.400000000000e+02, gap 0.0000%
440.0
