Set parameter Username
Academic license - for non-commercial use only - expires 2025-08-28
Set parameter Threads to value 1
Set parameter Method to value 4
Gurobi Optimizer version 11.0.0 build v11.0.0rc2 (mac64[arm] - Darwin 23.5.0 23F79)

CPU model: Apple M3 Pro
Thread count: 12 physical cores, 12 logical processors, using up to 1 threads

Optimize a model with 736 rows, 177 columns and 2162 nonzeros
Model fingerprint: 0x68b40b61
Variable types: 117 continuous, 60 integer (60 binary)
Coefficient statistics:
  Matrix range     [1e+00, 1e+00]
  Objective range  [1e+01, 3e+02]
  Bounds range     [1e+00, 1e+00]
  RHS range        [1e+00, 2e+00]
Found heuristic solution: objective 3686.0000000
Presolve removed 116 rows and 32 columns
Presolve time: 0.00s
Presolved: 620 rows, 145 columns, 1791 nonzeros
Variable types: 0 continuous, 145 integer (145 binary)

Root relaxation: objective 0.000000e+00, 77 iterations, 0.00 seconds (0.00 work units)

    Nodes    |    Current Node    |     Objective Bounds      |     Work
 Expl Unexpl |  Obj  Depth IntInf | Incumbent    BestBd   Gap | It/Node Time

     0     0    0.00000    0   40 3686.00000    0.00000   100%     -    0s
H    0     0                    3206.0000000    0.00000   100%     -    0s
H    0     0                    1446.0000000    0.00000   100%     -    0s
H    0     0                    1250.0000000    0.00000   100%     -    0s
     0     0    0.00000    0   66 1250.00000    0.00000   100%     -    0s
H    0     0                    1022.0000000    0.00000   100%     -    0s
     0     0  107.74476    0   85 1022.00000  107.74476  89.5%     -    0s
     0     0  131.85714    0   93 1022.00000  131.85714  87.1%     -    0s
     0     0  132.80000    0   93 1022.00000  132.80000  87.0%     -    0s
     0     0  160.32143    0   93 1022.00000  160.32143  84.3%     -    0s
     0     0  161.09375    0   96 1022.00000  161.09375  84.2%     -    0s
     0     0  170.11111    0   94 1022.00000  170.11111  83.4%     -    0s
     0     0  172.38753    0  103 1022.00000  172.38753  83.1%     -    0s
     0     0  172.39374    0  102 1022.00000  172.39374  83.1%     -    0s
     0     0  176.56250    0   98 1022.00000  176.56250  82.7%     -    0s
     0     0  177.06287    0  104 1022.00000  177.06287  82.7%     -    0s
     0     0  177.35268    0  103 1022.00000  177.35268  82.6%     -    0s
     0     0  177.49043    0  103 1022.00000  177.49043  82.6%     -    0s
     0     0  180.37500    0  100 1022.00000  180.37500  82.4%     -    0s
H    0     0                     812.0000000  180.37500  77.8%     -    0s
     0     0  184.47500    0   99  812.00000  184.47500  77.3%     -    0s
     0     0  184.82477    0  102  812.00000  184.82477  77.2%     -    0s
     0     0  184.82477    0  104  812.00000  184.82477  77.2%     -    0s
     0     0  184.82477    0  104  812.00000  184.82477  77.2%     -    0s
     0     2  184.89369    0  101  812.00000  184.89369  77.2%     -    0s
*   26    10               7     808.0000000  408.66667  49.4%  29.2    0s
*   50    13               8     792.0000000  538.50000  32.0%  24.3    0s
H   56     9                     764.0000000  538.50000  29.5%  22.3    0s

Cutting planes:
  MIR: 7
  Zero half: 21
  RLT: 27
  BQP: 19

Explored 81 nodes (2271 simplex iterations) in 0.12 seconds (0.13 work units)
Thread count was 1 (of 12 available processors)

Solution count 9: 764 792 808 ... 3686

Optimal solution found (tolerance 1.00e-04)
Best objective 7.640000000000e+02, best bound 7.640000000000e+02, gap 0.0000%
764.0
