Set parameter Username
Academic license - for non-commercial use only - expires 2025-08-28
Set parameter Threads to value 1
Set parameter Method to value 4
Gurobi Optimizer version 11.0.0 build v11.0.0rc2 (mac64[arm] - Darwin 23.5.0 23F79)

CPU model: Apple M3 Pro
Thread count: 12 physical cores, 12 logical processors, using up to 1 threads

Optimize a model with 679 rows, 165 columns and 1995 nonzeros
Model fingerprint: 0x343f3775
Variable types: 108 continuous, 57 integer (57 binary)
Coefficient statistics:
  Matrix range     [1e+00, 1e+00]
  Objective range  [1e+01, 3e+02]
  Bounds range     [1e+00, 1e+00]
  RHS range        [1e+00, 2e+00]
Found heuristic solution: objective 2437.0000000
Presolve removed 108 rows and 30 columns
Presolve time: 0.00s
Presolved: 571 rows, 135 columns, 1650 nonzeros
Variable types: 0 continuous, 135 integer (135 binary)

Root relaxation: objective 0.000000e+00, 78 iterations, 0.00 seconds (0.00 work units)

    Nodes    |    Current Node    |     Objective Bounds      |     Work
 Expl Unexpl |  Obj  Depth IntInf | Incumbent    BestBd   Gap | It/Node Time

     0     0    0.00000    0   41 2437.00000    0.00000   100%     -    0s
H    0     0                    1430.0000000    0.00000   100%     -    0s
H    0     0                    1422.0000000    0.00000   100%     -    0s
H    0     0                    1266.0000000    0.00000   100%     -    0s
     0     0    0.00000    0   54 1266.00000    0.00000   100%     -    0s
H    0     0                    1159.0000000    0.00000   100%     -    0s
H    0     0                     777.0000000    0.00000   100%     -    0s
H    0     0                     767.0000000    0.00000   100%     -    0s
     0     0   93.16667    0   83  767.00000   93.16667  87.9%     -    0s
H    0     0                     574.0000000   93.16667  83.8%     -    0s
H    0     0                     548.0000000   93.16667  83.0%     -    0s
     0     0   97.07143    0   82  548.00000   97.07143  82.3%     -    0s
     0     0   97.50000    0   82  548.00000   97.50000  82.2%     -    0s
     0     0   97.69000    0   86  548.00000   97.69000  82.2%     -    0s
     0     0  122.61782    0   93  548.00000  122.61782  77.6%     -    0s
H    0     0                     512.0000000  122.61782  76.1%     -    0s
H    0     0                     482.0000000  122.61782  74.6%     -    0s
     0     0  124.92254    0   96  482.00000  124.92254  74.1%     -    0s
     0     0  126.36068    0   96  482.00000  126.36068  73.8%     -    0s
     0     0  126.53921    0   96  482.00000  126.53921  73.7%     -    0s
     0     0  126.58425    0   96  482.00000  126.58425  73.7%     -    0s
     0     0  126.58425    0   96  482.00000  126.58425  73.7%     -    0s
     0     0  133.72335    0   96  482.00000  133.72335  72.3%     -    0s
     0     0  135.71067    0   95  482.00000  135.71067  71.8%     -    0s
     0     0  136.02994    0   96  482.00000  136.02994  71.8%     -    0s
     0     0  136.24545    0   95  482.00000  136.24545  71.7%     -    0s
     0     0  136.40000    0   89  482.00000  136.40000  71.7%     -    0s
     0     0  136.40000    0   91  482.00000  136.40000  71.7%     -    0s
     0     0  137.39455    0   96  482.00000  137.39455  71.5%     -    0s
H    0     0                     452.0000000  137.39455  69.6%     -    0s
     0     0  138.66916    0   95  452.00000  138.66916  69.3%     -    0s
     0     0  138.89706    0   95  452.00000  138.89706  69.3%     -    0s
     0     0  138.89783    0   95  452.00000  138.89783  69.3%     -    0s
     0     0  139.06250    0   94  452.00000  139.06250  69.2%     -    0s
     0     0  142.06338    0   92  452.00000  142.06338  68.6%     -    0s
     0     0  143.78125    0   93  452.00000  143.78125  68.2%     -    0s
     0     0  143.82500    0   94  452.00000  143.82500  68.2%     -    0s
     0     0  143.83333    0   93  452.00000  143.83333  68.2%     -    0s
     0     0  143.83333    0   94  452.00000  143.83333  68.2%     -    0s
     0     0  143.83333    0   93  452.00000  143.83333  68.2%     -    0s
     0     0  143.83333    0   91  452.00000  143.83333  68.2%     -    0s
H    0     0                     404.0000000  143.83333  64.4%     -    0s
     0     0  143.83333    0   36  404.00000  143.83333  64.4%     -    0s
     0     0  143.83333    0   91  404.00000  143.83333  64.4%     -    0s
     0     0  143.83333    0   83  404.00000  143.83333  64.4%     -    0s
     0     0  144.86544    0   91  404.00000  144.86544  64.1%     -    0s
     0     0  145.82972    0   91  404.00000  145.82972  63.9%     -    0s
     0     0  145.93387    0   90  404.00000  145.93387  63.9%     -    0s
     0     0  145.94696    0   90  404.00000  145.94696  63.9%     -    0s
     0     0  147.79914    0   90  404.00000  147.79914  63.4%     -    0s
     0     0  148.21463    0   90  404.00000  148.21463  63.3%     -    0s
     0     0  148.21795    0   90  404.00000  148.21795  63.3%     -    0s
     0     0  149.39815    0   90  404.00000  149.39815  63.0%     -    0s
     0     0  149.48958    0   91  404.00000  149.48958  63.0%     -    0s
     0     0  149.61118    0   91  404.00000  149.61118  63.0%     -    0s
     0     0  149.63194    0   91  404.00000  149.63194  63.0%     -    0s
     0     0  150.79841    0   91  404.00000  150.79841  62.7%     -    0s
     0     0  152.37500    0   91  404.00000  152.37500  62.3%     -    0s
     0     0  153.09007    0   92  404.00000  153.09007  62.1%     -    0s
     0     0  153.19652    0   91  404.00000  153.19652  62.1%     -    0s
     0     0  163.21404    0   91  404.00000  163.21404  59.6%     -    0s
     0     2  164.21849    0   91  404.00000  164.21849  59.4%     -    0s

Cutting planes:
  MIR: 15
  Zero half: 19
  RLT: 28
  BQP: 24

Explored 42 nodes (2570 simplex iterations) in 0.20 seconds (0.26 work units)
Thread count was 1 (of 12 available processors)

Solution count 10: 404 452 482 ... 1266

Optimal solution found (tolerance 1.00e-04)
Best objective 4.040000000000e+02, best bound 4.040000000000e+02, gap 0.0000%
404.0
