Set parameter Username
Academic license - for non-commercial use only - expires 2025-08-28
Set parameter Threads to value 1
Set parameter Method to value 4
Gurobi Optimizer version 11.0.0 build v11.0.0rc2 (mac64[arm] - Darwin 23.5.0 23F79)

CPU model: Apple M3 Pro
Thread count: 12 physical cores, 12 logical processors, using up to 1 threads

Optimize a model with 564 rows, 141 columns and 1660 nonzeros
Model fingerprint: 0x8fe964c9
Variable types: 90 continuous, 51 integer (51 binary)
Coefficient statistics:
  Matrix range     [1e+00, 1e+00]
  Objective range  [1e+01, 3e+02]
  Bounds range     [1e+00, 1e+00]
  RHS range        [1e+00, 2e+00]
Presolve removed 88 rows and 25 columns
Presolve time: 0.00s
Presolved: 476 rows, 116 columns, 1380 nonzeros
Variable types: 0 continuous, 116 integer (116 binary)
Found heuristic solution: objective 953.0000000
Found heuristic solution: objective 435.0000000

Root relaxation: objective 0.000000e+00, 63 iterations, 0.00 seconds (0.00 work units)

    Nodes    |    Current Node    |     Objective Bounds      |     Work
 Expl Unexpl |  Obj  Depth IntInf | Incumbent    BestBd   Gap | It/Node Time

     0     0    0.00000    0   28  435.00000    0.00000   100%     -    0s
     0     0    0.00000    0   57  435.00000    0.00000   100%     -    0s
     0     0   48.00000    0   38  435.00000   48.00000  89.0%     -    0s
     0     0   55.00000    0   39  435.00000   55.00000  87.4%     -    0s
     0     0   96.57513    0   82  435.00000   96.57513  77.8%     -    0s
     0     0  101.00000    0   47  435.00000  101.00000  76.8%     -    0s
     0     0  101.77778    0   69  435.00000  101.77778  76.6%     -    0s
     0     0  102.68182    0   69  435.00000  102.68182  76.4%     -    0s
     0     0  103.25000    0   67  435.00000  103.25000  76.3%     -    0s
     0     0  103.25641    0   79  435.00000  103.25641  76.3%     -    0s
     0     0  124.75577    0   88  435.00000  124.75577  71.3%     -    0s
     0     0  126.78024    0   90  435.00000  126.78024  70.9%     -    0s
     0     0  128.53168    0   90  435.00000  128.53168  70.5%     -    0s
     0     0  128.69048    0   90  435.00000  128.69048  70.4%     -    0s
     0     0  128.76884    0   91  435.00000  128.76884  70.4%     -    0s
     0     0  128.77273    0   92  435.00000  128.77273  70.4%     -    0s
     0     0  130.50000    0   88  435.00000  130.50000  70.0%     -    0s
     0     0  130.50000    0   32  435.00000  130.50000  70.0%     -    0s
     0     0  130.50000    0   73  435.00000  130.50000  70.0%     -    0s
     0     0  134.67951    0   78  435.00000  134.67951  69.0%     -    0s
     0     0  135.55419    0   77  435.00000  135.55419  68.8%     -    0s
     0     0  135.58219    0   77  435.00000  135.58219  68.8%     -    0s
     0     0  138.86295    0   79  435.00000  138.86295  68.1%     -    0s
     0     0  139.72163    0   81  435.00000  139.72163  67.9%     -    0s
     0     0  140.00000    0   75  435.00000  140.00000  67.8%     -    0s
     0     0  140.00000    0   80  435.00000  140.00000  67.8%     -    0s
     0     0  142.76841    0   78  435.00000  142.76841  67.2%     -    0s
     0     0  144.50000    0   75  435.00000  144.50000  66.8%     -    0s
     0     0  145.55056    0   78  435.00000  145.55056  66.5%     -    0s
     0     0  145.80000    0   72  435.00000  145.80000  66.5%     -    0s
     0     0  150.02564    0   78  435.00000  150.02564  65.5%     -    0s
     0     0  150.18628    0   78  435.00000  150.18628  65.5%     -    0s
     0     0  150.35613    0   80  435.00000  150.35613  65.4%     -    0s
     0     0  150.36143    0   80  435.00000  150.36143  65.4%     -    0s
     0     0  150.37263    0   82  435.00000  150.37263  65.4%     -    0s
     0     0  150.44029    0   82  435.00000  150.44029  65.4%     -    0s
     0     0  150.44149    0   82  435.00000  150.44149  65.4%     -    0s
     0     0  150.45215    0   82  435.00000  150.45215  65.4%     -    0s
     0     0  161.02160    0   82  435.00000  161.02160  63.0%     -    0s
     0     2  164.33600    0   82  435.00000  164.33600  62.2%     -    0s

Cutting planes:
  MIR: 2
  Zero half: 31
  RLT: 15
  BQP: 13

Explored 20 nodes (1511 simplex iterations) in 0.12 seconds (0.13 work units)
Thread count was 1 (of 12 available processors)

Solution count 3: 435 953 1143 

Optimal solution found (tolerance 1.00e-04)
Best objective 4.350000000000e+02, best bound 4.350000000000e+02, gap 0.0000%
435.0
