Set parameter Username
Academic license - for non-commercial use only - expires 2025-08-28
Set parameter Threads to value 1
Set parameter Method to value 4
Gurobi Optimizer version 11.0.0 build v11.0.0rc2 (mac64[arm] - Darwin 23.5.0 23F79)

CPU model: Apple M3 Pro
Thread count: 12 physical cores, 12 logical processors, using up to 1 threads

Optimize a model with 621 rows, 153 columns and 1827 nonzeros
Model fingerprint: 0x9a2dbec1
Variable types: 99 continuous, 54 integer (54 binary)
Coefficient statistics:
  Matrix range     [1e+00, 1e+00]
  Objective range  [1e+01, 3e+02]
  Bounds range     [1e+00, 1e+00]
  RHS range        [1e+00, 2e+00]
Found heuristic solution: objective 2622.0000000
Presolve removed 96 rows and 27 columns
Presolve time: 0.00s
Presolved: 525 rows, 126 columns, 1521 nonzeros
Variable types: 0 continuous, 126 integer (126 binary)

Root relaxation: objective 0.000000e+00, 58 iterations, 0.00 seconds (0.00 work units)

    Nodes    |    Current Node    |     Objective Bounds      |     Work
 Expl Unexpl |  Obj  Depth IntInf | Incumbent    BestBd   Gap | It/Node Time

     0     0    0.00000    0   36 2622.00000    0.00000   100%     -    0s
H    0     0                    1950.0000000    0.00000   100%     -    0s
H    0     0                     876.0000000    0.00000   100%     -    0s
H    0     0                     742.0000000    0.00000   100%     -    0s
     0     0    0.00000    0   56  742.00000    0.00000   100%     -    0s
H    0     0                     547.0000000    0.00000   100%     -    0s
     0     0   77.52941    0   82  547.00000   77.52941  85.8%     -    0s
H    0     0                     527.0000000   77.52941  85.3%     -    0s
     0     0   86.50000    0   44  527.00000   86.50000  83.6%     -    0s
     0     0  108.83593    0   89  527.00000  108.83593  79.3%     -    0s
H    0     0                     518.0000000  108.83593  79.0%     -    0s
H    0     0                     498.0000000  108.83593  78.1%     -    0s
     0     0  117.65311    0   79  498.00000  117.65311  76.4%     -    0s
     0     0  118.58874    0   89  498.00000  118.58874  76.2%     -    0s
     0     0  120.38340    0   89  498.00000  120.38340  75.8%     -    0s
     0     0  121.30629    0   87  498.00000  121.30629  75.6%     -    0s
     0     0  121.52101    0   86  498.00000  121.52101  75.6%     -    0s
     0     0  124.79800    0   91  498.00000  124.79800  74.9%     -    0s
H    0     0                     477.0000000  124.79800  73.8%     -    0s
H    0     0                     447.0000000  124.79800  72.1%     -    0s
     0     0  126.73541    0   90  447.00000  126.73541  71.6%     -    0s
     0     0  127.00000    0   51  447.00000  127.00000  71.6%     -    0s
     0     0  127.00000    0   50  447.00000  127.00000  71.6%     -    0s
     0     0  127.56250    0   84  447.00000  127.56250  71.5%     -    0s
     0     0  127.56250    0   85  447.00000  127.56250  71.5%     -    0s
     0     0  127.67857    0   89  447.00000  127.67857  71.4%     -    0s
     0     0  127.68750    0   85  447.00000  127.68750  71.4%     -    0s
     0     0  128.84278    0   88  447.00000  128.84278  71.2%     -    0s
     0     0  129.28014    0   87  447.00000  129.28014  71.1%     -    0s
     0     0  133.63158    0   86  447.00000  133.63158  70.1%     -    0s
     0     0  133.72840    0   89  447.00000  133.72840  70.1%     -    0s
     0     0  133.75893    0   87  447.00000  133.75893  70.1%     -    0s
     0     0  133.75893    0   87  447.00000  133.75893  70.1%     -    0s
     0     0  133.75893    0   34  447.00000  133.75893  70.1%     -    0s
     0     0  133.75893    0   69  447.00000  133.75893  70.1%     -    0s
H    0     0                     367.0000000  133.75893  63.6%     -    0s
     0     0  133.75893    0   83  367.00000  133.75893  63.6%     -    0s
     0     0  133.75893    0   68  367.00000  133.75893  63.6%     -    0s
     0     0  133.76471    0   75  367.00000  133.76471  63.6%     -    0s
     0     0  134.04464    0   78  367.00000  134.04464  63.5%     -    0s
     0     0  134.17424    0   82  367.00000  134.17424  63.4%     -    0s
     0     0  134.18750    0   71  367.00000  134.18750  63.4%     -    0s
     0     0  134.20238    0   80  367.00000  134.20238  63.4%     -    0s
     0     0  134.20238    0   80  367.00000  134.20238  63.4%     -    0s
     0     0  142.19141    0   80  367.00000  142.19141  61.3%     -    0s
     0     2  150.64926    0   80  367.00000  150.64926  59.0%     -    0s

Cutting planes:
  MIR: 3
  Zero half: 31
  RLT: 12
  BQP: 13

Explored 23 nodes (1840 simplex iterations) in 0.19 seconds (0.20 work units)
Thread count was 1 (of 12 available processors)

Solution count 10: 367 447 477 ... 1950

Optimal solution found (tolerance 1.00e-04)
Best objective 3.670000000000e+02, best bound 3.670000000000e+02, gap 0.0000%
367.0
