Set parameter Username
Academic license - for non-commercial use only - expires 2025-08-28
Set parameter Threads to value 1
Set parameter Method to value 4
Gurobi Optimizer version 11.0.0 build v11.0.0rc2 (mac64[arm] - Darwin 23.5.0 23F79)

CPU model: Apple M3 Pro
Thread count: 12 physical cores, 12 logical processors, using up to 1 threads

Optimize a model with 507 rows, 129 columns and 1493 nonzeros
Model fingerprint: 0x13a9cc8e
Variable types: 81 continuous, 48 integer (48 binary)
Coefficient statistics:
  Matrix range     [1e+00, 1e+00]
  Objective range  [1e+01, 3e+02]
  Bounds range     [1e+00, 1e+00]
  RHS range        [1e+00, 2e+00]
Presolve removed 80 rows and 23 columns
Presolve time: 0.00s
Presolved: 427 rows, 106 columns, 1239 nonzeros
Variable types: 0 continuous, 106 integer (106 binary)
Found heuristic solution: objective 1568.0000000
Found heuristic solution: objective 486.0000000
Found heuristic solution: objective 411.0000000

Root relaxation: objective 0.000000e+00, 59 iterations, 0.00 seconds (0.00 work units)

    Nodes    |    Current Node    |     Objective Bounds      |     Work
 Expl Unexpl |  Obj  Depth IntInf | Incumbent    BestBd   Gap | It/Node Time

     0     0    0.00000    0   24  411.00000    0.00000   100%     -    0s
H    0     0                     200.0000000    0.00000   100%     -    0s
     0     0    0.00000    0   51  200.00000    0.00000   100%     -    0s
     0     0   46.00000    0   34  200.00000   46.00000  77.0%     -    0s
     0     0   49.87500    0   54  200.00000   49.87500  75.1%     -    0s
     0     0   50.80000    0   56  200.00000   50.80000  74.6%     -    0s
     0     0   79.00000    0   49  200.00000   79.00000  60.5%     -    0s
     0     0   79.00000    0   28  200.00000   79.00000  60.5%     -    0s
     0     0   79.00000    0   51  200.00000   79.00000  60.5%     -    0s
     0     0   79.38095    0   57  200.00000   79.38095  60.3%     -    0s
     0     0   82.50000    0   41  200.00000   82.50000  58.8%     -    0s
     0     0   88.61150    0   63  200.00000   88.61150  55.7%     -    0s
     0     0   90.85624    0   67  200.00000   90.85624  54.6%     -    0s
     0     0   91.67774    0   67  200.00000   91.67774  54.2%     -    0s
     0     0   91.86207    0   66  200.00000   91.86207  54.1%     -    0s
     0     0   91.86878    0   66  200.00000   91.86878  54.1%     -    0s
     0     0   92.34634    0   67  200.00000   92.34634  53.8%     -    0s
     0     0   92.52523    0   68  200.00000   92.52523  53.7%     -    0s
     0     0   92.55240    0   69  200.00000   92.55240  53.7%     -    0s
     0     0   92.56956    0   70  200.00000   92.56956  53.7%     -    0s
     0     0   92.69925    0   70  200.00000   92.69925  53.7%     -    0s
     0     0   92.83333    0   67  200.00000   92.83333  53.6%     -    0s
     0     0  101.11275    0   67  200.00000  101.11275  49.4%     -    0s
     0     2  105.71111    0   65  200.00000  105.71111  47.1%     -    0s

Cutting planes:
  MIR: 5
  Zero half: 30
  RLT: 11
  BQP: 5

Explored 9 nodes (862 simplex iterations) in 0.07 seconds (0.08 work units)
Thread count was 1 (of 12 available processors)

Solution count 4: 200 411 486 1568 

Optimal solution found (tolerance 1.00e-04)
Best objective 2.000000000000e+02, best bound 2.000000000000e+02, gap 0.0000%
200.0
