Set parameter Username
Academic license - for non-commercial use only - expires 2025-08-28
Set parameter Threads to value 1
Set parameter Method to value 4
Gurobi Optimizer version 11.0.0 build v11.0.0rc2 (mac64[arm] - Darwin 23.5.0 23F79)

CPU model: Apple M3 Pro
Thread count: 12 physical cores, 12 logical processors, using up to 1 threads

Optimize a model with 737 rows, 177 columns and 2163 nonzeros
Model fingerprint: 0xb84da364
Variable types: 117 continuous, 60 integer (60 binary)
Coefficient statistics:
  Matrix range     [1e+00, 1e+00]
  Objective range  [1e+01, 3e+02]
  Bounds range     [1e+00, 1e+00]
  RHS range        [1e+00, 2e+00]
Presolve removed 192 rows and 46 columns
Presolve time: 0.00s
Presolved: 545 rows, 131 columns, 1566 nonzeros
Variable types: 0 continuous, 131 integer (131 binary)
Found heuristic solution: objective 3274.0000000
Found heuristic solution: objective 1465.0000000
Found heuristic solution: objective 1437.0000000

Root relaxation: objective 0.000000e+00, 78 iterations, 0.00 seconds (0.00 work units)

    Nodes    |    Current Node    |     Objective Bounds      |     Work
 Expl Unexpl |  Obj  Depth IntInf | Incumbent    BestBd   Gap | It/Node Time

     0     0    0.00000    0   34 1437.00000    0.00000   100%     -    0s
H    0     0                     900.0000000    0.00000   100%     -    0s
     0     0    0.00000    0   59  900.00000    0.00000   100%     -    0s
H    0     0                     710.0000000    0.00000   100%     -    0s
     0     0  106.80000    0   76  710.00000  106.80000  85.0%     -    0s
     0     0  111.41667    0   75  710.00000  111.41667  84.3%     -    0s
     0     0  113.13333    0   76  710.00000  113.13333  84.1%     -    0s
     0     0  156.16667    0   89  710.00000  156.16667  78.0%     -    0s
     0     0  157.66843    0   90  710.00000  157.66843  77.8%     -    0s
     0     0  161.81515    0   89  710.00000  161.81515  77.2%     -    0s
     0     0  162.48000    0   91  710.00000  162.48000  77.1%     -    0s
     0     0  169.85714    0   89  710.00000  169.85714  76.1%     -    0s
     0     0  169.88889    0   89  710.00000  169.88889  76.1%     -    0s
     0     0  178.44149    0   91  710.00000  178.44149  74.9%     -    0s
     0     0  184.00000    0   82  710.00000  184.00000  74.1%     -    0s
     0     0  186.56000    0   91  710.00000  186.56000  73.7%     -    0s
     0     0  186.82775    0   97  710.00000  186.82775  73.7%     -    0s
     0     0  186.90576    0   97  710.00000  186.90576  73.7%     -    0s
     0     0  186.92761    0   97  710.00000  186.92761  73.7%     -    0s
     0     0  199.55851    0   97  710.00000  199.55851  71.9%     -    0s
     0     0  203.42040    0  101  710.00000  203.42040  71.3%     -    0s
     0     0  203.54705    0  103  710.00000  203.54705  71.3%     -    0s
     0     0  203.72603    0  102  710.00000  203.72603  71.3%     -    0s
     0     0  203.82464    0  102  710.00000  203.82464  71.3%     -    0s
     0     0  203.83636    0  102  710.00000  203.83636  71.3%     -    0s
     0     0  205.19086    0  103  710.00000  205.19086  71.1%     -    0s
     0     0  205.65625    0  103  710.00000  205.65625  71.0%     -    0s
     0     0  205.67788    0  102  710.00000  205.67788  71.0%     -    0s
     0     0  210.81676    0  101  710.00000  210.81676  70.3%     -    0s
     0     0  211.38374    0  103  710.00000  211.38374  70.2%     -    0s
     0     0  211.95752    0  103  710.00000  211.95752  70.1%     -    0s
     0     0  212.03125    0  101  710.00000  212.03125  70.1%     -    0s
     0     0  212.05423    0  102  710.00000  212.05423  70.1%     -    0s
     0     0  212.05423    0  104  710.00000  212.05423  70.1%     -    0s
     0     0  212.05423    0  104  710.00000  212.05423  70.1%     -    0s
     0     0  212.05423    0  103  710.00000  212.05423  70.1%     -    0s
     0     0  212.07778    0  101  710.00000  212.07778  70.1%     -    0s
     0     0  212.07778    0   98  710.00000  212.07778  70.1%     -    0s
     0     2  212.86061    0   98  710.00000  212.86061  70.0%     -    0s

Cutting planes:
  MIR: 12
  Zero half: 27
  RLT: 19
  BQP: 11

Explored 38 nodes (1737 simplex iterations) in 0.12 seconds (0.14 work units)
Thread count was 1 (of 12 available processors)

Solution count 5: 710 900 1437 ... 3274

Optimal solution found (tolerance 1.00e-04)
Best objective 7.100000000000e+02, best bound 7.100000000000e+02, gap 0.0000%
710.0
