Set parameter Username
Academic license - for non-commercial use only - expires 2025-08-28
Set parameter Threads to value 1
Set parameter Method to value 4
Gurobi Optimizer version 11.0.0 build v11.0.0rc2 (mac64[arm] - Darwin 23.5.0 23F79)

CPU model: Apple M3 Pro
Thread count: 12 physical cores, 12 logical processors, using up to 1 threads

Optimize a model with 621 rows, 153 columns and 1827 nonzeros
Model fingerprint: 0x1152927b
Variable types: 99 continuous, 54 integer (54 binary)
Coefficient statistics:
  Matrix range     [1e+00, 1e+00]
  Objective range  [1e+01, 3e+02]
  Bounds range     [1e+00, 1e+00]
  RHS range        [1e+00, 2e+00]
Presolve removed 96 rows and 27 columns
Presolve time: 0.00s
Presolved: 525 rows, 126 columns, 1521 nonzeros
Variable types: 0 continuous, 126 integer (126 binary)
Found heuristic solution: objective 1724.0000000
Found heuristic solution: objective 1078.0000000

Root relaxation: objective 0.000000e+00, 72 iterations, 0.00 seconds (0.00 work units)

    Nodes    |    Current Node    |     Objective Bounds      |     Work
 Expl Unexpl |  Obj  Depth IntInf | Incumbent    BestBd   Gap | It/Node Time

     0     0    0.00000    0   48 1078.00000    0.00000   100%     -    0s
H    0     0                     876.0000000    0.00000   100%     -    0s
H    0     0                     776.0000000    0.00000   100%     -    0s
     0     0    7.04000    0   68  776.00000    7.04000  99.1%     -    0s
H    0     0                     662.0000000    7.04000  98.9%     -    0s
     0     0   59.00000    0   42  662.00000   59.00000  91.1%     -    0s
     0     0  104.72668    0   76  662.00000  104.72668  84.2%     -    0s
     0     0  110.15107    0   90  662.00000  110.15107  83.4%     -    0s
     0     0  110.81061    0   87  662.00000  110.81061  83.3%     -    0s
     0     0  137.75546    0   99  662.00000  137.75546  79.2%     -    0s
H    0     0                     646.0000000  137.75546  78.7%     -    0s
     0     0  140.38079    0   97  646.00000  140.38079  78.3%     -    0s
     0     0  141.15980    0   96  646.00000  141.15980  78.1%     -    0s
     0     0  141.29045    0   97  646.00000  141.29045  78.1%     -    0s
     0     0  141.30694    0   97  646.00000  141.30694  78.1%     -    0s
     0     0  152.47917    0   96  646.00000  152.47917  76.4%     -    0s
     0     0  156.50320    0  100  646.00000  156.50320  75.8%     -    0s
     0     0  157.26758    0  100  646.00000  157.26758  75.7%     -    0s
     0     0  157.29885    0  100  646.00000  157.29885  75.7%     -    0s
     0     0  159.61506    0   99  646.00000  159.61506  75.3%     -    0s
     0     0  160.14888    0  104  646.00000  160.14888  75.2%     -    0s
     0     0  160.22878    0  103  646.00000  160.22878  75.2%     -    0s
     0     0  160.22878    0  100  646.00000  160.22878  75.2%     -    0s
H    0     0                     640.0000000  160.22878  75.0%     -    0s
     0     2  161.24627    0  100  640.00000  161.24627  74.8%     -    0s
H    9     1                     626.0000000  161.31851  74.2%  30.3    0s

Cutting planes:
  MIR: 6
  Zero half: 39
  RLT: 16
  BQP: 13

Explored 84 nodes (2623 simplex iterations) in 0.12 seconds (0.13 work units)
Thread count was 1 (of 12 available processors)

Solution count 8: 626 640 646 ... 1724

Optimal solution found (tolerance 1.00e-04)
Best objective 6.260000000000e+02, best bound 6.260000000000e+02, gap 0.0000%
626.0
