Set parameter Username
Academic license - for non-commercial use only - expires 2025-08-28
Set parameter Threads to value 1
Set parameter Method to value 4
Gurobi Optimizer version 11.0.0 build v11.0.0rc2 (mac64[arm] - Darwin 23.5.0 23F79)

CPU model: Apple M3 Pro
Thread count: 12 physical cores, 12 logical processors, using up to 1 threads

Optimize a model with 736 rows, 177 columns and 2162 nonzeros
Model fingerprint: 0x6d39a5c8
Variable types: 117 continuous, 60 integer (60 binary)
Coefficient statistics:
  Matrix range     [1e+00, 1e+00]
  Objective range  [1e+01, 3e+02]
  Bounds range     [1e+00, 1e+00]
  RHS range        [1e+00, 2e+00]
Found heuristic solution: objective 3616.0000000
Presolve removed 116 rows and 32 columns
Presolve time: 0.00s
Presolved: 620 rows, 145 columns, 1791 nonzeros
Variable types: 0 continuous, 145 integer (145 binary)

Root relaxation: objective 0.000000e+00, 77 iterations, 0.00 seconds (0.00 work units)

    Nodes    |    Current Node    |     Objective Bounds      |     Work
 Expl Unexpl |  Obj  Depth IntInf | Incumbent    BestBd   Gap | It/Node Time

     0     0    0.00000    0   40 3616.00000    0.00000   100%     -    0s
H    0     0                    3160.0000000    0.00000   100%     -    0s
H    0     0                    1369.0000000    0.00000   100%     -    0s
H    0     0                    1184.0000000    0.00000   100%     -    0s
     0     0    0.00000    0   65 1184.00000    0.00000   100%     -    0s
H    0     0                     965.0000000    0.00000   100%     -    0s
H    0     0                     873.0000000    0.00000   100%     -    0s
     0     0  113.03010    0   91  873.00000  113.03010  87.1%     -    0s
H    0     0                     823.0000000  113.03010  86.3%     -    0s
     0     0  126.39394    0   88  823.00000  126.39394  84.6%     -    0s
     0     0  130.33333    0   88  823.00000  130.33333  84.2%     -    0s
     0     0  132.53226    0   91  823.00000  132.53226  83.9%     -    0s
     0     0  159.37500    0   91  823.00000  159.37500  80.6%     -    0s
H    0     0                     751.0000000  159.37500  78.8%     -    0s
     0     0  161.14216    0   99  751.00000  161.14216  78.5%     -    0s
     0     0  161.39744    0   97  751.00000  161.39744  78.5%     -    0s
     0     0  161.45747    0  100  751.00000  161.45747  78.5%     -    0s
     0     0  161.51415    0  100  751.00000  161.51415  78.5%     -    0s
     0     0  161.51894    0  100  751.00000  161.51894  78.5%     -    0s
     0     0  168.49529    0  102  751.00000  168.49529  77.6%     -    0s
     0     0  169.79881    0  102  751.00000  169.79881  77.4%     -    0s
     0     0  170.55339    0  103  751.00000  170.55339  77.3%     -    0s
     0     0  170.72222    0  102  751.00000  170.72222  77.3%     -    0s
     0     0  170.77778    0  103  751.00000  170.77778  77.3%     -    0s
     0     0  170.78680    0  103  751.00000  170.78680  77.3%     -    0s
     0     0  172.12821    0  102  751.00000  172.12821  77.1%     -    0s
     0     0  172.41667    0  102  751.00000  172.41667  77.0%     -    0s
     0     0  172.60294    0  103  751.00000  172.60294  77.0%     -    0s
     0     0  173.67930    0  102  751.00000  173.67930  76.9%     -    0s
     0     0  174.52577    0  105  751.00000  174.52577  76.8%     -    0s
     0     0  174.58471    0  104  751.00000  174.58471  76.8%     -    0s
     0     0  174.58947    0  104  751.00000  174.58947  76.8%     -    0s
     0     0  175.92585    0  102  751.00000  175.92585  76.6%     -    0s
     0     0  176.02299    0  104  751.00000  176.02299  76.6%     -    0s
     0     0  176.04408    0  104  751.00000  176.04408  76.6%     -    0s
     0     0  176.06751    0  104  751.00000  176.06751  76.6%     -    0s
     0     0  176.06751    0  104  751.00000  176.06751  76.6%     -    0s
     0     0  176.06751    0  103  751.00000  176.06751  76.6%     -    0s
     0     2  176.54008    0  102  751.00000  176.54008  76.5%     -    0s
*   27     9               7     723.0000000  512.00000  29.2%  37.1    0s

Cutting planes:
  MIR: 8
  Zero half: 27
  RLT: 22
  BQP: 17

Explored 61 nodes (2325 simplex iterations) in 0.12 seconds (0.15 work units)
Thread count was 1 (of 12 available processors)

Solution count 9: 723 751 823 ... 3616

Optimal solution found (tolerance 1.00e-04)
Best objective 7.230000000000e+02, best bound 7.230000000000e+02, gap 0.0000%
723.0
