Set parameter Username
Academic license - for non-commercial use only - expires 2025-08-28
Set parameter Threads to value 1
Set parameter Method to value 4
Gurobi Optimizer version 11.0.0 build v11.0.0rc2 (mac64[arm] - Darwin 23.5.0 23F79)

CPU model: Apple M3 Pro
Thread count: 12 physical cores, 12 logical processors, using up to 1 threads

Optimize a model with 564 rows, 141 columns and 1660 nonzeros
Model fingerprint: 0xe60c96a0
Variable types: 90 continuous, 51 integer (51 binary)
Coefficient statistics:
  Matrix range     [1e+00, 1e+00]
  Objective range  [1e+01, 3e+02]
  Bounds range     [1e+00, 1e+00]
  RHS range        [1e+00, 2e+00]
Found heuristic solution: objective 2825.0000000
Presolve removed 88 rows and 25 columns
Presolve time: 0.00s
Presolved: 476 rows, 116 columns, 1380 nonzeros
Variable types: 0 continuous, 116 integer (116 binary)

Root relaxation: objective 0.000000e+00, 63 iterations, 0.00 seconds (0.00 work units)

    Nodes    |    Current Node    |     Objective Bounds      |     Work
 Expl Unexpl |  Obj  Depth IntInf | Incumbent    BestBd   Gap | It/Node Time

     0     0    0.00000    0   47 2825.00000    0.00000   100%     -    0s
H    0     0                     577.0000000    0.00000   100%     -    0s
     0     0    3.33333    0   59  577.00000    3.33333  99.4%     -    0s
H    0     0                     405.0000000    3.33333  99.2%     -    0s
H    0     0                     249.0000000    3.33333  98.7%     -    0s
     0     0   67.00000    0   44  249.00000   67.00000  73.1%     -    0s
     0     0   71.50000    0   46  249.00000   71.50000  71.3%     -    0s
     0     0   91.39189    0   81  249.00000   91.39189  63.3%     -    0s
     0     0   91.47727    0   80  249.00000   91.47727  63.3%     -    0s
     0     0   91.52500    0   80  249.00000   91.52500  63.2%     -    0s
     0     0  107.07212    0   81  249.00000  107.07212  57.0%     -    0s
     0     0  110.99668    0   82  249.00000  110.99668  55.4%     -    0s
     0     0  111.07415    0   83  249.00000  111.07415  55.4%     -    0s
     0     0  111.07415    0   83  249.00000  111.07415  55.4%     -    0s
     0     0  113.18293    0   77  249.00000  113.18293  54.5%     -    0s
     0     0  114.00000    0   74  249.00000  114.00000  54.2%     -    0s
     0     0  114.00000    0   74  249.00000  114.00000  54.2%     -    0s
     0     0  114.00000    0   76  249.00000  114.00000  54.2%     -    0s
     0     0  114.00000    0   75  249.00000  114.00000  54.2%     -    0s
     0     0  114.00000    0   34  249.00000  114.00000  54.2%     -    0s
     0     0  114.00000    0   71  249.00000  114.00000  54.2%     -    0s
     0     0  114.00000    0   69  249.00000  114.00000  54.2%     -    0s
     0     0  114.00000    0   70  249.00000  114.00000  54.2%     -    0s
     0     0  114.02941    0   73  249.00000  114.02941  54.2%     -    0s
     0     0  123.27484    0   75  249.00000  123.27484  50.5%     -    0s
     0     0  125.01311    0   78  249.00000  125.01311  49.8%     -    0s
     0     0  125.28331    0   78  249.00000  125.28331  49.7%     -    0s
     0     0  125.34224    0   79  249.00000  125.34224  49.7%     -    0s
     0     0  125.35790    0   81  249.00000  125.35790  49.7%     -    0s
     0     0  126.14420    0   76  249.00000  126.14420  49.3%     -    0s
     0     0  126.34959    0   81  249.00000  126.34959  49.3%     -    0s
     0     0  126.49319    0   81  249.00000  126.49319  49.2%     -    0s
     0     0  126.51961    0   81  249.00000  126.51961  49.2%     -    0s
     0     0  127.72001    0   76  249.00000  127.72001  48.7%     -    0s
     0     0  128.17308    0   78  249.00000  128.17308  48.5%     -    0s
     0     0  128.19881    0   81  249.00000  128.19881  48.5%     -    0s
     0     0  128.89905    0   83  249.00000  128.89905  48.2%     -    0s
     0     0  129.12440    0   80  249.00000  129.12440  48.1%     -    0s
     0     0  129.21960    0   83  249.00000  129.21960  48.1%     -    0s
     0     0  129.23491    0   81  249.00000  129.23491  48.1%     -    0s
     0     0  129.33317    0   81  249.00000  129.33317  48.1%     -    0s
     0     0  129.42096    0   81  249.00000  129.42096  48.0%     -    0s
     0     0  129.43218    0   81  249.00000  129.43218  48.0%     -    0s
     0     0  135.74210    0   81  249.00000  135.74210  45.5%     -    0s
     0     2  140.22671    0   81  249.00000  140.22671  43.7%     -    0s

Cutting planes:
  Gomory: 4
  MIR: 2
  GUB cover: 2
  Zero half: 30
  Mod-K: 1
  RLT: 12
  BQP: 10

Explored 6 nodes (1333 simplex iterations) in 0.15 seconds (0.16 work units)
Thread count was 1 (of 12 available processors)

Solution count 4: 249 405 577 2825 

Optimal solution found (tolerance 1.00e-04)
Best objective 2.490000000000e+02, best bound 2.490000000000e+02, gap 0.0000%
249.0
