Set parameter Username
Academic license - for non-commercial use only - expires 2025-08-28
Set parameter Threads to value 1
Set parameter Method to value 4
Gurobi Optimizer version 11.0.0 build v11.0.0rc2 (mac64[arm] - Darwin 23.5.0 23F79)

CPU model: Apple M3 Pro
Thread count: 12 physical cores, 12 logical processors, using up to 1 threads

Optimize a model with 621 rows, 153 columns and 1827 nonzeros
Model fingerprint: 0x7c70f06d
Variable types: 99 continuous, 54 integer (54 binary)
Coefficient statistics:
  Matrix range     [1e+00, 1e+00]
  Objective range  [1e+01, 3e+02]
  Bounds range     [1e+00, 1e+00]
  RHS range        [1e+00, 2e+00]
Presolve removed 96 rows and 27 columns
Presolve time: 0.00s
Presolved: 525 rows, 126 columns, 1521 nonzeros
Variable types: 0 continuous, 126 integer (126 binary)
Found heuristic solution: objective 1520.0000000
Found heuristic solution: objective 1153.0000000
Found heuristic solution: objective 834.0000000

Root relaxation: objective 0.000000e+00, 71 iterations, 0.00 seconds (0.00 work units)

    Nodes    |    Current Node    |     Objective Bounds      |     Work
 Expl Unexpl |  Obj  Depth IntInf | Incumbent    BestBd   Gap | It/Node Time

     0     0    0.00000    0   30  834.00000    0.00000   100%     -    0s
H    0     0                     822.0000000    0.00000   100%     -    0s
H    0     0                     785.0000000    0.00000   100%     -    0s
H    0     0                     595.0000000    0.00000   100%     -    0s
     0     0    0.00000    0   59  595.00000    0.00000   100%     -    0s
     0     0  104.18750    0   68  595.00000  104.18750  82.5%     -    0s
     0     0  111.91667    0   74  595.00000  111.91667  81.2%     -    0s
     0     0  112.00000    0   43  595.00000  112.00000  81.2%     -    0s
     0     0  113.20690    0   73  595.00000  113.20690  81.0%     -    0s
     0     0  133.37500    0   79  595.00000  133.37500  77.6%     -    0s
     0     0  139.99083    0   85  595.00000  139.99083  76.5%     -    0s
     0     0  141.44094    0   84  595.00000  141.44094  76.2%     -    0s
     0     0  141.64198    0   87  595.00000  141.64198  76.2%     -    0s
     0     0  153.92562    0   90  595.00000  153.92562  74.1%     -    0s
     0     0  156.33333    0   87  595.00000  156.33333  73.7%     -    0s
     0     0  157.81437    0   87  595.00000  157.81437  73.5%     -    0s
     0     0  157.83333    0   87  595.00000  157.83333  73.5%     -    0s
     0     0  163.45763    0   92  595.00000  163.45763  72.5%     -    0s
     0     0  163.61290    0   92  595.00000  163.61290  72.5%     -    0s
     0     0  163.74581    0   92  595.00000  163.74581  72.5%     -    0s
     0     0  163.75292    0   92  595.00000  163.75292  72.5%     -    0s
     0     0  165.51852    0   90  595.00000  165.51852  72.2%     -    0s
     0     0  166.40268    0   90  595.00000  166.40268  72.0%     -    0s
     0     0  166.93013    0   90  595.00000  166.93013  71.9%     -    0s
     0     0  167.37168    0   93  595.00000  167.37168  71.9%     -    0s
     0     0  167.45070    0   90  595.00000  167.45070  71.9%     -    0s
     0     0  169.35256    0   90  595.00000  169.35256  71.5%     -    0s
     0     0  170.18605    0   88  595.00000  170.18605  71.4%     -    0s
     0     0  170.51429    0   91  595.00000  170.51429  71.3%     -    0s
     0     0  170.51948    0   91  595.00000  170.51948  71.3%     -    0s
     0     0  170.76531    0   91  595.00000  170.76531  71.3%     -    0s
     0     0  170.78939    0   91  595.00000  170.78939  71.3%     -    0s
     0     0  170.78939    0   89  595.00000  170.78939  71.3%     -    0s
     0     0  170.78939    0   31  595.00000  170.78939  71.3%     -    0s
     0     0  170.78939    0   57  595.00000  170.78939  71.3%     -    0s
     0     0  170.78939    0   71  595.00000  170.78939  71.3%     -    0s
     0     0  170.78939    0   64  595.00000  170.78939  71.3%     -    0s
     0     0  170.78939    0   72  595.00000  170.78939  71.3%     -    0s
     0     0  171.01274    0   73  595.00000  171.01274  71.3%     -    0s
     0     0  171.32203    0   73  595.00000  171.32203  71.2%     -    0s
     0     0  171.78378    0   74  595.00000  171.78378  71.1%     -    0s
     0     0  172.17008    0   74  595.00000  172.17008  71.1%     -    0s
     0     0  181.04651    0   75  595.00000  181.04651  69.6%     -    0s
     0     0  182.06250    0   74  595.00000  182.06250  69.4%     -    0s
     0     0  182.06250    0   74  595.00000  182.06250  69.4%     -    0s
     0     0  183.65556    0   76  595.00000  183.65556  69.1%     -    0s
     0     0  186.23684    0   79  595.00000  186.23684  68.7%     -    0s
     0     0  186.27033    0   75  595.00000  186.27033  68.7%     -    0s
     0     0  188.77660    0   78  595.00000  188.77660  68.3%     -    0s
     0     0  190.81724    0   80  595.00000  190.81724  67.9%     -    0s
     0     0  192.09950    0   81  595.00000  192.09950  67.7%     -    0s
     0     0  192.25307    0   81  595.00000  192.25307  67.7%     -    0s
     0     0  192.25553    0   81  595.00000  192.25553  67.7%     -    0s
     0     0  192.25553    0   81  595.00000  192.25553  67.7%     -    0s
     0     0  210.88819    0   80  595.00000  210.88819  64.6%     -    0s
     0     2  218.34450    0   80  595.00000  218.34450  63.3%     -    0s

Cutting planes:
  MIR: 9
  Zero half: 27
  RLT: 9
  BQP: 6

Explored 102 nodes (2885 simplex iterations) in 0.24 seconds (0.21 work units)
Thread count was 1 (of 12 available processors)

Solution count 6: 595 785 822 ... 1520

Optimal solution found (tolerance 1.00e-04)
Best objective 5.950000000000e+02, best bound 5.950000000000e+02, gap 0.0000%
595.0
