Set parameter Username
Academic license - for non-commercial use only - expires 2025-08-28
Set parameter Threads to value 1
Set parameter Method to value 4
Gurobi Optimizer version 11.0.0 build v11.0.0rc2 (mac64[arm] - Darwin 23.5.0 23F79)

CPU model: Apple M3 Pro
Thread count: 12 physical cores, 12 logical processors, using up to 1 threads

Optimize a model with 794 rows, 189 columns and 2330 nonzeros
Model fingerprint: 0x0a60a7f9
Variable types: 126 continuous, 63 integer (63 binary)
Coefficient statistics:
  Matrix range     [1e+00, 1e+00]
  Objective range  [1e+01, 3e+02]
  Bounds range     [1e+00, 1e+00]
  RHS range        [1e+00, 2e+00]
Presolve removed 128 rows and 35 columns
Presolve time: 0.00s
Presolved: 666 rows, 154 columns, 1920 nonzeros
Variable types: 0 continuous, 154 integer (154 binary)
Found heuristic solution: objective 2198.0000000
Found heuristic solution: objective 1580.0000000
Found heuristic solution: objective 1554.0000000

Root relaxation: objective 0.000000e+00, 75 iterations, 0.00 seconds (0.00 work units)

    Nodes    |    Current Node    |     Objective Bounds      |     Work
 Expl Unexpl |  Obj  Depth IntInf | Incumbent    BestBd   Gap | It/Node Time

     0     0    0.00000    0   45 1554.00000    0.00000   100%     -    0s
H    0     0                    1093.0000000    0.00000   100%     -    0s
H    0     0                    1049.0000000    0.00000   100%     -    0s
     0     0    0.00000    0   67 1049.00000    0.00000   100%     -    0s
H    0     0                     913.0000000    0.00000   100%     -    0s
     0     0  135.15446    0   96  913.00000  135.15446  85.2%     -    0s
H    0     0                     848.0000000  135.15446  84.1%     -    0s
     0     0  140.83333    0   93  848.00000  140.83333  83.4%     -    0s
     0     0  142.55128    0   91  848.00000  142.55128  83.2%     -    0s
     0     0  143.28571    0   92  848.00000  143.28571  83.1%     -    0s
     0     0  203.37042    0  108  848.00000  203.37042  76.0%     -    0s
     0     0  205.85445    0  105  848.00000  205.85445  75.7%     -    0s
     0     0  206.94635    0  107  848.00000  206.94635  75.6%     -    0s
     0     0  207.36397    0  108  848.00000  207.36397  75.5%     -    0s
     0     0  207.39482    0  108  848.00000  207.39482  75.5%     -    0s
     0     0  220.85951    0  115  848.00000  220.85951  74.0%     -    0s
     0     0  221.78974    0  116  848.00000  221.78974  73.8%     -    0s
     0     0  221.85848    0  114  848.00000  221.85848  73.8%     -    0s
     0     0  221.85848    0  114  848.00000  221.85848  73.8%     -    0s
     0     0  224.81643    0  119  848.00000  224.81643  73.5%     -    0s
     0     0  224.95928    0  121  848.00000  224.95928  73.5%     -    0s
     0     0  225.34038    0  121  848.00000  225.34038  73.4%     -    0s
     0     0  225.46305    0  119  848.00000  225.46305  73.4%     -    0s
     0     0  225.63622    0  121  848.00000  225.63622  73.4%     -    0s
     0     0  225.63622    0  121  848.00000  225.63622  73.4%     -    0s
     0     0  227.12323    0  121  848.00000  227.12323  73.2%     -    0s
     0     0  227.26786    0  119  848.00000  227.26786  73.2%     -    0s
     0     0  227.44141    0  121  848.00000  227.44141  73.2%     -    0s
     0     0  227.50070    0  121  848.00000  227.50070  73.2%     -    0s
     0     0  230.36458    0  118  848.00000  230.36458  72.8%     -    0s
     0     0  230.96667    0  116  848.00000  230.96667  72.8%     -    0s
     0     0  231.00758    0  115  848.00000  231.00758  72.8%     -    0s
     0     0  232.00000    0  112  848.00000  232.00000  72.6%     -    0s
     0     0  233.02080    0  119  848.00000  233.02080  72.5%     -    0s
     0     0  233.11382    0  120  848.00000  233.11382  72.5%     -    0s
     0     0  233.31386    0  119  848.00000  233.31386  72.5%     -    0s
     0     0  233.31386    0  119  848.00000  233.31386  72.5%     -    0s
     0     0  234.91071    0  117  848.00000  234.91071  72.3%     -    0s
     0     0  235.14583    0  116  848.00000  235.14583  72.3%     -    0s
     0     0  235.18189    0  117  848.00000  235.18189  72.3%     -    0s
     0     0  238.28811    0  118  848.00000  238.28811  71.9%     -    0s
     0     0  238.55469    0  116  848.00000  238.55469  71.9%     -    0s
     0     0  238.71451    0  118  848.00000  238.71451  71.8%     -    0s
     0     0  239.49708    0  120  848.00000  239.49708  71.8%     -    0s
     0     0  239.50524    0  120  848.00000  239.50524  71.8%     -    0s
     0     0  239.82398    0  119  848.00000  239.82398  71.7%     -    0s
     0     0  239.82398    0  119  848.00000  239.82398  71.7%     -    0s
     0     0  239.84295    0  119  848.00000  239.84295  71.7%     -    0s
     0     0  239.84295    0  118  848.00000  239.84295  71.7%     -    0s
     0     2  240.19551    0  118  848.00000  240.19551  71.7%     -    0s

Cutting planes:
  MIR: 27
  Zero half: 19
  RLT: 20
  BQP: 18

Explored 52 nodes (2552 simplex iterations) in 0.18 seconds (0.20 work units)
Thread count was 1 (of 12 available processors)

Solution count 7: 848 913 1049 ... 2198

Optimal solution found (tolerance 1.00e-04)
Best objective 8.480000000000e+02, best bound 8.480000000000e+02, gap 0.0000%
848.0
