Set parameter Username
Academic license - for non-commercial use only - expires 2025-08-28
Set parameter Threads to value 1
Set parameter Method to value 4
Gurobi Optimizer version 11.0.0 build v11.0.0rc2 (mac64[arm] - Darwin 23.5.0 23F79)

CPU model: Apple M3 Pro
Thread count: 12 physical cores, 12 logical processors, using up to 1 threads

Optimize a model with 967 rows, 198 columns and 2869 nonzeros
Model fingerprint: 0x6b77d1b9
Variable types: 122 continuous, 76 integer (76 binary)
Coefficient statistics:
  Matrix range     [1e+00, 1e+00]
  Objective range  [1e+01, 3e+02]
  Bounds range     [1e+00, 1e+00]
  RHS range        [1e+00, 2e+00]
Found heuristic solution: objective 2621.0000000
Presolve removed 153 rows and 35 columns
Presolve time: 0.00s
Presolved: 814 rows, 163 columns, 2368 nonzeros
Variable types: 0 continuous, 163 integer (163 binary)

Root relaxation: objective 0.000000e+00, 97 iterations, 0.00 seconds (0.00 work units)

    Nodes    |    Current Node    |     Objective Bounds      |     Work
 Expl Unexpl |  Obj  Depth IntInf | Incumbent    BestBd   Gap | It/Node Time

     0     0    0.00000    0   57 2621.00000    0.00000   100%     -    0s
H    0     0                    1284.0000000    0.00000   100%     -    0s
H    0     0                     914.0000000    0.00000   100%     -    0s
H    0     0                     864.0000000    0.00000   100%     -    0s
H    0     0                     818.0000000    0.00000   100%     -    0s
     0     0    0.00000    0   65  818.00000    0.00000   100%     -    0s
H    0     0                     632.0000000    0.00000   100%     -    0s
H    0     0                     576.0000000    0.00000   100%     -    0s
H    0     0                     488.0000000    0.00000   100%     -    0s
     0     0    0.00000    0   60  488.00000    0.00000   100%     -    0s
     0     0   12.35306    0   72  488.00000   12.35306  97.5%     -    0s
H    0     0                     436.0000000   12.35306  97.2%     -    0s
     0     0   17.67515    0   80  436.00000   17.67515  95.9%     -    0s
     0     0   19.20859    0   82  436.00000   19.20859  95.6%     -    0s
     0     0   21.23466    0   84  436.00000   21.23466  95.1%     -    0s
     0     0   21.66492    0   83  436.00000   21.66492  95.0%     -    0s
     0     0   37.02184    0   83  436.00000   37.02184  91.5%     -    0s
H    0     0                     402.0000000   37.02184  90.8%     -    0s
     0     0   39.99112    0   89  402.00000   39.99112  90.1%     -    0s
     0     0   41.20343    0   87  402.00000   41.20343  89.8%     -    0s
     0     0   41.35257    0   86  402.00000   41.35257  89.7%     -    0s
     0     0   41.45845    0   87  402.00000   41.45845  89.7%     -    0s
     0     0   41.47835    0   87  402.00000   41.47835  89.7%     -    0s
     0     0   41.47910    0   87  402.00000   41.47910  89.7%     -    0s
     0     0   45.20565    0   90  402.00000   45.20565  88.8%     -    0s
H    0     0                     366.0000000   45.20565  87.6%     -    0s
     0     0   46.76497    0   92  366.00000   46.76497  87.2%     -    0s
     0     0   47.33545    0   92  366.00000   47.33545  87.1%     -    0s
     0     0   47.40628    0   92  366.00000   47.40628  87.0%     -    0s
     0     0   47.40907    0   92  366.00000   47.40907  87.0%     -    0s
     0     0   47.66667    0   79  366.00000   47.66667  87.0%     -    0s
H    0     0                     346.0000000   47.66667  86.2%     -    0s
     0     0   48.00000    0   81  346.00000   48.00000  86.1%     -    0s
     0     0   48.40000    0   90  346.00000   48.40000  86.0%     -    0s
     0     0   48.40000    0   94  346.00000   48.40000  86.0%     -    0s
     0     0   48.40000    0   94  346.00000   48.40000  86.0%     -    0s
     0     0   48.40000    0   90  346.00000   48.40000  86.0%     -    0s
     0     2   48.46667    0   90  346.00000   48.46667  86.0%     -    0s
H    8     2                     287.0000000   49.15556  82.9%  88.5    0s

Cutting planes:
  Gomory: 1
  MIR: 10
  Zero half: 33
  RLT: 9
  BQP: 29

Explored 73 nodes (3888 simplex iterations) in 0.18 seconds (0.22 work units)
Thread count was 1 (of 12 available processors)

Solution count 10: 287 346 366 ... 864

Optimal solution found (tolerance 1.00e-04)
Best objective 2.870000000000e+02, best bound 2.870000000000e+02, gap 0.0000%
287.0
