Set parameter Username
Academic license - for non-commercial use only - expires 2025-08-28
Set parameter Threads to value 1
Set parameter Method to value 4
Gurobi Optimizer version 11.0.0 build v11.0.0rc2 (mac64[arm] - Darwin 23.5.0 23F79)

CPU model: Apple M3 Pro
Thread count: 12 physical cores, 12 logical processors, using up to 1 threads

Optimize a model with 891 rows, 185 columns and 2646 nonzeros
Model fingerprint: 0xde148e4b
Variable types: 113 continuous, 72 integer (72 binary)
Coefficient statistics:
  Matrix range     [1e+00, 1e+00]
  Objective range  [1e+01, 3e+02]
  Bounds range     [1e+00, 1e+00]
  RHS range        [1e+00, 2e+00]
Found heuristic solution: objective 1150.0000000
Presolve removed 138 rows and 32 columns
Presolve time: 0.00s
Presolved: 753 rows, 153 columns, 2196 nonzeros
Variable types: 0 continuous, 153 integer (153 binary)
Found heuristic solution: objective 1120.0000000

Root relaxation: objective 0.000000e+00, 94 iterations, 0.00 seconds (0.00 work units)

    Nodes    |    Current Node    |     Objective Bounds      |     Work
 Expl Unexpl |  Obj  Depth IntInf | Incumbent    BestBd   Gap | It/Node Time

     0     0    0.00000    0   39 1120.00000    0.00000   100%     -    0s
H    0     0                     587.0000000    0.00000   100%     -    0s
     0     0    0.00000    0   67  587.00000    0.00000   100%     -    0s
H    0     0                     455.0000000    0.00000   100%     -    0s
     0     0    1.25926    0   66  455.00000    1.25926   100%     -    0s
     0     0    2.69231    0   63  455.00000    2.69231  99.4%     -    0s
     0     0    8.05185    0   68  455.00000    8.05185  98.2%     -    0s
     0     0   11.49929    0   70  455.00000   11.49929  97.5%     -    0s
     0     0   12.67637    0   72  455.00000   12.67637  97.2%     -    0s
     0     0   13.22727    0   74  455.00000   13.22727  97.1%     -    0s
     0     0   13.28571    0   71  455.00000   13.28571  97.1%     -    0s
     0     0   13.28916    0   71  455.00000   13.28916  97.1%     -    0s
     0     0   22.32014    0   78  455.00000   22.32014  95.1%     -    0s
     0     0   22.61017    0   76  455.00000   22.61017  95.0%     -    0s
     0     0   22.77776    0   76  455.00000   22.77776  95.0%     -    0s
     0     0   30.10555    0   77  455.00000   30.10555  93.4%     -    0s
     0     0   31.62525    0   79  455.00000   31.62525  93.0%     -    0s
     0     0   32.04634    0   78  455.00000   32.04634  93.0%     -    0s
     0     0   32.13338    0   79  455.00000   32.13338  92.9%     -    0s
     0     0   32.20226    0   78  455.00000   32.20226  92.9%     -    0s
     0     0   32.48667    0   80  455.00000   32.48667  92.9%     -    0s
     0     0   32.49015    0   80  455.00000   32.49015  92.9%     -    0s
     0     0   35.37490    0   79  455.00000   35.37490  92.2%     -    0s
     0     0   36.67237    0   81  455.00000   36.67237  91.9%     -    0s
     0     0   38.03596    0   81  455.00000   38.03596  91.6%     -    0s
     0     0   38.25253    0   81  455.00000   38.25253  91.6%     -    0s
     0     0   38.37956    0   82  455.00000   38.37956  91.6%     -    0s
     0     0   38.40299    0   83  455.00000   38.40299  91.6%     -    0s
     0     0   38.66667    0   65  455.00000   38.66667  91.5%     -    0s
H    0     0                     384.0000000   38.66667  89.9%     -    0s
     0     0   38.66667    0   67  384.00000   38.66667  89.9%     -    0s
     0     0   38.72181    0   83  384.00000   38.72181  89.9%     -    0s
H    0     0                     316.0000000   38.72181  87.7%     -    0s
H    0     0                     310.0000000   38.72181  87.5%     -    0s
     0     0   38.88889    0   79  310.00000   38.88889  87.5%     -    0s
     0     0   38.88889    0   79  310.00000   38.88889  87.5%     -    0s
     0     0   38.88889    0   81  310.00000   38.88889  87.5%     -    0s
H    0     0                     255.0000000   38.88889  84.7%     -    0s
     0     0   38.88889    0   83  255.00000   38.88889  84.7%     -    0s
     0     0   38.88889    0   82  255.00000   38.88889  84.7%     -    0s
     0     0   38.88889    0   82  255.00000   38.88889  84.7%     -    0s
     0     0   38.88889    0   80  255.00000   38.88889  84.7%     -    0s
     0     0   38.88889    0   30  255.00000   38.88889  84.7%     -    0s
     0     0   38.88889    0   53  255.00000   38.88889  84.7%     -    0s
     0     0   38.88889    0   76  255.00000   38.88889  84.7%     -    0s
     0     0   42.31572    0   79  255.00000   42.31572  83.4%     -    0s
     0     0   42.67715    0   81  255.00000   42.67715  83.3%     -    0s
     0     0   42.76300    0   76  255.00000   42.76300  83.2%     -    0s
     0     0   42.97859    0   78  255.00000   42.97859  83.1%     -    0s
     0     0   43.36247    0   76  255.00000   43.36247  83.0%     -    0s
     0     0   43.58244    0   81  255.00000   43.58244  82.9%     -    0s
     0     0   43.66592    0   78  255.00000   43.66592  82.9%     -    0s
     0     0   43.71196    0   85  255.00000   43.71196  82.9%     -    0s
     0     0   43.77468    0   79  255.00000   43.77468  82.8%     -    0s
     0     0   43.86845    0   86  255.00000   43.86845  82.8%     -    0s
     0     0   43.93718    0   84  255.00000   43.93718  82.8%     -    0s
     0     0   43.97233    0   87  255.00000   43.97233  82.8%     -    0s
     0     0   43.97714    0   83  255.00000   43.97714  82.8%     -    0s
     0     0   47.16937    0   84  255.00000   47.16937  81.5%     -    0s
     0     0   48.30022    0   85  255.00000   48.30022  81.1%     -    0s
     0     0   48.34456    0   86  255.00000   48.34456  81.0%     -    0s
     0     0   48.36927    0   87  255.00000   48.36927  81.0%     -    0s
     0     0   48.38217    0   86  255.00000   48.38217  81.0%     -    0s
     0     0   48.40826    0   85  255.00000   48.40826  81.0%     -    0s
     0     0   48.43585    0   79  255.00000   48.43585  81.0%     -    0s
     0     0   48.43684    0   80  255.00000   48.43684  81.0%     -    0s
     0     0   48.44190    0   80  255.00000   48.44190  81.0%     -    0s
     0     0   52.30340    0   80  255.00000   52.30340  79.5%     -    0s
     0     2   56.03042    0   80  255.00000   56.03042  78.0%     -    0s

Cutting planes:
  Gomory: 4
  MIR: 8
  Zero half: 64
  RLT: 18
  BQP: 10

Explored 101 nodes (4335 simplex iterations) in 0.32 seconds (0.35 work units)
Thread count was 1 (of 12 available processors)

Solution count 8: 255 310 316 ... 1150

Optimal solution found (tolerance 1.00e-04)
Best objective 2.550000000000e+02, best bound 2.550000000000e+02, gap 0.0000%
255.0
