Set parameter Username
Academic license - for non-commercial use only - expires 2025-08-28
Set parameter Threads to value 1
Set parameter Method to value 4
Gurobi Optimizer version 11.0.0 build v11.0.0rc2 (mac64[arm] - Darwin 23.5.0 23F79)

CPU model: Apple M3 Pro
Thread count: 12 physical cores, 12 logical processors, using up to 1 threads

Optimize a model with 1118 rows, 224 columns and 3314 nonzeros
Model fingerprint: 0x776ba069
Variable types: 140 continuous, 84 integer (84 binary)
Coefficient statistics:
  Matrix range     [1e+00, 1e+00]
  Objective range  [1e+01, 3e+02]
  Bounds range     [1e+00, 1e+00]
  RHS range        [1e+00, 2e+00]
Presolve removed 178 rows and 40 columns
Presolve time: 0.00s
Presolved: 940 rows, 184 columns, 2728 nonzeros
Variable types: 0 continuous, 184 integer (184 binary)
Found heuristic solution: objective 2346.0000000
Found heuristic solution: objective 1362.0000000
Found heuristic solution: objective 1046.0000000

Root relaxation: objective 0.000000e+00, 88 iterations, 0.00 seconds (0.00 work units)

    Nodes    |    Current Node    |     Objective Bounds      |     Work
 Expl Unexpl |  Obj  Depth IntInf | Incumbent    BestBd   Gap | It/Node Time

     0     0    0.00000    0   42 1046.00000    0.00000   100%     -    0s
H    0     0                    1009.0000000    0.00000   100%     -    0s
     0     0    0.00000    0   67 1009.00000    0.00000   100%     -    0s
H    0     0                    1004.0000000    0.00000   100%     -    0s
H    0     0                     874.0000000    0.00000   100%     -    0s
     0     0    0.00000    0   65  874.00000    0.00000   100%     -    0s
     0     0    0.00000    0   69  874.00000    0.00000   100%     -    0s
     0     0   32.57014    0   99  874.00000   32.57014  96.3%     -    0s
     0     0   35.33333    0   94  874.00000   35.33333  96.0%     -    0s
     0     0   35.72524    0   99  874.00000   35.72524  95.9%     -    0s
     0     0   35.82474    0  100  874.00000   35.82474  95.9%     -    0s
     0     0   35.82996    0   97  874.00000   35.82996  95.9%     -    0s
     0     0   62.30949    0  111  874.00000   62.30949  92.9%     -    0s
H    0     0                     827.0000000   62.30949  92.5%     -    0s
H    0     0                     766.0000000   62.30949  91.9%     -    0s
     0     0   63.20458    0  108  766.00000   63.20458  91.7%     -    0s
     0     0   66.08695    0  118  766.00000   66.08695  91.4%     -    0s
     0     0   66.30442    0  117  766.00000   66.30442  91.3%     -    0s
     0     0   66.32304    0  118  766.00000   66.32304  91.3%     -    0s
     0     0   66.33185    0  117  766.00000   66.33185  91.3%     -    0s
     0     0   68.33333    0   76  766.00000   68.33333  91.1%     -    0s
     0     0   68.33333    0   75  766.00000   68.33333  91.1%     -    0s
     0     0   70.63923    0  106  766.00000   70.63923  90.8%     -    0s
H    0     0                     745.0000000   70.63923  90.5%     -    0s
     0     0   70.91667    0  110  745.00000   70.91667  90.5%     -    0s
     0     0   71.00000    0   79  745.00000   71.00000  90.5%     -    0s
     0     0   71.08608    0  113  745.00000   71.08608  90.5%     -    0s
     0     0   71.20937    0  113  745.00000   71.20937  90.4%     -    0s
     0     0   71.21512    0  111  745.00000   71.21512  90.4%     -    0s
     0     0   73.99884    0  115  745.00000   73.99884  90.1%     -    0s
     0     0   74.95899    0  115  745.00000   74.95899  89.9%     -    0s
     0     0   75.42689    0  114  745.00000   75.42689  89.9%     -    0s
     0     0   75.72621    0  114  745.00000   75.72621  89.8%     -    0s
     0     0   75.74479    0  116  745.00000   75.74479  89.8%     -    0s
     0     0   75.82677    0  114  745.00000   75.82677  89.8%     -    0s
     0     0   75.90476    0  110  745.00000   75.90476  89.8%     -    0s
     0     0   75.90476    0  111  745.00000   75.90476  89.8%     -    0s
     0     0   75.90476    0  109  745.00000   75.90476  89.8%     -    0s
     0     2   76.13946    0  105  745.00000   76.13946  89.8%     -    0s
*   26    19              10     708.0000000  167.33333  76.4%  60.4    0s
H  108    21                     699.0000000  372.00000  46.8%  36.1    0s
*  114    26              10     651.0000000  372.00000  42.9%  35.5    0s
*  186    14               9     648.0000000  494.66667  23.7%  30.9    0s

Cutting planes:
  Gomory: 1
  MIR: 14
  Zero half: 35
  RLT: 28
  BQP: 31

Explored 234 nodes (8226 simplex iterations) in 0.34 seconds (0.45 work units)
Thread count was 1 (of 12 available processors)

Solution count 10: 648 651 699 ... 1009

Optimal solution found (tolerance 1.00e-04)
Best objective 6.480000000000e+02, best bound 6.480000000000e+02, gap 0.0000%
648.0
