Set parameter Username
Academic license - for non-commercial use only - expires 2025-08-28
Set parameter Threads to value 1
Set parameter Method to value 4
Gurobi Optimizer version 11.0.0 build v11.0.0rc2 (mac64[arm] - Darwin 23.5.0 23F79)

CPU model: Apple M3 Pro
Thread count: 12 physical cores, 12 logical processors, using up to 1 threads

Optimize a model with 1118 rows, 224 columns and 3314 nonzeros
Model fingerprint: 0x8c050beb
Variable types: 140 continuous, 84 integer (84 binary)
Coefficient statistics:
  Matrix range     [1e+00, 1e+00]
  Objective range  [1e+01, 3e+02]
  Bounds range     [1e+00, 1e+00]
  RHS range        [1e+00, 2e+00]
Presolve removed 178 rows and 40 columns
Presolve time: 0.00s
Presolved: 940 rows, 184 columns, 2728 nonzeros
Variable types: 0 continuous, 184 integer (184 binary)
Found heuristic solution: objective 2360.0000000
Found heuristic solution: objective 1370.0000000
Found heuristic solution: objective 1054.0000000

Root relaxation: objective 0.000000e+00, 88 iterations, 0.00 seconds (0.00 work units)

    Nodes    |    Current Node    |     Objective Bounds      |     Work
 Expl Unexpl |  Obj  Depth IntInf | Incumbent    BestBd   Gap | It/Node Time

     0     0    0.00000    0   42 1054.00000    0.00000   100%     -    0s
H    0     0                    1029.0000000    0.00000   100%     -    0s
H    0     0                    1005.0000000    0.00000   100%     -    0s
     0     0    0.00000    0   72 1005.00000    0.00000   100%     -    0s
H    0     0                     925.0000000    0.00000   100%     -    0s
     0     0    0.00000    0   69  925.00000    0.00000   100%     -    0s
     0     0    1.61538    0   74  925.00000    1.61538   100%     -    0s
     0     0   20.59649    0   79  925.00000   20.59649  97.8%     -    0s
     0     0   32.27451    0   92  925.00000   32.27451  96.5%     -    0s
     0     0   36.16667    0   77  925.00000   36.16667  96.1%     -    0s
     0     0   38.66667    0   80  925.00000   38.66667  95.8%     -    0s
     0     0   48.77695    0  107  925.00000   48.77695  94.7%     -    0s
     0     0   49.50333    0  104  925.00000   49.50333  94.6%     -    0s
     0     0   50.14200    0  101  925.00000   50.14200  94.6%     -    0s
     0     0   50.61389    0  102  925.00000   50.61389  94.5%     -    0s
     0     0   50.66979    0  104  925.00000   50.66979  94.5%     -    0s
     0     0   50.70470    0  104  925.00000   50.70470  94.5%     -    0s
     0     0   50.71343    0  105  925.00000   50.71343  94.5%     -    0s
     0     0   59.07713    0   98  925.00000   59.07713  93.6%     -    0s
     0     0   59.67964    0  103  925.00000   59.67964  93.5%     -    0s
     0     0   59.80262    0  103  925.00000   59.80262  93.5%     -    0s
     0     0   59.88060    0  105  925.00000   59.88060  93.5%     -    0s
     0     0   59.88726    0  106  925.00000   59.88726  93.5%     -    0s
     0     0   61.00840    0  114  925.00000   61.00840  93.4%     -    0s
     0     0   61.21539    0  120  925.00000   61.21539  93.4%     -    0s
     0     0   61.42855    0  119  925.00000   61.42855  93.4%     -    0s
     0     0   61.55691    0  119  925.00000   61.55691  93.3%     -    0s
     0     0   61.60186    0  119  925.00000   61.60186  93.3%     -    0s
     0     0   61.64000    0  119  925.00000   61.64000  93.3%     -    0s
     0     0   61.65196    0  117  925.00000   61.65196  93.3%     -    0s
     0     0   61.95556    0  102  925.00000   61.95556  93.3%     -    0s
H    0     0                     900.0000000   61.95556  93.1%     -    0s
H    0     0                     816.0000000   61.95556  92.4%     -    0s
     0     0   61.95556    0  104  816.00000   61.95556  92.4%     -    0s
     0     0   61.95556    0  105  816.00000   61.95556  92.4%     -    0s
     0     0   62.00000    0  107  816.00000   62.00000  92.4%     -    0s
     0     0   62.00000    0  103  816.00000   62.00000  92.4%     -    0s
     0     2   62.02778    0  101  816.00000   62.02778  92.4%     -    0s
*   39    18               7     727.0000000  352.00000  51.6%  65.0    0s
*   43    18               8     657.0000000  352.00000  46.4%  59.8    0s

Cutting planes:
  MIR: 11
  Zero half: 90
  RLT: 21
  BQP: 37

Explored 198 nodes (8024 simplex iterations) in 0.32 seconds (0.40 work units)
Thread count was 1 (of 12 available processors)

Solution count 10: 657 727 816 ... 2360

Optimal solution found (tolerance 1.00e-04)
Best objective 6.570000000000e+02, best bound 6.570000000000e+02, gap 0.0000%
657.0
