Set parameter Username
Academic license - for non-commercial use only - expires 2025-08-28
Set parameter Threads to value 1
Set parameter Method to value 4
Gurobi Optimizer version 11.0.0 build v11.0.0rc2 (mac64[arm] - Darwin 23.5.0 23F79)

CPU model: Apple M3 Pro
Thread count: 12 physical cores, 12 logical processors, using up to 1 threads

Optimize a model with 891 rows, 185 columns and 2646 nonzeros
Model fingerprint: 0x48eb92cf
Variable types: 113 continuous, 72 integer (72 binary)
Coefficient statistics:
  Matrix range     [1e+00, 1e+00]
  Objective range  [1e+01, 3e+02]
  Bounds range     [1e+00, 1e+00]
  RHS range        [1e+00, 2e+00]
Presolve removed 138 rows and 32 columns
Presolve time: 0.00s
Presolved: 753 rows, 153 columns, 2196 nonzeros
Variable types: 0 continuous, 153 integer (153 binary)
Found heuristic solution: objective 908.0000000
Found heuristic solution: objective 642.0000000
Found heuristic solution: objective 567.0000000

Root relaxation: objective 0.000000e+00, 85 iterations, 0.00 seconds (0.00 work units)

    Nodes    |    Current Node    |     Objective Bounds      |     Work
 Expl Unexpl |  Obj  Depth IntInf | Incumbent    BestBd   Gap | It/Node Time

     0     0    0.00000    0   60  567.00000    0.00000   100%     -    0s
H    0     0                     507.0000000    0.00000   100%     -    0s
     0     0    0.00000    0   74  507.00000    0.00000   100%     -    0s
H    0     0                     437.0000000    0.00000   100%     -    0s
H    0     0                     357.0000000    0.00000   100%     -    0s
H    0     0                     307.0000000    0.00000   100%     -    0s
     0     0    7.86313    0   67  307.00000    7.86313  97.4%     -    0s
H    0     0                     259.0000000    7.86313  97.0%     -    0s
     0     0   10.25771    0   69  259.00000   10.25771  96.0%     -    0s
     0     0   10.61377    0   71  259.00000   10.61377  95.9%     -    0s
     0     0   10.75701    0   70  259.00000   10.75701  95.8%     -    0s
     0     0   23.91361    0   73  259.00000   23.91361  90.8%     -    0s
     0     0   24.85411    0   74  259.00000   24.85411  90.4%     -    0s
     0     0   25.27816    0   76  259.00000   25.27816  90.2%     -    0s
     0     0   25.37235    0   77  259.00000   25.37235  90.2%     -    0s
     0     0   25.40871    0   76  259.00000   25.40871  90.2%     -    0s
     0     0   30.86111    0   76  259.00000   30.86111  88.1%     -    0s
     0     0   31.66667    0   59  259.00000   31.66667  87.8%     -    0s
     0     0   31.66667    0   59  259.00000   31.66667  87.8%     -    0s
     0     0   33.93741    0   78  259.00000   33.93741  86.9%     -    0s
     0     0   34.48079    0   80  259.00000   34.48079  86.7%     -    0s
     0     0   34.93503    0   79  259.00000   34.93503  86.5%     -    0s
     0     0   35.52619    0   81  259.00000   35.52619  86.3%     -    0s
     0     0   35.54624    0   81  259.00000   35.54624  86.3%     -    0s
     0     0   38.73305    0   78  259.00000   38.73305  85.0%     -    0s
     0     0   39.19489    0   78  259.00000   39.19489  84.9%     -    0s
     0     0   39.39230    0   79  259.00000   39.39230  84.8%     -    0s
     0     0   39.55775    0   82  259.00000   39.55775  84.7%     -    0s
     0     0   39.58507    0   82  259.00000   39.58507  84.7%     -    0s
     0     0   39.61111    0   81  259.00000   39.61111  84.7%     -    0s
     0     0   39.61111    0   81  259.00000   39.61111  84.7%     -    0s
     0     0   40.29133    0   80  259.00000   40.29133  84.4%     -    0s
     0     0   40.33333    0   75  259.00000   40.33333  84.4%     -    0s
     0     0   40.33333    0   77  259.00000   40.33333  84.4%     -    0s
     0     0   40.33333    0   77  259.00000   40.33333  84.4%     -    0s
     0     0   40.33333    0   77  259.00000   40.33333  84.4%     -    0s
     0     2   40.38889    0   73  259.00000   40.38889  84.4%     -    0s
*   81     7               7     247.0000000  185.80000  24.8%  31.0    0s
*   82     6               7     241.0000000  185.80000  22.9%  30.7    0s

Cutting planes:
  MIR: 5
  Zero half: 53
  RLT: 13
  BQP: 10

Explored 91 nodes (3494 simplex iterations) in 0.16 seconds (0.19 work units)
Thread count was 1 (of 12 available processors)

Solution count 10: 241 247 259 ... 908

Optimal solution found (tolerance 1.00e-04)
Best objective 2.410000000000e+02, best bound 2.410000000000e+02, gap 0.0000%
241.0
