Set parameter Username
Academic license - for non-commercial use only - expires 2025-08-28
Set parameter Threads to value 1
Set parameter Method to value 4
Gurobi Optimizer version 11.0.0 build v11.0.0rc2 (mac64[arm] - Darwin 23.5.0 23F79)

CPU model: Apple M3 Pro
Thread count: 12 physical cores, 12 logical processors, using up to 1 threads

Optimize a model with 1118 rows, 224 columns and 3314 nonzeros
Model fingerprint: 0x8e91bbdc
Variable types: 140 continuous, 84 integer (84 binary)
Coefficient statistics:
  Matrix range     [1e+00, 1e+00]
  Objective range  [1e+01, 3e+02]
  Bounds range     [1e+00, 1e+00]
  RHS range        [1e+00, 2e+00]
Presolve removed 178 rows and 40 columns
Presolve time: 0.00s
Presolved: 940 rows, 184 columns, 2728 nonzeros
Variable types: 0 continuous, 184 integer (184 binary)
Found heuristic solution: objective 2361.0000000
Found heuristic solution: objective 1358.0000000
Found heuristic solution: objective 1042.0000000

Root relaxation: objective 0.000000e+00, 88 iterations, 0.00 seconds (0.00 work units)

    Nodes    |    Current Node    |     Objective Bounds      |     Work
 Expl Unexpl |  Obj  Depth IntInf | Incumbent    BestBd   Gap | It/Node Time

     0     0    0.00000    0   42 1042.00000    0.00000   100%     -    0s
H    0     0                    1005.0000000    0.00000   100%     -    0s
     0     0    0.00000    0   67 1005.00000    0.00000   100%     -    0s
     0     0    0.00000    0   65 1005.00000    0.00000   100%     -    0s
H    0     0                     858.0000000    0.00000   100%     -    0s
H    0     0                     841.0000000    0.00000   100%     -    0s
     0     0    0.00000    0   65  841.00000    0.00000   100%     -    0s
     0     0   18.64407    0   82  841.00000   18.64407  97.8%     -    0s
H    0     0                     811.0000000   18.64407  97.7%     -    0s
     0     0   27.00000    0   72  811.00000   27.00000  96.7%     -    0s
     0     0   51.46362    0  114  811.00000   51.46362  93.7%     -    0s
H    0     0                     787.0000000   51.46362  93.5%     -    0s
     0     0   52.35635    0  103  787.00000   52.35635  93.3%     -    0s
     0     0   53.64185    0  118  787.00000   53.64185  93.2%     -    0s
     0     0   53.95595    0  114  787.00000   53.95595  93.1%     -    0s
     0     0   54.28268    0  117  787.00000   54.28268  93.1%     -    0s
     0     0   54.35183    0  120  787.00000   54.35183  93.1%     -    0s
     0     0   54.37773    0  122  787.00000   54.37773  93.1%     -    0s
     0     0   54.42742    0  123  787.00000   54.42742  93.1%     -    0s
     0     0   54.42772    0  123  787.00000   54.42772  93.1%     -    0s
     0     0   62.10417    0  113  787.00000   62.10417  92.1%     -    0s
     0     0   62.71028    0  117  787.00000   62.71028  92.0%     -    0s
     0     0   63.25568    0  117  787.00000   63.25568  92.0%     -    0s
     0     0   63.33475    0  116  787.00000   63.33475  92.0%     -    0s
     0     0   63.38511    0  110  787.00000   63.38511  91.9%     -    0s
     0     0   63.38652    0  114  787.00000   63.38652  91.9%     -    0s
     0     0   63.73779    0  109  787.00000   63.73779  91.9%     -    0s
     0     0   63.86323    0  105  787.00000   63.86323  91.9%     -    0s
     0     0   63.91079    0  109  787.00000   63.91079  91.9%     -    0s
     0     0   64.08247    0  108  787.00000   64.08247  91.9%     -    0s
     0     0   64.11509    0  113  787.00000   64.11509  91.9%     -    0s
     0     0   64.11877    0  109  787.00000   64.11877  91.9%     -    0s
     0     0   67.77510    0  106  787.00000   67.77510  91.4%     -    0s
     0     0   67.87454    0  108  787.00000   67.87454  91.4%     -    0s
     0     0   67.90034    0  110  787.00000   67.90034  91.4%     -    0s
     0     0   67.92265    0  109  787.00000   67.92265  91.4%     -    0s
     0     0   67.92287    0  110  787.00000   67.92287  91.4%     -    0s
     0     0   67.96705    0  110  787.00000   67.96705  91.4%     -    0s
     0     0   68.51709    0  101  787.00000   68.51709  91.3%     -    0s
     0     0   68.73333    0  100  787.00000   68.73333  91.3%     -    0s
     0     0   68.80952    0  101  787.00000   68.80952  91.3%     -    0s
     0     0   68.83924    0  105  787.00000   68.83924  91.3%     -    0s
     0     0   69.15616    0  109  787.00000   69.15616  91.2%     -    0s
     0     0   69.23333    0  106  787.00000   69.23333  91.2%     -    0s
     0     0   69.30463    0  111  787.00000   69.30463  91.2%     -    0s
H    0     0                     767.0000000   69.30463  91.0%     -    0s
     0     0   69.50192    0  110  767.00000   69.50192  90.9%     -    0s
     0     0   69.51796    0  110  767.00000   69.51796  90.9%     -    0s
     0     0   69.58039    0  112  767.00000   69.58039  90.9%     -    0s
     0     0   69.61167    0  112  767.00000   69.61167  90.9%     -    0s
     0     0   69.61167    0  112  767.00000   69.61167  90.9%     -    0s
     0     2   69.64566    0  106  767.00000   69.64566  90.9%     -    0s
*   49    27              11     740.0000000  154.50000  79.1%  54.4    0s
*   50    25              11     718.0000000  154.50000  78.5%  53.4    0s
*  109    35              10     717.0000000  394.00000  45.0%  38.1    0s
*  125    33              10     714.0000000  394.00000  44.8%  34.5    0s
*  246    31              11     708.0000000  472.00000  33.3%  30.0    0s
*  275    31               7     659.0000000  485.00000  26.4%  28.8    0s

Cutting planes:
  MIR: 13
  Zero half: 49
  RLT: 32
  BQP: 30

Explored 340 nodes (10939 simplex iterations) in 0.48 seconds (0.57 work units)
Thread count was 1 (of 12 available processors)

Solution count 10: 659 708 714 ... 841

Optimal solution found (tolerance 1.00e-04)
Best objective 6.590000000000e+02, best bound 6.590000000000e+02, gap 0.0000%
659.0
