Set parameter Username
Academic license - for non-commercial use only - expires 2025-08-28
Set parameter Threads to value 1
Set parameter Method to value 4
Gurobi Optimizer version 11.0.0 build v11.0.0rc2 (mac64[arm] - Darwin 23.5.0 23F79)

CPU model: Apple M3 Pro
Thread count: 12 physical cores, 12 logical processors, using up to 1 threads

Optimize a model with 816 rows, 172 columns and 2424 nonzeros
Model fingerprint: 0x961444ac
Variable types: 104 continuous, 68 integer (68 binary)
Coefficient statistics:
  Matrix range     [1e+00, 1e+00]
  Objective range  [1e+01, 3e+02]
  Bounds range     [1e+00, 1e+00]
  RHS range        [1e+00, 2e+00]
Found heuristic solution: objective 2455.0000000
Presolve removed 128 rows and 30 columns
Presolve time: 0.00s
Presolved: 688 rows, 142 columns, 2008 nonzeros
Variable types: 0 continuous, 142 integer (142 binary)

Root relaxation: objective 0.000000e+00, 70 iterations, 0.00 seconds (0.00 work units)

    Nodes    |    Current Node    |     Objective Bounds      |     Work
 Expl Unexpl |  Obj  Depth IntInf | Incumbent    BestBd   Gap | It/Node Time

     0     0    0.00000    0   35 2455.00000    0.00000   100%     -    0s
H    0     0                     703.0000000    0.00000   100%     -    0s
H    0     0                     636.0000000    0.00000   100%     -    0s
H    0     0                     424.0000000    0.00000   100%     -    0s
     0     0    0.00000    0   66  424.00000    0.00000   100%     -    0s
H    0     0                     368.0000000    0.00000   100%     -    0s
H    0     0                     290.0000000    0.00000   100%     -    0s
     0     0    3.50000    0   55  290.00000    3.50000  98.8%     -    0s
     0     0    4.42478    0   61  290.00000    4.42478  98.5%     -    0s
     0     0    4.51919    0   61  290.00000    4.51919  98.4%     -    0s
     0     0   11.60271    0   62  290.00000   11.60271  96.0%     -    0s
H    0     0                     213.0000000   11.60271  94.6%     -    0s
     0     0   11.68091    0   62  213.00000   11.68091  94.5%     -    0s
     0     0   11.73554    0   62  213.00000   11.73554  94.5%     -    0s
     0     0   21.85140    0   62  213.00000   21.85140  89.7%     -    0s
H    0     0                     206.0000000   21.85140  89.4%     -    0s
     0     0   22.10227    0   63  206.00000   22.10227  89.3%     -    0s
     0     0   22.12000    0   64  206.00000   22.12000  89.3%     -    0s
     0     0   22.19133    0   64  206.00000   22.19133  89.2%     -    0s
     0     0   27.66667    0   58  206.00000   27.66667  86.6%     -    0s
     0     0   29.26419    0   67  206.00000   29.26419  85.8%     -    0s
     0     0   29.69155    0   70  206.00000   29.69155  85.6%     -    0s
     0     0   29.79048    0   74  206.00000   29.79048  85.5%     -    0s
     0     0   29.81061    0   75  206.00000   29.81061  85.5%     -    0s
     0     0   29.81061    0   75  206.00000   29.81061  85.5%     -    0s
     0     0   29.95833    0   68  206.00000   29.95833  85.5%     -    0s
H    0     0                     188.0000000   29.95833  84.1%     -    0s
     0     0   30.37245    0   70  188.00000   30.37245  83.8%     -    0s
     0     0   30.51613    0   73  188.00000   30.51613  83.8%     -    0s
     0     0   30.61080    0   72  188.00000   30.61080  83.7%     -    0s
     0     0   30.66667    0   58  188.00000   30.66667  83.7%     -    0s
     0     0   30.66667    0   60  188.00000   30.66667  83.7%     -    0s
     0     0   30.74242    0   74  188.00000   30.74242  83.6%     -    0s
     0     0   30.79040    0   70  188.00000   30.79040  83.6%     -    0s
     0     0   30.85714    0   71  188.00000   30.85714  83.6%     -    0s
     0     0   30.85714    0   75  188.00000   30.85714  83.6%     -    0s
     0     0   30.85714    0   75  188.00000   30.85714  83.6%     -    0s
     0     0   30.85714    0   70  188.00000   30.85714  83.6%     -    0s
     0     0   30.85714    0   26  188.00000   30.85714  83.6%     -    0s
     0     0   30.85714    0   45  188.00000   30.85714  83.6%     -    0s
     0     0   30.85714    0   64  188.00000   30.85714  83.6%     -    0s
     0     0   30.85714    0   69  188.00000   30.85714  83.6%     -    0s
     0     0   33.19484    0   70  188.00000   33.19484  82.3%     -    0s
     0     0   33.23582    0   66  188.00000   33.23582  82.3%     -    0s
     0     0   33.24451    0   70  188.00000   33.24451  82.3%     -    0s
     0     0   34.01186    0   68  188.00000   34.01186  81.9%     -    0s
     0     0   34.34779    0   69  188.00000   34.34779  81.7%     -    0s
     0     0   34.35973    0   68  188.00000   34.35973  81.7%     -    0s
     0     0   34.36779    0   69  188.00000   34.36779  81.7%     -    0s
     0     0   34.46501    0   60  188.00000   34.46501  81.7%     -    0s
     0     0   34.46501    0   61  188.00000   34.46501  81.7%     -    0s
     0     0   37.82645    0   60  188.00000   37.82645  79.9%     -    0s
     0     2   44.08677    0   60  188.00000   44.08677  76.5%     -    0s

Cutting planes:
  Gomory: 7
  MIR: 5
  Zero half: 26
  RLT: 11
  BQP: 6

Explored 39 nodes (2223 simplex iterations) in 0.20 seconds (0.22 work units)
Thread count was 1 (of 12 available processors)

Solution count 9: 188 206 213 ... 2455

Optimal solution found (tolerance 1.00e-04)
Best objective 1.880000000000e+02, best bound 1.880000000000e+02, gap 0.0000%
188.0
