Set parameter Username
Academic license - for non-commercial use only - expires 2025-08-28
Set parameter Threads to value 1
Set parameter Method to value 4
Gurobi Optimizer version 11.0.0 build v11.0.0rc2 (mac64[arm] - Darwin 23.5.0 23F79)

CPU model: Apple M3 Pro
Thread count: 12 physical cores, 12 logical processors, using up to 1 threads

Optimize a model with 816 rows, 172 columns and 2424 nonzeros
Model fingerprint: 0x19c46fe2
Variable types: 104 continuous, 68 integer (68 binary)
Coefficient statistics:
  Matrix range     [1e+00, 1e+00]
  Objective range  [1e+01, 3e+02]
  Bounds range     [1e+00, 1e+00]
  RHS range        [1e+00, 2e+00]
Presolve removed 128 rows and 30 columns
Presolve time: 0.00s
Presolved: 688 rows, 142 columns, 2008 nonzeros
Variable types: 0 continuous, 142 integer (142 binary)
Found heuristic solution: objective 1902.0000000
Found heuristic solution: objective 973.0000000

Root relaxation: objective 0.000000e+00, 79 iterations, 0.00 seconds (0.00 work units)

    Nodes    |    Current Node    |     Objective Bounds      |     Work
 Expl Unexpl |  Obj  Depth IntInf | Incumbent    BestBd   Gap | It/Node Time

     0     0    0.00000    0   37  973.00000    0.00000   100%     -    0s
H    0     0                     854.0000000    0.00000   100%     -    0s
H    0     0                     745.0000000    0.00000   100%     -    0s
H    0     0                     650.0000000    0.00000   100%     -    0s
     0     0    0.00000    0   70  650.00000    0.00000   100%     -    0s
H    0     0                     391.0000000    0.00000   100%     -    0s
     0     0    2.72727    0   56  391.00000    2.72727  99.3%     -    0s
     0     0    2.85714    0   59  391.00000    2.85714  99.3%     -    0s
     0     0    3.00000    0   57  391.00000    3.00000  99.2%     -    0s
     0     0   14.28182    0   65  391.00000   14.28182  96.3%     -    0s
H    0     0                     383.0000000   14.28182  96.3%     -    0s
     0     0   15.56073    0   66  383.00000   15.56073  95.9%     -    0s
     0     0   16.38328    0   67  383.00000   16.38328  95.7%     -    0s
     0     0   16.86486    0   67  383.00000   16.86486  95.6%     -    0s
     0     0   28.22505    0   75  383.00000   28.22505  92.6%     -    0s
H    0     0                     381.0000000   28.22505  92.6%     -    0s
     0     0   30.26044    0   75  381.00000   30.26044  92.1%     -    0s
     0     0   31.02946    0   75  381.00000   31.02946  91.9%     -    0s
     0     0   31.08016    0   75  381.00000   31.08016  91.8%     -    0s
     0     0   31.08588    0   75  381.00000   31.08588  91.8%     -    0s
     0     0   32.82563    0   78  381.00000   32.82563  91.4%     -    0s
     0     0   33.22917    0   76  381.00000   33.22917  91.3%     -    0s
     0     0   33.38966    0   76  381.00000   33.38966  91.2%     -    0s
     0     0   33.39064    0   75  381.00000   33.39064  91.2%     -    0s
     0     0   34.50649    0   77  381.00000   34.50649  90.9%     -    0s
     0     0   35.00097    0   80  381.00000   35.00097  90.8%     -    0s
     0     0   35.04688    0   76  381.00000   35.04688  90.8%     -    0s
     0     0   35.17935    0   76  381.00000   35.17935  90.8%     -    0s
     0     0   35.19537    0   78  381.00000   35.19537  90.8%     -    0s
     0     0   35.19789    0   79  381.00000   35.19789  90.8%     -    0s
     0     0   35.81168    0   75  381.00000   35.81168  90.6%     -    0s
     0     0   36.15152    0   74  381.00000   36.15152  90.5%     -    0s
     0     0   36.40771    0   75  381.00000   36.40771  90.4%     -    0s
H    0     0                     369.0000000   36.40771  90.1%     -    0s
     0     0   36.61898    0   76  369.00000   36.61898  90.1%     -    0s
     0     0   36.71150    0   76  369.00000   36.71150  90.1%     -    0s
     0     0   36.75978    0   75  369.00000   36.75978  90.0%     -    0s
     0     0   36.75978    0   75  369.00000   36.75978  90.0%     -    0s
     0     0   37.15982    0   77  369.00000   37.15982  89.9%     -    0s
     0     0   37.17677    0   77  369.00000   37.17677  89.9%     -    0s
     0     0   37.17677    0   77  369.00000   37.17677  89.9%     -    0s
     0     0   37.17677    0   74  369.00000   37.17677  89.9%     -    0s
     0     2   37.19444    0   74  369.00000   37.19444  89.9%     -    0s
*   50     8               9     360.0000000  246.50000  31.5%  33.3    0s

Cutting planes:
  Gomory: 1
  MIR: 13
  Zero half: 54
  RLT: 16
  BQP: 11

Explored 67 nodes (2798 simplex iterations) in 0.15 seconds (0.17 work units)
Thread count was 1 (of 12 available processors)

Solution count 10: 360 369 381 ... 1902

Optimal solution found (tolerance 1.00e-04)
Best objective 3.600000000000e+02, best bound 3.600000000000e+02, gap 0.0000%
360.0
