Set parameter Username
Academic license - for non-commercial use only - expires 2025-08-28
Set parameter Threads to value 1
Set parameter Method to value 4
Gurobi Optimizer version 11.0.0 build v11.0.0rc2 (mac64[arm] - Darwin 23.5.0 23F79)

CPU model: Apple M3 Pro
Thread count: 12 physical cores, 12 logical processors, using up to 1 threads

Optimize a model with 816 rows, 172 columns and 2424 nonzeros
Model fingerprint: 0xbeacd600
Variable types: 104 continuous, 68 integer (68 binary)
Coefficient statistics:
  Matrix range     [1e+00, 1e+00]
  Objective range  [1e+01, 3e+02]
  Bounds range     [1e+00, 1e+00]
  RHS range        [1e+00, 2e+00]
Presolve removed 128 rows and 30 columns
Presolve time: 0.00s
Presolved: 688 rows, 142 columns, 2008 nonzeros
Variable types: 0 continuous, 142 integer (142 binary)
Found heuristic solution: objective 1819.0000000
Found heuristic solution: objective 875.0000000

Root relaxation: objective 0.000000e+00, 79 iterations, 0.00 seconds (0.00 work units)

    Nodes    |    Current Node    |     Objective Bounds      |     Work
 Expl Unexpl |  Obj  Depth IntInf | Incumbent    BestBd   Gap | It/Node Time

     0     0    0.00000    0   37  875.00000    0.00000   100%     -    0s
H    0     0                     773.0000000    0.00000   100%     -    0s
H    0     0                     660.0000000    0.00000   100%     -    0s
H    0     0                     580.0000000    0.00000   100%     -    0s
     0     0    0.00000    0   64  580.00000    0.00000   100%     -    0s
H    0     0                     395.0000000    0.00000   100%     -    0s
     0     0    5.25000    0   51  395.00000    5.25000  98.7%     -    0s
H    0     0                     327.0000000    5.25000  98.4%     -    0s
     0     0    5.40000    0   60  327.00000    5.40000  98.3%     -    0s
     0     0    5.50000    0   59  327.00000    5.50000  98.3%     -    0s
     0     0    6.08000    0   65  327.00000    6.08000  98.1%     -    0s
     0     0    6.10909    0   65  327.00000    6.10909  98.1%     -    0s
     0     0   13.68343    0   65  327.00000   13.68343  95.8%     -    0s
     0     0   15.45714    0   66  327.00000   15.45714  95.3%     -    0s
     0     0   24.16992    0   70  327.00000   24.16992  92.6%     -    0s
     0     0   24.34639    0   70  327.00000   24.34639  92.6%     -    0s
     0     0   24.53247    0   71  327.00000   24.53247  92.5%     -    0s
     0     0   24.54386    0   71  327.00000   24.54386  92.5%     -    0s
     0     0   28.07632    0   73  327.00000   28.07632  91.4%     -    0s
     0     0   28.18377    0   73  327.00000   28.18377  91.4%     -    0s
     0     0   28.28213    0   73  327.00000   28.28213  91.4%     -    0s
     0     0   28.31481    0   73  327.00000   28.31481  91.3%     -    0s
     0     0   28.46853    0   74  327.00000   28.46853  91.3%     -    0s
     0     0   28.47440    0   74  327.00000   28.47440  91.3%     -    0s
     0     0   28.61905    0   67  327.00000   28.61905  91.2%     -    0s
     0     0   28.61905    0   68  327.00000   28.61905  91.2%     -    0s
     0     0   33.79747    0   77  327.00000   33.79747  89.7%     -    0s
     0     0   33.91656    0   81  327.00000   33.91656  89.6%     -    0s
     0     0   34.29787    0   81  327.00000   34.29787  89.5%     -    0s
     0     0   34.45283    0   80  327.00000   34.45283  89.5%     -    0s
     0     0   34.45424    0   82  327.00000   34.45424  89.5%     -    0s
     0     0   35.06885    0   83  327.00000   35.06885  89.3%     -    0s
     0     0   36.42553    0   78  327.00000   36.42553  88.9%     -    0s
     0     0   36.66667    0   71  327.00000   36.66667  88.8%     -    0s
     0     0   36.80140    0   78  327.00000   36.80140  88.7%     -    0s
     0     0   36.89617    0   82  327.00000   36.89617  88.7%     -    0s
     0     0   36.89617    0   82  327.00000   36.89617  88.7%     -    0s
     0     0   37.16118    0   79  327.00000   37.16118  88.6%     -    0s
     0     0   37.54489    0   82  327.00000   37.54489  88.5%     -    0s
     0     0   37.54558    0   82  327.00000   37.54558  88.5%     -    0s
     0     0   38.00000    0   74  327.00000   38.00000  88.4%     -    0s
     0     0   38.00000    0   69  327.00000   38.00000  88.4%     -    0s
     0     0   38.00000    0   28  327.00000   38.00000  88.4%     -    0s
     0     0   38.00000    0   57  327.00000   38.00000  88.4%     -    0s
     0     0   38.00000    0   72  327.00000   38.00000  88.4%     -    0s
     0     0   38.00000    0   65  327.00000   38.00000  88.4%     -    0s
     0     0   38.00000    0   68  327.00000   38.00000  88.4%     -    0s
     0     0   38.66667    0   65  327.00000   38.66667  88.2%     -    0s
     0     0   42.02778    0   72  327.00000   42.02778  87.1%     -    0s
     0     0   42.60905    0   77  327.00000   42.60905  87.0%     -    0s
     0     0   42.60997    0   78  327.00000   42.60997  87.0%     -    0s
     0     0   45.83354    0   74  327.00000   45.83354  86.0%     -    0s
     0     0   45.90756    0   72  327.00000   45.90756  86.0%     -    0s
     0     0   45.93696    0   75  327.00000   45.93696  86.0%     -    0s
     0     0   45.95098    0   76  327.00000   45.95098  85.9%     -    0s
     0     0   47.61905    0   73  327.00000   47.61905  85.4%     -    0s
     0     0   47.65801    0   74  327.00000   47.65801  85.4%     -    0s
     0     0   47.65801    0   79  327.00000   47.65801  85.4%     -    0s
     0     0   47.65801    0   79  327.00000   47.65801  85.4%     -    0s
     0     0   47.65801    0   79  327.00000   47.65801  85.4%     -    0s
     0     0   51.02837    0   76  327.00000   51.02837  84.4%     -    0s
     0     2   53.92827    0   74  327.00000   53.92827  83.5%     -    0s
*  119    12              10     319.0000000  235.00000  26.3%  19.2    0s

Cutting planes:
  Cover: 1
  MIR: 18
  Zero half: 36
  RLT: 12
  BQP: 7

Explored 155 nodes (4179 simplex iterations) in 0.26 seconds (0.30 work units)
Thread count was 1 (of 12 available processors)

Solution count 8: 319 327 395 ... 1819

Optimal solution found (tolerance 1.00e-04)
Best objective 3.190000000000e+02, best bound 3.190000000000e+02, gap 0.0000%
319.0
