Set parameter Username
Academic license - for non-commercial use only - expires 2025-08-28
Set parameter Threads to value 1
Set parameter Method to value 4
Gurobi Optimizer version 11.0.0 build v11.0.0rc2 (mac64[arm] - Darwin 23.5.0 23F79)

CPU model: Apple M3 Pro
Thread count: 12 physical cores, 12 logical processors, using up to 1 threads

Optimize a model with 891 rows, 185 columns and 2646 nonzeros
Model fingerprint: 0x54d2a304
Variable types: 113 continuous, 72 integer (72 binary)
Coefficient statistics:
  Matrix range     [1e+00, 1e+00]
  Objective range  [1e+01, 3e+02]
  Bounds range     [1e+00, 1e+00]
  RHS range        [1e+00, 2e+00]
Found heuristic solution: objective 1245.0000000
Presolve removed 138 rows and 32 columns
Presolve time: 0.00s
Presolved: 753 rows, 153 columns, 2196 nonzeros
Variable types: 0 continuous, 153 integer (153 binary)
Found heuristic solution: objective 1215.0000000

Root relaxation: objective 0.000000e+00, 94 iterations, 0.00 seconds (0.00 work units)

    Nodes    |    Current Node    |     Objective Bounds      |     Work
 Expl Unexpl |  Obj  Depth IntInf | Incumbent    BestBd   Gap | It/Node Time

     0     0    0.00000    0   39 1215.00000    0.00000   100%     -    0s
H    0     0                     672.0000000    0.00000   100%     -    0s
H    0     0                     671.0000000    0.00000   100%     -    0s
     0     0    0.00000    0   43  671.00000    0.00000   100%     -    0s
H    0     0                     620.0000000    0.00000   100%     -    0s
H    0     0                     563.0000000    0.00000   100%     -    0s
H    0     0                     490.0000000    0.00000   100%     -    0s
     0     0    1.28571    0   61  490.00000    1.28571   100%     -    0s
     0     0    6.32353    0   67  490.00000    6.32353  98.7%     -    0s
     0     0    6.62500    0   66  490.00000    6.62500  98.6%     -    0s
     0     0   19.13419    0   71  490.00000   19.13419  96.1%     -    0s
     0     0   20.06665    0   74  490.00000   20.06665  95.9%     -    0s
     0     0   20.42097    0   73  490.00000   20.42097  95.8%     -    0s
     0     0   20.46975    0   72  490.00000   20.46975  95.8%     -    0s
     0     0   29.33333    0   63  490.00000   29.33333  94.0%     -    0s
     0     0   29.33333    0   63  490.00000   29.33333  94.0%     -    0s
     0     0   34.60265    0   89  490.00000   34.60265  92.9%     -    0s
     0     0   35.42601    0   82  490.00000   35.42601  92.8%     -    0s
     0     0   35.57683    0   90  490.00000   35.57683  92.7%     -    0s
     0     0   35.63483    0   90  490.00000   35.63483  92.7%     -    0s
     0     0   35.64411    0   93  490.00000   35.64411  92.7%     -    0s
     0     0   35.65628    0   92  490.00000   35.65628  92.7%     -    0s
     0     0   35.66135    0   92  490.00000   35.66135  92.7%     -    0s
     0     0   39.50000    0   72  490.00000   39.50000  91.9%     -    0s
     0     0   40.66667    0   71  490.00000   40.66667  91.7%     -    0s
     0     0   42.70349    0   88  490.00000   42.70349  91.3%     -    0s
     0     0   45.71134    0   95  490.00000   45.71134  90.7%     -    0s
     0     0   46.02069    0   92  490.00000   46.02069  90.6%     -    0s
     0     0   46.13884    0   94  490.00000   46.13884  90.6%     -    0s
     0     0   46.27761    0   94  490.00000   46.27761  90.6%     -    0s
     0     0   46.29109    0   95  490.00000   46.29109  90.6%     -    0s
     0     0   46.85995    0   95  490.00000   46.85995  90.4%     -    0s
     0     0   46.93226    0   91  490.00000   46.93226  90.4%     -    0s
     0     0   46.93784    0   88  490.00000   46.93784  90.4%     -    0s
     0     0   46.93852    0   94  490.00000   46.93852  90.4%     -    0s
H    0     0                     448.0000000   46.93852  89.5%     -    0s
H    0     0                     331.0000000   46.93852  85.8%     -    0s
     0     0   46.93917    0   94  331.00000   46.93917  85.8%     -    0s
     0     0   46.94152    0   88  331.00000   46.94152  85.8%     -    0s
     0     0   46.94152    0   88  331.00000   46.94152  85.8%     -    0s
     0     0   46.94152    0   30  331.00000   46.94152  85.8%     -    0s
H    0     0                     329.0000000   46.94152  85.7%     -    0s
     0     0   46.94152    0   54  329.00000   46.94152  85.7%     -    0s
     0     0   46.94152    0   89  329.00000   46.94152  85.7%     -    0s
     0     0   46.94152    0   86  329.00000   46.94152  85.7%     -    0s
     0     0   46.94152    0   90  329.00000   46.94152  85.7%     -    0s
     0     0   46.94152    0   87  329.00000   46.94152  85.7%     -    0s
     0     0   46.94152    0   89  329.00000   46.94152  85.7%     -    0s
     0     0   46.94152    0   85  329.00000   46.94152  85.7%     -    0s
     0     0   46.94534    0   88  329.00000   46.94534  85.7%     -    0s
     0     0   46.94737    0   84  329.00000   46.94737  85.7%     -    0s
     0     0   46.94737    0   88  329.00000   46.94737  85.7%     -    0s
H    0     0                     305.0000000   46.94737  84.6%     -    0s
     0     0   46.94737    0   88  305.00000   46.94737  84.6%     -    0s
     0     0   49.38753    0   88  305.00000   49.38753  83.8%     -    0s
     0     0   55.38366    0   30  305.00000   55.38366  81.8%     -    0s
     0     0   55.38366    0   52  305.00000   55.38366  81.8%     -    0s
     0     0   55.38366    0   86  305.00000   55.38366  81.8%     -    0s
     0     0   55.38366    0   83  305.00000   55.38366  81.8%     -    0s
     0     0   55.38366    0   88  305.00000   55.38366  81.8%     -    0s
     0     0   55.38366    0   88  305.00000   55.38366  81.8%     -    0s
     0     0   55.38366    0   88  305.00000   55.38366  81.8%     -    0s
     0     0   55.38366    0   87  305.00000   55.38366  81.8%     -    0s
     0     0   55.38366    0   82  305.00000   55.38366  81.8%     -    0s
     0     0   55.38366    0   84  305.00000   55.38366  81.8%     -    0s
H    0     0                     281.0000000   55.38366  80.3%     -    0s
     0     0   55.38366    0   86  281.00000   55.38366  80.3%     -    0s
     0     0   55.38366    0   88  281.00000   55.38366  80.3%     -    0s
     0     0   55.38366    0   85  281.00000   55.38366  80.3%     -    0s
     0     0   55.38366    0   85  281.00000   55.38366  80.3%     -    0s
     0     0   55.38366    0   85  281.00000   55.38366  80.3%     -    0s
     0     0   55.38366    0   84  281.00000   55.38366  80.3%     -    0s
     0     0   55.38366    0   89  281.00000   55.38366  80.3%     -    0s
     0     0   55.38366    0   90  281.00000   55.38366  80.3%     -    0s
     0     0   55.38366    0   89  281.00000   55.38366  80.3%     -    0s
     0     0   55.38366    0   89  281.00000   55.38366  80.3%     -    0s
     0     0   55.38366    0   89  281.00000   55.38366  80.3%     -    0s
     0     0   55.38366    0   89  281.00000   55.38366  80.3%     -    0s
     0     0   55.38366    0   88  281.00000   55.38366  80.3%     -    0s
     0     0   55.38366    0   89  281.00000   55.38366  80.3%     -    0s
     0     0   55.38366    0   84  281.00000   55.38366  80.3%     -    0s
     0     0   55.38366    0   87  281.00000   55.38366  80.3%     -    0s
     0     0   55.38366    0   87  281.00000   55.38366  80.3%     -    0s
     0     0   55.38366    0   88  281.00000   55.38366  80.3%     -    0s
     0     0   55.38366    0   76  281.00000   55.38366  80.3%     -    0s
     0     0   55.38366    0   77  281.00000   55.38366  80.3%     -    0s
     0     0   55.38366    0   71  281.00000   55.38366  80.3%     -    0s
     0     2   60.28784    0   71  281.00000   60.28784  78.5%     -    0s

Cutting planes:
  MIR: 16
  Inf proof: 1
  Zero half: 38
  RLT: 18
  BQP: 13

Explored 211 nodes (6117 simplex iterations) in 0.43 seconds (0.47 work units)
Thread count was 1 (of 12 available processors)

Solution count 10: 281 305 329 ... 672

Optimal solution found (tolerance 1.00e-04)
Best objective 2.810000000000e+02, best bound 2.810000000000e+02, gap 0.0000%
281.0
