Set parameter Username
Academic license - for non-commercial use only - expires 2025-08-28
Set parameter Threads to value 1
Set parameter Method to value 4
Gurobi Optimizer version 11.0.0 build v11.0.0rc2 (mac64[arm] - Darwin 23.5.0 23F79)

CPU model: Apple M3 Pro
Thread count: 12 physical cores, 12 logical processors, using up to 1 threads

Optimize a model with 967 rows, 198 columns and 2869 nonzeros
Model fingerprint: 0x3775dcfd
Variable types: 122 continuous, 76 integer (76 binary)
Coefficient statistics:
  Matrix range     [1e+00, 1e+00]
  Objective range  [1e+01, 3e+02]
  Bounds range     [1e+00, 1e+00]
  RHS range        [1e+00, 2e+00]
Found heuristic solution: objective 1681.0000000
Presolve removed 247 rows and 48 columns
Presolve time: 0.00s
Presolved: 720 rows, 150 columns, 2090 nonzeros
Variable types: 0 continuous, 150 integer (150 binary)

Root relaxation: objective 0.000000e+00, 84 iterations, 0.00 seconds (0.00 work units)

    Nodes    |    Current Node    |     Objective Bounds      |     Work
 Expl Unexpl |  Obj  Depth IntInf | Incumbent    BestBd   Gap | It/Node Time

     0     0    0.00000    0   43 1681.00000    0.00000   100%     -    0s
H    0     0                    1430.0000000    0.00000   100%     -    0s
H    0     0                     843.0000000    0.00000   100%     -    0s
H    0     0                     691.0000000    0.00000   100%     -    0s
     0     0    0.00000    0   66  691.00000    0.00000   100%     -    0s
H    0     0                     484.0000000    0.00000   100%     -    0s
     0     0    2.14286    0   62  484.00000    2.14286   100%     -    0s
H    0     0                     442.0000000    2.14286   100%     -    0s
     0     0    9.00000    0   63  442.00000    9.00000  98.0%     -    0s
     0     0   11.52778    0   69  442.00000   11.52778  97.4%     -    0s
     0     0   12.34746    0   73  442.00000   12.34746  97.2%     -    0s
     0     0   12.36364    0   71  442.00000   12.36364  97.2%     -    0s
     0     0   12.49242    0   71  442.00000   12.49242  97.2%     -    0s
     0     0   12.53333    0   72  442.00000   12.53333  97.2%     -    0s
     0     0   37.77222    0   76  442.00000   37.77222  91.5%     -    0s
     0     0   39.00000    0   67  442.00000   39.00000  91.2%     -    0s
     0     0   44.01134    0   93  442.00000   44.01134  90.0%     -    0s
     0     0   44.27387    0   91  442.00000   44.27387  90.0%     -    0s
     0     0   44.36187    0   82  442.00000   44.36187  90.0%     -    0s
     0     0   44.40025    0   80  442.00000   44.40025  90.0%     -    0s
     0     0   44.40365    0   80  442.00000   44.40365  90.0%     -    0s
     0     0   47.12698    0   83  442.00000   47.12698  89.3%     -    0s
     0     0   48.51286    0   87  442.00000   48.51286  89.0%     -    0s
     0     0   48.85000    0   87  442.00000   48.85000  88.9%     -    0s
     0     0   49.53349    0   93  442.00000   49.53349  88.8%     -    0s
     0     0   49.58995    0   92  442.00000   49.58995  88.8%     -    0s
     0     0   49.67395    0   93  442.00000   49.67395  88.8%     -    0s
     0     0   49.68991    0   93  442.00000   49.68991  88.8%     -    0s
     0     0   49.81115    0   90  442.00000   49.81115  88.7%     -    0s
     0     0   50.69042    0   94  442.00000   50.69042  88.5%     -    0s
     0     0   51.00000    0   71  442.00000   51.00000  88.5%     -    0s
     0     0   51.00000    0   73  442.00000   51.00000  88.5%     -    0s
     0     0   51.00000    0   75  442.00000   51.00000  88.5%     -    0s
     0     0   51.00000    0   74  442.00000   51.00000  88.5%     -    0s
     0     0   51.95630    0   88  442.00000   51.95630  88.2%     -    0s
     0     0   52.42231    0   90  442.00000   52.42231  88.1%     -    0s
     0     0   52.60604    0   92  442.00000   52.60604  88.1%     -    0s
     0     0   52.65651    0   95  442.00000   52.65651  88.1%     -    0s
     0     0   52.72222    0   83  442.00000   52.72222  88.1%     -    0s
     0     0   52.74249    0   91  442.00000   52.74249  88.1%     -    0s
     0     0   52.75000    0   80  442.00000   52.75000  88.1%     -    0s
     0     0   54.35205    0   92  442.00000   54.35205  87.7%     -    0s
     0     0   54.60000    0   85  442.00000   54.60000  87.6%     -    0s
     0     0   55.12392    0   94  442.00000   55.12392  87.5%     -    0s
     0     0   55.16667    0   83  442.00000   55.16667  87.5%     -    0s
     0     0   55.31963    0   92  442.00000   55.31963  87.5%     -    0s
     0     0   55.44397    0   88  442.00000   55.44397  87.5%     -    0s
     0     0   55.48550    0   92  442.00000   55.48550  87.4%     -    0s
     0     0   55.58384    0   90  442.00000   55.58384  87.4%     -    0s
     0     0   55.60872    0   94  442.00000   55.60872  87.4%     -    0s
     0     0   55.61419    0   95  442.00000   55.61419  87.4%     -    0s
     0     0   55.70370    0   85  442.00000   55.70370  87.4%     -    0s
     0     0   55.70370    0   87  442.00000   55.70370  87.4%     -    0s
     0     0   55.70370    0   87  442.00000   55.70370  87.4%     -    0s
     0     0   55.70370    0   87  442.00000   55.70370  87.4%     -    0s
     0     0   56.81795    0   93  442.00000   56.81795  87.1%     -    0s
     0     0   57.33333    0   79  442.00000   57.33333  87.0%     -    0s
     0     0   57.41921    0   95  442.00000   57.41921  87.0%     -    0s
     0     0   57.42154    0   99  442.00000   57.42154  87.0%     -    0s
     0     0   57.64754    0   96  442.00000   57.64754  87.0%     -    0s
     0     0   57.66506    0   93  442.00000   57.66506  87.0%     -    0s
     0     0   57.68408    0   96  442.00000   57.68408  86.9%     -    0s
     0     0   57.69405    0   96  442.00000   57.69405  86.9%     -    0s
     0     0   58.21693    0   95  442.00000   58.21693  86.8%     -    0s
     0     0   58.35231    0   96  442.00000   58.35231  86.8%     -    0s
     0     0   58.35231    0   92  442.00000   58.35231  86.8%     -    0s
     0     2   58.46063    0   90  442.00000   58.46063  86.8%     -    0s

Cutting planes:
  MIR: 17
  Zero half: 57
  RLT: 14
  BQP: 10

Explored 112 nodes (4346 simplex iterations) in 0.24 seconds (0.28 work units)
Thread count was 1 (of 12 available processors)

Solution count 6: 442 484 691 ... 1681

Optimal solution found (tolerance 1.00e-04)
Best objective 4.420000000000e+02, best bound 4.420000000000e+02, gap 0.0000%
442.0
