Set parameter Username
Academic license - for non-commercial use only - expires 2025-08-28
Set parameter Threads to value 1
Set parameter Method to value 4
Gurobi Optimizer version 11.0.0 build v11.0.0rc2 (mac64[arm] - Darwin 23.5.0 23F79)

CPU model: Apple M3 Pro
Thread count: 12 physical cores, 12 logical processors, using up to 1 threads

Optimize a model with 1042 rows, 211 columns and 3091 nonzeros
Model fingerprint: 0x45b91045
Variable types: 131 continuous, 80 integer (80 binary)
Coefficient statistics:
  Matrix range     [1e+00, 1e+00]
  Objective range  [1e+01, 3e+02]
  Bounds range     [1e+00, 1e+00]
  RHS range        [1e+00, 2e+00]
Presolve removed 163 rows and 37 columns
Presolve time: 0.00s
Presolved: 879 rows, 174 columns, 2556 nonzeros
Variable types: 0 continuous, 174 integer (174 binary)
Found heuristic solution: objective 3204.0000000
Found heuristic solution: objective 1526.0000000
Found heuristic solution: objective 1298.0000000

Root relaxation: objective 0.000000e+00, 82 iterations, 0.00 seconds (0.00 work units)

    Nodes    |    Current Node    |     Objective Bounds      |     Work
 Expl Unexpl |  Obj  Depth IntInf | Incumbent    BestBd   Gap | It/Node Time

     0     0    0.00000    0   40 1298.00000    0.00000   100%     -    0s
H    0     0                     910.0000000    0.00000   100%     -    0s
H    0     0                     847.0000000    0.00000   100%     -    0s
     0     0    0.00000    0   69  847.00000    0.00000   100%     -    0s
     0     0    0.00000    0   62  847.00000    0.00000   100%     -    0s
     0     0    2.75000    0   69  847.00000    2.75000   100%     -    0s
     0     0   23.87059    0   86  847.00000   23.87059  97.2%     -    0s
     0     0   27.00000    0   69  847.00000   27.00000  96.8%     -    0s
     0     0   27.00000    0   68  847.00000   27.00000  96.8%     -    0s
     0     0   41.52542    0   90  847.00000   41.52542  95.1%     -    0s
     0     0   44.07382    0   97  847.00000   44.07382  94.8%     -    0s
     0     0   45.35540    0   94  847.00000   45.35540  94.6%     -    0s
     0     0   45.53333    0   93  847.00000   45.53333  94.6%     -    0s
     0     0   45.67693    0   95  847.00000   45.67693  94.6%     -    0s
     0     0   45.68615    0   96  847.00000   45.68615  94.6%     -    0s
     0     0   49.50373    0   99  847.00000   49.50373  94.2%     -    0s
     0     0   50.01389    0   95  847.00000   50.01389  94.1%     -    0s
     0     0   50.23810    0   97  847.00000   50.23810  94.1%     -    0s
     0     0   50.40070    0  100  847.00000   50.40070  94.0%     -    0s
     0     0   50.52781    0  101  847.00000   50.52781  94.0%     -    0s
     0     0   50.58511    0  100  847.00000   50.58511  94.0%     -    0s
     0     0   50.58734    0  101  847.00000   50.58734  94.0%     -    0s
     0     0   50.98404    0  101  847.00000   50.98404  94.0%     -    0s
H    0     0                     799.0000000   50.98404  93.6%     -    0s
     0     0   51.15252    0  103  799.00000   51.15252  93.6%     -    0s
     0     0   51.15296    0  103  799.00000   51.15296  93.6%     -    0s
     0     0   52.46724    0  101  799.00000   52.46724  93.4%     -    0s
H    0     0                     601.0000000   52.46724  91.3%     -    0s
     0     0   53.57317    0  107  601.00000   53.57317  91.1%     -    0s
     0     0   54.25738    0  112  601.00000   54.25738  91.0%     -    0s
     0     0   54.30930    0  113  601.00000   54.30930  91.0%     -    0s
     0     0   57.53780    0  110  601.00000   57.53780  90.4%     -    0s
     0     0   57.72222    0  108  601.00000   57.72222  90.4%     -    0s
     0     0   57.72222    0  110  601.00000   57.72222  90.4%     -    0s
     0     0   57.72222    0  108  601.00000   57.72222  90.4%     -    0s
     0     0   57.75556    0  110  601.00000   57.75556  90.4%     -    0s
     0     0   57.75556    0  112  601.00000   57.75556  90.4%     -    0s
     0     0   57.75556    0  112  601.00000   57.75556  90.4%     -    0s
     0     0   57.75556    0  105  601.00000   57.75556  90.4%     -    0s
     0     2   57.93205    0  105  601.00000   57.93205  90.4%     -    0s
*   56    24               7     567.0000000  236.00000  58.4%  48.2    0s
*  161    24              10     561.0000000  416.00000  25.8%  30.5    0s

Cutting planes:
  MIR: 7
  Zero half: 34
  RLT: 27
  BQP: 19

Explored 232 nodes (7574 simplex iterations) in 0.33 seconds (0.42 work units)
Thread count was 1 (of 12 available processors)

Solution count 9: 561 567 601 ... 3204

Optimal solution found (tolerance 1.00e-04)
Best objective 5.610000000000e+02, best bound 5.610000000000e+02, gap 0.0000%
561.0
