Set parameter Username
Academic license - for non-commercial use only - expires 2025-08-28
Set parameter Threads to value 1
Set parameter Method to value 4
Gurobi Optimizer version 11.0.0 build v11.0.0rc2 (mac64[arm] - Darwin 23.5.0 23F79)

CPU model: Apple M3 Pro
Thread count: 12 physical cores, 12 logical processors, using up to 1 threads

Optimize a model with 816 rows, 172 columns and 2424 nonzeros
Model fingerprint: 0x0f0b4e45
Variable types: 104 continuous, 68 integer (68 binary)
Coefficient statistics:
  Matrix range     [1e+00, 1e+00]
  Objective range  [1e+01, 3e+02]
  Bounds range     [1e+00, 1e+00]
  RHS range        [1e+00, 2e+00]
Presolve removed 128 rows and 30 columns
Presolve time: 0.00s
Presolved: 688 rows, 142 columns, 2008 nonzeros
Variable types: 0 continuous, 142 integer (142 binary)
Found heuristic solution: objective 1786.0000000
Found heuristic solution: objective 819.0000000

Root relaxation: objective 0.000000e+00, 79 iterations, 0.00 seconds (0.00 work units)

    Nodes    |    Current Node    |     Objective Bounds      |     Work
 Expl Unexpl |  Obj  Depth IntInf | Incumbent    BestBd   Gap | It/Node Time

     0     0    0.00000    0   37  819.00000    0.00000   100%     -    0s
H    0     0                     738.0000000    0.00000   100%     -    0s
H    0     0                     625.0000000    0.00000   100%     -    0s
H    0     0                     555.0000000    0.00000   100%     -    0s
     0     0    0.00000    0   64  555.00000    0.00000   100%     -    0s
H    0     0                     365.0000000    0.00000   100%     -    0s
     0     0    5.00000    0   58  365.00000    5.00000  98.6%     -    0s
H    0     0                     315.0000000    5.00000  98.4%     -    0s
     0     0    5.33333    0   61  315.00000    5.33333  98.3%     -    0s
     0     0    6.01031    0   64  315.00000    6.01031  98.1%     -    0s
     0     0    6.01695    0   64  315.00000    6.01695  98.1%     -    0s
     0     0   13.17460    0   65  315.00000   13.17460  95.8%     -    0s
     0     0   15.00000    0   69  315.00000   15.00000  95.2%     -    0s
     0     0   16.04487    0   70  315.00000   16.04487  94.9%     -    0s
     0     0   16.04487    0   70  315.00000   16.04487  94.9%     -    0s
     0     0   25.89130    0   74  315.00000   25.89130  91.8%     -    0s
     0     0   27.60644    0   76  315.00000   27.60644  91.2%     -    0s
     0     0   27.84615    0   73  315.00000   27.84615  91.2%     -    0s
     0     0   28.00000    0   64  315.00000   28.00000  91.1%     -    0s
     0     0   28.16376    0   74  315.00000   28.16376  91.1%     -    0s
     0     0   28.20240    0   75  315.00000   28.20240  91.0%     -    0s
     0     0   28.20279    0   77  315.00000   28.20279  91.0%     -    0s
     0     0   28.78676    0   76  315.00000   28.78676  90.9%     -    0s
     0     0   28.88889    0   71  315.00000   28.88889  90.8%     -    0s
     0     0   29.15610    0   74  315.00000   29.15610  90.7%     -    0s
     0     0   29.33333    0   68  315.00000   29.33333  90.7%     -    0s
     0     0   31.56088    0   76  315.00000   31.56088  90.0%     -    0s
     0     0   33.43005    0   79  315.00000   33.43005  89.4%     -    0s
     0     0   34.23742    0   78  315.00000   34.23742  89.1%     -    0s
     0     0   35.02718    0   78  315.00000   35.02718  88.9%     -    0s
     0     0   35.02718    0   79  315.00000   35.02718  88.9%     -    0s
     0     0   35.45782    0   80  315.00000   35.45782  88.7%     -    0s
H    0     0                     297.0000000   35.45782  88.1%     -    0s
     0     0   36.32576    0   79  297.00000   36.32576  87.8%     -    0s
     0     0   36.38095    0   77  297.00000   36.38095  87.8%     -    0s
     0     0   36.38095    0   77  297.00000   36.38095  87.8%     -    0s
     0     0   36.38095    0   79  297.00000   36.38095  87.8%     -    0s
     0     0   36.38095    0   79  297.00000   36.38095  87.8%     -    0s
     0     0   36.38095    0   78  297.00000   36.38095  87.8%     -    0s
     0     2   36.66667    0   72  297.00000   36.66667  87.7%     -    0s

Cutting planes:
  MIR: 7
  Zero half: 37
  RLT: 9
  BQP: 8

Explored 59 nodes (2641 simplex iterations) in 0.14 seconds (0.16 work units)
Thread count was 1 (of 12 available processors)

Solution count 8: 297 315 365 ... 1786

Optimal solution found (tolerance 1.00e-04)
Best objective 2.970000000000e+02, best bound 2.970000000000e+02, gap 0.0000%
297.0
