Set parameter Username
Academic license - for non-commercial use only - expires 2025-08-28
Set parameter Threads to value 1
Set parameter Method to value 4
Gurobi Optimizer version 11.0.0 build v11.0.0rc2 (mac64[arm] - Darwin 23.5.0 23F79)

CPU model: Apple M3 Pro
Thread count: 12 physical cores, 12 logical processors, using up to 1 threads

Optimize a model with 741 rows, 159 columns and 2202 nonzeros
Model fingerprint: 0x5d9648c1
Variable types: 95 continuous, 64 integer (64 binary)
Coefficient statistics:
  Matrix range     [1e+00, 1e+00]
  Objective range  [1e+01, 3e+02]
  Bounds range     [1e+00, 1e+00]
  RHS range        [1e+00, 2e+00]
Found heuristic solution: objective 1552.0000000
Presolve removed 118 rows and 28 columns
Presolve time: 0.00s
Presolved: 623 rows, 131 columns, 1820 nonzeros
Variable types: 0 continuous, 131 integer (131 binary)

Root relaxation: objective 0.000000e+00, 69 iterations, 0.00 seconds (0.00 work units)

    Nodes    |    Current Node    |     Objective Bounds      |     Work
 Expl Unexpl |  Obj  Depth IntInf | Incumbent    BestBd   Gap | It/Node Time

     0     0    0.00000    0   32 1552.00000    0.00000   100%     -    0s
H    0     0                    1278.0000000    0.00000   100%     -    0s
H    0     0                     556.0000000    0.00000   100%     -    0s
H    0     0                     483.0000000    0.00000   100%     -    0s
H    0     0                     456.0000000    0.00000   100%     -    0s
     0     0    0.00000    0   55  456.00000    0.00000   100%     -    0s
H    0     0                     436.0000000    0.00000   100%     -    0s
     0     0    0.00000    0   35  436.00000    0.00000   100%     -    0s
H    0     0                     354.0000000    0.00000   100%     -    0s
     0     0    0.00000    0   38  354.00000    0.00000   100%     -    0s
     0     0    5.45000    0   58  354.00000    5.45000  98.5%     -    0s
H    0     0                     351.0000000    5.45000  98.4%     -    0s
H    0     0                     200.0000000    5.45000  97.3%     -    0s
     0     0    6.52273    0   57  200.00000    6.52273  96.7%     -    0s
     0     0    6.61176    0   59  200.00000    6.61176  96.7%     -    0s
     0     0   11.20000    0   58  200.00000   11.20000  94.4%     -    0s
H    0     0                     164.0000000   11.20000  93.2%     -    0s
     0     0   11.41107    0   60  164.00000   11.41107  93.0%     -    0s
     0     0   11.41139    0   60  164.00000   11.41139  93.0%     -    0s
     0     0   13.78049    0   62  164.00000   13.78049  91.6%     -    0s
     0     0   14.25926    0   62  164.00000   14.25926  91.3%     -    0s
     0     0   14.94915    0   62  164.00000   14.94915  90.9%     -    0s
     0     0   15.15306    0   63  164.00000   15.15306  90.8%     -    0s
     0     0   15.26471    0   62  164.00000   15.26471  90.7%     -    0s
     0     0   15.28061    0   63  164.00000   15.28061  90.7%     -    0s
     0     0   15.33333    0   52  164.00000   15.33333  90.7%     -    0s
H    0     0                     154.0000000   15.33333  90.0%     -    0s
     0     0   15.33333    0   53  154.00000   15.33333  90.0%     -    0s
     0     0   15.33333    0   58  154.00000   15.33333  90.0%     -    0s
     0     0   15.33333    0   58  154.00000   15.33333  90.0%     -    0s
     0     0   15.33333    0   58  154.00000   15.33333  90.0%     -    0s
     0     0   15.33333    0   24  154.00000   15.33333  90.0%     -    0s
     0     0   15.33333    0   47  154.00000   15.33333  90.0%     -    0s
     0     0   15.33333    0   59  154.00000   15.33333  90.0%     -    0s
     0     0   17.10660    0   61  154.00000   17.10660  88.9%     -    0s
H    0     0                     144.0000000   17.10660  88.1%     -    0s
     0     0   17.62185    0   64  144.00000   17.62185  87.8%     -    0s
     0     0   17.63656    0   64  144.00000   17.63656  87.8%     -    0s
     0     0   17.64629    0   61  144.00000   17.64629  87.7%     -    0s
     0     0   17.64978    0   64  144.00000   17.64978  87.7%     -    0s
     0     0   17.94855    0   63  144.00000   17.94855  87.5%     -    0s
     0     0   18.19979    0   58  144.00000   18.19979  87.4%     -    0s
     0     0   19.95590    0   58  144.00000   19.95590  86.1%     -    0s
     0     2   25.66865    0   58  144.00000   25.66865  82.2%     -    0s

Cutting planes:
  Gomory: 6
  MIR: 2
  Zero half: 15
  RLT: 9
  BQP: 1

Explored 72 nodes (2132 simplex iterations) in 0.16 seconds (0.18 work units)
Thread count was 1 (of 12 available processors)

Solution count 10: 144 154 164 ... 556

Optimal solution found (tolerance 1.00e-04)
Best objective 1.440000000000e+02, best bound 1.440000000000e+02, gap 0.0000%
144.0
