Set parameter Username
Academic license - for non-commercial use only - expires 2025-08-28
Set parameter Threads to value 1
Set parameter Method to value 4
Gurobi Optimizer version 11.0.0 build v11.0.0rc2 (mac64[arm] - Darwin 23.5.0 23F79)

CPU model: Apple M3 Pro
Thread count: 12 physical cores, 12 logical processors, using up to 1 threads

Optimize a model with 1042 rows, 211 columns and 3091 nonzeros
Model fingerprint: 0xdb847f01
Variable types: 131 continuous, 80 integer (80 binary)
Coefficient statistics:
  Matrix range     [1e+00, 1e+00]
  Objective range  [1e+01, 3e+02]
  Bounds range     [1e+00, 1e+00]
  RHS range        [1e+00, 2e+00]
Presolve removed 163 rows and 37 columns
Presolve time: 0.00s
Presolved: 879 rows, 174 columns, 2556 nonzeros
Variable types: 0 continuous, 174 integer (174 binary)
Found heuristic solution: objective 3190.0000000
Found heuristic solution: objective 1474.0000000
Found heuristic solution: objective 1246.0000000

Root relaxation: objective 0.000000e+00, 82 iterations, 0.00 seconds (0.00 work units)

    Nodes    |    Current Node    |     Objective Bounds      |     Work
 Expl Unexpl |  Obj  Depth IntInf | Incumbent    BestBd   Gap | It/Node Time

     0     0    0.00000    0   40 1246.00000    0.00000   100%     -    0s
H    0     0                    1234.0000000    0.00000   100%     -    0s
H    0     0                    1184.0000000    0.00000   100%     -    0s
     0     0    0.00000    0   67 1184.00000    0.00000   100%     -    0s
H    0     0                     850.0000000    0.00000   100%     -    0s
H    0     0                     660.0000000    0.00000   100%     -    0s
     0     0    5.00000    0   71  660.00000    5.00000  99.2%     -    0s
     0     0   15.41667    0   80  660.00000   15.41667  97.7%     -    0s
H    0     0                     611.0000000   15.41667  97.5%     -    0s
     0     0   15.50000    0   76  611.00000   15.50000  97.5%     -    0s
     0     0   16.33333    0   73  611.00000   16.33333  97.3%     -    0s
     0     0   45.04390    0   98  611.00000   45.04390  92.6%     -    0s
     0     0   45.66667    0   75  611.00000   45.66667  92.5%     -    0s
     0     0   46.88192    0  105  611.00000   46.88192  92.3%     -    0s
     0     0   47.02778    0   95  611.00000   47.02778  92.3%     -    0s
     0     0   47.02814    0  103  611.00000   47.02814  92.3%     -    0s
     0     0   52.28461    0   99  611.00000   52.28461  91.4%     -    0s
     0     0   53.00000    0   94  611.00000   53.00000  91.3%     -    0s
     0     0   53.29924    0   94  611.00000   53.29924  91.3%     -    0s
     0     0   53.56945    0  101  611.00000   53.56945  91.2%     -    0s
     0     0   53.70238    0  100  611.00000   53.70238  91.2%     -    0s
     0     0   53.71095    0   94  611.00000   53.71095  91.2%     -    0s
     0     0   54.26923    0   97  611.00000   54.26923  91.1%     -    0s
     0     0   54.68439    0   99  611.00000   54.68439  91.1%     -    0s
     0     0   55.10791    0  111  611.00000   55.10791  91.0%     -    0s
     0     0   55.11201    0  111  611.00000   55.11201  91.0%     -    0s
     0     0   55.16741    0  110  611.00000   55.16741  91.0%     -    0s
     0     0   55.39988    0  107  611.00000   55.39988  90.9%     -    0s
     0     0   55.44178    0  107  611.00000   55.44178  90.9%     -    0s
     0     0   55.44758    0  106  611.00000   55.44758  90.9%     -    0s
     0     0   55.45635    0  106  611.00000   55.45635  90.9%     -    0s
     0     0   55.45635    0  106  611.00000   55.45635  90.9%     -    0s
     0     0   55.45635    0  108  611.00000   55.45635  90.9%     -    0s
     0     0   55.45635    0  108  611.00000   55.45635  90.9%     -    0s
     0     0   55.45635    0  108  611.00000   55.45635  90.9%     -    0s
     0     2   55.46429    0  104  611.00000   55.46429  90.9%     -    0s
*   27    13               8     520.0000000  186.75000  64.1%  49.9    0s

Cutting planes:
  MIR: 20
  Inf proof: 1
  Zero half: 94
  RLT: 24
  BQP: 25

Explored 187 nodes (6207 simplex iterations) in 0.28 seconds (0.33 work units)
Thread count was 1 (of 12 available processors)

Solution count 9: 520 611 660 ... 3190

Optimal solution found (tolerance 1.00e-04)
Best objective 5.200000000000e+02, best bound 5.200000000000e+02, gap 0.0000%
520.0
