Set parameter Username
Academic license - for non-commercial use only - expires 2025-08-28
Set parameter Threads to value 1
Set parameter Method to value 4
Gurobi Optimizer version 11.0.0 build v11.0.0rc2 (mac64[arm] - Darwin 23.5.0 23F79)

CPU model: Apple M3 Pro
Thread count: 12 physical cores, 12 logical processors, using up to 1 threads

Optimize a model with 1118 rows, 224 columns and 3314 nonzeros
Model fingerprint: 0x156ad41b
Variable types: 140 continuous, 84 integer (84 binary)
Coefficient statistics:
  Matrix range     [1e+00, 1e+00]
  Objective range  [1e+01, 3e+02]
  Bounds range     [1e+00, 1e+00]
  RHS range        [1e+00, 2e+00]
Presolve removed 178 rows and 40 columns
Presolve time: 0.00s
Presolved: 940 rows, 184 columns, 2728 nonzeros
Variable types: 0 continuous, 184 integer (184 binary)
Found heuristic solution: objective 2296.0000000
Found heuristic solution: objective 1356.0000000
Found heuristic solution: objective 1039.0000000

Root relaxation: objective 0.000000e+00, 88 iterations, 0.00 seconds (0.00 work units)

    Nodes    |    Current Node    |     Objective Bounds      |     Work
 Expl Unexpl |  Obj  Depth IntInf | Incumbent    BestBd   Gap | It/Node Time

     0     0    0.00000    0   42 1039.00000    0.00000   100%     -    0s
H    0     0                     979.0000000    0.00000   100%     -    0s
     0     0    0.00000    0   70  979.00000    0.00000   100%     -    0s
H    0     0                     837.0000000    0.00000   100%     -    0s
     0     0    3.00000    0   74  837.00000    3.00000   100%     -    0s
     0     0    8.54167    0   84  837.00000    8.54167  99.0%     -    0s
     0     0    8.54167    0   84  837.00000    8.54167  99.0%     -    0s
     0     0   28.00000    0   71  837.00000   28.00000  96.7%     -    0s
     0     0   28.00000    0   71  837.00000   28.00000  96.7%     -    0s
     0     0   36.21396    0   95  837.00000   36.21396  95.7%     -    0s
     0     0   42.67247    0  103  837.00000   42.67247  94.9%     -    0s
     0     0   42.92517    0  106  837.00000   42.92517  94.9%     -    0s
     0     0   43.04205    0  111  837.00000   43.04205  94.9%     -    0s
     0     0   43.06452    0  109  837.00000   43.06452  94.9%     -    0s
     0     0   43.08298    0  109  837.00000   43.08298  94.9%     -    0s
     0     0   43.08912    0  110  837.00000   43.08912  94.9%     -    0s
     0     0   55.36874    0  106  837.00000   55.36874  93.4%     -    0s
H    0     0                     826.0000000   55.36874  93.3%     -    0s
H    0     0                     784.0000000   55.36874  92.9%     -    0s
     0     0   56.83928    0  115  784.00000   56.83928  92.8%     -    0s
     0     0   57.22909    0  118  784.00000   57.22909  92.7%     -    0s
     0     0   57.31859    0  118  784.00000   57.31859  92.7%     -    0s
     0     0   57.33910    0  116  784.00000   57.33910  92.7%     -    0s
     0     0   57.33928    0  117  784.00000   57.33928  92.7%     -    0s
     0     0   57.54607    0  116  784.00000   57.54607  92.7%     -    0s
     0     0   57.65094    0  117  784.00000   57.65094  92.6%     -    0s
     0     0   57.67209    0  117  784.00000   57.67209  92.6%     -    0s
     0     0   57.70242    0  118  784.00000   57.70242  92.6%     -    0s
     0     0   57.70309    0  118  784.00000   57.70309  92.6%     -    0s
     0     0   60.30539    0  119  784.00000   60.30539  92.3%     -    0s
     0     0   60.57667    0  118  784.00000   60.57667  92.3%     -    0s
     0     0   60.62366    0  116  784.00000   60.62366  92.3%     -    0s
     0     0   60.62366    0  116  784.00000   60.62366  92.3%     -    0s
     0     0   60.62366    0  120  784.00000   60.62366  92.3%     -    0s
     0     0   60.62366    0  120  784.00000   60.62366  92.3%     -    0s
     0     0   61.70223    0  116  784.00000   61.70223  92.1%     -    0s
H    0     0                     757.0000000   61.70223  91.8%     -    0s
     0     0   62.11772    0  121  757.00000   62.11772  91.8%     -    0s
     0     0   62.11772    0  122  757.00000   62.11772  91.8%     -    0s
     0     0   63.27895    0  118  757.00000   63.27895  91.6%     -    0s
     0     0   63.41179    0  120  757.00000   63.41179  91.6%     -    0s
     0     0   63.46053    0  121  757.00000   63.46053  91.6%     -    0s
     0     0   63.46053    0  121  757.00000   63.46053  91.6%     -    0s
     0     0   63.46053    0  121  757.00000   63.46053  91.6%     -    0s
     0     0   63.46053    0  118  757.00000   63.46053  91.6%     -    0s
H    0     0                     704.0000000   63.46053  91.0%     -    0s
     0     2   63.50000    0  115  704.00000   63.50000  91.0%     -    0s
*   34    20               9     686.0000000  206.66667  69.9%  61.8    0s
*   64    26              10     626.0000000  274.30000  56.2%  46.0    0s
*  196    18               8     625.0000000  466.00000  25.4%  35.7    0s

Cutting planes:
  MIR: 12
  Zero half: 33
  RLT: 22
  BQP: 12

Explored 233 nodes (9009 simplex iterations) in 0.37 seconds (0.47 work units)
Thread count was 1 (of 12 available processors)

Solution count 10: 625 626 686 ... 1039

Optimal solution found (tolerance 1.00e-04)
Best objective 6.250000000000e+02, best bound 6.250000000000e+02, gap 0.0000%
625.0
