Set parameter Username
Academic license - for non-commercial use only - expires 2025-08-28
Set parameter Threads to value 1
Set parameter Method to value 4
Gurobi Optimizer version 11.0.0 build v11.0.0rc2 (mac64[arm] - Darwin 23.5.0 23F79)

CPU model: Apple M3 Pro
Thread count: 12 physical cores, 12 logical processors, using up to 1 threads

Optimize a model with 891 rows, 185 columns and 2646 nonzeros
Model fingerprint: 0x6eb382ef
Variable types: 113 continuous, 72 integer (72 binary)
Coefficient statistics:
  Matrix range     [1e+00, 1e+00]
  Objective range  [1e+01, 3e+02]
  Bounds range     [1e+00, 1e+00]
  RHS range        [1e+00, 2e+00]
Found heuristic solution: objective 2327.0000000
Presolve removed 138 rows and 32 columns
Presolve time: 0.00s
Presolved: 753 rows, 153 columns, 2196 nonzeros
Variable types: 0 continuous, 153 integer (153 binary)

Root relaxation: objective 0.000000e+00, 87 iterations, 0.00 seconds (0.00 work units)

    Nodes    |    Current Node    |     Objective Bounds      |     Work
 Expl Unexpl |  Obj  Depth IntInf | Incumbent    BestBd   Gap | It/Node Time

     0     0    0.00000    0   44 2327.00000    0.00000   100%     -    0s
H    0     0                    1013.0000000    0.00000   100%     -    0s
H    0     0                     876.0000000    0.00000   100%     -    0s
     0     0    0.00000    0   72  876.00000    0.00000   100%     -    0s
H    0     0                     724.0000000    0.00000   100%     -    0s
     0     0    0.00000    0   56  724.00000    0.00000   100%     -    0s
H    0     0                     682.0000000    0.00000   100%     -    0s
     0     0    0.00000    0   56  682.00000    0.00000   100%     -    0s
     0     0   13.00000    0   62  682.00000   13.00000  98.1%     -    0s
H    0     0                     605.0000000   13.00000  97.9%     -    0s
H    0     0                     532.0000000   13.00000  97.6%     -    0s
     0     0   13.00000    0   62  532.00000   13.00000  97.6%     -    0s
     0     0   30.28266    0   81  532.00000   30.28266  94.3%     -    0s
     0     0   31.06368    0   84  532.00000   31.06368  94.2%     -    0s
     0     0   32.01840    0   84  532.00000   32.01840  94.0%     -    0s
     0     0   32.10596    0   86  532.00000   32.10596  94.0%     -    0s
     0     0   32.15385    0   74  532.00000   32.15385  94.0%     -    0s
     0     0   32.15385    0   74  532.00000   32.15385  94.0%     -    0s
     0     0   38.15105    0   91  532.00000   38.15105  92.8%     -    0s
     0     0   39.01655    0   87  532.00000   39.01655  92.7%     -    0s
     0     0   39.12025    0   92  532.00000   39.12025  92.6%     -    0s
     0     0   39.12087    0   92  532.00000   39.12087  92.6%     -    0s
     0     0   39.75082    0   92  532.00000   39.75082  92.5%     -    0s
     0     0   40.12518    0   91  532.00000   40.12518  92.5%     -    0s
     0     0   40.31543    0   91  532.00000   40.31543  92.4%     -    0s
     0     0   40.44888    0   93  532.00000   40.44888  92.4%     -    0s
     0     0   40.60581    0   95  532.00000   40.60581  92.4%     -    0s
     0     0   40.65145    0   92  532.00000   40.65145  92.4%     -    0s
     0     0   40.68305    0   91  532.00000   40.68305  92.4%     -    0s
     0     0   40.68964    0   93  532.00000   40.68964  92.4%     -    0s
     0     0   41.65037    0   94  532.00000   41.65037  92.2%     -    0s
     0     0   43.27034    0   95  532.00000   43.27034  91.9%     -    0s
     0     0   43.51614    0   95  532.00000   43.51614  91.8%     -    0s
     0     0   43.80670    0   95  532.00000   43.80670  91.8%     -    0s
     0     0   43.80682    0   96  532.00000   43.80682  91.8%     -    0s
     0     0   44.99754    0   89  532.00000   44.99754  91.5%     -    0s
     0     0   45.29963    0   91  532.00000   45.29963  91.5%     -    0s
     0     0   45.42198    0   94  532.00000   45.42198  91.5%     -    0s
     0     0   45.43856    0   92  532.00000   45.43856  91.5%     -    0s
     0     0   45.48776    0   91  532.00000   45.48776  91.4%     -    0s
     0     0   45.50158    0   92  532.00000   45.50158  91.4%     -    0s
     0     0   47.49484    0   93  532.00000   47.49484  91.1%     -    0s
     0     0   47.99510    0   97  532.00000   47.99510  91.0%     -    0s
     0     0   48.05764    0   93  532.00000   48.05764  91.0%     -    0s
     0     0   48.10265    0   97  532.00000   48.10265  91.0%     -    0s
     0     0   48.11869    0   97  532.00000   48.11869  91.0%     -    0s
     0     0   48.13299    0   97  532.00000   48.13299  91.0%     -    0s
     0     0   48.13542    0   93  532.00000   48.13542  91.0%     -    0s
     0     0   48.13542    0   88  532.00000   48.13542  91.0%     -    0s
     0     2   48.21606    0   88  532.00000   48.21606  90.9%     -    0s
H  140    15                     511.0000000  318.16667  37.7%  37.2    0s

Cutting planes:
  Gomory: 2
  MIR: 9
  StrongCG: 1
  Inf proof: 1
  Zero half: 90
  RLT: 14
  BQP: 19

Explored 220 nodes (7940 simplex iterations) in 0.31 seconds (0.38 work units)
Thread count was 1 (of 12 available processors)

Solution count 8: 511 532 605 ... 2327

Optimal solution found (tolerance 1.00e-04)
Best objective 5.110000000000e+02, best bound 5.110000000000e+02, gap 0.0000%
511.0
