Set parameter Username
Academic license - for non-commercial use only - expires 2025-08-28
Set parameter Threads to value 1
Set parameter Method to value 4
Gurobi Optimizer version 11.0.0 build v11.0.0rc2 (mac64[arm] - Darwin 23.5.0 23F79)

CPU model: Apple M3 Pro
Thread count: 12 physical cores, 12 logical processors, using up to 1 threads

Optimize a model with 816 rows, 172 columns and 2424 nonzeros
Model fingerprint: 0xcfe8b454
Variable types: 104 continuous, 68 integer (68 binary)
Coefficient statistics:
  Matrix range     [1e+00, 1e+00]
  Objective range  [1e+01, 3e+02]
  Bounds range     [1e+00, 1e+00]
  RHS range        [1e+00, 2e+00]
Presolve removed 128 rows and 30 columns
Presolve time: 0.00s
Presolved: 688 rows, 142 columns, 2008 nonzeros
Variable types: 0 continuous, 142 integer (142 binary)
Found heuristic solution: objective 1797.0000000
Found heuristic solution: objective 826.0000000

Root relaxation: objective 0.000000e+00, 79 iterations, 0.00 seconds (0.00 work units)

    Nodes    |    Current Node    |     Objective Bounds      |     Work
 Expl Unexpl |  Obj  Depth IntInf | Incumbent    BestBd   Gap | It/Node Time

     0     0    0.00000    0   37  826.00000    0.00000   100%     -    0s
H    0     0                     743.0000000    0.00000   100%     -    0s
H    0     0                     635.0000000    0.00000   100%     -    0s
H    0     0                     570.0000000    0.00000   100%     -    0s
     0     0    0.00000    0   69  570.00000    0.00000   100%     -    0s
H    0     0                     556.0000000    0.00000   100%     -    0s
H    0     0                     531.0000000    0.00000   100%     -    0s
     0     0    0.00000    0   55  531.00000    0.00000   100%     -    0s
H    0     0                     513.0000000    0.00000   100%     -    0s
     0     0    0.00000    0   55  513.00000    0.00000   100%     -    0s
     0     0   13.85714    0   65  513.00000   13.85714  97.3%     -    0s
H    0     0                     318.0000000   13.85714  95.6%     -    0s
     0     0   13.85714    0   65  318.00000   13.85714  95.6%     -    0s
     0     0   26.41841    0   74  318.00000   26.41841  91.7%     -    0s
     0     0   26.53352    0   74  318.00000   26.53352  91.7%     -    0s
     0     0   26.83725    0   77  318.00000   26.83725  91.6%     -    0s
     0     0   30.50000    0   75  318.00000   30.50000  90.4%     -    0s
H    0     0                     314.0000000   30.50000  90.3%     -    0s
     0     0   30.76667    0   73  314.00000   30.76667  90.2%     -    0s
     0     0   31.18168    0   78  314.00000   31.18168  90.1%     -    0s
     0     0   31.24217    0   77  314.00000   31.24217  90.1%     -    0s
     0     0   33.40566    0   78  314.00000   33.40566  89.4%     -    0s
     0     0   34.33333    0   65  314.00000   34.33333  89.1%     -    0s
     0     0   35.06024    0   81  314.00000   35.06024  88.8%     -    0s
     0     0   35.15423    0   80  314.00000   35.15423  88.8%     -    0s
     0     0   35.16667    0   81  314.00000   35.16667  88.8%     -    0s
     0     0   35.16667    0   81  314.00000   35.16667  88.8%     -    0s
     0     2   35.22222    0   81  314.00000   35.22222  88.8%     -    0s
*   57    11               8     296.0000000  189.00000  36.1%  29.3    0s

Cutting planes:
  MIR: 10
  Zero half: 31
  RLT: 17
  BQP: 7

Explored 77 nodes (2695 simplex iterations) in 0.13 seconds (0.14 work units)
Thread count was 1 (of 12 available processors)

Solution count 10: 296 314 318 ... 826

Optimal solution found (tolerance 1.00e-04)
Best objective 2.960000000000e+02, best bound 2.960000000000e+02, gap 0.0000%
296.0
