Set parameter Username
Academic license - for non-commercial use only - expires 2025-08-28
Set parameter Threads to value 1
Set parameter Method to value 4
Gurobi Optimizer version 11.0.0 build v11.0.0rc2 (mac64[arm] - Darwin 23.5.0 23F79)

CPU model: Apple M3 Pro
Thread count: 12 physical cores, 12 logical processors, using up to 1 threads

Optimize a model with 891 rows, 185 columns and 2646 nonzeros
Model fingerprint: 0x93262f8c
Variable types: 113 continuous, 72 integer (72 binary)
Coefficient statistics:
  Matrix range     [1e+00, 1e+00]
  Objective range  [1e+01, 3e+02]
  Bounds range     [1e+00, 1e+00]
  RHS range        [1e+00, 2e+00]
Found heuristic solution: objective 1211.0000000
Presolve removed 138 rows and 32 columns
Presolve time: 0.00s
Presolved: 753 rows, 153 columns, 2196 nonzeros
Variable types: 0 continuous, 153 integer (153 binary)
Found heuristic solution: objective 1181.0000000

Root relaxation: objective 0.000000e+00, 94 iterations, 0.00 seconds (0.00 work units)

    Nodes    |    Current Node    |     Objective Bounds      |     Work
 Expl Unexpl |  Obj  Depth IntInf | Incumbent    BestBd   Gap | It/Node Time

     0     0    0.00000    0   39 1181.00000    0.00000   100%     -    0s
H    0     0                     641.0000000    0.00000   100%     -    0s
H    0     0                     637.0000000    0.00000   100%     -    0s
     0     0    0.00000    0   43  637.00000    0.00000   100%     -    0s
H    0     0                     595.0000000    0.00000   100%     -    0s
     0     0    1.28571    0   61  595.00000    1.28571   100%     -    0s
H    0     0                     569.0000000    1.28571   100%     -    0s
     0     0    6.64046    0   69  569.00000    6.64046  98.8%     -    0s
     0     0    6.97917    0   69  569.00000    6.97917  98.8%     -    0s
     0     0   21.67347    0   75  569.00000   21.67347  96.2%     -    0s
H    0     0                     566.0000000   21.67347  96.2%     -    0s
H    0     0                     337.0000000   21.67347  93.6%     -    0s
H    0     0                     303.0000000   21.67347  92.8%     -    0s
     0     0   23.22222    0   70  303.00000   23.22222  92.3%     -    0s
     0     0   23.77778    0   75  303.00000   23.77778  92.2%     -    0s
     0     0   24.11111    0   69  303.00000   24.11111  92.0%     -    0s
     0     0   33.77855    0   81  303.00000   33.77855  88.9%     -    0s
     0     0   36.44994    0   82  303.00000   36.44994  88.0%     -    0s
     0     0   37.16889    0   86  303.00000   37.16889  87.7%     -    0s
     0     0   37.39720    0   86  303.00000   37.39720  87.7%     -    0s
     0     0   37.45581    0   86  303.00000   37.45581  87.6%     -    0s
     0     0   37.51074    0   85  303.00000   37.51074  87.6%     -    0s
     0     0   37.53121    0   86  303.00000   37.53121  87.6%     -    0s
     0     0   37.61734    0   87  303.00000   37.61734  87.6%     -    0s
     0     0   37.62253    0   86  303.00000   37.62253  87.6%     -    0s
     0     0   38.99717    0   90  303.00000   38.99717  87.1%     -    0s
     0     0   39.19763    0   88  303.00000   39.19763  87.1%     -    0s
     0     0   39.35897    0   83  303.00000   39.35897  87.0%     -    0s
     0     0   39.35897    0   85  303.00000   39.35897  87.0%     -    0s
     0     0   39.35897    0   85  303.00000   39.35897  87.0%     -    0s
     0     0   39.35897    0   88  303.00000   39.35897  87.0%     -    0s
     0     0   39.35897    0   89  303.00000   39.35897  87.0%     -    0s
H    0     0                     273.0000000   39.35897  85.6%     -    0s
     0     0   39.35897    0   89  273.00000   39.35897  85.6%     -    0s
     0     0   39.35897    0   30  273.00000   39.35897  85.6%     -    0s
     0     0   39.35897    0   51  273.00000   39.35897  85.6%     -    0s
     0     0   39.35897    0   82  273.00000   39.35897  85.6%     -    0s
     0     0   43.51547    0   81  273.00000   43.51547  84.1%     -    0s
     0     0   44.33228    0   83  273.00000   44.33228  83.8%     -    0s
     0     0   44.92419    0   86  273.00000   44.92419  83.5%     -    0s
     0     0   44.96854    0   86  273.00000   44.96854  83.5%     -    0s
     0     0   44.97526    0   86  273.00000   44.97526  83.5%     -    0s
     0     0   45.75373    0   77  273.00000   45.75373  83.2%     -    0s
     0     0   46.41736    0   73  273.00000   46.41736  83.0%     -    0s
     0     0   46.41736    0   76  273.00000   46.41736  83.0%     -    0s
     0     0   46.89441    0   81  273.00000   46.89441  82.8%     -    0s
     0     0   47.18290    0   88  273.00000   47.18290  82.7%     -    0s
     0     0   47.27459    0   88  273.00000   47.27459  82.7%     -    0s
     0     0   47.27492    0   76  273.00000   47.27492  82.7%     -    0s
     0     0   50.23107    0   72  273.00000   50.23107  81.6%     -    0s
     0     2   56.04433    0   72  273.00000   56.04433  79.5%     -    0s

Cutting planes:
  Gomory: 2
  MIR: 5
  Zero half: 80
  RLT: 14
  BQP: 14

Explored 137 nodes (4770 simplex iterations) in 0.30 seconds (0.35 work units)
Thread count was 1 (of 12 available processors)

Solution count 10: 273 303 337 ... 1211

Optimal solution found (tolerance 1.00e-04)
Best objective 2.730000000000e+02, best bound 2.730000000000e+02, gap 0.0000%
273.0
