Set parameter Username
Academic license - for non-commercial use only - expires 2025-08-28
Set parameter Threads to value 1
Set parameter Method to value 4
Gurobi Optimizer version 11.0.0 build v11.0.0rc2 (mac64[arm] - Darwin 23.5.0 23F79)

CPU model: Apple M3 Pro
Thread count: 12 physical cores, 12 logical processors, using up to 1 threads

Optimize a model with 891 rows, 185 columns and 2646 nonzeros
Model fingerprint: 0x84d9f708
Variable types: 113 continuous, 72 integer (72 binary)
Coefficient statistics:
  Matrix range     [1e+00, 1e+00]
  Objective range  [1e+01, 3e+02]
  Bounds range     [1e+00, 1e+00]
  RHS range        [1e+00, 2e+00]
Presolve removed 138 rows and 32 columns
Presolve time: 0.00s
Presolved: 753 rows, 153 columns, 2196 nonzeros
Variable types: 0 continuous, 153 integer (153 binary)
Found heuristic solution: objective 2839.0000000
Found heuristic solution: objective 2533.0000000

Root relaxation: objective 0.000000e+00, 88 iterations, 0.00 seconds (0.00 work units)

    Nodes    |    Current Node    |     Objective Bounds      |     Work
 Expl Unexpl |  Obj  Depth IntInf | Incumbent    BestBd   Gap | It/Node Time

     0     0    0.00000    0   40 2533.00000    0.00000   100%     -    0s
H    0     0                    1031.0000000    0.00000   100%     -    0s
H    0     0                     546.0000000    0.00000   100%     -    0s
H    0     0                     390.0000000    0.00000   100%     -    0s
     0     0    0.00000    0   65  390.00000    0.00000   100%     -    0s
     0     0    0.00000    0   58  390.00000    0.00000   100%     -    0s
H    0     0                     356.0000000    0.00000   100%     -    0s
     0     0    1.80000    0   63  356.00000    1.80000  99.5%     -    0s
     0     0   20.66667    0   63  356.00000   20.66667  94.2%     -    0s
     0     0   32.57118    0   75  356.00000   32.57118  90.9%     -    0s
     0     0   34.56583    0   76  356.00000   34.56583  90.3%     -    0s
     0     0   34.96594    0   80  356.00000   34.96594  90.2%     -    0s
     0     0   35.66667    0   63  356.00000   35.66667  90.0%     -    0s
     0     0   37.84333    0   81  356.00000   37.84333  89.4%     -    0s
     0     0   37.91667    0   70  356.00000   37.91667  89.3%     -    0s
     0     0   38.49727    0   84  356.00000   38.49727  89.2%     -    0s
     0     0   38.82813    0   85  356.00000   38.82813  89.1%     -    0s
     0     0   42.40281    0   87  356.00000   42.40281  88.1%     -    0s
     0     0   42.84167    0   84  356.00000   42.84167  88.0%     -    0s
     0     0   42.88690    0   87  356.00000   42.88690  88.0%     -    0s
     0     0   44.79085    0   79  356.00000   44.79085  87.4%     -    0s
     0     0   45.33333    0   59  356.00000   45.33333  87.3%     -    0s
     0     0   45.33333    0   59  356.00000   45.33333  87.3%     -    0s
     0     0   45.87024    0   81  356.00000   45.87024  87.1%     -    0s
     0     0   45.87500    0   80  356.00000   45.87500  87.1%     -    0s
     0     0   46.20833    0   79  356.00000   46.20833  87.0%     -    0s
     0     0   46.20833    0   81  356.00000   46.20833  87.0%     -    0s
     0     0   46.22727    0   83  356.00000   46.22727  87.0%     -    0s
H    0     0                     345.0000000   46.22727  86.6%     -    0s
     0     0   46.23810    0   83  345.00000   46.23810  86.6%     -    0s
     0     0   46.23810    0   80  345.00000   46.23810  86.6%     -    0s
     0     0   46.23810    0   28  345.00000   46.23810  86.6%     -    0s
     0     0   46.23810    0   49  345.00000   46.23810  86.6%     -    0s
     0     0   53.33333    0   63  345.00000   53.33333  84.5%     -    0s
     0     0   90.89474    0   68  345.00000   90.89474  73.7%     -    0s
     0     0   90.89474    0   69  345.00000   90.89474  73.7%     -    0s
     0     0  104.20213    0   73  345.00000  104.20213  69.8%     -    0s
     0     0  105.27820    0   75  345.00000  105.27820  69.5%     -    0s
     0     0  105.57647    0   74  345.00000  105.57647  69.4%     -    0s
     0     0  105.82447    0   75  345.00000  105.82447  69.3%     -    0s
     0     0  105.83766    0   75  345.00000  105.83766  69.3%     -    0s
     0     0  106.64921    0   74  345.00000  106.64921  69.1%     -    0s
     0     0  107.00000    0   72  345.00000  107.00000  69.0%     -    0s
     0     0  108.83333    0   68  345.00000  108.83333  68.5%     -    0s
     0     0  109.40741    0   74  345.00000  109.40741  68.3%     -    0s
     0     0  110.32315    0   73  345.00000  110.32315  68.0%     -    0s
     0     0  110.36842    0   76  345.00000  110.36842  68.0%     -    0s
     0     0  110.42222    0   77  345.00000  110.42222  68.0%     -    0s
     0     0  111.40000    0   75  345.00000  111.40000  67.7%     -    0s
     0     0  111.60000    0   75  345.00000  111.60000  67.7%     -    0s
     0     0  111.99517    0   76  345.00000  111.99517  67.5%     -    0s
     0     0  113.00000    0   76  345.00000  113.00000  67.2%     -    0s
     0     0  114.39355    0   77  345.00000  114.39355  66.8%     -    0s
     0     0  114.59926    0   77  345.00000  114.59926  66.8%     -    0s
     0     0  114.60952    0   77  345.00000  114.60952  66.8%     -    0s
     0     0  123.02941    0   77  345.00000  123.02941  64.3%     -    0s
     0     0  134.60952    0   32  345.00000  134.60952  61.0%     -    0s
     0     0  153.43902    0   63  345.00000  153.43902  55.5%     -    0s
     0     0  156.11905    0   64  345.00000  156.11905  54.7%     -    0s
     0     0  156.15909    0   67  345.00000  156.15909  54.7%     -    0s
     0     0  160.41667    0   68  345.00000  160.41667  53.5%     -    0s
     0     0  160.41667    0   68  345.00000  160.41667  53.5%     -    0s
     0     0  161.13208    0   67  345.00000  161.13208  53.3%     -    0s
     0     0  161.20000    0   68  345.00000  161.20000  53.3%     -    0s
     0     0  166.55172    0   68  345.00000  166.55172  51.7%     -    0s
     0     2  178.66667    0   67  345.00000  178.66667  48.2%     -    0s

Cutting planes:
  Implied bound: 6
  Clique: 3
  MIR: 5
  Zero half: 22
  Mod-K: 1
  RLT: 9
  BQP: 2

Explored 51 nodes (2661 simplex iterations) in 0.29 seconds (0.28 work units)
Thread count was 1 (of 12 available processors)

Solution count 8: 345 356 390 ... 2839

Optimal solution found (tolerance 1.00e-04)
Best objective 3.450000000000e+02, best bound 3.450000000000e+02, gap 0.0000%
345.0
