Set parameter Username
Academic license - for non-commercial use only - expires 2025-08-28
Set parameter Threads to value 1
Set parameter Method to value 4
Gurobi Optimizer version 11.0.0 build v11.0.0rc2 (mac64[arm] - Darwin 23.5.0 23F79)

CPU model: Apple M3 Pro
Thread count: 12 physical cores, 12 logical processors, using up to 1 threads

Optimize a model with 1042 rows, 211 columns and 3091 nonzeros
Model fingerprint: 0x51986a29
Variable types: 131 continuous, 80 integer (80 binary)
Coefficient statistics:
  Matrix range     [1e+00, 1e+00]
  Objective range  [1e+01, 3e+02]
  Bounds range     [1e+00, 1e+00]
  RHS range        [1e+00, 2e+00]
Presolve removed 163 rows and 37 columns
Presolve time: 0.00s
Presolved: 879 rows, 174 columns, 2556 nonzeros
Variable types: 0 continuous, 174 integer (174 binary)
Found heuristic solution: objective 3236.0000000
Found heuristic solution: objective 1568.0000000
Found heuristic solution: objective 1346.0000000

Root relaxation: objective 0.000000e+00, 82 iterations, 0.00 seconds (0.00 work units)

    Nodes    |    Current Node    |     Objective Bounds      |     Work
 Expl Unexpl |  Obj  Depth IntInf | Incumbent    BestBd   Gap | It/Node Time

     0     0    0.00000    0   40 1346.00000    0.00000   100%     -    0s
H    0     0                     984.0000000    0.00000   100%     -    0s
     0     0    0.00000    0   75  984.00000    0.00000   100%     -    0s
H    0     0                     885.0000000    0.00000   100%     -    0s
H    0     0                     774.0000000    0.00000   100%     -    0s
     0     0   11.19728    0   72  774.00000   11.19728  98.6%     -    0s
     0     0   14.83333    0   72  774.00000   14.83333  98.1%     -    0s
     0     0   36.27466    0   95  774.00000   36.27466  95.3%     -    0s
     0     0   37.21256    0   94  774.00000   37.21256  95.2%     -    0s
     0     0   37.48936    0   94  774.00000   37.48936  95.2%     -    0s
     0     0   37.50610    0   95  774.00000   37.50610  95.2%     -    0s
     0     0   37.51151    0   94  774.00000   37.51151  95.2%     -    0s
     0     0   50.25471    0  105  774.00000   50.25471  93.5%     -    0s
     0     0   53.50586    0  101  774.00000   53.50586  93.1%     -    0s
     0     0   54.44970    0   98  774.00000   54.44970  93.0%     -    0s
     0     0   54.56455    0  100  774.00000   54.56455  93.0%     -    0s
     0     0   54.82593    0   96  774.00000   54.82593  92.9%     -    0s
     0     0   54.86287    0   96  774.00000   54.86287  92.9%     -    0s
     0     0   55.16667    0   77  774.00000   55.16667  92.9%     -    0s
     0     0   55.41667    0   83  774.00000   55.41667  92.8%     -    0s
     0     0   55.50000    0   81  774.00000   55.50000  92.8%     -    0s
     0     0   55.55072    0   93  774.00000   55.55072  92.8%     -    0s
     0     0   55.56667    0   93  774.00000   55.56667  92.8%     -    0s
     0     0   57.44118    0   95  774.00000   57.44118  92.6%     -    0s
     0     0   57.96667    0   90  774.00000   57.96667  92.5%     -    0s
     0     0   57.96667    0   86  774.00000   57.96667  92.5%     -    0s
     0     2   58.66667    0   86  774.00000   58.66667  92.4%     -    0s
H   14    12                     711.0000000   58.66667  91.7%  53.8    0s
H   27    18                     696.0000000  203.50000  70.8%  60.9    0s
*   31    22               8     663.0000000  203.50000  69.3%  55.0    0s
*   53    20               8     652.0000000  273.77083  58.0%  39.5    0s
H  137    20                     608.0000000  352.00000  42.1%  33.5    0s
*  146    25               9     604.0000000  385.57143  36.2%  32.7    0s

Cutting planes:
  MIR: 2
  Zero half: 38
  RLT: 18
  BQP: 24

Explored 229 nodes (7494 simplex iterations) in 0.29 seconds (0.35 work units)
Thread count was 1 (of 12 available processors)

Solution count 10: 604 608 652 ... 1346

Optimal solution found (tolerance 1.00e-04)
Best objective 6.040000000000e+02, best bound 6.040000000000e+02, gap 0.0000%
604.0
