Set parameter Username
Academic license - for non-commercial use only - expires 2025-08-28
Set parameter Threads to value 1
Set parameter Method to value 4
Gurobi Optimizer version 11.0.0 build v11.0.0rc2 (mac64[arm] - Darwin 23.5.0 23F79)

CPU model: Apple M3 Pro
Thread count: 12 physical cores, 12 logical processors, using up to 1 threads

Optimize a model with 1197 rows, 221 columns and 3573 nonzeros
Model fingerprint: 0xd6dad009
Variable types: 131 continuous, 90 integer (90 binary)
Coefficient statistics:
  Matrix range     [1e+00, 1e+00]
  Objective range  [1e+01, 3e+02]
  Bounds range     [1e+00, 1e+00]
  RHS range        [1e+00, 2e+00]
Presolve removed 303 rows and 51 columns
Presolve time: 0.00s
Presolved: 894 rows, 170 columns, 2615 nonzeros
Variable types: 0 continuous, 170 integer (170 binary)
Found heuristic solution: objective 2856.0000000
Found heuristic solution: objective 1153.0000000

Root relaxation: objective 0.000000e+00, 93 iterations, 0.00 seconds (0.00 work units)

    Nodes    |    Current Node    |     Objective Bounds      |     Work
 Expl Unexpl |  Obj  Depth IntInf | Incumbent    BestBd   Gap | It/Node Time

     0     0    0.00000    0   39 1153.00000    0.00000   100%     -    0s
H    0     0                     973.0000000    0.00000   100%     -    0s
H    0     0                     649.0000000    0.00000   100%     -    0s
     0     0    0.00000    0   73  649.00000    0.00000   100%     -    0s
H    0     0                     639.0000000    0.00000   100%     -    0s
H    0     0                     540.0000000    0.00000   100%     -    0s
H    0     0                     464.0000000    0.00000   100%     -    0s
     0     0    0.00000    0   48  464.00000    0.00000   100%     -    0s
     0     0    0.00000    0   40  464.00000    0.00000   100%     -    0s
     0     0    0.00000    0   63  464.00000    0.00000   100%     -    0s
H    0     0                     412.0000000    0.00000   100%     -    0s
H    0     0                     370.0000000    0.00000   100%     -    0s
     0     0    0.00000    0   62  370.00000    0.00000   100%     -    0s
     0     0    0.00000    0   58  370.00000    0.00000   100%     -    0s
     0     0    0.00000    0   54  370.00000    0.00000   100%     -    0s
H    0     0                     339.0000000    0.00000   100%     -    0s
H    0     0                     335.0000000    0.00000   100%     -    0s
     0     2    0.00000    0   54  335.00000    0.00000   100%     -    0s
*   46    22               9     332.0000000   81.66667  75.4%  43.0    0s
*   73    24               9     327.0000000   84.66667  74.1%  37.1    0s
*  131    28               9     320.0000000  108.75000  66.0%  32.3    0s
H  159    29                     318.0000000  117.50000  63.1%  31.6    0s
H  185    29                     307.0000000  133.21429  56.6%  30.3    0s
*  310     8               8     306.0000000  277.00000  9.48%  25.3    0s

Cutting planes:
  MIR: 2
  Zero half: 15
  RLT: 27
  BQP: 19

Explored 325 nodes (9197 simplex iterations) in 0.32 seconds (0.36 work units)
Thread count was 1 (of 12 available processors)

Solution count 10: 306 307 318 ... 412

Optimal solution found (tolerance 1.00e-04)
Best objective 3.060000000000e+02, best bound 3.060000000000e+02, gap 0.0000%
306.0
