Set parameter Username
Academic license - for non-commercial use only - expires 2025-08-28
Set parameter Threads to value 1
Set parameter Method to value 4
Gurobi Optimizer version 11.0.0 build v11.0.0rc2 (mac64[arm] - Darwin 23.5.0 23F79)

CPU model: Apple M3 Pro
Thread count: 12 physical cores, 12 logical processors, using up to 1 threads

Optimize a model with 1011 rows, 193 columns and 3019 nonzeros
Model fingerprint: 0x5d9ae730
Variable types: 113 continuous, 80 integer (80 binary)
Coefficient statistics:
  Matrix range     [1e+00, 1e+00]
  Objective range  [1e+01, 3e+02]
  Bounds range     [1e+00, 1e+00]
  RHS range        [1e+00, 2e+00]
Found heuristic solution: objective 1251.0000000
Presolve removed 164 rows and 34 columns
Presolve time: 0.00s
Presolved: 847 rows, 159 columns, 2485 nonzeros
Variable types: 0 continuous, 159 integer (159 binary)

Root relaxation: objective 0.000000e+00, 98 iterations, 0.00 seconds (0.00 work units)

    Nodes    |    Current Node    |     Objective Bounds      |     Work
 Expl Unexpl |  Obj  Depth IntInf | Incumbent    BestBd   Gap | It/Node Time

     0     0    0.00000    0   33 1251.00000    0.00000   100%     -    0s
H    0     0                     439.0000000    0.00000   100%     -    0s
H    0     0                     407.0000000    0.00000   100%     -    0s
     0     0    0.00000    0   59  407.00000    0.00000   100%     -    0s
H    0     0                     354.0000000    0.00000   100%     -    0s
H    0     0                     254.0000000    0.00000   100%     -    0s
     0     0    0.00000    0   47  254.00000    0.00000   100%     -    0s
H    0     0                     249.0000000    0.00000   100%     -    0s
     0     0    0.00000    0   52  249.00000    0.00000   100%     -    0s
     0     0    0.00000    0   42  249.00000    0.00000   100%     -    0s
H    0     0                     180.0000000    0.00000   100%     -    0s
H    0     0                     170.0000000    0.00000   100%     -    0s
     0     0    0.00000    0   42  170.00000    0.00000   100%     -    0s
     0     0    0.00000    0   43  170.00000    0.00000   100%     -    0s
     0     0    0.00000    0   42  170.00000    0.00000   100%     -    0s
H    0     0                     159.0000000    0.00000   100%     -    0s
H    0     0                     129.0000000    0.00000   100%     -    0s
H    0     0                     125.0000000    0.00000   100%     -    0s
H    0     0                     122.0000000    0.00000   100%     -    0s
     0     2    0.00000    0   42  122.00000    0.00000   100%     -    0s
*   24     7               9     100.0000000   27.00000  73.0%  25.2    0s
H   27     4                      97.0000000   27.00000  72.2%  23.2    0s

Cutting planes:
  Gomory: 1
  MIR: 2
  Flow cover: 1
  Zero half: 15
  RLT: 13
  BQP: 6

Explored 49 nodes (1976 simplex iterations) in 0.10 seconds (0.12 work units)
Thread count was 1 (of 12 available processors)

Solution count 10: 97 100 122 ... 254

Optimal solution found (tolerance 1.00e-04)
Best objective 9.700000000000e+01, best bound 9.700000000000e+01, gap 0.0000%
97.0
