Set parameter Username
Academic license - for non-commercial use only - expires 2025-08-28
Set parameter Threads to value 1
Set parameter Method to value 4
Gurobi Optimizer version 11.0.0 build v11.0.0rc2 (mac64[arm] - Darwin 23.5.0 23F79)

CPU model: Apple M3 Pro
Thread count: 12 physical cores, 12 logical processors, using up to 1 threads

Optimize a model with 1384 rows, 249 columns and 4128 nonzeros
Model fingerprint: 0x2118257d
Variable types: 149 continuous, 100 integer (100 binary)
Coefficient statistics:
  Matrix range     [1e+00, 1e+00]
  Objective range  [1e+01, 3e+02]
  Bounds range     [1e+00, 1e+00]
  RHS range        [1e+00, 2e+00]
Presolve removed 218 rows and 43 columns
Presolve time: 0.00s
Presolved: 1166 rows, 206 columns, 3405 nonzeros
Variable types: 0 continuous, 206 integer (206 binary)
Found heuristic solution: objective 1990.0000000
Found heuristic solution: objective 1462.0000000

Root relaxation: objective 0.000000e+00, 97 iterations, 0.00 seconds (0.00 work units)

    Nodes    |    Current Node    |     Objective Bounds      |     Work
 Expl Unexpl |  Obj  Depth IntInf | Incumbent    BestBd   Gap | It/Node Time

     0     0    0.00000    0   40 1462.00000    0.00000   100%     -    0s
H    0     0                     817.0000000    0.00000   100%     -    0s
     0     0    0.00000    0   85  817.00000    0.00000   100%     -    0s
H    0     0                     797.0000000    0.00000   100%     -    0s
H    0     0                     725.0000000    0.00000   100%     -    0s
H    0     0                     715.0000000    0.00000   100%     -    0s
     0     0    0.00000    0   72  715.00000    0.00000   100%     -    0s
H    0     0                     700.0000000    0.00000   100%     -    0s
H    0     0                     624.0000000    0.00000   100%     -    0s
     0     0    0.00000    0   59  624.00000    0.00000   100%     -    0s
     0     0    0.00000    0   78  624.00000    0.00000   100%     -    0s
H    0     0                     564.0000000    0.00000   100%     -    0s
     0     0    0.00000    0   89  564.00000    0.00000   100%     -    0s
     0     0    0.00000    0   81  564.00000    0.00000   100%     -    0s
     0     0    0.00000    0   78  564.00000    0.00000   100%     -    0s
H    0     0                     550.0000000    0.00000   100%     -    0s
     0     2    0.00000    0   73  550.00000    0.00000   100%     -    0s
*   70    43              11     483.0000000   55.50000  88.5%  60.8    0s
*   87    41              10     453.0000000   61.00000  86.5%  53.9    0s
*   95    36              11     434.0000000   61.00000  85.9%  49.9    0s
*  285    99              13     424.0000000  143.90000  66.1%  47.7    0s

Cutting planes:
  MIR: 1
  Inf proof: 2
  Zero half: 34
  RLT: 41
  BQP: 45

Explored 1050 nodes (35514 simplex iterations) in 1.15 seconds (1.47 work units)
Thread count was 1 (of 12 available processors)

Solution count 10: 424 434 453 ... 725

Optimal solution found (tolerance 1.00e-04)
Best objective 4.240000000000e+02, best bound 4.240000000000e+02, gap 0.0000%
424.0
