Set parameter Username
Academic license - for non-commercial use only - expires 2025-08-28
Set parameter Threads to value 1
Set parameter Method to value 4
Gurobi Optimizer version 11.0.0 build v11.0.0rc2 (mac64[arm] - Darwin 23.5.0 23F79)

CPU model: Apple M3 Pro
Thread count: 12 physical cores, 12 logical processors, using up to 1 threads

Optimize a model with 1478 rows, 263 columns and 4406 nonzeros
Model fingerprint: 0xa1b5188b
Variable types: 158 continuous, 105 integer (105 binary)
Coefficient statistics:
  Matrix range     [1e+00, 1e+00]
  Objective range  [1e+01, 3e+02]
  Bounds range     [1e+00, 1e+00]
  RHS range        [1e+00, 2e+00]
Presolve removed 236 rows and 46 columns
Presolve time: 0.00s
Presolved: 1242 rows, 217 columns, 3620 nonzeros
Variable types: 0 continuous, 217 integer (217 binary)
Found heuristic solution: objective 3870.0000000
Found heuristic solution: objective 1362.0000000

Root relaxation: objective 0.000000e+00, 110 iterations, 0.00 seconds (0.00 work units)

    Nodes    |    Current Node    |     Objective Bounds      |     Work
 Expl Unexpl |  Obj  Depth IntInf | Incumbent    BestBd   Gap | It/Node Time

     0     0    0.00000    0   42 1362.00000    0.00000   100%     -    0s
H    0     0                    1304.0000000    0.00000   100%     -    0s
H    0     0                    1039.0000000    0.00000   100%     -    0s
     0     0    0.00000    0   67 1039.00000    0.00000   100%     -    0s
H    0     0                     991.0000000    0.00000   100%     -    0s
     0     0    0.00000    0   65  991.00000    0.00000   100%     -    0s
H    0     0                     981.0000000    0.00000   100%     -    0s
     0     0    0.00000    0   65  981.00000    0.00000   100%     -    0s
     0     0    0.00000    0   69  981.00000    0.00000   100%     -    0s
H    0     0                     751.0000000    0.00000   100%     -    0s
H    0     0                     727.0000000    0.00000   100%     -    0s
     0     0    0.00000    0   87  727.00000    0.00000   100%     -    0s
     0     0    0.00000    0   93  727.00000    0.00000   100%     -    0s
     0     0    0.00000    0   83  727.00000    0.00000   100%     -    0s
     0     2    0.00000    0   68  727.00000    0.00000   100%     -    0s
*   51    35              14     716.0000000   28.00000  96.1%  51.2    0s
H   60    29                     692.0000000   60.00000  91.3%  44.4    0s
*   76    41              16     689.0000000   60.00000  91.3%  44.7    0s
H  162    66                     686.0000000  152.00000  77.8%  33.9    0s
H  224    93                     673.0000000  174.14286  74.1%  33.2    0s
*  226    90              17     663.0000000  174.14286  73.7%  32.9    0s
*  230    87              17     662.0000000  174.14286  73.7%  32.5    0s
H  240    93                     634.0000000  181.93750  71.3%  32.9    0s
*  245    96              15     630.0000000  181.93750  71.1%  32.4    0s
*  247    95              15     628.0000000  181.93750  71.0%  32.1    0s
*  248    93              15     618.0000000  181.93750  70.6%  32.0    0s
*  262    81              10     531.0000000  184.35000  65.3%  31.9    0s
*  263    80              11     522.0000000  184.35000  64.7%  31.8    0s
*  492    93              15     521.0000000  305.00000  41.5%  29.6    0s

Cutting planes:
  Gomory: 2
  Cover: 1
  MIR: 1
  Inf proof: 5
  Zero half: 38
  RLT: 33
  BQP: 57

Explored 958 nodes (28867 simplex iterations) in 1.14 seconds (1.35 work units)
Thread count was 1 (of 12 available processors)

Solution count 10: 521 522 531 ... 673

Optimal solution found (tolerance 1.00e-04)
Best objective 5.210000000000e+02, best bound 5.210000000000e+02, gap 0.0000%
521.0
