Set parameter Username
Academic license - for non-commercial use only - expires 2025-08-28
Set parameter Threads to value 1
Set parameter Method to value 4
Gurobi Optimizer version 11.0.0 build v11.0.0rc2 (mac64[arm] - Darwin 23.5.0 23F79)

CPU model: Apple M3 Pro
Thread count: 12 physical cores, 12 logical processors, using up to 1 threads

Optimize a model with 1197 rows, 221 columns and 3573 nonzeros
Model fingerprint: 0x2a43f128
Variable types: 131 continuous, 90 integer (90 binary)
Coefficient statistics:
  Matrix range     [1e+00, 1e+00]
  Objective range  [1e+01, 3e+02]
  Bounds range     [1e+00, 1e+00]
  RHS range        [1e+00, 2e+00]
Presolve removed 303 rows and 51 columns
Presolve time: 0.00s
Presolved: 894 rows, 170 columns, 2615 nonzeros
Variable types: 0 continuous, 170 integer (170 binary)
Found heuristic solution: objective 1866.0000000
Found heuristic solution: objective 805.0000000

Root relaxation: objective 0.000000e+00, 89 iterations, 0.00 seconds (0.00 work units)

    Nodes    |    Current Node    |     Objective Bounds      |     Work
 Expl Unexpl |  Obj  Depth IntInf | Incumbent    BestBd   Gap | It/Node Time

     0     0    0.00000    0   35  805.00000    0.00000   100%     -    0s
H    0     0                     636.0000000    0.00000   100%     -    0s
H    0     0                     620.0000000    0.00000   100%     -    0s
H    0     0                     508.0000000    0.00000   100%     -    0s
     0     0    0.00000    0   60  508.00000    0.00000   100%     -    0s
H    0     0                     352.0000000    0.00000   100%     -    0s
     0     0    0.00000    0   49  352.00000    0.00000   100%     -    0s
H    0     0                     350.0000000    0.00000   100%     -    0s
H    0     0                     309.0000000    0.00000   100%     -    0s
     0     0    0.00000    0   49  309.00000    0.00000   100%     -    0s
     0     0    0.00000    0   55  309.00000    0.00000   100%     -    0s
H    0     0                     286.0000000    0.00000   100%     -    0s
H    0     0                     285.0000000    0.00000   100%     -    0s
     0     0    0.00000    0   66  285.00000    0.00000   100%     -    0s
     0     0    0.00000    0   66  285.00000    0.00000   100%     -    0s
     0     0    0.00000    0   63  285.00000    0.00000   100%     -    0s
H    0     0                     261.0000000    0.00000   100%     -    0s
     0     2    0.00000    0   54  261.00000    0.00000   100%     -    0s
*   85    46              12     256.0000000   66.00000  74.2%  36.3    0s
*  105    49              13     255.0000000   71.00000  72.2%  32.2    0s
*  108    48              12     251.0000000   71.00000  71.7%  31.4    0s
*  297    66              10     249.0000000  111.11905  55.4%  28.0    0s
*  300    62              10     240.0000000  111.11905  53.7%  27.8    0s

Cutting planes:
  Gomory: 2
  MIR: 8
  Inf proof: 2
  Zero half: 20
  RLT: 17
  BQP: 16

Explored 785 nodes (17874 simplex iterations) in 0.65 seconds (0.67 work units)
Thread count was 1 (of 12 available processors)

Solution count 10: 240 249 251 ... 350

Optimal solution found (tolerance 1.00e-04)
Best objective 2.400000000000e+02, best bound 2.400000000000e+02, gap 0.0000%
240.0
