Set parameter Username
Academic license - for non-commercial use only - expires 2025-08-28
Set parameter Threads to value 1
Set parameter Method to value 4
Gurobi Optimizer version 11.0.0 build v11.0.0rc2 (mac64[arm] - Darwin 23.5.0 23F79)

CPU model: Apple M3 Pro
Thread count: 12 physical cores, 12 logical processors, using up to 1 threads

Optimize a model with 1104 rows, 207 columns and 3296 nonzeros
Model fingerprint: 0x335f72db
Variable types: 122 continuous, 85 integer (85 binary)
Coefficient statistics:
  Matrix range     [1e+00, 1e+00]
  Objective range  [1e+01, 3e+02]
  Bounds range     [1e+00, 1e+00]
  RHS range        [1e+00, 2e+00]
Presolve removed 176 rows and 36 columns
Presolve time: 0.00s
Presolved: 928 rows, 171 columns, 2720 nonzeros
Variable types: 0 continuous, 171 integer (171 binary)
Found heuristic solution: objective 3199.0000000
Found heuristic solution: objective 2982.0000000

Root relaxation: objective 0.000000e+00, 107 iterations, 0.00 seconds (0.00 work units)

    Nodes    |    Current Node    |     Objective Bounds      |     Work
 Expl Unexpl |  Obj  Depth IntInf | Incumbent    BestBd   Gap | It/Node Time

     0     0    0.00000    0   53 2982.00000    0.00000   100%     -    0s
H    0     0                    1657.0000000    0.00000   100%     -    0s
H    0     0                     651.0000000    0.00000   100%     -    0s
H    0     0                     601.0000000    0.00000   100%     -    0s
     0     0    0.00000    0   74  601.00000    0.00000   100%     -    0s
H    0     0                     580.0000000    0.00000   100%     -    0s
H    0     0                     542.0000000    0.00000   100%     -    0s
H    0     0                     511.0000000    0.00000   100%     -    0s
H    0     0                     498.0000000    0.00000   100%     -    0s
     0     0    0.00000    0   51  498.00000    0.00000   100%     -    0s
H    0     0                     218.0000000    0.00000   100%     -    0s
H    0     0                     213.0000000    0.00000   100%     -    0s
     0     0    0.00000    0   73  213.00000    0.00000   100%     -    0s
H    0     0                     182.0000000    0.00000   100%     -    0s
     0     0    0.00000    0   73  182.00000    0.00000   100%     -    0s
     0     0    0.00000    0   65  182.00000    0.00000   100%     -    0s
H    0     0                     168.0000000    0.00000   100%     -    0s
     0     0    0.00000    0   58  168.00000    0.00000   100%     -    0s
     0     0    0.00000    0   55  168.00000    0.00000   100%     -    0s
     0     0    0.00000    0   52  168.00000    0.00000   100%     -    0s
     0     2    0.00000    0   52  168.00000    0.00000   100%     -    0s
*   63    20              11     164.0000000   54.00000  67.1%  30.9    0s
*  132    20               9     162.0000000   89.00000  45.1%  27.7    0s

Cutting planes:
  Gomory: 2
  MIR: 1
  Zero half: 28
  RLT: 11
  BQP: 10

Explored 210 nodes (6140 simplex iterations) in 0.20 seconds (0.25 work units)
Thread count was 1 (of 12 available processors)

Solution count 10: 162 164 168 ... 580

Optimal solution found (tolerance 1.00e-04)
Best objective 1.620000000000e+02, best bound 1.620000000000e+02, gap 0.0000%
162.0
