Set parameter Username
Academic license - for non-commercial use only - expires 2025-08-28
Set parameter Threads to value 1
Set parameter Method to value 4
Gurobi Optimizer version 11.0.0 build v11.0.0rc2 (mac64[arm] - Darwin 23.5.0 23F79)

CPU model: Apple M3 Pro
Thread count: 12 physical cores, 12 logical processors, using up to 1 threads

Optimize a model with 1478 rows, 263 columns and 4406 nonzeros
Model fingerprint: 0x215f2955
Variable types: 158 continuous, 105 integer (105 binary)
Coefficient statistics:
  Matrix range     [1e+00, 1e+00]
  Objective range  [1e+01, 3e+02]
  Bounds range     [1e+00, 1e+00]
  RHS range        [1e+00, 2e+00]
Presolve removed 236 rows and 46 columns
Presolve time: 0.01s
Presolved: 1242 rows, 217 columns, 3620 nonzeros
Variable types: 0 continuous, 217 integer (217 binary)
Found heuristic solution: objective 3844.0000000
Found heuristic solution: objective 1348.0000000

Root relaxation: objective 0.000000e+00, 110 iterations, 0.00 seconds (0.00 work units)

    Nodes    |    Current Node    |     Objective Bounds      |     Work
 Expl Unexpl |  Obj  Depth IntInf | Incumbent    BestBd   Gap | It/Node Time

     0     0    0.00000    0   42 1348.00000    0.00000   100%     -    0s
H    0     0                     976.0000000    0.00000   100%     -    0s
H    0     0                     956.0000000    0.00000   100%     -    0s
     0     0    0.00000    0   67  956.00000    0.00000   100%     -    0s
H    0     0                     759.0000000    0.00000   100%     -    0s
     0     0    0.00000    0   68  759.00000    0.00000   100%     -    0s
     0     0    0.00000    0   81  759.00000    0.00000   100%     -    0s
     0     0    0.00000    0   91  759.00000    0.00000   100%     -    0s
H    0     0                     585.0000000    0.00000   100%     -    0s
     0     0    0.00000    0   88  585.00000    0.00000   100%     -    0s
     0     0    0.00000    0   73  585.00000    0.00000   100%     -    0s
     0     0    0.00000    0   73  585.00000    0.00000   100%     -    0s
H    0     0                     574.0000000    0.00000   100%     -    0s
     0     2    0.00000    0   69  574.00000    0.00000   100%     -    0s
H  104    64                     563.0000000   21.58421  96.2%  68.2    0s
H  220   107                     519.0000000  122.20000  76.5%  66.6    0s
*  251   122              13     513.0000000  124.31250  75.8%  63.9    0s

Cutting planes:
  Gomory: 2
  Cover: 1
  MIR: 2
  Inf proof: 14
  Zero half: 70
  RLT: 48
  BQP: 97

Explored 2280 nodes (94794 simplex iterations) in 3.10 seconds (3.92 work units)
Thread count was 1 (of 12 available processors)

Solution count 10: 513 519 563 ... 3844

Optimal solution found (tolerance 1.00e-04)
Best objective 5.130000000000e+02, best bound 5.130000000000e+02, gap 0.0000%
513.0
