Set parameter Username
Academic license - for non-commercial use only - expires 2025-08-28
Set parameter Threads to value 1
Set parameter Method to value 4
Gurobi Optimizer version 11.0.0 build v11.0.0rc2 (mac64[arm] - Darwin 23.5.0 23F79)

CPU model: Apple M3 Pro
Thread count: 12 physical cores, 12 logical processors, using up to 1 threads

Optimize a model with 1104 rows, 207 columns and 3296 nonzeros
Model fingerprint: 0x2db987af
Variable types: 122 continuous, 85 integer (85 binary)
Coefficient statistics:
  Matrix range     [1e+00, 1e+00]
  Objective range  [1e+01, 3e+02]
  Bounds range     [1e+00, 1e+00]
  RHS range        [1e+00, 2e+00]
Found heuristic solution: objective 1996.0000000
Presolve removed 281 rows and 48 columns
Presolve time: 0.00s
Presolved: 823 rows, 159 columns, 2410 nonzeros
Variable types: 0 continuous, 159 integer (159 binary)

Root relaxation: objective 0.000000e+00, 97 iterations, 0.00 seconds (0.00 work units)

    Nodes    |    Current Node    |     Objective Bounds      |     Work
 Expl Unexpl |  Obj  Depth IntInf | Incumbent    BestBd   Gap | It/Node Time

     0     0    0.00000    0   50 1996.00000    0.00000   100%     -    0s
H    0     0                     696.0000000    0.00000   100%     -    0s
H    0     0                     646.0000000    0.00000   100%     -    0s
H    0     0                     488.0000000    0.00000   100%     -    0s
H    0     0                     336.0000000    0.00000   100%     -    0s
     0     0    0.00000    0   73  336.00000    0.00000   100%     -    0s
     0     0    0.00000    0   49  336.00000    0.00000   100%     -    0s
H    0     0                     331.0000000    0.00000   100%     -    0s
     0     0    0.00000    0   65  331.00000    0.00000   100%     -    0s
     0     0    0.00000    0   64  331.00000    0.00000   100%     -    0s
     0     0    0.00000    0   47  331.00000    0.00000   100%     -    0s
     0     0    0.00000    0   47  331.00000    0.00000   100%     -    0s
H    0     0                     283.0000000    0.00000   100%     -    0s
     0     2    0.00000    0   47  283.00000    0.00000   100%     -    0s
*   85    38              12     272.0000000   38.00000  86.0%  30.1    0s

Cutting planes:
  Inf proof: 3
  Zero half: 36
  RLT: 14
  BQP: 10

Explored 526 nodes (12052 simplex iterations) in 0.40 seconds (0.46 work units)
Thread count was 1 (of 12 available processors)

Solution count 8: 272 283 331 ... 1996

Optimal solution found (tolerance 1.00e-04)
Best objective 2.720000000000e+02, best bound 2.720000000000e+02, gap 0.0000%
272.0
