Set parameter Username
Academic license - for non-commercial use only - expires 2025-08-28
Set parameter Threads to value 1
Set parameter Method to value 4
Gurobi Optimizer version 11.0.0 build v11.0.0rc2 (mac64[arm] - Darwin 23.5.0 23F79)

CPU model: Apple M3 Pro
Thread count: 12 physical cores, 12 logical processors, using up to 1 threads

Optimize a model with 1291 rows, 235 columns and 3851 nonzeros
Model fingerprint: 0x9e987dba
Variable types: 140 continuous, 95 integer (95 binary)
Coefficient statistics:
  Matrix range     [1e+00, 1e+00]
  Objective range  [1e+01, 3e+02]
  Bounds range     [1e+00, 1e+00]
  RHS range        [1e+00, 2e+00]
Presolve removed 206 rows and 41 columns
Presolve time: 0.00s
Presolved: 1085 rows, 194 columns, 3170 nonzeros
Variable types: 0 continuous, 194 integer (194 binary)
Found heuristic solution: objective 3144.0000000
Found heuristic solution: objective 2876.0000000
Found heuristic solution: objective 680.0000000

Root relaxation: objective 0.000000e+00, 107 iterations, 0.00 seconds (0.00 work units)

    Nodes    |    Current Node    |     Objective Bounds      |     Work
 Expl Unexpl |  Obj  Depth IntInf | Incumbent    BestBd   Gap | It/Node Time

     0     0    0.00000    0   36  680.00000    0.00000   100%     -    0s
H    0     0                     636.0000000    0.00000   100%     -    0s
     0     0    0.00000    0   64  636.00000    0.00000   100%     -    0s
H    0     0                     460.0000000    0.00000   100%     -    0s
     0     0    0.00000    0   45  460.00000    0.00000   100%     -    0s
H    0     0                     420.0000000    0.00000   100%     -    0s
H    0     0                     380.0000000    0.00000   100%     -    0s
H    0     0                     334.0000000    0.00000   100%     -    0s
     0     0    0.00000    0   62  334.00000    0.00000   100%     -    0s
     0     0    0.00000    0   72  334.00000    0.00000   100%     -    0s
H    0     0                     287.0000000    0.00000   100%     -    0s
     0     0    0.00000    0   82  287.00000    0.00000   100%     -    0s
     0     0    0.00000    0   73  287.00000    0.00000   100%     -    0s
     0     0    0.00000    0   72  287.00000    0.00000   100%     -    0s
H    0     0                     257.0000000    0.00000   100%     -    0s
     0     2    0.00000    0   72  257.00000    0.00000   100%     -    0s
*  204    64              12     255.0000000  108.66667  57.4%  40.6    0s

Cutting planes:
  MIR: 2
  Flow cover: 4
  Zero half: 28
  RLT: 14
  BQP: 38

Explored 647 nodes (23055 simplex iterations) in 0.75 seconds (0.88 work units)
Thread count was 1 (of 12 available processors)

Solution count 10: 255 257 287 ... 2876

Optimal solution found (tolerance 1.00e-04)
Best objective 2.550000000000e+02, best bound 2.550000000000e+02, gap 0.0000%
255.0
