Set parameter Username
Academic license - for non-commercial use only - expires 2025-08-28
Set parameter Threads to value 1
Set parameter Method to value 4
Gurobi Optimizer version 11.0.0 build v11.0.0rc2 (mac64[arm] - Darwin 23.5.0 23F79)

CPU model: Apple M3 Pro
Thread count: 12 physical cores, 12 logical processors, using up to 1 threads

Optimize a model with 1290 rows, 235 columns and 3850 nonzeros
Model fingerprint: 0x0b9775e2
Variable types: 140 continuous, 95 integer (95 binary)
Coefficient statistics:
  Matrix range     [1e+00, 1e+00]
  Objective range  [1e+01, 3e+02]
  Bounds range     [1e+00, 1e+00]
  RHS range        [1e+00, 2e+00]
Presolve removed 200 rows and 40 columns
Presolve time: 0.00s
Presolved: 1090 rows, 195 columns, 3190 nonzeros
Variable types: 0 continuous, 195 integer (195 binary)
Found heuristic solution: objective 3043.0000000
Found heuristic solution: objective 1526.0000000

Root relaxation: objective 0.000000e+00, 114 iterations, 0.00 seconds (0.00 work units)

    Nodes    |    Current Node    |     Objective Bounds      |     Work
 Expl Unexpl |  Obj  Depth IntInf | Incumbent    BestBd   Gap | It/Node Time

     0     0    0.00000    0   45 1526.00000    0.00000   100%     -    0s
H    0     0                    1161.0000000    0.00000   100%     -    0s
H    0     0                     897.0000000    0.00000   100%     -    0s
H    0     0                     837.0000000    0.00000   100%     -    0s
     0     0    0.00000    0   82  837.00000    0.00000   100%     -    0s
     0     0    0.00000    0   67  837.00000    0.00000   100%     -    0s
H    0     0                     636.0000000    0.00000   100%     -    0s
     0     0    0.00000    0   69  636.00000    0.00000   100%     -    0s
     0     0    0.00000    0   78  636.00000    0.00000   100%     -    0s
     0     0    0.00000    0   70  636.00000    0.00000   100%     -    0s
     0     0    0.00000    0   66  636.00000    0.00000   100%     -    0s
     0     0    0.00000    0   66  636.00000    0.00000   100%     -    0s
     0     2    0.00000    0   66  636.00000    0.00000   100%     -    0s
H   51    37                     528.0000000   33.00000  93.8%  54.0    0s
*   74    45              14     496.0000000   56.00000  88.7%  44.9    0s
H  134    53                     485.0000000  101.50000  79.1%  43.2    0s
H  186    70                     450.0000000  122.00000  72.9%  43.4    0s

Cutting planes:
  Gomory: 2
  Cover: 1
  MIR: 4
  Inf proof: 4
  Zero half: 48
  RLT: 19
  BQP: 24

Explored 797 nodes (24681 simplex iterations) in 0.82 seconds (1.00 work units)
Thread count was 1 (of 12 available processors)

Solution count 10: 450 485 496 ... 3043

Optimal solution found (tolerance 1.00e-04)
Best objective 4.500000000000e+02, best bound 4.500000000000e+02, gap 0.0000%
450.0
