Set parameter Username
Academic license - for non-commercial use only - expires 2025-08-28
Set parameter Threads to value 1
Set parameter Method to value 4
Gurobi Optimizer version 11.0.0 build v11.0.0rc2 (mac64[arm] - Darwin 23.5.0 23F79)

CPU model: Apple M3 Pro
Thread count: 12 physical cores, 12 logical processors, using up to 1 threads

Optimize a model with 1291 rows, 235 columns and 3851 nonzeros
Model fingerprint: 0x205818b4
Variable types: 140 continuous, 95 integer (95 binary)
Coefficient statistics:
  Matrix range     [1e+00, 1e+00]
  Objective range  [1e+01, 3e+02]
  Bounds range     [1e+00, 1e+00]
  RHS range        [1e+00, 2e+00]
Presolve removed 331 rows and 55 columns
Presolve time: 0.01s
Presolved: 960 rows, 180 columns, 2800 nonzeros
Variable types: 0 continuous, 180 integer (180 binary)
Found heuristic solution: objective 1167.0000000

Root relaxation: objective 0.000000e+00, 100 iterations, 0.00 seconds (0.00 work units)

    Nodes    |    Current Node    |     Objective Bounds      |     Work
 Expl Unexpl |  Obj  Depth IntInf | Incumbent    BestBd   Gap | It/Node Time

     0     0    0.00000    0   42 1167.00000    0.00000   100%     -    0s
H    0     0                    1105.0000000    0.00000   100%     -    0s
H    0     0                     909.0000000    0.00000   100%     -    0s
H    0     0                     831.0000000    0.00000   100%     -    0s
     0     0    0.00000    0   64  831.00000    0.00000   100%     -    0s
H    0     0                     811.0000000    0.00000   100%     -    0s
H    0     0                     595.0000000    0.00000   100%     -    0s
H    0     0                     513.0000000    0.00000   100%     -    0s
     0     0    0.00000    0   52  513.00000    0.00000   100%     -    0s
     0     0    0.00000    0   62  513.00000    0.00000   100%     -    0s
     0     0    0.00000    0   50  513.00000    0.00000   100%     -    0s
H    0     0                     460.0000000    0.00000   100%     -    0s
     0     0    0.00000    0   66  460.00000    0.00000   100%     -    0s
     0     0    0.00000    0   41  460.00000    0.00000   100%     -    0s
     0     0    0.00000    0   41  460.00000    0.00000   100%     -    0s
H    0     0                     415.0000000    0.00000   100%     -    0s
     0     2    0.00000    0   41  415.00000    0.00000   100%     -    0s
H   52    35                     413.0000000   30.50000  92.6%  50.9    0s
H   82    54                     376.0000000   55.00000  85.4%  47.2    0s
H  290   113                     366.0000000   96.38462  73.7%  37.7    0s
H  300   113                     362.0000000   96.38462  73.4%  37.0    0s

Cutting planes:
  Gomory: 1
  MIR: 3
  Inf proof: 1
  Zero half: 44
  RLT: 18
  BQP: 29

Explored 1170 nodes (33194 simplex iterations) in 0.88 seconds (1.04 work units)
Thread count was 1 (of 12 available processors)

Solution count 10: 362 366 376 ... 831

Optimal solution found (tolerance 1.00e-04)
Best objective 3.620000000000e+02, best bound 3.620000000000e+02, gap 0.0000%
362.0
