Set parameter Username
Academic license - for non-commercial use only - expires 2025-08-28
Set parameter Threads to value 1
Set parameter Method to value 4
Gurobi Optimizer version 11.0.0 build v11.0.0rc2 (mac64[arm] - Darwin 23.5.0 23F79)

CPU model: Apple M3 Pro
Thread count: 12 physical cores, 12 logical processors, using up to 1 threads

Optimize a model with 1385 rows, 249 columns and 4129 nonzeros
Model fingerprint: 0x6c08e8ba
Variable types: 149 continuous, 100 integer (100 binary)
Coefficient statistics:
  Matrix range     [1e+00, 1e+00]
  Objective range  [1e+01, 3e+02]
  Bounds range     [1e+00, 1e+00]
  RHS range        [1e+00, 2e+00]
Presolve removed 359 rows and 59 columns
Presolve time: 0.00s
Presolved: 1026 rows, 190 columns, 2985 nonzeros
Variable types: 0 continuous, 190 integer (190 binary)
Found heuristic solution: objective 3057.0000000
Found heuristic solution: objective 1561.0000000
Found heuristic solution: objective 1237.0000000

Root relaxation: objective 0.000000e+00, 98 iterations, 0.00 seconds (0.00 work units)

    Nodes    |    Current Node    |     Objective Bounds      |     Work
 Expl Unexpl |  Obj  Depth IntInf | Incumbent    BestBd   Gap | It/Node Time

     0     0    0.00000    0   44 1237.00000    0.00000   100%     -    0s
H    0     0                     481.0000000    0.00000   100%     -    0s
H    0     0                     461.0000000    0.00000   100%     -    0s
     0     0    0.00000    0   62  461.00000    0.00000   100%     -    0s
     0     0    0.00000    0   78  461.00000    0.00000   100%     -    0s
H    0     0                     458.0000000    0.00000   100%     -    0s
H    0     0                     409.0000000    0.00000   100%     -    0s
     0     0    0.00000    0   76  409.00000    0.00000   100%     -    0s
     0     0    0.00000    0   72  409.00000    0.00000   100%     -    0s
     0     0    0.00000    0   77  409.00000    0.00000   100%     -    0s
     0     0    0.00000    0   51  409.00000    0.00000   100%     -    0s
     0     0    0.00000    0   50  409.00000    0.00000   100%     -    0s
     0     2    0.00000    0   47  409.00000    0.00000   100%     -    0s
H  227    47                     386.0000000  172.33333  55.4%  33.6    0s
*  302    55              12     380.0000000  192.50000  49.3%  30.1    0s
H  370    51                     368.0000000  223.00000  39.4%  29.7    0s
*  371    49              13     358.0000000  223.00000  37.7%  29.6    0s

Cutting planes:
  Gomory: 1
  MIR: 1
  Inf proof: 1
  Zero half: 32
  RLT: 19
  BQP: 37

Explored 510 nodes (14858 simplex iterations) in 0.49 seconds (0.63 work units)
Thread count was 1 (of 12 available processors)

Solution count 10: 358 368 380 ... 1561

Optimal solution found (tolerance 1.00e-04)
Best objective 3.580000000000e+02, best bound 3.580000000000e+02, gap 0.0000%
358.0
