Set parameter Username
Academic license - for non-commercial use only - expires 2025-08-28
Set parameter Threads to value 1
Set parameter Method to value 4
Gurobi Optimizer version 11.0.0 build v11.0.0rc2 (mac64[arm] - Darwin 23.5.0 23F79)

CPU model: Apple M3 Pro
Thread count: 12 physical cores, 12 logical processors, using up to 1 threads

Optimize a model with 1478 rows, 263 columns and 4406 nonzeros
Model fingerprint: 0xe2a479fe
Variable types: 158 continuous, 105 integer (105 binary)
Coefficient statistics:
  Matrix range     [1e+00, 1e+00]
  Objective range  [1e+01, 3e+02]
  Bounds range     [1e+00, 1e+00]
  RHS range        [1e+00, 2e+00]
Presolve removed 236 rows and 46 columns
Presolve time: 0.01s
Presolved: 1242 rows, 217 columns, 3620 nonzeros
Variable types: 0 continuous, 217 integer (217 binary)
Found heuristic solution: objective 3787.0000000
Found heuristic solution: objective 1333.0000000

Root relaxation: objective 0.000000e+00, 110 iterations, 0.00 seconds (0.00 work units)

    Nodes    |    Current Node    |     Objective Bounds      |     Work
 Expl Unexpl |  Obj  Depth IntInf | Incumbent    BestBd   Gap | It/Node Time

     0     0    0.00000    0   42 1333.00000    0.00000   100%     -    0s
H    0     0                     965.0000000    0.00000   100%     -    0s
H    0     0                     943.0000000    0.00000   100%     -    0s
     0     0    0.00000    0   67  943.00000    0.00000   100%     -    0s
H    0     0                     744.0000000    0.00000   100%     -    0s
     0     0    0.00000    0   75  744.00000    0.00000   100%     -    0s
H    0     0                     724.0000000    0.00000   100%     -    0s
     0     0    0.00000    0   78  724.00000    0.00000   100%     -    0s
     0     0    0.00000    0   82  724.00000    0.00000   100%     -    0s
     0     0    0.00000    0   92  724.00000    0.00000   100%     -    0s
     0     0    0.00000    0   83  724.00000    0.00000   100%     -    0s
     0     0    0.00000    0   75  724.00000    0.00000   100%     -    0s
     0     2    0.00000    0   69  724.00000    0.00000   100%     -    0s
*   34    34              19     648.0000000   33.50000  94.8%  81.4    0s
*   36    34              21     638.0000000   33.50000  94.7%  77.0    0s
*   52    36              11     505.0000000   33.50000  93.4%  71.1    0s
*   54    34              12     498.0000000   33.50000  93.3%  68.7    0s
*   58    36              13     489.0000000   33.50000  93.1%  64.8    0s

Cutting planes:
  Gomory: 4
  Inf proof: 9
  Zero half: 41
  RLT: 32
  BQP: 64

Explored 2180 nodes (86638 simplex iterations) in 2.78 seconds (3.64 work units)
Thread count was 1 (of 12 available processors)

Solution count 10: 489 498 505 ... 1333

Optimal solution found (tolerance 1.00e-04)
Best objective 4.890000000000e+02, best bound 4.890000000000e+02, gap 0.0000%
489.0
