Set parameter Username
Academic license - for non-commercial use only - expires 2025-08-28
Set parameter Threads to value 1
Set parameter Method to value 4
Gurobi Optimizer version 11.0.0 build v11.0.0rc2 (mac64[arm] - Darwin 23.5.0 23F79)

CPU model: Apple M3 Pro
Thread count: 12 physical cores, 12 logical processors, using up to 1 threads

Optimize a model with 1478 rows, 263 columns and 4406 nonzeros
Model fingerprint: 0x0c44012e
Variable types: 158 continuous, 105 integer (105 binary)
Coefficient statistics:
  Matrix range     [1e+00, 1e+00]
  Objective range  [1e+01, 3e+02]
  Bounds range     [1e+00, 1e+00]
  RHS range        [1e+00, 2e+00]
Presolve removed 236 rows and 46 columns
Presolve time: 0.00s
Presolved: 1242 rows, 217 columns, 3620 nonzeros
Variable types: 0 continuous, 217 integer (217 binary)
Found heuristic solution: objective 3884.0000000
Found heuristic solution: objective 1364.0000000

Root relaxation: objective 0.000000e+00, 110 iterations, 0.00 seconds (0.00 work units)

    Nodes    |    Current Node    |     Objective Bounds      |     Work
 Expl Unexpl |  Obj  Depth IntInf | Incumbent    BestBd   Gap | It/Node Time

     0     0    0.00000    0   42 1364.00000    0.00000   100%     -    0s
H    0     0                    1272.0000000    0.00000   100%     -    0s
H    0     0                    1242.0000000    0.00000   100%     -    0s
     0     0    0.00000    0   82 1242.00000    0.00000   100%     -    0s
H    0     0                     945.0000000    0.00000   100%     -    0s
     0     0    0.00000    0   82  945.00000    0.00000   100%     -    0s
H    0     0                     902.0000000    0.00000   100%     -    0s
     0     0    0.00000    0   85  902.00000    0.00000   100%     -    0s
     0     0    0.00000    0   92  902.00000    0.00000   100%     -    0s
     0     0    0.00000    0   92  902.00000    0.00000   100%     -    0s
H    0     0                     706.0000000    0.00000   100%     -    0s
H    0     0                     670.0000000    0.00000   100%     -    0s
     0     2    0.00000    0   87  670.00000    0.00000   100%     -    0s
H   27    26                     587.0000000   36.00000  93.9%  52.9    0s
H   81    51                     564.0000000   79.50000  85.9%  45.5    0s
H  108    62                     563.0000000   82.00000  85.4%  44.4    0s
H  163    76                     523.0000000  112.00000  78.6%  41.4    0s

Cutting planes:
  Gomory: 1
  Cover: 1
  Inf proof: 9
  Zero half: 22
  RLT: 33
  BQP: 69

Explored 1153 nodes (36271 simplex iterations) in 1.27 seconds (1.54 work units)
Thread count was 1 (of 12 available processors)

Solution count 10: 523 563 564 ... 1272

Optimal solution found (tolerance 1.00e-04)
Best objective 5.230000000000e+02, best bound 5.230000000000e+02, gap 0.0000%
523.0
