Set parameter Username
Academic license - for non-commercial use only - expires 2025-08-28
Set parameter Threads to value 1
Set parameter Method to value 4
Gurobi Optimizer version 11.0.0 build v11.0.0rc2 (mac64[arm] - Darwin 23.5.0 23F79)

CPU model: Apple M3 Pro
Thread count: 12 physical cores, 12 logical processors, using up to 1 threads

Optimize a model with 1104 rows, 207 columns and 3296 nonzeros
Model fingerprint: 0xefe5441f
Variable types: 122 continuous, 85 integer (85 binary)
Coefficient statistics:
  Matrix range     [1e+00, 1e+00]
  Objective range  [1e+01, 3e+02]
  Bounds range     [1e+00, 1e+00]
  RHS range        [1e+00, 2e+00]
Found heuristic solution: objective 1938.0000000
Presolve removed 281 rows and 48 columns
Presolve time: 0.00s
Presolved: 823 rows, 159 columns, 2410 nonzeros
Variable types: 0 continuous, 159 integer (159 binary)

Root relaxation: objective 0.000000e+00, 97 iterations, 0.00 seconds (0.00 work units)

    Nodes    |    Current Node    |     Objective Bounds      |     Work
 Expl Unexpl |  Obj  Depth IntInf | Incumbent    BestBd   Gap | It/Node Time

     0     0    0.00000    0   50 1938.00000    0.00000   100%     -    0s
H    0     0                     660.0000000    0.00000   100%     -    0s
H    0     0                     613.0000000    0.00000   100%     -    0s
H    0     0                     451.0000000    0.00000   100%     -    0s
H    0     0                     303.0000000    0.00000   100%     -    0s
     0     0    0.00000    0   70  303.00000    0.00000   100%     -    0s
H    0     0                     289.0000000    0.00000   100%     -    0s
     0     0    0.00000    0   42  289.00000    0.00000   100%     -    0s
H    0     0                     288.0000000    0.00000   100%     -    0s
     0     0    0.00000    0   62  288.00000    0.00000   100%     -    0s
     0     0    0.00000    0   64  288.00000    0.00000   100%     -    0s
H    0     0                     281.0000000    0.00000   100%     -    0s
     0     0    0.00000    0   62  281.00000    0.00000   100%     -    0s
     0     0    0.00000    0   49  281.00000    0.00000   100%     -    0s
     0     0    0.00000    0   66  281.00000    0.00000   100%     -    0s
     0     0    0.00000    0   71  281.00000    0.00000   100%     -    0s
     0     0    0.00000    0   66  281.00000    0.00000   100%     -    0s
     0     2    0.00000    0   66  281.00000    0.00000   100%     -    0s
H   54    18                     265.0000000   92.50000  65.1%  28.7    0s
*  159    15               8     246.0000000  182.00000  26.0%  25.4    0s

Cutting planes:
  Zero half: 34
  RLT: 14
  BQP: 10

Explored 200 nodes (5876 simplex iterations) in 0.20 seconds (0.25 work units)
Thread count was 1 (of 12 available processors)

Solution count 10: 246 265 281 ... 1938

Optimal solution found (tolerance 1.00e-04)
Best objective 2.460000000000e+02, best bound 2.460000000000e+02, gap 0.0000%
246.0
