Set parameter Username
Academic license - for non-commercial use only - expires 2025-08-28
Set parameter Threads to value 1
Set parameter Method to value 4
Gurobi Optimizer version 11.0.0 build v11.0.0rc2 (mac64[arm] - Darwin 23.5.0 23F79)

CPU model: Apple M3 Pro
Thread count: 12 physical cores, 12 logical processors, using up to 1 threads

Optimize a model with 1291 rows, 235 columns and 3851 nonzeros
Model fingerprint: 0xe6289042
Variable types: 140 continuous, 95 integer (95 binary)
Coefficient statistics:
  Matrix range     [1e+00, 1e+00]
  Objective range  [1e+01, 3e+02]
  Bounds range     [1e+00, 1e+00]
  RHS range        [1e+00, 2e+00]
Presolve removed 206 rows and 41 columns
Presolve time: 0.00s
Presolved: 1085 rows, 194 columns, 3170 nonzeros
Variable types: 0 continuous, 194 integer (194 binary)
Found heuristic solution: objective 2835.0000000
Found heuristic solution: objective 1176.0000000

Root relaxation: objective 0.000000e+00, 116 iterations, 0.00 seconds (0.00 work units)

    Nodes    |    Current Node    |     Objective Bounds      |     Work
 Expl Unexpl |  Obj  Depth IntInf | Incumbent    BestBd   Gap | It/Node Time

     0     0    0.00000    0   52 1176.00000    0.00000   100%     -    0s
H    0     0                     963.0000000    0.00000   100%     -    0s
     0     0    0.00000    0   76  963.00000    0.00000   100%     -    0s
H    0     0                     628.0000000    0.00000   100%     -    0s
     0     0    0.00000    0   64  628.00000    0.00000   100%     -    0s
     0     0    0.00000    0   64  628.00000    0.00000   100%     -    0s
     0     0    0.00000    0   81  628.00000    0.00000   100%     -    0s
     0     0    0.00000    0   83  628.00000    0.00000   100%     -    0s
     0     0    0.00000    0   75  628.00000    0.00000   100%     -    0s
     0     0    0.00000    0   75  628.00000    0.00000   100%     -    0s
H    0     0                     582.0000000    0.00000   100%     -    0s
     0     2    0.00000    0   65  582.00000    0.00000   100%     -    0s
*  103    62              16     509.0000000   31.00000  93.9%  41.1    0s
*  108    59              17     473.0000000   31.00000  93.4%  39.5    0s
*  109    58              17     469.0000000   31.00000  93.4%  39.1    0s
H  297   100                     442.0000000   87.75000  80.1%  42.4    0s

Cutting planes:
  Gomory: 2
  MIR: 2
  Inf proof: 15
  Zero half: 68
  RLT: 20
  BQP: 50

Explored 1577 nodes (50446 simplex iterations) in 1.65 seconds (2.06 work units)
Thread count was 1 (of 12 available processors)

Solution count 9: 442 469 473 ... 2835

Optimal solution found (tolerance 1.00e-04)
Best objective 4.420000000000e+02, best bound 4.420000000000e+02, gap 0.0000%
442.0
