Set parameter Username
Academic license - for non-commercial use only - expires 2025-08-28
Set parameter Threads to value 1
Set parameter Method to value 4
Gurobi Optimizer version 11.0.0 build v11.0.0rc2 (mac64[arm] - Darwin 23.5.0 23F79)

CPU model: Apple M3 Pro
Thread count: 12 physical cores, 12 logical processors, using up to 1 threads

Optimize a model with 1011 rows, 193 columns and 3019 nonzeros
Model fingerprint: 0xc0636f85
Variable types: 113 continuous, 80 integer (80 binary)
Coefficient statistics:
  Matrix range     [1e+00, 1e+00]
  Objective range  [1e+01, 3e+02]
  Bounds range     [1e+00, 1e+00]
  RHS range        [1e+00, 2e+00]
Found heuristic solution: objective 2459.0000000
Presolve removed 164 rows and 34 columns
Presolve time: 0.00s
Presolved: 847 rows, 159 columns, 2485 nonzeros
Variable types: 0 continuous, 159 integer (159 binary)
Found heuristic solution: objective 2444.0000000

Root relaxation: objective 0.000000e+00, 89 iterations, 0.00 seconds (0.00 work units)

    Nodes    |    Current Node    |     Objective Bounds      |     Work
 Expl Unexpl |  Obj  Depth IntInf | Incumbent    BestBd   Gap | It/Node Time

     0     0    0.00000    0   51 2444.00000    0.00000   100%     -    0s
H    0     0                     474.0000000    0.00000   100%     -    0s
H    0     0                     316.0000000    0.00000   100%     -    0s
H    0     0                     275.0000000    0.00000   100%     -    0s
     0     0    0.00000    0   50  275.00000    0.00000   100%     -    0s
H    0     0                     160.0000000    0.00000   100%     -    0s
H    0     0                     106.0000000    0.00000   100%     -    0s
     0     0    0.00000    0   35  106.00000    0.00000   100%     -    0s
     0     0    0.00000    0   53  106.00000    0.00000   100%     -    0s
     0     0    0.00000    0   48  106.00000    0.00000   100%     -    0s
     0     0    0.00000    0   45  106.00000    0.00000   100%     -    0s
     0     0    0.00000    0   37  106.00000    0.00000   100%     -    0s
     0     0    0.00000    0   37  106.00000    0.00000   100%     -    0s
     0     2    0.00000    0   37  106.00000    0.00000   100%     -    0s

Cutting planes:
  MIR: 1
  Zero half: 36
  RLT: 14
  BQP: 4

Explored 91 nodes (3021 simplex iterations) in 0.14 seconds (0.16 work units)
Thread count was 1 (of 12 available processors)

Solution count 7: 106 160 275 ... 2459

Optimal solution found (tolerance 1.00e-04)
Best objective 1.060000000000e+02, best bound 1.060000000000e+02, gap 0.0000%
106.0
