Set parameter Username
Academic license - for non-commercial use only - expires 2025-08-28
Set parameter Threads to value 1
Set parameter Method to value 4
Gurobi Optimizer version 11.0.0 build v11.0.0rc2 (mac64[arm] - Darwin 23.5.0 23F79)

CPU model: Apple M3 Pro
Thread count: 12 physical cores, 12 logical processors, using up to 1 threads

Optimize a model with 1478 rows, 263 columns and 4406 nonzeros
Model fingerprint: 0x04fac00f
Variable types: 158 continuous, 105 integer (105 binary)
Coefficient statistics:
  Matrix range     [1e+00, 1e+00]
  Objective range  [1e+01, 3e+02]
  Bounds range     [1e+00, 1e+00]
  RHS range        [1e+00, 2e+00]
Presolve removed 236 rows and 46 columns
Presolve time: 0.00s
Presolved: 1242 rows, 217 columns, 3620 nonzeros
Variable types: 0 continuous, 217 integer (217 binary)
Found heuristic solution: objective 3858.0000000
Found heuristic solution: objective 1338.0000000

Root relaxation: objective 0.000000e+00, 110 iterations, 0.00 seconds (0.00 work units)

    Nodes    |    Current Node    |     Objective Bounds      |     Work
 Expl Unexpl |  Obj  Depth IntInf | Incumbent    BestBd   Gap | It/Node Time

     0     0    0.00000    0   42 1338.00000    0.00000   100%     -    0s
H    0     0                    1279.0000000    0.00000   100%     -    0s
     0     0    0.00000    0   73 1279.00000    0.00000   100%     -    0s
H    0     0                    1203.0000000    0.00000   100%     -    0s
H    0     0                    1109.0000000    0.00000   100%     -    0s
     0     0    0.00000    0   61 1109.00000    0.00000   100%     -    0s
H    0     0                     765.0000000    0.00000   100%     -    0s
H    0     0                     745.0000000    0.00000   100%     -    0s
     0     0    0.00000    0   55  745.00000    0.00000   100%     -    0s
     0     0    0.00000    0   69  745.00000    0.00000   100%     -    0s
H    0     0                     725.0000000    0.00000   100%     -    0s
     0     0    0.00000    0   71  725.00000    0.00000   100%     -    0s
     0     0    0.00000    0   75  725.00000    0.00000   100%     -    0s
     0     0    0.00000    0   75  725.00000    0.00000   100%     -    0s
     0     2    0.00000    0   66  725.00000    0.00000   100%     -    0s
*   51    47              28     693.0000000   32.00000  95.4%  58.5    0s
H   82    66                     663.0000000   32.00000  95.2%  69.5    0s
*  106    71              14     610.0000000   75.00000  87.7%  65.3    0s
H  109    65                     580.0000000   75.00000  87.1%  63.6    0s
H  163    74                     566.0000000  102.25000  81.9%  54.6    0s
H  187    81                     546.0000000  122.00000  77.7%  52.7    0s
H  688   226                     536.0000000  254.00000  52.6%  41.0    0s
H  688   210                     515.0000000  254.00000  50.7%  41.0    0s

Cutting planes:
  Gomory: 2
  MIR: 2
  Inf proof: 4
  Zero half: 71
  RLT: 29
  BQP: 60

Explored 2329 nodes (73424 simplex iterations) in 2.45 seconds (3.15 work units)
Thread count was 1 (of 12 available processors)

Solution count 10: 515 536 546 ... 745

Optimal solution found (tolerance 1.00e-04)
Best objective 5.150000000000e+02, best bound 5.150000000000e+02, gap 0.0000%
515.0
