Set parameter Username
Academic license - for non-commercial use only - expires 2025-08-28
Set parameter Threads to value 1
Set parameter Method to value 4
Gurobi Optimizer version 11.0.0 build v11.0.0rc2 (mac64[arm] - Darwin 23.5.0 23F79)

CPU model: Apple M3 Pro
Thread count: 12 physical cores, 12 logical processors, using up to 1 threads

Optimize a model with 1104 rows, 207 columns and 3296 nonzeros
Model fingerprint: 0x82b16a99
Variable types: 122 continuous, 85 integer (85 binary)
Coefficient statistics:
  Matrix range     [1e+00, 1e+00]
  Objective range  [1e+01, 3e+02]
  Bounds range     [1e+00, 1e+00]
  RHS range        [1e+00, 2e+00]
Found heuristic solution: objective 1901.0000000
Presolve removed 281 rows and 48 columns
Presolve time: 0.01s
Presolved: 823 rows, 159 columns, 2410 nonzeros
Variable types: 0 continuous, 159 integer (159 binary)

Root relaxation: objective 0.000000e+00, 97 iterations, 0.00 seconds (0.00 work units)

    Nodes    |    Current Node    |     Objective Bounds      |     Work
 Expl Unexpl |  Obj  Depth IntInf | Incumbent    BestBd   Gap | It/Node Time

     0     0    0.00000    0   50 1901.00000    0.00000   100%     -    0s
H    0     0                     641.0000000    0.00000   100%     -    0s
H    0     0                     571.0000000    0.00000   100%     -    0s
H    0     0                     430.0000000    0.00000   100%     -    0s
H    0     0                     282.0000000    0.00000   100%     -    0s
     0     0    0.00000    0   70  282.00000    0.00000   100%     -    0s
H    0     0                     265.0000000    0.00000   100%     -    0s
     0     0    0.00000    0   40  265.00000    0.00000   100%     -    0s
     0     0    0.00000    0   58  265.00000    0.00000   100%     -    0s
     0     0    0.00000    0   50  265.00000    0.00000   100%     -    0s
     0     0    0.00000    0   71  265.00000    0.00000   100%     -    0s
     0     0    0.00000    0   54  265.00000    0.00000   100%     -    0s
     0     0    0.00000    0   46  265.00000    0.00000   100%     -    0s
     0     0    1.64856    0   80  265.00000    1.64856  99.4%     -    0s
     0     0    2.54118    0   78  265.00000    2.54118  99.0%     -    0s
     0     0    2.59091    0   80  265.00000    2.59091  99.0%     -    0s
     0     0    2.78077    0   80  265.00000    2.78077  99.0%     -    0s
     0     0    2.78675    0   80  265.00000    2.78675  98.9%     -    0s
     0     0    8.28409    0   84  265.00000    8.28409  96.9%     -    0s
     0     0    8.64403    0   89  265.00000    8.64403  96.7%     -    0s
     0     0    9.03764    0   90  265.00000    9.03764  96.6%     -    0s
     0     0    9.32091    0   90  265.00000    9.32091  96.5%     -    0s
     0     0    9.56250    0   91  265.00000    9.56250  96.4%     -    0s
     0     0    9.56250    0   89  265.00000    9.56250  96.4%     -    0s
     0     0    9.63959    0   91  265.00000    9.63959  96.4%     -    0s
     0     0    9.68202    0   92  265.00000    9.68202  96.3%     -    0s
     0     0    9.91021    0   91  265.00000    9.91021  96.3%     -    0s
     0     0    9.94084    0   91  265.00000    9.94084  96.2%     -    0s
     0     0   10.00000    0   77  265.00000   10.00000  96.2%     -    0s
     0     0   10.53452    0   91  265.00000   10.53452  96.0%     -    0s
     0     0   10.75543    0   90  265.00000   10.75543  95.9%     -    0s
     0     0   10.79624    0   91  265.00000   10.79624  95.9%     -    0s
     0     0   10.82835    0   91  265.00000   10.82835  95.9%     -    0s
     0     0   11.02427    0   91  265.00000   11.02427  95.8%     -    0s
     0     0   11.03429    0   91  265.00000   11.03429  95.8%     -    0s
     0     0   11.03429    0   91  265.00000   11.03429  95.8%     -    0s
     0     0   11.04261    0   91  265.00000   11.04261  95.8%     -    0s
     0     0   11.04261    0   91  265.00000   11.04261  95.8%     -    0s
     0     0   11.04261    0   84  265.00000   11.04261  95.8%     -    0s
     0     2   12.00000    0   84  265.00000   12.00000  95.5%     -    0s
H    8     6                     234.0000000   14.78125  93.7%  30.1    0s
H   58    20                     213.0000000   43.87500  79.4%  26.7    0s

Cutting planes:
  MIR: 7
  Zero half: 48
  RLT: 6
  BQP: 2

Explored 491 nodes (12319 simplex iterations) in 0.43 seconds (0.52 work units)
Thread count was 1 (of 12 available processors)

Solution count 8: 213 234 265 ... 1901

Optimal solution found (tolerance 1.00e-04)
Best objective 2.130000000000e+02, best bound 2.130000000000e+02, gap 0.0000%
213.0
