Set parameter Username
Academic license - for non-commercial use only - expires 2025-08-28
Set parameter Threads to value 1
Set parameter Method to value 4
Gurobi Optimizer version 11.0.0 build v11.0.0rc2 (mac64[arm] - Darwin 23.5.0 23F79)

CPU model: Apple M3 Pro
Thread count: 12 physical cores, 12 logical processors, using up to 1 threads

Optimize a model with 1478 rows, 263 columns and 4406 nonzeros
Model fingerprint: 0x10acfea4
Variable types: 158 continuous, 105 integer (105 binary)
Coefficient statistics:
  Matrix range     [1e+00, 1e+00]
  Objective range  [1e+01, 3e+02]
  Bounds range     [1e+00, 1e+00]
  RHS range        [1e+00, 2e+00]
Presolve removed 236 rows and 46 columns
Presolve time: 0.01s
Presolved: 1242 rows, 217 columns, 3620 nonzeros
Variable types: 0 continuous, 217 integer (217 binary)
Found heuristic solution: objective 3830.0000000
Found heuristic solution: objective 1328.0000000

Root relaxation: objective 0.000000e+00, 110 iterations, 0.00 seconds (0.00 work units)

    Nodes    |    Current Node    |     Objective Bounds      |     Work
 Expl Unexpl |  Obj  Depth IntInf | Incumbent    BestBd   Gap | It/Node Time

     0     0    0.00000    0   42 1328.00000    0.00000   100%     -    0s
H    0     0                    1166.0000000    0.00000   100%     -    0s
     0     0    0.00000    0   74 1166.00000    0.00000   100%     -    0s
H    0     0                     745.0000000    0.00000   100%     -    0s
     0     0    0.00000    0   70  745.00000    0.00000   100%     -    0s
H    0     0                     742.0000000    0.00000   100%     -    0s
     0     0    0.00000    0   89  742.00000    0.00000   100%     -    0s
H    0     0                     666.0000000    0.00000   100%     -    0s
     0     0    0.00000    0   89  666.00000    0.00000   100%     -    0s
     0     0    0.00000    0   81  666.00000    0.00000   100%     -    0s
     0     0    0.00000    0   81  666.00000    0.00000   100%     -    0s
     0     2    0.00000    0   80  666.00000    0.00000   100%     -    0s
*   65    54              36     665.0000000    2.60000   100%  40.5    0s
H   78    63                     643.0000000    2.60000   100%  45.8    0s
*   93    74              17     621.0000000    2.60000   100%  44.5    0s
H  161   103                     608.0000000   40.75000  93.3%  45.7    0s
H  164   105                     600.0000000   40.75000  93.2%  45.3    0s
H  183   115                     575.0000000   44.66667  92.2%  44.7    0s
H  372   167                     538.0000000  106.35714  80.2%  42.8    0s
H  382   173                     525.0000000  106.35714  79.7%  43.0    0s
H  424   185                     512.0000000  109.50000  78.6%  43.2    0s
H  609   214                     503.0000000  173.06667  65.6%  40.8    0s

Cutting planes:
  Gomory: 1
  Cover: 1
  Flow cover: 1
  Inf proof: 20
  Zero half: 47
  RLT: 36
  BQP: 59

Explored 2861 nodes (85488 simplex iterations) in 2.87 seconds (3.52 work units)
Thread count was 1 (of 12 available processors)

Solution count 10: 503 512 525 ... 665

Optimal solution found (tolerance 1.00e-04)
Best objective 5.030000000000e+02, best bound 5.030000000000e+02, gap 0.0000%
503.0
