Set parameter Username
Academic license - for non-commercial use only - expires 2025-08-28
Set parameter Threads to value 1
Set parameter Method to value 4
Gurobi Optimizer version 11.0.0 build v11.0.0rc2 (mac64[arm] - Darwin 23.5.0 23F79)

CPU model: Apple M3 Pro
Thread count: 12 physical cores, 12 logical processors, using up to 1 threads

Optimize a model with 1197 rows, 221 columns and 3573 nonzeros
Model fingerprint: 0x8b1ddcbf
Variable types: 131 continuous, 90 integer (90 binary)
Coefficient statistics:
  Matrix range     [1e+00, 1e+00]
  Objective range  [1e+01, 3e+02]
  Bounds range     [1e+00, 1e+00]
  RHS range        [1e+00, 2e+00]
Found heuristic solution: objective 2735.0000000
Presolve removed 188 rows and 38 columns
Presolve time: 0.01s
Presolved: 1009 rows, 183 columns, 2955 nonzeros
Variable types: 0 continuous, 183 integer (183 binary)

Root relaxation: objective 0.000000e+00, 118 iterations, 0.00 seconds (0.00 work units)

    Nodes    |    Current Node    |     Objective Bounds      |     Work
 Expl Unexpl |  Obj  Depth IntInf | Incumbent    BestBd   Gap | It/Node Time

     0     0    0.00000    0   68 2735.00000    0.00000   100%     -    0s
H    0     0                    1636.0000000    0.00000   100%     -    0s
H    0     0                     734.0000000    0.00000   100%     -    0s
     0     0    0.00000    0   76  734.00000    0.00000   100%     -    0s
H    0     0                     653.0000000    0.00000   100%     -    0s
H    0     0                     596.0000000    0.00000   100%     -    0s
     0     0    0.00000    0   53  596.00000    0.00000   100%     -    0s
H    0     0                     409.0000000    0.00000   100%     -    0s
H    0     0                     286.0000000    0.00000   100%     -    0s
     0     0    0.00000    0   46  286.00000    0.00000   100%     -    0s
     0     0    0.00000    0   71  286.00000    0.00000   100%     -    0s
H    0     0                     208.0000000    0.00000   100%     -    0s
     0     0    0.00000    0   75  208.00000    0.00000   100%     -    0s
     0     0    0.00000    0   73  208.00000    0.00000   100%     -    0s
     0     0    0.00000    0   74  208.00000    0.00000   100%     -    0s
     0     0    0.22422    0   88  208.00000    0.22422   100%     -    0s
     0     0    0.24575    0   86  208.00000    0.24575   100%     -    0s
     0     0    1.71429    0   89  208.00000    1.71429  99.2%     -    0s
H    0     0                     164.0000000    1.71429  99.0%     -    0s
     0     0    2.05882    0   89  164.00000    2.05882  98.7%     -    0s
     0     0    2.30769    0   89  164.00000    2.30769  98.6%     -    0s
     0     0    2.34375    0   89  164.00000    2.34375  98.6%     -    0s
     0     0    2.36842    0   89  164.00000    2.36842  98.6%     -    0s
     0     0    2.38462    0   89  164.00000    2.38462  98.5%     -    0s
     0     0    2.39782    0   92  164.00000    2.39782  98.5%     -    0s
     0     0    2.39910    0   91  164.00000    2.39910  98.5%     -    0s
     0     0    2.39910    0   91  164.00000    2.39910  98.5%     -    0s
     0     0    2.50000    0   88  164.00000    2.50000  98.5%     -    0s
     0     0    2.50000    0   83  164.00000    2.50000  98.5%     -    0s
     0     0    2.50000    0   82  164.00000    2.50000  98.5%     -    0s
     0     0    2.50000    0   84  164.00000    2.50000  98.5%     -    0s
     0     0    2.50000    0   77  164.00000    2.50000  98.5%     -    0s
     0     0    2.50000    0   79  164.00000    2.50000  98.5%     -    0s
     0     0    2.50000    0   77  164.00000    2.50000  98.5%     -    0s
     0     0    2.50000    0   77  164.00000    2.50000  98.5%     -    0s
     0     2   10.00000    0   77  164.00000   10.00000  93.9%     -    0s
*   19    10               7     146.0000000   35.00000  76.0%  54.6    0s

Cutting planes:
  MIR: 4
  Zero half: 47
  RLT: 19
  BQP: 15

Explored 64 nodes (4525 simplex iterations) in 0.22 seconds (0.29 work units)
Thread count was 1 (of 12 available processors)

Solution count 10: 146 164 208 ... 2735

Optimal solution found (tolerance 1.00e-04)
Best objective 1.460000000000e+02, best bound 1.460000000000e+02, gap 0.0000%
146.0
