Set parameter Username
Academic license - for non-commercial use only - expires 2025-08-28
Set parameter Threads to value 1
Set parameter Method to value 4
Gurobi Optimizer version 11.0.0 build v11.0.0rc2 (mac64[arm] - Darwin 23.5.0 23F79)

CPU model: Apple M3 Pro
Thread count: 12 physical cores, 12 logical processors, using up to 1 threads

Optimize a model with 1011 rows, 193 columns and 3019 nonzeros
Model fingerprint: 0x76313e09
Variable types: 113 continuous, 80 integer (80 binary)
Coefficient statistics:
  Matrix range     [1e+00, 1e+00]
  Objective range  [1e+01, 3e+02]
  Bounds range     [1e+00, 1e+00]
  RHS range        [1e+00, 2e+00]
Found heuristic solution: objective 2469.0000000
Presolve removed 259 rows and 45 columns
Presolve time: 0.00s
Presolved: 752 rows, 148 columns, 2205 nonzeros
Variable types: 0 continuous, 148 integer (148 binary)
Found heuristic solution: objective 2454.0000000

Root relaxation: objective 0.000000e+00, 92 iterations, 0.00 seconds (0.00 work units)

    Nodes    |    Current Node    |     Objective Bounds      |     Work
 Expl Unexpl |  Obj  Depth IntInf | Incumbent    BestBd   Gap | It/Node Time

     0     0    0.00000    0   42 2454.00000    0.00000   100%     -    0s
H    0     0                    1872.0000000    0.00000   100%     -    0s
H    0     0                    1676.0000000    0.00000   100%     -    0s
H    0     0                    1098.0000000    0.00000   100%     -    0s
     0     0    0.00000    0   38 1098.00000    0.00000   100%     -    0s
H    0     0                     429.0000000    0.00000   100%     -    0s
H    0     0                     324.0000000    0.00000   100%     -    0s
H    0     0                     300.0000000    0.00000   100%     -    0s
     0     0    0.00000    0   44  300.00000    0.00000   100%     -    0s
H    0     0                     156.0000000    0.00000   100%     -    0s
     0     0    0.00000    0   48  156.00000    0.00000   100%     -    0s
     0     0    0.00000    0   40  156.00000    0.00000   100%     -    0s
H    0     0                     132.0000000    0.00000   100%     -    0s
     0     0    0.00000    0   48  132.00000    0.00000   100%     -    0s
     0     0    0.00000    0   45  132.00000    0.00000   100%     -    0s
     0     0    0.00000    0   44  132.00000    0.00000   100%     -    0s
H    0     0                     129.0000000    0.00000   100%     -    0s
     0     2    0.00000    0   44  129.00000    0.00000   100%     -    0s
*   40    17               9     120.0000000   39.00000  67.5%  24.1    0s
*   53    17               8     111.0000000   47.00000  57.7%  20.8    0s
*   54    15               8     102.0000000   47.00000  53.9%  20.5    0s

Cutting planes:
  MIR: 1
  Zero half: 8
  RLT: 16
  BQP: 6

Explored 89 nodes (2526 simplex iterations) in 0.10 seconds (0.13 work units)
Thread count was 1 (of 12 available processors)

Solution count 10: 102 111 120 ... 1098

Optimal solution found (tolerance 1.00e-04)
Best objective 1.020000000000e+02, best bound 1.020000000000e+02, gap 0.0000%
102.0
