Set parameter Username
Academic license - for non-commercial use only - expires 2025-08-28
Set parameter Threads to value 1
Set parameter Method to value 4
Gurobi Optimizer version 11.0.0 build v11.0.0rc2 (mac64[arm] - Darwin 23.5.0 23F79)

CPU model: Apple M3 Pro
Thread count: 12 physical cores, 12 logical processors, using up to 1 threads

Optimize a model with 1197 rows, 221 columns and 3573 nonzeros
Model fingerprint: 0x8d1afed6
Variable types: 131 continuous, 90 integer (90 binary)
Coefficient statistics:
  Matrix range     [1e+00, 1e+00]
  Objective range  [1e+01, 3e+02]
  Bounds range     [1e+00, 1e+00]
  RHS range        [1e+00, 2e+00]
Presolve removed 303 rows and 51 columns
Presolve time: 0.00s
Presolved: 894 rows, 170 columns, 2615 nonzeros
Variable types: 0 continuous, 170 integer (170 binary)
Found heuristic solution: objective 1780.0000000
Found heuristic solution: objective 714.0000000

Root relaxation: objective 0.000000e+00, 89 iterations, 0.00 seconds (0.00 work units)

    Nodes    |    Current Node    |     Objective Bounds      |     Work
 Expl Unexpl |  Obj  Depth IntInf | Incumbent    BestBd   Gap | It/Node Time

     0     0    0.00000    0   35  714.00000    0.00000   100%     -    0s
H    0     0                     704.0000000    0.00000   100%     -    0s
H    0     0                     550.0000000    0.00000   100%     -    0s
H    0     0                     452.0000000    0.00000   100%     -    0s
     0     0    0.00000    0   67  452.00000    0.00000   100%     -    0s
H    0     0                     450.0000000    0.00000   100%     -    0s
H    0     0                     420.0000000    0.00000   100%     -    0s
     0     0    0.00000    0   47  420.00000    0.00000   100%     -    0s
H    0     0                     360.0000000    0.00000   100%     -    0s
H    0     0                     320.0000000    0.00000   100%     -    0s
H    0     0                     300.0000000    0.00000   100%     -    0s
     0     0    0.00000    0   47  300.00000    0.00000   100%     -    0s
     0     0    0.00000    0   69  300.00000    0.00000   100%     -    0s
H    0     0                     240.0000000    0.00000   100%     -    0s
     0     0    0.00000    0   73  240.00000    0.00000   100%     -    0s
     0     0    0.00000    0   63  240.00000    0.00000   100%     -    0s
     0     0    0.00000    0   63  240.00000    0.00000   100%     -    0s
H    0     0                     235.0000000    0.00000   100%     -    0s
H    0     0                     230.0000000    0.00000   100%     -    0s
     0     2    0.00000    0   63  230.00000    0.00000   100%     -    0s
*   59    34              14     228.0000000   72.91667  68.0%  40.8    0s
H  187    47                     225.0000000  125.50000  44.2%  30.1    0s
*  325    21              12     199.0000000  162.00000  18.6%  24.9    0s

Cutting planes:
  Gomory: 1
  MIR: 13
  StrongCG: 1
  Zero half: 16
  RLT: 21
  BQP: 17

Explored 362 nodes (9752 simplex iterations) in 0.32 seconds (0.39 work units)
Thread count was 1 (of 12 available processors)

Solution count 10: 199 225 228 ... 420

Optimal solution found (tolerance 1.00e-04)
Best objective 1.990000000000e+02, best bound 1.990000000000e+02, gap 0.0000%
199.0
