Set parameter Username
Academic license - for non-commercial use only - expires 2025-08-28
Set parameter Threads to value 1
Set parameter Method to value 4
Gurobi Optimizer version 11.0.0 build v11.0.0rc2 (mac64[arm] - Darwin 23.5.0 23F79)

CPU model: Apple M3 Pro
Thread count: 12 physical cores, 12 logical processors, using up to 1 threads

Optimize a model with 1198 rows, 221 columns and 3574 nonzeros
Model fingerprint: 0x7c8b03a6
Variable types: 131 continuous, 90 integer (90 binary)
Coefficient statistics:
  Matrix range     [1e+00, 1e+00]
  Objective range  [1e+01, 3e+02]
  Bounds range     [1e+00, 1e+00]
  RHS range        [1e+00, 2e+00]
Presolve removed 309 rows and 52 columns
Presolve time: 0.00s
Presolved: 889 rows, 169 columns, 2595 nonzeros
Variable types: 0 continuous, 169 integer (169 binary)
Found heuristic solution: objective 3023.0000000
Found heuristic solution: objective 1348.0000000

Root relaxation: objective 0.000000e+00, 99 iterations, 0.00 seconds (0.00 work units)

    Nodes    |    Current Node    |     Objective Bounds      |     Work
 Expl Unexpl |  Obj  Depth IntInf | Incumbent    BestBd   Gap | It/Node Time

     0     0    0.00000    0   42 1348.00000    0.00000   100%     -    0s
H    0     0                    1085.0000000    0.00000   100%     -    0s
H    0     0                    1016.0000000    0.00000   100%     -    0s
H    0     0                     820.0000000    0.00000   100%     -    0s
H    0     0                     630.0000000    0.00000   100%     -    0s
     0     0    0.00000    0   65  630.00000    0.00000   100%     -    0s
     0     0    0.00000    0   44  630.00000    0.00000   100%     -    0s
H    0     0                     590.0000000    0.00000   100%     -    0s
H    0     0                     554.0000000    0.00000   100%     -    0s
     0     0    0.00000    0   50  554.00000    0.00000   100%     -    0s
     0     0    0.00000    0   60  554.00000    0.00000   100%     -    0s
H    0     0                     370.0000000    0.00000   100%     -    0s
     0     0    0.00000    0   66  370.00000    0.00000   100%     -    0s
     0     0    0.00000    0   66  370.00000    0.00000   100%     -    0s
     0     0    0.00000    0   64  370.00000    0.00000   100%     -    0s
     0     2    0.00000    0   62  370.00000    0.00000   100%     -    0s
H   53    37                     352.0000000   25.46429  92.8%  38.2    0s
H  221    78                     338.0000000   96.60000  71.4%  30.0    0s
*  224    78              10     330.0000000   96.60000  70.7%  29.7    0s
*  305    87              16     316.0000000  116.25000  63.2%  27.8    0s

Cutting planes:
  Gomory: 1
  MIR: 3
  Inf proof: 6
  Zero half: 55
  RLT: 8
  BQP: 20

Explored 787 nodes (19849 simplex iterations) in 0.58 seconds (0.70 work units)
Thread count was 1 (of 12 available processors)

Solution count 10: 316 330 338 ... 1016

Optimal solution found (tolerance 1.00e-04)
Best objective 3.160000000000e+02, best bound 3.160000000000e+02, gap 0.0000%
316.0
