Set parameter Username
Academic license - for non-commercial use only - expires 2025-08-28
Set parameter Threads to value 1
Set parameter Method to value 4
Gurobi Optimizer version 11.0.0 build v11.0.0rc2 (mac64[arm] - Darwin 23.5.0 23F79)

CPU model: Apple M3 Pro
Thread count: 12 physical cores, 12 logical processors, using up to 1 threads

Optimize a model with 1291 rows, 235 columns and 3851 nonzeros
Model fingerprint: 0xe74e950d
Variable types: 140 continuous, 95 integer (95 binary)
Coefficient statistics:
  Matrix range     [1e+00, 1e+00]
  Objective range  [1e+01, 3e+02]
  Bounds range     [1e+00, 1e+00]
  RHS range        [1e+00, 2e+00]
Presolve removed 206 rows and 41 columns
Presolve time: 0.00s
Presolved: 1085 rows, 194 columns, 3170 nonzeros
Variable types: 0 continuous, 194 integer (194 binary)
Found heuristic solution: objective 3148.0000000
Found heuristic solution: objective 2882.0000000
Found heuristic solution: objective 686.0000000

Root relaxation: objective 0.000000e+00, 107 iterations, 0.00 seconds (0.00 work units)

    Nodes    |    Current Node    |     Objective Bounds      |     Work
 Expl Unexpl |  Obj  Depth IntInf | Incumbent    BestBd   Gap | It/Node Time

     0     0    0.00000    0   36  686.00000    0.00000   100%     -    0s
H    0     0                     642.0000000    0.00000   100%     -    0s
     0     0    0.00000    0   64  642.00000    0.00000   100%     -    0s
     0     0    0.00000    0   59  642.00000    0.00000   100%     -    0s
H    0     0                     451.0000000    0.00000   100%     -    0s
H    0     0                     444.0000000    0.00000   100%     -    0s
H    0     0                     391.0000000    0.00000   100%     -    0s
H    0     0                     371.0000000    0.00000   100%     -    0s
     0     0    0.00000    0   65  371.00000    0.00000   100%     -    0s
     0     0    0.00000    0   66  371.00000    0.00000   100%     -    0s
H    0     0                     321.0000000    0.00000   100%     -    0s
     0     0    0.00000    0   66  321.00000    0.00000   100%     -    0s
     0     0    0.00000    0   78  321.00000    0.00000   100%     -    0s
     0     0    0.00000    0   57  321.00000    0.00000   100%     -    0s
H    0     0                     301.0000000    0.00000   100%     -    0s
     0     2    0.00000    0   57  301.00000    0.00000   100%     -    0s
*  362   104              14     260.0000000   96.00000  63.1%  30.4    0s
*  551   116              14     258.0000000  130.50000  49.4%  28.4    0s

Cutting planes:
  MIR: 1
  Inf proof: 8
  Zero half: 48
  RLT: 9
  BQP: 30

Explored 1109 nodes (28794 simplex iterations) in 0.98 seconds (1.17 work units)
Thread count was 1 (of 12 available processors)

Solution count 10: 258 260 301 ... 686

Optimal solution found (tolerance 1.00e-04)
Best objective 2.580000000000e+02, best bound 2.580000000000e+02, gap 0.0000%
258.0
