Set parameter Username
Academic license - for non-commercial use only - expires 2025-08-28
Set parameter Threads to value 1
Set parameter Method to value 4
Gurobi Optimizer version 11.0.0 build v11.0.0rc2 (mac64[arm] - Darwin 23.5.0 23F79)

CPU model: Apple M3 Pro
Thread count: 12 physical cores, 12 logical processors, using up to 1 threads

Optimize a model with 1478 rows, 263 columns and 4406 nonzeros
Model fingerprint: 0x9da884a0
Variable types: 158 continuous, 105 integer (105 binary)
Coefficient statistics:
  Matrix range     [1e+00, 1e+00]
  Objective range  [1e+01, 3e+02]
  Bounds range     [1e+00, 1e+00]
  RHS range        [1e+00, 2e+00]
Presolve removed 236 rows and 46 columns
Presolve time: 0.00s
Presolved: 1242 rows, 217 columns, 3620 nonzeros
Variable types: 0 continuous, 217 integer (217 binary)
Found heuristic solution: objective 3851.0000000
Found heuristic solution: objective 1355.0000000

Root relaxation: objective 0.000000e+00, 110 iterations, 0.00 seconds (0.00 work units)

    Nodes    |    Current Node    |     Objective Bounds      |     Work
 Expl Unexpl |  Obj  Depth IntInf | Incumbent    BestBd   Gap | It/Node Time

     0     0    0.00000    0   42 1355.00000    0.00000   100%     -    0s
H    0     0                     980.0000000    0.00000   100%     -    0s
H    0     0                     960.0000000    0.00000   100%     -    0s
     0     0    0.00000    0   67  960.00000    0.00000   100%     -    0s
H    0     0                     763.0000000    0.00000   100%     -    0s
     0     0    0.00000    0   62  763.00000    0.00000   100%     -    0s
     0     0    0.00000    0   65  763.00000    0.00000   100%     -    0s
     0     0    0.00000    0   84  763.00000    0.00000   100%     -    0s
     0     0    0.00000    0   82  763.00000    0.00000   100%     -    0s
     0     2    0.00000    0   65  763.00000    0.00000   100%     -    0s
*   33    25              18     748.0000000    7.50000  99.0%  39.4    0s
*  109    59              23     728.0000000   20.50000  97.2%  41.0    0s
H  137    71                     702.0000000   22.00000  96.9%  41.1    0s
*  141    70              18     691.0000000   22.00000  96.8%  40.1    0s
*  227    86              14     667.0000000   83.50000  87.5%  36.5    0s
*  230    83              13     633.0000000   83.50000  86.8%  36.1    0s
H  299   107                     581.0000000  117.28378  79.8%  37.0    0s
H  392   126                     573.0000000  185.25000  67.7%  38.8    0s
H  420   133                     552.0000000  189.50000  65.7%  38.1    0s
*  560   155              22     542.0000000  233.50000  56.9%  35.3    0s
*  563   148              20     535.0000000  233.50000  56.4%  35.1    0s
H  633   138                     513.0000000  259.66667  49.4%  33.8    0s

Cutting planes:
  Gomory: 2
  Inf proof: 7
  Zero half: 31
  RLT: 30
  BQP: 59

Explored 1610 nodes (47026 simplex iterations) in 1.80 seconds (2.30 work units)
Thread count was 1 (of 12 available processors)

Solution count 10: 513 535 542 ... 702

Optimal solution found (tolerance 1.00e-04)
Best objective 5.130000000000e+02, best bound 5.130000000000e+02, gap 0.0000%
513.0
