Set parameter Username
Academic license - for non-commercial use only - expires 2025-08-28
Set parameter Threads to value 1
Set parameter Method to value 4
Gurobi Optimizer version 11.0.0 build v11.0.0rc2 (mac64[arm] - Darwin 23.5.0 23F79)

CPU model: Apple M3 Pro
Thread count: 12 physical cores, 12 logical processors, using up to 1 threads

Optimize a model with 1478 rows, 263 columns and 4406 nonzeros
Model fingerprint: 0x4c793b68
Variable types: 158 continuous, 105 integer (105 binary)
Coefficient statistics:
  Matrix range     [1e+00, 1e+00]
  Objective range  [1e+01, 3e+02]
  Bounds range     [1e+00, 1e+00]
  RHS range        [1e+00, 2e+00]
Presolve removed 236 rows and 46 columns
Presolve time: 0.00s
Presolved: 1242 rows, 217 columns, 3620 nonzeros
Variable types: 0 continuous, 217 integer (217 binary)
Found heuristic solution: objective 3822.0000000
Found heuristic solution: objective 1356.0000000

Root relaxation: objective 0.000000e+00, 110 iterations, 0.00 seconds (0.00 work units)

    Nodes    |    Current Node    |     Objective Bounds      |     Work
 Expl Unexpl |  Obj  Depth IntInf | Incumbent    BestBd   Gap | It/Node Time

     0     0    0.00000    0   42 1356.00000    0.00000   100%     -    0s
H    0     0                     985.0000000    0.00000   100%     -    0s
H    0     0                     963.0000000    0.00000   100%     -    0s
     0     0    0.00000    0   67  963.00000    0.00000   100%     -    0s
H    0     0                     759.0000000    0.00000   100%     -    0s
     0     0    0.00000    0   60  759.00000    0.00000   100%     -    0s
     0     0    0.00000    0   75  759.00000    0.00000   100%     -    0s
H    0     0                     733.0000000    0.00000   100%     -    0s
     0     0    0.00000    0   69  733.00000    0.00000   100%     -    0s
     0     0    0.00000    0   94  733.00000    0.00000   100%     -    0s
     0     0    0.00000    0   65  733.00000    0.00000   100%     -    0s
H    0     0                     705.0000000    0.00000   100%     -    0s
     0     2    0.00000    0   47  705.00000    0.00000   100%     -    0s
H    9     7                     681.0000000    0.00000   100%  87.3    0s
*   64    48              18     680.0000000   22.42857  96.7%  64.5    0s
*   71    48              22     674.0000000   22.42857  96.7%  58.4    0s
*   96    68              19     613.0000000   28.14286  95.4%  61.7    0s
H  183    84                     559.0000000   66.00000  88.2%  51.1    0s
*  263   107              12     545.0000000  108.88679  80.0%  51.1    0s
*  266   105              12     512.0000000  108.88679  78.7%  50.6    0s
*  483   151              15     501.0000000  203.25926  59.4%  46.1    0s

Cutting planes:
  Gomory: 3
  Inf proof: 4
  Zero half: 64
  RLT: 33
  BQP: 73

Explored 2137 nodes (70713 simplex iterations) in 2.53 seconds (3.11 work units)
Thread count was 1 (of 12 available processors)

Solution count 10: 501 512 545 ... 733

Optimal solution found (tolerance 1.00e-04)
Best objective 5.010000000000e+02, best bound 5.010000000000e+02, gap 0.0000%
501.0
