Set parameter Username
Academic license - for non-commercial use only - expires 2025-08-28
Set parameter Threads to value 1
Set parameter Method to value 4
Gurobi Optimizer version 11.0.0 build v11.0.0rc2 (mac64[arm] - Darwin 23.5.0 23F79)

CPU model: Apple M3 Pro
Thread count: 12 physical cores, 12 logical processors, using up to 1 threads

Optimize a model with 1762 rows, 291 columns and 5273 nonzeros
Model fingerprint: 0xb921fb81
Variable types: 171 continuous, 120 integer (120 binary)
Coefficient statistics:
  Matrix range     [1e+00, 1e+00]
  Objective range  [1e+01, 3e+02]
  Bounds range     [1e+00, 1e+00]
  RHS range        [1e+00, 2e+00]
Presolve removed 281 rows and 50 columns
Presolve time: 0.01s
Presolved: 1481 rows, 241 columns, 4338 nonzeros
Variable types: 0 continuous, 241 integer (241 binary)
Found heuristic solution: objective 3782.0000000
Found heuristic solution: objective 3586.0000000

Root relaxation: objective 0.000000e+00, 151 iterations, 0.00 seconds (0.00 work units)

    Nodes    |    Current Node    |     Objective Bounds      |     Work
 Expl Unexpl |  Obj  Depth IntInf | Incumbent    BestBd   Gap | It/Node Time

     0     0    0.00000    0   40 3586.00000    0.00000   100%     -    0s
H    0     0                    2632.0000000    0.00000   100%     -    0s
H    0     0                    1570.0000000    0.00000   100%     -    0s
H    0     0                    1498.0000000    0.00000   100%     -    0s
H    0     0                    1448.0000000    0.00000   100%     -    0s
     0     0    0.00000    0   87 1448.00000    0.00000   100%     -    0s
H    0     0                    1067.0000000    0.00000   100%     -    0s
     0     0    0.00000    0   75 1067.00000    0.00000   100%     -    0s
H    0     0                     865.0000000    0.00000   100%     -    0s
H    0     0                     767.0000000    0.00000   100%     -    0s
H    0     0                     734.0000000    0.00000   100%     -    0s
     0     0    0.00000    0   75  734.00000    0.00000   100%     -    0s
     0     0    0.00000    0   76  734.00000    0.00000   100%     -    0s
     0     0    0.00000    0   83  734.00000    0.00000   100%     -    0s
     0     0    0.00000    0   59  734.00000    0.00000   100%     -    0s
     0     0    0.00000    0   59  734.00000    0.00000   100%     -    0s
H    0     0                     536.0000000    0.00000   100%     -    0s
     0     2    0.00000    0   59  536.00000    0.00000   100%     -    0s
*   53    41              19     485.0000000   12.58537  97.4%  56.7    0s
H  139    86                     476.0000000   22.00000  95.4%  42.0    0s
H  156    84                     439.0000000   45.00000  89.7%  40.3    0s
H 1010   279                     436.0000000  199.00000  54.4%  34.5    1s

Cutting planes:
  MIR: 1
  Inf proof: 30
  Zero half: 37
  RLT: 28
  BQP: 38

Explored 3325 nodes (94380 simplex iterations) in 3.90 seconds (4.75 work units)
Thread count was 1 (of 12 available processors)

Solution count 10: 436 439 476 ... 1448

Optimal solution found (tolerance 1.00e-04)
Best objective 4.360000000000e+02, best bound 4.360000000000e+02, gap 0.0000%
436.0
