Set parameter Username
Academic license - for non-commercial use only - expires 2025-08-28
Set parameter Threads to value 1
Set parameter Method to value 4
Gurobi Optimizer version 11.0.0 build v11.0.0rc2 (mac64[arm] - Darwin 23.5.0 23F79)

CPU model: Apple M3 Pro
Thread count: 12 physical cores, 12 logical processors, using up to 1 threads

Optimize a model with 1428 rows, 246 columns and 4276 nonzeros
Model fingerprint: 0x7f0752f7
Variable types: 144 continuous, 102 integer (102 binary)
Coefficient statistics:
  Matrix range     [1e+00, 1e+00]
  Objective range  [1e+01, 3e+02]
  Bounds range     [1e+00, 1e+00]
  RHS range        [1e+00, 2e+00]
Presolve removed 232 rows and 43 columns
Presolve time: 0.00s
Presolved: 1196 rows, 203 columns, 3516 nonzeros
Variable types: 0 continuous, 203 integer (203 binary)
Found heuristic solution: objective 778.0000000
Found heuristic solution: objective 582.0000000

Root relaxation: objective 0.000000e+00, 110 iterations, 0.00 seconds (0.00 work units)

    Nodes    |    Current Node    |     Objective Bounds      |     Work
 Expl Unexpl |  Obj  Depth IntInf | Incumbent    BestBd   Gap | It/Node Time

     0     0    0.00000    0   34  582.00000    0.00000   100%     -    0s
H    0     0                     402.0000000    0.00000   100%     -    0s
     0     0    0.00000    0   68  402.00000    0.00000   100%     -    0s
H    0     0                     314.0000000    0.00000   100%     -    0s
     0     0    0.00000    0   41  314.00000    0.00000   100%     -    0s
H    0     0                     268.0000000    0.00000   100%     -    0s
H    0     0                     238.0000000    0.00000   100%     -    0s
     0     0    0.00000    0   41  238.00000    0.00000   100%     -    0s
     0     0    0.00000    0   60  238.00000    0.00000   100%     -    0s
H    0     0                     230.0000000    0.00000   100%     -    0s
H    0     0                     212.0000000    0.00000   100%     -    0s
H    0     0                     208.0000000    0.00000   100%     -    0s
H    0     0                     188.0000000    0.00000   100%     -    0s
     0     0    0.00000    0   71  188.00000    0.00000   100%     -    0s
     0     0    0.00000    0   71  188.00000    0.00000   100%     -    0s
H    0     0                     160.0000000    0.00000   100%     -    0s
     0     2    0.00000    0   71  160.00000    0.00000   100%     -    0s
*   16    16               9     158.0000000   40.33333  74.5%  53.6    0s
*   31    22              11     155.0000000   48.00000  69.0%  37.3    0s
H   54    29                     145.0000000   48.00000  66.9%  35.1    0s
*  179    32               9     141.0000000   77.25000  45.2%  25.8    0s

Cutting planes:
  Gomory: 2
  MIR: 8
  Inf proof: 1
  Zero half: 27
  RLT: 19
  BQP: 10

Explored 261 nodes (7155 simplex iterations) in 0.32 seconds (0.40 work units)
Thread count was 1 (of 12 available processors)

Solution count 10: 141 145 155 ... 238

Optimal solution found (tolerance 1.00e-04)
Best objective 1.410000000000e+02, best bound 1.410000000000e+02, gap 0.0000%
141.0
