Set parameter Username
Academic license - for non-commercial use only - expires 2025-08-28
Set parameter Threads to value 1
Set parameter Method to value 4
Gurobi Optimizer version 11.0.0 build v11.0.0rc2 (mac64[arm] - Darwin 23.5.0 23F79)

CPU model: Apple M3 Pro
Thread count: 12 physical cores, 12 logical processors, using up to 1 threads

Optimize a model with 1539 rows, 261 columns and 4608 nonzeros
Model fingerprint: 0x215a9a6f
Variable types: 153 continuous, 108 integer (108 binary)
Coefficient statistics:
  Matrix range     [1e+00, 1e+00]
  Objective range  [1e+01, 3e+02]
  Bounds range     [1e+00, 1e+00]
  RHS range        [1e+00, 2e+00]
Presolve removed 393 rows and 59 columns
Presolve time: 0.01s
Presolved: 1146 rows, 202 columns, 3363 nonzeros
Variable types: 0 continuous, 202 integer (202 binary)
Found heuristic solution: objective 3255.0000000
Found heuristic solution: objective 3045.0000000

Root relaxation: objective 0.000000e+00, 104 iterations, 0.00 seconds (0.00 work units)

    Nodes    |    Current Node    |     Objective Bounds      |     Work
 Expl Unexpl |  Obj  Depth IntInf | Incumbent    BestBd   Gap | It/Node Time

     0     0    0.00000    0   35 3045.00000    0.00000   100%     -    0s
H    0     0                    1883.0000000    0.00000   100%     -    0s
H    0     0                     770.0000000    0.00000   100%     -    0s
H    0     0                     550.0000000    0.00000   100%     -    0s
H    0     0                     360.0000000    0.00000   100%     -    0s
     0     0    0.00000    0   75  360.00000    0.00000   100%     -    0s
H    0     0                     321.0000000    0.00000   100%     -    0s
     0     0    0.00000    0   61  321.00000    0.00000   100%     -    0s
H    0     0                     250.0000000    0.00000   100%     -    0s
H    0     0                     229.0000000    0.00000   100%     -    0s
     0     0    0.00000    0   63  229.00000    0.00000   100%     -    0s
     0     0    0.00000    0   47  229.00000    0.00000   100%     -    0s
     0     0    0.00000    0   87  229.00000    0.00000   100%     -    0s
     0     0    0.00000    0   56  229.00000    0.00000   100%     -    0s
     0     0    0.00000    0   52  229.00000    0.00000   100%     -    0s
H    0     0                     200.0000000    0.00000   100%     -    0s
     0     2    0.00000    0   51  200.00000    0.00000   100%     -    0s
H  280    72                     195.0000000   91.00000  53.3%  30.6    0s
*  420    79              13     184.0000000  115.20833  37.4%  27.2    0s

Cutting planes:
  Gomory: 2
  Inf proof: 5
  Zero half: 24
  RLT: 23
  BQP: 25

Explored 656 nodes (17117 simplex iterations) in 0.66 seconds (0.76 work units)
Thread count was 1 (of 12 available processors)

Solution count 10: 184 195 200 ... 1883

Optimal solution found (tolerance 1.00e-04)
Best objective 1.840000000000e+02, best bound 1.840000000000e+02, gap 0.0000%
184.0
