Set parameter Username
Academic license - for non-commercial use only - expires 2025-08-28
Set parameter Threads to value 1
Set parameter Method to value 4
Gurobi Optimizer version 11.0.0 build v11.0.0rc2 (mac64[arm] - Darwin 23.5.0 23F79)

CPU model: Apple M3 Pro
Thread count: 12 physical cores, 12 logical processors, using up to 1 threads

Optimize a model with 1428 rows, 246 columns and 4276 nonzeros
Model fingerprint: 0x08bb1fdb
Variable types: 144 continuous, 102 integer (102 binary)
Coefficient statistics:
  Matrix range     [1e+00, 1e+00]
  Objective range  [1e+01, 3e+02]
  Bounds range     [1e+00, 1e+00]
  RHS range        [1e+00, 2e+00]
Presolve removed 232 rows and 43 columns
Presolve time: 0.01s
Presolved: 1196 rows, 203 columns, 3516 nonzeros
Variable types: 0 continuous, 203 integer (203 binary)
Found heuristic solution: objective 1017.0000000
Found heuristic solution: objective 910.0000000

Root relaxation: objective 0.000000e+00, 131 iterations, 0.00 seconds (0.00 work units)

    Nodes    |    Current Node    |     Objective Bounds      |     Work
 Expl Unexpl |  Obj  Depth IntInf | Incumbent    BestBd   Gap | It/Node Time

     0     0    0.00000    0   36  910.00000    0.00000   100%     -    0s
H    0     0                     755.0000000    0.00000   100%     -    0s
     0     0    0.00000    0   50  755.00000    0.00000   100%     -    0s
H    0     0                     582.0000000    0.00000   100%     -    0s
H    0     0                     549.0000000    0.00000   100%     -    0s
     0     0    0.00000    0   59  549.00000    0.00000   100%     -    0s
H    0     0                     426.0000000    0.00000   100%     -    0s
     0     0    0.00000    0   59  426.00000    0.00000   100%     -    0s
     0     0    0.00000    0   53  426.00000    0.00000   100%     -    0s
H    0     0                     360.0000000    0.00000   100%     -    0s
H    0     0                     339.0000000    0.00000   100%     -    0s
     0     0    0.00000    0   50  339.00000    0.00000   100%     -    0s
     0     0    0.00000    0   57  339.00000    0.00000   100%     -    0s
H    0     0                     303.0000000    0.00000   100%     -    0s
     0     0    0.00000    0   57  303.00000    0.00000   100%     -    0s
     0     0    0.00000    0   68  303.00000    0.00000   100%     -    0s
     0     0    0.00000    0   58  303.00000    0.00000   100%     -    0s
H    0     0                     285.0000000    0.00000   100%     -    0s
     0     2    0.00000    0   51  285.00000    0.00000   100%     -    0s
H   54    31                     282.0000000   21.00000  92.6%  31.6    0s
*   55    31              13     273.0000000   21.00000  92.3%  32.1    0s
H   78    41                     258.0000000   28.00000  89.1%  32.4    0s
*  167    57               9     252.0000000   31.00000  87.7%  27.8    0s

Cutting planes:
  Gomory: 4
  MIR: 3
  Inf proof: 3
  Zero half: 33
  RLT: 16
  BQP: 13

Explored 625 nodes (17205 simplex iterations) in 0.89 seconds (0.90 work units)
Thread count was 1 (of 12 available processors)

Solution count 10: 252 258 273 ... 549

Optimal solution found (tolerance 1.00e-04)
Best objective 2.520000000000e+02, best bound 2.520000000000e+02, gap 0.0000%
252.0
