Set parameter Username
Academic license - for non-commercial use only - expires 2025-08-28
Set parameter Threads to value 1
Set parameter Method to value 4
Gurobi Optimizer version 11.0.0 build v11.0.0rc2 (mac64[arm] - Darwin 23.5.0 23F79)

CPU model: Apple M3 Pro
Thread count: 12 physical cores, 12 logical processors, using up to 1 threads

Optimize a model with 1317 rows, 231 columns and 3944 nonzeros
Model fingerprint: 0x8ce99d15
Variable types: 135 continuous, 96 integer (96 binary)
Coefficient statistics:
  Matrix range     [1e+00, 1e+00]
  Objective range  [1e+01, 3e+02]
  Bounds range     [1e+00, 1e+00]
  RHS range        [1e+00, 2e+00]
Found heuristic solution: objective 744.0000000
Presolve removed 218 rows and 41 columns
Presolve time: 0.00s
Presolved: 1099 rows, 190 columns, 3234 nonzeros
Variable types: 0 continuous, 190 integer (190 binary)

Root relaxation: objective 0.000000e+00, 93 iterations, 0.00 seconds (0.00 work units)

    Nodes    |    Current Node    |     Objective Bounds      |     Work
 Expl Unexpl |  Obj  Depth IntInf | Incumbent    BestBd   Gap | It/Node Time

     0     0    0.00000    0   40  744.00000    0.00000   100%     -    0s
H    0     0                     647.0000000    0.00000   100%     -    0s
H    0     0                     542.0000000    0.00000   100%     -    0s
H    0     0                     356.0000000    0.00000   100%     -    0s
H    0     0                     320.0000000    0.00000   100%     -    0s
     0     0    0.00000    0   40  320.00000    0.00000   100%     -    0s
H    0     0                     164.0000000    0.00000   100%     -    0s
     0     0    0.00000    0   43  164.00000    0.00000   100%     -    0s
H    0     0                     135.0000000    0.00000   100%     -    0s
H    0     0                     117.0000000    0.00000   100%     -    0s
H    0     0                     106.0000000    0.00000   100%     -    0s
     0     0    0.00000    0   42  106.00000    0.00000   100%     -    0s
     0     0    0.00000    0   36  106.00000    0.00000   100%     -    0s
     0     0    0.00000    0   37  106.00000    0.00000   100%     -    0s
     0     0    0.00000    0   48  106.00000    0.00000   100%     -    0s
     0     0    0.00000    0   67  106.00000    0.00000   100%     -    0s
     0     0    0.00000    0   67  106.00000    0.00000   100%     -    0s
H    0     0                     102.0000000    0.00000   100%     -    0s
     0     2    0.00000    0   58  102.00000    0.00000   100%     -    0s
*   89     9              12      91.0000000   61.50000  32.4%  20.9    0s

Cutting planes:
  MIR: 4
  Zero half: 29
  RLT: 7
  BQP: 6

Explored 121 nodes (3392 simplex iterations) in 0.22 seconds (0.22 work units)
Thread count was 1 (of 12 available processors)

Solution count 10: 91 102 106 ... 647

Optimal solution found (tolerance 1.00e-04)
Best objective 9.100000000000e+01, best bound 9.100000000000e+01, gap 0.0000%
91.0
