Set parameter Username
Academic license - for non-commercial use only - expires 2025-08-28
Set parameter Threads to value 1
Set parameter Method to value 4
Gurobi Optimizer version 11.0.0 build v11.0.0rc2 (mac64[arm] - Darwin 23.5.0 23F79)

CPU model: Apple M3 Pro
Thread count: 12 physical cores, 12 logical processors, using up to 1 threads

Optimize a model with 1874 rows, 306 columns and 5606 nonzeros
Model fingerprint: 0x7273469d
Variable types: 180 continuous, 126 integer (126 binary)
Coefficient statistics:
  Matrix range     [1e+00, 1e+00]
  Objective range  [1e+01, 3e+02]
  Bounds range     [1e+00, 1e+00]
  RHS range        [1e+00, 2e+00]
Presolve removed 302 rows and 53 columns
Presolve time: 0.01s
Presolved: 1572 rows, 253 columns, 4596 nonzeros
Variable types: 0 continuous, 253 integer (253 binary)
Found heuristic solution: objective 3263.0000000
Found heuristic solution: objective 1658.0000000

Root relaxation: objective 0.000000e+00, 158 iterations, 0.00 seconds (0.01 work units)

    Nodes    |    Current Node    |     Objective Bounds      |     Work
 Expl Unexpl |  Obj  Depth IntInf | Incumbent    BestBd   Gap | It/Node Time

     0     0    0.00000    0   47 1658.00000    0.00000   100%     -    0s
H    0     0                    1005.0000000    0.00000   100%     -    0s
H    0     0                     995.0000000    0.00000   100%     -    0s
     0     0    0.00000    0   72  995.00000    0.00000   100%     -    0s
H    0     0                     769.0000000    0.00000   100%     -    0s
H    0     0                     749.0000000    0.00000   100%     -    0s
     0     0    0.00000    0   89  749.00000    0.00000   100%     -    0s
H    0     0                     668.0000000    0.00000   100%     -    0s
H    0     0                     570.0000000    0.00000   100%     -    0s
     0     0    0.00000    0   85  570.00000    0.00000   100%     -    0s
     0     0    0.00000    0   92  570.00000    0.00000   100%     -    0s
     0     0    0.00000    0   92  570.00000    0.00000   100%     -    0s
H    0     0                     550.0000000    0.00000   100%     -    0s
     0     2    0.00000    0   92  550.00000    0.00000   100%     -    0s
H  128    69                     478.0000000   10.00000  97.9%  42.6    0s
H  160    67                     469.0000000   18.00000  96.2%  40.2    0s
H  423   204                     459.0000000   50.35484  89.0%  51.3    0s
H 2202   175                     454.0000000  300.00000  33.9%  37.1    3s

Cutting planes:
  Zero half: 4
  RLT: 4
  BQP: 7

Explored 3109 nodes (101025 simplex iterations) in 4.15 seconds (5.37 work units)
Thread count was 1 (of 12 available processors)

Solution count 10: 454 459 469 ... 995

Optimal solution found (tolerance 1.00e-04)
Best objective 4.540000000000e+02, best bound 4.540000000000e+02, gap 0.0000%
454.0
