Set parameter Username
Academic license - for non-commercial use only - expires 2025-08-28
Set parameter Threads to value 1
Set parameter Method to value 4
Gurobi Optimizer version 11.0.0 build v11.0.0rc2 (mac64[arm] - Darwin 23.5.0 23F79)

CPU model: Apple M3 Pro
Thread count: 12 physical cores, 12 logical processors, using up to 1 threads

Optimize a model with 1651 rows, 276 columns and 4941 nonzeros
Model fingerprint: 0x0f8217a4
Variable types: 162 continuous, 114 integer (114 binary)
Coefficient statistics:
  Matrix range     [1e+00, 1e+00]
  Objective range  [1e+01, 3e+02]
  Bounds range     [1e+00, 1e+00]
  RHS range        [1e+00, 2e+00]
Presolve removed 267 rows and 48 columns
Presolve time: 0.00s
Presolved: 1384 rows, 228 columns, 4056 nonzeros
Variable types: 0 continuous, 228 integer (228 binary)
Found heuristic solution: objective 3597.0000000
Found heuristic solution: objective 3397.0000000
Found heuristic solution: objective 3185.0000000

Root relaxation: objective 0.000000e+00, 120 iterations, 0.00 seconds (0.00 work units)

    Nodes    |    Current Node    |     Objective Bounds      |     Work
 Expl Unexpl |  Obj  Depth IntInf | Incumbent    BestBd   Gap | It/Node Time

     0     0    0.00000    0   39 3185.00000    0.00000   100%     -    0s
H    0     0                     973.0000000    0.00000   100%     -    0s
     0     0    0.00000    0   83  973.00000    0.00000   100%     -    0s
H    0     0                     689.0000000    0.00000   100%     -    0s
     0     0    0.00000    0   69  689.00000    0.00000   100%     -    0s
     0     0    0.00000    0   69  689.00000    0.00000   100%     -    0s
     0     0    0.00000    0   69  689.00000    0.00000   100%     -    0s
H    0     0                     634.0000000    0.00000   100%     -    0s
     0     0    0.00000    0   85  634.00000    0.00000   100%     -    0s
     0     0    0.00000    0   95  634.00000    0.00000   100%     -    0s
     0     0    0.00000    0   86  634.00000    0.00000   100%     -    0s
     0     2    0.00000    0   85  634.00000    0.00000   100%     -    0s
H   27    25                     604.0000000    7.66667  98.7%  59.3    0s
*   68    49              21     493.0000000   11.50000  97.7%  39.9    0s
*   69    46              21     470.0000000   11.50000  97.6%  39.4    0s
H  131    74                     462.0000000   29.16667  93.7%  42.8    0s
H  371   181                     415.0000000   49.46667  88.1%  41.9    0s
H  478   208                     407.0000000   67.50000  83.4%  39.0    0s
H  639   240                     406.0000000  103.83333  74.4%  38.0    0s
H  670   242                     397.0000000  104.00000  73.8%  38.1    0s

Cutting planes:
  Gomory: 1
  Zero half: 12
  RLT: 7
  BQP: 14

Explored 4330 nodes (113531 simplex iterations) in 4.82 seconds (6.01 work units)
Thread count was 1 (of 12 available processors)

Solution count 10: 397 406 407 ... 689

Optimal solution found (tolerance 1.00e-04)
Best objective 3.970000000000e+02, best bound 3.970000000000e+02, gap 0.0000%
397.0
