Set parameter Username
Academic license - for non-commercial use only - expires 2025-08-28
Set parameter Threads to value 1
Set parameter Method to value 4
Gurobi Optimizer version 11.0.0 build v11.0.0rc2 (mac64[arm] - Darwin 23.5.0 23F79)

CPU model: Apple M3 Pro
Thread count: 12 physical cores, 12 logical processors, using up to 1 threads

Optimize a model with 1651 rows, 276 columns and 4941 nonzeros
Model fingerprint: 0x86235ba8
Variable types: 162 continuous, 114 integer (114 binary)
Coefficient statistics:
  Matrix range     [1e+00, 1e+00]
  Objective range  [1e+01, 3e+02]
  Bounds range     [1e+00, 1e+00]
  RHS range        [1e+00, 2e+00]
Presolve removed 267 rows and 48 columns
Presolve time: 0.00s
Presolved: 1384 rows, 228 columns, 4056 nonzeros
Variable types: 0 continuous, 228 integer (228 binary)
Found heuristic solution: objective 3081.0000000
Found heuristic solution: objective 1724.0000000

Root relaxation: objective 0.000000e+00, 113 iterations, 0.00 seconds (0.00 work units)

    Nodes    |    Current Node    |     Objective Bounds      |     Work
 Expl Unexpl |  Obj  Depth IntInf | Incumbent    BestBd   Gap | It/Node Time

     0     0    0.00000    0   39 1724.00000    0.00000   100%     -    0s
H    0     0                     653.0000000    0.00000   100%     -    0s
     0     0    0.00000    0   74  653.00000    0.00000   100%     -    0s
H    0     0                     422.0000000    0.00000   100%     -    0s
     0     0    0.00000    0   45  422.00000    0.00000   100%     -    0s
     0     0    0.00000    0   72  422.00000    0.00000   100%     -    0s
     0     0    0.00000    0   70  422.00000    0.00000   100%     -    0s
     0     0    0.00000    0   65  422.00000    0.00000   100%     -    0s
     0     0    0.00000    0   65  422.00000    0.00000   100%     -    0s
     0     2    0.00000    0   65  422.00000    0.00000   100%     -    0s
H  113    60                     401.0000000   67.50000  83.2%  40.5    0s
*  119    60              17     391.0000000   67.50000  82.7%  39.5    0s
*  135    65              13     385.0000000   72.83333  81.1%  39.2    0s
H  138    62                     381.0000000   72.83333  80.9%  38.4    0s
H  140    62                     379.0000000   72.83333  80.8%  38.1    0s
*  187    76              11     372.0000000   81.50000  78.1%  34.2    0s
*  188    69              12     347.0000000   81.50000  76.5%  34.0    0s
H  320   130                     340.0000000  106.00000  68.8%  38.2    0s
H  372   137                     329.0000000  116.00000  64.7%  37.6    0s
H  441   144                     324.0000000  129.00000  60.2%  35.2    0s

Cutting planes:
  Gomory: 2
  MIR: 7
  Inf proof: 22
  Zero half: 40
  RLT: 33
  BQP: 39

Explored 1221 nodes (35964 simplex iterations) in 1.46 seconds (1.81 work units)
Thread count was 1 (of 12 available processors)

Solution count 10: 324 329 340 ... 401

Optimal solution found (tolerance 1.00e-04)
Best objective 3.240000000000e+02, best bound 3.240000000000e+02, gap 0.0000%
324.0
