Set parameter Username
Academic license - for non-commercial use only - expires 2025-08-28
Set parameter Threads to value 1
Set parameter Method to value 4
Gurobi Optimizer version 11.0.0 build v11.0.0rc2 (mac64[arm] - Darwin 23.5.0 23F79)

CPU model: Apple M3 Pro
Thread count: 12 physical cores, 12 logical processors, using up to 1 threads

Optimize a model with 1762 rows, 291 columns and 5273 nonzeros
Model fingerprint: 0x8cba289d
Variable types: 171 continuous, 120 integer (120 binary)
Coefficient statistics:
  Matrix range     [1e+00, 1e+00]
  Objective range  [1e+01, 3e+02]
  Bounds range     [1e+00, 1e+00]
  RHS range        [1e+00, 2e+00]
Presolve removed 281 rows and 50 columns
Presolve time: 0.01s
Presolved: 1481 rows, 241 columns, 4338 nonzeros
Variable types: 0 continuous, 241 integer (241 binary)
Found heuristic solution: objective 3817.0000000
Found heuristic solution: objective 3621.0000000

Root relaxation: objective 0.000000e+00, 151 iterations, 0.00 seconds (0.00 work units)

    Nodes    |    Current Node    |     Objective Bounds      |     Work
 Expl Unexpl |  Obj  Depth IntInf | Incumbent    BestBd   Gap | It/Node Time

     0     0    0.00000    0   40 3621.00000    0.00000   100%     -    0s
H    0     0                    2647.0000000    0.00000   100%     -    0s
H    0     0                    1605.0000000    0.00000   100%     -    0s
H    0     0                    1533.0000000    0.00000   100%     -    0s
H    0     0                    1478.0000000    0.00000   100%     -    0s
     0     0    0.00000    0   87 1478.00000    0.00000   100%     -    0s
H    0     0                    1473.0000000    0.00000   100%     -    0s
H    0     0                    1401.0000000    0.00000   100%     -    0s
     0     0    0.00000    0   87 1401.00000    0.00000   100%     -    0s
H    0     0                     843.0000000    0.00000   100%     -    0s
H    0     0                     808.0000000    0.00000   100%     -    0s
     0     0    0.00000    0   87  808.00000    0.00000   100%     -    0s
     0     0    0.00000    0   73  808.00000    0.00000   100%     -    0s
H    0     0                     780.0000000    0.00000   100%     -    0s
     0     0    0.00000    0   72  780.00000    0.00000   100%     -    0s
     0     0    0.00000    0   76  780.00000    0.00000   100%     -    0s
     0     0    0.00000    0   72  780.00000    0.00000   100%     -    0s
H    0     0                     705.0000000    0.00000   100%     -    0s
     0     2    0.00000    0   68  705.00000    0.00000   100%     -    0s
*   98    67              17     560.0000000   28.00000  95.0%  43.3    0s
H  135    86                     511.0000000   29.25000  94.3%  44.2    0s
H  211    94                     508.0000000   48.50000  90.5%  37.6    0s
H  271   122                     502.0000000   53.00000  89.4%  37.9    0s
H  379   164                     447.0000000   59.50000  86.7%  38.9    0s

Cutting planes:
  Zero half: 3
  RLT: 8
  BQP: 9

Explored 1614 nodes (53994 simplex iterations) in 2.13 seconds (2.74 work units)
Thread count was 1 (of 12 available processors)

Solution count 10: 447 502 508 ... 1401

Optimal solution found (tolerance 1.00e-04)
Best objective 4.470000000000e+02, best bound 4.470000000000e+02, gap 0.0000%
447.0
