Set parameter Username
Academic license - for non-commercial use only - expires 2025-08-28
Set parameter Threads to value 1
Set parameter Method to value 4
Gurobi Optimizer version 11.0.0 build v11.0.0rc2 (mac64[arm] - Darwin 23.5.0 23F79)

CPU model: Apple M3 Pro
Thread count: 12 physical cores, 12 logical processors, using up to 1 threads

Optimize a model with 1539 rows, 261 columns and 4608 nonzeros
Model fingerprint: 0x9b5a0751
Variable types: 153 continuous, 108 integer (108 binary)
Coefficient statistics:
  Matrix range     [1e+00, 1e+00]
  Objective range  [1e+01, 3e+02]
  Bounds range     [1e+00, 1e+00]
  RHS range        [1e+00, 2e+00]
Presolve removed 246 rows and 45 columns
Presolve time: 0.00s
Presolved: 1293 rows, 216 columns, 3798 nonzeros
Variable types: 0 continuous, 216 integer (216 binary)
Found heuristic solution: objective 3212.0000000
Found heuristic solution: objective 1316.0000000

Root relaxation: objective 0.000000e+00, 100 iterations, 0.00 seconds (0.00 work units)

    Nodes    |    Current Node    |     Objective Bounds      |     Work
 Expl Unexpl |  Obj  Depth IntInf | Incumbent    BestBd   Gap | It/Node Time

     0     0    0.00000    0   37 1316.00000    0.00000   100%     -    0s
H    0     0                     855.0000000    0.00000   100%     -    0s
     0     0    0.00000    0   84  855.00000    0.00000   100%     -    0s
H    0     0                     813.0000000    0.00000   100%     -    0s
H    0     0                     744.0000000    0.00000   100%     -    0s
     0     0    0.00000    0   68  744.00000    0.00000   100%     -    0s
H    0     0                     711.0000000    0.00000   100%     -    0s
H    0     0                     681.0000000    0.00000   100%     -    0s
     0     0    0.00000    0   53  681.00000    0.00000   100%     -    0s
     0     0    0.00000    0   65  681.00000    0.00000   100%     -    0s
H    0     0                     431.0000000    0.00000   100%     -    0s
     0     0    0.00000    0   64  431.00000    0.00000   100%     -    0s
     0     0    0.00000    0   56  431.00000    0.00000   100%     -    0s
     0     2    0.00000    0   56  431.00000    0.00000   100%     -    0s
H   27    27                     424.0000000   50.50000  88.1%  66.4    0s
*   31    31              18     400.0000000   50.50000  87.4%  62.2    0s
H   81    50                     394.0000000   58.75000  85.1%  47.5    0s
H  104    51                     377.0000000   64.50000  82.9%  44.0    0s
*  790   227              15     369.0000000  154.00000  58.3%  31.2    0s
H  887   232                     368.0000000  158.33333  57.0%  30.6    1s

Cutting planes:
  Gomory: 4
  MIR: 4
  Inf proof: 18
  Zero half: 39
  RLT: 21
  BQP: 26

Explored 2850 nodes (72512 simplex iterations) in 2.72 seconds (3.34 work units)
Thread count was 1 (of 12 available processors)

Solution count 10: 368 369 377 ... 744

Optimal solution found (tolerance 1.00e-04)
Best objective 3.680000000000e+02, best bound 3.680000000000e+02, gap 0.0000%
368.0
