Set parameter Username
Academic license - for non-commercial use only - expires 2025-08-28
Set parameter Threads to value 1
Set parameter Method to value 4
Gurobi Optimizer version 11.0.0 build v11.0.0rc2 (mac64[arm] - Darwin 23.5.0 23F79)

CPU model: Apple M3 Pro
Thread count: 12 physical cores, 12 logical processors, using up to 1 threads

Optimize a model with 1874 rows, 306 columns and 5606 nonzeros
Model fingerprint: 0xc2b9a3a8
Variable types: 180 continuous, 126 integer (126 binary)
Coefficient statistics:
  Matrix range     [1e+00, 1e+00]
  Objective range  [1e+01, 3e+02]
  Bounds range     [1e+00, 1e+00]
  RHS range        [1e+00, 2e+00]
Presolve removed 302 rows and 53 columns
Presolve time: 0.00s
Presolved: 1572 rows, 253 columns, 4596 nonzeros
Variable types: 0 continuous, 253 integer (253 binary)
Found heuristic solution: objective 3246.0000000
Found heuristic solution: objective 1626.0000000

Root relaxation: objective 0.000000e+00, 158 iterations, 0.00 seconds (0.01 work units)

    Nodes    |    Current Node    |     Objective Bounds      |     Work
 Expl Unexpl |  Obj  Depth IntInf | Incumbent    BestBd   Gap | It/Node Time

     0     0    0.00000    0   47 1626.00000    0.00000   100%     -    0s
H    0     0                    1572.0000000    0.00000   100%     -    0s
H    0     0                    1344.0000000    0.00000   100%     -    0s
     0     0    0.00000    0   66 1344.00000    0.00000   100%     -    0s
H    0     0                    1189.0000000    0.00000   100%     -    0s
H    0     0                     989.0000000    0.00000   100%     -    0s
H    0     0                     744.0000000    0.00000   100%     -    0s
     0     0    0.00000    0   76  744.00000    0.00000   100%     -    0s
     0     0    0.00000    0   64  744.00000    0.00000   100%     -    0s
H    0     0                     582.0000000    0.00000   100%     -    0s
     0     0    0.00000    0   86  582.00000    0.00000   100%     -    0s
     0     0    0.00000    0   63  582.00000    0.00000   100%     -    0s
     0     0    0.00000    0   63  582.00000    0.00000   100%     -    0s
     0     2    0.00000    0   63  582.00000    0.00000   100%     -    0s
*   63    44              21     507.0000000   11.00000  97.8%  47.6    0s
H  135    88                     485.0000000   33.00000  93.2%  57.4    0s
*  147    95              15     460.0000000   33.00000  92.8%  54.0    0s
H  423   217                     451.0000000   69.50000  84.6%  48.9    0s
H  503   240                     445.0000000   98.16667  77.9%  46.0    0s
  3890    85     cutoff   27       445.00000  387.63636  12.9%  30.0    5s

Cutting planes:
  Zero half: 9
  RLT: 5
  BQP: 11

Explored 4040 nodes (120670 simplex iterations) in 5.11 seconds (6.46 work units)
Thread count was 1 (of 12 available processors)

Solution count 10: 445 451 460 ... 1344

Optimal solution found (tolerance 1.00e-04)
Best objective 4.450000000000e+02, best bound 4.450000000000e+02, gap 0.0000%
445.0
