Set parameter Username
Academic license - for non-commercial use only - expires 2025-08-28
Set parameter Threads to value 1
Set parameter Method to value 4
Gurobi Optimizer version 11.0.0 build v11.0.0rc2 (mac64[arm] - Darwin 23.5.0 23F79)

CPU model: Apple M3 Pro
Thread count: 12 physical cores, 12 logical processors, using up to 1 threads

Optimize a model with 1762 rows, 291 columns and 5273 nonzeros
Model fingerprint: 0x93218f67
Variable types: 171 continuous, 120 integer (120 binary)
Coefficient statistics:
  Matrix range     [1e+00, 1e+00]
  Objective range  [1e+01, 3e+02]
  Bounds range     [1e+00, 1e+00]
  RHS range        [1e+00, 2e+00]
Presolve removed 281 rows and 50 columns
Presolve time: 0.01s
Presolved: 1481 rows, 241 columns, 4338 nonzeros
Variable types: 0 continuous, 241 integer (241 binary)
Found heuristic solution: objective 3770.0000000
Found heuristic solution: objective 3567.0000000

Root relaxation: objective 0.000000e+00, 127 iterations, 0.00 seconds (0.00 work units)

    Nodes    |    Current Node    |     Objective Bounds      |     Work
 Expl Unexpl |  Obj  Depth IntInf | Incumbent    BestBd   Gap | It/Node Time

     0     0    0.00000    0   40 3567.00000    0.00000   100%     -    0s
H    0     0                     954.0000000    0.00000   100%     -    0s
     0     0    0.00000    0   94  954.00000    0.00000   100%     -    0s
H    0     0                     850.0000000    0.00000   100%     -    0s
H    0     0                     754.0000000    0.00000   100%     -    0s
     0     0    0.00000    0   75  754.00000    0.00000   100%     -    0s
     0     0    0.00000    0   65  754.00000    0.00000   100%     -    0s
     0     0    0.00000    0   81  754.00000    0.00000   100%     -    0s
H    0     0                     687.0000000    0.00000   100%     -    0s
     0     0    0.00000    0   78  687.00000    0.00000   100%     -    0s
     0     0    0.00000    0   73  687.00000    0.00000   100%     -    0s
     0     0    0.00000    0   64  687.00000    0.00000   100%     -    0s
     0     2    0.00000    0   64  687.00000    0.00000   100%     -    0s
H   27    27                     667.0000000    0.00000   100%  69.7    0s
*   45    39              26     661.0000000    0.00000   100%  47.6    0s
H   78    46                     650.0000000    7.50000  98.8%  43.2    0s
*   90    48              14     621.0000000    7.50000  98.8%  39.2    0s
*  136    69              18     586.0000000   26.63889  95.5%  39.6    0s
*  139    66              16     574.0000000   26.63889  95.4%  38.8    0s
H  140    62                     526.0000000   26.63889  94.9%  38.5    0s
*  157    71              18     456.0000000   28.50000  93.8%  38.6    0s
H  739   193                     444.0000000  155.75000  64.9%  30.9    1s
H  794   191                     421.0000000  160.00000  62.0%  30.4    1s

Cutting planes:
  Gomory: 1
  MIR: 3
  Inf proof: 34
  Zero half: 31
  RLT: 39
  BQP: 39

Explored 2914 nodes (83022 simplex iterations) in 4.04 seconds (4.34 work units)
Thread count was 1 (of 12 available processors)

Solution count 10: 421 444 456 ... 667

Optimal solution found (tolerance 1.00e-04)
Best objective 4.210000000000e+02, best bound 4.210000000000e+02, gap 0.0000%
421.0
