Set parameter Username
Academic license - for non-commercial use only - expires 2025-08-28
Set parameter Threads to value 1
Set parameter Method to value 4
Gurobi Optimizer version 11.0.0 build v11.0.0rc2 (mac64[arm] - Darwin 23.5.0 23F79)

CPU model: Apple M3 Pro
Thread count: 12 physical cores, 12 logical processors, using up to 1 threads

Optimize a model with 1762 rows, 291 columns and 5273 nonzeros
Model fingerprint: 0x6859e1f1
Variable types: 171 continuous, 120 integer (120 binary)
Coefficient statistics:
  Matrix range     [1e+00, 1e+00]
  Objective range  [1e+01, 3e+02]
  Bounds range     [1e+00, 1e+00]
  RHS range        [1e+00, 2e+00]
Presolve removed 281 rows and 50 columns
Presolve time: 0.00s
Presolved: 1481 rows, 241 columns, 4338 nonzeros
Variable types: 0 continuous, 241 integer (241 binary)
Found heuristic solution: objective 3686.0000000
Found heuristic solution: objective 3483.0000000

Root relaxation: objective 0.000000e+00, 127 iterations, 0.00 seconds (0.00 work units)

    Nodes    |    Current Node    |     Objective Bounds      |     Work
 Expl Unexpl |  Obj  Depth IntInf | Incumbent    BestBd   Gap | It/Node Time

     0     0    0.00000    0   40 3483.00000    0.00000   100%     -    0s
H    0     0                     863.0000000    0.00000   100%     -    0s
     0     0    0.00000    0   94  863.00000    0.00000   100%     -    0s
H    0     0                     783.0000000    0.00000   100%     -    0s
H    0     0                     699.0000000    0.00000   100%     -    0s
     0     0    0.00000    0   48  699.00000    0.00000   100%     -    0s
     0     0    0.00000    0   64  699.00000    0.00000   100%     -    0s
H    0     0                     698.0000000    0.00000   100%     -    0s
     0     0    0.00000    0   95  698.00000    0.00000   100%     -    0s
     0     0    0.00000    0   92  698.00000    0.00000   100%     -    0s
     0     0    0.00000    0   92  698.00000    0.00000   100%     -    0s
     0     2    0.00000    0   76  698.00000    0.00000   100%     -    0s
H   27    26                     611.0000000   11.00000  98.2%  68.0    0s
H   78    61                     503.0000000   11.00000  97.8%  57.7    0s
*  100    70              23     486.0000000   11.00000  97.7%  52.8    0s
H  109    70                     444.0000000   14.83333  96.7%  54.5    0s
*  153    95              17     431.0000000   16.33333  96.2%  50.9    0s
*  157    91              17     419.0000000   16.33333  96.1%  49.7    0s
H  211   109                     399.0000000   35.50000  91.1%  48.0    0s
H  684   287                     392.0000000  101.55556  74.1%  41.8    0s

Cutting planes:
  Zero half: 9
  RLT: 8
  BQP: 10

Explored 3466 nodes (96844 simplex iterations) in 3.87 seconds (4.92 work units)
Thread count was 1 (of 12 available processors)

Solution count 10: 392 399 419 ... 699

Optimal solution found (tolerance 1.00e-04)
Best objective 3.920000000000e+02, best bound 3.920000000000e+02, gap 0.0000%
392.0
