Set parameter Username
Academic license - for non-commercial use only - expires 2025-08-28
Set parameter Threads to value 1
Set parameter Method to value 4
Gurobi Optimizer version 11.0.0 build v11.0.0rc2 (mac64[arm] - Darwin 23.5.0 23F79)

CPU model: Apple M3 Pro
Thread count: 12 physical cores, 12 logical processors, using up to 1 threads

Optimize a model with 1428 rows, 246 columns and 4276 nonzeros
Model fingerprint: 0x81d5e504
Variable types: 144 continuous, 102 integer (102 binary)
Coefficient statistics:
  Matrix range     [1e+00, 1e+00]
  Objective range  [1e+01, 3e+02]
  Bounds range     [1e+00, 1e+00]
  RHS range        [1e+00, 2e+00]
Presolve removed 232 rows and 43 columns
Presolve time: 0.01s
Presolved: 1196 rows, 203 columns, 3516 nonzeros
Variable types: 0 continuous, 203 integer (203 binary)
Found heuristic solution: objective 1016.0000000
Found heuristic solution: objective 931.0000000

Root relaxation: objective 0.000000e+00, 131 iterations, 0.00 seconds (0.00 work units)

    Nodes    |    Current Node    |     Objective Bounds      |     Work
 Expl Unexpl |  Obj  Depth IntInf | Incumbent    BestBd   Gap | It/Node Time

     0     0    0.00000    0   36  931.00000    0.00000   100%     -    0s
H    0     0                     826.0000000    0.00000   100%     -    0s
     0     0    0.00000    0   67  826.00000    0.00000   100%     -    0s
H    0     0                     648.0000000    0.00000   100%     -    0s
H    0     0                     576.0000000    0.00000   100%     -    0s
     0     0    0.00000    0   32  576.00000    0.00000   100%     -    0s
H    0     0                     431.0000000    0.00000   100%     -    0s
H    0     0                     414.0000000    0.00000   100%     -    0s
     0     0    0.00000    0   37  414.00000    0.00000   100%     -    0s
     0     0    0.00000    0   28  414.00000    0.00000   100%     -    0s
H    0     0                     306.0000000    0.00000   100%     -    0s
     0     0    0.00000    0   64  306.00000    0.00000   100%     -    0s
     0     0    0.00000    0   49  306.00000    0.00000   100%     -    0s
H    0     0                     302.0000000    0.00000   100%     -    0s
     0     0    0.00000    0   55  302.00000    0.00000   100%     -    0s
     0     0    0.00000    0   41  302.00000    0.00000   100%     -    0s
     0     0    0.00000    0   64  302.00000    0.00000   100%     -    0s
     0     0    0.00000    0   48  302.00000    0.00000   100%     -    0s
H    0     0                     298.0000000    0.00000   100%     -    0s
     0     0    0.00000    0   76  298.00000    0.00000   100%     -    0s
     0     0    0.00000    0   78  298.00000    0.00000   100%     -    0s
     0     0    0.00000    0   76  298.00000    0.00000   100%     -    0s
     0     2    0.00000    0   74  298.00000    0.00000   100%     -    0s
H   53    23                     294.0000000   27.00000  90.8%  40.9    0s
H   84    28                     287.0000000   31.00000  89.2%  38.2    0s
*   91    35               9     283.0000000   32.90000  88.4%  38.8    0s
*   94    33              10     275.0000000   32.90000  88.0%  38.1    0s
H  141    35                     251.0000000   72.75000  71.0%  32.6    0s
*  170    32              11     243.0000000  100.50000  58.6%  31.6    0s

Cutting planes:
  Gomory: 7
  MIR: 6
  Inf proof: 1
  Zero half: 51
  RLT: 12
  BQP: 14

Explored 363 nodes (11205 simplex iterations) in 0.47 seconds (0.57 work units)
Thread count was 1 (of 12 available processors)

Solution count 10: 243 251 275 ... 414

Optimal solution found (tolerance 1.00e-04)
Best objective 2.430000000000e+02, best bound 2.430000000000e+02, gap 0.0000%
243.0
