Set parameter Username
Academic license - for non-commercial use only - expires 2025-08-28
Set parameter Threads to value 1
Set parameter Method to value 4
Gurobi Optimizer version 11.0.0 build v11.0.0rc2 (mac64[arm] - Darwin 23.5.0 23F79)

CPU model: Apple M3 Pro
Thread count: 12 physical cores, 12 logical processors, using up to 1 threads

Optimize a model with 1540 rows, 261 columns and 4609 nonzeros
Model fingerprint: 0xdb730b36
Variable types: 153 continuous, 108 integer (108 binary)
Coefficient statistics:
  Matrix range     [1e+00, 1e+00]
  Objective range  [1e+01, 3e+02]
  Bounds range     [1e+00, 1e+00]
  RHS range        [1e+00, 2e+00]
Presolve removed 253 rows and 46 columns
Presolve time: 0.01s
Presolved: 1287 rows, 215 columns, 3774 nonzeros
Variable types: 0 continuous, 215 integer (215 binary)
Found heuristic solution: objective 3574.0000000
Found heuristic solution: objective 3378.0000000

Root relaxation: objective 0.000000e+00, 109 iterations, 0.00 seconds (0.00 work units)

    Nodes    |    Current Node    |     Objective Bounds      |     Work
 Expl Unexpl |  Obj  Depth IntInf | Incumbent    BestBd   Gap | It/Node Time

     0     0    0.00000    0   37 3378.00000    0.00000   100%     -    0s
H    0     0                    1435.0000000    0.00000   100%     -    0s
H    0     0                    1348.0000000    0.00000   100%     -    0s
H    0     0                    1288.0000000    0.00000   100%     -    0s
H    0     0                    1060.0000000    0.00000   100%     -    0s
     0     0    0.00000    0   92 1060.00000    0.00000   100%     -    0s
H    0     0                     718.0000000    0.00000   100%     -    0s
     0     0    0.00000    0   59  718.00000    0.00000   100%     -    0s
H    0     0                     665.0000000    0.00000   100%     -    0s
H    0     0                     657.0000000    0.00000   100%     -    0s
H    0     0                     647.0000000    0.00000   100%     -    0s
     0     0    0.00000    0   64  647.00000    0.00000   100%     -    0s
     0     0    0.00000    0   81  647.00000    0.00000   100%     -    0s
H    0     0                     502.0000000    0.00000   100%     -    0s
H    0     0                     426.0000000    0.00000   100%     -    0s
H    0     0                     396.0000000    0.00000   100%     -    0s
     0     0    0.00000    0   83  396.00000    0.00000   100%     -    0s
     0     0    0.00000    0   52  396.00000    0.00000   100%     -    0s
     0     0    0.00000    0   71  396.00000    0.00000   100%     -    0s
     0     0    0.00000    0   61  396.00000    0.00000   100%     -    0s
     0     0    0.00000    0   61  396.00000    0.00000   100%     -    0s
H    0     0                     350.0000000    0.00000   100%     -    0s
     0     2    0.00000    0   61  350.00000    0.00000   100%     -    0s
H    9     7                     304.0000000    0.00000   100%  37.9    0s
H   27    17                     294.0000000   10.00000  96.6%  44.5    0s
H  133    69                     293.0000000   29.50000  89.9%  37.9    0s

Cutting planes:
  Gomory: 2
  MIR: 2
  Inf proof: 30
  Zero half: 47
  RLT: 25
  BQP: 39

Explored 2526 nodes (58385 simplex iterations) in 2.52 seconds (3.07 work units)
Thread count was 1 (of 12 available processors)

Solution count 10: 293 294 304 ... 665

Optimal solution found (tolerance 1.00e-04)
Best objective 2.930000000000e+02, best bound 2.930000000000e+02, gap 0.0000%
293.0
