Set parameter Username
Academic license - for non-commercial use only - expires 2025-08-28
Set parameter Threads to value 1
Set parameter Method to value 4
Gurobi Optimizer version 11.0.0 build v11.0.0rc2 (mac64[arm] - Darwin 23.5.0 23F79)

CPU model: Apple M3 Pro
Thread count: 12 physical cores, 12 logical processors, using up to 1 threads

Optimize a model with 1539 rows, 261 columns and 4608 nonzeros
Model fingerprint: 0x98b58685
Variable types: 153 continuous, 108 integer (108 binary)
Coefficient statistics:
  Matrix range     [1e+00, 1e+00]
  Objective range  [1e+01, 3e+02]
  Bounds range     [1e+00, 1e+00]
  RHS range        [1e+00, 2e+00]
Presolve removed 393 rows and 59 columns
Presolve time: 0.00s
Presolved: 1146 rows, 202 columns, 3363 nonzeros
Variable types: 0 continuous, 202 integer (202 binary)
Found heuristic solution: objective 1823.0000000
Found heuristic solution: objective 1302.0000000

Root relaxation: objective 0.000000e+00, 100 iterations, 0.00 seconds (0.00 work units)

    Nodes    |    Current Node    |     Objective Bounds      |     Work
 Expl Unexpl |  Obj  Depth IntInf | Incumbent    BestBd   Gap | It/Node Time

     0     0    0.00000    0   35 1302.00000    0.00000   100%     -    0s
H    0     0                     904.0000000    0.00000   100%     -    0s
H    0     0                     785.0000000    0.00000   100%     -    0s
H    0     0                     640.0000000    0.00000   100%     -    0s
H    0     0                     520.0000000    0.00000   100%     -    0s
     0     0    0.00000    0   64  520.00000    0.00000   100%     -    0s
H    0     0                     510.0000000    0.00000   100%     -    0s
H    0     0                     401.0000000    0.00000   100%     -    0s
H    0     0                     363.0000000    0.00000   100%     -    0s
     0     0    0.00000    0   61  363.00000    0.00000   100%     -    0s
H    0     0                     358.0000000    0.00000   100%     -    0s
     0     0    0.00000    0   59  358.00000    0.00000   100%     -    0s
     0     0    0.00000    0   71  358.00000    0.00000   100%     -    0s
H    0     0                     338.0000000    0.00000   100%     -    0s
     0     0    0.00000    0   61  338.00000    0.00000   100%     -    0s
     0     0    0.00000    0   68  338.00000    0.00000   100%     -    0s
     0     0    0.00000    0   68  338.00000    0.00000   100%     -    0s
H    0     0                     300.0000000    0.00000   100%     -    0s
     0     2    0.00000    0   52  300.00000    0.00000   100%     -    0s
H  306   105                     287.0000000   48.00000  83.3%  23.9    0s
*  339   107              17     285.0000000   50.00000  82.5%  24.2    0s
H  398   108                     275.0000000   61.00000  77.8%  23.5    0s

Cutting planes:
  Gomory: 1
  Cover: 1
  MIR: 2
  Inf proof: 23
  Zero half: 25
  RLT: 30
  BQP: 24

Explored 1798 nodes (38229 simplex iterations) in 1.63 seconds (1.88 work units)
Thread count was 1 (of 12 available processors)

Solution count 10: 275 285 287 ... 520

Optimal solution found (tolerance 1.00e-04)
Best objective 2.750000000000e+02, best bound 2.750000000000e+02, gap 0.0000%
275.0
