Set parameter Username
Academic license - for non-commercial use only - expires 2025-08-28
Set parameter Threads to value 1
Set parameter Method to value 4
Gurobi Optimizer version 11.0.0 build v11.0.0rc2 (mac64[arm] - Darwin 23.5.0 23F79)

CPU model: Apple M3 Pro
Thread count: 12 physical cores, 12 logical processors, using up to 1 threads

Optimize a model with 1428 rows, 246 columns and 4276 nonzeros
Model fingerprint: 0xd447dd5c
Variable types: 144 continuous, 102 integer (102 binary)
Coefficient statistics:
  Matrix range     [1e+00, 1e+00]
  Objective range  [1e+01, 3e+02]
  Bounds range     [1e+00, 1e+00]
  RHS range        [1e+00, 2e+00]
Presolve removed 232 rows and 43 columns
Presolve time: 0.01s
Presolved: 1196 rows, 203 columns, 3516 nonzeros
Variable types: 0 continuous, 203 integer (203 binary)
Found heuristic solution: objective 960.0000000
Found heuristic solution: objective 875.0000000

Root relaxation: objective 0.000000e+00, 131 iterations, 0.00 seconds (0.00 work units)

    Nodes    |    Current Node    |     Objective Bounds      |     Work
 Expl Unexpl |  Obj  Depth IntInf | Incumbent    BestBd   Gap | It/Node Time

     0     0    0.00000    0   36  875.00000    0.00000   100%     -    0s
H    0     0                     733.0000000    0.00000   100%     -    0s
     0     0    0.00000    0   50  733.00000    0.00000   100%     -    0s
H    0     0                     544.0000000    0.00000   100%     -    0s
H    0     0                     512.0000000    0.00000   100%     -    0s
     0     0    0.00000    0   59  512.00000    0.00000   100%     -    0s
H    0     0                     396.0000000    0.00000   100%     -    0s
H    0     0                     303.0000000    0.00000   100%     -    0s
H    0     0                     273.0000000    0.00000   100%     -    0s
     0     0    0.00000    0   59  273.00000    0.00000   100%     -    0s
     0     0    0.00000    0   32  273.00000    0.00000   100%     -    0s
H    0     0                     258.0000000    0.00000   100%     -    0s
     0     0    0.00000    0   65  258.00000    0.00000   100%     -    0s
     0     0    0.00000    0   44  258.00000    0.00000   100%     -    0s
H    0     0                     251.0000000    0.00000   100%     -    0s
     0     0    0.00000    0   68  251.00000    0.00000   100%     -    0s
     0     0    0.00000    0   38  251.00000    0.00000   100%     -    0s
     0     0    0.00000    0   38  251.00000    0.00000   100%     -    0s
     0     2    0.00000    0   35  251.00000    0.00000   100%     -    0s
H   53    19                     225.0000000   51.00000  77.3%  28.9    0s

Cutting planes:
  Gomory: 4
  MIR: 7
  Zero half: 27
  RLT: 20
  BQP: 14

Explored 308 nodes (9681 simplex iterations) in 0.53 seconds (0.51 work units)
Thread count was 1 (of 12 available processors)

Solution count 10: 225 251 258 ... 875

Optimal solution found (tolerance 1.00e-04)
Best objective 2.250000000000e+02, best bound 2.250000000000e+02, gap 0.0000%
225.0
