Set parameter Username
Academic license - for non-commercial use only - expires 2025-08-28
Set parameter Threads to value 1
Set parameter Method to value 4
Gurobi Optimizer version 11.0.0 build v11.0.0rc2 (mac64[arm] - Darwin 23.5.0 23F79)

CPU model: Apple M3 Pro
Thread count: 12 physical cores, 12 logical processors, using up to 1 threads

Optimize a model with 1874 rows, 306 columns and 5606 nonzeros
Model fingerprint: 0x08f17bf7
Variable types: 180 continuous, 126 integer (126 binary)
Coefficient statistics:
  Matrix range     [1e+00, 1e+00]
  Objective range  [1e+01, 3e+02]
  Bounds range     [1e+00, 1e+00]
  RHS range        [1e+00, 2e+00]
Presolve removed 302 rows and 53 columns
Presolve time: 0.00s
Presolved: 1572 rows, 253 columns, 4596 nonzeros
Variable types: 0 continuous, 253 integer (253 binary)
Found heuristic solution: objective 3254.0000000
Found heuristic solution: objective 1650.0000000

Root relaxation: objective 0.000000e+00, 158 iterations, 0.00 seconds (0.01 work units)

    Nodes    |    Current Node    |     Objective Bounds      |     Work
 Expl Unexpl |  Obj  Depth IntInf | Incumbent    BestBd   Gap | It/Node Time

     0     0    0.00000    0   47 1650.00000    0.00000   100%     -    0s
H    0     0                    1002.0000000    0.00000   100%     -    0s
H    0     0                     992.0000000    0.00000   100%     -    0s
     0     0    0.00000    0   72  992.00000    0.00000   100%     -    0s
H    0     0                     768.0000000    0.00000   100%     -    0s
H    0     0                     748.0000000    0.00000   100%     -    0s
     0     0    0.00000    0   89  748.00000    0.00000   100%     -    0s
H    0     0                     668.0000000    0.00000   100%     -    0s
H    0     0                     570.0000000    0.00000   100%     -    0s
     0     0    0.00000    0   82  570.00000    0.00000   100%     -    0s
     0     0    0.00000    0   73  570.00000    0.00000   100%     -    0s
     0     0    0.00000    0   77  570.00000    0.00000   100%     -    0s
     0     0    0.00000    0   64  570.00000    0.00000   100%     -    0s
H    0     0                     550.0000000    0.00000   100%     -    0s
     0     2    0.00000    0   64  550.00000    0.00000   100%     -    0s
H  212    83                     519.0000000   28.00000  94.6%  36.5    0s
*  348   157              21     504.0000000   44.50000  91.2%  38.1    0s
H  425   175                     490.0000000   58.55556  88.0%  36.2    0s
H  608   221                     476.0000000   89.66667  81.2%  35.4    1s
H  634   221                     459.0000000   90.40000  80.3%  35.1    1s
H  993   256                     455.0000000  143.00000  68.6%  32.3    1s

Cutting planes:
  Gomory: 1
  Cover: 1
  MIR: 2
  Inf proof: 37
  Zero half: 51
  RLT: 34
  BQP: 42

Explored 3221 nodes (88735 simplex iterations) in 4.18 seconds (4.90 work units)
Thread count was 1 (of 12 available processors)

Solution count 10: 455 459 476 ... 748

Optimal solution found (tolerance 1.00e-04)
Best objective 4.550000000000e+02, best bound 4.550000000000e+02, gap 0.0000%
455.0
