Set parameter Username
Academic license - for non-commercial use only - expires 2025-08-28
Set parameter Threads to value 1
Set parameter Method to value 4
Gurobi Optimizer version 11.0.0 build v11.0.0rc2 (mac64[arm] - Darwin 23.5.0 23F79)

CPU model: Apple M3 Pro
Thread count: 12 physical cores, 12 logical processors, using up to 1 threads

Optimize a model with 1539 rows, 261 columns and 4608 nonzeros
Model fingerprint: 0xd77c593a
Variable types: 153 continuous, 108 integer (108 binary)
Coefficient statistics:
  Matrix range     [1e+00, 1e+00]
  Objective range  [1e+01, 3e+02]
  Bounds range     [1e+00, 1e+00]
  RHS range        [1e+00, 2e+00]
Presolve removed 393 rows and 59 columns
Presolve time: 0.01s
Presolved: 1146 rows, 202 columns, 3363 nonzeros
Variable types: 0 continuous, 202 integer (202 binary)
Found heuristic solution: objective 3360.0000000
Found heuristic solution: objective 3150.0000000

Root relaxation: objective 0.000000e+00, 104 iterations, 0.00 seconds (0.00 work units)

    Nodes    |    Current Node    |     Objective Bounds      |     Work
 Expl Unexpl |  Obj  Depth IntInf | Incumbent    BestBd   Gap | It/Node Time

     0     0    0.00000    0   35 3150.00000    0.00000   100%     -    0s
H    0     0                    1928.0000000    0.00000   100%     -    0s
H    0     0                     868.0000000    0.00000   100%     -    0s
H    0     0                     620.0000000    0.00000   100%     -    0s
H    0     0                     425.0000000    0.00000   100%     -    0s
     0     0    0.00000    0   87  425.00000    0.00000   100%     -    0s
H    0     0                     294.0000000    0.00000   100%     -    0s
H    0     0                     278.0000000    0.00000   100%     -    0s
     0     0    0.00000    0   62  278.00000    0.00000   100%     -    0s
     0     0    0.00000    0   53  278.00000    0.00000   100%     -    0s
H    0     0                     239.0000000    0.00000   100%     -    0s
     0     0    0.00000    0   80  239.00000    0.00000   100%     -    0s
     0     0    0.00000    0   51  239.00000    0.00000   100%     -    0s
     0     0    0.00000    0   51  239.00000    0.00000   100%     -    0s
     0     2    0.00000    0   38  239.00000    0.00000   100%     -    0s
H  186    67                     237.0000000   57.12857  75.9%  34.1    0s
*  189    67              13     224.0000000   57.12857  74.5%  33.6    0s
H 1005   105                     221.0000000  154.00000  30.3%  25.3    1s
H 1036    97                     219.0000000  156.50000  28.5%  25.2    1s

Cutting planes:
  Gomory: 2
  Inf proof: 6
  Zero half: 32
  RLT: 22
  BQP: 26

Explored 1299 nodes (31972 simplex iterations) in 1.30 seconds (1.44 work units)
Thread count was 1 (of 12 available processors)

Solution count 10: 219 221 224 ... 868

Optimal solution found (tolerance 1.00e-04)
Best objective 2.190000000000e+02, best bound 2.190000000000e+02, gap 0.0000%
219.0
