Set parameter Username
Academic license - for non-commercial use only - expires 2025-08-28
Set parameter Threads to value 1
Set parameter Method to value 4
Gurobi Optimizer version 11.0.0 build v11.0.0rc2 (mac64[arm] - Darwin 23.5.0 23F79)

CPU model: Apple M3 Pro
Thread count: 12 physical cores, 12 logical processors, using up to 1 threads

Optimize a model with 1428 rows, 246 columns and 4276 nonzeros
Model fingerprint: 0xd2549a44
Variable types: 144 continuous, 102 integer (102 binary)
Coefficient statistics:
  Matrix range     [1e+00, 1e+00]
  Objective range  [1e+01, 3e+02]
  Bounds range     [1e+00, 1e+00]
  RHS range        [1e+00, 2e+00]
Presolve removed 232 rows and 43 columns
Presolve time: 0.00s
Presolved: 1196 rows, 203 columns, 3516 nonzeros
Variable types: 0 continuous, 203 integer (203 binary)
Found heuristic solution: objective 911.0000000
Found heuristic solution: objective 819.0000000

Root relaxation: objective 0.000000e+00, 131 iterations, 0.00 seconds (0.00 work units)

    Nodes    |    Current Node    |     Objective Bounds      |     Work
 Expl Unexpl |  Obj  Depth IntInf | Incumbent    BestBd   Gap | It/Node Time

     0     0    0.00000    0   36  819.00000    0.00000   100%     -    0s
H    0     0                     717.0000000    0.00000   100%     -    0s
     0     0    0.00000    0   50  717.00000    0.00000   100%     -    0s
H    0     0                     514.0000000    0.00000   100%     -    0s
H    0     0                     489.0000000    0.00000   100%     -    0s
     0     0    0.00000    0   59  489.00000    0.00000   100%     -    0s
H    0     0                     362.0000000    0.00000   100%     -    0s
H    0     0                     289.0000000    0.00000   100%     -    0s
     0     0    0.00000    0   59  289.00000    0.00000   100%     -    0s
     0     0    0.00000    0   47  289.00000    0.00000   100%     -    0s
H    0     0                     280.0000000    0.00000   100%     -    0s
     0     0    0.00000    0   45  280.00000    0.00000   100%     -    0s
     0     0    0.00000    0   59  280.00000    0.00000   100%     -    0s
     0     0    0.00000    0   59  280.00000    0.00000   100%     -    0s
H    0     0                     261.0000000    0.00000   100%     -    0s
H    0     0                     225.0000000    0.00000   100%     -    0s
H    0     0                     218.0000000    0.00000   100%     -    0s
     0     0    0.00000    0   49  218.00000    0.00000   100%     -    0s
     0     0    0.00000    0   81  218.00000    0.00000   100%     -    0s
     0     0    0.00000    0   80  218.00000    0.00000   100%     -    0s
     0     0    0.00000    0   46  218.00000    0.00000   100%     -    0s
     0     0    0.00000    0   62  218.00000    0.00000   100%     -    0s
     0     0    0.00000    0   49  218.00000    0.00000   100%     -    0s
     0     0    0.00000    0   66  218.00000    0.00000   100%     -    0s
     0     0    0.00000    0   72  218.00000    0.00000   100%     -    0s
     0     0    0.00000    0   64  218.00000    0.00000   100%     -    0s
H    0     0                     198.0000000    0.00000   100%     -    0s
     0     2    0.00000    0   59  198.00000    0.00000   100%     -    0s

Cutting planes:
  Gomory: 1
  Inf proof: 14
  Zero half: 34
  RLT: 19
  BQP: 15

Explored 659 nodes (14261 simplex iterations) in 0.65 seconds (0.76 work units)
Thread count was 1 (of 12 available processors)

Solution count 10: 198 218 225 ... 717

Optimal solution found (tolerance 1.00e-04)
Best objective 1.980000000000e+02, best bound 1.980000000000e+02, gap 0.0000%
198.0
