Set parameter Username
Academic license - for non-commercial use only - expires 2025-08-28
Set parameter Threads to value 1
Set parameter Method to value 4
Gurobi Optimizer version 11.0.0 build v11.0.0rc2 (mac64[arm] - Darwin 23.5.0 23F79)

CPU model: Apple M3 Pro
Thread count: 12 physical cores, 12 logical processors, using up to 1 threads

Optimize a model with 1651 rows, 276 columns and 4941 nonzeros
Model fingerprint: 0x832fb187
Variable types: 162 continuous, 114 integer (114 binary)
Coefficient statistics:
  Matrix range     [1e+00, 1e+00]
  Objective range  [1e+01, 3e+02]
  Bounds range     [1e+00, 1e+00]
  RHS range        [1e+00, 2e+00]
Found heuristic solution: objective 1672.0000000
Presolve removed 267 rows and 48 columns
Presolve time: 0.00s
Presolved: 1384 rows, 228 columns, 4056 nonzeros
Variable types: 0 continuous, 228 integer (228 binary)

Root relaxation: objective 0.000000e+00, 92 iterations, 0.00 seconds (0.00 work units)

    Nodes    |    Current Node    |     Objective Bounds      |     Work
 Expl Unexpl |  Obj  Depth IntInf | Incumbent    BestBd   Gap | It/Node Time

     0     0    0.00000    0   37 1672.00000    0.00000   100%     -    0s
H    0     0                    1654.0000000    0.00000   100%     -    0s
H    0     0                     920.0000000    0.00000   100%     -    0s
H    0     0                     870.0000000    0.00000   100%     -    0s
H    0     0                     822.0000000    0.00000   100%     -    0s
     0     0    0.00000    0   68  822.00000    0.00000   100%     -    0s
H    0     0                     686.0000000    0.00000   100%     -    0s
H    0     0                     494.0000000    0.00000   100%     -    0s
     0     0    0.00000    0   73  494.00000    0.00000   100%     -    0s
H    0     0                     445.0000000    0.00000   100%     -    0s
     0     0    0.00000    0   73  445.00000    0.00000   100%     -    0s
     0     0    0.00000    0   71  445.00000    0.00000   100%     -    0s
H    0     0                     366.0000000    0.00000   100%     -    0s
H    0     0                     346.0000000    0.00000   100%     -    0s
     0     0    0.00000    0   77  346.00000    0.00000   100%     -    0s
     0     0    0.00000    0   60  346.00000    0.00000   100%     -    0s
     0     0    0.00000    0   60  346.00000    0.00000   100%     -    0s
     0     2    0.00000    0   60  346.00000    0.00000   100%     -    0s
H   27    27                     314.0000000   35.83333  88.6%  62.3    0s
*  299   132              13     309.0000000   63.33333  79.5%  42.8    0s
*  312   124              18     288.0000000   63.33333  78.0%  41.5    0s
H  404   125                     264.0000000   73.00000  72.3%  39.5    0s
H  417   101                     228.0000000   79.00000  65.4%  39.1    0s

Cutting planes:
  Gomory: 4
  Cover: 2
  MIR: 6
  Flow cover: 5
  Inf proof: 11
  Zero half: 65
  RLT: 26
  BQP: 50

Explored 1384 nodes (49998 simplex iterations) in 1.90 seconds (2.33 work units)
Thread count was 1 (of 12 available processors)

Solution count 10: 228 264 288 ... 686

Optimal solution found (tolerance 1.00e-04)
Best objective 2.280000000000e+02, best bound 2.280000000000e+02, gap 0.0000%
228.0
