Set parameter Username
Academic license - for non-commercial use only - expires 2025-08-28
Set parameter Threads to value 1
Set parameter Method to value 4
Gurobi Optimizer version 11.0.0 build v11.0.0rc2 (mac64[arm] - Darwin 23.5.0 23F79)

CPU model: Apple M3 Pro
Thread count: 12 physical cores, 12 logical processors, using up to 1 threads

Optimize a model with 1428 rows, 246 columns and 4276 nonzeros
Model fingerprint: 0x7f1f4545
Variable types: 144 continuous, 102 integer (102 binary)
Coefficient statistics:
  Matrix range     [1e+00, 1e+00]
  Objective range  [1e+01, 3e+02]
  Bounds range     [1e+00, 1e+00]
  RHS range        [1e+00, 2e+00]
Presolve removed 232 rows and 43 columns
Presolve time: 0.00s
Presolved: 1196 rows, 203 columns, 3516 nonzeros
Variable types: 0 continuous, 203 integer (203 binary)
Found heuristic solution: objective 946.0000000
Found heuristic solution: objective 854.0000000

Root relaxation: objective 0.000000e+00, 131 iterations, 0.00 seconds (0.00 work units)

    Nodes    |    Current Node    |     Objective Bounds      |     Work
 Expl Unexpl |  Obj  Depth IntInf | Incumbent    BestBd   Gap | It/Node Time

     0     0    0.00000    0   36  854.00000    0.00000   100%     -    0s
H    0     0                     742.0000000    0.00000   100%     -    0s
     0     0    0.00000    0   66  742.00000    0.00000   100%     -    0s
H    0     0                     539.0000000    0.00000   100%     -    0s
H    0     0                     387.0000000    0.00000   100%     -    0s
     0     0    0.00000    0   45  387.00000    0.00000   100%     -    0s
H    0     0                     338.0000000    0.00000   100%     -    0s
H    0     0                     322.0000000    0.00000   100%     -    0s
H    0     0                     320.0000000    0.00000   100%     -    0s
     0     0    0.00000    0   45  320.00000    0.00000   100%     -    0s
     0     0    0.00000    0   53  320.00000    0.00000   100%     -    0s
     0     0    0.00000    0   44  320.00000    0.00000   100%     -    0s
     0     0    0.00000    0   45  320.00000    0.00000   100%     -    0s
     0     0    0.00000    0   45  320.00000    0.00000   100%     -    0s
H    0     0                     304.0000000    0.00000   100%     -    0s
     0     2    0.00000    0   45  304.00000    0.00000   100%     -    0s
*  101    34               8     284.0000000   46.00000  83.8%  26.2    0s
*  109    31               8     276.0000000   46.00000  83.3%  25.1    0s
H  113    28                     237.0000000   46.00000  80.6%  24.5    0s
*  302    64              14     216.0000000  110.20000  49.0%  24.0    0s
*  569    28              11     212.0000000  161.00000  24.1%  20.2    0s

Cutting planes:
  Gomory: 2
  Inf proof: 1
  Zero half: 13
  RLT: 21
  BQP: 15

Explored 625 nodes (13593 simplex iterations) in 0.75 seconds (0.74 work units)
Thread count was 1 (of 12 available processors)

Solution count 10: 212 216 237 ... 387

Optimal solution found (tolerance 1.00e-04)
Best objective 2.120000000000e+02, best bound 2.120000000000e+02, gap 0.0000%
212.0
