Set parameter Username
Academic license - for non-commercial use only - expires 2025-08-28
Set parameter Threads to value 1
Set parameter Method to value 4
Gurobi Optimizer version 11.0.0 build v11.0.0rc2 (mac64[arm] - Darwin 23.5.0 23F79)

CPU model: Apple M3 Pro
Thread count: 12 physical cores, 12 logical processors, using up to 1 threads

Optimize a model with 1788 rows, 289 columns and 5364 nonzeros
Model fingerprint: 0xbbd447a2
Variable types: 170 continuous, 119 integer (119 binary)
Coefficient statistics:
  Matrix range     [1e+00, 1e+00]
  Objective range  [1e+01, 3e+02]
  Bounds range     [1e+00, 1e+00]
  RHS range        [1e+00, 2e+00]
Presolve removed 464 rows and 65 columns
Presolve time: 0.01s
Presolved: 1324 rows, 224 columns, 3899 nonzeros
Variable types: 0 continuous, 224 integer (224 binary)
Found heuristic solution: objective 3374.0000000
Found heuristic solution: objective 3164.0000000

Root relaxation: objective 0.000000e+00, 138 iterations, 0.00 seconds (0.00 work units)

    Nodes    |    Current Node    |     Objective Bounds      |     Work
 Expl Unexpl |  Obj  Depth IntInf | Incumbent    BestBd   Gap | It/Node Time

     0     0    0.00000    0   41 3164.00000    0.00000   100%     -    0s
H    0     0                    1859.0000000    0.00000   100%     -    0s
H    0     0                     753.0000000    0.00000   100%     -    0s
H    0     0                     543.0000000    0.00000   100%     -    0s
     0     0    0.00000    0   75  543.00000    0.00000   100%     -    0s
     0     0    0.00000    0   56  543.00000    0.00000   100%     -    0s
H    0     0                     370.0000000    0.00000   100%     -    0s
H    0     0                     350.0000000    0.00000   100%     -    0s
H    0     0                     258.0000000    0.00000   100%     -    0s
     0     0    0.00000    0   57  258.00000    0.00000   100%     -    0s
     0     0    0.00000    0   74  258.00000    0.00000   100%     -    0s
     0     0    0.00000    0   59  258.00000    0.00000   100%     -    0s
     0     0    0.00000    0   61  258.00000    0.00000   100%     -    0s
     0     0    0.00000    0   48  258.00000    0.00000   100%     -    0s
     0     0    0.00000    0   48  258.00000    0.00000   100%     -    0s
H    0     0                     213.0000000    0.00000   100%     -    0s
     0     2    0.00000    0   48  213.00000    0.00000   100%     -    0s
H   83    33                     210.0000000   68.00000  67.6%  23.1    0s

Cutting planes:
  Gomory: 6
  Cover: 4
  MIR: 3
  Inf proof: 12
  Zero half: 25
  RLT: 8
  BQP: 12

Explored 541 nodes (12426 simplex iterations) in 0.58 seconds (0.72 work units)
Thread count was 1 (of 12 available processors)

Solution count 10: 210 213 258 ... 3374

Optimal solution found (tolerance 1.00e-04)
Best objective 2.100000000000e+02, best bound 2.100000000000e+02, gap 0.0000%
210.0
