Set parameter Username
Academic license - for non-commercial use only - expires 2025-08-28
Set parameter Threads to value 1
Set parameter Method to value 4
Gurobi Optimizer version 11.0.0 build v11.0.0rc2 (mac64[arm] - Darwin 23.5.0 23F79)

CPU model: Apple M3 Pro
Thread count: 12 physical cores, 12 logical processors, using up to 1 threads

Optimize a model with 2177 rows, 337 columns and 6527 nonzeros
Model fingerprint: 0xfcfd0eac
Variable types: 197 continuous, 140 integer (140 binary)
Coefficient statistics:
  Matrix range     [1e+00, 1e+00]
  Objective range  [1e+01, 3e+02]
  Bounds range     [1e+00, 1e+00]
  RHS range        [1e+00, 2e+00]
Presolve removed 360 rows and 59 columns
Presolve time: 0.00s
Presolved: 1817 rows, 278 columns, 5327 nonzeros
Variable types: 0 continuous, 278 integer (278 binary)
Found heuristic solution: objective 3697.0000000
Found heuristic solution: objective 3494.0000000

Root relaxation: objective 0.000000e+00, 155 iterations, 0.00 seconds (0.01 work units)

    Nodes    |    Current Node    |     Objective Bounds      |     Work
 Expl Unexpl |  Obj  Depth IntInf | Incumbent    BestBd   Gap | It/Node Time

     0     0    0.00000    0   42 3494.00000    0.00000   100%     -    0s
H    0     0                    1881.0000000    0.00000   100%     -    0s
H    0     0                    1268.0000000    0.00000   100%     -    0s
H    0     0                     900.0000000    0.00000   100%     -    0s
H    0     0                     860.0000000    0.00000   100%     -    0s
     0     0    0.00000    0   92  860.00000    0.00000   100%     -    0s
H    0     0                     843.0000000    0.00000   100%     -    0s
H    0     0                     729.0000000    0.00000   100%     -    0s
     0     0    0.00000    0   50  729.00000    0.00000   100%     -    0s
H    0     0                     458.0000000    0.00000   100%     -    0s
H    0     0                     448.0000000    0.00000   100%     -    0s
     0     0    0.00000    0   52  448.00000    0.00000   100%     -    0s
     0     0    0.00000    0   53  448.00000    0.00000   100%     -    0s
H    0     0                     398.0000000    0.00000   100%     -    0s
     0     0    0.00000    0   62  398.00000    0.00000   100%     -    0s
     0     0    0.00000    0   86  398.00000    0.00000   100%     -    0s
     0     0    0.00000    0   57  398.00000    0.00000   100%     -    0s
H    0     0                     354.0000000    0.00000   100%     -    0s
H    0     0                     310.0000000    0.00000   100%     -    0s
H    0     0                     300.0000000    0.00000   100%     -    0s
     0     2    0.00000    0   57  300.00000    0.00000   100%     -    0s
H  185    70                     297.0000000   29.00000  90.2%  42.6    0s

Cutting planes:
  Gomory: 2
  Zero half: 6
  BQP: 5

Explored 2210 nodes (78439 simplex iterations) in 4.16 seconds (5.09 work units)
Thread count was 1 (of 12 available processors)

Solution count 10: 297 300 310 ... 860

Optimal solution found (tolerance 1.00e-04)
Best objective 2.970000000000e+02, best bound 2.970000000000e+02, gap 0.0000%
297.0
