Set parameter Username
Academic license - for non-commercial use only - expires 2025-08-28
Set parameter Threads to value 1
Set parameter Method to value 4
Gurobi Optimizer version 11.0.0 build v11.0.0rc2 (mac64[arm] - Darwin 23.5.0 23F79)

CPU model: Apple M3 Pro
Thread count: 12 physical cores, 12 logical processors, using up to 1 threads

Optimize a model with 2306 rows, 353 columns and 6914 nonzeros
Model fingerprint: 0x9a9d3bbd
Variable types: 206 continuous, 147 integer (147 binary)
Coefficient statistics:
  Matrix range     [1e+00, 1e+00]
  Objective range  [1e+01, 3e+02]
  Bounds range     [1e+00, 1e+00]
  RHS range        [1e+00, 2e+00]
Presolve removed 376 rows and 61 columns
Presolve time: 0.01s
Presolved: 1930 rows, 292 columns, 5656 nonzeros
Variable types: 0 continuous, 292 integer (292 binary)
Found heuristic solution: objective 3844.0000000
Found heuristic solution: objective 3648.0000000

Root relaxation: objective 0.000000e+00, 137 iterations, 0.00 seconds (0.01 work units)

    Nodes    |    Current Node    |     Objective Bounds      |     Work
 Expl Unexpl |  Obj  Depth IntInf | Incumbent    BestBd   Gap | It/Node Time

     0     0    0.00000    0   42 3648.00000    0.00000   100%     -    0s
H    0     0                     862.0000000    0.00000   100%     -    0s
     0     0    0.00000    0   69  862.00000    0.00000   100%     -    0s
H    0     0                     820.0000000    0.00000   100%     -    0s
     0     0    0.00000    0  101  820.00000    0.00000   100%     -    0s
H    0     0                     803.0000000    0.00000   100%     -    0s
H    0     0                     770.0000000    0.00000   100%     -    0s
     0     0    0.00000    0   97  770.00000    0.00000   100%     -    0s
     0     0    0.00000    0  102  770.00000    0.00000   100%     -    0s
H    0     0                     653.0000000    0.00000   100%     -    0s
H    0     0                     603.0000000    0.00000   100%     -    0s
     0     0    0.00000    0  102  603.00000    0.00000   100%     -    0s
     0     0    0.00000    0   78  603.00000    0.00000   100%     -    0s
H    0     0                     534.0000000    0.00000   100%     -    0s
     0     0    0.00000    0  108  534.00000    0.00000   100%     -    0s
     0     0    0.00000    0   91  534.00000    0.00000   100%     -    0s
     0     0    0.00000    0   91  534.00000    0.00000   100%     -    0s
H    0     0                     483.0000000    0.00000   100%     -    0s
     0     2    0.00000    0   91  483.00000    0.00000   100%     -    0s
H   26    23                     461.0000000    0.00000   100%  59.9    0s
H   27    24                     437.0000000    0.00000   100%  58.0    0s
H  130    92                     419.0000000    5.62500  98.7%  56.3    0s
H  156    99                     409.0000000   19.40000  95.3%  54.4    0s
  2330   385  310.50000   21   57  409.00000  184.16667  55.0%  38.8    5s
  6721   210  370.65000   24   79  409.00000  350.50000  14.3%  28.3   10s

Cutting planes:
  Zero half: 1
  RLT: 13
  BQP: 23

Explored 7181 nodes (200638 simplex iterations) in 10.46 seconds (12.60 work units)
Thread count was 1 (of 12 available processors)

Solution count 10: 409 419 437 ... 803

Optimal solution found (tolerance 1.00e-04)
Best objective 4.090000000000e+02, best bound 4.090000000000e+02, gap 0.0000%
409.0
