Set parameter Username
Academic license - for non-commercial use only - expires 2025-08-28
Set parameter Threads to value 1
Set parameter Method to value 4
Gurobi Optimizer version 11.0.0 build v11.0.0rc2 (mac64[arm] - Darwin 23.5.0 23F79)

CPU model: Apple M3 Pro
Thread count: 12 physical cores, 12 logical processors, using up to 1 threads

Optimize a model with 1788 rows, 289 columns and 5364 nonzeros
Model fingerprint: 0x9e86dca3
Variable types: 170 continuous, 119 integer (119 binary)
Coefficient statistics:
  Matrix range     [1e+00, 1e+00]
  Objective range  [1e+01, 3e+02]
  Bounds range     [1e+00, 1e+00]
  RHS range        [1e+00, 2e+00]
Presolve removed 464 rows and 65 columns
Presolve time: 0.01s
Presolved: 1324 rows, 224 columns, 3899 nonzeros
Variable types: 0 continuous, 224 integer (224 binary)
Found heuristic solution: objective 3325.0000000
Found heuristic solution: objective 3115.0000000

Root relaxation: objective 0.000000e+00, 138 iterations, 0.00 seconds (0.00 work units)

    Nodes    |    Current Node    |     Objective Bounds      |     Work
 Expl Unexpl |  Obj  Depth IntInf | Incumbent    BestBd   Gap | It/Node Time

     0     0    0.00000    0   41 3115.00000    0.00000   100%     -    0s
H    0     0                    1849.0000000    0.00000   100%     -    0s
H    0     0                     717.0000000    0.00000   100%     -    0s
H    0     0                     507.0000000    0.00000   100%     -    0s
     0     0    0.00000    0   75  507.00000    0.00000   100%     -    0s
H    0     0                     284.0000000    0.00000   100%     -    0s
     0     0    0.00000    0   44  284.00000    0.00000   100%     -    0s
H    0     0                     273.0000000    0.00000   100%     -    0s
     0     0    0.00000    0   63  273.00000    0.00000   100%     -    0s
     0     0    0.00000    0   41  273.00000    0.00000   100%     -    0s
H    0     0                     254.0000000    0.00000   100%     -    0s
     0     0    0.00000    0   47  254.00000    0.00000   100%     -    0s
H    0     0                     213.0000000    0.00000   100%     -    0s
     0     0    0.00000    0   45  213.00000    0.00000   100%     -    0s
     0     0    0.00000    0   67  213.00000    0.00000   100%     -    0s
     0     0    0.00000    0   67  213.00000    0.00000   100%     -    0s
H    0     0                     200.0000000    0.00000   100%     -    0s
     0     2    0.00000    0   67  200.00000    0.00000   100%     -    0s
*  102    37               6     192.0000000   56.00000  70.8%  31.2    0s
*  112    32               8     177.0000000   56.00000  68.4%  30.2    0s

Cutting planes:
  MIR: 4
  Zero half: 21
  RLT: 10
  BQP: 15

Explored 379 nodes (10732 simplex iterations) in 0.49 seconds (0.58 work units)
Thread count was 1 (of 12 available processors)

Solution count 10: 177 192 200 ... 1849

Optimal solution found (tolerance 1.00e-04)
Best objective 1.770000000000e+02, best bound 1.770000000000e+02, gap 0.0000%
177.0
