Set parameter Username
Academic license - for non-commercial use only - expires 2025-08-28
Set parameter Threads to value 1
Set parameter Method to value 4
Gurobi Optimizer version 11.0.0 build v11.0.0rc2 (mac64[arm] - Darwin 23.5.0 23F79)

CPU model: Apple M3 Pro
Thread count: 12 physical cores, 12 logical processors, using up to 1 threads

Optimize a model with 2176 rows, 337 columns and 6526 nonzeros
Model fingerprint: 0x5a6419c7
Variable types: 197 continuous, 140 integer (140 binary)
Coefficient statistics:
  Matrix range     [1e+00, 1e+00]
  Objective range  [1e+01, 3e+02]
  Bounds range     [1e+00, 1e+00]
  RHS range        [1e+00, 2e+00]
Presolve removed 352 rows and 58 columns
Presolve time: 0.00s
Presolved: 1824 rows, 279 columns, 5355 nonzeros
Variable types: 0 continuous, 279 integer (279 binary)
Found heuristic solution: objective 3782.0000000
Found heuristic solution: objective 3586.0000000

Root relaxation: objective 0.000000e+00, 171 iterations, 0.00 seconds (0.01 work units)

    Nodes    |    Current Node    |     Objective Bounds      |     Work
 Expl Unexpl |  Obj  Depth IntInf | Incumbent    BestBd   Gap | It/Node Time

     0     0    0.00000    0   46 3586.00000    0.00000   100%     -    0s
H    0     0                    3386.0000000    0.00000   100%     -    0s
H    0     0                    2010.0000000    0.00000   100%     -    0s
H    0     0                    1062.0000000    0.00000   100%     -    0s
     0     0    0.00000    0   86 1062.00000    0.00000   100%     -    0s
     0     0    0.00000    0  112 1062.00000    0.00000   100%     -    0s
H    0     0                     765.0000000    0.00000   100%     -    0s
     0     0    0.00000    0  111  765.00000    0.00000   100%     -    0s
     0     0    0.00000    0   69  765.00000    0.00000   100%     -    0s
H    0     0                     565.0000000    0.00000   100%     -    0s
H    0     0                     517.0000000    0.00000   100%     -    0s
     0     0    0.00000    0   74  517.00000    0.00000   100%     -    0s
     0     0    0.00000    0   75  517.00000    0.00000   100%     -    0s
     0     0    0.00000    0   73  517.00000    0.00000   100%     -    0s
     0     2    0.00000    0   73  517.00000    0.00000   100%     -    0s
H   27    27                     497.0000000    0.00000   100%  77.8    0s
H   52    42                     477.0000000    0.00000   100%  59.0    0s
*   71    59              24     424.0000000    0.00000   100%  54.6    0s
*  111    77              22     416.0000000   23.00000  94.5%  49.8    0s
H  393   225                     412.0000000   45.00000  89.1%  47.5    0s
H  434   253                     405.0000000   49.00000  87.9%  46.8    0s
H  461   262                     400.0000000   50.12500  87.5%  46.1    0s
  2806   429     cutoff   23       400.00000  277.57143  30.6%  33.1    5s

Cutting planes:
  Inf proof: 2
  Zero half: 7
  RLT: 7
  BQP: 19

Explored 5460 nodes (153357 simplex iterations) in 8.42 seconds (9.44 work units)
Thread count was 1 (of 12 available processors)

Solution count 10: 400 405 412 ... 765

Optimal solution found (tolerance 1.00e-04)
Best objective 4.000000000000e+02, best bound 4.000000000000e+02, gap 0.0000%
400.0
