Set parameter Username
Academic license - for non-commercial use only - expires 2025-08-28
Set parameter Threads to value 1
Set parameter Method to value 4
Gurobi Optimizer version 11.0.0 build v11.0.0rc2 (mac64[arm] - Darwin 23.5.0 23F79)

CPU model: Apple M3 Pro
Thread count: 12 physical cores, 12 logical processors, using up to 1 threads

Optimize a model with 1917 rows, 305 columns and 5751 nonzeros
Model fingerprint: 0xc6107335
Variable types: 179 continuous, 126 integer (126 binary)
Coefficient statistics:
  Matrix range     [1e+00, 1e+00]
  Objective range  [1e+01, 3e+02]
  Bounds range     [1e+00, 1e+00]
  RHS range        [1e+00, 2e+00]
Presolve removed 312 rows and 53 columns
Presolve time: 0.00s
Presolved: 1605 rows, 252 columns, 4725 nonzeros
Variable types: 0 continuous, 252 integer (252 binary)
Found heuristic solution: objective 3241.0000000
Found heuristic solution: objective 3017.0000000

Root relaxation: objective 0.000000e+00, 147 iterations, 0.00 seconds (0.01 work units)

    Nodes    |    Current Node    |     Objective Bounds      |     Work
 Expl Unexpl |  Obj  Depth IntInf | Incumbent    BestBd   Gap | It/Node Time

     0     0    0.00000    0   59 3017.00000    0.00000   100%     -    0s
H    0     0                    2911.0000000    0.00000   100%     -    0s
H    0     0                     966.0000000    0.00000   100%     -    0s
H    0     0                     906.0000000    0.00000   100%     -    0s
     0     0    0.00000    0   92  906.00000    0.00000   100%     -    0s
H    0     0                     683.0000000    0.00000   100%     -    0s
H    0     0                     496.0000000    0.00000   100%     -    0s
     0     0    0.00000    0   53  496.00000    0.00000   100%     -    0s
H    0     0                     190.0000000    0.00000   100%     -    0s
H    0     0                     180.0000000    0.00000   100%     -    0s
H    0     0                     148.0000000    0.00000   100%     -    0s
     0     0    0.00000    0   47  148.00000    0.00000   100%     -    0s
     0     0    0.00000    0   67  148.00000    0.00000   100%     -    0s
H    0     0                     123.0000000    0.00000   100%     -    0s
     0     0    0.00000    0   54  123.00000    0.00000   100%     -    0s
H    0     0                     114.0000000    0.00000   100%     -    0s
     0     0    0.00000    0   57  114.00000    0.00000   100%     -    0s
     0     0    0.00000    0   85  114.00000    0.00000   100%     -    0s
     0     0    0.00000    0   85  114.00000    0.00000   100%     -    0s
     0     2    0.00000    0   64  114.00000    0.00000   100%     -    0s
*  116    18              11      99.0000000   54.00000  45.5%  30.2    0s

Cutting planes:
  MIR: 12
  Inf proof: 1
  Zero half: 20
  RLT: 40
  BQP: 19

Explored 180 nodes (7462 simplex iterations) in 0.37 seconds (0.49 work units)
Thread count was 1 (of 12 available processors)

Solution count 10: 99 114 123 ... 966

Optimal solution found (tolerance 1.00e-04)
Best objective 9.900000000000e+01, best bound 9.900000000000e+01, gap 0.0000%
99.0
