Set parameter Username
Academic license - for non-commercial use only - expires 2025-08-28
Set parameter Threads to value 1
Set parameter Method to value 4
Gurobi Optimizer version 11.0.0 build v11.0.0rc2 (mac64[arm] - Darwin 23.5.0 23F79)

CPU model: Apple M3 Pro
Thread count: 12 physical cores, 12 logical processors, using up to 1 threads

Optimize a model with 2306 rows, 353 columns and 6914 nonzeros
Model fingerprint: 0x620dc53a
Variable types: 206 continuous, 147 integer (147 binary)
Coefficient statistics:
  Matrix range     [1e+00, 1e+00]
  Objective range  [1e+01, 3e+02]
  Bounds range     [1e+00, 1e+00]
  RHS range        [1e+00, 2e+00]
Presolve removed 376 rows and 61 columns
Presolve time: 0.01s
Presolved: 1930 rows, 292 columns, 5656 nonzeros
Variable types: 0 continuous, 292 integer (292 binary)
Found heuristic solution: objective 3851.0000000
Found heuristic solution: objective 3648.0000000

Root relaxation: objective 0.000000e+00, 137 iterations, 0.00 seconds (0.01 work units)

    Nodes    |    Current Node    |     Objective Bounds      |     Work
 Expl Unexpl |  Obj  Depth IntInf | Incumbent    BestBd   Gap | It/Node Time

     0     0    0.00000    0   42 3648.00000    0.00000   100%     -    0s
H    0     0                     869.0000000    0.00000   100%     -    0s
     0     0    0.00000    0   69  869.00000    0.00000   100%     -    0s
H    0     0                     847.0000000    0.00000   100%     -    0s
     0     0    0.00000    0   85  847.00000    0.00000   100%     -    0s
H    0     0                     823.0000000    0.00000   100%     -    0s
H    0     0                     647.0000000    0.00000   100%     -    0s
     0     0    0.00000    0   86  647.00000    0.00000   100%     -    0s
     0     0    0.00000    0   98  647.00000    0.00000   100%     -    0s
H    0     0                     528.0000000    0.00000   100%     -    0s
     0     0    0.00000    0   98  528.00000    0.00000   100%     -    0s
     0     0    0.00000    0   77  528.00000    0.00000   100%     -    0s
     0     0    0.00000    0   77  528.00000    0.00000   100%     -    0s
     0     2    0.00000    0   77  528.00000    0.00000   100%     -    0s
*   41    39              22     440.0000000   15.00000  96.6%  86.0    0s
*   42    38              23     431.0000000   15.00000  96.5%  84.3    0s
H  842   353                     418.0000000   63.00000  84.9%  51.7    1s
H 1199   406                     409.0000000   70.25000  82.8%  53.4    2s
  2469   522  387.87273   29   74  409.00000  171.00000  58.2%  42.2    5s
  6594   875  365.00000   27   44  409.00000  284.66667  30.4%  31.5   10s

Cutting planes:
  Zero half: 4
  RLT: 12
  BQP: 28

Explored 10795 nodes (294393 simplex iterations) in 14.31 seconds (17.86 work units)
Thread count was 1 (of 12 available processors)

Solution count 10: 409 418 431 ... 3648

Optimal solution found (tolerance 1.00e-04)
Best objective 4.090000000000e+02, best bound 4.090000000000e+02, gap 0.0000%
409.0
