Set parameter Username
Academic license - for non-commercial use only - expires 2025-08-28
Set parameter Threads to value 1
Set parameter Method to value 4
Gurobi Optimizer version 11.0.0 build v11.0.0rc2 (mac64[arm] - Darwin 23.5.0 23F79)

CPU model: Apple M3 Pro
Thread count: 12 physical cores, 12 logical processors, using up to 1 threads

Optimize a model with 2046 rows, 321 columns and 6138 nonzeros
Model fingerprint: 0x04a994bb
Variable types: 188 continuous, 133 integer (133 binary)
Coefficient statistics:
  Matrix range     [1e+00, 1e+00]
  Objective range  [1e+01, 3e+02]
  Bounds range     [1e+00, 1e+00]
  RHS range        [1e+00, 2e+00]
Presolve removed 328 rows and 55 columns
Presolve time: 0.01s
Presolved: 1718 rows, 266 columns, 5054 nonzeros
Variable types: 0 continuous, 266 integer (266 binary)
Found heuristic solution: objective 2314.0000000
Found heuristic solution: objective 1268.0000000

Root relaxation: objective 0.000000e+00, 161 iterations, 0.00 seconds (0.01 work units)

    Nodes    |    Current Node    |     Objective Bounds      |     Work
 Expl Unexpl |  Obj  Depth IntInf | Incumbent    BestBd   Gap | It/Node Time

     0     0    0.00000    0   76 1268.00000    0.00000   100%     -    0s
H    0     0                     948.0000000    0.00000   100%     -    0s
     0     0    0.00000    0   85  948.00000    0.00000   100%     -    0s
H    0     0                     783.0000000    0.00000   100%     -    0s
     0     0    0.00000    0   54  783.00000    0.00000   100%     -    0s
H    0     0                     578.0000000    0.00000   100%     -    0s
H    0     0                     553.0000000    0.00000   100%     -    0s
H    0     0                     530.0000000    0.00000   100%     -    0s
     0     0    0.00000    0   54  530.00000    0.00000   100%     -    0s
     0     0    0.00000    0   59  530.00000    0.00000   100%     -    0s
     0     0    0.00000    0   71  530.00000    0.00000   100%     -    0s
     0     0    0.00000    0   71  530.00000    0.00000   100%     -    0s
     0     0    0.00000    0   81  530.00000    0.00000   100%     -    0s
     0     0    0.00000    0   81  530.00000    0.00000   100%     -    0s
H    0     0                     507.0000000    0.00000   100%     -    0s
     0     2    0.00000    0   73  507.00000    0.00000   100%     -    0s
H   26    26                     444.0000000   11.00000  97.5%  63.0    0s
*  395   210              21     442.0000000   46.11111  89.6%  41.0    0s
H  554   295                     440.0000000   51.00000  88.4%  40.9    1s
H  580   295                     430.0000000   55.50000  87.1%  41.2    1s
*  608   310              18     418.0000000   55.65385  86.7%  41.3    1s
H  632   303                     400.0000000   57.00000  85.8%  40.5    1s
H  684   293                     375.0000000   58.00000  84.5%  39.8    1s
H 1171   367                     364.0000000   74.00000  79.7%  38.9    2s
  3235   477  275.33333   30   49  364.00000  214.00000  41.2%  29.4    5s

Cutting planes:
  Zero half: 3
  RLT: 9
  BQP: 7

Explored 6605 nodes (158132 simplex iterations) in 8.25 seconds (9.83 work units)
Thread count was 1 (of 12 available processors)

Solution count 10: 364 375 400 ... 530

Optimal solution found (tolerance 1.00e-04)
Best objective 3.640000000000e+02, best bound 3.640000000000e+02, gap 0.0000%
364.0
