Set parameter Username
Academic license - for non-commercial use only - expires 2025-08-28
Set parameter Threads to value 1
Set parameter Method to value 4
Gurobi Optimizer version 11.0.0 build v11.0.0rc2 (mac64[arm] - Darwin 23.5.0 23F79)

CPU model: Apple M3 Pro
Thread count: 12 physical cores, 12 logical processors, using up to 1 threads

Optimize a model with 1917 rows, 305 columns and 5751 nonzeros
Model fingerprint: 0x03a4bbbf
Variable types: 179 continuous, 126 integer (126 binary)
Coefficient statistics:
  Matrix range     [1e+00, 1e+00]
  Objective range  [1e+01, 3e+02]
  Bounds range     [1e+00, 1e+00]
  RHS range        [1e+00, 2e+00]
Presolve removed 312 rows and 53 columns
Presolve time: 0.00s
Presolved: 1605 rows, 252 columns, 4725 nonzeros
Variable types: 0 continuous, 252 integer (252 binary)
Found heuristic solution: objective 2850.0000000

Root relaxation: objective 0.000000e+00, 148 iterations, 0.00 seconds (0.01 work units)

    Nodes    |    Current Node    |     Objective Bounds      |     Work
 Expl Unexpl |  Obj  Depth IntInf | Incumbent    BestBd   Gap | It/Node Time

     0     0    0.00000    0   59 2850.00000    0.00000   100%     -    0s
H    0     0                    2055.0000000    0.00000   100%     -    0s
H    0     0                    1057.0000000    0.00000   100%     -    0s
H    0     0                     918.0000000    0.00000   100%     -    0s
     0     0    0.00000    0   69  918.00000    0.00000   100%     -    0s
     0     0    0.00000    0   47  918.00000    0.00000   100%     -    0s
     0     0    0.00000    0   91  918.00000    0.00000   100%     -    0s
H    0     0                     557.0000000    0.00000   100%     -    0s
H    0     0                     446.0000000    0.00000   100%     -    0s
H    0     0                     391.0000000    0.00000   100%     -    0s
     0     0    0.00000    0   93  391.00000    0.00000   100%     -    0s
     0     0    0.00000    0   84  391.00000    0.00000   100%     -    0s
H    0     0                     360.0000000    0.00000   100%     -    0s
     0     0    0.00000    0   75  360.00000    0.00000   100%     -    0s
     0     0    0.00000    0   96  360.00000    0.00000   100%     -    0s
     0     0    0.00000    0   84  360.00000    0.00000   100%     -    0s
H    0     0                     270.0000000    0.00000   100%     -    0s
     0     2    0.00000    0   55  270.00000    0.00000   100%     -    0s
*  210    56              14     242.0000000   46.00000  81.0%  33.8    0s
H  466   127                     233.0000000   57.25000  75.4%  37.5    0s
*  469   118              13     217.0000000   57.25000  73.6%  37.3    0s

Cutting planes:
  Gomory: 3
  MIR: 1
  Inf proof: 10
  Zero half: 23
  RLT: 32
  BQP: 24

Explored 1641 nodes (52211 simplex iterations) in 2.16 seconds (2.70 work units)
Thread count was 1 (of 12 available processors)

Solution count 10: 217 233 242 ... 1057

Optimal solution found (tolerance 1.00e-04)
Best objective 2.170000000000e+02, best bound 2.170000000000e+02, gap 0.0000%
217.0
