Set parameter Username
Academic license - for non-commercial use only - expires 2025-08-28
Set parameter Threads to value 1
Set parameter Method to value 4
Gurobi Optimizer version 11.0.0 build v11.0.0rc2 (mac64[arm] - Darwin 23.5.0 23F79)

CPU model: Apple M3 Pro
Thread count: 12 physical cores, 12 logical processors, using up to 1 threads

Optimize a model with 2176 rows, 337 columns and 6526 nonzeros
Model fingerprint: 0x48b3483b
Variable types: 197 continuous, 140 integer (140 binary)
Coefficient statistics:
  Matrix range     [1e+00, 1e+00]
  Objective range  [1e+01, 3e+02]
  Bounds range     [1e+00, 1e+00]
  RHS range        [1e+00, 2e+00]
Presolve removed 352 rows and 58 columns
Presolve time: 0.01s
Presolved: 1824 rows, 279 columns, 5355 nonzeros
Variable types: 0 continuous, 279 integer (279 binary)
Found heuristic solution: objective 3686.0000000
Found heuristic solution: objective 3483.0000000

Root relaxation: objective 0.000000e+00, 158 iterations, 0.00 seconds (0.01 work units)

    Nodes    |    Current Node    |     Objective Bounds      |     Work
 Expl Unexpl |  Obj  Depth IntInf | Incumbent    BestBd   Gap | It/Node Time

     0     0    0.00000    0   44 3483.00000    0.00000   100%     -    0s
H    0     0                    2372.0000000    0.00000   100%     -    0s
H    0     0                    1446.0000000    0.00000   100%     -    0s
H    0     0                    1005.0000000    0.00000   100%     -    0s
H    0     0                     853.0000000    0.00000   100%     -    0s
     0     0    0.00000    0   97  853.00000    0.00000   100%     -    0s
H    0     0                     797.0000000    0.00000   100%     -    0s
     0     0    0.00000    0   91  797.00000    0.00000   100%     -    0s
     0     0    0.00000    0   85  797.00000    0.00000   100%     -    0s
     0     0    0.00000    0   60  797.00000    0.00000   100%     -    0s
H    0     0                     734.0000000    0.00000   100%     -    0s
H    0     0                     719.0000000    0.00000   100%     -    0s
     0     0    0.00000    0   57  719.00000    0.00000   100%     -    0s
     0     0    0.00000    0   80  719.00000    0.00000   100%     -    0s
     0     0    0.00000    0   80  719.00000    0.00000   100%     -    0s
     0     2    0.00000    0   80  719.00000    0.00000   100%     -    0s
H   27    27                     690.0000000    0.00000   100%   104    0s
H   29    29                     670.0000000    0.00000   100%   100    0s
H   32    32                     617.0000000    0.00000   100%  94.7    0s
H   79    66                     593.0000000    0.00000   100%  62.2    0s
H   81    64                     561.0000000    0.00000   100%  60.7    0s
H  108    79                     525.0000000    7.25000  98.6%  69.0    0s
*  154    90              21     419.0000000   11.00000  97.4%  61.9    0s
H  191   103                     389.0000000   11.00000  97.2%  62.7    0s
H  530   288                     368.0000000   22.81707  93.8%  53.7    1s
H  557   296                     361.0000000   23.00000  93.6%  52.9    1s
  2786   473  351.00000   39   53  361.00000  206.91667  42.7%  34.2    5s

Cutting planes:
  Zero half: 12
  RLT: 6
  BQP: 12

Explored 6916 nodes (173947 simplex iterations) in 8.99 seconds (10.96 work units)
Thread count was 1 (of 12 available processors)

Solution count 10: 361 368 389 ... 690

Optimal solution found (tolerance 1.00e-04)
Best objective 3.610000000000e+02, best bound 3.610000000000e+02, gap 0.0000%
361.0
