Set parameter Username
Academic license - for non-commercial use only - expires 2025-08-28
Set parameter Threads to value 1
Set parameter Method to value 4
Gurobi Optimizer version 11.0.0 build v11.0.0rc2 (mac64[arm] - Darwin 23.5.0 23F79)

CPU model: Apple M3 Pro
Thread count: 12 physical cores, 12 logical processors, using up to 1 threads

Optimize a model with 1788 rows, 289 columns and 5364 nonzeros
Model fingerprint: 0xc9d4d55f
Variable types: 170 continuous, 119 integer (119 binary)
Coefficient statistics:
  Matrix range     [1e+00, 1e+00]
  Objective range  [1e+01, 3e+02]
  Bounds range     [1e+00, 1e+00]
  RHS range        [1e+00, 2e+00]
Presolve removed 464 rows and 65 columns
Presolve time: 0.01s
Presolved: 1324 rows, 224 columns, 3899 nonzeros
Variable types: 0 continuous, 224 integer (224 binary)
Found heuristic solution: objective 3423.0000000
Found heuristic solution: objective 3227.0000000

Root relaxation: objective 0.000000e+00, 138 iterations, 0.00 seconds (0.00 work units)

    Nodes    |    Current Node    |     Objective Bounds      |     Work
 Expl Unexpl |  Obj  Depth IntInf | Incumbent    BestBd   Gap | It/Node Time

     0     0    0.00000    0   41 3227.00000    0.00000   100%     -    0s
H    0     0                    1860.0000000    0.00000   100%     -    0s
H    0     0                     777.0000000    0.00000   100%     -    0s
H    0     0                     579.0000000    0.00000   100%     -    0s
     0     0    0.00000    0   75  579.00000    0.00000   100%     -    0s
     0     0    0.00000    0   61  579.00000    0.00000   100%     -    0s
H    0     0                     303.0000000    0.00000   100%     -    0s
H    0     0                     282.0000000    0.00000   100%     -    0s
     0     0    0.00000    0   42  282.00000    0.00000   100%     -    0s
     0     0    0.00000    0   54  282.00000    0.00000   100%     -    0s
     0     0    0.00000    0   44  282.00000    0.00000   100%     -    0s
     0     0    0.00000    0   33  282.00000    0.00000   100%     -    0s
     0     0    0.00000    0   54  282.00000    0.00000   100%     -    0s
     0     0    0.00000    0   54  282.00000    0.00000   100%     -    0s
     0     2    0.00000    0   54  282.00000    0.00000   100%     -    0s
*   21    21              11     267.0000000   54.00000  79.8%  38.9    0s
H   27    18                     255.0000000   54.00000  78.8%  31.5    0s
H   79    34                     246.0000000   87.00000  64.6%  26.3    0s
*  162    54              11     237.0000000   90.00000  62.0%  21.7    0s

Cutting planes:
  Gomory: 2
  MIR: 4
  Inf proof: 12
  Zero half: 15
  RLT: 11
  BQP: 13

Explored 959 nodes (20819 simplex iterations) in 0.94 seconds (1.14 work units)
Thread count was 1 (of 12 available processors)

Solution count 10: 237 246 255 ... 3227

Optimal solution found (tolerance 1.00e-04)
Best objective 2.370000000000e+02, best bound 2.370000000000e+02, gap 0.0000%
237.0
