Set parameter Username
Academic license - for non-commercial use only - expires 2025-08-28
Set parameter Threads to value 1
Set parameter Method to value 4
Gurobi Optimizer version 11.0.0 build v11.0.0rc2 (mac64[arm] - Darwin 23.5.0 23F79)

CPU model: Apple M3 Pro
Thread count: 12 physical cores, 12 logical processors, using up to 1 threads

Optimize a model with 1659 rows, 273 columns and 4977 nonzeros
Model fingerprint: 0x32a9d384
Variable types: 161 continuous, 112 integer (112 binary)
Coefficient statistics:
  Matrix range     [1e+00, 1e+00]
  Objective range  [1e+01, 3e+02]
  Bounds range     [1e+00, 1e+00]
  RHS range        [1e+00, 2e+00]
Presolve removed 280 rows and 49 columns
Presolve time: 0.00s
Presolved: 1379 rows, 224 columns, 4067 nonzeros
Variable types: 0 continuous, 224 integer (224 binary)
Found heuristic solution: objective 2838.0000000
Found heuristic solution: objective 2700.0000000
Found heuristic solution: objective 2514.0000000

Root relaxation: objective 0.000000e+00, 135 iterations, 0.00 seconds (0.00 work units)

    Nodes    |    Current Node    |     Objective Bounds      |     Work
 Expl Unexpl |  Obj  Depth IntInf | Incumbent    BestBd   Gap | It/Node Time

     0     0    0.00000    0   54 2514.00000    0.00000   100%     -    0s
H    0     0                    1616.0000000    0.00000   100%     -    0s
H    0     0                    1272.0000000    0.00000   100%     -    0s
     0     0    0.00000    0   47 1272.00000    0.00000   100%     -    0s
H    0     0                     468.0000000    0.00000   100%     -    0s
H    0     0                     315.0000000    0.00000   100%     -    0s
     0     0    0.00000    0   36  315.00000    0.00000   100%     -    0s
H    0     0                     132.0000000    0.00000   100%     -    0s
     0     0    0.00000    0   36  132.00000    0.00000   100%     -    0s
     0     0    0.00000    0   53  132.00000    0.00000   100%     -    0s
H    0     0                     111.0000000    0.00000   100%     -    0s
H    0     0                      99.0000000    0.00000   100%     -    0s
     0     0    0.00000    0   41   99.00000    0.00000   100%     -    0s
     0     0    0.00000    0   41   99.00000    0.00000   100%     -    0s
     0     0    0.00000    0   24   99.00000    0.00000   100%     -    0s
     0     0    0.00000    0   42   99.00000    0.00000   100%     -    0s
     0     0    0.00000    0   59   99.00000    0.00000   100%     -    0s
     0     0    0.00000    0   50   99.00000    0.00000   100%     -    0s
     0     0    0.00000    0   46   99.00000    0.00000   100%     -    0s
     0     0    0.00000    0   46   99.00000    0.00000   100%     -    0s
     0     0    0.00000    0   36   99.00000    0.00000   100%     -    0s
     0     0    0.00000    0   61   99.00000    0.00000   100%     -    0s
     0     0    0.00000    0   52   99.00000    0.00000   100%     -    0s
     0     0    0.00000    0   58   99.00000    0.00000   100%     -    0s
     0     0    0.00000    0   47   99.00000    0.00000   100%     -    0s
     0     0    0.00000    0   39   99.00000    0.00000   100%     -    0s
     0     0    0.00000    0   39   99.00000    0.00000   100%     -    0s
     0     0    3.00000    0   52   99.00000    3.00000  97.0%     -    0s
     0     0    3.00000    0   61   99.00000    3.00000  97.0%     -    0s
     0     0    5.40000    0   73   99.00000    5.40000  94.5%     -    0s
     0     0    5.40000    0   73   99.00000    5.40000  94.5%     -    0s
     0     0    5.40000    0   70   99.00000    5.40000  94.5%     -    0s
     0     0    5.40000    0   73   99.00000    5.40000  94.5%     -    0s
     0     0    5.40000    0   64   99.00000    5.40000  94.5%     -    0s
     0     0    5.40000    0   68   99.00000    5.40000  94.5%     -    0s
     0     0    5.40000    0   56   99.00000    5.40000  94.5%     -    0s
     0     0    5.40000    0   62   99.00000    5.40000  94.5%     -    0s
     0     0    7.00000    0   66   99.00000    7.00000  92.9%     -    0s
     0     0    7.00000    0   65   99.00000    7.00000  92.9%     -    0s
     0     0    7.80000    0   67   99.00000    7.80000  92.1%     -    0s
     0     0    7.80000    0   65   99.00000    7.80000  92.1%     -    0s
     0     0    7.80000    0   66   99.00000    7.80000  92.1%     -    0s
     0     0    7.80000    0   66   99.00000    7.80000  92.1%     -    0s
     0     0    7.80000    0   65   99.00000    7.80000  92.1%     -    0s
     0     0   13.20000    0   65   99.00000   13.20000  86.7%     -    0s
     0     2   18.75000    0   65   99.00000   18.75000  81.1%     -    0s
*   17    12               9      87.0000000   34.80000  60.0%  23.2    0s

Cutting planes:
  MIR: 22
  Zero half: 8
  RLT: 10
  BQP: 2

Explored 51 nodes (5261 simplex iterations) in 0.31 seconds (0.41 work units)
Thread count was 1 (of 12 available processors)

Solution count 10: 87 99 111 ... 2700

Optimal solution found (tolerance 1.00e-04)
Best objective 8.700000000000e+01, best bound 8.700000000000e+01, gap 0.0000%
87.0
