Set parameter Username
Academic license - for non-commercial use only - expires 2025-08-28
Set parameter Threads to value 1
Set parameter Method to value 4
Gurobi Optimizer version 11.0.0 build v11.0.0rc2 (mac64[arm] - Darwin 23.5.0 23F79)

CPU model: Apple M3 Pro
Thread count: 12 physical cores, 12 logical processors, using up to 1 threads

Optimize a model with 1788 rows, 289 columns and 5364 nonzeros
Model fingerprint: 0xc1627919
Variable types: 170 continuous, 119 integer (119 binary)
Coefficient statistics:
  Matrix range     [1e+00, 1e+00]
  Objective range  [1e+01, 3e+02]
  Bounds range     [1e+00, 1e+00]
  RHS range        [1e+00, 2e+00]
Presolve removed 464 rows and 65 columns
Presolve time: 0.01s
Presolved: 1324 rows, 224 columns, 3899 nonzeros
Variable types: 0 continuous, 224 integer (224 binary)
Found heuristic solution: objective 3381.0000000
Found heuristic solution: objective 3171.0000000

Root relaxation: objective 0.000000e+00, 138 iterations, 0.01 seconds (0.00 work units)

    Nodes    |    Current Node    |     Objective Bounds      |     Work
 Expl Unexpl |  Obj  Depth IntInf | Incumbent    BestBd   Gap | It/Node Time

     0     0    0.00000    0   41 3171.00000    0.00000   100%     -    0s
H    0     0                    1869.0000000    0.00000   100%     -    0s
H    0     0                     745.0000000    0.00000   100%     -    0s
H    0     0                     535.0000000    0.00000   100%     -    0s
     0     0    0.00000    0   75  535.00000    0.00000   100%     -    0s
     0     0    0.00000    0   61  535.00000    0.00000   100%     -    0s
H    0     0                     269.0000000    0.00000   100%     -    0s
     0     0    0.00000    0   67  269.00000    0.00000   100%     -    0s
     0     0    0.00000    0   75  269.00000    0.00000   100%     -    0s
     0     0    0.00000    0   69  269.00000    0.00000   100%     -    0s
     0     0    0.00000    0   71  269.00000    0.00000   100%     -    0s
     0     0    0.00000    0   63  269.00000    0.00000   100%     -    0s
     0     0    0.00000    0   59  269.00000    0.00000   100%     -    0s
H    0     0                     241.0000000    0.00000   100%     -    0s
     0     2    0.00000    0   59  241.00000    0.00000   100%     -    0s
*   16    16               9     233.0000000   28.00000  88.0%  41.3    0s
H   26    19                     205.0000000   34.33333  83.3%  36.4    0s
*  361    52              13     197.0000000   83.00000  57.9%  19.0    0s

Cutting planes:
  Gomory: 6
  MIR: 4
  Inf proof: 5
  Zero half: 21
  RLT: 15
  BQP: 13

Explored 757 nodes (15221 simplex iterations) in 1.21 seconds (1.02 work units)
Thread count was 1 (of 12 available processors)

Solution count 10: 197 205 233 ... 3381

Optimal solution found (tolerance 1.00e-04)
Best objective 1.970000000000e+02, best bound 1.970000000000e+02, gap 0.0000%
197.0
