Set parameter Username
Academic license - for non-commercial use only - expires 2025-08-28
Set parameter Threads to value 1
Set parameter Method to value 4
Gurobi Optimizer version 11.0.0 build v11.0.0rc2 (mac64[arm] - Darwin 23.5.0 23F79)

CPU model: Apple M3 Pro
Thread count: 12 physical cores, 12 logical processors, using up to 1 threads

Optimize a model with 2306 rows, 353 columns and 6914 nonzeros
Model fingerprint: 0x18feb4f5
Variable types: 206 continuous, 147 integer (147 binary)
Coefficient statistics:
  Matrix range     [1e+00, 1e+00]
  Objective range  [1e+01, 3e+02]
  Bounds range     [1e+00, 1e+00]
  RHS range        [1e+00, 2e+00]
Presolve removed 376 rows and 61 columns
Presolve time: 0.01s
Presolved: 1930 rows, 292 columns, 5656 nonzeros
Variable types: 0 continuous, 292 integer (292 binary)
Found heuristic solution: objective 3870.0000000
Found heuristic solution: objective 3674.0000000

Root relaxation: objective 0.000000e+00, 137 iterations, 0.00 seconds (0.01 work units)

    Nodes    |    Current Node    |     Objective Bounds      |     Work
 Expl Unexpl |  Obj  Depth IntInf | Incumbent    BestBd   Gap | It/Node Time

     0     0    0.00000    0   42 3674.00000    0.00000   100%     -    0s
H    0     0                     880.0000000    0.00000   100%     -    0s
     0     0    0.00000    0   69  880.00000    0.00000   100%     -    0s
H    0     0                     836.0000000    0.00000   100%     -    0s
     0     0    0.00000    0   77  836.00000    0.00000   100%     -    0s
H    0     0                     798.0000000    0.00000   100%     -    0s
     0     0    0.00000    0   69  798.00000    0.00000   100%     -    0s
H    0     0                     772.0000000    0.00000   100%     -    0s
H    0     0                     631.0000000    0.00000   100%     -    0s
     0     0    0.00000    0   71  631.00000    0.00000   100%     -    0s
     0     0    0.00000    0   84  631.00000    0.00000   100%     -    0s
     0     0    0.00000    0   84  631.00000    0.00000   100%     -    0s
     0     2    0.00000    0   84  631.00000    0.00000   100%     -    0s
H   27    27                     608.0000000   10.00000  98.4%  67.4    0s
H   54    37                     468.0000000   10.00000  97.9%  46.5    0s
H   78    50                     423.0000000   10.00000  97.6%  57.4    0s
H  130    69                     414.0000000   22.00000  94.7%  57.7    0s
  2175   324  220.50000   24   85  414.00000  194.16667  53.1%  34.2    5s

Cutting planes:
  Zero half: 2
  RLT: 8
  BQP: 14

Explored 5506 nodes (149562 simplex iterations) in 9.70 seconds (9.88 work units)
Thread count was 1 (of 12 available processors)

Solution count 10: 414 423 468 ... 3674

Optimal solution found (tolerance 1.00e-04)
Best objective 4.140000000000e+02, best bound 4.140000000000e+02, gap 0.0000%
414.0
