Set parameter Username
Academic license - for non-commercial use only - expires 2025-08-28
Set parameter Threads to value 1
Set parameter Method to value 4
Gurobi Optimizer version 11.0.0 build v11.0.0rc2 (mac64[arm] - Darwin 23.5.0 23F79)

CPU model: Apple M3 Pro
Thread count: 12 physical cores, 12 logical processors, using up to 1 threads

Optimize a model with 1788 rows, 289 columns and 5364 nonzeros
Model fingerprint: 0x6882317f
Variable types: 170 continuous, 119 integer (119 binary)
Coefficient statistics:
  Matrix range     [1e+00, 1e+00]
  Objective range  [1e+01, 3e+02]
  Bounds range     [1e+00, 1e+00]
  RHS range        [1e+00, 2e+00]
Presolve removed 296 rows and 51 columns
Presolve time: 0.00s
Presolved: 1492 rows, 238 columns, 4396 nonzeros
Variable types: 0 continuous, 238 integer (238 binary)
Found heuristic solution: objective 828.0000000

Root relaxation: objective 0.000000e+00, 149 iterations, 0.00 seconds (0.00 work units)

    Nodes    |    Current Node    |     Objective Bounds      |     Work
 Expl Unexpl |  Obj  Depth IntInf | Incumbent    BestBd   Gap | It/Node Time

     0     0    0.00000    0   35  828.00000    0.00000   100%     -    0s
H    0     0                     584.0000000    0.00000   100%     -    0s
H    0     0                     506.0000000    0.00000   100%     -    0s
     0     0    0.00000    0   74  506.00000    0.00000   100%     -    0s
H    0     0                     333.0000000    0.00000   100%     -    0s
     0     0    0.00000    0   80  333.00000    0.00000   100%     -    0s
H    0     0                     239.0000000    0.00000   100%     -    0s
H    0     0                     218.0000000    0.00000   100%     -    0s
     0     0    0.00000    0   76  218.00000    0.00000   100%     -    0s
     0     0    0.00000    0   61  218.00000    0.00000   100%     -    0s
     0     0    0.00000    0   83  218.00000    0.00000   100%     -    0s
     0     0    0.00000    0   80  218.00000    0.00000   100%     -    0s
H    0     0                     178.0000000    0.00000   100%     -    0s
H    0     0                     168.0000000    0.00000   100%     -    0s
     0     0    0.00000    0   83  168.00000    0.00000   100%     -    0s
     0     0    0.00000    0   59  168.00000    0.00000   100%     -    0s
     0     0    0.00000    0   59  168.00000    0.00000   100%     -    0s
     0     2    0.00000    0   57  168.00000    0.00000   100%     -    0s
*   18    18              10     166.0000000   45.00000  72.9%  43.2    0s
H   54    23                     156.0000000   54.00000  65.4%  30.3    0s
*  104    35               9     147.0000000   55.00000  62.6%  25.7    0s
H  305    37                     135.0000000   90.00000  33.3%  19.9    0s

Cutting planes:
  MIR: 1
  Inf proof: 5
  Zero half: 36
  RLT: 24
  BQP: 8

Explored 392 nodes (9378 simplex iterations) in 0.50 seconds (0.64 work units)
Thread count was 1 (of 12 available processors)

Solution count 10: 135 147 156 ... 506

Optimal solution found (tolerance 1.00e-04)
Best objective 1.350000000000e+02, best bound 1.350000000000e+02, gap 0.0000%
135.0
