Set parameter Username
Academic license - for non-commercial use only - expires 2025-08-28
Set parameter Threads to value 1
Set parameter Method to value 4
Gurobi Optimizer version 11.0.0 build v11.0.0rc2 (mac64[arm] - Darwin 23.5.0 23F79)

CPU model: Apple M3 Pro
Thread count: 12 physical cores, 12 logical processors, using up to 1 threads

Optimize a model with 1917 rows, 305 columns and 5751 nonzeros
Model fingerprint: 0xd7a98ddf
Variable types: 179 continuous, 126 integer (126 binary)
Coefficient statistics:
  Matrix range     [1e+00, 1e+00]
  Objective range  [1e+01, 3e+02]
  Bounds range     [1e+00, 1e+00]
  RHS range        [1e+00, 2e+00]
Presolve removed 312 rows and 53 columns
Presolve time: 0.01s
Presolved: 1605 rows, 252 columns, 4725 nonzeros
Variable types: 0 continuous, 252 integer (252 binary)
Found heuristic solution: objective 3430.0000000
Found heuristic solution: objective 3227.0000000

Root relaxation: objective 0.000000e+00, 166 iterations, 0.00 seconds (0.01 work units)

    Nodes    |    Current Node    |     Objective Bounds      |     Work
 Expl Unexpl |  Obj  Depth IntInf | Incumbent    BestBd   Gap | It/Node Time

     0     0    0.00000    0   52 3227.00000    0.00000   100%     -    0s
H    0     0                    2514.0000000    0.00000   100%     -    0s
H    0     0                     904.0000000    0.00000   100%     -    0s
     0     0    0.00000    0   71  904.00000    0.00000   100%     -    0s
H    0     0                     726.0000000    0.00000   100%     -    0s
H    0     0                     586.0000000    0.00000   100%     -    0s
     0     0    0.00000    0   70  586.00000    0.00000   100%     -    0s
H    0     0                     545.0000000    0.00000   100%     -    0s
     0     0    0.00000    0   64  545.00000    0.00000   100%     -    0s
     0     0    0.00000    0   68  545.00000    0.00000   100%     -    0s
H    0     0                     514.0000000    0.00000   100%     -    0s
H    0     0                     480.0000000    0.00000   100%     -    0s
     0     0    0.00000    0   70  480.00000    0.00000   100%     -    0s
     0     0    0.00000    0   56  480.00000    0.00000   100%     -    0s
     0     0    0.00000    0   56  480.00000    0.00000   100%     -    0s
H    0     0                     450.0000000    0.00000   100%     -    0s
H    0     0                     431.0000000    0.00000   100%     -    0s
     0     2    0.00000    0   56  431.00000    0.00000   100%     -    0s
H   27    25                     391.0000000    0.00000   100%  53.6    0s
*   52    48              29     352.0000000    0.00000   100%  45.2    0s
H   55    44                     322.0000000    0.00000   100%  43.1    0s
H  293   153                     318.0000000   39.50000  87.6%  36.3    0s
H  348   185                     314.0000000   41.00000  86.9%  36.4    0s
H 2035   481                     312.0000000   83.00000  73.4%  30.6    2s
H 2062   484                     305.0000000   83.00000  72.8%  30.4    3s
H 3031   816                     301.0000000  106.00000  64.8%  27.7    3s
H 3152   833                     299.0000000  108.12500  63.8%  27.6    4s
  3879   936  292.33333   25   82  299.00000  126.00000  57.9%  27.2    5s
  8905  1112  289.75000   37   88  299.00000  196.00000  34.4%  24.0   10s

Cutting planes:
  Zero half: 3
  RLT: 2
  BQP: 14

Explored 13493 nodes (277458 simplex iterations) in 13.25 seconds (16.00 work units)
Thread count was 1 (of 12 available processors)

Solution count 10: 299 301 305 ... 431

Optimal solution found (tolerance 1.00e-04)
Best objective 2.990000000000e+02, best bound 2.990000000000e+02, gap 0.0000%
299.0
