Set parameter Username
Academic license - for non-commercial use only - expires 2025-08-28
Set parameter Threads to value 1
Set parameter Method to value 4
Gurobi Optimizer version 11.0.0 build v11.0.0rc2 (mac64[arm] - Darwin 23.5.0 23F79)

CPU model: Apple M3 Pro
Thread count: 12 physical cores, 12 logical processors, using up to 1 threads

Optimize a model with 1918 rows, 305 columns and 5752 nonzeros
Model fingerprint: 0x4f21618b
Variable types: 179 continuous, 126 integer (126 binary)
Coefficient statistics:
  Matrix range     [1e+00, 1e+00]
  Objective range  [1e+01, 3e+02]
  Bounds range     [1e+00, 1e+00]
  RHS range        [1e+00, 2e+00]
Presolve removed 502 rows and 69 columns
Presolve time: 0.01s
Presolved: 1416 rows, 236 columns, 4158 nonzeros
Variable types: 0 continuous, 236 integer (236 binary)
Found heuristic solution: objective 3574.0000000
Found heuristic solution: objective 3378.0000000

Root relaxation: objective 0.000000e+00, 188 iterations, 0.00 seconds (0.01 work units)

    Nodes    |    Current Node    |     Objective Bounds      |     Work
 Expl Unexpl |  Obj  Depth IntInf | Incumbent    BestBd   Gap | It/Node Time

     0     0    0.00000    0   79 3378.00000    0.00000   100%     -    0s
H    0     0                    2171.0000000    0.00000   100%     -    0s
H    0     0                     630.0000000    0.00000   100%     -    0s
     0     0    0.00000    0   82  630.00000    0.00000   100%     -    0s
H    0     0                     608.0000000    0.00000   100%     -    0s
H    0     0                     459.0000000    0.00000   100%     -    0s
H    0     0                     369.0000000    0.00000   100%     -    0s
     0     0    0.00000    0   55  369.00000    0.00000   100%     -    0s
     0     0    0.00000    0   81  369.00000    0.00000   100%     -    0s
     0     0    0.00000    0   69  369.00000    0.00000   100%     -    0s
H    0     0                     353.0000000    0.00000   100%     -    0s
H    0     0                     343.0000000    0.00000   100%     -    0s
     0     0    0.00000    0   81  343.00000    0.00000   100%     -    0s
H    0     0                     333.0000000    0.00000   100%     -    0s
     0     0    0.00000    0   83  333.00000    0.00000   100%     -    0s
     0     0    0.00000    0   51  333.00000    0.00000   100%     -    0s
     0     0    0.00000    0   60  333.00000    0.00000   100%     -    0s
     0     0    0.00000    0   49  333.00000    0.00000   100%     -    0s
H    0     0                     320.0000000    0.00000   100%     -    0s
     0     0    0.00000    0   98  320.00000    0.00000   100%     -    0s
     0     0    0.00000    0   57  320.00000    0.00000   100%     -    0s
     0     0    0.00000    0   42  320.00000    0.00000   100%     -    0s
     0     2    0.00000    0   32  320.00000    0.00000   100%     -    0s
H   26    23                     317.0000000    6.75000  97.9%  53.0    0s
H   78    55                     310.0000000   12.00000  96.1%  37.6    0s
H   81    58                     303.0000000   12.00000  96.0%  36.7    0s
H  166    76                     293.0000000   32.66667  88.9%  33.1    0s
H  474   187                     278.0000000   61.00000  78.1%  31.2    0s
  4127   152     cutoff   26       278.00000  216.05000  22.3%  22.6    5s

Cutting planes:
  Zero half: 18
  RLT: 2
  BQP: 9

Explored 4447 nodes (99594 simplex iterations) in 5.17 seconds (5.71 work units)
Thread count was 1 (of 12 available processors)

Solution count 10: 278 293 303 ... 369

Optimal solution found (tolerance 1.00e-04)
Best objective 2.780000000000e+02, best bound 2.780000000000e+02, gap 0.0000%
278.0
