Set parameter Username
Academic license - for non-commercial use only - expires 2025-08-28
Set parameter Threads to value 1
Set parameter Method to value 4
Gurobi Optimizer version 11.0.0 build v11.0.0rc2 (mac64[arm] - Darwin 23.5.0 23F79)

CPU model: Apple M3 Pro
Thread count: 12 physical cores, 12 logical processors, using up to 1 threads

Optimize a model with 2306 rows, 353 columns and 6914 nonzeros
Model fingerprint: 0x491d3abf
Variable types: 206 continuous, 147 integer (147 binary)
Coefficient statistics:
  Matrix range     [1e+00, 1e+00]
  Objective range  [1e+01, 3e+02]
  Bounds range     [1e+00, 1e+00]
  RHS range        [1e+00, 2e+00]
Presolve removed 376 rows and 61 columns
Presolve time: 0.01s
Presolved: 1930 rows, 292 columns, 5656 nonzeros
Variable types: 0 continuous, 292 integer (292 binary)
Found heuristic solution: objective 3863.0000000
Found heuristic solution: objective 3660.0000000

Root relaxation: objective 0.000000e+00, 137 iterations, 0.00 seconds (0.01 work units)

    Nodes    |    Current Node    |     Objective Bounds      |     Work
 Expl Unexpl |  Obj  Depth IntInf | Incumbent    BestBd   Gap | It/Node Time

     0     0    0.00000    0   42 3660.00000    0.00000   100%     -    0s
H    0     0                     881.0000000    0.00000   100%     -    0s
     0     0    0.00000    0   69  881.00000    0.00000   100%     -    0s
H    0     0                     837.0000000    0.00000   100%     -    0s
     0     0    0.00000    0   84  837.00000    0.00000   100%     -    0s
H    0     0                     776.0000000    0.00000   100%     -    0s
H    0     0                     756.0000000    0.00000   100%     -    0s
     0     0    0.00000    0   85  756.00000    0.00000   100%     -    0s
     0     0    0.00000    0   63  756.00000    0.00000   100%     -    0s
H    0     0                     632.0000000    0.00000   100%     -    0s
H    0     0                     581.0000000    0.00000   100%     -    0s
     0     0    0.00000    0  124  581.00000    0.00000   100%     -    0s
     0     0    0.00000    0   66  581.00000    0.00000   100%     -    0s
     0     0    0.00000    0   65  581.00000    0.00000   100%     -    0s
H    0     0                     557.0000000    0.00000   100%     -    0s
H    0     0                     533.0000000    0.00000   100%     -    0s
H    0     0                     464.0000000    0.00000   100%     -    0s
     0     2    0.00000    0   65  464.00000    0.00000   100%     -    0s
H   27    27                     455.0000000    0.00000   100%  60.7    0s
H   54    39                     443.0000000    6.00000  98.6%  45.4    0s
H  159    80                     425.0000000   27.00000  93.6%  43.3    0s
H  239   109                     410.0000000   30.00000  92.7%  44.4    0s
  2900   474  384.10526   24  122  410.00000  211.37500  48.4%  36.7    5s
  6979   672  320.00000   22   40  410.00000  318.25000  22.4%  29.9   10s

Cutting planes:
  Zero half: 10
  RLT: 11
  BQP: 14

Explored 9120 nodes (250457 simplex iterations) in 11.90 seconds (14.95 work units)
Thread count was 1 (of 12 available processors)

Solution count 10: 410 425 443 ... 756

Optimal solution found (tolerance 1.00e-04)
Best objective 4.100000000000e+02, best bound 4.100000000000e+02, gap 0.0000%
410.0
