Set parameter Username
Academic license - for non-commercial use only - expires 2025-08-28
Set parameter Threads to value 1
Set parameter Method to value 4
Gurobi Optimizer version 11.0.0 build v11.0.0rc2 (mac64[arm] - Darwin 23.5.0 23F79)

CPU model: Apple M3 Pro
Thread count: 12 physical cores, 12 logical processors, using up to 1 threads

Optimize a model with 1917 rows, 305 columns and 5751 nonzeros
Model fingerprint: 0x60112406
Variable types: 179 continuous, 126 integer (126 binary)
Coefficient statistics:
  Matrix range     [1e+00, 1e+00]
  Objective range  [1e+01, 3e+02]
  Bounds range     [1e+00, 1e+00]
  RHS range        [1e+00, 2e+00]
Presolve removed 312 rows and 53 columns
Presolve time: 0.00s
Presolved: 1605 rows, 252 columns, 4725 nonzeros
Variable types: 0 continuous, 252 integer (252 binary)
Found heuristic solution: objective 3570.0000000
Found heuristic solution: objective 3367.0000000

Root relaxation: objective 0.000000e+00, 166 iterations, 0.00 seconds (0.01 work units)

    Nodes    |    Current Node    |     Objective Bounds      |     Work
 Expl Unexpl |  Obj  Depth IntInf | Incumbent    BestBd   Gap | It/Node Time

     0     0    0.00000    0   52 3367.00000    0.00000   100%     -    0s
H    0     0                    2638.0000000    0.00000   100%     -    0s
H    0     0                    1028.0000000    0.00000   100%     -    0s
     0     0    0.00000    0   71 1028.00000    0.00000   100%     -    0s
H    0     0                     818.0000000    0.00000   100%     -    0s
H    0     0                     813.0000000    0.00000   100%     -    0s
H    0     0                     733.0000000    0.00000   100%     -    0s
     0     0    0.00000    0   67  733.00000    0.00000   100%     -    0s
H    0     0                     686.0000000    0.00000   100%     -    0s
     0     0    0.00000    0   65  686.00000    0.00000   100%     -    0s
H    0     0                     586.0000000    0.00000   100%     -    0s
     0     0    0.00000    0   66  586.00000    0.00000   100%     -    0s
     0     0    0.00000    0   61  586.00000    0.00000   100%     -    0s
     0     0    0.00000    0   60  586.00000    0.00000   100%     -    0s
H    0     0                     466.0000000    0.00000   100%     -    0s
     0     2    0.00000    0   53  466.00000    0.00000   100%     -    0s
H   55    45                     454.0000000    9.00000  98.0%  47.6    0s
H   90    68                     405.0000000   12.00000  97.0%  43.9    0s
*   95    73              20     389.0000000   12.00000  96.9%  43.0    0s
H  109    73                     349.0000000   15.75000  95.5%  39.7    0s
H  276   145                     345.0000000   36.00000  89.6%  33.4    0s
  3489   821  259.44118   29   69  345.00000  147.00000  57.4%  28.1    5s
  8156  1493  335.38462   38  103  345.00000  215.00000  37.7%  25.4   10s
 13730  1118  332.37500   30   82  345.00000  268.00000  22.3%  23.1   15s

Cutting planes:
  Inf proof: 1
  Zero half: 5
  RLT: 1
  BQP: 4

Explored 16770 nodes (363709 simplex iterations) in 17.19 seconds (20.83 work units)
Thread count was 1 (of 12 available processors)

Solution count 10: 345 349 389 ... 813

Optimal solution found (tolerance 1.00e-04)
Best objective 3.450000000000e+02, best bound 3.450000000000e+02, gap 0.0000%
345.0
