Set parameter Username
Academic license - for non-commercial use only - expires 2025-08-28
Set parameter Threads to value 1
Set parameter Method to value 4
Gurobi Optimizer version 11.0.0 build v11.0.0rc2 (mac64[arm] - Darwin 23.5.0 23F79)

CPU model: Apple M3 Pro
Thread count: 12 physical cores, 12 logical processors, using up to 1 threads

Optimize a model with 2306 rows, 353 columns and 6914 nonzeros
Model fingerprint: 0x617a3046
Variable types: 206 continuous, 147 integer (147 binary)
Coefficient statistics:
  Matrix range     [1e+00, 1e+00]
  Objective range  [1e+01, 3e+02]
  Bounds range     [1e+00, 1e+00]
  RHS range        [1e+00, 2e+00]
Presolve removed 376 rows and 61 columns
Presolve time: 0.01s
Presolved: 1930 rows, 292 columns, 5656 nonzeros
Variable types: 0 continuous, 292 integer (292 binary)
Found heuristic solution: objective 3879.0000000
Found heuristic solution: objective 3690.0000000

Root relaxation: objective 0.000000e+00, 137 iterations, 0.00 seconds (0.01 work units)

    Nodes    |    Current Node    |     Objective Bounds      |     Work
 Expl Unexpl |  Obj  Depth IntInf | Incumbent    BestBd   Gap | It/Node Time

     0     0    0.00000    0   42 3690.00000    0.00000   100%     -    0s
H    0     0                     875.0000000    0.00000   100%     -    0s
     0     0    0.00000    0   69  875.00000    0.00000   100%     -    0s
H    0     0                     853.0000000    0.00000   100%     -    0s
     0     0    0.00000    0   97  853.00000    0.00000   100%     -    0s
H    0     0                     837.0000000    0.00000   100%     -    0s
H    0     0                     602.0000000    0.00000   100%     -    0s
     0     0    0.00000    0   97  602.00000    0.00000   100%     -    0s
     0     0    0.00000    0   91  602.00000    0.00000   100%     -    0s
H    0     0                     599.0000000    0.00000   100%     -    0s
H    0     0                     559.0000000    0.00000   100%     -    0s
     0     0    0.00000    0   79  559.00000    0.00000   100%     -    0s
     0     0    0.00000    0   78  559.00000    0.00000   100%     -    0s
     0     2    0.00000    0   78  559.00000    0.00000   100%     -    0s
*   98    66              34     477.0000000   10.00000  97.9%  50.2    0s
*  102    63              34     467.0000000   10.00000  97.9%  48.3    0s
*  103    62              34     458.0000000   10.00000  97.8%  47.9    0s
H  104    57                     438.0000000   10.00000  97.7%  47.5    0s
H  109    59                     427.0000000   10.00000  97.7%  47.0    0s
* 1050   399              34     421.0000000   75.75000  82.0%  44.1    2s
  2346   375     cutoff   24       421.00000  224.00000  46.8%  34.1    5s

Cutting planes:
  Zero half: 9
  RLT: 8
  BQP: 13

Explored 5267 nodes (140603 simplex iterations) in 9.18 seconds (9.25 work units)
Thread count was 1 (of 12 available processors)

Solution count 10: 421 427 438 ... 837

Optimal solution found (tolerance 1.00e-04)
Best objective 4.210000000000e+02, best bound 4.210000000000e+02, gap 0.0000%
421.0
