Set parameter Username
Academic license - for non-commercial use only - expires 2025-08-28
Set parameter Threads to value 1
Set parameter Method to value 4
Gurobi Optimizer version 11.0.0 build v11.0.0rc2 (mac64[arm] - Darwin 23.5.0 23F79)

CPU model: Apple M3 Pro
Thread count: 12 physical cores, 12 logical processors, using up to 1 threads

Optimize a model with 2176 rows, 337 columns and 6526 nonzeros
Model fingerprint: 0x698dbe85
Variable types: 197 continuous, 140 integer (140 binary)
Coefficient statistics:
  Matrix range     [1e+00, 1e+00]
  Objective range  [1e+01, 3e+02]
  Bounds range     [1e+00, 1e+00]
  RHS range        [1e+00, 2e+00]
Presolve removed 352 rows and 58 columns
Presolve time: 0.01s
Presolved: 1824 rows, 279 columns, 5355 nonzeros
Variable types: 0 continuous, 279 integer (279 binary)
Found heuristic solution: objective 3838.0000000
Found heuristic solution: objective 3642.0000000

Root relaxation: objective 0.000000e+00, 171 iterations, 0.00 seconds (0.01 work units)

    Nodes    |    Current Node    |     Objective Bounds      |     Work
 Expl Unexpl |  Obj  Depth IntInf | Incumbent    BestBd   Gap | It/Node Time

     0     0    0.00000    0   46 3642.00000    0.00000   100%     -    0s
H    0     0                    3430.0000000    0.00000   100%     -    0s
H    0     0                    2046.0000000    0.00000   100%     -    0s
H    0     0                    1098.0000000    0.00000   100%     -    0s
     0     0    0.00000    0   86 1098.00000    0.00000   100%     -    0s
     0     0    0.00000    0  101 1098.00000    0.00000   100%     -    0s
H    0     0                    1068.0000000    0.00000   100%     -    0s
H    0     0                    1025.0000000    0.00000   100%     -    0s
H    0     0                     857.0000000    0.00000   100%     -    0s
     0     0    0.00000    0   99  857.00000    0.00000   100%     -    0s
     0     0    0.00000    0   63  857.00000    0.00000   100%     -    0s
H    0     0                     841.0000000    0.00000   100%     -    0s
H    0     0                     779.0000000    0.00000   100%     -    0s
     0     0    0.00000    0   63  779.00000    0.00000   100%     -    0s
     0     0    0.00000    0   71  779.00000    0.00000   100%     -    0s
     0     0    0.00000    0   71  779.00000    0.00000   100%     -    0s
H    0     0                     723.0000000    0.00000   100%     -    0s
H    0     0                     649.0000000    0.00000   100%     -    0s
     0     2    0.00000    0   71  649.00000    0.00000   100%     -    0s
H   55    36                     643.0000000    0.00000   100%  60.0    0s
*   85    60              22     542.0000000    0.00000   100%  57.0    0s
*   89    58              23     503.0000000    0.00000   100%  54.7    0s
*   93    58              24     499.0000000    0.00000   100%  52.6    0s
H  130    70                     491.0000000   15.00000  96.9%  53.3    0s
H  156    70                     452.0000000   21.00000  95.4%  51.9    0s
H  166    65                     440.0000000   21.00000  95.2%  50.8    0s
H  393   173                     431.0000000   29.50000  93.2%  55.3    1s
H  811   319                     417.0000000   72.00000  82.7%  43.9    1s

Cutting planes:
  Zero half: 2
  RLT: 8
  BQP: 11

Explored 1458 nodes (54096 simplex iterations) in 3.01 seconds (3.37 work units)
Thread count was 1 (of 12 available processors)

Solution count 10: 417 431 440 ... 649

Optimal solution found (tolerance 1.00e-04)
Best objective 4.170000000000e+02, best bound 4.170000000000e+02, gap 0.0000%
417.0
