Set parameter Username
Academic license - for non-commercial use only - expires 2025-08-28
Set parameter Threads to value 1
Set parameter Method to value 4
Gurobi Optimizer version 11.0.0 build v11.0.0rc2 (mac64[arm] - Darwin 23.5.0 23F79)

CPU model: Apple M3 Pro
Thread count: 12 physical cores, 12 logical processors, using up to 1 threads

Optimize a model with 2306 rows, 353 columns and 6914 nonzeros
Model fingerprint: 0x7b108dda
Variable types: 206 continuous, 147 integer (147 binary)
Coefficient statistics:
  Matrix range     [1e+00, 1e+00]
  Objective range  [1e+01, 3e+02]
  Bounds range     [1e+00, 1e+00]
  RHS range        [1e+00, 2e+00]
Presolve removed 376 rows and 61 columns
Presolve time: 0.01s
Presolved: 1930 rows, 292 columns, 5656 nonzeros
Variable types: 0 continuous, 292 integer (292 binary)
Found heuristic solution: objective 3884.0000000
Found heuristic solution: objective 3688.0000000

Root relaxation: objective 0.000000e+00, 137 iterations, 0.00 seconds (0.01 work units)

    Nodes    |    Current Node    |     Objective Bounds      |     Work
 Expl Unexpl |  Obj  Depth IntInf | Incumbent    BestBd   Gap | It/Node Time

     0     0    0.00000    0   42 3688.00000    0.00000   100%     -    0s
H    0     0                     886.0000000    0.00000   100%     -    0s
     0     0    0.00000    0   69  886.00000    0.00000   100%     -    0s
H    0     0                     848.0000000    0.00000   100%     -    0s
H    0     0                     828.0000000    0.00000   100%     -    0s
     0     0    0.00000    0   63  828.00000    0.00000   100%     -    0s
     0     0    0.00000    0   96  828.00000    0.00000   100%     -    0s
H    0     0                     608.0000000    0.00000   100%     -    0s
     0     0    0.00000    0   90  608.00000    0.00000   100%     -    0s
     0     0    0.00000    0   67  608.00000    0.00000   100%     -    0s
     0     0    0.00000    0   67  608.00000    0.00000   100%     -    0s
H    0     0                     454.0000000    0.00000   100%     -    0s
     0     2    0.00000    0   67  454.00000    0.00000   100%     -    0s
H  246   110                     427.0000000   28.00000  93.4%  47.3    0s
H  364   175                     418.0000000   28.75000  93.1%  46.3    0s
  3185   643  373.66667   31   68  418.00000  202.50000  51.6%  33.3    5s
  6883   818  396.95833   29   83  418.00000  287.50000  31.2%  28.4   10s

Cutting planes:
  Zero half: 6
  RLT: 2
  BQP: 7

Explored 11404 nodes (296583 simplex iterations) in 14.96 seconds (17.64 work units)
Thread count was 1 (of 12 available processors)

Solution count 9: 418 427 454 ... 3884

Optimal solution found (tolerance 1.00e-04)
Best objective 4.180000000000e+02, best bound 4.180000000000e+02, gap 0.0000%
418.0
