Set parameter Username
Academic license - for non-commercial use only - expires 2025-08-28
Set parameter Threads to value 1
Set parameter Method to value 4
Gurobi Optimizer version 11.0.0 build v11.0.0rc2 (mac64[arm] - Darwin 23.5.0 23F79)

CPU model: Apple M3 Pro
Thread count: 12 physical cores, 12 logical processors, using up to 1 threads

Optimize a model with 2176 rows, 337 columns and 6526 nonzeros
Model fingerprint: 0x452f03d7
Variable types: 197 continuous, 140 integer (140 binary)
Coefficient statistics:
  Matrix range     [1e+00, 1e+00]
  Objective range  [1e+01, 3e+02]
  Bounds range     [1e+00, 1e+00]
  RHS range        [1e+00, 2e+00]
Presolve removed 352 rows and 58 columns
Presolve time: 0.00s
Presolved: 1824 rows, 279 columns, 5355 nonzeros
Variable types: 0 continuous, 279 integer (279 binary)
Found heuristic solution: objective 3770.0000000
Found heuristic solution: objective 3567.0000000

Root relaxation: objective 0.000000e+00, 158 iterations, 0.00 seconds (0.01 work units)

    Nodes    |    Current Node    |     Objective Bounds      |     Work
 Expl Unexpl |  Obj  Depth IntInf | Incumbent    BestBd   Gap | It/Node Time

     0     0    0.00000    0   44 3567.00000    0.00000   100%     -    0s
H    0     0                    2393.0000000    0.00000   100%     -    0s
H    0     0                    1530.0000000    0.00000   100%     -    0s
H    0     0                    1062.0000000    0.00000   100%     -    0s
H    0     0                     914.0000000    0.00000   100%     -    0s
     0     0    0.00000    0   97  914.00000    0.00000   100%     -    0s
H    0     0                     831.0000000    0.00000   100%     -    0s
H    0     0                     682.0000000    0.00000   100%     -    0s
     0     0    0.00000    0   88  682.00000    0.00000   100%     -    0s
H    0     0                     489.0000000    0.00000   100%     -    0s
H    0     0                     442.0000000    0.00000   100%     -    0s
     0     0    0.00000    0   94  442.00000    0.00000   100%     -    0s
     0     0    0.00000    0   85  442.00000    0.00000   100%     -    0s
H    0     0                     427.0000000    0.00000   100%     -    0s
     0     0    0.00000    0   85  427.00000    0.00000   100%     -    0s
     0     0    0.00000    0   64  427.00000    0.00000   100%     -    0s
     0     0    0.00000    0   64  427.00000    0.00000   100%     -    0s
H    0     0                     397.0000000    0.00000   100%     -    0s
     0     2    0.00000    0   64  397.00000    0.00000   100%     -    0s
H  130    79                     388.0000000   11.00000  97.2%  55.7    0s
  3149   479  262.00000   28   47  388.00000  236.50000  39.0%  32.0    5s

Cutting planes:
  Zero half: 5
  RLT: 7
  BQP: 8

Explored 6138 nodes (174356 simplex iterations) in 8.27 seconds (10.45 work units)
Thread count was 1 (of 12 available processors)

Solution count 10: 388 397 427 ... 1530

Optimal solution found (tolerance 1.00e-04)
Best objective 3.880000000000e+02, best bound 3.880000000000e+02, gap 0.0000%
388.0
