Set parameter Username
Academic license - for non-commercial use only - expires 2025-08-28
Set parameter Threads to value 1
Set parameter Method to value 4
Gurobi Optimizer version 11.0.0 build v11.0.0rc2 (mac64[arm] - Darwin 23.5.0 23F79)

CPU model: Apple M3 Pro
Thread count: 12 physical cores, 12 logical processors, using up to 1 threads

Optimize a model with 1917 rows, 305 columns and 5751 nonzeros
Model fingerprint: 0x9bb3471d
Variable types: 179 continuous, 126 integer (126 binary)
Coefficient statistics:
  Matrix range     [1e+00, 1e+00]
  Objective range  [1e+01, 3e+02]
  Bounds range     [1e+00, 1e+00]
  RHS range        [1e+00, 2e+00]
Found heuristic solution: objective 1020.0000000
Presolve removed 312 rows and 53 columns
Presolve time: 0.01s
Presolved: 1605 rows, 252 columns, 4725 nonzeros
Variable types: 0 continuous, 252 integer (252 binary)

Root relaxation: objective 0.000000e+00, 143 iterations, 0.00 seconds (0.00 work units)

    Nodes    |    Current Node    |     Objective Bounds      |     Work
 Expl Unexpl |  Obj  Depth IntInf | Incumbent    BestBd   Gap | It/Node Time

     0     0    0.00000    0   39 1020.00000    0.00000   100%     -    0s
H    0     0                     793.0000000    0.00000   100%     -    0s
H    0     0                     760.0000000    0.00000   100%     -    0s
H    0     0                     550.0000000    0.00000   100%     -    0s
H    0     0                     510.0000000    0.00000   100%     -    0s
     0     0    0.00000    0  100  510.00000    0.00000   100%     -    0s
H    0     0                     364.0000000    0.00000   100%     -    0s
H    0     0                     312.0000000    0.00000   100%     -    0s
     0     0    0.00000    0   81  312.00000    0.00000   100%     -    0s
H    0     0                     310.0000000    0.00000   100%     -    0s
H    0     0                     300.0000000    0.00000   100%     -    0s
     0     0    0.00000    0   64  300.00000    0.00000   100%     -    0s
     0     0    0.00000    0   48  300.00000    0.00000   100%     -    0s
H    0     0                     263.0000000    0.00000   100%     -    0s
H    0     0                     260.0000000    0.00000   100%     -    0s
H    0     0                     240.0000000    0.00000   100%     -    0s
H    0     0                     230.0000000    0.00000   100%     -    0s
     0     0    0.00000    0   67  230.00000    0.00000   100%     -    0s
     0     0    0.00000    0   67  230.00000    0.00000   100%     -    0s
     0     0    0.00000    0   61  230.00000    0.00000   100%     -    0s
     0     0    0.00000    0   61  230.00000    0.00000   100%     -    0s
     0     0    0.00000    0   61  230.00000    0.00000   100%     -    0s
     0     0    0.00000    0   36  230.00000    0.00000   100%     -    0s
     0     0    0.00000    0   69  230.00000    0.00000   100%     -    0s
H    0     0                     220.0000000    0.00000   100%     -    0s
     0     0    0.00000    0   68  220.00000    0.00000   100%     -    0s
     0     0    0.00000    0   49  220.00000    0.00000   100%     -    0s
H    0     0                     205.0000000    0.00000   100%     -    0s
     0     0    0.00000    0   48  205.00000    0.00000   100%     -    0s
     0     0    0.00000    0   47  205.00000    0.00000   100%     -    0s
H    0     0                     189.0000000    0.00000   100%     -    0s
     0     0    0.00000    0   66  189.00000    0.00000   100%     -    0s
     0     0    0.00000    0   63  189.00000    0.00000   100%     -    0s
     0     0    0.00000    0   49  189.00000    0.00000   100%     -    0s
     0     2    0.00000    0   49  189.00000    0.00000   100%     -    0s
H  190    65                     177.0000000   86.00000  51.4%  23.3    0s
H  279    61                     174.0000000  111.00000  36.2%  22.7    0s

Cutting planes:
  Gomory: 2
  Cover: 1
  MIR: 4
  Inf proof: 15
  Zero half: 21
  RLT: 21
  BQP: 21

Explored 1047 nodes (22703 simplex iterations) in 1.18 seconds (1.51 work units)
Thread count was 1 (of 12 available processors)

Solution count 10: 174 177 189 ... 300

Optimal solution found (tolerance 1.00e-04)
Best objective 1.740000000000e+02, best bound 1.740000000000e+02, gap 0.0000%
174.0
