Set parameter Username
Academic license - for non-commercial use only - expires 2025-08-28
Set parameter Threads to value 1
Set parameter Method to value 4
Gurobi Optimizer version 11.0.0 build v11.0.0rc2 (mac64[arm] - Darwin 23.5.0 23F79)

CPU model: Apple M3 Pro
Thread count: 12 physical cores, 12 logical processors, using up to 1 threads

Optimize a model with 1917 rows, 305 columns and 5751 nonzeros
Model fingerprint: 0xa7a8f600
Variable types: 179 continuous, 126 integer (126 binary)
Coefficient statistics:
  Matrix range     [1e+00, 1e+00]
  Objective range  [1e+01, 3e+02]
  Bounds range     [1e+00, 1e+00]
  RHS range        [1e+00, 2e+00]
Presolve removed 494 rows and 68 columns
Presolve time: 0.01s
Presolved: 1423 rows, 237 columns, 4186 nonzeros
Variable types: 0 continuous, 237 integer (237 binary)
Found heuristic solution: objective 2614.0000000
Found heuristic solution: objective 1107.0000000
Found heuristic solution: objective 959.0000000

Root relaxation: objective 0.000000e+00, 173 iterations, 0.00 seconds (0.01 work units)

    Nodes    |    Current Node    |     Objective Bounds      |     Work
 Expl Unexpl |  Obj  Depth IntInf | Incumbent    BestBd   Gap | It/Node Time

     0     0    0.00000    0   61  959.00000    0.00000   100%     -    0s
H    0     0                     758.0000000    0.00000   100%     -    0s
     0     0    0.00000    0   80  758.00000    0.00000   100%     -    0s
     0     0    0.00000    0   67  758.00000    0.00000   100%     -    0s
H    0     0                     652.0000000    0.00000   100%     -    0s
H    0     0                     540.0000000    0.00000   100%     -    0s
H    0     0                     405.0000000    0.00000   100%     -    0s
     0     0    0.00000    0   63  405.00000    0.00000   100%     -    0s
     0     0    0.00000    0   65  405.00000    0.00000   100%     -    0s
H    0     0                     316.0000000    0.00000   100%     -    0s
H    0     0                     306.0000000    0.00000   100%     -    0s
H    0     0                     261.0000000    0.00000   100%     -    0s
     0     0    0.00000    0   75  261.00000    0.00000   100%     -    0s
     0     0    0.00000    0   69  261.00000    0.00000   100%     -    0s
     0     0    0.00000    0   74  261.00000    0.00000   100%     -    0s
     0     0    0.00000    0   76  261.00000    0.00000   100%     -    0s
     0     0    0.00000    0   52  261.00000    0.00000   100%     -    0s
H    0     0                     253.0000000    0.00000   100%     -    0s
     0     2    0.00000    0   52  253.00000    0.00000   100%     -    0s
*   69    52              16     245.0000000   13.00000  94.7%  45.6    0s
*  127    79              15     230.0000000   29.83333  87.0%  37.5    0s

Cutting planes:
  Gomory: 1
  MIR: 3
  Inf proof: 33
  Zero half: 40
  RLT: 36
  BQP: 27

Explored 2644 nodes (57671 simplex iterations) in 2.56 seconds (3.19 work units)
Thread count was 1 (of 12 available processors)

Solution count 10: 230 245 253 ... 758

Optimal solution found (tolerance 1.00e-04)
Best objective 2.300000000000e+02, best bound 2.300000000000e+02, gap 0.0000%
230.0
