Set parameter Username
Academic license - for non-commercial use only - expires 2025-08-28
Set parameter Threads to value 1
Set parameter Method to value 4
Gurobi Optimizer version 11.0.0 build v11.0.0rc2 (mac64[arm] - Darwin 23.5.0 23F79)

CPU model: Apple M3 Pro
Thread count: 12 physical cores, 12 logical processors, using up to 1 threads

Optimize a model with 2306 rows, 353 columns and 6914 nonzeros
Model fingerprint: 0x46b252be
Variable types: 206 continuous, 147 integer (147 binary)
Coefficient statistics:
  Matrix range     [1e+00, 1e+00]
  Objective range  [1e+01, 3e+02]
  Bounds range     [1e+00, 1e+00]
  RHS range        [1e+00, 2e+00]
Presolve removed 376 rows and 61 columns
Presolve time: 0.01s
Presolved: 1930 rows, 292 columns, 5656 nonzeros
Variable types: 0 continuous, 292 integer (292 binary)
Found heuristic solution: objective 3870.0000000
Found heuristic solution: objective 3674.0000000

Root relaxation: objective 0.000000e+00, 137 iterations, 0.00 seconds (0.01 work units)

    Nodes    |    Current Node    |     Objective Bounds      |     Work
 Expl Unexpl |  Obj  Depth IntInf | Incumbent    BestBd   Gap | It/Node Time

     0     0    0.00000    0   42 3674.00000    0.00000   100%     -    0s
H    0     0                     880.0000000    0.00000   100%     -    0s
     0     0    0.00000    0   69  880.00000    0.00000   100%     -    0s
H    0     0                     792.0000000    0.00000   100%     -    0s
     0     0    0.00000    0  106  792.00000    0.00000   100%     -    0s
     0     0    0.00000    0  105  792.00000    0.00000   100%     -    0s
     0     0    0.00000    0   88  792.00000    0.00000   100%     -    0s
H    0     0                     784.0000000    0.00000   100%     -    0s
H    0     0                     729.0000000    0.00000   100%     -    0s
H    0     0                     694.0000000    0.00000   100%     -    0s
     0     0    0.00000    0   87  694.00000    0.00000   100%     -    0s
     0     0    0.00000    0  111  694.00000    0.00000   100%     -    0s
     0     0    0.00000    0  110  694.00000    0.00000   100%     -    0s
     0     2    0.00000    0   94  694.00000    0.00000   100%     -    0s
H   78    70                     661.0000000   11.00000  98.3%  60.1    0s
H   81    73                     637.0000000   11.00000  98.3%  59.5    0s
H  105    88                     592.0000000   11.00000  98.1%  50.8    0s
H  162   122                     581.0000000   22.00000  96.2%  60.8    0s
H  313   228                     580.0000000   28.00000  95.2%  65.9    0s
H  496   342                     577.0000000   35.00000  93.9%  62.1    1s
H  624   420                     527.0000000   35.66667  93.2%  61.3    1s
H  625   399                     494.0000000   35.66667  92.8%  61.2    1s
H  635   386                     481.0000000   35.66667  92.6%  60.3    1s
H  644   372                     464.0000000   35.66667  92.3%  65.8    1s
H  748   376                     431.0000000   35.66667  91.7%  62.8    2s
H  774   369                     420.0000000   35.66667  91.5%  62.3    2s
  2778   672     cutoff   26       420.00000  199.18333  52.6%  37.7    5s
  7064   961  376.16667   33   70  420.00000  300.50000  28.5%  29.9   10s
 11383   103  403.73810   28   84  420.00000  389.36364  7.29%  26.8   15s

Cutting planes:
  Zero half: 3
  RLT: 3
  BQP: 9

Explored 11523 nodes (308603 simplex iterations) in 15.14 seconds (17.88 work units)
Thread count was 1 (of 12 available processors)

Solution count 10: 420 431 464 ... 592

Optimal solution found (tolerance 1.00e-04)
Best objective 4.200000000000e+02, best bound 4.200000000000e+02, gap 0.0000%
420.0
