Set parameter Username
Academic license - for non-commercial use only - expires 2025-08-28
Set parameter Threads to value 1
Set parameter Method to value 4
Gurobi Optimizer version 11.0.0 build v11.0.0rc2 (mac64[arm] - Darwin 23.5.0 23F79)

CPU model: Apple M3 Pro
Thread count: 12 physical cores, 12 logical processors, using up to 1 threads

Optimize a model with 2479 rows, 370 columns and 7445 nonzeros
Model fingerprint: 0x0c93d8ae
Variable types: 218 continuous, 152 integer (152 binary)
Coefficient statistics:
  Matrix range     [1e+00, 1e+00]
  Objective range  [1e+01, 3e+02]
  Bounds range     [1e+00, 1e+00]
  RHS range        [1e+00, 2e+00]
Presolve removed 413 rows and 65 columns
Presolve time: 0.01s
Presolved: 2066 rows, 305 columns, 6080 nonzeros
Variable types: 0 continuous, 305 integer (305 binary)
Found heuristic solution: objective 2876.0000000
Found heuristic solution: objective 2684.0000000

Root relaxation: objective 0.000000e+00, 168 iterations, 0.01 seconds (0.01 work units)

    Nodes    |    Current Node    |     Objective Bounds      |     Work
 Expl Unexpl |  Obj  Depth IntInf | Incumbent    BestBd   Gap | It/Node Time

     0     0    0.00000    0   38 2684.00000    0.00000   100%     -    0s
H    0     0                     610.0000000    0.00000   100%     -    0s
H    0     0                     573.0000000    0.00000   100%     -    0s
     0     0    0.00000    0   69  573.00000    0.00000   100%     -    0s
H    0     0                     556.0000000    0.00000   100%     -    0s
H    0     0                     352.0000000    0.00000   100%     -    0s
H    0     0                     342.0000000    0.00000   100%     -    0s
     0     0    0.00000    0  107  342.00000    0.00000   100%     -    0s
     0     0    0.00000    0   97  342.00000    0.00000   100%     -    0s
     0     0    0.00000    0   72  342.00000    0.00000   100%     -    0s
H    0     0                     328.0000000    0.00000   100%     -    0s
     0     0    0.00000    0   72  328.00000    0.00000   100%     -    0s
     0     0    0.00000    0   79  328.00000    0.00000   100%     -    0s
     0     0    0.00000    0   79  328.00000    0.00000   100%     -    0s
H    0     0                     318.0000000    0.00000   100%     -    0s
     0     2    0.00000    0   79  318.00000    0.00000   100%     -    0s
*  123    90              21     293.0000000   41.00000  86.0%  44.2    0s
H  131    81                     283.0000000   41.00000  85.5%  41.9    0s
H  162    91                     258.0000000   44.00000  82.9%  39.7    0s
*  168    94              15     255.0000000   44.00000  82.7%  38.8    0s
H  189   103                     225.0000000   44.00000  80.4%  40.8    0s
*  427   226              28     211.0000000   49.22222  76.7%  40.3    1s
  2246   365     cutoff   31       211.00000   91.00000  56.9%  33.1    5s
  5188   211     cutoff   26       211.00000  177.00000  16.1%  29.2   10s

Cutting planes:
  Zero half: 1
  RLT: 7
  BQP: 14

Explored 5551 nodes (159548 simplex iterations) in 10.35 seconds (11.32 work units)
Thread count was 1 (of 12 available processors)

Solution count 10: 211 225 255 ... 352

Optimal solution found (tolerance 1.00e-04)
Best objective 2.110000000000e+02, best bound 2.110000000000e+02, gap 0.0000%
211.0
