Set parameter Username
Academic license - for non-commercial use only - expires 2025-08-28
Set parameter Threads to value 1
Set parameter Method to value 4
Gurobi Optimizer version 11.0.0 build v11.0.0rc2 (mac64[arm] - Darwin 23.5.0 23F79)

CPU model: Apple M3 Pro
Thread count: 12 physical cores, 12 logical processors, using up to 1 threads

Optimize a model with 2479 rows, 370 columns and 7445 nonzeros
Model fingerprint: 0x7633bd47
Variable types: 218 continuous, 152 integer (152 binary)
Coefficient statistics:
  Matrix range     [1e+00, 1e+00]
  Objective range  [1e+01, 3e+02]
  Bounds range     [1e+00, 1e+00]
  RHS range        [1e+00, 2e+00]
Presolve removed 413 rows and 65 columns
Presolve time: 0.01s
Presolved: 2066 rows, 305 columns, 6080 nonzeros
Variable types: 0 continuous, 305 integer (305 binary)
Found heuristic solution: objective 2864.0000000
Found heuristic solution: objective 2672.0000000

Root relaxation: objective 0.000000e+00, 168 iterations, 0.00 seconds (0.01 work units)

    Nodes    |    Current Node    |     Objective Bounds      |     Work
 Expl Unexpl |  Obj  Depth IntInf | Incumbent    BestBd   Gap | It/Node Time

     0     0    0.00000    0   38 2672.00000    0.00000   100%     -    0s
H    0     0                     609.0000000    0.00000   100%     -    0s
H    0     0                     572.0000000    0.00000   100%     -    0s
     0     0    0.00000    0   69  572.00000    0.00000   100%     -    0s
H    0     0                     551.0000000    0.00000   100%     -    0s
H    0     0                     350.0000000    0.00000   100%     -    0s
H    0     0                     340.0000000    0.00000   100%     -    0s
     0     0    0.00000    0  107  340.00000    0.00000   100%     -    0s
     0     0    0.00000    0   97  340.00000    0.00000   100%     -    0s
     0     0    0.00000    0   93  340.00000    0.00000   100%     -    0s
     0     0    0.00000    0   91  340.00000    0.00000   100%     -    0s
     0     0    0.00000    0   88  340.00000    0.00000   100%     -    0s
     0     0    0.00000    0   88  340.00000    0.00000   100%     -    0s
     0     0    0.00000    0  101  340.00000    0.00000   100%     -    0s
     0     0    0.00000    0   75  340.00000    0.00000   100%     -    0s
     0     2    0.00000    0   74  340.00000    0.00000   100%     -    0s
H   45    45                     245.0000000    0.00000   100%  42.1    0s
H  162    98                     222.0000000   10.66667  95.2%  43.1    0s
H  190    97                     210.0000000   11.00000  94.8%  40.8    0s
H  267   155                     209.0000000   13.00000  93.8%  43.6    0s
  1980   419  129.16667   23   67  209.00000   86.00000  58.9%  35.3    5s
  5074   629     cutoff   26       209.00000  139.33333  33.3%  29.4   10s

Cutting planes:
  Gomory: 1
  Zero half: 2
  RLT: 1
  BQP: 6

Explored 7042 nodes (194661 simplex iterations) in 12.35 seconds (13.71 work units)
Thread count was 1 (of 12 available processors)

Solution count 10: 209 210 222 ... 2672

Optimal solution found (tolerance 1.00e-04)
Best objective 2.090000000000e+02, best bound 2.090000000000e+02, gap 0.0000%
209.0
