Set parameter Username
Academic license - for non-commercial use only - expires 2025-08-28
Set parameter Threads to value 1
Set parameter Method to value 4
Gurobi Optimizer version 11.0.0 build v11.0.0rc2 (mac64[arm] - Darwin 23.5.0 23F79)

CPU model: Apple M3 Pro
Thread count: 12 physical cores, 12 logical processors, using up to 1 threads

Optimize a model with 2184 rows, 336 columns and 6560 nonzeros
Model fingerprint: 0xdc304374
Variable types: 200 continuous, 136 integer (136 binary)
Coefficient statistics:
  Matrix range     [1e+00, 1e+00]
  Objective range  [1e+01, 3e+02]
  Bounds range     [1e+00, 1e+00]
  RHS range        [1e+00, 2e+00]
Presolve removed 368 rows and 60 columns
Presolve time: 0.00s
Presolved: 1816 rows, 276 columns, 5360 nonzeros
Variable types: 0 continuous, 276 integer (276 binary)
Found heuristic solution: objective 603.0000000
Found heuristic solution: objective 576.0000000

Root relaxation: objective 0.000000e+00, 160 iterations, 0.00 seconds (0.01 work units)

    Nodes    |    Current Node    |     Objective Bounds      |     Work
 Expl Unexpl |  Obj  Depth IntInf | Incumbent    BestBd   Gap | It/Node Time

     0     0    0.00000    0   57  576.00000    0.00000   100%     -    0s
H    0     0                     297.0000000    0.00000   100%     -    0s
H    0     0                     228.0000000    0.00000   100%     -    0s
H    0     0                     213.0000000    0.00000   100%     -    0s
     0     0    0.00000    0   98  213.00000    0.00000   100%     -    0s
H    0     0                     180.0000000    0.00000   100%     -    0s
H    0     0                     156.0000000    0.00000   100%     -    0s
     0     0    0.00000    0   48  156.00000    0.00000   100%     -    0s
H    0     0                     150.0000000    0.00000   100%     -    0s
     0     0    0.00000    0   44  150.00000    0.00000   100%     -    0s
H    0     0                     140.0000000    0.00000   100%     -    0s
     0     0    0.00000    0   61  140.00000    0.00000   100%     -    0s
     0     0    0.00000    0   71  140.00000    0.00000   100%     -    0s
H    0     0                     125.0000000    0.00000   100%     -    0s
     0     0    0.00000    0   84  125.00000    0.00000   100%     -    0s
     0     0    2.14286    0   98  125.00000    2.14286  98.3%     -    0s
H    0     0                     124.0000000    2.14286  98.3%     -    0s
     0     0    2.14286    0  100  124.00000    2.14286  98.3%     -    0s
     0     0    2.14286    0   94  124.00000    2.14286  98.3%     -    0s
H    0     0                     121.0000000    2.14286  98.2%     -    0s
     0     0    2.14286    0   97  121.00000    2.14286  98.2%     -    0s
     0     0    2.14286    0   79  121.00000    2.14286  98.2%     -    0s
H    0     0                     118.0000000    2.14286  98.2%     -    0s
     0     0    2.14286    0   84  118.00000    2.14286  98.2%     -    0s
     0     0    3.85714    0   95  118.00000    3.85714  96.7%     -    0s
     0     0    3.85714    0  108  118.00000    3.85714  96.7%     -    0s
     0     0    3.85714    0  106  118.00000    3.85714  96.7%     -    0s
     0     0    3.85714    0  105  118.00000    3.85714  96.7%     -    0s
     0     0    3.85714    0  108  118.00000    3.85714  96.7%     -    0s
     0     0    3.85714    0  108  118.00000    3.85714  96.7%     -    0s
     0     2   15.00000    0  108  118.00000   15.00000  87.3%     -    0s
*   36    19               6     103.0000000   37.00000  64.1%  50.9    0s

Cutting planes:
  MIR: 12
  Zero half: 70
  RLT: 27
  BQP: 12

Explored 326 nodes (13742 simplex iterations) in 0.77 seconds (0.90 work units)
Thread count was 1 (of 12 available processors)

Solution count 10: 103 118 121 ... 213

Optimal solution found (tolerance 1.00e-04)
Best objective 1.030000000000e+02, best bound 1.030000000000e+02, gap 0.0000%
103.0
