Set parameter Username
Academic license - for non-commercial use only - expires 2025-08-28
Set parameter Threads to value 1
Set parameter Method to value 4
Gurobi Optimizer version 11.0.0 build v11.0.0rc2 (mac64[arm] - Darwin 23.5.0 23F79)

CPU model: Apple M3 Pro
Thread count: 12 physical cores, 12 logical processors, using up to 1 threads

Optimize a model with 2774 rows, 404 columns and 8330 nonzeros
Model fingerprint: 0x3dceadec
Variable types: 236 continuous, 168 integer (168 binary)
Coefficient statistics:
  Matrix range     [1e+00, 1e+00]
  Objective range  [1e+01, 3e+02]
  Bounds range     [1e+00, 1e+00]
  RHS range        [1e+00, 2e+00]
Presolve removed 458 rows and 70 columns
Presolve time: 0.01s
Presolved: 2316 rows, 334 columns, 6800 nonzeros
Variable types: 0 continuous, 334 integer (334 binary)
Found heuristic solution: objective 3858.0000000
Found heuristic solution: objective 3669.0000000

Root relaxation: objective 0.000000e+00, 158 iterations, 0.00 seconds (0.01 work units)

    Nodes    |    Current Node    |     Objective Bounds      |     Work
 Expl Unexpl |  Obj  Depth IntInf | Incumbent    BestBd   Gap | It/Node Time

     0     0    0.00000    0   49 3669.00000    0.00000   100%     -    0s
H    0     0                    3410.0000000    0.00000   100%     -    0s
H    0     0                    2804.0000000    0.00000   100%     -    0s
H    0     0                    2764.0000000    0.00000   100%     -    0s
     0     0    0.00000    0   89 2764.00000    0.00000   100%     -    0s
H    0     0                    1829.0000000    0.00000   100%     -    0s
H    0     0                    1191.0000000    0.00000   100%     -    0s
     0     0    0.00000    0  113 1191.00000    0.00000   100%     -    0s
H    0     0                     897.0000000    0.00000   100%     -    0s
H    0     0                     722.0000000    0.00000   100%     -    0s
     0     0    0.00000    0   89  722.00000    0.00000   100%     -    0s
     0     0    0.00000    0  121  722.00000    0.00000   100%     -    0s
     0     0    0.00000    0  124  722.00000    0.00000   100%     -    0s
     0     0    0.00000    0   97  722.00000    0.00000   100%     -    0s
H    0     0                     687.0000000    0.00000   100%     -    0s
H    0     0                     684.0000000    0.00000   100%     -    0s
     0     0    0.00000    0   99  684.00000    0.00000   100%     -    0s
     0     0    0.00000    0   92  684.00000    0.00000   100%     -    0s
     0     0    0.00000    0   92  684.00000    0.00000   100%     -    0s
H    0     0                     634.0000000    0.00000   100%     -    0s
H    0     0                     594.0000000    0.00000   100%     -    0s
H    0     0                     520.0000000    0.00000   100%     -    0s
H    0     0                     485.0000000    0.00000   100%     -    0s
     0     2    0.00000    0   66  485.00000    0.00000   100%     -    0s
H   81    64                     418.0000000   10.00000  97.6%  65.5    0s
H  105    72                     406.0000000   10.00000  97.5%  57.8    0s
H  108    75                     403.0000000   10.00000  97.5%  57.9    0s
H 1564   494                     397.0000000   73.66667  81.4%  42.8    4s
  1971   554  327.50000   29   31  397.00000   97.00000  75.6%  40.0    5s
  4818  1269  386.50000   40   55  397.00000  194.83333  50.9%  32.8   10s
  8010  1517     cutoff   34       397.00000  248.00000  37.5%  29.6   15s
 10202  1698 infeasible   32       397.00000  268.83667  32.3%  28.3   21s
 12671  1813  317.13333   31   71  397.00000  289.54545  27.1%  27.4   25s
 16199  1627  348.07895   32   65  397.00000  315.00000  20.7%  26.5   30s
 20809  1017  366.20486   39   87  397.00000  344.33333  13.3%  24.8   35s

Cutting planes:
  Gomory: 2
  Flow cover: 6
  Zero half: 13
  RLT: 13
  BQP: 11

Explored 23690 nodes (558411 simplex iterations) in 37.68 seconds (45.25 work units)
Thread count was 1 (of 12 available processors)

Solution count 10: 397 403 406 ... 687

Optimal solution found (tolerance 1.00e-04)
Best objective 3.970000000000e+02, best bound 3.970000000000e+02, gap 0.0000%
397.0
