Set parameter Username
Academic license - for non-commercial use only - expires 2025-08-28
Set parameter Threads to value 1
Set parameter Method to value 4
Gurobi Optimizer version 11.0.0 build v11.0.0rc2 (mac64[arm] - Darwin 23.5.0 23F79)

CPU model: Apple M3 Pro
Thread count: 12 physical cores, 12 logical processors, using up to 1 threads

Optimize a model with 2184 rows, 336 columns and 6560 nonzeros
Model fingerprint: 0x86e057ec
Variable types: 200 continuous, 136 integer (136 binary)
Coefficient statistics:
  Matrix range     [1e+00, 1e+00]
  Objective range  [1e+01, 3e+02]
  Bounds range     [1e+00, 1e+00]
  RHS range        [1e+00, 2e+00]
Presolve removed 572 rows and 75 columns
Presolve time: 0.01s
Presolved: 1612 rows, 261 columns, 4756 nonzeros
Variable types: 0 continuous, 261 integer (261 binary)
Found heuristic solution: objective 3325.0000000
Found heuristic solution: objective 3115.0000000

Root relaxation: objective 0.000000e+00, 152 iterations, 0.00 seconds (0.01 work units)

    Nodes    |    Current Node    |     Objective Bounds      |     Work
 Expl Unexpl |  Obj  Depth IntInf | Incumbent    BestBd   Gap | It/Node Time

     0     0    0.00000    0   34 3115.00000    0.00000   100%     -    0s
H    0     0                    2815.0000000    0.00000   100%     -    0s
H    0     0                    1653.0000000    0.00000   100%     -    0s
H    0     0                     687.0000000    0.00000   100%     -    0s
     0     0    0.00000    0   73  687.00000    0.00000   100%     -    0s
H    0     0                     419.0000000    0.00000   100%     -    0s
     0     0    0.00000    0   77  419.00000    0.00000   100%     -    0s
H    0     0                     320.0000000    0.00000   100%     -    0s
H    0     0                     295.0000000    0.00000   100%     -    0s
     0     0    0.00000    0   75  295.00000    0.00000   100%     -    0s
     0     0    0.00000    0   43  295.00000    0.00000   100%     -    0s
H    0     0                     266.0000000    0.00000   100%     -    0s
     0     0    0.00000    0   35  266.00000    0.00000   100%     -    0s
     0     0    0.00000    0   53  266.00000    0.00000   100%     -    0s
H    0     0                     265.0000000    0.00000   100%     -    0s
     0     0    0.00000    0   49  265.00000    0.00000   100%     -    0s
     0     0    0.00000    0   61  265.00000    0.00000   100%     -    0s
     0     0    0.00000    0   60  265.00000    0.00000   100%     -    0s
     0     2    0.00000    0   60  265.00000    0.00000   100%     -    0s
*   24    22              15     250.0000000   25.00000  90.0%  48.2    0s
*   25    21              16     249.0000000   25.00000  90.0%  46.6    0s
*   26    20              16     244.0000000   25.00000  89.8%  45.2    0s
H   27    19                     223.0000000   25.00000  88.8%  43.5    0s
*   75    51              15     192.0000000   25.00000  87.0%  36.6    0s
*   81    47              17     177.0000000   25.00000  85.9%  34.3    0s
  3673   105 infeasible   30       177.00000  142.00000  19.8%  20.9    5s

Cutting planes:
  Inf proof: 2
  Zero half: 5
  RLT: 3
  BQP: 2

Explored 3974 nodes (82041 simplex iterations) in 5.23 seconds (5.87 work units)
Thread count was 1 (of 12 available processors)

Solution count 10: 177 192 223 ... 320

Optimal solution found (tolerance 1.00e-04)
Best objective 1.770000000000e+02, best bound 1.770000000000e+02, gap 0.0000%
177.0
