Set parameter Username
Academic license - for non-commercial use only - expires 2025-08-28
Set parameter Threads to value 1
Set parameter Method to value 4
Gurobi Optimizer version 11.0.0 build v11.0.0rc2 (mac64[arm] - Darwin 23.5.0 23F79)

CPU model: Apple M3 Pro
Thread count: 12 physical cores, 12 logical processors, using up to 1 threads

Optimize a model with 2774 rows, 404 columns and 8330 nonzeros
Model fingerprint: 0xc3ca9055
Variable types: 236 continuous, 168 integer (168 binary)
Coefficient statistics:
  Matrix range     [1e+00, 1e+00]
  Objective range  [1e+01, 3e+02]
  Bounds range     [1e+00, 1e+00]
  RHS range        [1e+00, 2e+00]
Presolve removed 458 rows and 70 columns
Presolve time: 0.01s
Presolved: 2316 rows, 334 columns, 6800 nonzeros
Variable types: 0 continuous, 334 integer (334 binary)
Found heuristic solution: objective 3870.0000000
Found heuristic solution: objective 3674.0000000

Root relaxation: objective 0.000000e+00, 158 iterations, 0.01 seconds (0.01 work units)

    Nodes    |    Current Node    |     Objective Bounds      |     Work
 Expl Unexpl |  Obj  Depth IntInf | Incumbent    BestBd   Gap | It/Node Time

     0     0    0.00000    0   49 3674.00000    0.00000   100%     -    0s
H    0     0                    3414.0000000    0.00000   100%     -    0s
H    0     0                    2812.0000000    0.00000   100%     -    0s
H    0     0                    2764.0000000    0.00000   100%     -    0s
     0     0    0.00000    0   89 2764.00000    0.00000   100%     -    0s
H    0     0                    1846.0000000    0.00000   100%     -    0s
H    0     0                    1216.0000000    0.00000   100%     -    0s
     0     0    0.00000    0  117 1216.00000    0.00000   100%     -    0s
H    0     0                    1145.0000000    0.00000   100%     -    0s
H    0     0                    1070.0000000    0.00000   100%     -    0s
     0     0    0.00000    0  103 1070.00000    0.00000   100%     -    0s
H    0     0                    1044.0000000    0.00000   100%     -    0s
     0     0    0.00000    0  102 1044.00000    0.00000   100%     -    0s
     0     0    0.00000    0   99 1044.00000    0.00000   100%     -    0s
H    0     0                     728.0000000    0.00000   100%     -    0s
H    0     0                     723.0000000    0.00000   100%     -    0s
     0     0    0.00000    0   96  723.00000    0.00000   100%     -    0s
     0     0    0.00000    0   84  723.00000    0.00000   100%     -    0s
     0     0    0.00000    0   84  723.00000    0.00000   100%     -    0s
H    0     0                     507.0000000    0.00000   100%     -    0s
     0     2    0.00000    0   84  507.00000    0.00000   100%     -    0s
H   52    34                     471.0000000   11.00000  97.7%  58.4    0s
*  102    64              21     424.0000000   11.00000  97.4%  52.6    0s
H  328   179                     420.0000000   22.00000  94.8%  54.3    1s
H  798   317                     405.0000000   45.00000  88.9%  49.1    2s
  2043   453  208.05000   24   83  405.00000  157.00000  61.2%  43.3    5s
  5449   799  314.00000   21   58  405.00000  278.00000  31.4%  33.5   10s
  9432   653 infeasible   26       405.00000  336.50000  16.9%  28.7   15s

Cutting planes:
  Zero half: 2
  RLT: 6
  BQP: 17

Explored 11101 nodes (304190 simplex iterations) in 16.95 seconds (21.07 work units)
Thread count was 1 (of 12 available processors)

Solution count 10: 405 420 424 ... 1145

Optimal solution found (tolerance 1.00e-04)
Best objective 4.050000000000e+02, best bound 4.050000000000e+02, gap 0.0000%
405.0
