Set parameter Username
Academic license - for non-commercial use only - expires 2025-08-28
Set parameter Threads to value 1
Set parameter Method to value 4
Gurobi Optimizer version 11.0.0 build v11.0.0rc2 (mac64[arm] - Darwin 23.5.0 23F79)

CPU model: Apple M3 Pro
Thread count: 12 physical cores, 12 logical processors, using up to 1 threads

Optimize a model with 2626 rows, 387 columns and 7887 nonzeros
Model fingerprint: 0xa3859c31
Variable types: 227 continuous, 160 integer (160 binary)
Coefficient statistics:
  Matrix range     [1e+00, 1e+00]
  Objective range  [1e+01, 3e+02]
  Bounds range     [1e+00, 1e+00]
  RHS range        [1e+00, 2e+00]
Presolve removed 431 rows and 67 columns
Presolve time: 0.01s
Presolved: 2195 rows, 320 columns, 6456 nonzeros
Variable types: 0 continuous, 320 integer (320 binary)
Found heuristic solution: objective 1096.0000000

Root relaxation: objective 0.000000e+00, 156 iterations, 0.00 seconds (0.01 work units)

    Nodes    |    Current Node    |     Objective Bounds      |     Work
 Expl Unexpl |  Obj  Depth IntInf | Incumbent    BestBd   Gap | It/Node Time

     0     0    0.00000    0   59 1096.00000    0.00000   100%     -    0s
H    0     0                     977.0000000    0.00000   100%     -    0s
H    0     0                     968.0000000    0.00000   100%     -    0s
H    0     0                     946.0000000    0.00000   100%     -    0s
     0     0    0.00000    0   83  946.00000    0.00000   100%     -    0s
H    0     0                     879.0000000    0.00000   100%     -    0s
H    0     0                     839.0000000    0.00000   100%     -    0s
     0     0    0.00000    0   96  839.00000    0.00000   100%     -    0s
H    0     0                     792.0000000    0.00000   100%     -    0s
H    0     0                     713.0000000    0.00000   100%     -    0s
H    0     0                     709.0000000    0.00000   100%     -    0s
     0     0    0.00000    0   90  709.00000    0.00000   100%     -    0s
     0     0    0.00000    0   95  709.00000    0.00000   100%     -    0s
H    0     0                     691.0000000    0.00000   100%     -    0s
H    0     0                     676.0000000    0.00000   100%     -    0s
     0     0    0.00000    0   96  676.00000    0.00000   100%     -    0s
     0     0    0.00000    0   85  676.00000    0.00000   100%     -    0s
     0     0    0.00000    0   84  676.00000    0.00000   100%     -    0s
H    0     0                     562.0000000    0.00000   100%     -    0s
H    0     0                     526.0000000    0.00000   100%     -    0s
     0     2    0.00000    0   84  526.00000    0.00000   100%     -    0s
*   42    42              25     412.0000000    0.00000   100%  57.9    0s
H   79    58                     391.0000000    0.00000   100%  54.2    0s
H  105    81                     366.0000000    0.00000   100%  51.6    0s
H  109    77                     349.0000000    0.00000   100%  50.1    0s
H  165    96                     325.0000000   15.00000  95.4%  48.7    0s
H  502   255                     323.0000000   38.00000  88.2%  41.0    1s
  2351   300  235.23077   20   95  323.00000  208.00000  35.6%  33.3    5s

Cutting planes:
  Zero half: 2
  RLT: 5
  BQP: 4

Explored 4034 nodes (121923 simplex iterations) in 7.54 seconds (9.32 work units)
Thread count was 1 (of 12 available processors)

Solution count 10: 323 325 349 ... 691

Optimal solution found (tolerance 1.00e-04)
Best objective 3.230000000000e+02, best bound 3.230000000000e+02, gap 0.0000%
323.0
