Set parameter Username
Academic license - for non-commercial use only - expires 2025-08-28
Set parameter Threads to value 1
Set parameter Method to value 4
Gurobi Optimizer version 11.0.0 build v11.0.0rc2 (mac64[arm] - Darwin 23.5.0 23F79)

CPU model: Apple M3 Pro
Thread count: 12 physical cores, 12 logical processors, using up to 1 threads

Optimize a model with 2774 rows, 404 columns and 8330 nonzeros
Model fingerprint: 0x5487e724
Variable types: 236 continuous, 168 integer (168 binary)
Coefficient statistics:
  Matrix range     [1e+00, 1e+00]
  Objective range  [1e+01, 3e+02]
  Bounds range     [1e+00, 1e+00]
  RHS range        [1e+00, 2e+00]
Presolve removed 458 rows and 70 columns
Presolve time: 0.01s
Presolved: 2316 rows, 334 columns, 6800 nonzeros
Variable types: 0 continuous, 334 integer (334 binary)
Found heuristic solution: objective 3884.0000000
Found heuristic solution: objective 3688.0000000

Root relaxation: objective 0.000000e+00, 158 iterations, 0.00 seconds (0.01 work units)

    Nodes    |    Current Node    |     Objective Bounds      |     Work
 Expl Unexpl |  Obj  Depth IntInf | Incumbent    BestBd   Gap | It/Node Time

     0     0    0.00000    0   49 3688.00000    0.00000   100%     -    0s
H    0     0                    3420.0000000    0.00000   100%     -    0s
H    0     0                    2822.0000000    0.00000   100%     -    0s
H    0     0                    2774.0000000    0.00000   100%     -    0s
     0     0    0.00000    0   89 2774.00000    0.00000   100%     -    0s
H    0     0                    1854.0000000    0.00000   100%     -    0s
H    0     0                    1224.0000000    0.00000   100%     -    0s
     0     0    0.00000    0   79 1224.00000    0.00000   100%     -    0s
H    0     0                     854.0000000    0.00000   100%     -    0s
H    0     0                     850.0000000    0.00000   100%     -    0s
     0     0    0.00000    0  111  850.00000    0.00000   100%     -    0s
H    0     0                     536.0000000    0.00000   100%     -    0s
     0     0    0.00000    0  110  536.00000    0.00000   100%     -    0s
     0     0    0.00000    0   71  536.00000    0.00000   100%     -    0s
     0     0    0.00000    0   71  536.00000    0.00000   100%     -    0s
H    0     0                     506.0000000    0.00000   100%     -    0s
     0     2    0.00000    0   71  506.00000    0.00000   100%     -    0s
*   45    43              26     444.0000000    0.00000   100%  70.5    0s
*   48    42              28     435.0000000    0.00000   100%  66.8    0s
H  167   108                     420.0000000    0.00000   100%  71.1    0s
H  356   213                     418.0000000    2.40000  99.4%  63.4    1s
H  370   224                     408.0000000    2.40000  99.4%  63.6    1s
H 1917   382                     403.0000000  235.50000  41.6%  42.4    4s
  2064   412     cutoff   26       403.00000  241.00000  40.2%  41.2    5s

Cutting planes:
  Gomory: 1
  Zero half: 5
  RLT: 11
  BQP: 18

Explored 4804 nodes (152669 simplex iterations) in 8.72 seconds (11.05 work units)
Thread count was 1 (of 12 available processors)

Solution count 10: 403 408 418 ... 854

Optimal solution found (tolerance 1.00e-04)
Best objective 4.030000000000e+02, best bound 4.030000000000e+02, gap 0.0000%
403.0
