Set parameter Username
Academic license - for non-commercial use only - expires 2025-08-28
Set parameter Threads to value 1
Set parameter Method to value 4
Gurobi Optimizer version 11.0.0 build v11.0.0rc2 (mac64[arm] - Darwin 23.5.0 23F79)

CPU model: Apple M3 Pro
Thread count: 12 physical cores, 12 logical processors, using up to 1 threads

Optimize a model with 2331 rows, 353 columns and 7002 nonzeros
Model fingerprint: 0x76185dc1
Variable types: 209 continuous, 144 integer (144 binary)
Coefficient statistics:
  Matrix range     [1e+00, 1e+00]
  Objective range  [1e+01, 3e+02]
  Bounds range     [1e+00, 1e+00]
  RHS range        [1e+00, 2e+00]
Presolve removed 606 rows and 78 columns
Presolve time: 0.01s
Presolved: 1725 rows, 275 columns, 5084 nonzeros
Variable types: 0 continuous, 275 integer (275 binary)
Found heuristic solution: objective 3311.0000000
Found heuristic solution: objective 3101.0000000

Root relaxation: objective 0.000000e+00, 129 iterations, 0.00 seconds (0.00 work units)

    Nodes    |    Current Node    |     Objective Bounds      |     Work
 Expl Unexpl |  Obj  Depth IntInf | Incumbent    BestBd   Gap | It/Node Time

     0     0    0.00000    0   41 3101.00000    0.00000   100%     -    0s
H    0     0                    1806.0000000    0.00000   100%     -    0s
H    0     0                    1043.0000000    0.00000   100%     -    0s
H    0     0                     906.0000000    0.00000   100%     -    0s
     0     0    0.00000    0   71  906.00000    0.00000   100%     -    0s
H    0     0                     650.0000000    0.00000   100%     -    0s
H    0     0                     327.0000000    0.00000   100%     -    0s
H    0     0                     297.0000000    0.00000   100%     -    0s
     0     0    0.00000    0   59  297.00000    0.00000   100%     -    0s
H    0     0                     269.0000000    0.00000   100%     -    0s
     0     0    0.00000    0   45  269.00000    0.00000   100%     -    0s
H    0     0                     220.0000000    0.00000   100%     -    0s
     0     0    0.00000    0   67  220.00000    0.00000   100%     -    0s
     0     0    0.00000    0   72  220.00000    0.00000   100%     -    0s
     0     0    0.00000    0   73  220.00000    0.00000   100%     -    0s
     0     0    0.00000    0   73  220.00000    0.00000   100%     -    0s
     0     2    0.00000    0   73  220.00000    0.00000   100%     -    0s
*  140    83              16     208.0000000   42.00000  79.8%  43.4    0s
H  221   100                     193.0000000   46.00000  76.2%  41.9    0s
H  235    95                     188.0000000   51.42857  72.6%  40.8    0s
H  767   215                     185.0000000   65.00000  64.9%  34.9    1s
H 1007   226                     174.0000000   74.27778  57.3%  33.0    1s
  3192   572  111.25000   31   82  174.00000   83.00000  52.3%  27.3    5s
  7883  1172     cutoff   42       174.00000  112.00000  35.6%  21.6   10s
 13108   639  172.00000   23   67  174.00000  143.00000  17.8%  19.1   15s

Cutting planes:
  Zero half: 3
  RLT: 4
  BQP: 8

Explored 14445 nodes (267097 simplex iterations) in 16.24 seconds (18.45 work units)
Thread count was 1 (of 12 available processors)

Solution count 10: 174 185 188 ... 650

Optimal solution found (tolerance 1.00e-04)
Best objective 1.740000000000e+02, best bound 1.740000000000e+02, gap 0.0000%
174.0
