Set parameter Username
Academic license - for non-commercial use only - expires 2025-08-28
Set parameter Threads to value 1
Set parameter Method to value 4
Gurobi Optimizer version 11.0.0 build v11.0.0rc2 (mac64[arm] - Darwin 23.5.0 23F79)

CPU model: Apple M3 Pro
Thread count: 12 physical cores, 12 logical processors, using up to 1 threads

Optimize a model with 2184 rows, 336 columns and 6560 nonzeros
Model fingerprint: 0x6584b8b9
Variable types: 200 continuous, 136 integer (136 binary)
Coefficient statistics:
  Matrix range     [1e+00, 1e+00]
  Objective range  [1e+01, 3e+02]
  Bounds range     [1e+00, 1e+00]
  RHS range        [1e+00, 2e+00]
Presolve removed 572 rows and 75 columns
Presolve time: 0.01s
Presolved: 1612 rows, 261 columns, 4756 nonzeros
Variable types: 0 continuous, 261 integer (261 binary)
Found heuristic solution: objective 3430.0000000
Found heuristic solution: objective 3220.0000000

Root relaxation: objective 0.000000e+00, 152 iterations, 0.00 seconds (0.01 work units)

    Nodes    |    Current Node    |     Objective Bounds      |     Work
 Expl Unexpl |  Obj  Depth IntInf | Incumbent    BestBd   Gap | It/Node Time

     0     0    0.00000    0   34 3220.00000    0.00000   100%     -    0s
H    0     0                    2860.0000000    0.00000   100%     -    0s
H    0     0                    1698.0000000    0.00000   100%     -    0s
H    0     0                     738.0000000    0.00000   100%     -    0s
     0     0    0.00000    0   73  738.00000    0.00000   100%     -    0s
H    0     0                     482.0000000    0.00000   100%     -    0s
     0     0    0.00000    0   66  482.00000    0.00000   100%     -    0s
H    0     0                     363.0000000    0.00000   100%     -    0s
H    0     0                     348.0000000    0.00000   100%     -    0s
H    0     0                     314.0000000    0.00000   100%     -    0s
     0     0    0.00000    0   33  314.00000    0.00000   100%     -    0s
     0     0    0.00000    0   73  314.00000    0.00000   100%     -    0s
H    0     0                     306.0000000    0.00000   100%     -    0s
     0     0    0.00000    0   69  306.00000    0.00000   100%     -    0s
     0     0    0.00000    0   47  306.00000    0.00000   100%     -    0s
H    0     0                     294.0000000    0.00000   100%     -    0s
H    0     0                     285.0000000    0.00000   100%     -    0s
     0     0    0.00000    0   42  285.00000    0.00000   100%     -    0s
     0     0    0.00000    0   30  285.00000    0.00000   100%     -    0s
H    0     0                     255.0000000    0.00000   100%     -    0s
     0     2    0.00000    0   30  255.00000    0.00000   100%     -    0s
H  106    55                     248.0000000   54.00000  78.2%  34.4    0s
H  187    71                     244.0000000   54.00000  77.9%  30.3    0s
*  251    88               9     243.0000000   84.50000  65.2%  31.0    0s
*  304    93              13     228.0000000  100.00000  56.1%  29.6    0s

Cutting planes:
  Gomory: 2
  MIR: 1
  Inf proof: 7
  Zero half: 35
  RLT: 21
  BQP: 13

Explored 1097 nodes (25687 simplex iterations) in 1.65 seconds (1.73 work units)
Thread count was 1 (of 12 available processors)

Solution count 10: 228 243 244 ... 348

Optimal solution found (tolerance 1.00e-04)
Best objective 2.280000000000e+02, best bound 2.280000000000e+02, gap 0.0000%
228.0
