Set parameter Username
Academic license - for non-commercial use only - expires 2025-08-28
Set parameter Threads to value 1
Set parameter Method to value 4
Gurobi Optimizer version 11.0.0 build v11.0.0rc2 (mac64[arm] - Darwin 23.5.0 23F79)

CPU model: Apple M3 Pro
Thread count: 12 physical cores, 12 logical processors, using up to 1 threads

Optimize a model with 2774 rows, 404 columns and 8330 nonzeros
Model fingerprint: 0x54831b68
Variable types: 236 continuous, 168 integer (168 binary)
Coefficient statistics:
  Matrix range     [1e+00, 1e+00]
  Objective range  [1e+01, 3e+02]
  Bounds range     [1e+00, 1e+00]
  RHS range        [1e+00, 2e+00]
Presolve removed 458 rows and 70 columns
Presolve time: 0.01s
Presolved: 2316 rows, 334 columns, 6800 nonzeros
Variable types: 0 continuous, 334 integer (334 binary)
Found heuristic solution: objective 3844.0000000
Found heuristic solution: objective 3648.0000000

Root relaxation: objective 0.000000e+00, 158 iterations, 0.00 seconds (0.01 work units)

    Nodes    |    Current Node    |     Objective Bounds      |     Work
 Expl Unexpl |  Obj  Depth IntInf | Incumbent    BestBd   Gap | It/Node Time

     0     0    0.00000    0   49 3648.00000    0.00000   100%     -    0s
H    0     0                    3404.0000000    0.00000   100%     -    0s
H    0     0                    2794.0000000    0.00000   100%     -    0s
H    0     0                    2754.0000000    0.00000   100%     -    0s
     0     0    0.00000    0   89 2754.00000    0.00000   100%     -    0s
H    0     0                    1813.0000000    0.00000   100%     -    0s
H    0     0                    1184.0000000    0.00000   100%     -    0s
     0     0    0.00000    0  117 1184.00000    0.00000   100%     -    0s
H    0     0                     751.0000000    0.00000   100%     -    0s
H    0     0                     653.0000000    0.00000   100%     -    0s
     0     0    0.00000    0  114  653.00000    0.00000   100%     -    0s
H    0     0                     591.0000000    0.00000   100%     -    0s
H    0     0                     581.0000000    0.00000   100%     -    0s
     0     0    0.00000    0  117  581.00000    0.00000   100%     -    0s
     0     0    0.00000    0   83  581.00000    0.00000   100%     -    0s
     0     0    0.00000    0   83  581.00000    0.00000   100%     -    0s
H    0     0                     520.0000000    0.00000   100%     -    0s
H    0     0                     480.0000000    0.00000   100%     -    0s
H    0     0                     471.0000000    0.00000   100%     -    0s
     0     2    0.00000    0   83  471.00000    0.00000   100%     -    0s
H   26    24                     459.0000000   11.00000  97.6%  68.7    0s
H   78    58                     432.0000000   11.00000  97.5%  52.7    0s
H  157   102                     429.0000000   11.00000  97.4%  54.8    0s
H  183   119                     428.0000000   11.00000  97.4%  55.8    0s
H  261   164                     419.0000000   14.50000  96.5%  52.1    0s
H  287   168                     409.0000000   14.50000  96.5%  51.1    0s
H  551   294                     394.0000000   22.00000  94.4%  52.4    1s
  2142   485  328.50000   25   67  394.00000  136.16667  65.4%  39.9    5s
  5262   963  323.60000   25   96  394.00000  247.44048  37.2%  30.9   10s
  8740   769     cutoff   33       394.00000  306.73684  22.1%  28.5   15s

Cutting planes:
  Zero half: 2
  RLT: 1
  BQP: 9

Explored 10860 nodes (294710 simplex iterations) in 17.55 seconds (21.79 work units)
Thread count was 1 (of 12 available processors)

Solution count 10: 394 409 419 ... 520

Optimal solution found (tolerance 1.00e-04)
Best objective 3.940000000000e+02, best bound 3.940000000000e+02, gap 0.0000%
394.0
