Set parameter Username
Academic license - for non-commercial use only - expires 2025-08-28
Set parameter Threads to value 1
Set parameter Method to value 4
Gurobi Optimizer version 11.0.0 build v11.0.0rc2 (mac64[arm] - Darwin 23.5.0 23F79)

CPU model: Apple M3 Pro
Thread count: 12 physical cores, 12 logical processors, using up to 1 threads

Optimize a model with 2332 rows, 353 columns and 7003 nonzeros
Model fingerprint: 0xa99bb94c
Variable types: 209 continuous, 144 integer (144 binary)
Coefficient statistics:
  Matrix range     [1e+00, 1e+00]
  Objective range  [1e+01, 3e+02]
  Bounds range     [1e+00, 1e+00]
  RHS range        [1e+00, 2e+00]
Presolve removed 615 rows and 79 columns
Presolve time: 0.01s
Presolved: 1717 rows, 274 columns, 5052 nonzeros
Variable types: 0 continuous, 274 integer (274 binary)
Found heuristic solution: objective 3574.0000000
Found heuristic solution: objective 3378.0000000

Root relaxation: objective 0.000000e+00, 156 iterations, 0.00 seconds (0.01 work units)

    Nodes    |    Current Node    |     Objective Bounds      |     Work
 Expl Unexpl |  Obj  Depth IntInf | Incumbent    BestBd   Gap | It/Node Time

     0     0    0.00000    0   64 3378.00000    0.00000   100%     -    0s
H    0     0                    2529.0000000    0.00000   100%     -    0s
H    0     0                    1948.0000000    0.00000   100%     -    0s
H    0     0                    1796.0000000    0.00000   100%     -    0s
     0     0    0.00000    0   71 1796.00000    0.00000   100%     -    0s
H    0     0                    1590.0000000    0.00000   100%     -    0s
H    0     0                    1550.0000000    0.00000   100%     -    0s
     0     0    0.00000    0   66 1550.00000    0.00000   100%     -    0s
     0     0    0.00000    0   92 1550.00000    0.00000   100%     -    0s
H    0     0                     485.0000000    0.00000   100%     -    0s
H    0     0                     438.0000000    0.00000   100%     -    0s
     0     0    0.00000    0   91  438.00000    0.00000   100%     -    0s
     0     0    0.00000    0   89  438.00000    0.00000   100%     -    0s
H    0     0                     380.0000000    0.00000   100%     -    0s
     0     0    0.00000    0   98  380.00000    0.00000   100%     -    0s
     0     0    0.00000    0   49  380.00000    0.00000   100%     -    0s
     0     0    0.00000    0   92  380.00000    0.00000   100%     -    0s
     0     0    0.00000    0   48  380.00000    0.00000   100%     -    0s
     0     0    0.00000    0   48  380.00000    0.00000   100%     -    0s
H    0     0                     336.0000000    0.00000   100%     -    0s
H    0     0                     316.0000000    0.00000   100%     -    0s
     0     2    0.00000    0   48  316.00000    0.00000   100%     -    0s
H   26    26                     306.0000000   22.00000  92.8%  53.5    0s
H   27    27                     291.0000000   22.00000  92.4%  51.7    0s
H  326   154                     279.0000000   62.00000  77.8%  34.5    0s
H  343   162                     278.0000000   62.00000  77.7%  34.3    0s
  3219   771     cutoff   46       278.00000  108.00000  61.2%  26.0    5s
  7348  1430  239.41667   35   60  278.00000  158.50000  43.0%  23.2   10s
 10370  1600  254.66667   35   46  278.00000  180.25000  35.2%  21.9   15s
 16557  1114     cutoff   29       278.00000  220.00000  20.9%  19.6   20s

Cutting planes:
  Flow cover: 1
  Zero half: 26
  RLT: 7
  BQP: 13

Explored 19740 nodes (363330 simplex iterations) in 22.19 seconds (26.93 work units)
Thread count was 1 (of 12 available processors)

Solution count 10: 278 279 291 ... 1550

Optimal solution found (tolerance 1.00e-04)
Best objective 2.780000000000e+02, best bound 2.780000000000e+02, gap 0.0000%
278.0
