Set parameter Username
Academic license - for non-commercial use only - expires 2025-08-28
Set parameter Threads to value 1
Set parameter Method to value 4
Gurobi Optimizer version 11.0.0 build v11.0.0rc2 (mac64[arm] - Darwin 23.5.0 23F79)

CPU model: Apple M3 Pro
Thread count: 12 physical cores, 12 logical processors, using up to 1 threads

Optimize a model with 2331 rows, 353 columns and 7002 nonzeros
Model fingerprint: 0x10113b0d
Variable types: 209 continuous, 144 integer (144 binary)
Coefficient statistics:
  Matrix range     [1e+00, 1e+00]
  Objective range  [1e+01, 3e+02]
  Bounds range     [1e+00, 1e+00]
  RHS range        [1e+00, 2e+00]
Presolve removed 606 rows and 78 columns
Presolve time: 0.01s
Presolved: 1725 rows, 275 columns, 5084 nonzeros
Variable types: 0 continuous, 275 integer (275 binary)
Found heuristic solution: objective 3360.0000000
Found heuristic solution: objective 3150.0000000

Root relaxation: objective 0.000000e+00, 129 iterations, 0.00 seconds (0.00 work units)

    Nodes    |    Current Node    |     Objective Bounds      |     Work
 Expl Unexpl |  Obj  Depth IntInf | Incumbent    BestBd   Gap | It/Node Time

     0     0    0.00000    0   41 3150.00000    0.00000   100%     -    0s
H    0     0                    1849.0000000    0.00000   100%     -    0s
H    0     0                    1078.0000000    0.00000   100%     -    0s
H    0     0                     936.0000000    0.00000   100%     -    0s
     0     0    0.00000    0   71  936.00000    0.00000   100%     -    0s
H    0     0                     684.0000000    0.00000   100%     -    0s
H    0     0                     345.0000000    0.00000   100%     -    0s
     0     0    0.00000    0   74  345.00000    0.00000   100%     -    0s
H    0     0                     337.0000000    0.00000   100%     -    0s
     0     0    0.00000    0   71  337.00000    0.00000   100%     -    0s
     0     0    0.00000    0   85  337.00000    0.00000   100%     -    0s
H    0     0                     302.0000000    0.00000   100%     -    0s
     0     0    0.00000    0   86  302.00000    0.00000   100%     -    0s
     0     0    0.00000    0   89  302.00000    0.00000   100%     -    0s
H    0     0                     286.0000000    0.00000   100%     -    0s
     0     0    0.00000    0   89  286.00000    0.00000   100%     -    0s
     0     0    0.00000    0   40  286.00000    0.00000   100%     -    0s
     0     0    0.00000    0   35  286.00000    0.00000   100%     -    0s
H    0     0                     266.0000000    0.00000   100%     -    0s
     0     2    0.00000    0   35  266.00000    0.00000   100%     -    0s
*   39    39              21     219.0000000   22.50000  89.7%  48.3    0s
H   52    43                     210.0000000   26.60000  87.3%  43.1    0s
*   98    55              13     209.0000000   30.00000  85.6%  34.8    0s
* 2010   413              39     207.0000000   90.55556  56.3%  28.8    3s
  3305   794  194.10000   46   40  207.00000   90.55556  56.3%  26.0    5s
  7737  1989  115.94118   26   90  207.00000   99.00000  52.2%  23.6   10s
 10419  2472  142.84921   32  105  207.00000  109.06667  47.3%  22.7   15s
 15524  2993  197.66667   43   20  207.00000  127.00000  38.6%  21.7   20s
 20968  3291     cutoff   39       207.00000  140.00000  32.4%  21.2   25s
 26574  3268 infeasible   35       207.00000  150.66667  27.2%  20.4   30s
 32912  2756  180.00000   35   54  207.00000  163.63636  20.9%  19.6   35s
 39785  1364  204.00000   42   29  207.00000  179.33333  13.4%  18.5   40s

Cutting planes:
  Cover: 1
  Implied bound: 2
  Flow cover: 12
  Zero half: 31
  RLT: 10
  BQP: 12

Explored 42639 nodes (763512 simplex iterations) in 41.91 seconds (50.03 work units)
Thread count was 1 (of 12 available processors)

Solution count 10: 207 207 209 ... 345

Optimal solution found (tolerance 1.00e-04)
Best objective 2.070000000000e+02, best bound 2.070000000000e+02, gap 0.0000%
207.0
