Set parameter Username
Academic license - for non-commercial use only - expires 2025-08-28
Set parameter Threads to value 1
Set parameter Method to value 4
Gurobi Optimizer version 11.0.0 build v11.0.0rc2 (mac64[arm] - Darwin 23.5.0 23F79)

CPU model: Apple M3 Pro
Thread count: 12 physical cores, 12 logical processors, using up to 1 threads

Optimize a model with 2184 rows, 336 columns and 6560 nonzeros
Model fingerprint: 0x204dd7ab
Variable types: 200 continuous, 136 integer (136 binary)
Coefficient statistics:
  Matrix range     [1e+00, 1e+00]
  Objective range  [1e+01, 3e+02]
  Bounds range     [1e+00, 1e+00]
  RHS range        [1e+00, 2e+00]
Presolve removed 572 rows and 75 columns
Presolve time: 0.01s
Presolved: 1612 rows, 261 columns, 4756 nonzeros
Variable types: 0 continuous, 261 integer (261 binary)
Found heuristic solution: objective 3472.0000000
Found heuristic solution: objective 3276.0000000

Root relaxation: objective 0.000000e+00, 152 iterations, 0.00 seconds (0.01 work units)

    Nodes    |    Current Node    |     Objective Bounds      |     Work
 Expl Unexpl |  Obj  Depth IntInf | Incumbent    BestBd   Gap | It/Node Time

     0     0    0.00000    0   34 3276.00000    0.00000   100%     -    0s
H    0     0                    2876.0000000    0.00000   100%     -    0s
H    0     0                    1708.0000000    0.00000   100%     -    0s
H    0     0                     751.0000000    0.00000   100%     -    0s
     0     0    0.00000    0   73  751.00000    0.00000   100%     -    0s
H    0     0                     509.0000000    0.00000   100%     -    0s
H    0     0                     452.0000000    0.00000   100%     -    0s
H    0     0                     404.0000000    0.00000   100%     -    0s
     0     0    0.00000    0   57  404.00000    0.00000   100%     -    0s
H    0     0                     369.0000000    0.00000   100%     -    0s
H    0     0                     338.0000000    0.00000   100%     -    0s
     0     0    0.00000    0   46  338.00000    0.00000   100%     -    0s
     0     0    0.00000    0   51  338.00000    0.00000   100%     -    0s
     0     0    0.00000    0   55  338.00000    0.00000   100%     -    0s
     0     0    0.00000    0   58  338.00000    0.00000   100%     -    0s
H    0     0                     295.0000000    0.00000   100%     -    0s
     0     0    0.00000    0   45  295.00000    0.00000   100%     -    0s
     0     0    0.00000    0   45  295.00000    0.00000   100%     -    0s
H    0     0                     273.0000000    0.00000   100%     -    0s
     0     2    0.00000    0   45  273.00000    0.00000   100%     -    0s
*   47    27              10     264.0000000   39.00000  85.2%  40.4    0s
*  329   133              11     263.0000000   56.58333  78.5%  30.7    0s

Cutting planes:
  MIR: 4
  Inf proof: 57
  Zero half: 33
  RLT: 17
  BQP: 13

Explored 2831 nodes (62662 simplex iterations) in 3.94 seconds (4.15 work units)
Thread count was 1 (of 12 available processors)

Solution count 10: 263 264 273 ... 751

Optimal solution found (tolerance 1.00e-04)
Best objective 2.630000000000e+02, best bound 2.630000000000e+02, gap 0.0000%
263.0
