Set parameter Username
Academic license - for non-commercial use only - expires 2025-08-28
Set parameter Threads to value 1
Set parameter Method to value 4
Gurobi Optimizer version 11.0.0 build v11.0.0rc2 (mac64[arm] - Darwin 23.5.0 23F79)

CPU model: Apple M3 Pro
Thread count: 12 physical cores, 12 logical processors, using up to 1 threads

Optimize a model with 2774 rows, 404 columns and 8330 nonzeros
Model fingerprint: 0x4c17c046
Variable types: 236 continuous, 168 integer (168 binary)
Coefficient statistics:
  Matrix range     [1e+00, 1e+00]
  Objective range  [1e+01, 3e+02]
  Bounds range     [1e+00, 1e+00]
  RHS range        [1e+00, 2e+00]
Presolve removed 458 rows and 70 columns
Presolve time: 0.01s
Presolved: 2316 rows, 334 columns, 6800 nonzeros
Variable types: 0 continuous, 334 integer (334 binary)
Found heuristic solution: objective 3884.0000000
Found heuristic solution: objective 3688.0000000

Root relaxation: objective 0.000000e+00, 158 iterations, 0.00 seconds (0.01 work units)

    Nodes    |    Current Node    |     Objective Bounds      |     Work
 Expl Unexpl |  Obj  Depth IntInf | Incumbent    BestBd   Gap | It/Node Time

     0     0    0.00000    0   49 3688.00000    0.00000   100%     -    0s
H    0     0                    3420.0000000    0.00000   100%     -    0s
H    0     0                    2822.0000000    0.00000   100%     -    0s
H    0     0                    2774.0000000    0.00000   100%     -    0s
     0     0    0.00000    0   89 2774.00000    0.00000   100%     -    0s
H    0     0                    1855.0000000    0.00000   100%     -    0s
H    0     0                    1225.0000000    0.00000   100%     -    0s
     0     0    0.00000    0   90 1225.00000    0.00000   100%     -    0s
H    0     0                    1063.0000000    0.00000   100%     -    0s
H    0     0                    1027.0000000    0.00000   100%     -    0s
     0     0    0.00000    0  111 1027.00000    0.00000   100%     -    0s
     0     0    0.00000    0   51 1027.00000    0.00000   100%     -    0s
     0     0    0.00000    0   53 1027.00000    0.00000   100%     -    0s
     0     0    0.00000    0  117 1027.00000    0.00000   100%     -    0s
     0     0    0.00000    0  115 1027.00000    0.00000   100%     -    0s
H    0     0                     949.0000000    0.00000   100%     -    0s
     0     2    0.00000    0  100  949.00000    0.00000   100%     -    0s
H   27    23                     673.0000000   12.00000  98.2%  56.1    0s
*   54    49              31     556.0000000   12.00000  97.8%  46.3    0s
*   55    48              32     547.0000000   12.00000  97.8%  45.5    0s
H   57    44                     501.0000000   12.00000  97.6%  44.0    0s
*   93    79              28     471.0000000   12.00000  97.5%  42.1    0s
H  130   102                     459.0000000   22.00000  95.2%  45.7    0s
*  145   110              30     457.0000000   22.00000  95.2%  42.5    0s
*  147   103              30     442.0000000   22.00000  95.0%  42.0    0s
H  274   159                     436.0000000   24.00000  94.5%  35.5    0s
H  316   190                     426.0000000   24.00000  94.4%  35.7    0s
H  424   220                     424.0000000   30.00000  92.9%  35.9    1s
H  502   251                     414.0000000   33.00000  92.0%  35.7    1s
  2117   525  327.50000   28   47  414.00000   99.83333  75.9%  35.2    5s
  4877   976     cutoff   38       414.00000  186.33333  55.0%  33.1   10s
H 5258   999                     408.0000000  197.00000  51.7%  32.6   10s
  7999  1153  334.50000   27   61  408.00000  249.00000  39.0%  30.3   15s
 10202  1246     cutoff   41       408.00000  278.25000  31.8%  29.0   21s
 12901  1181  358.00000   31   40  408.00000  310.20312  24.0%  28.4   25s
 16779   439     cutoff   30       408.00000  360.00000  11.8%  27.4   30s

Cutting planes:
  Cover: 1
  Flow cover: 10
  Zero half: 11
  RLT: 10
  BQP: 14

Explored 17732 nodes (476564 simplex iterations) in 31.10 seconds (37.63 work units)
Thread count was 1 (of 12 available processors)

Solution count 10: 408 414 424 ... 501

Optimal solution found (tolerance 1.00e-04)
Best objective 4.080000000000e+02, best bound 4.080000000000e+02, gap 0.0000%
408.0
