Set parameter Username
Academic license - for non-commercial use only - expires 2025-08-28
Set parameter Threads to value 1
Set parameter Method to value 4
Gurobi Optimizer version 11.0.0 build v11.0.0rc2 (mac64[arm] - Darwin 23.5.0 23F79)

CPU model: Apple M3 Pro
Thread count: 12 physical cores, 12 logical processors, using up to 1 threads

Optimize a model with 2184 rows, 336 columns and 6560 nonzeros
Model fingerprint: 0xff3f6a46
Variable types: 200 continuous, 136 integer (136 binary)
Coefficient statistics:
  Matrix range     [1e+00, 1e+00]
  Objective range  [1e+01, 3e+02]
  Bounds range     [1e+00, 1e+00]
  RHS range        [1e+00, 2e+00]
Presolve removed 572 rows and 75 columns
Presolve time: 0.01s
Presolved: 1612 rows, 261 columns, 4756 nonzeros
Variable types: 0 continuous, 261 integer (261 binary)
Found heuristic solution: objective 3346.0000000
Found heuristic solution: objective 3136.0000000

Root relaxation: objective 0.000000e+00, 152 iterations, 0.00 seconds (0.01 work units)

    Nodes    |    Current Node    |     Objective Bounds      |     Work
 Expl Unexpl |  Obj  Depth IntInf | Incumbent    BestBd   Gap | It/Node Time

     0     0    0.00000    0   34 3136.00000    0.00000   100%     -    0s
H    0     0                    2812.0000000    0.00000   100%     -    0s
H    0     0                    1662.0000000    0.00000   100%     -    0s
H    0     0                     699.0000000    0.00000   100%     -    0s
     0     0    0.00000    0   73  699.00000    0.00000   100%     -    0s
H    0     0                     431.0000000    0.00000   100%     -    0s
     0     0    0.00000    0   44  431.00000    0.00000   100%     -    0s
H    0     0                     293.0000000    0.00000   100%     -    0s
     0     0    0.00000    0   44  293.00000    0.00000   100%     -    0s
     0     0    0.00000    0   44  293.00000    0.00000   100%     -    0s
     0     0    0.00000    0   46  293.00000    0.00000   100%     -    0s
     0     0    0.00000    0   57  293.00000    0.00000   100%     -    0s
H    0     0                     230.0000000    0.00000   100%     -    0s
     0     0    0.00000    0   58  230.00000    0.00000   100%     -    0s
     0     0    0.00000    0   42  230.00000    0.00000   100%     -    0s
     0     0    0.00000    0   42  230.00000    0.00000   100%     -    0s
     0     2    0.00000    0   42  230.00000    0.00000   100%     -    0s
*   15    15               8     197.0000000   53.00000  73.1%  50.2    0s

Cutting planes:
  Gomory: 1
  MIR: 3
  Inf proof: 6
  Zero half: 24
  RLT: 22
  BQP: 11

Explored 556 nodes (13116 simplex iterations) in 0.78 seconds (0.93 work units)
Thread count was 1 (of 12 available processors)

Solution count 9: 197 230 293 ... 3346

Optimal solution found (tolerance 1.00e-04)
Best objective 1.970000000000e+02, best bound 1.970000000000e+02, gap 0.0000%
197.0
