Set parameter Username
Academic license - for non-commercial use only - expires 2025-08-28
Set parameter Threads to value 1
Set parameter Method to value 4
Gurobi Optimizer version 11.0.0 build v11.0.0rc2 (mac64[arm] - Darwin 23.5.0 23F79)

CPU model: Apple M3 Pro
Thread count: 12 physical cores, 12 logical processors, using up to 1 threads

Optimize a model with 2479 rows, 370 columns and 7445 nonzeros
Model fingerprint: 0x59039d4d
Variable types: 218 continuous, 152 integer (152 binary)
Coefficient statistics:
  Matrix range     [1e+00, 1e+00]
  Objective range  [1e+01, 3e+02]
  Bounds range     [1e+00, 1e+00]
  RHS range        [1e+00, 2e+00]
Presolve removed 649 rows and 82 columns
Presolve time: 0.01s
Presolved: 1830 rows, 288 columns, 5380 nonzeros
Variable types: 0 continuous, 288 integer (288 binary)
Found heuristic solution: objective 1576.0000000
Found heuristic solution: objective 1202.0000000

Root relaxation: objective 0.000000e+00, 181 iterations, 0.00 seconds (0.01 work units)

    Nodes    |    Current Node    |     Objective Bounds      |     Work
 Expl Unexpl |  Obj  Depth IntInf | Incumbent    BestBd   Gap | It/Node Time

     0     0    0.00000    0   62 1202.00000    0.00000   100%     -    0s
H    0     0                     909.0000000    0.00000   100%     -    0s
     0     0    0.00000    0   88  909.00000    0.00000   100%     -    0s
H    0     0                     652.0000000    0.00000   100%     -    0s
H    0     0                     636.0000000    0.00000   100%     -    0s
H    0     0                     525.0000000    0.00000   100%     -    0s
     0     0    0.00000    0   48  525.00000    0.00000   100%     -    0s
H    0     0                     420.0000000    0.00000   100%     -    0s
H    0     0                     385.0000000    0.00000   100%     -    0s
     0     0    0.00000    0   73  385.00000    0.00000   100%     -    0s
H    0     0                     335.0000000    0.00000   100%     -    0s
     0     0    0.00000    0   77  335.00000    0.00000   100%     -    0s
     0     0    0.00000    0   76  335.00000    0.00000   100%     -    0s
     0     0    0.00000    0   71  335.00000    0.00000   100%     -    0s
     0     0    0.57895    0  114  335.00000    0.57895   100%     -    0s
H    0     0                     320.0000000    0.57895   100%     -    0s
     0     0    0.57895    0  109  320.00000    0.57895   100%     -    0s
     0     0    1.57143    0  107  320.00000    1.57143   100%     -    0s
     0     0    1.57143    0   99  320.00000    1.57143   100%     -    0s
     0     0    1.57143    0   99  320.00000    1.57143   100%     -    0s
     0     0    1.57143    0   94  320.00000    1.57143   100%     -    0s
     0     0    1.57143    0   88  320.00000    1.57143   100%     -    0s
H    0     0                     309.0000000    1.57143  99.5%     -    0s
     0     0    1.57143    0  102  309.00000    1.57143  99.5%     -    0s
     0     0    1.57143    0   74  309.00000    1.57143  99.5%     -    0s
     0     0    1.57143    0   96  309.00000    1.57143  99.5%     -    0s
     0     0    1.57143    0   93  309.00000    1.57143  99.5%     -    0s
     0     0    1.57143    0   92  309.00000    1.57143  99.5%     -    0s
     0     2   11.00000    0   92  309.00000   11.00000  96.4%     -    0s

Cutting planes:
  MIR: 6
  Zero half: 6
  RLT: 6
  BQP: 12

Explored 1625 nodes (45119 simplex iterations) in 2.94 seconds (3.50 work units)
Thread count was 1 (of 12 available processors)

Solution count 10: 309 320 335 ... 1202

Optimal solution found (tolerance 1.00e-04)
Best objective 3.090000000000e+02, best bound 3.090000000000e+02, gap 0.0000%
309.0
