Set parameter Username
Academic license - for non-commercial use only - expires 2025-08-28
Set parameter Threads to value 1
Set parameter Method to value 4
Gurobi Optimizer version 11.0.0 build v11.0.0rc2 (mac64[arm] - Darwin 23.5.0 23F79)

CPU model: Apple M3 Pro
Thread count: 12 physical cores, 12 logical processors, using up to 1 threads

Optimize a model with 2037 rows, 319 columns and 6118 nonzeros
Model fingerprint: 0x5f2cad54
Variable types: 191 continuous, 128 integer (128 binary)
Coefficient statistics:
  Matrix range     [1e+00, 1e+00]
  Objective range  [1e+01, 3e+02]
  Bounds range     [1e+00, 1e+00]
  RHS range        [1e+00, 2e+00]
Presolve removed 350 rows and 58 columns
Presolve time: 0.01s
Presolved: 1687 rows, 261 columns, 4984 nonzeros
Variable types: 0 continuous, 261 integer (261 binary)
Found heuristic solution: objective 1676.0000000
Found heuristic solution: objective 510.0000000

Root relaxation: objective 0.000000e+00, 152 iterations, 0.00 seconds (0.01 work units)

    Nodes    |    Current Node    |     Objective Bounds      |     Work
 Expl Unexpl |  Obj  Depth IntInf | Incumbent    BestBd   Gap | It/Node Time

     0     0    0.00000    0   45  510.00000    0.00000   100%     -    0s
H    0     0                     216.0000000    0.00000   100%     -    0s
H    0     0                     129.0000000    0.00000   100%     -    0s
     0     0    0.00000    0   45  129.00000    0.00000   100%     -    0s
H    0     0                     111.0000000    0.00000   100%     -    0s
     0     0    0.00000    0   54  111.00000    0.00000   100%     -    0s
     0     0    0.00000    0   53  111.00000    0.00000   100%     -    0s
     0     0    0.00000    0   45  111.00000    0.00000   100%     -    0s
H    0     0                     102.0000000    0.00000   100%     -    0s
H    0     0                      87.0000000    0.00000   100%     -    0s
     0     0    0.00000    0   39   87.00000    0.00000   100%     -    0s
     0     0    0.00000    0   38   87.00000    0.00000   100%     -    0s
     0     0    0.00000    0   63   87.00000    0.00000   100%     -    0s
     0     0    0.00000    0   60   87.00000    0.00000   100%     -    0s
     0     0    0.00000    0   37   87.00000    0.00000   100%     -    0s
     0     0    0.00000    0   37   87.00000    0.00000   100%     -    0s
     0     2    0.00000    0   37   87.00000    0.00000   100%     -    0s

Cutting planes:
  MIR: 1
  Zero half: 21
  RLT: 9
  BQP: 9

Explored 128 nodes (4793 simplex iterations) in 0.34 seconds (0.40 work units)
Thread count was 1 (of 12 available processors)

Solution count 7: 87 102 111 ... 1676

Optimal solution found (tolerance 1.00e-04)
Best objective 8.700000000000e+01, best bound 8.700000000000e+01, gap 0.0000%
87.0
