Set parameter Username
Academic license - for non-commercial use only - expires 2025-08-28
Set parameter Threads to value 1
Set parameter Method to value 4
Gurobi Optimizer version 11.0.0 build v11.0.0rc2 (mac64[arm] - Darwin 23.5.0 23F79)

CPU model: Apple M3 Pro
Thread count: 12 physical cores, 12 logical processors, using up to 1 threads

Optimize a model with 2627 rows, 387 columns and 7888 nonzeros
Model fingerprint: 0x8610e532
Variable types: 227 continuous, 160 integer (160 binary)
Coefficient statistics:
  Matrix range     [1e+00, 1e+00]
  Objective range  [1e+01, 3e+02]
  Bounds range     [1e+00, 1e+00]
  RHS range        [1e+00, 2e+00]
Presolve removed 692 rows and 86 columns
Presolve time: 0.01s
Presolved: 1935 rows, 301 columns, 5676 nonzeros
Variable types: 0 continuous, 301 integer (301 binary)
Found heuristic solution: objective 3697.0000000
Found heuristic solution: objective 3494.0000000

Root relaxation: objective 0.000000e+00, 118 iterations, 0.00 seconds (0.00 work units)

    Nodes    |    Current Node    |     Objective Bounds      |     Work
 Expl Unexpl |  Obj  Depth IntInf | Incumbent    BestBd   Gap | It/Node Time

     0     0    0.00000    0   38 3494.00000    0.00000   100%     -    0s
H    0     0                    3291.0000000    0.00000   100%     -    0s
H    0     0                    1471.0000000    0.00000   100%     -    0s
H    0     0                    1411.0000000    0.00000   100%     -    0s
H    0     0                    1336.0000000    0.00000   100%     -    0s
     0     0    0.00000    0   98 1336.00000    0.00000   100%     -    0s
H    0     0                    1261.0000000    0.00000   100%     -    0s
H    0     0                    1099.0000000    0.00000   100%     -    0s
     0     0    0.00000    0   91 1099.00000    0.00000   100%     -    0s
H    0     0                     968.0000000    0.00000   100%     -    0s
H    0     0                     752.0000000    0.00000   100%     -    0s
     0     0    0.00000    0   97  752.00000    0.00000   100%     -    0s
     0     0    0.00000    0   99  752.00000    0.00000   100%     -    0s
H    0     0                     716.0000000    0.00000   100%     -    0s
     0     0    0.00000    0   99  716.00000    0.00000   100%     -    0s
     0     0    0.00000    0   90  716.00000    0.00000   100%     -    0s
     0     0    0.00000    0   50  716.00000    0.00000   100%     -    0s
H    0     0                     569.0000000    0.00000   100%     -    0s
     0     2    0.00000    0   50  569.00000    0.00000   100%     -    0s
H   54    38                     383.0000000    0.00000   100%  48.1    0s
H   54    38                     373.0000000    0.00000   100%  48.1    0s
H   80    50                     329.0000000    0.00000   100%  45.1    0s
*  194   113              39     322.0000000    0.00000   100%  37.0    0s
H  305   164                     312.0000000    7.50000  97.6%  40.3    0s
H  605   272                     297.0000000   15.00000  94.9%  37.7    1s
  2715   446  265.93750   20   53  297.00000  143.40000  51.7%  29.8    5s
  7635   643     cutoff   32       297.00000  229.00000  22.9%  20.5   10s

Cutting planes:
  Zero half: 5
  RLT: 4
  BQP: 4

Explored 10308 nodes (194714 simplex iterations) in 12.28 seconds (15.39 work units)
Thread count was 1 (of 12 available processors)

Solution count 10: 297 312 322 ... 968

Optimal solution found (tolerance 1.00e-04)
Best objective 2.970000000000e+02, best bound 2.970000000000e+02, gap 0.0000%
297.0
