Set parameter Username
Academic license - for non-commercial use only - expires 2025-08-28
Set parameter Threads to value 1
Set parameter Method to value 4
Gurobi Optimizer version 11.0.0 build v11.0.0rc2 (mac64[arm] - Darwin 23.5.0 23F79)

CPU model: Apple M3 Pro
Thread count: 12 physical cores, 12 logical processors, using up to 1 threads

Optimize a model with 2184 rows, 336 columns and 6560 nonzeros
Model fingerprint: 0x8df599f4
Variable types: 200 continuous, 136 integer (136 binary)
Coefficient statistics:
  Matrix range     [1e+00, 1e+00]
  Objective range  [1e+01, 3e+02]
  Bounds range     [1e+00, 1e+00]
  RHS range        [1e+00, 2e+00]
Presolve removed 572 rows and 75 columns
Presolve time: 0.01s
Presolved: 1612 rows, 261 columns, 4756 nonzeros
Variable types: 0 continuous, 261 integer (261 binary)
Found heuristic solution: objective 3374.0000000
Found heuristic solution: objective 3164.0000000

Root relaxation: objective 0.000000e+00, 152 iterations, 0.00 seconds (0.01 work units)

    Nodes    |    Current Node    |     Objective Bounds      |     Work
 Expl Unexpl |  Obj  Depth IntInf | Incumbent    BestBd   Gap | It/Node Time

     0     0    0.00000    0   34 3164.00000    0.00000   100%     -    0s
H    0     0                    2828.0000000    0.00000   100%     -    0s
H    0     0                    1674.0000000    0.00000   100%     -    0s
H    0     0                     714.0000000    0.00000   100%     -    0s
     0     0    0.00000    0   73  714.00000    0.00000   100%     -    0s
H    0     0                     452.0000000    0.00000   100%     -    0s
H    0     0                     433.0000000    0.00000   100%     -    0s
H    0     0                     371.0000000    0.00000   100%     -    0s
     0     0    0.00000    0   73  371.00000    0.00000   100%     -    0s
H    0     0                     356.0000000    0.00000   100%     -    0s
     0     0    0.00000    0   70  356.00000    0.00000   100%     -    0s
     0     0    0.00000    0   70  356.00000    0.00000   100%     -    0s
H    0     0                     339.0000000    0.00000   100%     -    0s
     0     0    0.00000    0   73  339.00000    0.00000   100%     -    0s
     0     0    0.00000    0   64  339.00000    0.00000   100%     -    0s
     0     0    0.00000    0   58  339.00000    0.00000   100%     -    0s
H    0     0                     308.0000000    0.00000   100%     -    0s
H    0     0                     281.0000000    0.00000   100%     -    0s
     0     2    0.00000    0   58  281.00000    0.00000   100%     -    0s
*   22    20              12     230.0000000   39.00000  83.0%  44.3    0s
*   26    22              15     210.0000000   39.00000  81.4%  39.4    0s

Cutting planes:
  Inf proof: 18
  Zero half: 24
  RLT: 18
  BQP: 9

Explored 1318 nodes (34632 simplex iterations) in 1.73 seconds (2.09 work units)
Thread count was 1 (of 12 available processors)

Solution count 10: 210 230 281 ... 714

Optimal solution found (tolerance 1.00e-04)
Best objective 2.100000000000e+02, best bound 2.100000000000e+02, gap 0.0000%
210.0
