Set parameter Username
Academic license - for non-commercial use only - expires 2025-08-28
Set parameter Threads to value 1
Set parameter Method to value 4
Gurobi Optimizer version 11.0.0 build v11.0.0rc2 (mac64[arm] - Darwin 23.5.0 23F79)

CPU model: Apple M3 Pro
Thread count: 12 physical cores, 12 logical processors, using up to 1 threads

Optimize a model with 2331 rows, 353 columns and 7002 nonzeros
Model fingerprint: 0xe9fb334a
Variable types: 209 continuous, 144 integer (144 binary)
Coefficient statistics:
  Matrix range     [1e+00, 1e+00]
  Objective range  [1e+01, 3e+02]
  Bounds range     [1e+00, 1e+00]
  RHS range        [1e+00, 2e+00]
Presolve removed 386 rows and 62 columns
Presolve time: 0.01s
Presolved: 1945 rows, 291 columns, 5736 nonzeros
Variable types: 0 continuous, 291 integer (291 binary)
Found heuristic solution: objective 2269.0000000
Found heuristic solution: objective 1389.0000000

Root relaxation: objective 0.000000e+00, 140 iterations, 0.00 seconds (0.00 work units)

    Nodes    |    Current Node    |     Objective Bounds      |     Work
 Expl Unexpl |  Obj  Depth IntInf | Incumbent    BestBd   Gap | It/Node Time

     0     0    0.00000    0   39 1389.00000    0.00000   100%     -    0s
H    0     0                    1316.0000000    0.00000   100%     -    0s
H    0     0                     941.0000000    0.00000   100%     -    0s
H    0     0                     793.0000000    0.00000   100%     -    0s
     0     0    0.00000    0   94  793.00000    0.00000   100%     -    0s
H    0     0                     792.0000000    0.00000   100%     -    0s
H    0     0                     783.0000000    0.00000   100%     -    0s
H    0     0                     743.0000000    0.00000   100%     -    0s
     0     0    0.00000    0   81  743.00000    0.00000   100%     -    0s
H    0     0                     671.0000000    0.00000   100%     -    0s
H    0     0                     660.0000000    0.00000   100%     -    0s
H    0     0                     574.0000000    0.00000   100%     -    0s
     0     0    0.00000    0   81  574.00000    0.00000   100%     -    0s
     0     0    0.00000    0   71  574.00000    0.00000   100%     -    0s
     0     0    0.00000    0   98  574.00000    0.00000   100%     -    0s
     0     0    0.00000    0   97  574.00000    0.00000   100%     -    0s
     0     0    0.00000    0  103  574.00000    0.00000   100%     -    0s
     0     0    0.00000    0   61  574.00000    0.00000   100%     -    0s
     0     2    0.00000    0   57  574.00000    0.00000   100%     -    0s
*   25    25              13     352.0000000   89.00000  74.7%  53.8    0s
H  104    65                     347.0000000  122.00000  64.8%  39.1    0s
H  265   105                     343.0000000  152.00000  55.7%  33.9    0s
H  369   139                     335.0000000  177.50000  47.0%  34.1    0s
H  476   179                     332.0000000  186.71429  43.8%  35.2    1s
*  684   208              11     329.0000000  199.00000  39.5%  34.3    1s

Cutting planes:
  MIR: 6
  Inf proof: 45
  Zero half: 36
  RLT: 23
  BQP: 12

Explored 2500 nodes (71542 simplex iterations) in 4.49 seconds (4.68 work units)
Thread count was 1 (of 12 available processors)

Solution count 10: 329 332 335 ... 743

Optimal solution found (tolerance 1.00e-04)
Best objective 3.290000000000e+02, best bound 3.290000000000e+02, gap 0.0000%
329.0
