Set parameter Username
Academic license - for non-commercial use only - expires 2025-08-28
Set parameter Threads to value 1
Set parameter Method to value 4
Gurobi Optimizer version 11.0.0 build v11.0.0rc2 (mac64[arm] - Darwin 23.5.0 23F79)

CPU model: Apple M3 Pro
Thread count: 12 physical cores, 12 logical processors, using up to 1 threads

Optimize a model with 3278 rows, 459 columns and 9854 nonzeros
Model fingerprint: 0x3ce09de3
Variable types: 270 continuous, 189 integer (189 binary)
Coefficient statistics:
  Matrix range     [1e+00, 1e+00]
  Objective range  [1e+01, 3e+02]
  Bounds range     [1e+00, 1e+00]
  RHS range        [1e+00, 2e+00]
Presolve removed 548 rows and 80 columns
Presolve time: 0.01s
Presolved: 2730 rows, 379 columns, 8028 nonzeros
Variable types: 0 continuous, 379 integer (379 binary)
Found heuristic solution: objective 3787.0000000
Found heuristic solution: objective 3584.0000000

Root relaxation: objective 0.000000e+00, 161 iterations, 0.00 seconds (0.01 work units)

    Nodes    |    Current Node    |     Objective Bounds      |     Work
 Expl Unexpl |  Obj  Depth IntInf | Incumbent    BestBd   Gap | It/Node Time

     0     0    0.00000    0   42 3584.00000    0.00000   100%     -    0s
H    0     0                    3374.0000000    0.00000   100%     -    0s
H    0     0                    1568.0000000    0.00000   100%     -    0s
H    0     0                    1502.0000000    0.00000   100%     -    0s
H    0     0                    1274.0000000    0.00000   100%     -    0s
     0     0    0.00000    0   88 1274.00000    0.00000   100%     -    0s
H    0     0                    1169.0000000    0.00000   100%     -    0s
H    0     0                     979.0000000    0.00000   100%     -    0s
     0     0    0.00000    0   87  979.00000    0.00000   100%     -    0s
H    0     0                     917.0000000    0.00000   100%     -    0s
     0     0    0.00000    0   79  917.00000    0.00000   100%     -    0s
     0     0    0.00000    0  117  917.00000    0.00000   100%     -    0s
H    0     0                     680.0000000    0.00000   100%     -    0s
H    0     0                     678.0000000    0.00000   100%     -    0s
H    0     0                     656.0000000    0.00000   100%     -    0s
     0     0    0.00000    0  120  656.00000    0.00000   100%     -    0s
     0     0    0.00000    0   69  656.00000    0.00000   100%     -    0s
     0     0    0.00000    0   69  656.00000    0.00000   100%     -    0s
H    0     0                     496.0000000    0.00000   100%     -    0s
     0     2    0.00000    0   69  496.00000    0.00000   100%     -    0s
H  104    64                     484.0000000    0.00000   100%  44.2    0s
H  108    68                     477.0000000    0.00000   100%  44.5    0s
H  168    91                     434.0000000    1.83333   100%  39.0    0s
H  276   167                     419.0000000   11.00000  97.4%  37.3    0s
H  303   164                     408.0000000   11.00000  97.3%  35.7    1s
H  386   216                     401.0000000   13.75000  96.6%  35.5    1s
H  392   214                     397.0000000   13.75000  96.5%  35.2    1s
H  705   356                     396.0000000   29.00000  92.7%  36.8    2s
H  731   359                     386.0000000   29.00000  92.5%  36.1    2s
H 1616   512                     372.0000000   43.00000  88.4%  40.6    4s
  1667   523  307.75000   27   85  372.00000   43.00000  88.4%  40.2    5s
  4047  1372  359.83333   41   37  372.00000  113.12500  69.6%  33.3   10s
  6117  1423     cutoff   37       372.00000  306.00000  17.7%  32.3   15s

Cutting planes:
  Zero half: 3

Explored 6443 nodes (206480 simplex iterations) in 15.56 seconds (19.27 work units)
Thread count was 1 (of 12 available processors)

Solution count 10: 372 386 396 ... 484

Optimal solution found (tolerance 1.00e-04)
Best objective 3.720000000000e+02, best bound 3.720000000000e+02, gap 0.0000%
372.0
