Set parameter Username
Academic license - for non-commercial use only - expires 2025-08-28
Set parameter Threads to value 1
Set parameter Method to value 4
Gurobi Optimizer version 11.0.0 build v11.0.0rc2 (mac64[arm] - Darwin 23.5.0 23F79)

CPU model: Apple M3 Pro
Thread count: 12 physical cores, 12 logical processors, using up to 1 threads

Optimize a model with 2781 rows, 405 columns and 8361 nonzeros
Model fingerprint: 0xd3e35b40
Variable types: 243 continuous, 162 integer (162 binary)
Coefficient statistics:
  Matrix range     [1e+00, 1e+00]
  Objective range  [1e+01, 3e+02]
  Bounds range     [1e+00, 1e+00]
  RHS range        [1e+00, 2e+00]
Presolve removed 729 rows and 89 columns
Presolve time: 0.01s
Presolved: 2052 rows, 316 columns, 6057 nonzeros
Variable types: 0 continuous, 316 integer (316 binary)
Found heuristic solution: objective 3465.0000000
Found heuristic solution: objective 3262.0000000

Root relaxation: objective 0.000000e+00, 157 iterations, 0.00 seconds (0.01 work units)

    Nodes    |    Current Node    |     Objective Bounds      |     Work
 Expl Unexpl |  Obj  Depth IntInf | Incumbent    BestBd   Gap | It/Node Time

     0     0    0.00000    0   38 3262.00000    0.00000   100%     -    0s
H    0     0                    3131.0000000    0.00000   100%     -    0s
H    0     0                    2992.0000000    0.00000   100%     -    0s
H    0     0                    2982.0000000    0.00000   100%     -    0s
H    0     0                    2529.0000000    0.00000   100%     -    0s
     0     0    0.00000    0   62 2529.00000    0.00000   100%     -    0s
H    0     0                     911.0000000    0.00000   100%     -    0s
     0     0    0.00000    0   82  911.00000    0.00000   100%     -    0s
H    0     0                     563.0000000    0.00000   100%     -    0s
     0     0    0.00000    0   79  563.00000    0.00000   100%     -    0s
     0     0    0.00000    0   56  563.00000    0.00000   100%     -    0s
H    0     0                     390.0000000    0.00000   100%     -    0s
H    0     0                     309.0000000    0.00000   100%     -    0s
     0     0    0.00000    0   94  309.00000    0.00000   100%     -    0s
     0     0    0.00000    0   75  309.00000    0.00000   100%     -    0s
     0     0    0.00000    0   64  309.00000    0.00000   100%     -    0s
     0     2    0.00000    0   64  309.00000    0.00000   100%     -    0s
H   54    44                     274.0000000    0.00000   100%  44.2    0s
H   81    60                     248.0000000    0.00000   100%  38.8    0s
H   96    62                     230.0000000    0.00000   100%  35.0    0s
  3138   269  224.50000   31   41  230.00000  169.28571  26.4%  21.7    5s

Cutting planes:
  Zero half: 2
  RLT: 2
  BQP: 2

Explored 4114 nodes (85208 simplex iterations) in 6.04 seconds (7.09 work units)
Thread count was 1 (of 12 available processors)

Solution count 10: 230 248 274 ... 2992

Optimal solution found (tolerance 1.00e-04)
Best objective 2.300000000000e+02, best bound 2.300000000000e+02, gap 0.0000%
230.0
