Set parameter Username
Academic license - for non-commercial use only - expires 2025-08-28
Set parameter Threads to value 1
Set parameter Method to value 4
Gurobi Optimizer version 11.0.0 build v11.0.0rc2 (mac64[arm] - Darwin 23.5.0 23F79)

CPU model: Apple M3 Pro
Thread count: 12 physical cores, 12 logical processors, using up to 1 threads

Optimize a model with 2616 rows, 387 columns and 7864 nonzeros
Model fingerprint: 0x24adbc21
Variable types: 234 continuous, 153 integer (153 binary)
Coefficient statistics:
  Matrix range     [1e+00, 1e+00]
  Objective range  [1e+01, 3e+02]
  Bounds range     [1e+00, 1e+00]
  RHS range        [1e+00, 2e+00]
Presolve removed 691 rows and 86 columns
Presolve time: 0.01s
Presolved: 1925 rows, 301 columns, 5688 nonzeros
Variable types: 0 continuous, 301 integer (301 binary)
Found heuristic solution: objective 3458.0000000
Found heuristic solution: objective 3255.0000000

Root relaxation: objective 0.000000e+00, 179 iterations, 0.01 seconds (0.01 work units)

    Nodes    |    Current Node    |     Objective Bounds      |     Work
 Expl Unexpl |  Obj  Depth IntInf | Incumbent    BestBd   Gap | It/Node Time

     0     0    0.00000    0   35 3255.00000    0.00000   100%     -    0s
H    0     0                    1883.0000000    0.00000   100%     -    0s
H    0     0                    1050.0000000    0.00000   100%     -    0s
H    0     0                     860.0000000    0.00000   100%     -    0s
     0     0    0.00000    0   69  860.00000    0.00000   100%     -    0s
H    0     0                     735.0000000    0.00000   100%     -    0s
H    0     0                     602.0000000    0.00000   100%     -    0s
H    0     0                     567.0000000    0.00000   100%     -    0s
     0     0    0.00000    0   94  567.00000    0.00000   100%     -    0s
H    0     0                     552.0000000    0.00000   100%     -    0s
     0     0    0.00000    0   63  552.00000    0.00000   100%     -    0s
H    0     0                     284.0000000    0.00000   100%     -    0s
     0     0    0.00000    0   73  284.00000    0.00000   100%     -    0s
H    0     0                     246.0000000    0.00000   100%     -    0s
     0     0    0.00000    0   72  246.00000    0.00000   100%     -    0s
     0     0    0.00000    0   58  246.00000    0.00000   100%     -    0s
     0     0    0.00000    0   58  246.00000    0.00000   100%     -    0s
     0     2    0.00000    0   40  246.00000    0.00000   100%     -    0s
*  110    39               8     235.0000000  120.00000  48.9%  32.5    0s

Cutting planes:
  MIR: 6
  Inf proof: 13
  Zero half: 15
  RLT: 15
  BQP: 13

Explored 736 nodes (17378 simplex iterations) in 1.21 seconds (1.44 work units)
Thread count was 1 (of 12 available processors)

Solution count 10: 235 246 284 ... 1883

Optimal solution found (tolerance 1.00e-04)
Best objective 2.350000000000e+02, best bound 2.350000000000e+02, gap 0.0000%
235.0
