Set parameter Username
Academic license - for non-commercial use only - expires 2025-08-28
Set parameter Threads to value 1
Set parameter Method to value 4
Gurobi Optimizer version 11.0.0 build v11.0.0rc2 (mac64[arm] - Darwin 23.5.0 23F79)

CPU model: Apple M3 Pro
Thread count: 12 physical cores, 12 logical processors, using up to 1 threads

Optimize a model with 2781 rows, 405 columns and 8361 nonzeros
Model fingerprint: 0xcbdc6c6b
Variable types: 243 continuous, 162 integer (162 binary)
Coefficient statistics:
  Matrix range     [1e+00, 1e+00]
  Objective range  [1e+01, 3e+02]
  Bounds range     [1e+00, 1e+00]
  RHS range        [1e+00, 2e+00]
Presolve removed 468 rows and 72 columns
Presolve time: 0.01s
Presolved: 2313 rows, 333 columns, 6831 nonzeros
Variable types: 0 continuous, 333 integer (333 binary)
Found heuristic solution: objective 3430.0000000
Found heuristic solution: objective 3227.0000000

Root relaxation: objective 0.000000e+00, 166 iterations, 0.00 seconds (0.01 work units)

    Nodes    |    Current Node    |     Objective Bounds      |     Work
 Expl Unexpl |  Obj  Depth IntInf | Incumbent    BestBd   Gap | It/Node Time

     0     0    0.00000    0   36 3227.00000    0.00000   100%     -    0s
H    0     0                    2345.0000000    0.00000   100%     -    0s
H    0     0                    1176.0000000    0.00000   100%     -    0s
H    0     0                    1020.0000000    0.00000   100%     -    0s
H    0     0                     894.0000000    0.00000   100%     -    0s
     0     0    0.00000    0   78  894.00000    0.00000   100%     -    0s
H    0     0                     879.0000000    0.00000   100%     -    0s
H    0     0                     849.0000000    0.00000   100%     -    0s
     0     0    0.00000    0   87  849.00000    0.00000   100%     -    0s
H    0     0                     795.0000000    0.00000   100%     -    0s
H    0     0                     668.0000000    0.00000   100%     -    0s
     0     0    0.00000    0  126  668.00000    0.00000   100%     -    0s
H    0     0                     388.0000000    0.00000   100%     -    0s
H    0     0                     328.0000000    0.00000   100%     -    0s
     0     0    0.00000    0  124  328.00000    0.00000   100%     -    0s
     0     0    0.00000    0   72  328.00000    0.00000   100%     -    0s
     0     0    0.00000    0   66  328.00000    0.00000   100%     -    0s
     0     0    0.00000    0   90  328.00000    0.00000   100%     -    0s
     0     0    0.00000    0   90  328.00000    0.00000   100%     -    0s
     0     2    0.00000    0   71  328.00000    0.00000   100%     -    0s
*   35    33              19     316.0000000    0.00000   100%  54.6    0s
H   52    36                     301.0000000   20.00000  93.4%  45.5    0s
H  266   138                     299.0000000   44.00000  85.3%  44.7    0s
H  502   284                     286.0000000   52.00000  81.8%  49.8    1s
*  508   287              16     284.0000000   52.00000  81.7%  49.9    1s

Cutting planes:
  Gomory: 2
  MIR: 1
  Zero half: 9
  RLT: 4
  BQP: 3

Explored 1544 nodes (57932 simplex iterations) in 4.21 seconds (4.81 work units)
Thread count was 1 (of 12 available processors)

Solution count 10: 284 286 299 ... 849

Optimal solution found (tolerance 1.00e-04)
Best objective 2.840000000000e+02, best bound 2.840000000000e+02, gap 0.0000%
284.0
