Set parameter Username
Academic license - for non-commercial use only - expires 2025-08-28
Set parameter Threads to value 1
Set parameter Method to value 4
Gurobi Optimizer version 11.0.0 build v11.0.0rc2 (mac64[arm] - Darwin 23.5.0 23F79)

CPU model: Apple M3 Pro
Thread count: 12 physical cores, 12 logical processors, using up to 1 threads

Optimize a model with 3278 rows, 459 columns and 9854 nonzeros
Model fingerprint: 0x1b4ed79e
Variable types: 270 continuous, 189 integer (189 binary)
Coefficient statistics:
  Matrix range     [1e+00, 1e+00]
  Objective range  [1e+01, 3e+02]
  Bounds range     [1e+00, 1e+00]
  RHS range        [1e+00, 2e+00]
Presolve removed 548 rows and 80 columns
Presolve time: 0.01s
Presolved: 2730 rows, 379 columns, 8028 nonzeros
Variable types: 0 continuous, 379 integer (379 binary)
Found heuristic solution: objective 3851.0000000
Found heuristic solution: objective 3648.0000000

Root relaxation: objective 0.000000e+00, 161 iterations, 0.00 seconds (0.01 work units)

    Nodes    |    Current Node    |     Objective Bounds      |     Work
 Expl Unexpl |  Obj  Depth IntInf | Incumbent    BestBd   Gap | It/Node Time

     0     0    0.00000    0   42 3648.00000    0.00000   100%     -    0s
H    0     0                    3431.0000000    0.00000   100%     -    0s
H    0     0                    1625.0000000    0.00000   100%     -    0s
H    0     0                    1565.0000000    0.00000   100%     -    0s
H    0     0                    1343.0000000    0.00000   100%     -    0s
     0     0    0.00000    0   88 1343.00000    0.00000   100%     -    0s
H    0     0                    1210.0000000    0.00000   100%     -    0s
H    0     0                    1065.0000000    0.00000   100%     -    0s
H    0     0                     971.0000000    0.00000   100%     -    0s
     0     0    0.00000    0  103  971.00000    0.00000   100%     -    0s
H    0     0                     941.0000000    0.00000   100%     -    0s
     0     0    0.00000    0   84  941.00000    0.00000   100%     -    0s
     0     0    0.00000    0  123  941.00000    0.00000   100%     -    0s
H    0     0                     764.0000000    0.00000   100%     -    0s
     0     0    0.00000    0  116  764.00000    0.00000   100%     -    0s
     0     0    0.00000    0  112  764.00000    0.00000   100%     -    0s
H    0     0                     711.0000000    0.00000   100%     -    0s
H    0     0                     696.0000000    0.00000   100%     -    0s
     0     0    0.00000    0  105  696.00000    0.00000   100%     -    0s
     0     0    0.00000    0   83  696.00000    0.00000   100%     -    0s
     0     0    0.00000    0   83  696.00000    0.00000   100%     -    0s
H    0     0                     487.0000000    0.00000   100%     -    0s
     0     2    0.00000    0   83  487.00000    0.00000   100%     -    0s
H   35    31                     447.0000000    0.00000   100%  68.1    0s
*   49    34              28     438.0000000    0.00000   100%  56.1    0s
H   54    36                     427.0000000    0.00000   100%  56.2    0s
*  134    93              29     403.0000000    0.00000   100%  52.4    0s
H  865   434                     394.0000000  124.00000  68.5%  54.2    3s
  1498   499  271.00000   23   67  394.00000  190.00000  51.8%  46.6    5s
  3547   694     cutoff   26       394.00000  262.00000  33.5%  37.2   10s
  5983   646  365.33333   27  106  394.00000  307.16667  22.0%  33.4   15s

Cutting planes:
  Zero half: 4
  RLT: 7
  BQP: 10

Explored 8136 nodes (255132 simplex iterations) in 18.65 seconds (21.44 work units)
Thread count was 1 (of 12 available processors)

Solution count 10: 394 403 427 ... 941

Optimal solution found (tolerance 1.00e-04)
Best objective 3.940000000000e+02, best bound 3.940000000000e+02, gap 0.0000%
394.0
