Set parameter Username
Academic license - for non-commercial use only - expires 2025-08-28
Set parameter Threads to value 1
Set parameter Method to value 4
Gurobi Optimizer version 11.0.0 build v11.0.0rc2 (mac64[arm] - Darwin 23.5.0 23F79)

CPU model: Apple M3 Pro
Thread count: 12 physical cores, 12 logical processors, using up to 1 threads

Optimize a model with 2947 rows, 423 columns and 8859 nonzeros
Model fingerprint: 0xeb63fc7f
Variable types: 252 continuous, 171 integer (171 binary)
Coefficient statistics:
  Matrix range     [1e+00, 1e+00]
  Objective range  [1e+01, 3e+02]
  Bounds range     [1e+00, 1e+00]
  RHS range        [1e+00, 2e+00]
Presolve removed 498 rows and 75 columns
Presolve time: 0.01s
Presolved: 2449 rows, 348 columns, 7218 nonzeros
Variable types: 0 continuous, 348 integer (348 binary)
Found heuristic solution: objective 2021.0000000
Found heuristic solution: objective 1189.0000000

Root relaxation: objective 0.000000e+00, 188 iterations, 0.00 seconds (0.01 work units)

    Nodes    |    Current Node    |     Objective Bounds      |     Work
 Expl Unexpl |  Obj  Depth IntInf | Incumbent    BestBd   Gap | It/Node Time

     0     0    0.00000    0   43 1189.00000    0.00000   100%     -    0s
H    0     0                    1098.0000000    0.00000   100%     -    0s
H    0     0                     958.0000000    0.00000   100%     -    0s
     0     0    0.00000    0  106  958.00000    0.00000   100%     -    0s
H    0     0                     956.0000000    0.00000   100%     -    0s
H    0     0                     906.0000000    0.00000   100%     -    0s
     0     0    0.00000    0   88  906.00000    0.00000   100%     -    0s
H    0     0                     570.0000000    0.00000   100%     -    0s
H    0     0                     519.0000000    0.00000   100%     -    0s
     0     0    0.00000    0   86  519.00000    0.00000   100%     -    0s
     0     0    0.00000    0   61  519.00000    0.00000   100%     -    0s
H    0     0                     483.0000000    0.00000   100%     -    0s
H    0     0                     461.0000000    0.00000   100%     -    0s
     0     0    0.00000    0   68  461.00000    0.00000   100%     -    0s
     0     0    0.00000    0   98  461.00000    0.00000   100%     -    0s
     0     0    0.00000    0  114  461.00000    0.00000   100%     -    0s
     0     0    0.00000    0   65  461.00000    0.00000   100%     -    0s
     0     0    0.00000    0   65  461.00000    0.00000   100%     -    0s
     0     2    0.00000    0   59  461.00000    0.00000   100%     -    0s
*   44    37              27     431.0000000    0.00000   100%  43.9    0s
*  133   101              33     397.0000000    0.00000   100%  45.0    0s
H  183   122                     386.0000000    0.00000   100%  43.4    0s
H  289   150                     374.0000000    0.00000   100%  36.7    0s
H  299   156                     359.0000000    0.00000   100%  36.4    0s
H  367   203                     358.0000000    0.00000   100%  42.0    1s
  1564   557  304.00000   29   70  358.00000  103.00000  71.2%  40.8    5s
  3563  1055  213.91667   27   97  358.00000  162.50000  54.6%  33.1   10s
  5902  1558  222.58333   28  100  358.00000  196.00000  45.3%  30.8   15s
  8823  1974  293.50000   30   49  358.00000  222.08333  38.0%  29.6   20s
 10202  2129 infeasible   27       358.00000  230.50000  35.6%  29.3   25s
 12882  2270  266.12500   31   75  358.00000  248.00000  30.7%  29.3   30s
 16091  2058  285.50000   24   79  358.00000  269.50000  24.7%  29.2   35s
 19429  1497  323.80000   37  106  358.00000  293.00000  18.2%  29.1   40s
 22919   257  332.00000   29   58  358.00000  332.00000  7.26%  28.6   45s

Cutting planes:
  Flow cover: 7
  Inf proof: 3
  Zero half: 18
  RLT: 12
  BQP: 14

Explored 23301 nodes (663965 simplex iterations) in 45.41 seconds (54.03 work units)
Thread count was 1 (of 12 available processors)

Solution count 10: 358 359 374 ... 570

Optimal solution found (tolerance 1.00e-04)
Best objective 3.580000000000e+02, best bound 3.580000000000e+02, gap 0.0000%
358.0
