Set parameter Username
Academic license - for non-commercial use only - expires 2025-08-28
Set parameter Threads to value 1
Set parameter Method to value 4
Gurobi Optimizer version 11.0.0 build v11.0.0rc2 (mac64[arm] - Darwin 23.5.0 23F79)

CPU model: Apple M3 Pro
Thread count: 12 physical cores, 12 logical processors, using up to 1 threads

Optimize a model with 2781 rows, 405 columns and 8361 nonzeros
Model fingerprint: 0x141cbf23
Variable types: 243 continuous, 162 integer (162 binary)
Coefficient statistics:
  Matrix range     [1e+00, 1e+00]
  Objective range  [1e+01, 3e+02]
  Bounds range     [1e+00, 1e+00]
  RHS range        [1e+00, 2e+00]
Presolve removed 468 rows and 72 columns
Presolve time: 0.01s
Presolved: 2313 rows, 333 columns, 6831 nonzeros
Variable types: 0 continuous, 333 integer (333 binary)
Found heuristic solution: objective 3570.0000000
Found heuristic solution: objective 3367.0000000

Root relaxation: objective 0.000000e+00, 166 iterations, 0.00 seconds (0.01 work units)

    Nodes    |    Current Node    |     Objective Bounds      |     Work
 Expl Unexpl |  Obj  Depth IntInf | Incumbent    BestBd   Gap | It/Node Time

     0     0    0.00000    0   36 3367.00000    0.00000   100%     -    0s
H    0     0                    2469.0000000    0.00000   100%     -    0s
H    0     0                    1316.0000000    0.00000   100%     -    0s
H    0     0                    1140.0000000    0.00000   100%     -    0s
H    0     0                    1006.0000000    0.00000   100%     -    0s
     0     0    0.00000    0   78 1006.00000    0.00000   100%     -    0s
H    0     0                     979.0000000    0.00000   100%     -    0s
H    0     0                     978.0000000    0.00000   100%     -    0s
H    0     0                     829.0000000    0.00000   100%     -    0s
     0     0    0.00000    0   96  829.00000    0.00000   100%     -    0s
H    0     0                     787.0000000    0.00000   100%     -    0s
H    0     0                     658.0000000    0.00000   100%     -    0s
H    0     0                     633.0000000    0.00000   100%     -    0s
     0     0    0.00000    0  106  633.00000    0.00000   100%     -    0s
H    0     0                     503.0000000    0.00000   100%     -    0s
     0     0    0.00000    0  109  503.00000    0.00000   100%     -    0s
     0     0    0.00000    0   70  503.00000    0.00000   100%     -    0s
     0     0    0.00000    0   81  503.00000    0.00000   100%     -    0s
     0     0    0.00000    0   92  503.00000    0.00000   100%     -    0s
     0     0    0.00000    0   92  503.00000    0.00000   100%     -    0s
     0     2    0.00000    0   92  503.00000    0.00000   100%     -    0s
*   35    33              19     400.0000000   68.00000  83.0%  74.2    0s
*   40    32              22     398.0000000   68.00000  82.9%  66.7    0s
H   54    41                     377.0000000   68.00000  82.0%  64.4    0s
*  104    80              13     331.0000000   70.00000  78.9%  51.0    0s
*  259   150              14     326.0000000   78.00000  76.1%  41.1    0s
  2182   443  278.25000   24   98  326.00000  132.00000  59.5%  35.0    5s
  4920   817  299.50000   28   68  326.00000  170.00000  47.9%  30.4   10s
  8070   895  270.00000   25   45  326.00000  221.75000  32.0%  27.8   15s
 12092   431  311.27273   28   98  326.00000  287.00000  12.0%  25.3   20s

Cutting planes:
  Zero half: 8
  RLT: 1
  BQP: 2

Explored 13272 nodes (327453 simplex iterations) in 21.33 seconds (26.35 work units)
Thread count was 1 (of 12 available processors)

Solution count 10: 326 331 377 ... 829

Optimal solution found (tolerance 1.00e-04)
Best objective 3.260000000000e+02, best bound 3.260000000000e+02, gap 0.0000%
326.0
