Set parameter Username
Academic license - for non-commercial use only - expires 2025-08-28
Set parameter Threads to value 1
Set parameter Method to value 4
Gurobi Optimizer version 11.0.0 build v11.0.0rc2 (mac64[arm] - Darwin 23.5.0 23F79)

CPU model: Apple M3 Pro
Thread count: 12 physical cores, 12 logical processors, using up to 1 threads

Optimize a model with 2781 rows, 405 columns and 8361 nonzeros
Model fingerprint: 0x3697d217
Variable types: 243 continuous, 162 integer (162 binary)
Coefficient statistics:
  Matrix range     [1e+00, 1e+00]
  Objective range  [1e+01, 3e+02]
  Bounds range     [1e+00, 1e+00]
  RHS range        [1e+00, 2e+00]
Presolve removed 468 rows and 72 columns
Presolve time: 0.01s
Presolved: 2313 rows, 333 columns, 6831 nonzeros
Variable types: 0 continuous, 333 integer (333 binary)
Found heuristic solution: objective 3241.0000000
Found heuristic solution: objective 3017.0000000

Root relaxation: objective 0.000000e+00, 159 iterations, 0.00 seconds (0.01 work units)

    Nodes    |    Current Node    |     Objective Bounds      |     Work
 Expl Unexpl |  Obj  Depth IntInf | Incumbent    BestBd   Gap | It/Node Time

     0     0    0.00000    0   37 3017.00000    0.00000   100%     -    0s
H    0     0                    1044.0000000    0.00000   100%     -    0s
H    0     0                     654.0000000    0.00000   100%     -    0s
H    0     0                     396.0000000    0.00000   100%     -    0s
     0     0    0.00000    0   71  396.00000    0.00000   100%     -    0s
H    0     0                     304.0000000    0.00000   100%     -    0s
     0     0    0.00000    0   76  304.00000    0.00000   100%     -    0s
H    0     0                     299.0000000    0.00000   100%     -    0s
H    0     0                     298.0000000    0.00000   100%     -    0s
H    0     0                     271.0000000    0.00000   100%     -    0s
     0     0    0.00000    0   72  271.00000    0.00000   100%     -    0s
     0     0    0.00000    0   99  271.00000    0.00000   100%     -    0s
H    0     0                     249.0000000    0.00000   100%     -    0s
     0     0    0.00000    0   63  249.00000    0.00000   100%     -    0s
H    0     0                     190.0000000    0.00000   100%     -    0s
     0     0    0.00000    0   67  190.00000    0.00000   100%     -    0s
     0     0    0.00000    0   95  190.00000    0.00000   100%     -    0s
     0     0    0.00000    0   95  190.00000    0.00000   100%     -    0s
     0     2    0.00000    0   95  190.00000    0.00000   100%     -    0s
*   17    13              10      99.0000000   35.00000  64.6%  51.9    0s

Cutting planes:
  Gomory: 6
  MIR: 2
  Inf proof: 1
  Zero half: 19
  RLT: 40
  BQP: 17

Explored 126 nodes (6586 simplex iterations) in 0.52 seconds (0.60 work units)
Thread count was 1 (of 12 available processors)

Solution count 10: 99 190 249 ... 1044

Optimal solution found (tolerance 1.00e-04)
Best objective 9.900000000000e+01, best bound 9.900000000000e+01, gap 0.0000%
99.0
