Set parameter Username
Academic license - for non-commercial use only - expires 2025-08-28
Set parameter Threads to value 1
Set parameter Method to value 4
Gurobi Optimizer version 11.0.0 build v11.0.0rc2 (mac64[arm] - Darwin 23.5.0 23F79)

CPU model: Apple M3 Pro
Thread count: 12 physical cores, 12 logical processors, using up to 1 threads

Optimize a model with 2782 rows, 405 columns and 8362 nonzeros
Model fingerprint: 0x6fca4c38
Variable types: 243 continuous, 162 integer (162 binary)
Coefficient statistics:
  Matrix range     [1e+00, 1e+00]
  Objective range  [1e+01, 3e+02]
  Bounds range     [1e+00, 1e+00]
  RHS range        [1e+00, 2e+00]
Presolve removed 739 rows and 90 columns
Presolve time: 0.01s
Presolved: 2043 rows, 315 columns, 6021 nonzeros
Variable types: 0 continuous, 315 integer (315 binary)
Found heuristic solution: objective 1555.0000000
Found heuristic solution: objective 1082.0000000

Root relaxation: objective 0.000000e+00, 164 iterations, 0.00 seconds (0.01 work units)

    Nodes    |    Current Node    |     Objective Bounds      |     Work
 Expl Unexpl |  Obj  Depth IntInf | Incumbent    BestBd   Gap | It/Node Time

     0     0    0.00000    0   41 1082.00000    0.00000   100%     -    0s
H    0     0                     860.0000000    0.00000   100%     -    0s
     0     0    0.00000    0   60  860.00000    0.00000   100%     -    0s
H    0     0                     651.0000000    0.00000   100%     -    0s
     0     0    0.00000    0   68  651.00000    0.00000   100%     -    0s
H    0     0                     630.0000000    0.00000   100%     -    0s
H    0     0                     504.0000000    0.00000   100%     -    0s
H    0     0                     484.0000000    0.00000   100%     -    0s
     0     0    0.00000    0   63  484.00000    0.00000   100%     -    0s
     0     0    0.00000    0  104  484.00000    0.00000   100%     -    0s
H    0     0                     314.0000000    0.00000   100%     -    0s
     0     0    0.00000    0   99  314.00000    0.00000   100%     -    0s
     0     0    0.00000    0   56  314.00000    0.00000   100%     -    0s
     0     0    0.00000    0   69  314.00000    0.00000   100%     -    0s
     0     0    0.00000    0   46  314.00000    0.00000   100%     -    0s
     0     2    0.00000    0   46  314.00000    0.00000   100%     -    0s
H   27    19                     291.0000000   84.00000  71.1%  81.0    0s
H   55    34                     279.0000000   84.00000  69.9%  53.9    0s
*  259   136              21     278.0000000   86.21429  69.0%  33.9    0s
  2192   509  179.20000   30   74  278.00000  122.00000  56.1%  30.2    5s
  5073  1472  184.50000   37   89  278.00000  122.00000  56.1%  25.2   10s
  8352  2252  241.57143   43   73  278.00000  122.00000  56.1%  23.2   15s
 10202  2561     cutoff   37       278.00000  130.33333  53.1%  22.5   20s
 14093  3073  220.25000   42   59  278.00000  149.80000  46.1%  21.5   25s
 18561  3322  267.66667   47   11  278.00000  168.00000  39.6%  20.9   30s
 23100  3326  256.54167   37   33  278.00000  186.00000  33.1%  20.3   35s
 28425  3618  246.00000   40   32  278.00000  196.00000  29.5%  19.0   40s
 33827  3395  275.20000   39   24  278.00000  208.75000  24.9%  18.1   45s
 39381  2878     cutoff   45       278.00000  222.00000  20.1%  17.3   50s
 44854  1997  258.00000   41   70  278.00000  235.50000  15.3%  16.5   55s

Cutting planes:
  MIR: 1
  Zero half: 3
  RLT: 2
  BQP: 3

Explored 49638 nodes (794265 simplex iterations) in 59.39 seconds (69.99 work units)
Thread count was 1 (of 12 available processors)

Solution count 10: 278 278 279 ... 860

Optimal solution found (tolerance 1.00e-04)
Best objective 2.780000000000e+02, best bound 2.780000000000e+02, gap 0.0000%
278.0
