Set parameter Username
Academic license - for non-commercial use only - expires 2025-08-28
Set parameter Threads to value 1
Set parameter Method to value 4
Gurobi Optimizer version 11.0.0 build v11.0.0rc2 (mac64[arm] - Darwin 23.5.0 23F79)

CPU model: Apple M3 Pro
Thread count: 12 physical cores, 12 logical processors, using up to 1 threads

Optimize a model with 2616 rows, 387 columns and 7864 nonzeros
Model fingerprint: 0x86ee29f1
Variable types: 234 continuous, 153 integer (153 binary)
Coefficient statistics:
  Matrix range     [1e+00, 1e+00]
  Objective range  [1e+01, 3e+02]
  Bounds range     [1e+00, 1e+00]
  RHS range        [1e+00, 2e+00]
Presolve removed 691 rows and 86 columns
Presolve time: 0.01s
Presolved: 1925 rows, 301 columns, 5688 nonzeros
Variable types: 0 continuous, 301 integer (301 binary)
Found heuristic solution: objective 3346.0000000
Found heuristic solution: objective 3136.0000000

Root relaxation: objective 0.000000e+00, 179 iterations, 0.00 seconds (0.01 work units)

    Nodes    |    Current Node    |     Objective Bounds      |     Work
 Expl Unexpl |  Obj  Depth IntInf | Incumbent    BestBd   Gap | It/Node Time

     0     0    0.00000    0   35 3136.00000    0.00000   100%     -    0s
H    0     0                    1799.0000000    0.00000   100%     -    0s
H    0     0                     945.0000000    0.00000   100%     -    0s
H    0     0                     755.0000000    0.00000   100%     -    0s
     0     0    0.00000    0   69  755.00000    0.00000   100%     -    0s
H    0     0                     609.0000000    0.00000   100%     -    0s
H    0     0                     531.0000000    0.00000   100%     -    0s
H    0     0                     505.0000000    0.00000   100%     -    0s
     0     0    0.00000    0   41  505.00000    0.00000   100%     -    0s
H    0     0                     268.0000000    0.00000   100%     -    0s
     0     0    0.00000    0   67  268.00000    0.00000   100%     -    0s
H    0     0                     228.0000000    0.00000   100%     -    0s
     0     0    0.00000    0   70  228.00000    0.00000   100%     -    0s
     0     0    0.00000    0   70  228.00000    0.00000   100%     -    0s
H    0     0                     198.0000000    0.00000   100%     -    0s
     0     2    0.00000    0   70  198.00000    0.00000   100%     -    0s
*   20    20              10     183.0000000   25.00000  86.3%  52.3    0s

Cutting planes:
  MIR: 8
  Zero half: 29
  RLT: 11
  BQP: 6

Explored 394 nodes (11962 simplex iterations) in 0.75 seconds (0.92 work units)
Thread count was 1 (of 12 available processors)

Solution count 10: 183 198 228 ... 1799

Optimal solution found (tolerance 1.00e-04)
Best objective 1.830000000000e+02, best bound 1.830000000000e+02, gap 0.0000%
183.0
