Set parameter Username
Academic license - for non-commercial use only - expires 2025-08-28
Set parameter Threads to value 1
Set parameter Method to value 4
Gurobi Optimizer version 11.0.0 build v11.0.0rc2 (mac64[arm] - Darwin 23.5.0 23F79)

CPU model: Apple M3 Pro
Thread count: 12 physical cores, 12 logical processors, using up to 1 threads

Optimize a model with 2616 rows, 387 columns and 7864 nonzeros
Model fingerprint: 0x81c5bf53
Variable types: 234 continuous, 153 integer (153 binary)
Coefficient statistics:
  Matrix range     [1e+00, 1e+00]
  Objective range  [1e+01, 3e+02]
  Bounds range     [1e+00, 1e+00]
  RHS range        [1e+00, 2e+00]
Presolve removed 691 rows and 86 columns
Presolve time: 0.01s
Presolved: 1925 rows, 301 columns, 5688 nonzeros
Variable types: 0 continuous, 301 integer (301 binary)
Found heuristic solution: objective 3325.0000000
Found heuristic solution: objective 3115.0000000

Root relaxation: objective 0.000000e+00, 179 iterations, 0.00 seconds (0.01 work units)

    Nodes    |    Current Node    |     Objective Bounds      |     Work
 Expl Unexpl |  Obj  Depth IntInf | Incumbent    BestBd   Gap | It/Node Time

     0     0    0.00000    0   35 3115.00000    0.00000   100%     -    0s
H    0     0                    1785.0000000    0.00000   100%     -    0s
H    0     0                     924.0000000    0.00000   100%     -    0s
H    0     0                     739.0000000    0.00000   100%     -    0s
     0     0    0.00000    0   69  739.00000    0.00000   100%     -    0s
H    0     0                     602.0000000    0.00000   100%     -    0s
H    0     0                     527.0000000    0.00000   100%     -    0s
H    0     0                     502.0000000    0.00000   100%     -    0s
     0     0    0.00000    0   41  502.00000    0.00000   100%     -    0s
H    0     0                     264.0000000    0.00000   100%     -    0s
     0     0    0.00000    0   59  264.00000    0.00000   100%     -    0s
     0     0    0.00000    0   29  264.00000    0.00000   100%     -    0s
     0     0    0.00000    0   48  264.00000    0.00000   100%     -    0s
H    0     0                     244.0000000    0.00000   100%     -    0s
     0     0    0.00000    0   62  244.00000    0.00000   100%     -    0s
     0     0    0.00000    0   58  244.00000    0.00000   100%     -    0s
     0     0    0.00000    0   58  244.00000    0.00000   100%     -    0s
H    0     0                     223.0000000    0.00000   100%     -    0s
     0     2    0.00000    0   58  223.00000    0.00000   100%     -    0s
H   27    25                     177.0000000   15.00000  91.5%  36.6    0s

Cutting planes:
  MIR: 9
  Inf proof: 18
  Zero half: 19
  RLT: 17
  BQP: 14

Explored 1572 nodes (37215 simplex iterations) in 2.72 seconds (3.08 work units)
Thread count was 1 (of 12 available processors)

Solution count 10: 177 223 244 ... 1785

Optimal solution found (tolerance 1.00e-04)
Best objective 1.770000000000e+02, best bound 1.770000000000e+02, gap 0.0000%
177.0
