Set parameter Username
Academic license - for non-commercial use only - expires 2025-08-28
Set parameter Threads to value 1
Set parameter Method to value 4
Gurobi Optimizer version 11.0.0 build v11.0.0rc2 (mac64[arm] - Darwin 23.5.0 23F79)

CPU model: Apple M3 Pro
Thread count: 12 physical cores, 12 logical processors, using up to 1 threads

Optimize a model with 2781 rows, 405 columns and 8361 nonzeros
Model fingerprint: 0x40cc24a4
Variable types: 243 continuous, 162 integer (162 binary)
Coefficient statistics:
  Matrix range     [1e+00, 1e+00]
  Objective range  [1e+01, 3e+02]
  Bounds range     [1e+00, 1e+00]
  RHS range        [1e+00, 2e+00]
Presolve removed 468 rows and 72 columns
Presolve time: 0.01s
Presolved: 2313 rows, 333 columns, 6831 nonzeros
Variable types: 0 continuous, 333 integer (333 binary)
Found heuristic solution: objective 2838.0000000
Found heuristic solution: objective 2646.0000000

Root relaxation: objective 0.000000e+00, 165 iterations, 0.00 seconds (0.01 work units)

    Nodes    |    Current Node    |     Objective Bounds      |     Work
 Expl Unexpl |  Obj  Depth IntInf | Incumbent    BestBd   Gap | It/Node Time

     0     0    0.00000    0   34 2646.00000    0.00000   100%     -    0s
H    0     0                     480.0000000    0.00000   100%     -    0s
H    0     0                     470.0000000    0.00000   100%     -    0s
     0     0    0.00000    0   96  470.00000    0.00000   100%     -    0s
H    0     0                     450.0000000    0.00000   100%     -    0s
H    0     0                     405.0000000    0.00000   100%     -    0s
     0     0    0.00000    0   80  405.00000    0.00000   100%     -    0s
H    0     0                     367.0000000    0.00000   100%     -    0s
H    0     0                     354.0000000    0.00000   100%     -    0s
     0     0    0.00000    0   73  354.00000    0.00000   100%     -    0s
H    0     0                     330.0000000    0.00000   100%     -    0s
     0     0    0.00000    0   92  330.00000    0.00000   100%     -    0s
     0     0    0.00000    0   70  330.00000    0.00000   100%     -    0s
H    0     0                     310.0000000    0.00000   100%     -    0s
     0     0    0.00000    0   76  310.00000    0.00000   100%     -    0s
     0     0    0.00000    0   62  310.00000    0.00000   100%     -    0s
     0     0    0.00000    0   62  310.00000    0.00000   100%     -    0s
     0     2    0.00000    0   62  310.00000    0.00000   100%     -    0s
H   27    27                     300.0000000    0.00000   100%  87.2    0s
*   44    42              26     252.0000000    0.00000   100%  71.2    0s
H   78    67                     242.0000000    0.00000   100%  62.0    0s
H  108    75                     202.0000000    0.00000   100%  56.2    0s
*  131    90              22     200.0000000    0.00000   100%  50.5    0s
H  236   135                     179.0000000    2.08333  98.8%  42.1    0s
H  248   134                     164.0000000   10.00000  93.9%  42.6    0s
  2246   606   48.00000   28   57  164.00000   48.00000  70.7%  30.4    5s
  5099  1243  144.00000   33   66  164.00000   68.33333  58.3%  26.9   10s
  8096  1655   93.00000   32   46  164.00000   80.00000  51.2%  25.2   15s
 10202  1921  122.39286   35   61  164.00000   90.00000  45.1%  23.7   21s
 13120  2062  146.25000   30   55  164.00000  100.00000  39.0%  22.9   25s
 17216  2042     cutoff   40       164.00000  112.00000  31.7%  22.4   30s
 21081  1240     cutoff   36       164.00000  130.00000  20.7%  22.5   35s

Cutting planes:
  Flow cover: 15
  Zero half: 31
  RLT: 13
  BQP: 9

Explored 23476 nodes (517996 simplex iterations) in 37.57 seconds (44.76 work units)
Thread count was 1 (of 12 available processors)

Solution count 10: 164 179 200 ... 354

Optimal solution found (tolerance 1.00e-04)
Best objective 1.640000000000e+02, best bound 1.640000000000e+02, gap 0.0000%
164.0
