Set parameter Username
Academic license - for non-commercial use only - expires 2025-08-28
Set parameter Threads to value 1
Set parameter Method to value 4
Gurobi Optimizer version 11.0.0 build v11.0.0rc2 (mac64[arm] - Darwin 23.5.0 23F79)

CPU model: Apple M3 Pro
Thread count: 12 physical cores, 12 logical processors, using up to 1 threads

Optimize a model with 2616 rows, 387 columns and 7864 nonzeros
Model fingerprint: 0x91e1e271
Variable types: 234 continuous, 153 integer (153 binary)
Coefficient statistics:
  Matrix range     [1e+00, 1e+00]
  Objective range  [1e+01, 3e+02]
  Bounds range     [1e+00, 1e+00]
  RHS range        [1e+00, 2e+00]
Presolve removed 691 rows and 86 columns
Presolve time: 0.01s
Presolved: 1925 rows, 301 columns, 5688 nonzeros
Variable types: 0 continuous, 301 integer (301 binary)
Found heuristic solution: objective 3430.0000000
Found heuristic solution: objective 3220.0000000

Root relaxation: objective 0.000000e+00, 179 iterations, 0.00 seconds (0.01 work units)

    Nodes    |    Current Node    |     Objective Bounds      |     Work
 Expl Unexpl |  Obj  Depth IntInf | Incumbent    BestBd   Gap | It/Node Time

     0     0    0.00000    0   35 3220.00000    0.00000   100%     -    0s
H    0     0                    1860.0000000    0.00000   100%     -    0s
H    0     0                    1029.0000000    0.00000   100%     -    0s
H    0     0                     844.0000000    0.00000   100%     -    0s
     0     0    0.00000    0   69  844.00000    0.00000   100%     -    0s
H    0     0                     721.0000000    0.00000   100%     -    0s
H    0     0                     595.0000000    0.00000   100%     -    0s
H    0     0                     561.0000000    0.00000   100%     -    0s
     0     0    0.00000    0   41  561.00000    0.00000   100%     -    0s
H    0     0                     400.0000000    0.00000   100%     -    0s
H    0     0                     366.0000000    0.00000   100%     -    0s
H    0     0                     359.0000000    0.00000   100%     -    0s
     0     0    0.00000    0   64  359.00000    0.00000   100%     -    0s
H    0     0                     323.0000000    0.00000   100%     -    0s
     0     0    0.00000    0   61  323.00000    0.00000   100%     -    0s
     0     0    0.00000    0   68  323.00000    0.00000   100%     -    0s
     0     0    0.00000    0   43  323.00000    0.00000   100%     -    0s
     0     0    0.00000    0   43  323.00000    0.00000   100%     -    0s
     0     2    0.00000    0   42  323.00000    0.00000   100%     -    0s
*   12    12               6     228.0000000   43.00000  81.1%  74.1    0s

Cutting planes:
  MIR: 6
  Flow cover: 1
  Inf proof: 9
  Zero half: 17
  RLT: 8
  BQP: 7

Explored 627 nodes (16139 simplex iterations) in 1.05 seconds (1.27 work units)
Thread count was 1 (of 12 available processors)

Solution count 10: 228 323 359 ... 1029

Optimal solution found (tolerance 1.00e-04)
Best objective 2.280000000000e+02, best bound 2.280000000000e+02, gap 0.0000%
228.0
