Set parameter Username
Academic license - for non-commercial use only - expires 2025-08-28
Set parameter Threads to value 1
Set parameter Method to value 4
Gurobi Optimizer version 11.0.0 build v11.0.0rc2 (mac64[arm] - Darwin 23.5.0 23F79)

CPU model: Apple M3 Pro
Thread count: 12 physical cores, 12 logical processors, using up to 1 threads

Optimize a model with 2616 rows, 387 columns and 7864 nonzeros
Model fingerprint: 0xe1d0033d
Variable types: 234 continuous, 153 integer (153 binary)
Coefficient statistics:
  Matrix range     [1e+00, 1e+00]
  Objective range  [1e+01, 3e+02]
  Bounds range     [1e+00, 1e+00]
  RHS range        [1e+00, 2e+00]
Presolve removed 691 rows and 86 columns
Presolve time: 0.01s
Presolved: 1925 rows, 301 columns, 5688 nonzeros
Variable types: 0 continuous, 301 integer (301 binary)
Found heuristic solution: objective 3381.0000000
Found heuristic solution: objective 3171.0000000

Root relaxation: objective 0.000000e+00, 179 iterations, 0.00 seconds (0.01 work units)

    Nodes    |    Current Node    |     Objective Bounds      |     Work
 Expl Unexpl |  Obj  Depth IntInf | Incumbent    BestBd   Gap | It/Node Time

     0     0    0.00000    0   35 3171.00000    0.00000   100%     -    0s
H    0     0                    1826.0000000    0.00000   100%     -    0s
H    0     0                     994.0000000    0.00000   100%     -    0s
H    0     0                     978.0000000    0.00000   100%     -    0s
     0     0    0.00000    0  100  978.00000    0.00000   100%     -    0s
H    0     0                     784.0000000    0.00000   100%     -    0s
H    0     0                     466.0000000    0.00000   100%     -    0s
H    0     0                     354.0000000    0.00000   100%     -    0s
     0     0    0.00000    0   68  354.00000    0.00000   100%     -    0s
H    0     0                     238.0000000    0.00000   100%     -    0s
     0     0    0.00000    0   68  238.00000    0.00000   100%     -    0s
     0     0    0.00000    0   37  238.00000    0.00000   100%     -    0s
H    0     0                     223.0000000    0.00000   100%     -    0s
     0     0    0.00000    0   43  223.00000    0.00000   100%     -    0s
     0     0    0.00000    0   75  223.00000    0.00000   100%     -    0s
     0     0    0.00000    0   70  223.00000    0.00000   100%     -    0s
H    0     0                     213.0000000    0.00000   100%     -    0s
     0     2    0.00000    0   70  213.00000    0.00000   100%     -    0s
*  339   124              16     197.0000000   54.00000  72.6%  34.8    0s

Cutting planes:
  Gomory: 1
  MIR: 2
  Inf proof: 22
  Zero half: 29
  RLT: 17
  BQP: 10

Explored 1762 nodes (47818 simplex iterations) in 3.03 seconds (3.44 work units)
Thread count was 1 (of 12 available processors)

Solution count 10: 197 213 223 ... 1826

Optimal solution found (tolerance 1.00e-04)
Best objective 1.970000000000e+02, best bound 1.970000000000e+02, gap 0.0000%
197.0
