Set parameter Username
Academic license - for non-commercial use only - expires 2025-08-28
Set parameter Threads to value 1
Set parameter Method to value 4
Gurobi Optimizer version 11.0.0 build v11.0.0rc2 (mac64[arm] - Darwin 23.5.0 23F79)

CPU model: Apple M3 Pro
Thread count: 12 physical cores, 12 logical processors, using up to 1 threads

Optimize a model with 3112 rows, 441 columns and 9356 nonzeros
Model fingerprint: 0x200fa8c6
Variable types: 261 continuous, 180 integer (180 binary)
Coefficient statistics:
  Matrix range     [1e+00, 1e+00]
  Objective range  [1e+01, 3e+02]
  Bounds range     [1e+00, 1e+00]
  RHS range        [1e+00, 2e+00]
Presolve removed 518 rows and 77 columns
Presolve time: 0.01s
Presolved: 2594 rows, 364 columns, 7641 nonzeros
Variable types: 0 continuous, 364 integer (364 binary)
Found heuristic solution: objective 3782.0000000
Found heuristic solution: objective 3586.0000000

Root relaxation: objective 0.000000e+00, 149 iterations, 0.00 seconds (0.01 work units)

    Nodes    |    Current Node    |     Objective Bounds      |     Work
 Expl Unexpl |  Obj  Depth IntInf | Incumbent    BestBd   Gap | It/Node Time

     0     0    0.00000    0   43 3586.00000    0.00000   100%     -    0s
H    0     0                    2311.0000000    0.00000   100%     -    0s
H    0     0                    1260.0000000    0.00000   100%     -    0s
H    0     0                    1242.0000000    0.00000   100%     -    0s
     0     0    0.00000    0   78 1242.00000    0.00000   100%     -    0s
H    0     0                    1219.0000000    0.00000   100%     -    0s
H    0     0                    1162.0000000    0.00000   100%     -    0s
     0     0    0.00000    0  120 1162.00000    0.00000   100%     -    0s
H    0     0                    1053.0000000    0.00000   100%     -    0s
H    0     0                     737.0000000    0.00000   100%     -    0s
     0     0    0.00000    0  120  737.00000    0.00000   100%     -    0s
     0     0    0.00000    0   94  737.00000    0.00000   100%     -    0s
H    0     0                     599.0000000    0.00000   100%     -    0s
H    0     0                     580.0000000    0.00000   100%     -    0s
     0     0    0.00000    0   91  580.00000    0.00000   100%     -    0s
     0     0    0.00000    0   87  580.00000    0.00000   100%     -    0s
     0     0    0.00000    0   88  580.00000    0.00000   100%     -    0s
     0     0    0.00000    0   82  580.00000    0.00000   100%     -    0s
     0     0    0.00000    0   82  580.00000    0.00000   100%     -    0s
     0     2    0.00000    0   82  580.00000    0.00000   100%     -    0s
*   41    37              23     490.0000000   10.00000  98.0%  39.8    0s
H  167   112                     468.0000000   10.00000  97.9%  40.8    0s
H  172   116                     464.0000000   10.00000  97.8%  40.2    0s
H  184   118                     440.0000000   10.00000  97.7%  41.0    0s
H  248   160                     418.0000000   16.22222  96.1%  44.9    0s
H  262   170                     400.0000000   16.22222  95.9%  47.6    0s
H  314   180                     397.0000000   21.00000  94.7%  45.9    1s
H  331   194                     385.0000000   21.00000  94.5%  46.4    1s
  1829   569  123.50000   24   74  385.00000  115.00000  70.1%  37.5    5s
  4997  1736  367.41667   28   45  385.00000  178.66667  53.6%  29.6   10s
  7962  2492  361.20000   33   72  385.00000  213.00000  44.7%  28.2   15s
 10202  2969     cutoff   41       385.00000  230.70000  40.1%  27.2   21s
 12145  3232     cutoff   40       385.00000  242.00000  37.1%  26.6   25s
 15166  3519  331.61905   28  120  385.00000  257.25000  33.2%  26.0   30s
 18360  3703  362.00000   38  119  385.00000  269.33333  30.0%  25.9   35s
 22035  3747  308.63889   39   91  385.00000  283.80000  26.3%  25.3   40s
 25907  3583  343.20690   30   61  385.00000  296.96154  22.9%  24.9   45s
 29531  3261  311.66667   28   75  385.00000  307.25350  20.2%  24.6   50s
 33731  2611  338.00000   32   57  385.00000  322.00000  16.4%  24.2   55s
 37908  1468 infeasible   39       385.00000  341.00000  11.4%  23.7   60s

Cutting planes:
  Zero half: 9
  RLT: 5
  BQP: 9

Explored 40704 nodes (947228 simplex iterations) in 63.21 seconds (77.75 work units)
Thread count was 1 (of 12 available processors)

Solution count 10: 385 385 397 ... 580

Optimal solution found (tolerance 1.00e-04)
Best objective 3.850000000000e+02, best bound 3.850000000000e+02, gap 0.0000%
385.0
