Set parameter Username
Academic license - for non-commercial use only - expires 2025-08-28
Set parameter Threads to value 1
Set parameter Method to value 4
Gurobi Optimizer version 11.0.0 build v11.0.0rc2 (mac64[arm] - Darwin 23.5.0 23F79)

CPU model: Apple M3 Pro
Thread count: 12 physical cores, 12 logical processors, using up to 1 threads

Optimize a model with 3112 rows, 441 columns and 9356 nonzeros
Model fingerprint: 0x9bddf41c
Variable types: 261 continuous, 180 integer (180 binary)
Coefficient statistics:
  Matrix range     [1e+00, 1e+00]
  Objective range  [1e+01, 3e+02]
  Bounds range     [1e+00, 1e+00]
  RHS range        [1e+00, 2e+00]
Presolve removed 518 rows and 77 columns
Presolve time: 0.01s
Presolved: 2594 rows, 364 columns, 7641 nonzeros
Variable types: 0 continuous, 364 integer (364 binary)
Found heuristic solution: objective 3817.0000000
Found heuristic solution: objective 3621.0000000

Root relaxation: objective 0.000000e+00, 149 iterations, 0.00 seconds (0.01 work units)

    Nodes    |    Current Node    |     Objective Bounds      |     Work
 Expl Unexpl |  Obj  Depth IntInf | Incumbent    BestBd   Gap | It/Node Time

     0     0    0.00000    0   43 3621.00000    0.00000   100%     -    0s
H    0     0                    2329.0000000    0.00000   100%     -    0s
H    0     0                    1285.0000000    0.00000   100%     -    0s
H    0     0                    1271.0000000    0.00000   100%     -    0s
     0     0    0.00000    0   78 1271.00000    0.00000   100%     -    0s
H    0     0                    1086.0000000    0.00000   100%     -    0s
     0     0    0.00000    0  113 1086.00000    0.00000   100%     -    0s
H    0     0                    1064.0000000    0.00000   100%     -    0s
H    0     0                    1053.0000000    0.00000   100%     -    0s
     0     0    0.00000    0  105 1053.00000    0.00000   100%     -    0s
     0     0    0.00000    0   85 1053.00000    0.00000   100%     -    0s
H    0     0                     830.0000000    0.00000   100%     -    0s
     0     0    0.00000    0  107  830.00000    0.00000   100%     -    0s
     0     0    0.00000    0  124  830.00000    0.00000   100%     -    0s
     0     0    0.00000    0  124  830.00000    0.00000   100%     -    0s
H    0     0                     758.0000000    0.00000   100%     -    0s
H    0     0                     674.0000000    0.00000   100%     -    0s
     0     2    0.00000    0  112  674.00000    0.00000   100%     -    0s
*   40    39              25     552.0000000    0.00000   100%  60.8    0s
*   43    36              25     540.0000000    0.00000   100%  56.7    0s
H   54    39                     486.0000000    0.00000   100%  59.8    0s
H  135    94                     475.0000000    0.00000   100%  57.7    0s
*  141    98              37     415.0000000    0.00000   100%  56.6    0s
H  189   120                     396.0000000    0.00000   100%  53.0    0s
  1718   504  386.58333   33   70  396.00000   81.66667  79.4%  39.3    5s
  4086  1170 infeasible   38       396.00000  171.85000  56.6%  33.7   10s
  6744  1700  265.75000   21   53  396.00000  215.00000  45.7%  32.0   15s
  9610  2222     cutoff   36       396.00000  243.00000  38.6%  30.9   20s
 10202  2317  393.60000   29   52  396.00000  247.50000  37.5%  30.6   25s
 13026  2588  359.00000   26   53  396.00000  267.00000  32.6%  30.7   30s
 15642  2619  327.50000   27   35  396.00000  285.00000  28.0%  30.8   35s
 18371  2579  312.10000   25   65  396.00000  299.50000  24.4%  30.6   40s
 21600  2301     cutoff   34       396.00000  316.00000  20.2%  30.4   45s
 24963  1750     cutoff   38       396.00000  334.00000  15.7%  30.1   50s
 28313   516 infeasible   43       396.00000  364.50000  7.95%  29.6   55s

Cutting planes:
  Implied bound: 5
  Flow cover: 9
  Inf proof: 2
  Zero half: 21
  RLT: 35
  BQP: 30

Explored 29091 nodes (854672 simplex iterations) in 55.87 seconds (68.09 work units)
Thread count was 1 (of 12 available processors)

Solution count 10: 396 415 475 ... 1053

Optimal solution found (tolerance 1.00e-04)
Best objective 3.960000000000e+02, best bound 3.960000000000e+02, gap 0.0000%
396.0
