Set parameter Username
Academic license - for non-commercial use only - expires 2025-08-28
Set parameter Threads to value 1
Set parameter Method to value 4
Gurobi Optimizer version 11.0.0 build v11.0.0rc2 (mac64[arm] - Darwin 23.5.0 23F79)

CPU model: Apple M3 Pro
Thread count: 12 physical cores, 12 logical processors, using up to 1 threads

Optimize a model with 2616 rows, 387 columns and 7864 nonzeros
Model fingerprint: 0x5e399953
Variable types: 234 continuous, 153 integer (153 binary)
Coefficient statistics:
  Matrix range     [1e+00, 1e+00]
  Objective range  [1e+01, 3e+02]
  Bounds range     [1e+00, 1e+00]
  RHS range        [1e+00, 2e+00]
Presolve removed 448 rows and 70 columns
Presolve time: 0.01s
Presolved: 2168 rows, 317 columns, 6408 nonzeros
Variable types: 0 continuous, 317 integer (317 binary)
Found heuristic solution: objective 2103.0000000
Found heuristic solution: objective 651.0000000

Root relaxation: objective 0.000000e+00, 180 iterations, 0.00 seconds (0.01 work units)

    Nodes    |    Current Node    |     Objective Bounds      |     Work
 Expl Unexpl |  Obj  Depth IntInf | Incumbent    BestBd   Gap | It/Node Time

     0     0    0.00000    0   54  651.00000    0.00000   100%     -    0s
H    0     0                     405.0000000    0.00000   100%     -    0s
H    0     0                     366.0000000    0.00000   100%     -    0s
     0     0    0.00000    0   79  366.00000    0.00000   100%     -    0s
H    0     0                     210.0000000    0.00000   100%     -    0s
     0     0    0.00000    0   77  210.00000    0.00000   100%     -    0s
     0     0    0.00000    0   81  210.00000    0.00000   100%     -    0s
     0     0    0.00000    0   93  210.00000    0.00000   100%     -    0s
     0     0    0.00000    0   87  210.00000    0.00000   100%     -    0s
     0     0    0.00000    0   73  210.00000    0.00000   100%     -    0s
H    0     0                     152.0000000    0.00000   100%     -    0s
     0     0    0.00000    0   59  152.00000    0.00000   100%     -    0s
     0     0    0.00000    0   36  152.00000    0.00000   100%     -    0s
     0     0    0.00000    0   90  152.00000    0.00000   100%     -    0s
     0     0    0.00000    0   66  152.00000    0.00000   100%     -    0s
     0     0    0.00000    0   54  152.00000    0.00000   100%     -    0s
H    0     0                     137.0000000    0.00000   100%     -    0s
     0     2    0.00000    0   54  137.00000    0.00000   100%     -    0s
*   29    29              15     135.0000000   45.00000  66.7%  35.2    0s

Cutting planes:
  Gomory: 1
  MIR: 12
  Inf proof: 2
  Zero half: 21
  RLT: 17
  BQP: 10

Explored 559 nodes (15094 simplex iterations) in 1.19 seconds (1.41 work units)
Thread count was 1 (of 12 available processors)

Solution count 8: 135 137 152 ... 2103

Optimal solution found (tolerance 1.00e-04)
Best objective 1.350000000000e+02, best bound 1.350000000000e+02, gap 0.0000%
135.0
