Set parameter Username
Academic license - for non-commercial use only - expires 2025-08-28
Set parameter Threads to value 1
Set parameter Method to value 4
Gurobi Optimizer version 11.0.0 build v11.0.0rc2 (mac64[arm] - Darwin 23.5.0 23F79)

CPU model: Apple M3 Pro
Thread count: 12 physical cores, 12 logical processors, using up to 1 threads

Optimize a model with 2947 rows, 423 columns and 8859 nonzeros
Model fingerprint: 0x31416d95
Variable types: 252 continuous, 171 integer (171 binary)
Coefficient statistics:
  Matrix range     [1e+00, 1e+00]
  Objective range  [1e+01, 3e+02]
  Bounds range     [1e+00, 1e+00]
  RHS range        [1e+00, 2e+00]
Presolve removed 498 rows and 75 columns
Presolve time: 0.01s
Presolved: 2449 rows, 348 columns, 7218 nonzeros
Variable types: 0 continuous, 348 integer (348 binary)
Found heuristic solution: objective 2882.0000000
Found heuristic solution: objective 2690.0000000

Root relaxation: objective 0.000000e+00, 176 iterations, 0.00 seconds (0.01 work units)

    Nodes    |    Current Node    |     Objective Bounds      |     Work
 Expl Unexpl |  Obj  Depth IntInf | Incumbent    BestBd   Gap | It/Node Time

     0     0    0.00000    0   41 2690.00000    0.00000   100%     -    0s
H    0     0                    1102.0000000    0.00000   100%     -    0s
H    0     0                     780.0000000    0.00000   100%     -    0s
     0     0    0.00000    0  125  780.00000    0.00000   100%     -    0s
H    0     0                     765.0000000    0.00000   100%     -    0s
H    0     0                     701.0000000    0.00000   100%     -    0s
     0     0    0.00000    0  108  701.00000    0.00000   100%     -    0s
H    0     0                     444.0000000    0.00000   100%     -    0s
H    0     0                     408.0000000    0.00000   100%     -    0s
     0     0    0.00000    0  109  408.00000    0.00000   100%     -    0s
     0     0    0.00000    0   74  408.00000    0.00000   100%     -    0s
H    0     0                     406.0000000    0.00000   100%     -    0s
H    0     0                     336.0000000    0.00000   100%     -    0s
     0     0    0.00000    0   73  336.00000    0.00000   100%     -    0s
     0     0    0.00000    0   56  336.00000    0.00000   100%     -    0s
     0     0    0.00000    0   56  336.00000    0.00000   100%     -    0s
H    0     0                     316.0000000    0.00000   100%     -    0s
H    0     0                     311.0000000    0.00000   100%     -    0s
H    0     0                     291.0000000    0.00000   100%     -    0s
     0     2    0.00000    0   56  291.00000    0.00000   100%     -    0s
*   52    52              30     213.0000000    0.00000   100%  56.2    0s
  1762   663  108.00000   31   59  213.00000   29.40000  86.2%  34.4    5s
  3990  1615  123.30769   40  117  213.00000   49.00000  77.0%  29.3   10s
  6096  2429  197.50000   37   55  213.00000   61.00000  71.4%  27.0   15s
  8977  3462 infeasible   48       213.00000   71.00000  66.7%  26.3   20s
 10203  3888   82.62500   32   56  213.00000   74.33333  65.1%  26.0   25s
 10693  3930  135.72727   39  113  213.00000   74.33333  65.1%  28.3   30s
 12522  3906 infeasible   38       213.00000   93.50000  56.1%  29.2   35s
 15050  3653  136.10526   38   88  213.00000  114.06667  46.4%  29.4   40s
 17753  3009  180.72727   39   65  213.00000  129.83333  39.0%  29.9   45s
 20401  2158 infeasible   43       213.00000  142.50000  33.1%  29.9   50s
 23430  1367  165.16667   41  107  213.00000  159.51042  25.1%  29.9   55s

Cutting planes:
  Gomory: 2
  Implied bound: 9
  Flow cover: 25
  Zero half: 33
  RLT: 23
  BQP: 17

Explored 26917 nodes (792363 simplex iterations) in 59.96 seconds (70.14 work units)
Thread count was 1 (of 12 available processors)

Solution count 10: 213 291 311 ... 765

Optimal solution found (tolerance 1.00e-04)
Best objective 2.130000000000e+02, best bound 2.130000000000e+02, gap 0.0000%
213.0
