Set parameter Username
Set parameter LicenseID to value 2608596
Academic license - for non-commercial use only - expires 2026-01-11
Set parameter Threads to value 1
Set parameter Method to value 4
Gurobi Optimizer version 11.0.0 build v11.0.0rc2 (linux64 - "Red Hat Enterprise Linux 9.4 (Plow)")

CPU model: Intel(R) Xeon(R) CPU E5-2690 v4 @ 2.60GHz, instruction set [SSE2|AVX|AVX2]
Thread count: 28 physical cores, 56 logical processors, using up to 1 threads

Optimize a model with 1766 rows, 276 columns and 5306 nonzeros
Model fingerprint: 0x177e0188
Variable types: 108 continuous, 168 integer (168 binary)
Coefficient statistics:
  Matrix range     [1e+00, 1e+00]
  Objective range  [1e+01, 3e+02]
  Bounds range     [1e+00, 1e+00]
  RHS range        [1e+00, 1e+00]
Found heuristic solution: objective 543.0000000
Presolve removed 234 rows and 26 columns
Presolve time: 0.01s
Presolved: 1532 rows, 250 columns, 4448 nonzeros
Variable types: 0 continuous, 250 integer (250 binary)
Found heuristic solution: objective 533.0000000

Root relaxation: objective 0.000000e+00, 128 iterations, 0.00 seconds (0.00 work units)

    Nodes    |    Current Node    |     Objective Bounds      |     Work
 Expl Unexpl |  Obj  Depth IntInf | Incumbent    BestBd   Gap | It/Node Time

     0     0    0.00000    0   18  533.00000    0.00000   100%     -    0s
H    0     0                     491.0000000    0.00000   100%     -    0s
H    0     0                     216.0000000    0.00000   100%     -    0s
H    0     0                     163.0000000    0.00000   100%     -    0s
     0     0    0.00000    0   22  163.00000    0.00000   100%     -    0s
H    0     0                      89.0000000    0.00000   100%     -    0s
     0     0    0.00000    0   16   89.00000    0.00000   100%     -    0s
H    0     0                      61.0000000    0.00000   100%     -    0s
     0     0    0.00000    0   16   61.00000    0.00000   100%     -    0s
H    0     0                      49.0000000    0.00000   100%     -    0s
     0     0    0.00000    0   37   49.00000    0.00000   100%     -    0s
     0     0    0.00000    0   30   49.00000    0.00000   100%     -    0s
     0     0    0.00000    0   33   49.00000    0.00000   100%     -    0s
     0     0    0.00000    0   33   49.00000    0.00000   100%     -    0s
     0     0    0.00000    0   29   49.00000    0.00000   100%     -    0s
     0     0    0.00000    0   28   49.00000    0.00000   100%     -    0s
     0     0    0.00000    0   26   49.00000    0.00000   100%     -    0s
     0     0    0.00000    0   24   49.00000    0.00000   100%     -    0s
     0     0    0.00000    0   22   49.00000    0.00000   100%     -    0s
     0     0    0.00000    0   35   49.00000    0.00000   100%     -    0s
     0     0    0.00000    0   39   49.00000    0.00000   100%     -    0s
     0     0    0.00000    0   32   49.00000    0.00000   100%     -    0s
     0     0    1.11111    0   32   49.00000    1.11111  97.7%     -    0s
     0     0   10.00000    0   20   49.00000   10.00000  79.6%     -    0s
     0     0   10.00000    0   42   49.00000   10.00000  79.6%     -    0s
     0     0   10.00000    0   22   49.00000   10.00000  79.6%     -    0s
     0     0   10.00000    0   40   49.00000   10.00000  79.6%     -    0s
     0     0   10.00000    0   39   49.00000   10.00000  79.6%     -    0s
     0     0   10.00000    0   38   49.00000   10.00000  79.6%     -    0s
     0     0   10.00000    0   40   49.00000   10.00000  79.6%     -    0s
     0     0   11.46154    0   44   49.00000   11.46154  76.6%     -    0s
     0     0   11.48936    0   47   49.00000   11.48936  76.6%     -    0s
     0     0   11.48936    0   47   49.00000   11.48936  76.6%     -    0s
     0     0   12.49565    0   44   49.00000   12.49565  74.5%     -    0s
     0     0   13.38462    0   42   49.00000   13.38462  72.7%     -    0s
     0     0   13.66667    0   43   49.00000   13.66667  72.1%     -    0s
     0     0   13.66667    0   43   49.00000   13.66667  72.1%     -    0s
     0     0   14.26255    0   44   49.00000   14.26255  70.9%     -    0s
     0     0   14.34247    0   44   49.00000   14.34247  70.7%     -    0s
     0     0   14.55556    0   43   49.00000   14.55556  70.3%     -    0s
     0     0   14.55556    0   44   49.00000   14.55556  70.3%     -    0s
     0     0   14.66667    0   40   49.00000   14.66667  70.1%     -    0s
     0     0   15.70588    0   40   49.00000   15.70588  67.9%     -    0s
     0     0   18.16667    0   18   49.00000   18.16667  62.9%     -    0s
     0     0   18.16667    0   34   49.00000   18.16667  62.9%     -    0s
     0     0   18.16667    0   41   49.00000   18.16667  62.9%     -    0s
     0     0   18.16667    0   43   49.00000   18.16667  62.9%     -    0s
     0     0   18.16667    0   41   49.00000   18.16667  62.9%     -    0s
     0     0   18.16667    0   40   49.00000   18.16667  62.9%     -    0s
     0     0   18.16667    0   39   49.00000   18.16667  62.9%     -    0s
     0     0   18.16667    0   47   49.00000   18.16667  62.9%     -    0s
     0     0   18.16667    0   49   49.00000   18.16667  62.9%     -    0s
     0     0   18.16667    0   48   49.00000   18.16667  62.9%     -    0s
     0     0   18.16667    0   52   49.00000   18.16667  62.9%     -    0s
     0     0   18.16667    0   53   49.00000   18.16667  62.9%     -    0s
     0     0   18.16667    0   52   49.00000   18.16667  62.9%     -    0s
     0     0   18.16667    0   51   49.00000   18.16667  62.9%     -    0s
     0     0   18.16667    0   51   49.00000   18.16667  62.9%     -    0s
     0     0   18.16667    0   55   49.00000   18.16667  62.9%     -    0s
     0     0   18.16667    0   50   49.00000   18.16667  62.9%     -    0s
     0     0   18.16667    0   51   49.00000   18.16667  62.9%     -    0s
     0     0   18.16667    0   51   49.00000   18.16667  62.9%     -    0s
     0     0   18.16667    0   52   49.00000   18.16667  62.9%     -    0s
     0     0   18.16667    0   52   49.00000   18.16667  62.9%     -    0s
     0     0   18.16667    0   53   49.00000   18.16667  62.9%     -    0s
     0     0   18.16667    0   52   49.00000   18.16667  62.9%     -    0s
     0     0   18.16667    0   52   49.00000   18.16667  62.9%     -    0s
     0     0   18.16667    0   52   49.00000   18.16667  62.9%     -    0s
     0     0   18.16667    0   53   49.00000   18.16667  62.9%     -    0s
     0     0   18.16667    0   53   49.00000   18.16667  62.9%     -    0s
     0     0   19.01471    0   51   49.00000   19.01471  61.2%     -    0s
     0     2   20.41667    0   51   49.00000   20.41667  58.3%     -    0s

Cutting planes:
  MIR: 12
  Zero half: 12
  RLT: 7
  BQP: 1

Explored 27 nodes (3706 simplex iterations) in 0.47 seconds (0.33 work units)
Thread count was 1 (of 56 available processors)

Solution count 8: 49 61 89 ... 543

Optimal solution found (tolerance 1.00e-04)
Best objective 4.900000000000e+01, best bound 4.900000000000e+01, gap 0.0000%
49.0
