Set parameter Username
Set parameter LicenseID to value 2608596
Academic license - for non-commercial use only - expires 2026-01-11
Set parameter Threads to value 1
Set parameter Method to value 4
Gurobi Optimizer version 11.0.0 build v11.0.0rc2 (linux64 - "Red Hat Enterprise Linux 9.4 (Plow)")

CPU model: Intel(R) Xeon(R) CPU E5-2690 v4 @ 2.60GHz, instruction set [SSE2|AVX|AVX2]
Thread count: 28 physical cores, 56 logical processors, using up to 1 threads

Optimize a model with 1118 rows, 213 columns and 3326 nonzeros
Model fingerprint: 0x0ddb8f4e
Variable types: 108 continuous, 105 integer (105 binary)
Coefficient statistics:
  Matrix range     [1e+00, 1e+00]
  Objective range  [1e+01, 3e+02]
  Bounds range     [1e+00, 1e+00]
  RHS range        [1e+00, 1e+00]
Found heuristic solution: objective 709.0000000
Presolve removed 156 rows and 26 columns
Presolve time: 0.00s
Presolved: 962 rows, 187 columns, 2780 nonzeros
Variable types: 0 continuous, 187 integer (187 binary)

Root relaxation: objective 0.000000e+00, 85 iterations, 0.00 seconds (0.00 work units)

    Nodes    |    Current Node    |     Objective Bounds      |     Work
 Expl Unexpl |  Obj  Depth IntInf | Incumbent    BestBd   Gap | It/Node Time

     0     0    0.00000    0   43  709.00000    0.00000   100%     -    0s
H    0     0                     598.0000000    0.00000   100%     -    0s
H    0     0                     586.0000000    0.00000   100%     -    0s
     0     0    0.00000    0   77  586.00000    0.00000   100%     -    0s
H    0     0                     563.0000000    0.00000   100%     -    0s
H    0     0                     521.0000000    0.00000   100%     -    0s
H    0     0                     350.0000000    0.00000   100%     -    0s
     0     0    0.00000    0   44  350.00000    0.00000   100%     -    0s
     0     0    0.00000    0   41  350.00000    0.00000   100%     -    0s
     0     0    0.00000    0   57  350.00000    0.00000   100%     -    0s
     0     0    0.00000    0   46  350.00000    0.00000   100%     -    0s
     0     0    0.00000    0   61  350.00000    0.00000   100%     -    0s
     0     0    0.00000    0   58  350.00000    0.00000   100%     -    0s
H    0     0                     324.0000000    0.00000   100%     -    0s
H    0     0                     244.0000000    0.00000   100%     -    0s
     0     2    0.00000    0   43  244.00000    0.00000   100%     -    0s
*   53    23               9     237.0000000   46.60000  80.3%  40.5    0s
H  110    20                     236.0000000   53.30769  77.4%  31.7    0s
*  128    26               6     226.0000000   68.00000  69.9%  30.8    0s

Cutting planes:
  Gomory: 1
  Zero half: 30
  RLT: 35
  BQP: 36

Explored 250 nodes (7888 simplex iterations) in 0.41 seconds (0.32 work units)
Thread count was 1 (of 56 available processors)

Solution count 10: 226 236 237 ... 598

Optimal solution found (tolerance 1.00e-04)
Best objective 2.260000000000e+02, best bound 2.260000000000e+02, gap 0.0000%
226.0
