2024-12-16 18:40:53.410 | INFO     | __main__:<module>:38 - Not Enforcing Tree
2024-12-16 18:40:53.595 | INFO     | __main__:<module>:59 - Dropping 0 leaves labeled by states {None}...
2024-12-16 18:40:53.595 | INFO     | __main__:<module>:67 - Building CDMP model...
2024-12-16 18:40:53.599 | INFO     | fastCARTA:build_cdmp_model:79 - Constructing LP model for cell differentiation mapping problem (CDMP)...
2024-12-16 18:40:57.150 | INFO     | fastCARTA:build_cdmp_model:122 - 6 cell states: {'Endothelial', 'NMPs', 'Endoderm', 'Somite', 'PCGLC', 'NeuralTube'}
2024-12-16 18:40:57.150 | INFO     | fastCARTA:build_cdmp_model:123 - 64 candidate progenitors.
2024-12-16 18:40:57.150 | INFO     | fastCARTA:build_cdmp_model:124 - Number of cells: 1971
2024-12-16 18:40:57.150 | INFO     | fastCARTA:build_cdmp_model:125 - Number of decision variables: 724101
2024-12-16 18:41:02.312 | INFO     | fastCARTA:build_cdmp_model:135 - Adding edge agreement constraints...
2024-12-16 18:41:02.313 | INFO     | fastCARTA:build_cdmp_model:140 - Added edge agreement constraints for 0/4349 edges...
2024-12-16 18:41:02.554 | INFO     | fastCARTA:build_cdmp_model:140 - Added edge agreement constraints for 50/4349 edges...
2024-12-16 18:41:02.663 | INFO     | fastCARTA:build_cdmp_model:140 - Added edge agreement constraints for 100/4349 edges...
2024-12-16 18:41:02.766 | INFO     | fastCARTA:build_cdmp_model:140 - Added edge agreement constraints for 150/4349 edges...
2024-12-16 18:41:02.862 | INFO     | fastCARTA:build_cdmp_model:140 - Added edge agreement constraints for 200/4349 edges...
2024-12-16 18:41:02.969 | INFO     | fastCARTA:build_cdmp_model:140 - Added edge agreement constraints for 250/4349 edges...
2024-12-16 18:41:03.065 | INFO     | fastCARTA:build_cdmp_model:140 - Added edge agreement constraints for 300/4349 edges...
2024-12-16 18:41:03.155 | INFO     | fastCARTA:build_cdmp_model:140 - Added edge agreement constraints for 350/4349 edges...
2024-12-16 18:41:03.261 | INFO     | fastCARTA:build_cdmp_model:140 - Added edge agreement constraints for 400/4349 edges...
2024-12-16 18:41:03.339 | INFO     | fastCARTA:build_cdmp_model:140 - Added edge agreement constraints for 450/4349 edges...
2024-12-16 18:41:03.426 | INFO     | fastCARTA:build_cdmp_model:140 - Added edge agreement constraints for 500/4349 edges...
2024-12-16 18:41:03.499 | INFO     | fastCARTA:build_cdmp_model:140 - Added edge agreement constraints for 550/4349 edges...
2024-12-16 18:41:03.583 | INFO     | fastCARTA:build_cdmp_model:140 - Added edge agreement constraints for 600/4349 edges...
2024-12-16 18:41:03.660 | INFO     | fastCARTA:build_cdmp_model:140 - Added edge agreement constraints for 650/4349 edges...
2024-12-16 18:41:03.729 | INFO     | fastCARTA:build_cdmp_model:140 - Added edge agreement constraints for 700/4349 edges...
2024-12-16 18:41:03.810 | INFO     | fastCARTA:build_cdmp_model:140 - Added edge agreement constraints for 750/4349 edges...
2024-12-16 18:41:03.875 | INFO     | fastCARTA:build_cdmp_model:140 - Added edge agreement constraints for 800/4349 edges...
2024-12-16 18:41:03.959 | INFO     | fastCARTA:build_cdmp_model:140 - Added edge agreement constraints for 850/4349 edges...
2024-12-16 18:41:04.541 | INFO     | fastCARTA:build_cdmp_model:140 - Added edge agreement constraints for 900/4349 edges...
2024-12-16 18:41:04.584 | INFO     | fastCARTA:build_cdmp_model:140 - Added edge agreement constraints for 950/4349 edges...
2024-12-16 18:41:04.654 | INFO     | fastCARTA:build_cdmp_model:140 - Added edge agreement constraints for 1000/4349 edges...
2024-12-16 18:41:04.727 | INFO     | fastCARTA:build_cdmp_model:140 - Added edge agreement constraints for 1050/4349 edges...
2024-12-16 18:41:04.830 | INFO     | fastCARTA:build_cdmp_model:140 - Added edge agreement constraints for 1100/4349 edges...
2024-12-16 18:41:04.883 | INFO     | fastCARTA:build_cdmp_model:140 - Added edge agreement constraints for 1150/4349 edges...
2024-12-16 18:41:04.953 | INFO     | fastCARTA:build_cdmp_model:140 - Added edge agreement constraints for 1200/4349 edges...
2024-12-16 18:41:05.028 | INFO     | fastCARTA:build_cdmp_model:140 - Added edge agreement constraints for 1250/4349 edges...
2024-12-16 18:41:05.092 | INFO     | fastCARTA:build_cdmp_model:140 - Added edge agreement constraints for 1300/4349 edges...
2024-12-16 18:41:05.156 | INFO     | fastCARTA:build_cdmp_model:140 - Added edge agreement constraints for 1350/4349 edges...
2024-12-16 18:41:05.219 | INFO     | fastCARTA:build_cdmp_model:140 - Added edge agreement constraints for 1400/4349 edges...
2024-12-16 18:41:05.274 | INFO     | fastCARTA:build_cdmp_model:140 - Added edge agreement constraints for 1450/4349 edges...
2024-12-16 18:41:05.335 | INFO     | fastCARTA:build_cdmp_model:140 - Added edge agreement constraints for 1500/4349 edges...
2024-12-16 18:41:05.399 | INFO     | fastCARTA:build_cdmp_model:140 - Added edge agreement constraints for 1550/4349 edges...
2024-12-16 18:41:05.459 | INFO     | fastCARTA:build_cdmp_model:140 - Added edge agreement constraints for 1600/4349 edges...
2024-12-16 18:41:05.523 | INFO     | fastCARTA:build_cdmp_model:140 - Added edge agreement constraints for 1650/4349 edges...
2024-12-16 18:41:05.588 | INFO     | fastCARTA:build_cdmp_model:140 - Added edge agreement constraints for 1700/4349 edges...
2024-12-16 18:41:05.601 | INFO     | fastCARTA:build_cdmp_model:140 - Added edge agreement constraints for 1750/4349 edges...
2024-12-16 18:41:05.653 | INFO     | fastCARTA:build_cdmp_model:140 - Added edge agreement constraints for 1800/4349 edges...
2024-12-16 18:41:05.713 | INFO     | fastCARTA:build_cdmp_model:140 - Added edge agreement constraints for 1850/4349 edges...
2024-12-16 18:41:05.806 | INFO     | fastCARTA:build_cdmp_model:140 - Added edge agreement constraints for 1900/4349 edges...
2024-12-16 18:41:05.844 | INFO     | fastCARTA:build_cdmp_model:140 - Added edge agreement constraints for 1950/4349 edges...
2024-12-16 18:41:05.884 | INFO     | fastCARTA:build_cdmp_model:140 - Added edge agreement constraints for 2000/4349 edges...
2024-12-16 18:41:05.910 | INFO     | fastCARTA:build_cdmp_model:140 - Added edge agreement constraints for 2050/4349 edges...
2024-12-16 18:41:05.921 | INFO     | fastCARTA:build_cdmp_model:140 - Added edge agreement constraints for 2100/4349 edges...
2024-12-16 18:41:05.959 | INFO     | fastCARTA:build_cdmp_model:140 - Added edge agreement constraints for 2150/4349 edges...
2024-12-16 18:41:06.023 | INFO     | fastCARTA:build_cdmp_model:140 - Added edge agreement constraints for 2200/4349 edges...
2024-12-16 18:41:06.085 | INFO     | fastCARTA:build_cdmp_model:140 - Added edge agreement constraints for 2250/4349 edges...
2024-12-16 18:41:06.131 | INFO     | fastCARTA:build_cdmp_model:140 - Added edge agreement constraints for 2300/4349 edges...
2024-12-16 18:41:06.179 | INFO     | fastCARTA:build_cdmp_model:140 - Added edge agreement constraints for 2350/4349 edges...
2024-12-16 18:41:06.232 | INFO     | fastCARTA:build_cdmp_model:140 - Added edge agreement constraints for 2400/4349 edges...
2024-12-16 18:41:06.299 | INFO     | fastCARTA:build_cdmp_model:140 - Added edge agreement constraints for 2450/4349 edges...
2024-12-16 18:41:06.377 | INFO     | fastCARTA:build_cdmp_model:140 - Added edge agreement constraints for 2500/4349 edges...
2024-12-16 18:41:06.398 | INFO     | fastCARTA:build_cdmp_model:140 - Added edge agreement constraints for 2550/4349 edges...
2024-12-16 18:41:06.452 | INFO     | fastCARTA:build_cdmp_model:140 - Added edge agreement constraints for 2600/4349 edges...
2024-12-16 18:41:06.485 | INFO     | fastCARTA:build_cdmp_model:140 - Added edge agreement constraints for 2650/4349 edges...
2024-12-16 18:41:06.543 | INFO     | fastCARTA:build_cdmp_model:140 - Added edge agreement constraints for 2700/4349 edges...
2024-12-16 18:41:06.580 | INFO     | fastCARTA:build_cdmp_model:140 - Added edge agreement constraints for 2750/4349 edges...
2024-12-16 18:41:06.631 | INFO     | fastCARTA:build_cdmp_model:140 - Added edge agreement constraints for 2800/4349 edges...
2024-12-16 18:41:06.681 | INFO     | fastCARTA:build_cdmp_model:140 - Added edge agreement constraints for 2850/4349 edges...
2024-12-16 18:41:06.712 | INFO     | fastCARTA:build_cdmp_model:140 - Added edge agreement constraints for 2900/4349 edges...
2024-12-16 18:41:06.746 | INFO     | fastCARTA:build_cdmp_model:140 - Added edge agreement constraints for 2950/4349 edges...
2024-12-16 18:41:06.809 | INFO     | fastCARTA:build_cdmp_model:140 - Added edge agreement constraints for 3000/4349 edges...
2024-12-16 18:41:06.846 | INFO     | fastCARTA:build_cdmp_model:140 - Added edge agreement constraints for 3050/4349 edges...
2024-12-16 18:41:06.883 | INFO     | fastCARTA:build_cdmp_model:140 - Added edge agreement constraints for 3100/4349 edges...
2024-12-16 18:41:06.931 | INFO     | fastCARTA:build_cdmp_model:140 - Added edge agreement constraints for 3150/4349 edges...
2024-12-16 18:41:06.979 | INFO     | fastCARTA:build_cdmp_model:140 - Added edge agreement constraints for 3200/4349 edges...
2024-12-16 18:41:07.047 | INFO     | fastCARTA:build_cdmp_model:140 - Added edge agreement constraints for 3250/4349 edges...
2024-12-16 18:41:07.083 | INFO     | fastCARTA:build_cdmp_model:140 - Added edge agreement constraints for 3300/4349 edges...
2024-12-16 18:41:07.138 | INFO     | fastCARTA:build_cdmp_model:140 - Added edge agreement constraints for 3350/4349 edges...
2024-12-16 18:41:07.191 | INFO     | fastCARTA:build_cdmp_model:140 - Added edge agreement constraints for 3400/4349 edges...
2024-12-16 18:41:07.252 | INFO     | fastCARTA:build_cdmp_model:140 - Added edge agreement constraints for 3450/4349 edges...
2024-12-16 18:41:07.286 | INFO     | fastCARTA:build_cdmp_model:140 - Added edge agreement constraints for 3500/4349 edges...
2024-12-16 18:41:07.311 | INFO     | fastCARTA:build_cdmp_model:140 - Added edge agreement constraints for 3550/4349 edges...
2024-12-16 18:41:07.350 | INFO     | fastCARTA:build_cdmp_model:140 - Added edge agreement constraints for 3600/4349 edges...
2024-12-16 18:41:07.399 | INFO     | fastCARTA:build_cdmp_model:140 - Added edge agreement constraints for 3650/4349 edges...
2024-12-16 18:41:07.452 | INFO     | fastCARTA:build_cdmp_model:140 - Added edge agreement constraints for 3700/4349 edges...
2024-12-16 18:41:07.489 | INFO     | fastCARTA:build_cdmp_model:140 - Added edge agreement constraints for 3750/4349 edges...
2024-12-16 18:41:07.539 | INFO     | fastCARTA:build_cdmp_model:140 - Added edge agreement constraints for 3800/4349 edges...
2024-12-16 18:41:07.596 | INFO     | fastCARTA:build_cdmp_model:140 - Added edge agreement constraints for 3850/4349 edges...
2024-12-16 18:41:08.182 | INFO     | fastCARTA:build_cdmp_model:140 - Added edge agreement constraints for 3900/4349 edges...
2024-12-16 18:41:08.205 | INFO     | fastCARTA:build_cdmp_model:140 - Added edge agreement constraints for 3950/4349 edges...
2024-12-16 18:41:08.224 | INFO     | fastCARTA:build_cdmp_model:140 - Added edge agreement constraints for 4000/4349 edges...
2024-12-16 18:41:08.260 | INFO     | fastCARTA:build_cdmp_model:140 - Added edge agreement constraints for 4050/4349 edges...
2024-12-16 18:41:08.291 | INFO     | fastCARTA:build_cdmp_model:140 - Added edge agreement constraints for 4100/4349 edges...
2024-12-16 18:41:08.323 | INFO     | fastCARTA:build_cdmp_model:140 - Added edge agreement constraints for 4150/4349 edges...
2024-12-16 18:41:08.357 | INFO     | fastCARTA:build_cdmp_model:140 - Added edge agreement constraints for 4200/4349 edges...
2024-12-16 18:41:08.384 | INFO     | fastCARTA:build_cdmp_model:140 - Added edge agreement constraints for 4250/4349 edges...
2024-12-16 18:41:08.419 | INFO     | fastCARTA:build_cdmp_model:140 - Added edge agreement constraints for 4300/4349 edges...
2024-12-16 18:41:11.165 | INFO     | fastCARTA:build_cdmp_model:172 - Adding linking constraints...
2024-12-16 18:41:11.170 | INFO     | fastCARTA:build_cdmp_model:180 - Added 0/724037 linking constraints...
2024-12-16 18:41:11.188 | INFO     | fastCARTA:build_cdmp_model:180 - Added 1000/724037 linking constraints...
2024-12-16 18:41:11.207 | INFO     | fastCARTA:build_cdmp_model:180 - Added 2000/724037 linking constraints...
2024-12-16 18:41:11.226 | INFO     | fastCARTA:build_cdmp_model:180 - Added 3000/724037 linking constraints...
2024-12-16 18:41:11.245 | INFO     | fastCARTA:build_cdmp_model:180 - Added 4000/724037 linking constraints...
2024-12-16 18:41:11.264 | INFO     | fastCARTA:build_cdmp_model:180 - Added 5000/724037 linking constraints...
2024-12-16 18:41:11.282 | INFO     | fastCARTA:build_cdmp_model:180 - Added 6000/724037 linking constraints...
2024-12-16 18:41:11.301 | INFO     | fastCARTA:build_cdmp_model:180 - Added 7000/724037 linking constraints...
2024-12-16 18:41:11.319 | INFO     | fastCARTA:build_cdmp_model:180 - Added 8000/724037 linking constraints...
2024-12-16 18:41:11.338 | INFO     | fastCARTA:build_cdmp_model:180 - Added 9000/724037 linking constraints...
2024-12-16 18:41:11.356 | INFO     | fastCARTA:build_cdmp_model:180 - Added 10000/724037 linking constraints...
2024-12-16 18:41:11.374 | INFO     | fastCARTA:build_cdmp_model:180 - Added 11000/724037 linking constraints...
2024-12-16 18:41:11.392 | INFO     | fastCARTA:build_cdmp_model:180 - Added 12000/724037 linking constraints...
2024-12-16 18:41:11.411 | INFO     | fastCARTA:build_cdmp_model:180 - Added 13000/724037 linking constraints...
2024-12-16 18:41:11.429 | INFO     | fastCARTA:build_cdmp_model:180 - Added 14000/724037 linking constraints...
2024-12-16 18:41:11.448 | INFO     | fastCARTA:build_cdmp_model:180 - Added 15000/724037 linking constraints...
2024-12-16 18:41:11.466 | INFO     | fastCARTA:build_cdmp_model:180 - Added 16000/724037 linking constraints...
2024-12-16 18:41:11.485 | INFO     | fastCARTA:build_cdmp_model:180 - Added 17000/724037 linking constraints...
2024-12-16 18:41:11.504 | INFO     | fastCARTA:build_cdmp_model:180 - Added 18000/724037 linking constraints...
2024-12-16 18:41:11.522 | INFO     | fastCARTA:build_cdmp_model:180 - Added 19000/724037 linking constraints...
2024-12-16 18:41:11.541 | INFO     | fastCARTA:build_cdmp_model:180 - Added 20000/724037 linking constraints...
2024-12-16 18:41:11.559 | INFO     | fastCARTA:build_cdmp_model:180 - Added 21000/724037 linking constraints...
2024-12-16 18:41:11.578 | INFO     | fastCARTA:build_cdmp_model:180 - Added 22000/724037 linking constraints...
2024-12-16 18:41:11.603 | INFO     | fastCARTA:build_cdmp_model:180 - Added 23000/724037 linking constraints...
2024-12-16 18:41:11.621 | INFO     | fastCARTA:build_cdmp_model:180 - Added 24000/724037 linking constraints...
2024-12-16 18:41:11.640 | INFO     | fastCARTA:build_cdmp_model:180 - Added 25000/724037 linking constraints...
2024-12-16 18:41:11.658 | INFO     | fastCARTA:build_cdmp_model:180 - Added 26000/724037 linking constraints...
2024-12-16 18:41:11.676 | INFO     | fastCARTA:build_cdmp_model:180 - Added 27000/724037 linking constraints...
2024-12-16 18:41:11.695 | INFO     | fastCARTA:build_cdmp_model:180 - Added 28000/724037 linking constraints...
2024-12-16 18:41:11.713 | INFO     | fastCARTA:build_cdmp_model:180 - Added 29000/724037 linking constraints...
2024-12-16 18:41:11.732 | INFO     | fastCARTA:build_cdmp_model:180 - Added 30000/724037 linking constraints...
2024-12-16 18:41:11.751 | INFO     | fastCARTA:build_cdmp_model:180 - Added 31000/724037 linking constraints...
2024-12-16 18:41:11.769 | INFO     | fastCARTA:build_cdmp_model:180 - Added 32000/724037 linking constraints...
2024-12-16 18:41:11.787 | INFO     | fastCARTA:build_cdmp_model:180 - Added 33000/724037 linking constraints...
2024-12-16 18:41:11.806 | INFO     | fastCARTA:build_cdmp_model:180 - Added 34000/724037 linking constraints...
2024-12-16 18:41:11.824 | INFO     | fastCARTA:build_cdmp_model:180 - Added 35000/724037 linking constraints...
2024-12-16 18:41:11.843 | INFO     | fastCARTA:build_cdmp_model:180 - Added 36000/724037 linking constraints...
2024-12-16 18:41:11.861 | INFO     | fastCARTA:build_cdmp_model:180 - Added 37000/724037 linking constraints...
2024-12-16 18:41:11.880 | INFO     | fastCARTA:build_cdmp_model:180 - Added 38000/724037 linking constraints...
2024-12-16 18:41:11.898 | INFO     | fastCARTA:build_cdmp_model:180 - Added 39000/724037 linking constraints...
2024-12-16 18:41:11.916 | INFO     | fastCARTA:build_cdmp_model:180 - Added 40000/724037 linking constraints...
2024-12-16 18:41:11.934 | INFO     | fastCARTA:build_cdmp_model:180 - Added 41000/724037 linking constraints...
2024-12-16 18:41:11.953 | INFO     | fastCARTA:build_cdmp_model:180 - Added 42000/724037 linking constraints...
2024-12-16 18:41:11.971 | INFO     | fastCARTA:build_cdmp_model:180 - Added 43000/724037 linking constraints...
2024-12-16 18:41:11.990 | INFO     | fastCARTA:build_cdmp_model:180 - Added 44000/724037 linking constraints...
2024-12-16 18:41:12.008 | INFO     | fastCARTA:build_cdmp_model:180 - Added 45000/724037 linking constraints...
2024-12-16 18:41:12.027 | INFO     | fastCARTA:build_cdmp_model:180 - Added 46000/724037 linking constraints...
2024-12-16 18:41:12.045 | INFO     | fastCARTA:build_cdmp_model:180 - Added 47000/724037 linking constraints...
2024-12-16 18:41:12.064 | INFO     | fastCARTA:build_cdmp_model:180 - Added 48000/724037 linking constraints...
2024-12-16 18:41:12.083 | INFO     | fastCARTA:build_cdmp_model:180 - Added 49000/724037 linking constraints...
2024-12-16 18:41:12.101 | INFO     | fastCARTA:build_cdmp_model:180 - Added 50000/724037 linking constraints...
2024-12-16 18:41:12.120 | INFO     | fastCARTA:build_cdmp_model:180 - Added 51000/724037 linking constraints...
2024-12-16 18:41:12.138 | INFO     | fastCARTA:build_cdmp_model:180 - Added 52000/724037 linking constraints...
2024-12-16 18:41:12.157 | INFO     | fastCARTA:build_cdmp_model:180 - Added 53000/724037 linking constraints...
2024-12-16 18:41:12.196 | INFO     | fastCARTA:build_cdmp_model:180 - Added 54000/724037 linking constraints...
2024-12-16 18:41:12.229 | INFO     | fastCARTA:build_cdmp_model:180 - Added 55000/724037 linking constraints...
2024-12-16 18:41:12.261 | INFO     | fastCARTA:build_cdmp_model:180 - Added 56000/724037 linking constraints...
2024-12-16 18:41:12.292 | INFO     | fastCARTA:build_cdmp_model:180 - Added 57000/724037 linking constraints...
2024-12-16 18:41:12.323 | INFO     | fastCARTA:build_cdmp_model:180 - Added 58000/724037 linking constraints...
2024-12-16 18:41:12.355 | INFO     | fastCARTA:build_cdmp_model:180 - Added 59000/724037 linking constraints...
2024-12-16 18:41:12.386 | INFO     | fastCARTA:build_cdmp_model:180 - Added 60000/724037 linking constraints...
2024-12-16 18:41:12.418 | INFO     | fastCARTA:build_cdmp_model:180 - Added 61000/724037 linking constraints...
2024-12-16 18:41:12.449 | INFO     | fastCARTA:build_cdmp_model:180 - Added 62000/724037 linking constraints...
2024-12-16 18:41:12.481 | INFO     | fastCARTA:build_cdmp_model:180 - Added 63000/724037 linking constraints...
2024-12-16 18:41:12.512 | INFO     | fastCARTA:build_cdmp_model:180 - Added 64000/724037 linking constraints...
2024-12-16 18:41:12.548 | INFO     | fastCARTA:build_cdmp_model:180 - Added 65000/724037 linking constraints...
2024-12-16 18:41:12.579 | INFO     | fastCARTA:build_cdmp_model:180 - Added 66000/724037 linking constraints...
2024-12-16 18:41:12.610 | INFO     | fastCARTA:build_cdmp_model:180 - Added 67000/724037 linking constraints...
2024-12-16 18:41:12.641 | INFO     | fastCARTA:build_cdmp_model:180 - Added 68000/724037 linking constraints...
2024-12-16 18:41:12.672 | INFO     | fastCARTA:build_cdmp_model:180 - Added 69000/724037 linking constraints...
2024-12-16 18:41:12.703 | INFO     | fastCARTA:build_cdmp_model:180 - Added 70000/724037 linking constraints...
2024-12-16 18:41:13.579 | INFO     | fastCARTA:build_cdmp_model:180 - Added 71000/724037 linking constraints...
2024-12-16 18:41:13.621 | INFO     | fastCARTA:build_cdmp_model:180 - Added 72000/724037 linking constraints...
2024-12-16 18:41:13.672 | INFO     | fastCARTA:build_cdmp_model:180 - Added 73000/724037 linking constraints...
2024-12-16 18:41:13.703 | INFO     | fastCARTA:build_cdmp_model:180 - Added 74000/724037 linking constraints...
2024-12-16 18:41:13.734 | INFO     | fastCARTA:build_cdmp_model:180 - Added 75000/724037 linking constraints...
2024-12-16 18:41:13.765 | INFO     | fastCARTA:build_cdmp_model:180 - Added 76000/724037 linking constraints...
2024-12-16 18:41:13.796 | INFO     | fastCARTA:build_cdmp_model:180 - Added 77000/724037 linking constraints...
2024-12-16 18:41:13.828 | INFO     | fastCARTA:build_cdmp_model:180 - Added 78000/724037 linking constraints...
2024-12-16 18:41:13.859 | INFO     | fastCARTA:build_cdmp_model:180 - Added 79000/724037 linking constraints...
2024-12-16 18:41:13.890 | INFO     | fastCARTA:build_cdmp_model:180 - Added 80000/724037 linking constraints...
2024-12-16 18:41:13.921 | INFO     | fastCARTA:build_cdmp_model:180 - Added 81000/724037 linking constraints...
2024-12-16 18:41:13.952 | INFO     | fastCARTA:build_cdmp_model:180 - Added 82000/724037 linking constraints...
2024-12-16 18:41:13.983 | INFO     | fastCARTA:build_cdmp_model:180 - Added 83000/724037 linking constraints...
2024-12-16 18:41:14.015 | INFO     | fastCARTA:build_cdmp_model:180 - Added 84000/724037 linking constraints...
2024-12-16 18:41:14.046 | INFO     | fastCARTA:build_cdmp_model:180 - Added 85000/724037 linking constraints...
2024-12-16 18:41:14.077 | INFO     | fastCARTA:build_cdmp_model:180 - Added 86000/724037 linking constraints...
2024-12-16 18:41:14.108 | INFO     | fastCARTA:build_cdmp_model:180 - Added 87000/724037 linking constraints...
2024-12-16 18:41:14.140 | INFO     | fastCARTA:build_cdmp_model:180 - Added 88000/724037 linking constraints...
2024-12-16 18:41:14.171 | INFO     | fastCARTA:build_cdmp_model:180 - Added 89000/724037 linking constraints...
2024-12-16 18:41:14.192 | INFO     | fastCARTA:build_cdmp_model:180 - Added 90000/724037 linking constraints...
2024-12-16 18:41:14.214 | INFO     | fastCARTA:build_cdmp_model:180 - Added 91000/724037 linking constraints...
2024-12-16 18:41:14.247 | INFO     | fastCARTA:build_cdmp_model:180 - Added 92000/724037 linking constraints...
2024-12-16 18:41:14.281 | INFO     | fastCARTA:build_cdmp_model:180 - Added 93000/724037 linking constraints...
2024-12-16 18:41:14.313 | INFO     | fastCARTA:build_cdmp_model:180 - Added 94000/724037 linking constraints...
2024-12-16 18:41:14.347 | INFO     | fastCARTA:build_cdmp_model:180 - Added 95000/724037 linking constraints...
2024-12-16 18:41:14.383 | INFO     | fastCARTA:build_cdmp_model:180 - Added 96000/724037 linking constraints...
2024-12-16 18:41:14.429 | INFO     | fastCARTA:build_cdmp_model:180 - Added 97000/724037 linking constraints...
2024-12-16 18:41:14.460 | INFO     | fastCARTA:build_cdmp_model:180 - Added 98000/724037 linking constraints...
2024-12-16 18:41:14.501 | INFO     | fastCARTA:build_cdmp_model:180 - Added 99000/724037 linking constraints...
2024-12-16 18:41:14.533 | INFO     | fastCARTA:build_cdmp_model:180 - Added 100000/724037 linking constraints...
2024-12-16 18:41:14.566 | INFO     | fastCARTA:build_cdmp_model:180 - Added 101000/724037 linking constraints...
2024-12-16 18:41:14.608 | INFO     | fastCARTA:build_cdmp_model:180 - Added 102000/724037 linking constraints...
2024-12-16 18:41:14.640 | INFO     | fastCARTA:build_cdmp_model:180 - Added 103000/724037 linking constraints...
2024-12-16 18:41:14.672 | INFO     | fastCARTA:build_cdmp_model:180 - Added 104000/724037 linking constraints...
2024-12-16 18:41:14.743 | INFO     | fastCARTA:build_cdmp_model:180 - Added 105000/724037 linking constraints...
2024-12-16 18:41:14.796 | INFO     | fastCARTA:build_cdmp_model:180 - Added 106000/724037 linking constraints...
2024-12-16 18:41:14.833 | INFO     | fastCARTA:build_cdmp_model:180 - Added 107000/724037 linking constraints...
2024-12-16 18:41:14.880 | INFO     | fastCARTA:build_cdmp_model:180 - Added 108000/724037 linking constraints...
2024-12-16 18:41:14.928 | INFO     | fastCARTA:build_cdmp_model:180 - Added 109000/724037 linking constraints...
2024-12-16 18:41:14.961 | INFO     | fastCARTA:build_cdmp_model:180 - Added 110000/724037 linking constraints...
2024-12-16 18:41:14.999 | INFO     | fastCARTA:build_cdmp_model:180 - Added 111000/724037 linking constraints...
2024-12-16 18:41:15.046 | INFO     | fastCARTA:build_cdmp_model:180 - Added 112000/724037 linking constraints...
2024-12-16 18:41:15.091 | INFO     | fastCARTA:build_cdmp_model:180 - Added 113000/724037 linking constraints...
2024-12-16 18:41:15.124 | INFO     | fastCARTA:build_cdmp_model:180 - Added 114000/724037 linking constraints...
2024-12-16 18:41:15.168 | INFO     | fastCARTA:build_cdmp_model:180 - Added 115000/724037 linking constraints...
2024-12-16 18:41:15.220 | INFO     | fastCARTA:build_cdmp_model:180 - Added 116000/724037 linking constraints...
2024-12-16 18:41:15.261 | INFO     | fastCARTA:build_cdmp_model:180 - Added 117000/724037 linking constraints...
2024-12-16 18:41:15.305 | INFO     | fastCARTA:build_cdmp_model:180 - Added 118000/724037 linking constraints...
2024-12-16 18:41:15.338 | INFO     | fastCARTA:build_cdmp_model:180 - Added 119000/724037 linking constraints...
2024-12-16 18:41:15.368 | INFO     | fastCARTA:build_cdmp_model:180 - Added 120000/724037 linking constraints...
2024-12-16 18:41:15.399 | INFO     | fastCARTA:build_cdmp_model:180 - Added 121000/724037 linking constraints...
2024-12-16 18:41:15.430 | INFO     | fastCARTA:build_cdmp_model:180 - Added 122000/724037 linking constraints...
2024-12-16 18:41:15.462 | INFO     | fastCARTA:build_cdmp_model:180 - Added 123000/724037 linking constraints...
2024-12-16 18:41:15.493 | INFO     | fastCARTA:build_cdmp_model:180 - Added 124000/724037 linking constraints...
2024-12-16 18:41:15.523 | INFO     | fastCARTA:build_cdmp_model:180 - Added 125000/724037 linking constraints...
2024-12-16 18:41:15.555 | INFO     | fastCARTA:build_cdmp_model:180 - Added 126000/724037 linking constraints...
2024-12-16 18:41:15.586 | INFO     | fastCARTA:build_cdmp_model:180 - Added 127000/724037 linking constraints...
2024-12-16 18:41:15.618 | INFO     | fastCARTA:build_cdmp_model:180 - Added 128000/724037 linking constraints...
2024-12-16 18:41:15.649 | INFO     | fastCARTA:build_cdmp_model:180 - Added 129000/724037 linking constraints...
2024-12-16 18:41:15.680 | INFO     | fastCARTA:build_cdmp_model:180 - Added 130000/724037 linking constraints...
2024-12-16 18:41:15.711 | INFO     | fastCARTA:build_cdmp_model:180 - Added 131000/724037 linking constraints...
2024-12-16 18:41:15.742 | INFO     | fastCARTA:build_cdmp_model:180 - Added 132000/724037 linking constraints...
2024-12-16 18:41:15.773 | INFO     | fastCARTA:build_cdmp_model:180 - Added 133000/724037 linking constraints...
2024-12-16 18:41:15.805 | INFO     | fastCARTA:build_cdmp_model:180 - Added 134000/724037 linking constraints...
2024-12-16 18:41:15.835 | INFO     | fastCARTA:build_cdmp_model:180 - Added 135000/724037 linking constraints...
2024-12-16 18:41:15.870 | INFO     | fastCARTA:build_cdmp_model:180 - Added 136000/724037 linking constraints...
2024-12-16 18:41:15.901 | INFO     | fastCARTA:build_cdmp_model:180 - Added 137000/724037 linking constraints...
2024-12-16 18:41:15.932 | INFO     | fastCARTA:build_cdmp_model:180 - Added 138000/724037 linking constraints...
2024-12-16 18:41:15.963 | INFO     | fastCARTA:build_cdmp_model:180 - Added 139000/724037 linking constraints...
2024-12-16 18:41:15.994 | INFO     | fastCARTA:build_cdmp_model:180 - Added 140000/724037 linking constraints...
2024-12-16 18:41:16.025 | INFO     | fastCARTA:build_cdmp_model:180 - Added 141000/724037 linking constraints...
2024-12-16 18:41:16.061 | INFO     | fastCARTA:build_cdmp_model:180 - Added 142000/724037 linking constraints...
2024-12-16 18:41:16.093 | INFO     | fastCARTA:build_cdmp_model:180 - Added 143000/724037 linking constraints...
2024-12-16 18:41:16.124 | INFO     | fastCARTA:build_cdmp_model:180 - Added 144000/724037 linking constraints...
2024-12-16 18:41:16.155 | INFO     | fastCARTA:build_cdmp_model:180 - Added 145000/724037 linking constraints...
2024-12-16 18:41:16.187 | INFO     | fastCARTA:build_cdmp_model:180 - Added 146000/724037 linking constraints...
2024-12-16 18:41:16.218 | INFO     | fastCARTA:build_cdmp_model:180 - Added 147000/724037 linking constraints...
2024-12-16 18:41:16.249 | INFO     | fastCARTA:build_cdmp_model:180 - Added 148000/724037 linking constraints...
2024-12-16 18:41:16.280 | INFO     | fastCARTA:build_cdmp_model:180 - Added 149000/724037 linking constraints...
2024-12-16 18:41:16.312 | INFO     | fastCARTA:build_cdmp_model:180 - Added 150000/724037 linking constraints...
2024-12-16 18:41:16.343 | INFO     | fastCARTA:build_cdmp_model:180 - Added 151000/724037 linking constraints...
2024-12-16 18:41:16.375 | INFO     | fastCARTA:build_cdmp_model:180 - Added 152000/724037 linking constraints...
2024-12-16 18:41:16.406 | INFO     | fastCARTA:build_cdmp_model:180 - Added 153000/724037 linking constraints...
2024-12-16 18:41:16.437 | INFO     | fastCARTA:build_cdmp_model:180 - Added 154000/724037 linking constraints...
2024-12-16 18:41:16.469 | INFO     | fastCARTA:build_cdmp_model:180 - Added 155000/724037 linking constraints...
2024-12-16 18:41:16.500 | INFO     | fastCARTA:build_cdmp_model:180 - Added 156000/724037 linking constraints...
2024-12-16 18:41:16.531 | INFO     | fastCARTA:build_cdmp_model:180 - Added 157000/724037 linking constraints...
2024-12-16 18:41:16.563 | INFO     | fastCARTA:build_cdmp_model:180 - Added 158000/724037 linking constraints...
2024-12-16 18:41:16.594 | INFO     | fastCARTA:build_cdmp_model:180 - Added 159000/724037 linking constraints...
2024-12-16 18:41:16.625 | INFO     | fastCARTA:build_cdmp_model:180 - Added 160000/724037 linking constraints...
2024-12-16 18:41:16.656 | INFO     | fastCARTA:build_cdmp_model:180 - Added 161000/724037 linking constraints...
2024-12-16 18:41:16.686 | INFO     | fastCARTA:build_cdmp_model:180 - Added 162000/724037 linking constraints...
2024-12-16 18:41:16.718 | INFO     | fastCARTA:build_cdmp_model:180 - Added 163000/724037 linking constraints...
2024-12-16 18:41:16.749 | INFO     | fastCARTA:build_cdmp_model:180 - Added 164000/724037 linking constraints...
2024-12-16 18:41:16.780 | INFO     | fastCARTA:build_cdmp_model:180 - Added 165000/724037 linking constraints...
2024-12-16 18:41:16.810 | INFO     | fastCARTA:build_cdmp_model:180 - Added 166000/724037 linking constraints...
2024-12-16 18:41:16.846 | INFO     | fastCARTA:build_cdmp_model:180 - Added 167000/724037 linking constraints...
2024-12-16 18:41:16.880 | INFO     | fastCARTA:build_cdmp_model:180 - Added 168000/724037 linking constraints...
2024-12-16 18:41:16.912 | INFO     | fastCARTA:build_cdmp_model:180 - Added 169000/724037 linking constraints...
2024-12-16 18:41:16.977 | INFO     | fastCARTA:build_cdmp_model:180 - Added 170000/724037 linking constraints...
2024-12-16 18:41:17.034 | INFO     | fastCARTA:build_cdmp_model:180 - Added 171000/724037 linking constraints...
2024-12-16 18:41:17.100 | INFO     | fastCARTA:build_cdmp_model:180 - Added 172000/724037 linking constraints...
2024-12-16 18:41:17.166 | INFO     | fastCARTA:build_cdmp_model:180 - Added 173000/724037 linking constraints...
2024-12-16 18:41:17.223 | INFO     | fastCARTA:build_cdmp_model:180 - Added 174000/724037 linking constraints...
2024-12-16 18:41:17.280 | INFO     | fastCARTA:build_cdmp_model:180 - Added 175000/724037 linking constraints...
2024-12-16 18:41:17.312 | INFO     | fastCARTA:build_cdmp_model:180 - Added 176000/724037 linking constraints...
2024-12-16 18:41:17.345 | INFO     | fastCARTA:build_cdmp_model:180 - Added 177000/724037 linking constraints...
2024-12-16 18:41:17.376 | INFO     | fastCARTA:build_cdmp_model:180 - Added 178000/724037 linking constraints...
2024-12-16 18:41:17.407 | INFO     | fastCARTA:build_cdmp_model:180 - Added 179000/724037 linking constraints...
2024-12-16 18:41:17.439 | INFO     | fastCARTA:build_cdmp_model:180 - Added 180000/724037 linking constraints...
2024-12-16 18:41:17.475 | INFO     | fastCARTA:build_cdmp_model:180 - Added 181000/724037 linking constraints...
2024-12-16 18:41:17.506 | INFO     | fastCARTA:build_cdmp_model:180 - Added 182000/724037 linking constraints...
2024-12-16 18:41:17.539 | INFO     | fastCARTA:build_cdmp_model:180 - Added 183000/724037 linking constraints...
2024-12-16 18:41:17.573 | INFO     | fastCARTA:build_cdmp_model:180 - Added 184000/724037 linking constraints...
2024-12-16 18:41:17.604 | INFO     | fastCARTA:build_cdmp_model:180 - Added 185000/724037 linking constraints...
2024-12-16 18:41:17.635 | INFO     | fastCARTA:build_cdmp_model:180 - Added 186000/724037 linking constraints...
2024-12-16 18:41:17.665 | INFO     | fastCARTA:build_cdmp_model:180 - Added 187000/724037 linking constraints...
2024-12-16 18:41:17.696 | INFO     | fastCARTA:build_cdmp_model:180 - Added 188000/724037 linking constraints...
2024-12-16 18:41:17.728 | INFO     | fastCARTA:build_cdmp_model:180 - Added 189000/724037 linking constraints...
2024-12-16 18:41:17.759 | INFO     | fastCARTA:build_cdmp_model:180 - Added 190000/724037 linking constraints...
2024-12-16 18:41:17.789 | INFO     | fastCARTA:build_cdmp_model:180 - Added 191000/724037 linking constraints...
2024-12-16 18:41:17.821 | INFO     | fastCARTA:build_cdmp_model:180 - Added 192000/724037 linking constraints...
2024-12-16 18:41:17.852 | INFO     | fastCARTA:build_cdmp_model:180 - Added 193000/724037 linking constraints...
2024-12-16 18:41:17.883 | INFO     | fastCARTA:build_cdmp_model:180 - Added 194000/724037 linking constraints...
2024-12-16 18:41:17.914 | INFO     | fastCARTA:build_cdmp_model:180 - Added 195000/724037 linking constraints...
2024-12-16 18:41:17.944 | INFO     | fastCARTA:build_cdmp_model:180 - Added 196000/724037 linking constraints...
2024-12-16 18:41:17.976 | INFO     | fastCARTA:build_cdmp_model:180 - Added 197000/724037 linking constraints...
2024-12-16 18:41:18.006 | INFO     | fastCARTA:build_cdmp_model:180 - Added 198000/724037 linking constraints...
2024-12-16 18:41:18.037 | INFO     | fastCARTA:build_cdmp_model:180 - Added 199000/724037 linking constraints...
2024-12-16 18:41:18.063 | INFO     | fastCARTA:build_cdmp_model:180 - Added 200000/724037 linking constraints...
2024-12-16 18:41:18.094 | INFO     | fastCARTA:build_cdmp_model:180 - Added 201000/724037 linking constraints...
2024-12-16 18:41:18.125 | INFO     | fastCARTA:build_cdmp_model:180 - Added 202000/724037 linking constraints...
2024-12-16 18:41:18.156 | INFO     | fastCARTA:build_cdmp_model:180 - Added 203000/724037 linking constraints...
2024-12-16 18:41:18.187 | INFO     | fastCARTA:build_cdmp_model:180 - Added 204000/724037 linking constraints...
2024-12-16 18:41:18.218 | INFO     | fastCARTA:build_cdmp_model:180 - Added 205000/724037 linking constraints...
2024-12-16 18:41:18.249 | INFO     | fastCARTA:build_cdmp_model:180 - Added 206000/724037 linking constraints...
2024-12-16 18:41:18.280 | INFO     | fastCARTA:build_cdmp_model:180 - Added 207000/724037 linking constraints...
2024-12-16 18:41:18.311 | INFO     | fastCARTA:build_cdmp_model:180 - Added 208000/724037 linking constraints...
2024-12-16 18:41:18.342 | INFO     | fastCARTA:build_cdmp_model:180 - Added 209000/724037 linking constraints...
2024-12-16 18:41:18.373 | INFO     | fastCARTA:build_cdmp_model:180 - Added 210000/724037 linking constraints...
2024-12-16 18:41:18.404 | INFO     | fastCARTA:build_cdmp_model:180 - Added 211000/724037 linking constraints...
2024-12-16 18:41:18.435 | INFO     | fastCARTA:build_cdmp_model:180 - Added 212000/724037 linking constraints...
2024-12-16 18:41:18.466 | INFO     | fastCARTA:build_cdmp_model:180 - Added 213000/724037 linking constraints...
2024-12-16 18:41:18.497 | INFO     | fastCARTA:build_cdmp_model:180 - Added 214000/724037 linking constraints...
2024-12-16 18:41:18.531 | INFO     | fastCARTA:build_cdmp_model:180 - Added 215000/724037 linking constraints...
2024-12-16 18:41:18.564 | INFO     | fastCARTA:build_cdmp_model:180 - Added 216000/724037 linking constraints...
2024-12-16 18:41:18.595 | INFO     | fastCARTA:build_cdmp_model:180 - Added 217000/724037 linking constraints...
2024-12-16 18:41:18.626 | INFO     | fastCARTA:build_cdmp_model:180 - Added 218000/724037 linking constraints...
2024-12-16 18:41:18.657 | INFO     | fastCARTA:build_cdmp_model:180 - Added 219000/724037 linking constraints...
2024-12-16 18:41:18.688 | INFO     | fastCARTA:build_cdmp_model:180 - Added 220000/724037 linking constraints...
2024-12-16 18:41:18.719 | INFO     | fastCARTA:build_cdmp_model:180 - Added 221000/724037 linking constraints...
2024-12-16 18:41:18.750 | INFO     | fastCARTA:build_cdmp_model:180 - Added 222000/724037 linking constraints...
2024-12-16 18:41:18.781 | INFO     | fastCARTA:build_cdmp_model:180 - Added 223000/724037 linking constraints...
2024-12-16 18:41:18.812 | INFO     | fastCARTA:build_cdmp_model:180 - Added 224000/724037 linking constraints...
2024-12-16 18:41:18.844 | INFO     | fastCARTA:build_cdmp_model:180 - Added 225000/724037 linking constraints...
2024-12-16 18:41:18.875 | INFO     | fastCARTA:build_cdmp_model:180 - Added 226000/724037 linking constraints...
2024-12-16 18:41:18.906 | INFO     | fastCARTA:build_cdmp_model:180 - Added 227000/724037 linking constraints...
2024-12-16 18:41:18.937 | INFO     | fastCARTA:build_cdmp_model:180 - Added 228000/724037 linking constraints...
2024-12-16 18:41:18.968 | INFO     | fastCARTA:build_cdmp_model:180 - Added 229000/724037 linking constraints...
2024-12-16 18:41:18.999 | INFO     | fastCARTA:build_cdmp_model:180 - Added 230000/724037 linking constraints...
2024-12-16 18:41:19.031 | INFO     | fastCARTA:build_cdmp_model:180 - Added 231000/724037 linking constraints...
2024-12-16 18:41:19.063 | INFO     | fastCARTA:build_cdmp_model:180 - Added 232000/724037 linking constraints...
2024-12-16 18:41:19.095 | INFO     | fastCARTA:build_cdmp_model:180 - Added 233000/724037 linking constraints...
2024-12-16 18:41:19.135 | INFO     | fastCARTA:build_cdmp_model:180 - Added 234000/724037 linking constraints...
2024-12-16 18:41:19.200 | INFO     | fastCARTA:build_cdmp_model:180 - Added 235000/724037 linking constraints...
2024-12-16 18:41:19.242 | INFO     | fastCARTA:build_cdmp_model:180 - Added 236000/724037 linking constraints...
2024-12-16 18:41:19.273 | INFO     | fastCARTA:build_cdmp_model:180 - Added 237000/724037 linking constraints...
2024-12-16 18:41:19.304 | INFO     | fastCARTA:build_cdmp_model:180 - Added 238000/724037 linking constraints...
2024-12-16 18:41:19.334 | INFO     | fastCARTA:build_cdmp_model:180 - Added 239000/724037 linking constraints...
2024-12-16 18:41:19.365 | INFO     | fastCARTA:build_cdmp_model:180 - Added 240000/724037 linking constraints...
2024-12-16 18:41:19.396 | INFO     | fastCARTA:build_cdmp_model:180 - Added 241000/724037 linking constraints...
2024-12-16 18:41:19.426 | INFO     | fastCARTA:build_cdmp_model:180 - Added 242000/724037 linking constraints...
2024-12-16 18:41:19.457 | INFO     | fastCARTA:build_cdmp_model:180 - Added 243000/724037 linking constraints...
2024-12-16 18:41:19.487 | INFO     | fastCARTA:build_cdmp_model:180 - Added 244000/724037 linking constraints...
2024-12-16 18:41:19.519 | INFO     | fastCARTA:build_cdmp_model:180 - Added 245000/724037 linking constraints...
2024-12-16 18:41:19.549 | INFO     | fastCARTA:build_cdmp_model:180 - Added 246000/724037 linking constraints...
2024-12-16 18:41:19.580 | INFO     | fastCARTA:build_cdmp_model:180 - Added 247000/724037 linking constraints...
2024-12-16 18:41:19.611 | INFO     | fastCARTA:build_cdmp_model:180 - Added 248000/724037 linking constraints...
2024-12-16 18:41:19.642 | INFO     | fastCARTA:build_cdmp_model:180 - Added 249000/724037 linking constraints...
2024-12-16 18:41:19.673 | INFO     | fastCARTA:build_cdmp_model:180 - Added 250000/724037 linking constraints...
2024-12-16 18:41:19.704 | INFO     | fastCARTA:build_cdmp_model:180 - Added 251000/724037 linking constraints...
2024-12-16 18:41:19.735 | INFO     | fastCARTA:build_cdmp_model:180 - Added 252000/724037 linking constraints...
2024-12-16 18:41:19.766 | INFO     | fastCARTA:build_cdmp_model:180 - Added 253000/724037 linking constraints...
2024-12-16 18:41:19.796 | INFO     | fastCARTA:build_cdmp_model:180 - Added 254000/724037 linking constraints...
2024-12-16 18:41:19.827 | INFO     | fastCARTA:build_cdmp_model:180 - Added 255000/724037 linking constraints...
2024-12-16 18:41:19.859 | INFO     | fastCARTA:build_cdmp_model:180 - Added 256000/724037 linking constraints...
2024-12-16 18:41:19.890 | INFO     | fastCARTA:build_cdmp_model:180 - Added 257000/724037 linking constraints...
2024-12-16 18:41:19.921 | INFO     | fastCARTA:build_cdmp_model:180 - Added 258000/724037 linking constraints...
2024-12-16 18:41:19.951 | INFO     | fastCARTA:build_cdmp_model:180 - Added 259000/724037 linking constraints...
2024-12-16 18:41:19.987 | INFO     | fastCARTA:build_cdmp_model:180 - Added 260000/724037 linking constraints...
2024-12-16 18:41:20.019 | INFO     | fastCARTA:build_cdmp_model:180 - Added 261000/724037 linking constraints...
2024-12-16 18:41:20.050 | INFO     | fastCARTA:build_cdmp_model:180 - Added 262000/724037 linking constraints...
2024-12-16 18:41:20.081 | INFO     | fastCARTA:build_cdmp_model:180 - Added 263000/724037 linking constraints...
2024-12-16 18:41:20.111 | INFO     | fastCARTA:build_cdmp_model:180 - Added 264000/724037 linking constraints...
2024-12-16 18:41:20.143 | INFO     | fastCARTA:build_cdmp_model:180 - Added 265000/724037 linking constraints...
2024-12-16 18:41:20.173 | INFO     | fastCARTA:build_cdmp_model:180 - Added 266000/724037 linking constraints...
2024-12-16 18:41:20.204 | INFO     | fastCARTA:build_cdmp_model:180 - Added 267000/724037 linking constraints...
2024-12-16 18:41:20.235 | INFO     | fastCARTA:build_cdmp_model:180 - Added 268000/724037 linking constraints...
2024-12-16 18:41:20.265 | INFO     | fastCARTA:build_cdmp_model:180 - Added 269000/724037 linking constraints...
2024-12-16 18:41:20.297 | INFO     | fastCARTA:build_cdmp_model:180 - Added 270000/724037 linking constraints...
2024-12-16 18:41:20.327 | INFO     | fastCARTA:build_cdmp_model:180 - Added 271000/724037 linking constraints...
2024-12-16 18:41:20.358 | INFO     | fastCARTA:build_cdmp_model:180 - Added 272000/724037 linking constraints...
2024-12-16 18:41:20.388 | INFO     | fastCARTA:build_cdmp_model:180 - Added 273000/724037 linking constraints...
2024-12-16 18:41:20.420 | INFO     | fastCARTA:build_cdmp_model:180 - Added 274000/724037 linking constraints...
2024-12-16 18:41:20.450 | INFO     | fastCARTA:build_cdmp_model:180 - Added 275000/724037 linking constraints...
2024-12-16 18:41:20.481 | INFO     | fastCARTA:build_cdmp_model:180 - Added 276000/724037 linking constraints...
2024-12-16 18:41:20.512 | INFO     | fastCARTA:build_cdmp_model:180 - Added 277000/724037 linking constraints...
2024-12-16 18:41:20.543 | INFO     | fastCARTA:build_cdmp_model:180 - Added 278000/724037 linking constraints...
2024-12-16 18:41:20.573 | INFO     | fastCARTA:build_cdmp_model:180 - Added 279000/724037 linking constraints...
2024-12-16 18:41:20.604 | INFO     | fastCARTA:build_cdmp_model:180 - Added 280000/724037 linking constraints...
2024-12-16 18:41:20.635 | INFO     | fastCARTA:build_cdmp_model:180 - Added 281000/724037 linking constraints...
2024-12-16 18:41:20.666 | INFO     | fastCARTA:build_cdmp_model:180 - Added 282000/724037 linking constraints...
2024-12-16 18:41:20.701 | INFO     | fastCARTA:build_cdmp_model:180 - Added 283000/724037 linking constraints...
2024-12-16 18:41:20.733 | INFO     | fastCARTA:build_cdmp_model:180 - Added 284000/724037 linking constraints...
2024-12-16 18:41:20.764 | INFO     | fastCARTA:build_cdmp_model:180 - Added 285000/724037 linking constraints...
2024-12-16 18:41:20.795 | INFO     | fastCARTA:build_cdmp_model:180 - Added 286000/724037 linking constraints...
2024-12-16 18:41:20.826 | INFO     | fastCARTA:build_cdmp_model:180 - Added 287000/724037 linking constraints...
2024-12-16 18:41:20.857 | INFO     | fastCARTA:build_cdmp_model:180 - Added 288000/724037 linking constraints...
2024-12-16 18:41:20.887 | INFO     | fastCARTA:build_cdmp_model:180 - Added 289000/724037 linking constraints...
2024-12-16 18:41:20.918 | INFO     | fastCARTA:build_cdmp_model:180 - Added 290000/724037 linking constraints...
2024-12-16 18:41:20.949 | INFO     | fastCARTA:build_cdmp_model:180 - Added 291000/724037 linking constraints...
2024-12-16 18:41:20.980 | INFO     | fastCARTA:build_cdmp_model:180 - Added 292000/724037 linking constraints...
2024-12-16 18:41:21.011 | INFO     | fastCARTA:build_cdmp_model:180 - Added 293000/724037 linking constraints...
2024-12-16 18:41:21.041 | INFO     | fastCARTA:build_cdmp_model:180 - Added 294000/724037 linking constraints...
2024-12-16 18:41:21.072 | INFO     | fastCARTA:build_cdmp_model:180 - Added 295000/724037 linking constraints...
2024-12-16 18:41:21.103 | INFO     | fastCARTA:build_cdmp_model:180 - Added 296000/724037 linking constraints...
2024-12-16 18:41:21.134 | INFO     | fastCARTA:build_cdmp_model:180 - Added 297000/724037 linking constraints...
2024-12-16 18:41:21.165 | INFO     | fastCARTA:build_cdmp_model:180 - Added 298000/724037 linking constraints...
2024-12-16 18:41:21.196 | INFO     | fastCARTA:build_cdmp_model:180 - Added 299000/724037 linking constraints...
2024-12-16 18:41:21.226 | INFO     | fastCARTA:build_cdmp_model:180 - Added 300000/724037 linking constraints...
2024-12-16 18:41:21.257 | INFO     | fastCARTA:build_cdmp_model:180 - Added 301000/724037 linking constraints...
2024-12-16 18:41:21.288 | INFO     | fastCARTA:build_cdmp_model:180 - Added 302000/724037 linking constraints...
2024-12-16 18:41:21.319 | INFO     | fastCARTA:build_cdmp_model:180 - Added 303000/724037 linking constraints...
2024-12-16 18:41:21.350 | INFO     | fastCARTA:build_cdmp_model:180 - Added 304000/724037 linking constraints...
2024-12-16 18:41:21.394 | INFO     | fastCARTA:build_cdmp_model:180 - Added 305000/724037 linking constraints...
2024-12-16 18:41:21.425 | INFO     | fastCARTA:build_cdmp_model:180 - Added 306000/724037 linking constraints...
2024-12-16 18:41:21.462 | INFO     | fastCARTA:build_cdmp_model:180 - Added 307000/724037 linking constraints...
2024-12-16 18:41:21.492 | INFO     | fastCARTA:build_cdmp_model:180 - Added 308000/724037 linking constraints...
2024-12-16 18:41:21.523 | INFO     | fastCARTA:build_cdmp_model:180 - Added 309000/724037 linking constraints...
2024-12-16 18:41:21.554 | INFO     | fastCARTA:build_cdmp_model:180 - Added 310000/724037 linking constraints...
2024-12-16 18:41:21.585 | INFO     | fastCARTA:build_cdmp_model:180 - Added 311000/724037 linking constraints...
2024-12-16 18:41:21.616 | INFO     | fastCARTA:build_cdmp_model:180 - Added 312000/724037 linking constraints...
2024-12-16 18:41:21.646 | INFO     | fastCARTA:build_cdmp_model:180 - Added 313000/724037 linking constraints...
2024-12-16 18:41:21.677 | INFO     | fastCARTA:build_cdmp_model:180 - Added 314000/724037 linking constraints...
2024-12-16 18:41:21.708 | INFO     | fastCARTA:build_cdmp_model:180 - Added 315000/724037 linking constraints...
2024-12-16 18:41:22.513 | INFO     | fastCARTA:build_cdmp_model:180 - Added 316000/724037 linking constraints...
2024-12-16 18:41:22.544 | INFO     | fastCARTA:build_cdmp_model:180 - Added 317000/724037 linking constraints...
2024-12-16 18:41:22.575 | INFO     | fastCARTA:build_cdmp_model:180 - Added 318000/724037 linking constraints...
2024-12-16 18:41:22.606 | INFO     | fastCARTA:build_cdmp_model:180 - Added 319000/724037 linking constraints...
2024-12-16 18:41:22.637 | INFO     | fastCARTA:build_cdmp_model:180 - Added 320000/724037 linking constraints...
2024-12-16 18:41:22.668 | INFO     | fastCARTA:build_cdmp_model:180 - Added 321000/724037 linking constraints...
2024-12-16 18:41:22.699 | INFO     | fastCARTA:build_cdmp_model:180 - Added 322000/724037 linking constraints...
2024-12-16 18:41:22.730 | INFO     | fastCARTA:build_cdmp_model:180 - Added 323000/724037 linking constraints...
2024-12-16 18:41:22.762 | INFO     | fastCARTA:build_cdmp_model:180 - Added 324000/724037 linking constraints...
2024-12-16 18:41:22.792 | INFO     | fastCARTA:build_cdmp_model:180 - Added 325000/724037 linking constraints...
2024-12-16 18:41:22.824 | INFO     | fastCARTA:build_cdmp_model:180 - Added 326000/724037 linking constraints...
2024-12-16 18:41:22.855 | INFO     | fastCARTA:build_cdmp_model:180 - Added 327000/724037 linking constraints...
2024-12-16 18:41:22.886 | INFO     | fastCARTA:build_cdmp_model:180 - Added 328000/724037 linking constraints...
2024-12-16 18:41:22.916 | INFO     | fastCARTA:build_cdmp_model:180 - Added 329000/724037 linking constraints...
2024-12-16 18:41:22.947 | INFO     | fastCARTA:build_cdmp_model:180 - Added 330000/724037 linking constraints...
2024-12-16 18:41:22.978 | INFO     | fastCARTA:build_cdmp_model:180 - Added 331000/724037 linking constraints...
2024-12-16 18:41:23.009 | INFO     | fastCARTA:build_cdmp_model:180 - Added 332000/724037 linking constraints...
2024-12-16 18:41:23.040 | INFO     | fastCARTA:build_cdmp_model:180 - Added 333000/724037 linking constraints...
2024-12-16 18:41:23.072 | INFO     | fastCARTA:build_cdmp_model:180 - Added 334000/724037 linking constraints...
2024-12-16 18:41:23.107 | INFO     | fastCARTA:build_cdmp_model:180 - Added 335000/724037 linking constraints...
2024-12-16 18:41:23.139 | INFO     | fastCARTA:build_cdmp_model:180 - Added 336000/724037 linking constraints...
2024-12-16 18:41:23.172 | INFO     | fastCARTA:build_cdmp_model:180 - Added 337000/724037 linking constraints...
2024-12-16 18:41:23.202 | INFO     | fastCARTA:build_cdmp_model:180 - Added 338000/724037 linking constraints...
2024-12-16 18:41:23.232 | INFO     | fastCARTA:build_cdmp_model:180 - Added 339000/724037 linking constraints...
2024-12-16 18:41:23.262 | INFO     | fastCARTA:build_cdmp_model:180 - Added 340000/724037 linking constraints...
2024-12-16 18:41:23.292 | INFO     | fastCARTA:build_cdmp_model:180 - Added 341000/724037 linking constraints...
2024-12-16 18:41:23.322 | INFO     | fastCARTA:build_cdmp_model:180 - Added 342000/724037 linking constraints...
2024-12-16 18:41:23.352 | INFO     | fastCARTA:build_cdmp_model:180 - Added 343000/724037 linking constraints...
2024-12-16 18:41:23.382 | INFO     | fastCARTA:build_cdmp_model:180 - Added 344000/724037 linking constraints...
2024-12-16 18:41:23.412 | INFO     | fastCARTA:build_cdmp_model:180 - Added 345000/724037 linking constraints...
2024-12-16 18:41:23.451 | INFO     | fastCARTA:build_cdmp_model:180 - Added 346000/724037 linking constraints...
2024-12-16 18:41:23.502 | INFO     | fastCARTA:build_cdmp_model:180 - Added 347000/724037 linking constraints...
2024-12-16 18:41:23.540 | INFO     | fastCARTA:build_cdmp_model:180 - Added 348000/724037 linking constraints...
2024-12-16 18:41:23.585 | INFO     | fastCARTA:build_cdmp_model:180 - Added 349000/724037 linking constraints...
2024-12-16 18:41:23.621 | INFO     | fastCARTA:build_cdmp_model:180 - Added 350000/724037 linking constraints...
2024-12-16 18:41:23.651 | INFO     | fastCARTA:build_cdmp_model:180 - Added 351000/724037 linking constraints...
2024-12-16 18:41:23.682 | INFO     | fastCARTA:build_cdmp_model:180 - Added 352000/724037 linking constraints...
2024-12-16 18:41:23.717 | INFO     | fastCARTA:build_cdmp_model:180 - Added 353000/724037 linking constraints...
2024-12-16 18:41:23.759 | INFO     | fastCARTA:build_cdmp_model:180 - Added 354000/724037 linking constraints...
2024-12-16 18:41:23.802 | INFO     | fastCARTA:build_cdmp_model:180 - Added 355000/724037 linking constraints...
2024-12-16 18:41:23.832 | INFO     | fastCARTA:build_cdmp_model:180 - Added 356000/724037 linking constraints...
2024-12-16 18:41:23.862 | INFO     | fastCARTA:build_cdmp_model:180 - Added 357000/724037 linking constraints...
2024-12-16 18:41:23.892 | INFO     | fastCARTA:build_cdmp_model:180 - Added 358000/724037 linking constraints...
2024-12-16 18:41:23.921 | INFO     | fastCARTA:build_cdmp_model:180 - Added 359000/724037 linking constraints...
2024-12-16 18:41:23.951 | INFO     | fastCARTA:build_cdmp_model:180 - Added 360000/724037 linking constraints...
2024-12-16 18:41:23.981 | INFO     | fastCARTA:build_cdmp_model:180 - Added 361000/724037 linking constraints...
2024-12-16 18:41:24.011 | INFO     | fastCARTA:build_cdmp_model:180 - Added 362000/724037 linking constraints...
2024-12-16 18:41:24.040 | INFO     | fastCARTA:build_cdmp_model:180 - Added 363000/724037 linking constraints...
2024-12-16 18:41:24.071 | INFO     | fastCARTA:build_cdmp_model:180 - Added 364000/724037 linking constraints...
2024-12-16 18:41:24.102 | INFO     | fastCARTA:build_cdmp_model:180 - Added 365000/724037 linking constraints...
2024-12-16 18:41:24.133 | INFO     | fastCARTA:build_cdmp_model:180 - Added 366000/724037 linking constraints...
2024-12-16 18:41:24.164 | INFO     | fastCARTA:build_cdmp_model:180 - Added 367000/724037 linking constraints...
2024-12-16 18:41:24.194 | INFO     | fastCARTA:build_cdmp_model:180 - Added 368000/724037 linking constraints...
2024-12-16 18:41:24.225 | INFO     | fastCARTA:build_cdmp_model:180 - Added 369000/724037 linking constraints...
2024-12-16 18:41:24.256 | INFO     | fastCARTA:build_cdmp_model:180 - Added 370000/724037 linking constraints...
2024-12-16 18:41:24.287 | INFO     | fastCARTA:build_cdmp_model:180 - Added 371000/724037 linking constraints...
2024-12-16 18:41:24.318 | INFO     | fastCARTA:build_cdmp_model:180 - Added 372000/724037 linking constraints...
2024-12-16 18:41:24.349 | INFO     | fastCARTA:build_cdmp_model:180 - Added 373000/724037 linking constraints...
2024-12-16 18:41:24.380 | INFO     | fastCARTA:build_cdmp_model:180 - Added 374000/724037 linking constraints...
2024-12-16 18:41:24.417 | INFO     | fastCARTA:build_cdmp_model:180 - Added 375000/724037 linking constraints...
2024-12-16 18:41:24.453 | INFO     | fastCARTA:build_cdmp_model:180 - Added 376000/724037 linking constraints...
2024-12-16 18:41:24.489 | INFO     | fastCARTA:build_cdmp_model:180 - Added 377000/724037 linking constraints...
2024-12-16 18:41:24.524 | INFO     | fastCARTA:build_cdmp_model:180 - Added 378000/724037 linking constraints...
2024-12-16 18:41:24.559 | INFO     | fastCARTA:build_cdmp_model:180 - Added 379000/724037 linking constraints...
2024-12-16 18:41:24.590 | INFO     | fastCARTA:build_cdmp_model:180 - Added 380000/724037 linking constraints...
2024-12-16 18:41:24.621 | INFO     | fastCARTA:build_cdmp_model:180 - Added 381000/724037 linking constraints...
2024-12-16 18:41:24.651 | INFO     | fastCARTA:build_cdmp_model:180 - Added 382000/724037 linking constraints...
2024-12-16 18:41:24.682 | INFO     | fastCARTA:build_cdmp_model:180 - Added 383000/724037 linking constraints...
2024-12-16 18:41:24.713 | INFO     | fastCARTA:build_cdmp_model:180 - Added 384000/724037 linking constraints...
2024-12-16 18:41:24.744 | INFO     | fastCARTA:build_cdmp_model:180 - Added 385000/724037 linking constraints...
2024-12-16 18:41:24.775 | INFO     | fastCARTA:build_cdmp_model:180 - Added 386000/724037 linking constraints...
2024-12-16 18:41:24.807 | INFO     | fastCARTA:build_cdmp_model:180 - Added 387000/724037 linking constraints...
2024-12-16 18:41:24.846 | INFO     | fastCARTA:build_cdmp_model:180 - Added 388000/724037 linking constraints...
2024-12-16 18:41:24.886 | INFO     | fastCARTA:build_cdmp_model:180 - Added 389000/724037 linking constraints...
2024-12-16 18:41:24.922 | INFO     | fastCARTA:build_cdmp_model:180 - Added 390000/724037 linking constraints...
2024-12-16 18:41:24.954 | INFO     | fastCARTA:build_cdmp_model:180 - Added 391000/724037 linking constraints...
2024-12-16 18:41:24.985 | INFO     | fastCARTA:build_cdmp_model:180 - Added 392000/724037 linking constraints...
2024-12-16 18:41:25.016 | INFO     | fastCARTA:build_cdmp_model:180 - Added 393000/724037 linking constraints...
2024-12-16 18:41:25.046 | INFO     | fastCARTA:build_cdmp_model:180 - Added 394000/724037 linking constraints...
2024-12-16 18:41:25.077 | INFO     | fastCARTA:build_cdmp_model:180 - Added 395000/724037 linking constraints...
2024-12-16 18:41:25.109 | INFO     | fastCARTA:build_cdmp_model:180 - Added 396000/724037 linking constraints...
2024-12-16 18:41:25.141 | INFO     | fastCARTA:build_cdmp_model:180 - Added 397000/724037 linking constraints...
2024-12-16 18:41:25.173 | INFO     | fastCARTA:build_cdmp_model:180 - Added 398000/724037 linking constraints...
2024-12-16 18:41:25.205 | INFO     | fastCARTA:build_cdmp_model:180 - Added 399000/724037 linking constraints...
2024-12-16 18:41:25.237 | INFO     | fastCARTA:build_cdmp_model:180 - Added 400000/724037 linking constraints...
2024-12-16 18:41:25.270 | INFO     | fastCARTA:build_cdmp_model:180 - Added 401000/724037 linking constraints...
2024-12-16 18:41:25.306 | INFO     | fastCARTA:build_cdmp_model:180 - Added 402000/724037 linking constraints...
2024-12-16 18:41:25.338 | INFO     | fastCARTA:build_cdmp_model:180 - Added 403000/724037 linking constraints...
2024-12-16 18:41:25.371 | INFO     | fastCARTA:build_cdmp_model:180 - Added 404000/724037 linking constraints...
2024-12-16 18:41:25.416 | INFO     | fastCARTA:build_cdmp_model:180 - Added 405000/724037 linking constraints...
2024-12-16 18:41:25.454 | INFO     | fastCARTA:build_cdmp_model:180 - Added 406000/724037 linking constraints...
2024-12-16 18:41:25.487 | INFO     | fastCARTA:build_cdmp_model:180 - Added 407000/724037 linking constraints...
2024-12-16 18:41:25.520 | INFO     | fastCARTA:build_cdmp_model:180 - Added 408000/724037 linking constraints...
2024-12-16 18:41:25.553 | INFO     | fastCARTA:build_cdmp_model:180 - Added 409000/724037 linking constraints...
2024-12-16 18:41:25.590 | INFO     | fastCARTA:build_cdmp_model:180 - Added 410000/724037 linking constraints...
2024-12-16 18:41:25.627 | INFO     | fastCARTA:build_cdmp_model:180 - Added 411000/724037 linking constraints...
2024-12-16 18:41:25.664 | INFO     | fastCARTA:build_cdmp_model:180 - Added 412000/724037 linking constraints...
2024-12-16 18:41:25.698 | INFO     | fastCARTA:build_cdmp_model:180 - Added 413000/724037 linking constraints...
2024-12-16 18:41:25.733 | INFO     | fastCARTA:build_cdmp_model:180 - Added 414000/724037 linking constraints...
2024-12-16 18:41:25.771 | INFO     | fastCARTA:build_cdmp_model:180 - Added 415000/724037 linking constraints...
2024-12-16 18:41:25.806 | INFO     | fastCARTA:build_cdmp_model:180 - Added 416000/724037 linking constraints...
2024-12-16 18:41:25.841 | INFO     | fastCARTA:build_cdmp_model:180 - Added 417000/724037 linking constraints...
2024-12-16 18:41:25.873 | INFO     | fastCARTA:build_cdmp_model:180 - Added 418000/724037 linking constraints...
2024-12-16 18:41:25.911 | INFO     | fastCARTA:build_cdmp_model:180 - Added 419000/724037 linking constraints...
2024-12-16 18:41:25.950 | INFO     | fastCARTA:build_cdmp_model:180 - Added 420000/724037 linking constraints...
2024-12-16 18:41:25.982 | INFO     | fastCARTA:build_cdmp_model:180 - Added 421000/724037 linking constraints...
2024-12-16 18:41:26.014 | INFO     | fastCARTA:build_cdmp_model:180 - Added 422000/724037 linking constraints...
2024-12-16 18:41:26.045 | INFO     | fastCARTA:build_cdmp_model:180 - Added 423000/724037 linking constraints...
2024-12-16 18:41:26.083 | INFO     | fastCARTA:build_cdmp_model:180 - Added 424000/724037 linking constraints...
2024-12-16 18:41:26.129 | INFO     | fastCARTA:build_cdmp_model:180 - Added 425000/724037 linking constraints...
2024-12-16 18:41:26.175 | INFO     | fastCARTA:build_cdmp_model:180 - Added 426000/724037 linking constraints...
2024-12-16 18:41:26.212 | INFO     | fastCARTA:build_cdmp_model:180 - Added 427000/724037 linking constraints...
2024-12-16 18:41:26.256 | INFO     | fastCARTA:build_cdmp_model:180 - Added 428000/724037 linking constraints...
2024-12-16 18:41:26.291 | INFO     | fastCARTA:build_cdmp_model:180 - Added 429000/724037 linking constraints...
2024-12-16 18:41:26.326 | INFO     | fastCARTA:build_cdmp_model:180 - Added 430000/724037 linking constraints...
2024-12-16 18:41:26.363 | INFO     | fastCARTA:build_cdmp_model:180 - Added 431000/724037 linking constraints...
2024-12-16 18:41:26.397 | INFO     | fastCARTA:build_cdmp_model:180 - Added 432000/724037 linking constraints...
2024-12-16 18:41:26.472 | INFO     | fastCARTA:build_cdmp_model:180 - Added 433000/724037 linking constraints...
2024-12-16 18:41:26.525 | INFO     | fastCARTA:build_cdmp_model:180 - Added 434000/724037 linking constraints...
2024-12-16 18:41:26.560 | INFO     | fastCARTA:build_cdmp_model:180 - Added 435000/724037 linking constraints...
2024-12-16 18:41:26.593 | INFO     | fastCARTA:build_cdmp_model:180 - Added 436000/724037 linking constraints...
2024-12-16 18:41:26.626 | INFO     | fastCARTA:build_cdmp_model:180 - Added 437000/724037 linking constraints...
2024-12-16 18:41:26.659 | INFO     | fastCARTA:build_cdmp_model:180 - Added 438000/724037 linking constraints...
2024-12-16 18:41:26.696 | INFO     | fastCARTA:build_cdmp_model:180 - Added 439000/724037 linking constraints...
2024-12-16 18:41:26.729 | INFO     | fastCARTA:build_cdmp_model:180 - Added 440000/724037 linking constraints...
2024-12-16 18:41:26.763 | INFO     | fastCARTA:build_cdmp_model:180 - Added 441000/724037 linking constraints...
2024-12-16 18:41:26.800 | INFO     | fastCARTA:build_cdmp_model:180 - Added 442000/724037 linking constraints...
2024-12-16 18:41:26.838 | INFO     | fastCARTA:build_cdmp_model:180 - Added 443000/724037 linking constraints...
2024-12-16 18:41:26.873 | INFO     | fastCARTA:build_cdmp_model:180 - Added 444000/724037 linking constraints...
2024-12-16 18:41:26.907 | INFO     | fastCARTA:build_cdmp_model:180 - Added 445000/724037 linking constraints...
2024-12-16 18:41:26.939 | INFO     | fastCARTA:build_cdmp_model:180 - Added 446000/724037 linking constraints...
2024-12-16 18:41:26.970 | INFO     | fastCARTA:build_cdmp_model:180 - Added 447000/724037 linking constraints...
2024-12-16 18:41:27.002 | INFO     | fastCARTA:build_cdmp_model:180 - Added 448000/724037 linking constraints...
2024-12-16 18:41:27.036 | INFO     | fastCARTA:build_cdmp_model:180 - Added 449000/724037 linking constraints...
2024-12-16 18:41:27.066 | INFO     | fastCARTA:build_cdmp_model:180 - Added 450000/724037 linking constraints...
2024-12-16 18:41:27.097 | INFO     | fastCARTA:build_cdmp_model:180 - Added 451000/724037 linking constraints...
2024-12-16 18:41:27.132 | INFO     | fastCARTA:build_cdmp_model:180 - Added 452000/724037 linking constraints...
2024-12-16 18:41:27.166 | INFO     | fastCARTA:build_cdmp_model:180 - Added 453000/724037 linking constraints...
2024-12-16 18:41:27.198 | INFO     | fastCARTA:build_cdmp_model:180 - Added 454000/724037 linking constraints...
2024-12-16 18:41:27.230 | INFO     | fastCARTA:build_cdmp_model:180 - Added 455000/724037 linking constraints...
2024-12-16 18:41:27.264 | INFO     | fastCARTA:build_cdmp_model:180 - Added 456000/724037 linking constraints...
2024-12-16 18:41:27.299 | INFO     | fastCARTA:build_cdmp_model:180 - Added 457000/724037 linking constraints...
2024-12-16 18:41:27.334 | INFO     | fastCARTA:build_cdmp_model:180 - Added 458000/724037 linking constraints...
2024-12-16 18:41:27.372 | INFO     | fastCARTA:build_cdmp_model:180 - Added 459000/724037 linking constraints...
2024-12-16 18:41:27.405 | INFO     | fastCARTA:build_cdmp_model:180 - Added 460000/724037 linking constraints...
2024-12-16 18:41:27.438 | INFO     | fastCARTA:build_cdmp_model:180 - Added 461000/724037 linking constraints...
2024-12-16 18:41:27.473 | INFO     | fastCARTA:build_cdmp_model:180 - Added 462000/724037 linking constraints...
2024-12-16 18:41:27.506 | INFO     | fastCARTA:build_cdmp_model:180 - Added 463000/724037 linking constraints...
2024-12-16 18:41:27.544 | INFO     | fastCARTA:build_cdmp_model:180 - Added 464000/724037 linking constraints...
2024-12-16 18:41:27.583 | INFO     | fastCARTA:build_cdmp_model:180 - Added 465000/724037 linking constraints...
2024-12-16 18:41:27.624 | INFO     | fastCARTA:build_cdmp_model:180 - Added 466000/724037 linking constraints...
2024-12-16 18:41:27.657 | INFO     | fastCARTA:build_cdmp_model:180 - Added 467000/724037 linking constraints...
2024-12-16 18:41:27.691 | INFO     | fastCARTA:build_cdmp_model:180 - Added 468000/724037 linking constraints...
2024-12-16 18:41:27.724 | INFO     | fastCARTA:build_cdmp_model:180 - Added 469000/724037 linking constraints...
2024-12-16 18:41:27.757 | INFO     | fastCARTA:build_cdmp_model:180 - Added 470000/724037 linking constraints...
2024-12-16 18:41:27.796 | INFO     | fastCARTA:build_cdmp_model:180 - Added 471000/724037 linking constraints...
2024-12-16 18:41:27.840 | INFO     | fastCARTA:build_cdmp_model:180 - Added 472000/724037 linking constraints...
2024-12-16 18:41:27.875 | INFO     | fastCARTA:build_cdmp_model:180 - Added 473000/724037 linking constraints...
2024-12-16 18:41:27.910 | INFO     | fastCARTA:build_cdmp_model:180 - Added 474000/724037 linking constraints...
2024-12-16 18:41:27.945 | INFO     | fastCARTA:build_cdmp_model:180 - Added 475000/724037 linking constraints...
2024-12-16 18:41:27.980 | INFO     | fastCARTA:build_cdmp_model:180 - Added 476000/724037 linking constraints...
2024-12-16 18:41:28.017 | INFO     | fastCARTA:build_cdmp_model:180 - Added 477000/724037 linking constraints...
2024-12-16 18:41:28.049 | INFO     | fastCARTA:build_cdmp_model:180 - Added 478000/724037 linking constraints...
2024-12-16 18:41:28.085 | INFO     | fastCARTA:build_cdmp_model:180 - Added 479000/724037 linking constraints...
2024-12-16 18:41:28.117 | INFO     | fastCARTA:build_cdmp_model:180 - Added 480000/724037 linking constraints...
2024-12-16 18:41:28.149 | INFO     | fastCARTA:build_cdmp_model:180 - Added 481000/724037 linking constraints...
2024-12-16 18:41:28.181 | INFO     | fastCARTA:build_cdmp_model:180 - Added 482000/724037 linking constraints...
2024-12-16 18:41:28.213 | INFO     | fastCARTA:build_cdmp_model:180 - Added 483000/724037 linking constraints...
2024-12-16 18:41:28.247 | INFO     | fastCARTA:build_cdmp_model:180 - Added 484000/724037 linking constraints...
2024-12-16 18:41:28.281 | INFO     | fastCARTA:build_cdmp_model:180 - Added 485000/724037 linking constraints...
2024-12-16 18:41:28.314 | INFO     | fastCARTA:build_cdmp_model:180 - Added 486000/724037 linking constraints...
2024-12-16 18:41:28.348 | INFO     | fastCARTA:build_cdmp_model:180 - Added 487000/724037 linking constraints...
2024-12-16 18:41:28.386 | INFO     | fastCARTA:build_cdmp_model:180 - Added 488000/724037 linking constraints...
2024-12-16 18:41:28.428 | INFO     | fastCARTA:build_cdmp_model:180 - Added 489000/724037 linking constraints...
2024-12-16 18:41:28.486 | INFO     | fastCARTA:build_cdmp_model:180 - Added 490000/724037 linking constraints...
2024-12-16 18:41:28.527 | INFO     | fastCARTA:build_cdmp_model:180 - Added 491000/724037 linking constraints...
2024-12-16 18:41:28.562 | INFO     | fastCARTA:build_cdmp_model:180 - Added 492000/724037 linking constraints...
2024-12-16 18:41:28.593 | INFO     | fastCARTA:build_cdmp_model:180 - Added 493000/724037 linking constraints...
2024-12-16 18:41:28.623 | INFO     | fastCARTA:build_cdmp_model:180 - Added 494000/724037 linking constraints...
2024-12-16 18:41:28.657 | INFO     | fastCARTA:build_cdmp_model:180 - Added 495000/724037 linking constraints...
2024-12-16 18:41:28.704 | INFO     | fastCARTA:build_cdmp_model:180 - Added 496000/724037 linking constraints...
2024-12-16 18:41:28.746 | INFO     | fastCARTA:build_cdmp_model:180 - Added 497000/724037 linking constraints...
2024-12-16 18:41:28.791 | INFO     | fastCARTA:build_cdmp_model:180 - Added 498000/724037 linking constraints...
2024-12-16 18:41:28.828 | INFO     | fastCARTA:build_cdmp_model:180 - Added 499000/724037 linking constraints...
2024-12-16 18:41:28.867 | INFO     | fastCARTA:build_cdmp_model:180 - Added 500000/724037 linking constraints...
2024-12-16 18:41:28.903 | INFO     | fastCARTA:build_cdmp_model:180 - Added 501000/724037 linking constraints...
2024-12-16 18:41:28.943 | INFO     | fastCARTA:build_cdmp_model:180 - Added 502000/724037 linking constraints...
2024-12-16 18:41:28.976 | INFO     | fastCARTA:build_cdmp_model:180 - Added 503000/724037 linking constraints...
2024-12-16 18:41:29.012 | INFO     | fastCARTA:build_cdmp_model:180 - Added 504000/724037 linking constraints...
2024-12-16 18:41:29.048 | INFO     | fastCARTA:build_cdmp_model:180 - Added 505000/724037 linking constraints...
2024-12-16 18:41:29.079 | INFO     | fastCARTA:build_cdmp_model:180 - Added 506000/724037 linking constraints...
2024-12-16 18:41:29.110 | INFO     | fastCARTA:build_cdmp_model:180 - Added 507000/724037 linking constraints...
2024-12-16 18:41:29.140 | INFO     | fastCARTA:build_cdmp_model:180 - Added 508000/724037 linking constraints...
2024-12-16 18:41:29.171 | INFO     | fastCARTA:build_cdmp_model:180 - Added 509000/724037 linking constraints...
2024-12-16 18:41:29.202 | INFO     | fastCARTA:build_cdmp_model:180 - Added 510000/724037 linking constraints...
2024-12-16 18:41:29.232 | INFO     | fastCARTA:build_cdmp_model:180 - Added 511000/724037 linking constraints...
2024-12-16 18:41:29.263 | INFO     | fastCARTA:build_cdmp_model:180 - Added 512000/724037 linking constraints...
2024-12-16 18:41:29.294 | INFO     | fastCARTA:build_cdmp_model:180 - Added 513000/724037 linking constraints...
2024-12-16 18:41:29.324 | INFO     | fastCARTA:build_cdmp_model:180 - Added 514000/724037 linking constraints...
2024-12-16 18:41:29.355 | INFO     | fastCARTA:build_cdmp_model:180 - Added 515000/724037 linking constraints...
2024-12-16 18:41:29.386 | INFO     | fastCARTA:build_cdmp_model:180 - Added 516000/724037 linking constraints...
2024-12-16 18:41:29.417 | INFO     | fastCARTA:build_cdmp_model:180 - Added 517000/724037 linking constraints...
2024-12-16 18:41:29.448 | INFO     | fastCARTA:build_cdmp_model:180 - Added 518000/724037 linking constraints...
2024-12-16 18:41:29.478 | INFO     | fastCARTA:build_cdmp_model:180 - Added 519000/724037 linking constraints...
2024-12-16 18:41:29.509 | INFO     | fastCARTA:build_cdmp_model:180 - Added 520000/724037 linking constraints...
2024-12-16 18:41:29.540 | INFO     | fastCARTA:build_cdmp_model:180 - Added 521000/724037 linking constraints...
2024-12-16 18:41:29.571 | INFO     | fastCARTA:build_cdmp_model:180 - Added 522000/724037 linking constraints...
2024-12-16 18:41:29.602 | INFO     | fastCARTA:build_cdmp_model:180 - Added 523000/724037 linking constraints...
2024-12-16 18:41:29.633 | INFO     | fastCARTA:build_cdmp_model:180 - Added 524000/724037 linking constraints...
2024-12-16 18:41:29.664 | INFO     | fastCARTA:build_cdmp_model:180 - Added 525000/724037 linking constraints...
2024-12-16 18:41:29.695 | INFO     | fastCARTA:build_cdmp_model:180 - Added 526000/724037 linking constraints...
2024-12-16 18:41:29.726 | INFO     | fastCARTA:build_cdmp_model:180 - Added 527000/724037 linking constraints...
2024-12-16 18:41:29.758 | INFO     | fastCARTA:build_cdmp_model:180 - Added 528000/724037 linking constraints...
2024-12-16 18:41:29.790 | INFO     | fastCARTA:build_cdmp_model:180 - Added 529000/724037 linking constraints...
2024-12-16 18:41:29.822 | INFO     | fastCARTA:build_cdmp_model:180 - Added 530000/724037 linking constraints...
2024-12-16 18:41:29.855 | INFO     | fastCARTA:build_cdmp_model:180 - Added 531000/724037 linking constraints...
2024-12-16 18:41:29.887 | INFO     | fastCARTA:build_cdmp_model:180 - Added 532000/724037 linking constraints...
2024-12-16 18:41:29.920 | INFO     | fastCARTA:build_cdmp_model:180 - Added 533000/724037 linking constraints...
2024-12-16 18:41:29.953 | INFO     | fastCARTA:build_cdmp_model:180 - Added 534000/724037 linking constraints...
2024-12-16 18:41:29.987 | INFO     | fastCARTA:build_cdmp_model:180 - Added 535000/724037 linking constraints...
2024-12-16 18:41:30.019 | INFO     | fastCARTA:build_cdmp_model:180 - Added 536000/724037 linking constraints...
2024-12-16 18:41:30.054 | INFO     | fastCARTA:build_cdmp_model:180 - Added 537000/724037 linking constraints...
2024-12-16 18:41:30.092 | INFO     | fastCARTA:build_cdmp_model:180 - Added 538000/724037 linking constraints...
2024-12-16 18:41:30.128 | INFO     | fastCARTA:build_cdmp_model:180 - Added 539000/724037 linking constraints...
2024-12-16 18:41:30.161 | INFO     | fastCARTA:build_cdmp_model:180 - Added 540000/724037 linking constraints...
2024-12-16 18:41:30.195 | INFO     | fastCARTA:build_cdmp_model:180 - Added 541000/724037 linking constraints...
2024-12-16 18:41:30.229 | INFO     | fastCARTA:build_cdmp_model:180 - Added 542000/724037 linking constraints...
2024-12-16 18:41:30.262 | INFO     | fastCARTA:build_cdmp_model:180 - Added 543000/724037 linking constraints...
2024-12-16 18:41:30.298 | INFO     | fastCARTA:build_cdmp_model:180 - Added 544000/724037 linking constraints...
2024-12-16 18:41:30.335 | INFO     | fastCARTA:build_cdmp_model:180 - Added 545000/724037 linking constraints...
2024-12-16 18:41:30.372 | INFO     | fastCARTA:build_cdmp_model:180 - Added 546000/724037 linking constraints...
2024-12-16 18:41:30.406 | INFO     | fastCARTA:build_cdmp_model:180 - Added 547000/724037 linking constraints...
2024-12-16 18:41:30.440 | INFO     | fastCARTA:build_cdmp_model:180 - Added 548000/724037 linking constraints...
2024-12-16 18:41:30.481 | INFO     | fastCARTA:build_cdmp_model:180 - Added 549000/724037 linking constraints...
2024-12-16 18:41:30.520 | INFO     | fastCARTA:build_cdmp_model:180 - Added 550000/724037 linking constraints...
2024-12-16 18:41:30.557 | INFO     | fastCARTA:build_cdmp_model:180 - Added 551000/724037 linking constraints...
2024-12-16 18:41:30.593 | INFO     | fastCARTA:build_cdmp_model:180 - Added 552000/724037 linking constraints...
2024-12-16 18:41:30.627 | INFO     | fastCARTA:build_cdmp_model:180 - Added 553000/724037 linking constraints...
2024-12-16 18:41:30.660 | INFO     | fastCARTA:build_cdmp_model:180 - Added 554000/724037 linking constraints...
2024-12-16 18:41:30.697 | INFO     | fastCARTA:build_cdmp_model:180 - Added 555000/724037 linking constraints...
2024-12-16 18:41:30.734 | INFO     | fastCARTA:build_cdmp_model:180 - Added 556000/724037 linking constraints...
2024-12-16 18:41:30.771 | INFO     | fastCARTA:build_cdmp_model:180 - Added 557000/724037 linking constraints...
2024-12-16 18:41:30.806 | INFO     | fastCARTA:build_cdmp_model:180 - Added 558000/724037 linking constraints...
2024-12-16 18:41:30.838 | INFO     | fastCARTA:build_cdmp_model:180 - Added 559000/724037 linking constraints...
2024-12-16 18:41:30.898 | INFO     | fastCARTA:build_cdmp_model:180 - Added 560000/724037 linking constraints...
2024-12-16 18:41:30.935 | INFO     | fastCARTA:build_cdmp_model:180 - Added 561000/724037 linking constraints...
2024-12-16 18:41:30.973 | INFO     | fastCARTA:build_cdmp_model:180 - Added 562000/724037 linking constraints...
2024-12-16 18:41:31.009 | INFO     | fastCARTA:build_cdmp_model:180 - Added 563000/724037 linking constraints...
2024-12-16 18:41:31.041 | INFO     | fastCARTA:build_cdmp_model:180 - Added 564000/724037 linking constraints...
2024-12-16 18:41:31.075 | INFO     | fastCARTA:build_cdmp_model:180 - Added 565000/724037 linking constraints...
2024-12-16 18:41:31.115 | INFO     | fastCARTA:build_cdmp_model:180 - Added 566000/724037 linking constraints...
2024-12-16 18:41:31.151 | INFO     | fastCARTA:build_cdmp_model:180 - Added 567000/724037 linking constraints...
2024-12-16 18:41:31.189 | INFO     | fastCARTA:build_cdmp_model:180 - Added 568000/724037 linking constraints...
2024-12-16 18:41:31.231 | INFO     | fastCARTA:build_cdmp_model:180 - Added 569000/724037 linking constraints...
2024-12-16 18:41:31.270 | INFO     | fastCARTA:build_cdmp_model:180 - Added 570000/724037 linking constraints...
2024-12-16 18:41:31.310 | INFO     | fastCARTA:build_cdmp_model:180 - Added 571000/724037 linking constraints...
2024-12-16 18:41:31.351 | INFO     | fastCARTA:build_cdmp_model:180 - Added 572000/724037 linking constraints...
2024-12-16 18:41:31.383 | INFO     | fastCARTA:build_cdmp_model:180 - Added 573000/724037 linking constraints...
2024-12-16 18:41:31.416 | INFO     | fastCARTA:build_cdmp_model:180 - Added 574000/724037 linking constraints...
2024-12-16 18:41:31.448 | INFO     | fastCARTA:build_cdmp_model:180 - Added 575000/724037 linking constraints...
2024-12-16 18:41:31.480 | INFO     | fastCARTA:build_cdmp_model:180 - Added 576000/724037 linking constraints...
2024-12-16 18:41:31.513 | INFO     | fastCARTA:build_cdmp_model:180 - Added 577000/724037 linking constraints...
2024-12-16 18:41:31.560 | INFO     | fastCARTA:build_cdmp_model:180 - Added 578000/724037 linking constraints...
2024-12-16 18:41:31.609 | INFO     | fastCARTA:build_cdmp_model:180 - Added 579000/724037 linking constraints...
2024-12-16 18:41:31.650 | INFO     | fastCARTA:build_cdmp_model:180 - Added 580000/724037 linking constraints...
2024-12-16 18:41:31.680 | INFO     | fastCARTA:build_cdmp_model:180 - Added 581000/724037 linking constraints...
2024-12-16 18:41:31.713 | INFO     | fastCARTA:build_cdmp_model:180 - Added 582000/724037 linking constraints...
2024-12-16 18:41:31.753 | INFO     | fastCARTA:build_cdmp_model:180 - Added 583000/724037 linking constraints...
2024-12-16 18:41:31.789 | INFO     | fastCARTA:build_cdmp_model:180 - Added 584000/724037 linking constraints...
2024-12-16 18:41:31.828 | INFO     | fastCARTA:build_cdmp_model:180 - Added 585000/724037 linking constraints...
2024-12-16 18:41:31.868 | INFO     | fastCARTA:build_cdmp_model:180 - Added 586000/724037 linking constraints...
2024-12-16 18:41:31.901 | INFO     | fastCARTA:build_cdmp_model:180 - Added 587000/724037 linking constraints...
2024-12-16 18:41:31.940 | INFO     | fastCARTA:build_cdmp_model:180 - Added 588000/724037 linking constraints...
2024-12-16 18:41:31.976 | INFO     | fastCARTA:build_cdmp_model:180 - Added 589000/724037 linking constraints...
2024-12-16 18:41:32.011 | INFO     | fastCARTA:build_cdmp_model:180 - Added 590000/724037 linking constraints...
2024-12-16 18:41:32.047 | INFO     | fastCARTA:build_cdmp_model:180 - Added 591000/724037 linking constraints...
2024-12-16 18:41:32.085 | INFO     | fastCARTA:build_cdmp_model:180 - Added 592000/724037 linking constraints...
2024-12-16 18:41:32.116 | INFO     | fastCARTA:build_cdmp_model:180 - Added 593000/724037 linking constraints...
2024-12-16 18:41:32.148 | INFO     | fastCARTA:build_cdmp_model:180 - Added 594000/724037 linking constraints...
2024-12-16 18:41:32.179 | INFO     | fastCARTA:build_cdmp_model:180 - Added 595000/724037 linking constraints...
2024-12-16 18:41:32.224 | INFO     | fastCARTA:build_cdmp_model:180 - Added 596000/724037 linking constraints...
2024-12-16 18:41:32.269 | INFO     | fastCARTA:build_cdmp_model:180 - Added 597000/724037 linking constraints...
2024-12-16 18:41:32.304 | INFO     | fastCARTA:build_cdmp_model:180 - Added 598000/724037 linking constraints...
2024-12-16 18:41:32.332 | INFO     | fastCARTA:build_cdmp_model:180 - Added 599000/724037 linking constraints...
2024-12-16 18:41:32.371 | INFO     | fastCARTA:build_cdmp_model:180 - Added 600000/724037 linking constraints...
2024-12-16 18:41:32.408 | INFO     | fastCARTA:build_cdmp_model:180 - Added 601000/724037 linking constraints...
2024-12-16 18:41:32.446 | INFO     | fastCARTA:build_cdmp_model:180 - Added 602000/724037 linking constraints...
2024-12-16 18:41:32.480 | INFO     | fastCARTA:build_cdmp_model:180 - Added 603000/724037 linking constraints...
2024-12-16 18:41:32.511 | INFO     | fastCARTA:build_cdmp_model:180 - Added 604000/724037 linking constraints...
2024-12-16 18:41:32.549 | INFO     | fastCARTA:build_cdmp_model:180 - Added 605000/724037 linking constraints...
2024-12-16 18:41:32.581 | INFO     | fastCARTA:build_cdmp_model:180 - Added 606000/724037 linking constraints...
2024-12-16 18:41:32.615 | INFO     | fastCARTA:build_cdmp_model:180 - Added 607000/724037 linking constraints...
2024-12-16 18:41:32.649 | INFO     | fastCARTA:build_cdmp_model:180 - Added 608000/724037 linking constraints...
2024-12-16 18:41:32.686 | INFO     | fastCARTA:build_cdmp_model:180 - Added 609000/724037 linking constraints...
2024-12-16 18:41:32.722 | INFO     | fastCARTA:build_cdmp_model:180 - Added 610000/724037 linking constraints...
2024-12-16 18:41:32.756 | INFO     | fastCARTA:build_cdmp_model:180 - Added 611000/724037 linking constraints...
2024-12-16 18:41:32.787 | INFO     | fastCARTA:build_cdmp_model:180 - Added 612000/724037 linking constraints...
2024-12-16 18:41:32.819 | INFO     | fastCARTA:build_cdmp_model:180 - Added 613000/724037 linking constraints...
2024-12-16 18:41:32.856 | INFO     | fastCARTA:build_cdmp_model:180 - Added 614000/724037 linking constraints...
2024-12-16 18:41:32.898 | INFO     | fastCARTA:build_cdmp_model:180 - Added 615000/724037 linking constraints...
2024-12-16 18:41:32.931 | INFO     | fastCARTA:build_cdmp_model:180 - Added 616000/724037 linking constraints...
2024-12-16 18:41:32.962 | INFO     | fastCARTA:build_cdmp_model:180 - Added 617000/724037 linking constraints...
2024-12-16 18:41:32.994 | INFO     | fastCARTA:build_cdmp_model:180 - Added 618000/724037 linking constraints...
2024-12-16 18:41:33.029 | INFO     | fastCARTA:build_cdmp_model:180 - Added 619000/724037 linking constraints...
2024-12-16 18:41:33.061 | INFO     | fastCARTA:build_cdmp_model:180 - Added 620000/724037 linking constraints...
2024-12-16 18:41:34.138 | INFO     | fastCARTA:build_cdmp_model:180 - Added 621000/724037 linking constraints...
2024-12-16 18:41:34.171 | INFO     | fastCARTA:build_cdmp_model:180 - Added 622000/724037 linking constraints...
2024-12-16 18:41:34.210 | INFO     | fastCARTA:build_cdmp_model:180 - Added 623000/724037 linking constraints...
2024-12-16 18:41:34.257 | INFO     | fastCARTA:build_cdmp_model:180 - Added 624000/724037 linking constraints...
2024-12-16 18:41:34.301 | INFO     | fastCARTA:build_cdmp_model:180 - Added 625000/724037 linking constraints...
2024-12-16 18:41:34.335 | INFO     | fastCARTA:build_cdmp_model:180 - Added 626000/724037 linking constraints...
2024-12-16 18:41:34.376 | INFO     | fastCARTA:build_cdmp_model:180 - Added 627000/724037 linking constraints...
2024-12-16 18:41:34.427 | INFO     | fastCARTA:build_cdmp_model:180 - Added 628000/724037 linking constraints...
2024-12-16 18:41:34.470 | INFO     | fastCARTA:build_cdmp_model:180 - Added 629000/724037 linking constraints...
2024-12-16 18:41:34.504 | INFO     | fastCARTA:build_cdmp_model:180 - Added 630000/724037 linking constraints...
2024-12-16 18:41:34.550 | INFO     | fastCARTA:build_cdmp_model:180 - Added 631000/724037 linking constraints...
2024-12-16 18:41:34.600 | INFO     | fastCARTA:build_cdmp_model:180 - Added 632000/724037 linking constraints...
2024-12-16 18:41:34.642 | INFO     | fastCARTA:build_cdmp_model:180 - Added 633000/724037 linking constraints...
2024-12-16 18:41:34.688 | INFO     | fastCARTA:build_cdmp_model:180 - Added 634000/724037 linking constraints...
2024-12-16 18:41:34.722 | INFO     | fastCARTA:build_cdmp_model:180 - Added 635000/724037 linking constraints...
2024-12-16 18:41:34.753 | INFO     | fastCARTA:build_cdmp_model:180 - Added 636000/724037 linking constraints...
2024-12-16 18:41:34.784 | INFO     | fastCARTA:build_cdmp_model:180 - Added 637000/724037 linking constraints...
2024-12-16 18:41:34.817 | INFO     | fastCARTA:build_cdmp_model:180 - Added 638000/724037 linking constraints...
2024-12-16 18:41:34.851 | INFO     | fastCARTA:build_cdmp_model:180 - Added 639000/724037 linking constraints...
2024-12-16 18:41:34.891 | INFO     | fastCARTA:build_cdmp_model:180 - Added 640000/724037 linking constraints...
2024-12-16 18:41:34.942 | INFO     | fastCARTA:build_cdmp_model:180 - Added 641000/724037 linking constraints...
2024-12-16 18:41:34.981 | INFO     | fastCARTA:build_cdmp_model:180 - Added 642000/724037 linking constraints...
2024-12-16 18:41:35.021 | INFO     | fastCARTA:build_cdmp_model:180 - Added 643000/724037 linking constraints...
2024-12-16 18:41:35.066 | INFO     | fastCARTA:build_cdmp_model:180 - Added 644000/724037 linking constraints...
2024-12-16 18:41:35.116 | INFO     | fastCARTA:build_cdmp_model:180 - Added 645000/724037 linking constraints...
2024-12-16 18:41:35.154 | INFO     | fastCARTA:build_cdmp_model:180 - Added 646000/724037 linking constraints...
2024-12-16 18:41:35.191 | INFO     | fastCARTA:build_cdmp_model:180 - Added 647000/724037 linking constraints...
2024-12-16 18:41:35.236 | INFO     | fastCARTA:build_cdmp_model:180 - Added 648000/724037 linking constraints...
2024-12-16 18:41:35.285 | INFO     | fastCARTA:build_cdmp_model:180 - Added 649000/724037 linking constraints...
2024-12-16 18:41:35.322 | INFO     | fastCARTA:build_cdmp_model:180 - Added 650000/724037 linking constraints...
2024-12-16 18:41:35.360 | INFO     | fastCARTA:build_cdmp_model:180 - Added 651000/724037 linking constraints...
2024-12-16 18:41:35.404 | INFO     | fastCARTA:build_cdmp_model:180 - Added 652000/724037 linking constraints...
2024-12-16 18:41:35.449 | INFO     | fastCARTA:build_cdmp_model:180 - Added 653000/724037 linking constraints...
2024-12-16 18:41:35.491 | INFO     | fastCARTA:build_cdmp_model:180 - Added 654000/724037 linking constraints...
2024-12-16 18:41:35.536 | INFO     | fastCARTA:build_cdmp_model:180 - Added 655000/724037 linking constraints...
2024-12-16 18:41:35.578 | INFO     | fastCARTA:build_cdmp_model:180 - Added 656000/724037 linking constraints...
2024-12-16 18:41:35.609 | INFO     | fastCARTA:build_cdmp_model:180 - Added 657000/724037 linking constraints...
2024-12-16 18:41:35.640 | INFO     | fastCARTA:build_cdmp_model:180 - Added 658000/724037 linking constraints...
2024-12-16 18:41:35.671 | INFO     | fastCARTA:build_cdmp_model:180 - Added 659000/724037 linking constraints...
2024-12-16 18:41:35.704 | INFO     | fastCARTA:build_cdmp_model:180 - Added 660000/724037 linking constraints...
2024-12-16 18:41:35.738 | INFO     | fastCARTA:build_cdmp_model:180 - Added 661000/724037 linking constraints...
2024-12-16 18:41:35.778 | INFO     | fastCARTA:build_cdmp_model:180 - Added 662000/724037 linking constraints...
2024-12-16 18:41:35.828 | INFO     | fastCARTA:build_cdmp_model:180 - Added 663000/724037 linking constraints...
2024-12-16 18:41:35.868 | INFO     | fastCARTA:build_cdmp_model:180 - Added 664000/724037 linking constraints...
2024-12-16 18:41:35.905 | INFO     | fastCARTA:build_cdmp_model:180 - Added 665000/724037 linking constraints...
2024-12-16 18:41:35.948 | INFO     | fastCARTA:build_cdmp_model:180 - Added 666000/724037 linking constraints...
2024-12-16 18:41:36.000 | INFO     | fastCARTA:build_cdmp_model:180 - Added 667000/724037 linking constraints...
2024-12-16 18:41:36.036 | INFO     | fastCARTA:build_cdmp_model:180 - Added 668000/724037 linking constraints...
2024-12-16 18:41:36.074 | INFO     | fastCARTA:build_cdmp_model:180 - Added 669000/724037 linking constraints...
2024-12-16 18:41:36.120 | INFO     | fastCARTA:build_cdmp_model:180 - Added 670000/724037 linking constraints...
2024-12-16 18:41:36.169 | INFO     | fastCARTA:build_cdmp_model:180 - Added 671000/724037 linking constraints...
2024-12-16 18:41:36.212 | INFO     | fastCARTA:build_cdmp_model:180 - Added 672000/724037 linking constraints...
2024-12-16 18:41:36.258 | INFO     | fastCARTA:build_cdmp_model:180 - Added 673000/724037 linking constraints...
2024-12-16 18:41:36.291 | INFO     | fastCARTA:build_cdmp_model:180 - Added 674000/724037 linking constraints...
2024-12-16 18:41:36.322 | INFO     | fastCARTA:build_cdmp_model:180 - Added 675000/724037 linking constraints...
2024-12-16 18:41:36.353 | INFO     | fastCARTA:build_cdmp_model:180 - Added 676000/724037 linking constraints...
2024-12-16 18:41:36.387 | INFO     | fastCARTA:build_cdmp_model:180 - Added 677000/724037 linking constraints...
2024-12-16 18:41:36.430 | INFO     | fastCARTA:build_cdmp_model:180 - Added 678000/724037 linking constraints...
2024-12-16 18:41:36.520 | INFO     | fastCARTA:build_cdmp_model:180 - Added 679000/724037 linking constraints...
2024-12-16 18:41:36.586 | INFO     | fastCARTA:build_cdmp_model:180 - Added 680000/724037 linking constraints...
2024-12-16 18:41:36.653 | INFO     | fastCARTA:build_cdmp_model:180 - Added 681000/724037 linking constraints...
2024-12-16 18:41:36.688 | INFO     | fastCARTA:build_cdmp_model:180 - Added 682000/724037 linking constraints...
2024-12-16 18:41:36.720 | INFO     | fastCARTA:build_cdmp_model:180 - Added 683000/724037 linking constraints...
2024-12-16 18:41:36.752 | INFO     | fastCARTA:build_cdmp_model:180 - Added 684000/724037 linking constraints...
2024-12-16 18:41:36.789 | INFO     | fastCARTA:build_cdmp_model:180 - Added 685000/724037 linking constraints...
2024-12-16 18:41:36.820 | INFO     | fastCARTA:build_cdmp_model:180 - Added 686000/724037 linking constraints...
2024-12-16 18:41:36.850 | INFO     | fastCARTA:build_cdmp_model:180 - Added 687000/724037 linking constraints...
2024-12-16 18:41:36.881 | INFO     | fastCARTA:build_cdmp_model:180 - Added 688000/724037 linking constraints...
2024-12-16 18:41:36.912 | INFO     | fastCARTA:build_cdmp_model:180 - Added 689000/724037 linking constraints...
2024-12-16 18:41:36.943 | INFO     | fastCARTA:build_cdmp_model:180 - Added 690000/724037 linking constraints...
2024-12-16 18:41:36.974 | INFO     | fastCARTA:build_cdmp_model:180 - Added 691000/724037 linking constraints...
2024-12-16 18:41:37.006 | INFO     | fastCARTA:build_cdmp_model:180 - Added 692000/724037 linking constraints...
2024-12-16 18:41:37.037 | INFO     | fastCARTA:build_cdmp_model:180 - Added 693000/724037 linking constraints...
2024-12-16 18:41:37.068 | INFO     | fastCARTA:build_cdmp_model:180 - Added 694000/724037 linking constraints...
2024-12-16 18:41:37.099 | INFO     | fastCARTA:build_cdmp_model:180 - Added 695000/724037 linking constraints...
2024-12-16 18:41:37.130 | INFO     | fastCARTA:build_cdmp_model:180 - Added 696000/724037 linking constraints...
2024-12-16 18:41:37.161 | INFO     | fastCARTA:build_cdmp_model:180 - Added 697000/724037 linking constraints...
2024-12-16 18:41:37.192 | INFO     | fastCARTA:build_cdmp_model:180 - Added 698000/724037 linking constraints...
2024-12-16 18:41:37.223 | INFO     | fastCARTA:build_cdmp_model:180 - Added 699000/724037 linking constraints...
2024-12-16 18:41:37.255 | INFO     | fastCARTA:build_cdmp_model:180 - Added 700000/724037 linking constraints...
2024-12-16 18:41:37.291 | INFO     | fastCARTA:build_cdmp_model:180 - Added 701000/724037 linking constraints...
2024-12-16 18:41:37.323 | INFO     | fastCARTA:build_cdmp_model:180 - Added 702000/724037 linking constraints...
2024-12-16 18:41:37.353 | INFO     | fastCARTA:build_cdmp_model:180 - Added 703000/724037 linking constraints...
2024-12-16 18:41:37.384 | INFO     | fastCARTA:build_cdmp_model:180 - Added 704000/724037 linking constraints...
2024-12-16 18:41:37.416 | INFO     | fastCARTA:build_cdmp_model:180 - Added 705000/724037 linking constraints...
2024-12-16 18:41:37.448 | INFO     | fastCARTA:build_cdmp_model:180 - Added 706000/724037 linking constraints...
2024-12-16 18:41:37.497 | INFO     | fastCARTA:build_cdmp_model:180 - Added 707000/724037 linking constraints...
2024-12-16 18:41:37.563 | INFO     | fastCARTA:build_cdmp_model:180 - Added 708000/724037 linking constraints...
2024-12-16 18:41:37.604 | INFO     | fastCARTA:build_cdmp_model:180 - Added 709000/724037 linking constraints...
2024-12-16 18:41:37.636 | INFO     | fastCARTA:build_cdmp_model:180 - Added 710000/724037 linking constraints...
2024-12-16 18:41:37.685 | INFO     | fastCARTA:build_cdmp_model:180 - Added 711000/724037 linking constraints...
2024-12-16 18:41:37.741 | INFO     | fastCARTA:build_cdmp_model:180 - Added 712000/724037 linking constraints...
2024-12-16 18:41:37.772 | INFO     | fastCARTA:build_cdmp_model:180 - Added 713000/724037 linking constraints...
2024-12-16 18:41:37.809 | INFO     | fastCARTA:build_cdmp_model:180 - Added 714000/724037 linking constraints...
2024-12-16 18:41:37.842 | INFO     | fastCARTA:build_cdmp_model:180 - Added 715000/724037 linking constraints...
2024-12-16 18:41:37.874 | INFO     | fastCARTA:build_cdmp_model:180 - Added 716000/724037 linking constraints...
2024-12-16 18:41:37.905 | INFO     | fastCARTA:build_cdmp_model:180 - Added 717000/724037 linking constraints...
2024-12-16 18:41:37.935 | INFO     | fastCARTA:build_cdmp_model:180 - Added 718000/724037 linking constraints...
2024-12-16 18:41:37.966 | INFO     | fastCARTA:build_cdmp_model:180 - Added 719000/724037 linking constraints...
2024-12-16 18:41:37.998 | INFO     | fastCARTA:build_cdmp_model:180 - Added 720000/724037 linking constraints...
2024-12-16 18:41:38.046 | INFO     | fastCARTA:build_cdmp_model:180 - Added 721000/724037 linking constraints...
2024-12-16 18:41:38.078 | INFO     | fastCARTA:build_cdmp_model:180 - Added 722000/724037 linking constraints...
2024-12-16 18:41:38.136 | INFO     | fastCARTA:build_cdmp_model:180 - Added 723000/724037 linking constraints...
2024-12-16 18:41:38.184 | INFO     | fastCARTA:build_cdmp_model:180 - Added 724000/724037 linking constraints...
2024-12-16 18:41:42.308 | INFO     | __main__:<module>:89 - Solving for k = 1 ...
2024-12-16 18:41:42.308 | INFO     | __main__:<module>:96 - Solving model using Gurobi...
2024-12-16 18:41:52.350 | INFO     | __main__:<module>:103 - Writing output files...
2024-12-16 18:41:57.226 | INFO     | __main__:<module>:89 - Solving for k = 2 ...
2024-12-16 18:41:57.226 | INFO     | __main__:<module>:96 - Solving model using Gurobi...
2024-12-16 18:48:04.713 | INFO     | __main__:<module>:103 - Writing output files...
2024-12-16 18:48:09.265 | INFO     | __main__:<module>:89 - Solving for k = 3 ...
2024-12-16 18:48:09.266 | INFO     | __main__:<module>:96 - Solving model using Gurobi...
2024-12-16 18:50:32.330 | INFO     | __main__:<module>:103 - Writing output files...
2024-12-16 18:50:36.808 | INFO     | __main__:<module>:89 - Solving for k = 4 ...
2024-12-16 18:50:36.809 | INFO     | __main__:<module>:96 - Solving model using Gurobi...
2024-12-16 18:52:08.604 | INFO     | __main__:<module>:103 - Writing output files...
2024-12-16 18:52:13.148 | INFO     | __main__:<module>:89 - Solving for k = 5 ...
2024-12-16 18:52:13.149 | INFO     | __main__:<module>:96 - Solving model using Gurobi...
2024-12-16 18:54:10.737 | INFO     | __main__:<module>:103 - Writing output files...
2024-12-16 18:54:15.219 | INFO     | __main__:<module>:89 - Solving for k = 6 ...
2024-12-16 18:54:15.220 | INFO     | __main__:<module>:96 - Solving model using Gurobi...
2024-12-16 18:56:00.847 | INFO     | __main__:<module>:103 - Writing output files...
2024-12-16 18:56:05.623 | INFO     | __main__:<module>:89 - Solving for k = 7 ...
2024-12-16 18:56:05.624 | INFO     | __main__:<module>:96 - Solving model using Gurobi...
2024-12-16 19:00:17.752 | INFO     | __main__:<module>:103 - Writing output files...
2024-12-16 19:00:21.289 | INFO     | __main__:<module>:89 - Solving for k = 8 ...
2024-12-16 19:00:21.289 | INFO     | __main__:<module>:96 - Solving model using Gurobi...
2024-12-16 19:01:35.043 | INFO     | __main__:<module>:103 - Writing output files...
2024-12-16 19:01:39.442 | INFO     | __main__:<module>:89 - Solving for k = 9 ...
2024-12-16 19:01:39.442 | INFO     | __main__:<module>:96 - Solving model using Gurobi...
2024-12-16 19:02:56.009 | INFO     | __main__:<module>:103 - Writing output files...
2024-12-16 19:02:59.283 | INFO     | __main__:<module>:89 - Solving for k = 10 ...
2024-12-16 19:02:59.283 | INFO     | __main__:<module>:96 - Solving model using Gurobi...
2024-12-16 19:04:34.732 | INFO     | __main__:<module>:103 - Writing output files...
