2024-12-16 18:32:37.079 | INFO     | __main__:<module>:38 - Not Enforcing Tree
2024-12-16 18:32:37.608 | INFO     | __main__:<module>:59 - Dropping 0 leaves labeled by states {None}...
2024-12-16 18:32:37.608 | INFO     | __main__:<module>:67 - Building CDMP model...
2024-12-16 18:32:37.614 | INFO     | fastCARTA:build_cdmp_model:79 - Constructing LP model for cell differentiation mapping problem (CDMP)...
2024-12-16 18:32:43.487 | INFO     | fastCARTA:build_cdmp_model:122 - 6 cell states: {'PCGLC', 'NMPs', 'Endoderm', 'NeuralTube', 'Endothelial', 'Somite'}
2024-12-16 18:32:43.488 | INFO     | fastCARTA:build_cdmp_model:123 - 64 candidate progenitors.
2024-12-16 18:32:43.488 | INFO     | fastCARTA:build_cdmp_model:124 - Number of cells: 1971
2024-12-16 18:32:43.488 | INFO     | fastCARTA:build_cdmp_model:125 - Number of decision variables: 745642
2024-12-16 18:32:52.166 | INFO     | fastCARTA:build_cdmp_model:135 - Adding edge agreement constraints...
2024-12-16 18:32:52.167 | INFO     | fastCARTA:build_cdmp_model:140 - Added edge agreement constraints for 0/4398 edges...
2024-12-16 18:32:52.618 | INFO     | fastCARTA:build_cdmp_model:140 - Added edge agreement constraints for 50/4398 edges...
2024-12-16 18:32:52.867 | INFO     | fastCARTA:build_cdmp_model:140 - Added edge agreement constraints for 100/4398 edges...
2024-12-16 18:32:53.045 | INFO     | fastCARTA:build_cdmp_model:140 - Added edge agreement constraints for 150/4398 edges...
2024-12-16 18:32:53.214 | INFO     | fastCARTA:build_cdmp_model:140 - Added edge agreement constraints for 200/4398 edges...
2024-12-16 18:32:53.434 | INFO     | fastCARTA:build_cdmp_model:140 - Added edge agreement constraints for 250/4398 edges...
2024-12-16 18:32:53.625 | INFO     | fastCARTA:build_cdmp_model:140 - Added edge agreement constraints for 300/4398 edges...
2024-12-16 18:32:53.802 | INFO     | fastCARTA:build_cdmp_model:140 - Added edge agreement constraints for 350/4398 edges...
2024-12-16 18:32:53.945 | INFO     | fastCARTA:build_cdmp_model:140 - Added edge agreement constraints for 400/4398 edges...
2024-12-16 18:32:54.092 | INFO     | fastCARTA:build_cdmp_model:140 - Added edge agreement constraints for 450/4398 edges...
2024-12-16 18:32:54.238 | INFO     | fastCARTA:build_cdmp_model:140 - Added edge agreement constraints for 500/4398 edges...
2024-12-16 18:32:54.376 | INFO     | fastCARTA:build_cdmp_model:140 - Added edge agreement constraints for 550/4398 edges...
2024-12-16 18:32:54.540 | INFO     | fastCARTA:build_cdmp_model:140 - Added edge agreement constraints for 600/4398 edges...
2024-12-16 18:32:54.680 | INFO     | fastCARTA:build_cdmp_model:140 - Added edge agreement constraints for 650/4398 edges...
2024-12-16 18:32:54.804 | INFO     | fastCARTA:build_cdmp_model:140 - Added edge agreement constraints for 700/4398 edges...
2024-12-16 18:32:54.967 | INFO     | fastCARTA:build_cdmp_model:140 - Added edge agreement constraints for 750/4398 edges...
2024-12-16 18:32:55.738 | INFO     | fastCARTA:build_cdmp_model:140 - Added edge agreement constraints for 800/4398 edges...
2024-12-16 18:32:55.844 | INFO     | fastCARTA:build_cdmp_model:140 - Added edge agreement constraints for 850/4398 edges...
2024-12-16 18:32:55.942 | INFO     | fastCARTA:build_cdmp_model:140 - Added edge agreement constraints for 900/4398 edges...
2024-12-16 18:32:55.991 | INFO     | fastCARTA:build_cdmp_model:140 - Added edge agreement constraints for 950/4398 edges...
2024-12-16 18:32:56.052 | INFO     | fastCARTA:build_cdmp_model:140 - Added edge agreement constraints for 1000/4398 edges...
2024-12-16 18:32:56.118 | INFO     | fastCARTA:build_cdmp_model:140 - Added edge agreement constraints for 1050/4398 edges...
2024-12-16 18:32:56.219 | INFO     | fastCARTA:build_cdmp_model:140 - Added edge agreement constraints for 1100/4398 edges...
2024-12-16 18:32:56.292 | INFO     | fastCARTA:build_cdmp_model:140 - Added edge agreement constraints for 1150/4398 edges...
2024-12-16 18:32:56.343 | INFO     | fastCARTA:build_cdmp_model:140 - Added edge agreement constraints for 1200/4398 edges...
2024-12-16 18:32:56.403 | INFO     | fastCARTA:build_cdmp_model:140 - Added edge agreement constraints for 1250/4398 edges...
2024-12-16 18:32:56.482 | INFO     | fastCARTA:build_cdmp_model:140 - Added edge agreement constraints for 1300/4398 edges...
2024-12-16 18:32:56.548 | INFO     | fastCARTA:build_cdmp_model:140 - Added edge agreement constraints for 1350/4398 edges...
2024-12-16 18:32:56.612 | INFO     | fastCARTA:build_cdmp_model:140 - Added edge agreement constraints for 1400/4398 edges...
2024-12-16 18:32:56.675 | INFO     | fastCARTA:build_cdmp_model:140 - Added edge agreement constraints for 1450/4398 edges...
2024-12-16 18:32:56.741 | INFO     | fastCARTA:build_cdmp_model:140 - Added edge agreement constraints for 1500/4398 edges...
2024-12-16 18:32:56.794 | INFO     | fastCARTA:build_cdmp_model:140 - Added edge agreement constraints for 1550/4398 edges...
2024-12-16 18:32:56.874 | INFO     | fastCARTA:build_cdmp_model:140 - Added edge agreement constraints for 1600/4398 edges...
2024-12-16 18:32:56.939 | INFO     | fastCARTA:build_cdmp_model:140 - Added edge agreement constraints for 1650/4398 edges...
2024-12-16 18:32:57.013 | INFO     | fastCARTA:build_cdmp_model:140 - Added edge agreement constraints for 1700/4398 edges...
2024-12-16 18:32:57.013 | INFO     | fastCARTA:build_cdmp_model:140 - Added edge agreement constraints for 1750/4398 edges...
2024-12-16 18:32:57.071 | INFO     | fastCARTA:build_cdmp_model:140 - Added edge agreement constraints for 1800/4398 edges...
2024-12-16 18:32:57.123 | INFO     | fastCARTA:build_cdmp_model:140 - Added edge agreement constraints for 1850/4398 edges...
2024-12-16 18:32:57.224 | INFO     | fastCARTA:build_cdmp_model:140 - Added edge agreement constraints for 1900/4398 edges...
2024-12-16 18:32:57.269 | INFO     | fastCARTA:build_cdmp_model:140 - Added edge agreement constraints for 1950/4398 edges...
2024-12-16 18:32:57.303 | INFO     | fastCARTA:build_cdmp_model:140 - Added edge agreement constraints for 2000/4398 edges...
2024-12-16 18:32:57.326 | INFO     | fastCARTA:build_cdmp_model:140 - Added edge agreement constraints for 2050/4398 edges...
2024-12-16 18:32:57.337 | INFO     | fastCARTA:build_cdmp_model:140 - Added edge agreement constraints for 2100/4398 edges...
2024-12-16 18:32:57.394 | INFO     | fastCARTA:build_cdmp_model:140 - Added edge agreement constraints for 2150/4398 edges...
2024-12-16 18:32:57.439 | INFO     | fastCARTA:build_cdmp_model:140 - Added edge agreement constraints for 2200/4398 edges...
2024-12-16 18:32:57.505 | INFO     | fastCARTA:build_cdmp_model:140 - Added edge agreement constraints for 2250/4398 edges...
2024-12-16 18:32:57.565 | INFO     | fastCARTA:build_cdmp_model:140 - Added edge agreement constraints for 2300/4398 edges...
2024-12-16 18:32:57.610 | INFO     | fastCARTA:build_cdmp_model:140 - Added edge agreement constraints for 2350/4398 edges...
2024-12-16 18:32:57.665 | INFO     | fastCARTA:build_cdmp_model:140 - Added edge agreement constraints for 2400/4398 edges...
2024-12-16 18:32:57.718 | INFO     | fastCARTA:build_cdmp_model:140 - Added edge agreement constraints for 2450/4398 edges...
2024-12-16 18:32:57.798 | INFO     | fastCARTA:build_cdmp_model:140 - Added edge agreement constraints for 2500/4398 edges...
2024-12-16 18:32:57.823 | INFO     | fastCARTA:build_cdmp_model:140 - Added edge agreement constraints for 2550/4398 edges...
2024-12-16 18:32:57.859 | INFO     | fastCARTA:build_cdmp_model:140 - Added edge agreement constraints for 2600/4398 edges...
2024-12-16 18:32:57.895 | INFO     | fastCARTA:build_cdmp_model:140 - Added edge agreement constraints for 2650/4398 edges...
2024-12-16 18:32:57.936 | INFO     | fastCARTA:build_cdmp_model:140 - Added edge agreement constraints for 2700/4398 edges...
2024-12-16 18:32:58.013 | INFO     | fastCARTA:build_cdmp_model:140 - Added edge agreement constraints for 2750/4398 edges...
2024-12-16 18:32:58.021 | INFO     | fastCARTA:build_cdmp_model:140 - Added edge agreement constraints for 2800/4398 edges...
2024-12-16 18:32:58.082 | INFO     | fastCARTA:build_cdmp_model:140 - Added edge agreement constraints for 2850/4398 edges...
2024-12-16 18:32:58.123 | INFO     | fastCARTA:build_cdmp_model:140 - Added edge agreement constraints for 2900/4398 edges...
2024-12-16 18:32:58.159 | INFO     | fastCARTA:build_cdmp_model:140 - Added edge agreement constraints for 2950/4398 edges...
2024-12-16 18:32:58.201 | INFO     | fastCARTA:build_cdmp_model:140 - Added edge agreement constraints for 3000/4398 edges...
2024-12-16 18:32:58.254 | INFO     | fastCARTA:build_cdmp_model:140 - Added edge agreement constraints for 3050/4398 edges...
2024-12-16 18:32:58.285 | INFO     | fastCARTA:build_cdmp_model:140 - Added edge agreement constraints for 3100/4398 edges...
2024-12-16 18:32:58.331 | INFO     | fastCARTA:build_cdmp_model:140 - Added edge agreement constraints for 3150/4398 edges...
2024-12-16 18:32:58.390 | INFO     | fastCARTA:build_cdmp_model:140 - Added edge agreement constraints for 3200/4398 edges...
2024-12-16 18:32:58.444 | INFO     | fastCARTA:build_cdmp_model:140 - Added edge agreement constraints for 3250/4398 edges...
2024-12-16 18:32:58.489 | INFO     | fastCARTA:build_cdmp_model:140 - Added edge agreement constraints for 3300/4398 edges...
2024-12-16 18:32:58.529 | INFO     | fastCARTA:build_cdmp_model:140 - Added edge agreement constraints for 3350/4398 edges...
2024-12-16 18:32:58.581 | INFO     | fastCARTA:build_cdmp_model:140 - Added edge agreement constraints for 3400/4398 edges...
2024-12-16 18:32:58.629 | INFO     | fastCARTA:build_cdmp_model:140 - Added edge agreement constraints for 3450/4398 edges...
2024-12-16 18:32:58.679 | INFO     | fastCARTA:build_cdmp_model:140 - Added edge agreement constraints for 3500/4398 edges...
2024-12-16 18:32:58.710 | INFO     | fastCARTA:build_cdmp_model:140 - Added edge agreement constraints for 3550/4398 edges...
2024-12-16 18:32:59.265 | INFO     | fastCARTA:build_cdmp_model:140 - Added edge agreement constraints for 3600/4398 edges...
2024-12-16 18:32:59.303 | INFO     | fastCARTA:build_cdmp_model:140 - Added edge agreement constraints for 3650/4398 edges...
2024-12-16 18:32:59.348 | INFO     | fastCARTA:build_cdmp_model:140 - Added edge agreement constraints for 3700/4398 edges...
2024-12-16 18:32:59.382 | INFO     | fastCARTA:build_cdmp_model:140 - Added edge agreement constraints for 3750/4398 edges...
2024-12-16 18:32:59.420 | INFO     | fastCARTA:build_cdmp_model:140 - Added edge agreement constraints for 3800/4398 edges...
2024-12-16 18:32:59.473 | INFO     | fastCARTA:build_cdmp_model:140 - Added edge agreement constraints for 3850/4398 edges...
2024-12-16 18:32:59.515 | INFO     | fastCARTA:build_cdmp_model:140 - Added edge agreement constraints for 3900/4398 edges...
2024-12-16 18:32:59.547 | INFO     | fastCARTA:build_cdmp_model:140 - Added edge agreement constraints for 3950/4398 edges...
2024-12-16 18:32:59.579 | INFO     | fastCARTA:build_cdmp_model:140 - Added edge agreement constraints for 4000/4398 edges...
2024-12-16 18:32:59.599 | INFO     | fastCARTA:build_cdmp_model:140 - Added edge agreement constraints for 4050/4398 edges...
2024-12-16 18:32:59.634 | INFO     | fastCARTA:build_cdmp_model:140 - Added edge agreement constraints for 4100/4398 edges...
2024-12-16 18:32:59.676 | INFO     | fastCARTA:build_cdmp_model:140 - Added edge agreement constraints for 4150/4398 edges...
2024-12-16 18:32:59.705 | INFO     | fastCARTA:build_cdmp_model:140 - Added edge agreement constraints for 4200/4398 edges...
2024-12-16 18:32:59.722 | INFO     | fastCARTA:build_cdmp_model:140 - Added edge agreement constraints for 4250/4398 edges...
2024-12-16 18:32:59.751 | INFO     | fastCARTA:build_cdmp_model:140 - Added edge agreement constraints for 4300/4398 edges...
2024-12-16 18:32:59.785 | INFO     | fastCARTA:build_cdmp_model:140 - Added edge agreement constraints for 4350/4398 edges...
2024-12-16 18:33:02.416 | INFO     | fastCARTA:build_cdmp_model:172 - Adding linking constraints...
2024-12-16 18:33:02.428 | INFO     | fastCARTA:build_cdmp_model:180 - Added 0/745578 linking constraints...
2024-12-16 18:33:02.446 | INFO     | fastCARTA:build_cdmp_model:180 - Added 1000/745578 linking constraints...
2024-12-16 18:33:02.464 | INFO     | fastCARTA:build_cdmp_model:180 - Added 2000/745578 linking constraints...
2024-12-16 18:33:02.482 | INFO     | fastCARTA:build_cdmp_model:180 - Added 3000/745578 linking constraints...
2024-12-16 18:33:02.500 | INFO     | fastCARTA:build_cdmp_model:180 - Added 4000/745578 linking constraints...
2024-12-16 18:33:02.518 | INFO     | fastCARTA:build_cdmp_model:180 - Added 5000/745578 linking constraints...
2024-12-16 18:33:02.537 | INFO     | fastCARTA:build_cdmp_model:180 - Added 6000/745578 linking constraints...
2024-12-16 18:33:02.554 | INFO     | fastCARTA:build_cdmp_model:180 - Added 7000/745578 linking constraints...
2024-12-16 18:33:02.573 | INFO     | fastCARTA:build_cdmp_model:180 - Added 8000/745578 linking constraints...
2024-12-16 18:33:02.591 | INFO     | fastCARTA:build_cdmp_model:180 - Added 9000/745578 linking constraints...
2024-12-16 18:33:02.609 | INFO     | fastCARTA:build_cdmp_model:180 - Added 10000/745578 linking constraints...
2024-12-16 18:33:02.627 | INFO     | fastCARTA:build_cdmp_model:180 - Added 11000/745578 linking constraints...
2024-12-16 18:33:02.645 | INFO     | fastCARTA:build_cdmp_model:180 - Added 12000/745578 linking constraints...
2024-12-16 18:33:02.663 | INFO     | fastCARTA:build_cdmp_model:180 - Added 13000/745578 linking constraints...
2024-12-16 18:33:02.681 | INFO     | fastCARTA:build_cdmp_model:180 - Added 14000/745578 linking constraints...
2024-12-16 18:33:02.699 | INFO     | fastCARTA:build_cdmp_model:180 - Added 15000/745578 linking constraints...
2024-12-16 18:33:02.717 | INFO     | fastCARTA:build_cdmp_model:180 - Added 16000/745578 linking constraints...
2024-12-16 18:33:02.735 | INFO     | fastCARTA:build_cdmp_model:180 - Added 17000/745578 linking constraints...
2024-12-16 18:33:02.753 | INFO     | fastCARTA:build_cdmp_model:180 - Added 18000/745578 linking constraints...
2024-12-16 18:33:02.770 | INFO     | fastCARTA:build_cdmp_model:180 - Added 19000/745578 linking constraints...
2024-12-16 18:33:02.788 | INFO     | fastCARTA:build_cdmp_model:180 - Added 20000/745578 linking constraints...
2024-12-16 18:33:02.809 | INFO     | fastCARTA:build_cdmp_model:180 - Added 21000/745578 linking constraints...
2024-12-16 18:33:02.827 | INFO     | fastCARTA:build_cdmp_model:180 - Added 22000/745578 linking constraints...
2024-12-16 18:33:02.844 | INFO     | fastCARTA:build_cdmp_model:180 - Added 23000/745578 linking constraints...
2024-12-16 18:33:02.863 | INFO     | fastCARTA:build_cdmp_model:180 - Added 24000/745578 linking constraints...
2024-12-16 18:33:02.880 | INFO     | fastCARTA:build_cdmp_model:180 - Added 25000/745578 linking constraints...
2024-12-16 18:33:02.898 | INFO     | fastCARTA:build_cdmp_model:180 - Added 26000/745578 linking constraints...
2024-12-16 18:33:02.917 | INFO     | fastCARTA:build_cdmp_model:180 - Added 27000/745578 linking constraints...
2024-12-16 18:33:02.935 | INFO     | fastCARTA:build_cdmp_model:180 - Added 28000/745578 linking constraints...
2024-12-16 18:33:02.953 | INFO     | fastCARTA:build_cdmp_model:180 - Added 29000/745578 linking constraints...
2024-12-16 18:33:02.971 | INFO     | fastCARTA:build_cdmp_model:180 - Added 30000/745578 linking constraints...
2024-12-16 18:33:02.989 | INFO     | fastCARTA:build_cdmp_model:180 - Added 31000/745578 linking constraints...
2024-12-16 18:33:03.007 | INFO     | fastCARTA:build_cdmp_model:180 - Added 32000/745578 linking constraints...
2024-12-16 18:33:03.025 | INFO     | fastCARTA:build_cdmp_model:180 - Added 33000/745578 linking constraints...
2024-12-16 18:33:03.043 | INFO     | fastCARTA:build_cdmp_model:180 - Added 34000/745578 linking constraints...
2024-12-16 18:33:03.061 | INFO     | fastCARTA:build_cdmp_model:180 - Added 35000/745578 linking constraints...
2024-12-16 18:33:03.079 | INFO     | fastCARTA:build_cdmp_model:180 - Added 36000/745578 linking constraints...
2024-12-16 18:33:03.097 | INFO     | fastCARTA:build_cdmp_model:180 - Added 37000/745578 linking constraints...
2024-12-16 18:33:03.115 | INFO     | fastCARTA:build_cdmp_model:180 - Added 38000/745578 linking constraints...
2024-12-16 18:33:03.133 | INFO     | fastCARTA:build_cdmp_model:180 - Added 39000/745578 linking constraints...
2024-12-16 18:33:03.151 | INFO     | fastCARTA:build_cdmp_model:180 - Added 40000/745578 linking constraints...
2024-12-16 18:33:03.169 | INFO     | fastCARTA:build_cdmp_model:180 - Added 41000/745578 linking constraints...
2024-12-16 18:33:03.187 | INFO     | fastCARTA:build_cdmp_model:180 - Added 42000/745578 linking constraints...
2024-12-16 18:33:03.205 | INFO     | fastCARTA:build_cdmp_model:180 - Added 43000/745578 linking constraints...
2024-12-16 18:33:03.223 | INFO     | fastCARTA:build_cdmp_model:180 - Added 44000/745578 linking constraints...
2024-12-16 18:33:03.241 | INFO     | fastCARTA:build_cdmp_model:180 - Added 45000/745578 linking constraints...
2024-12-16 18:33:03.259 | INFO     | fastCARTA:build_cdmp_model:180 - Added 46000/745578 linking constraints...
2024-12-16 18:33:03.276 | INFO     | fastCARTA:build_cdmp_model:180 - Added 47000/745578 linking constraints...
2024-12-16 18:33:03.294 | INFO     | fastCARTA:build_cdmp_model:180 - Added 48000/745578 linking constraints...
2024-12-16 18:33:03.312 | INFO     | fastCARTA:build_cdmp_model:180 - Added 49000/745578 linking constraints...
2024-12-16 18:33:03.330 | INFO     | fastCARTA:build_cdmp_model:180 - Added 50000/745578 linking constraints...
2024-12-16 18:33:03.348 | INFO     | fastCARTA:build_cdmp_model:180 - Added 51000/745578 linking constraints...
2024-12-16 18:33:03.366 | INFO     | fastCARTA:build_cdmp_model:180 - Added 52000/745578 linking constraints...
2024-12-16 18:33:03.384 | INFO     | fastCARTA:build_cdmp_model:180 - Added 53000/745578 linking constraints...
2024-12-16 18:33:03.402 | INFO     | fastCARTA:build_cdmp_model:180 - Added 54000/745578 linking constraints...
2024-12-16 18:33:03.420 | INFO     | fastCARTA:build_cdmp_model:180 - Added 55000/745578 linking constraints...
2024-12-16 18:33:04.014 | INFO     | fastCARTA:build_cdmp_model:180 - Added 56000/745578 linking constraints...
2024-12-16 18:33:04.032 | INFO     | fastCARTA:build_cdmp_model:180 - Added 57000/745578 linking constraints...
2024-12-16 18:33:04.050 | INFO     | fastCARTA:build_cdmp_model:180 - Added 58000/745578 linking constraints...
2024-12-16 18:33:04.068 | INFO     | fastCARTA:build_cdmp_model:180 - Added 59000/745578 linking constraints...
2024-12-16 18:33:04.086 | INFO     | fastCARTA:build_cdmp_model:180 - Added 60000/745578 linking constraints...
2024-12-16 18:33:04.104 | INFO     | fastCARTA:build_cdmp_model:180 - Added 61000/745578 linking constraints...
2024-12-16 18:33:04.122 | INFO     | fastCARTA:build_cdmp_model:180 - Added 62000/745578 linking constraints...
2024-12-16 18:33:04.140 | INFO     | fastCARTA:build_cdmp_model:180 - Added 63000/745578 linking constraints...
2024-12-16 18:33:04.158 | INFO     | fastCARTA:build_cdmp_model:180 - Added 64000/745578 linking constraints...
2024-12-16 18:33:04.176 | INFO     | fastCARTA:build_cdmp_model:180 - Added 65000/745578 linking constraints...
2024-12-16 18:33:04.194 | INFO     | fastCARTA:build_cdmp_model:180 - Added 66000/745578 linking constraints...
2024-12-16 18:33:04.212 | INFO     | fastCARTA:build_cdmp_model:180 - Added 67000/745578 linking constraints...
2024-12-16 18:33:04.230 | INFO     | fastCARTA:build_cdmp_model:180 - Added 68000/745578 linking constraints...
2024-12-16 18:33:04.248 | INFO     | fastCARTA:build_cdmp_model:180 - Added 69000/745578 linking constraints...
2024-12-16 18:33:04.265 | INFO     | fastCARTA:build_cdmp_model:180 - Added 70000/745578 linking constraints...
2024-12-16 18:33:04.283 | INFO     | fastCARTA:build_cdmp_model:180 - Added 71000/745578 linking constraints...
2024-12-16 18:33:04.301 | INFO     | fastCARTA:build_cdmp_model:180 - Added 72000/745578 linking constraints...
2024-12-16 18:33:04.319 | INFO     | fastCARTA:build_cdmp_model:180 - Added 73000/745578 linking constraints...
2024-12-16 18:33:04.337 | INFO     | fastCARTA:build_cdmp_model:180 - Added 74000/745578 linking constraints...
2024-12-16 18:33:04.355 | INFO     | fastCARTA:build_cdmp_model:180 - Added 75000/745578 linking constraints...
2024-12-16 18:33:04.373 | INFO     | fastCARTA:build_cdmp_model:180 - Added 76000/745578 linking constraints...
2024-12-16 18:33:04.390 | INFO     | fastCARTA:build_cdmp_model:180 - Added 77000/745578 linking constraints...
2024-12-16 18:33:04.408 | INFO     | fastCARTA:build_cdmp_model:180 - Added 78000/745578 linking constraints...
2024-12-16 18:33:04.439 | INFO     | fastCARTA:build_cdmp_model:180 - Added 79000/745578 linking constraints...
2024-12-16 18:33:04.457 | INFO     | fastCARTA:build_cdmp_model:180 - Added 80000/745578 linking constraints...
2024-12-16 18:33:04.474 | INFO     | fastCARTA:build_cdmp_model:180 - Added 81000/745578 linking constraints...
2024-12-16 18:33:04.492 | INFO     | fastCARTA:build_cdmp_model:180 - Added 82000/745578 linking constraints...
2024-12-16 18:33:04.510 | INFO     | fastCARTA:build_cdmp_model:180 - Added 83000/745578 linking constraints...
2024-12-16 18:33:04.527 | INFO     | fastCARTA:build_cdmp_model:180 - Added 84000/745578 linking constraints...
2024-12-16 18:33:04.545 | INFO     | fastCARTA:build_cdmp_model:180 - Added 85000/745578 linking constraints...
2024-12-16 18:33:04.563 | INFO     | fastCARTA:build_cdmp_model:180 - Added 86000/745578 linking constraints...
2024-12-16 18:33:04.580 | INFO     | fastCARTA:build_cdmp_model:180 - Added 87000/745578 linking constraints...
2024-12-16 18:33:04.598 | INFO     | fastCARTA:build_cdmp_model:180 - Added 88000/745578 linking constraints...
2024-12-16 18:33:04.615 | INFO     | fastCARTA:build_cdmp_model:180 - Added 89000/745578 linking constraints...
2024-12-16 18:33:04.633 | INFO     | fastCARTA:build_cdmp_model:180 - Added 90000/745578 linking constraints...
2024-12-16 18:33:04.651 | INFO     | fastCARTA:build_cdmp_model:180 - Added 91000/745578 linking constraints...
2024-12-16 18:33:04.669 | INFO     | fastCARTA:build_cdmp_model:180 - Added 92000/745578 linking constraints...
2024-12-16 18:33:04.687 | INFO     | fastCARTA:build_cdmp_model:180 - Added 93000/745578 linking constraints...
2024-12-16 18:33:04.704 | INFO     | fastCARTA:build_cdmp_model:180 - Added 94000/745578 linking constraints...
2024-12-16 18:33:04.722 | INFO     | fastCARTA:build_cdmp_model:180 - Added 95000/745578 linking constraints...
2024-12-16 18:33:04.739 | INFO     | fastCARTA:build_cdmp_model:180 - Added 96000/745578 linking constraints...
2024-12-16 18:33:04.757 | INFO     | fastCARTA:build_cdmp_model:180 - Added 97000/745578 linking constraints...
2024-12-16 18:33:04.774 | INFO     | fastCARTA:build_cdmp_model:180 - Added 98000/745578 linking constraints...
2024-12-16 18:33:04.792 | INFO     | fastCARTA:build_cdmp_model:180 - Added 99000/745578 linking constraints...
2024-12-16 18:33:04.810 | INFO     | fastCARTA:build_cdmp_model:180 - Added 100000/745578 linking constraints...
2024-12-16 18:33:04.827 | INFO     | fastCARTA:build_cdmp_model:180 - Added 101000/745578 linking constraints...
2024-12-16 18:33:04.845 | INFO     | fastCARTA:build_cdmp_model:180 - Added 102000/745578 linking constraints...
2024-12-16 18:33:04.862 | INFO     | fastCARTA:build_cdmp_model:180 - Added 103000/745578 linking constraints...
2024-12-16 18:33:04.880 | INFO     | fastCARTA:build_cdmp_model:180 - Added 104000/745578 linking constraints...
2024-12-16 18:33:04.898 | INFO     | fastCARTA:build_cdmp_model:180 - Added 105000/745578 linking constraints...
2024-12-16 18:33:04.915 | INFO     | fastCARTA:build_cdmp_model:180 - Added 106000/745578 linking constraints...
2024-12-16 18:33:04.933 | INFO     | fastCARTA:build_cdmp_model:180 - Added 107000/745578 linking constraints...
2024-12-16 18:33:04.951 | INFO     | fastCARTA:build_cdmp_model:180 - Added 108000/745578 linking constraints...
2024-12-16 18:33:04.968 | INFO     | fastCARTA:build_cdmp_model:180 - Added 109000/745578 linking constraints...
2024-12-16 18:33:04.986 | INFO     | fastCARTA:build_cdmp_model:180 - Added 110000/745578 linking constraints...
2024-12-16 18:33:05.003 | INFO     | fastCARTA:build_cdmp_model:180 - Added 111000/745578 linking constraints...
2024-12-16 18:33:05.021 | INFO     | fastCARTA:build_cdmp_model:180 - Added 112000/745578 linking constraints...
2024-12-16 18:33:05.039 | INFO     | fastCARTA:build_cdmp_model:180 - Added 113000/745578 linking constraints...
2024-12-16 18:33:05.057 | INFO     | fastCARTA:build_cdmp_model:180 - Added 114000/745578 linking constraints...
2024-12-16 18:33:05.074 | INFO     | fastCARTA:build_cdmp_model:180 - Added 115000/745578 linking constraints...
2024-12-16 18:33:05.092 | INFO     | fastCARTA:build_cdmp_model:180 - Added 116000/745578 linking constraints...
2024-12-16 18:33:05.110 | INFO     | fastCARTA:build_cdmp_model:180 - Added 117000/745578 linking constraints...
2024-12-16 18:33:05.128 | INFO     | fastCARTA:build_cdmp_model:180 - Added 118000/745578 linking constraints...
2024-12-16 18:33:05.145 | INFO     | fastCARTA:build_cdmp_model:180 - Added 119000/745578 linking constraints...
2024-12-16 18:33:05.163 | INFO     | fastCARTA:build_cdmp_model:180 - Added 120000/745578 linking constraints...
2024-12-16 18:33:05.181 | INFO     | fastCARTA:build_cdmp_model:180 - Added 121000/745578 linking constraints...
2024-12-16 18:33:05.198 | INFO     | fastCARTA:build_cdmp_model:180 - Added 122000/745578 linking constraints...
2024-12-16 18:33:05.216 | INFO     | fastCARTA:build_cdmp_model:180 - Added 123000/745578 linking constraints...
2024-12-16 18:33:05.234 | INFO     | fastCARTA:build_cdmp_model:180 - Added 124000/745578 linking constraints...
2024-12-16 18:33:05.252 | INFO     | fastCARTA:build_cdmp_model:180 - Added 125000/745578 linking constraints...
2024-12-16 18:33:05.269 | INFO     | fastCARTA:build_cdmp_model:180 - Added 126000/745578 linking constraints...
2024-12-16 18:33:05.287 | INFO     | fastCARTA:build_cdmp_model:180 - Added 127000/745578 linking constraints...
2024-12-16 18:33:05.304 | INFO     | fastCARTA:build_cdmp_model:180 - Added 128000/745578 linking constraints...
2024-12-16 18:33:05.322 | INFO     | fastCARTA:build_cdmp_model:180 - Added 129000/745578 linking constraints...
2024-12-16 18:33:05.340 | INFO     | fastCARTA:build_cdmp_model:180 - Added 130000/745578 linking constraints...
2024-12-16 18:33:05.358 | INFO     | fastCARTA:build_cdmp_model:180 - Added 131000/745578 linking constraints...
2024-12-16 18:33:05.375 | INFO     | fastCARTA:build_cdmp_model:180 - Added 132000/745578 linking constraints...
2024-12-16 18:33:05.393 | INFO     | fastCARTA:build_cdmp_model:180 - Added 133000/745578 linking constraints...
2024-12-16 18:33:05.413 | INFO     | fastCARTA:build_cdmp_model:180 - Added 134000/745578 linking constraints...
2024-12-16 18:33:05.431 | INFO     | fastCARTA:build_cdmp_model:180 - Added 135000/745578 linking constraints...
2024-12-16 18:33:05.449 | INFO     | fastCARTA:build_cdmp_model:180 - Added 136000/745578 linking constraints...
2024-12-16 18:33:05.466 | INFO     | fastCARTA:build_cdmp_model:180 - Added 137000/745578 linking constraints...
2024-12-16 18:33:05.484 | INFO     | fastCARTA:build_cdmp_model:180 - Added 138000/745578 linking constraints...
2024-12-16 18:33:05.501 | INFO     | fastCARTA:build_cdmp_model:180 - Added 139000/745578 linking constraints...
2024-12-16 18:33:05.519 | INFO     | fastCARTA:build_cdmp_model:180 - Added 140000/745578 linking constraints...
2024-12-16 18:33:05.537 | INFO     | fastCARTA:build_cdmp_model:180 - Added 141000/745578 linking constraints...
2024-12-16 18:33:05.554 | INFO     | fastCARTA:build_cdmp_model:180 - Added 142000/745578 linking constraints...
2024-12-16 18:33:05.572 | INFO     | fastCARTA:build_cdmp_model:180 - Added 143000/745578 linking constraints...
2024-12-16 18:33:05.590 | INFO     | fastCARTA:build_cdmp_model:180 - Added 144000/745578 linking constraints...
2024-12-16 18:33:05.608 | INFO     | fastCARTA:build_cdmp_model:180 - Added 145000/745578 linking constraints...
2024-12-16 18:33:05.627 | INFO     | fastCARTA:build_cdmp_model:180 - Added 146000/745578 linking constraints...
2024-12-16 18:33:05.645 | INFO     | fastCARTA:build_cdmp_model:180 - Added 147000/745578 linking constraints...
2024-12-16 18:33:05.662 | INFO     | fastCARTA:build_cdmp_model:180 - Added 148000/745578 linking constraints...
2024-12-16 18:33:05.680 | INFO     | fastCARTA:build_cdmp_model:180 - Added 149000/745578 linking constraints...
2024-12-16 18:33:05.698 | INFO     | fastCARTA:build_cdmp_model:180 - Added 150000/745578 linking constraints...
2024-12-16 18:33:05.716 | INFO     | fastCARTA:build_cdmp_model:180 - Added 151000/745578 linking constraints...
2024-12-16 18:33:05.733 | INFO     | fastCARTA:build_cdmp_model:180 - Added 152000/745578 linking constraints...
2024-12-16 18:33:05.751 | INFO     | fastCARTA:build_cdmp_model:180 - Added 153000/745578 linking constraints...
2024-12-16 18:33:05.769 | INFO     | fastCARTA:build_cdmp_model:180 - Added 154000/745578 linking constraints...
2024-12-16 18:33:05.787 | INFO     | fastCARTA:build_cdmp_model:180 - Added 155000/745578 linking constraints...
2024-12-16 18:33:05.805 | INFO     | fastCARTA:build_cdmp_model:180 - Added 156000/745578 linking constraints...
2024-12-16 18:33:05.822 | INFO     | fastCARTA:build_cdmp_model:180 - Added 157000/745578 linking constraints...
2024-12-16 18:33:05.840 | INFO     | fastCARTA:build_cdmp_model:180 - Added 158000/745578 linking constraints...
2024-12-16 18:33:05.858 | INFO     | fastCARTA:build_cdmp_model:180 - Added 159000/745578 linking constraints...
2024-12-16 18:33:05.875 | INFO     | fastCARTA:build_cdmp_model:180 - Added 160000/745578 linking constraints...
2024-12-16 18:33:05.893 | INFO     | fastCARTA:build_cdmp_model:180 - Added 161000/745578 linking constraints...
2024-12-16 18:33:05.911 | INFO     | fastCARTA:build_cdmp_model:180 - Added 162000/745578 linking constraints...
2024-12-16 18:33:05.928 | INFO     | fastCARTA:build_cdmp_model:180 - Added 163000/745578 linking constraints...
2024-12-16 18:33:05.946 | INFO     | fastCARTA:build_cdmp_model:180 - Added 164000/745578 linking constraints...
2024-12-16 18:33:05.964 | INFO     | fastCARTA:build_cdmp_model:180 - Added 165000/745578 linking constraints...
2024-12-16 18:33:05.984 | INFO     | fastCARTA:build_cdmp_model:180 - Added 166000/745578 linking constraints...
2024-12-16 18:33:06.002 | INFO     | fastCARTA:build_cdmp_model:180 - Added 167000/745578 linking constraints...
2024-12-16 18:33:06.019 | INFO     | fastCARTA:build_cdmp_model:180 - Added 168000/745578 linking constraints...
2024-12-16 18:33:06.037 | INFO     | fastCARTA:build_cdmp_model:180 - Added 169000/745578 linking constraints...
2024-12-16 18:33:06.054 | INFO     | fastCARTA:build_cdmp_model:180 - Added 170000/745578 linking constraints...
2024-12-16 18:33:06.072 | INFO     | fastCARTA:build_cdmp_model:180 - Added 171000/745578 linking constraints...
2024-12-16 18:33:06.090 | INFO     | fastCARTA:build_cdmp_model:180 - Added 172000/745578 linking constraints...
2024-12-16 18:33:06.108 | INFO     | fastCARTA:build_cdmp_model:180 - Added 173000/745578 linking constraints...
2024-12-16 18:33:06.125 | INFO     | fastCARTA:build_cdmp_model:180 - Added 174000/745578 linking constraints...
2024-12-16 18:33:06.143 | INFO     | fastCARTA:build_cdmp_model:180 - Added 175000/745578 linking constraints...
2024-12-16 18:33:06.161 | INFO     | fastCARTA:build_cdmp_model:180 - Added 176000/745578 linking constraints...
2024-12-16 18:33:06.178 | INFO     | fastCARTA:build_cdmp_model:180 - Added 177000/745578 linking constraints...
2024-12-16 18:33:06.197 | INFO     | fastCARTA:build_cdmp_model:180 - Added 178000/745578 linking constraints...
2024-12-16 18:33:06.215 | INFO     | fastCARTA:build_cdmp_model:180 - Added 179000/745578 linking constraints...
2024-12-16 18:33:06.232 | INFO     | fastCARTA:build_cdmp_model:180 - Added 180000/745578 linking constraints...
2024-12-16 18:33:06.250 | INFO     | fastCARTA:build_cdmp_model:180 - Added 181000/745578 linking constraints...
2024-12-16 18:33:06.267 | INFO     | fastCARTA:build_cdmp_model:180 - Added 182000/745578 linking constraints...
2024-12-16 18:33:06.285 | INFO     | fastCARTA:build_cdmp_model:180 - Added 183000/745578 linking constraints...
2024-12-16 18:33:06.303 | INFO     | fastCARTA:build_cdmp_model:180 - Added 184000/745578 linking constraints...
2024-12-16 18:33:06.321 | INFO     | fastCARTA:build_cdmp_model:180 - Added 185000/745578 linking constraints...
2024-12-16 18:33:06.338 | INFO     | fastCARTA:build_cdmp_model:180 - Added 186000/745578 linking constraints...
2024-12-16 18:33:06.356 | INFO     | fastCARTA:build_cdmp_model:180 - Added 187000/745578 linking constraints...
2024-12-16 18:33:06.373 | INFO     | fastCARTA:build_cdmp_model:180 - Added 188000/745578 linking constraints...
2024-12-16 18:33:06.391 | INFO     | fastCARTA:build_cdmp_model:180 - Added 189000/745578 linking constraints...
2024-12-16 18:33:06.408 | INFO     | fastCARTA:build_cdmp_model:180 - Added 190000/745578 linking constraints...
2024-12-16 18:33:06.426 | INFO     | fastCARTA:build_cdmp_model:180 - Added 191000/745578 linking constraints...
2024-12-16 18:33:06.444 | INFO     | fastCARTA:build_cdmp_model:180 - Added 192000/745578 linking constraints...
2024-12-16 18:33:06.461 | INFO     | fastCARTA:build_cdmp_model:180 - Added 193000/745578 linking constraints...
2024-12-16 18:33:06.479 | INFO     | fastCARTA:build_cdmp_model:180 - Added 194000/745578 linking constraints...
2024-12-16 18:33:06.497 | INFO     | fastCARTA:build_cdmp_model:180 - Added 195000/745578 linking constraints...
2024-12-16 18:33:06.515 | INFO     | fastCARTA:build_cdmp_model:180 - Added 196000/745578 linking constraints...
2024-12-16 18:33:06.532 | INFO     | fastCARTA:build_cdmp_model:180 - Added 197000/745578 linking constraints...
2024-12-16 18:33:06.550 | INFO     | fastCARTA:build_cdmp_model:180 - Added 198000/745578 linking constraints...
2024-12-16 18:33:06.568 | INFO     | fastCARTA:build_cdmp_model:180 - Added 199000/745578 linking constraints...
2024-12-16 18:33:06.585 | INFO     | fastCARTA:build_cdmp_model:180 - Added 200000/745578 linking constraints...
2024-12-16 18:33:06.603 | INFO     | fastCARTA:build_cdmp_model:180 - Added 201000/745578 linking constraints...
2024-12-16 18:33:06.621 | INFO     | fastCARTA:build_cdmp_model:180 - Added 202000/745578 linking constraints...
2024-12-16 18:33:06.639 | INFO     | fastCARTA:build_cdmp_model:180 - Added 203000/745578 linking constraints...
2024-12-16 18:33:06.656 | INFO     | fastCARTA:build_cdmp_model:180 - Added 204000/745578 linking constraints...
2024-12-16 18:33:06.674 | INFO     | fastCARTA:build_cdmp_model:180 - Added 205000/745578 linking constraints...
2024-12-16 18:33:06.692 | INFO     | fastCARTA:build_cdmp_model:180 - Added 206000/745578 linking constraints...
2024-12-16 18:33:06.709 | INFO     | fastCARTA:build_cdmp_model:180 - Added 207000/745578 linking constraints...
2024-12-16 18:33:06.727 | INFO     | fastCARTA:build_cdmp_model:180 - Added 208000/745578 linking constraints...
2024-12-16 18:33:06.745 | INFO     | fastCARTA:build_cdmp_model:180 - Added 209000/745578 linking constraints...
2024-12-16 18:33:06.763 | INFO     | fastCARTA:build_cdmp_model:180 - Added 210000/745578 linking constraints...
2024-12-16 18:33:06.780 | INFO     | fastCARTA:build_cdmp_model:180 - Added 211000/745578 linking constraints...
2024-12-16 18:33:06.798 | INFO     | fastCARTA:build_cdmp_model:180 - Added 212000/745578 linking constraints...
2024-12-16 18:33:06.816 | INFO     | fastCARTA:build_cdmp_model:180 - Added 213000/745578 linking constraints...
2024-12-16 18:33:06.834 | INFO     | fastCARTA:build_cdmp_model:180 - Added 214000/745578 linking constraints...
2024-12-16 18:33:06.851 | INFO     | fastCARTA:build_cdmp_model:180 - Added 215000/745578 linking constraints...
2024-12-16 18:33:06.869 | INFO     | fastCARTA:build_cdmp_model:180 - Added 216000/745578 linking constraints...
2024-12-16 18:33:06.886 | INFO     | fastCARTA:build_cdmp_model:180 - Added 217000/745578 linking constraints...
2024-12-16 18:33:06.904 | INFO     | fastCARTA:build_cdmp_model:180 - Added 218000/745578 linking constraints...
2024-12-16 18:33:06.921 | INFO     | fastCARTA:build_cdmp_model:180 - Added 219000/745578 linking constraints...
2024-12-16 18:33:06.939 | INFO     | fastCARTA:build_cdmp_model:180 - Added 220000/745578 linking constraints...
2024-12-16 18:33:06.957 | INFO     | fastCARTA:build_cdmp_model:180 - Added 221000/745578 linking constraints...
2024-12-16 18:33:06.975 | INFO     | fastCARTA:build_cdmp_model:180 - Added 222000/745578 linking constraints...
2024-12-16 18:33:06.993 | INFO     | fastCARTA:build_cdmp_model:180 - Added 223000/745578 linking constraints...
2024-12-16 18:33:07.010 | INFO     | fastCARTA:build_cdmp_model:180 - Added 224000/745578 linking constraints...
2024-12-16 18:33:07.028 | INFO     | fastCARTA:build_cdmp_model:180 - Added 225000/745578 linking constraints...
2024-12-16 18:33:07.045 | INFO     | fastCARTA:build_cdmp_model:180 - Added 226000/745578 linking constraints...
2024-12-16 18:33:07.063 | INFO     | fastCARTA:build_cdmp_model:180 - Added 227000/745578 linking constraints...
2024-12-16 18:33:07.081 | INFO     | fastCARTA:build_cdmp_model:180 - Added 228000/745578 linking constraints...
2024-12-16 18:33:07.099 | INFO     | fastCARTA:build_cdmp_model:180 - Added 229000/745578 linking constraints...
2024-12-16 18:33:07.116 | INFO     | fastCARTA:build_cdmp_model:180 - Added 230000/745578 linking constraints...
2024-12-16 18:33:07.134 | INFO     | fastCARTA:build_cdmp_model:180 - Added 231000/745578 linking constraints...
2024-12-16 18:33:07.152 | INFO     | fastCARTA:build_cdmp_model:180 - Added 232000/745578 linking constraints...
2024-12-16 18:33:07.169 | INFO     | fastCARTA:build_cdmp_model:180 - Added 233000/745578 linking constraints...
2024-12-16 18:33:07.187 | INFO     | fastCARTA:build_cdmp_model:180 - Added 234000/745578 linking constraints...
2024-12-16 18:33:07.205 | INFO     | fastCARTA:build_cdmp_model:180 - Added 235000/745578 linking constraints...
2024-12-16 18:33:07.222 | INFO     | fastCARTA:build_cdmp_model:180 - Added 236000/745578 linking constraints...
2024-12-16 18:33:07.240 | INFO     | fastCARTA:build_cdmp_model:180 - Added 237000/745578 linking constraints...
2024-12-16 18:33:07.258 | INFO     | fastCARTA:build_cdmp_model:180 - Added 238000/745578 linking constraints...
2024-12-16 18:33:07.276 | INFO     | fastCARTA:build_cdmp_model:180 - Added 239000/745578 linking constraints...
2024-12-16 18:33:07.293 | INFO     | fastCARTA:build_cdmp_model:180 - Added 240000/745578 linking constraints...
2024-12-16 18:33:07.311 | INFO     | fastCARTA:build_cdmp_model:180 - Added 241000/745578 linking constraints...
2024-12-16 18:33:07.329 | INFO     | fastCARTA:build_cdmp_model:180 - Added 242000/745578 linking constraints...
2024-12-16 18:33:07.346 | INFO     | fastCARTA:build_cdmp_model:180 - Added 243000/745578 linking constraints...
2024-12-16 18:33:07.364 | INFO     | fastCARTA:build_cdmp_model:180 - Added 244000/745578 linking constraints...
2024-12-16 18:33:07.382 | INFO     | fastCARTA:build_cdmp_model:180 - Added 245000/745578 linking constraints...
2024-12-16 18:33:07.400 | INFO     | fastCARTA:build_cdmp_model:180 - Added 246000/745578 linking constraints...
2024-12-16 18:33:07.417 | INFO     | fastCARTA:build_cdmp_model:180 - Added 247000/745578 linking constraints...
2024-12-16 18:33:07.435 | INFO     | fastCARTA:build_cdmp_model:180 - Added 248000/745578 linking constraints...
2024-12-16 18:33:07.453 | INFO     | fastCARTA:build_cdmp_model:180 - Added 249000/745578 linking constraints...
2024-12-16 18:33:07.471 | INFO     | fastCARTA:build_cdmp_model:180 - Added 250000/745578 linking constraints...
2024-12-16 18:33:07.488 | INFO     | fastCARTA:build_cdmp_model:180 - Added 251000/745578 linking constraints...
2024-12-16 18:33:07.506 | INFO     | fastCARTA:build_cdmp_model:180 - Added 252000/745578 linking constraints...
2024-12-16 18:33:07.523 | INFO     | fastCARTA:build_cdmp_model:180 - Added 253000/745578 linking constraints...
2024-12-16 18:33:07.541 | INFO     | fastCARTA:build_cdmp_model:180 - Added 254000/745578 linking constraints...
2024-12-16 18:33:07.560 | INFO     | fastCARTA:build_cdmp_model:180 - Added 255000/745578 linking constraints...
2024-12-16 18:33:07.578 | INFO     | fastCARTA:build_cdmp_model:180 - Added 256000/745578 linking constraints...
2024-12-16 18:33:07.595 | INFO     | fastCARTA:build_cdmp_model:180 - Added 257000/745578 linking constraints...
2024-12-16 18:33:07.613 | INFO     | fastCARTA:build_cdmp_model:180 - Added 258000/745578 linking constraints...
2024-12-16 18:33:07.631 | INFO     | fastCARTA:build_cdmp_model:180 - Added 259000/745578 linking constraints...
2024-12-16 18:33:07.648 | INFO     | fastCARTA:build_cdmp_model:180 - Added 260000/745578 linking constraints...
2024-12-16 18:33:07.666 | INFO     | fastCARTA:build_cdmp_model:180 - Added 261000/745578 linking constraints...
2024-12-16 18:33:07.684 | INFO     | fastCARTA:build_cdmp_model:180 - Added 262000/745578 linking constraints...
2024-12-16 18:33:07.701 | INFO     | fastCARTA:build_cdmp_model:180 - Added 263000/745578 linking constraints...
2024-12-16 18:33:07.719 | INFO     | fastCARTA:build_cdmp_model:180 - Added 264000/745578 linking constraints...
2024-12-16 18:33:07.738 | INFO     | fastCARTA:build_cdmp_model:180 - Added 265000/745578 linking constraints...
2024-12-16 18:33:07.755 | INFO     | fastCARTA:build_cdmp_model:180 - Added 266000/745578 linking constraints...
2024-12-16 18:33:07.773 | INFO     | fastCARTA:build_cdmp_model:180 - Added 267000/745578 linking constraints...
2024-12-16 18:33:07.791 | INFO     | fastCARTA:build_cdmp_model:180 - Added 268000/745578 linking constraints...
2024-12-16 18:33:07.809 | INFO     | fastCARTA:build_cdmp_model:180 - Added 269000/745578 linking constraints...
2024-12-16 18:33:07.826 | INFO     | fastCARTA:build_cdmp_model:180 - Added 270000/745578 linking constraints...
2024-12-16 18:33:07.844 | INFO     | fastCARTA:build_cdmp_model:180 - Added 271000/745578 linking constraints...
2024-12-16 18:33:07.862 | INFO     | fastCARTA:build_cdmp_model:180 - Added 272000/745578 linking constraints...
2024-12-16 18:33:07.880 | INFO     | fastCARTA:build_cdmp_model:180 - Added 273000/745578 linking constraints...
2024-12-16 18:33:07.898 | INFO     | fastCARTA:build_cdmp_model:180 - Added 274000/745578 linking constraints...
2024-12-16 18:33:07.916 | INFO     | fastCARTA:build_cdmp_model:180 - Added 275000/745578 linking constraints...
2024-12-16 18:33:07.934 | INFO     | fastCARTA:build_cdmp_model:180 - Added 276000/745578 linking constraints...
2024-12-16 18:33:07.952 | INFO     | fastCARTA:build_cdmp_model:180 - Added 277000/745578 linking constraints...
2024-12-16 18:33:07.969 | INFO     | fastCARTA:build_cdmp_model:180 - Added 278000/745578 linking constraints...
2024-12-16 18:33:07.988 | INFO     | fastCARTA:build_cdmp_model:180 - Added 279000/745578 linking constraints...
2024-12-16 18:33:08.005 | INFO     | fastCARTA:build_cdmp_model:180 - Added 280000/745578 linking constraints...
2024-12-16 18:33:08.023 | INFO     | fastCARTA:build_cdmp_model:180 - Added 281000/745578 linking constraints...
2024-12-16 18:33:08.041 | INFO     | fastCARTA:build_cdmp_model:180 - Added 282000/745578 linking constraints...
2024-12-16 18:33:08.058 | INFO     | fastCARTA:build_cdmp_model:180 - Added 283000/745578 linking constraints...
2024-12-16 18:33:08.076 | INFO     | fastCARTA:build_cdmp_model:180 - Added 284000/745578 linking constraints...
2024-12-16 18:33:08.094 | INFO     | fastCARTA:build_cdmp_model:180 - Added 285000/745578 linking constraints...
2024-12-16 18:33:08.112 | INFO     | fastCARTA:build_cdmp_model:180 - Added 286000/745578 linking constraints...
2024-12-16 18:33:08.130 | INFO     | fastCARTA:build_cdmp_model:180 - Added 287000/745578 linking constraints...
2024-12-16 18:33:08.148 | INFO     | fastCARTA:build_cdmp_model:180 - Added 288000/745578 linking constraints...
2024-12-16 18:33:08.165 | INFO     | fastCARTA:build_cdmp_model:180 - Added 289000/745578 linking constraints...
2024-12-16 18:33:08.183 | INFO     | fastCARTA:build_cdmp_model:180 - Added 290000/745578 linking constraints...
2024-12-16 18:33:08.201 | INFO     | fastCARTA:build_cdmp_model:180 - Added 291000/745578 linking constraints...
2024-12-16 18:33:08.219 | INFO     | fastCARTA:build_cdmp_model:180 - Added 292000/745578 linking constraints...
2024-12-16 18:33:08.237 | INFO     | fastCARTA:build_cdmp_model:180 - Added 293000/745578 linking constraints...
2024-12-16 18:33:08.254 | INFO     | fastCARTA:build_cdmp_model:180 - Added 294000/745578 linking constraints...
2024-12-16 18:33:08.272 | INFO     | fastCARTA:build_cdmp_model:180 - Added 295000/745578 linking constraints...
2024-12-16 18:33:08.290 | INFO     | fastCARTA:build_cdmp_model:180 - Added 296000/745578 linking constraints...
2024-12-16 18:33:08.308 | INFO     | fastCARTA:build_cdmp_model:180 - Added 297000/745578 linking constraints...
2024-12-16 18:33:08.326 | INFO     | fastCARTA:build_cdmp_model:180 - Added 298000/745578 linking constraints...
2024-12-16 18:33:08.344 | INFO     | fastCARTA:build_cdmp_model:180 - Added 299000/745578 linking constraints...
2024-12-16 18:33:08.996 | INFO     | fastCARTA:build_cdmp_model:180 - Added 300000/745578 linking constraints...
2024-12-16 18:33:09.014 | INFO     | fastCARTA:build_cdmp_model:180 - Added 301000/745578 linking constraints...
2024-12-16 18:33:09.032 | INFO     | fastCARTA:build_cdmp_model:180 - Added 302000/745578 linking constraints...
2024-12-16 18:33:09.049 | INFO     | fastCARTA:build_cdmp_model:180 - Added 303000/745578 linking constraints...
2024-12-16 18:33:09.075 | INFO     | fastCARTA:build_cdmp_model:180 - Added 304000/745578 linking constraints...
2024-12-16 18:33:09.093 | INFO     | fastCARTA:build_cdmp_model:180 - Added 305000/745578 linking constraints...
2024-12-16 18:33:09.111 | INFO     | fastCARTA:build_cdmp_model:180 - Added 306000/745578 linking constraints...
2024-12-16 18:33:09.129 | INFO     | fastCARTA:build_cdmp_model:180 - Added 307000/745578 linking constraints...
2024-12-16 18:33:09.147 | INFO     | fastCARTA:build_cdmp_model:180 - Added 308000/745578 linking constraints...
2024-12-16 18:33:09.164 | INFO     | fastCARTA:build_cdmp_model:180 - Added 309000/745578 linking constraints...
2024-12-16 18:33:09.182 | INFO     | fastCARTA:build_cdmp_model:180 - Added 310000/745578 linking constraints...
2024-12-16 18:33:09.200 | INFO     | fastCARTA:build_cdmp_model:180 - Added 311000/745578 linking constraints...
2024-12-16 18:33:09.218 | INFO     | fastCARTA:build_cdmp_model:180 - Added 312000/745578 linking constraints...
2024-12-16 18:33:09.235 | INFO     | fastCARTA:build_cdmp_model:180 - Added 313000/745578 linking constraints...
2024-12-16 18:33:09.253 | INFO     | fastCARTA:build_cdmp_model:180 - Added 314000/745578 linking constraints...
2024-12-16 18:33:09.271 | INFO     | fastCARTA:build_cdmp_model:180 - Added 315000/745578 linking constraints...
2024-12-16 18:33:09.288 | INFO     | fastCARTA:build_cdmp_model:180 - Added 316000/745578 linking constraints...
2024-12-16 18:33:09.306 | INFO     | fastCARTA:build_cdmp_model:180 - Added 317000/745578 linking constraints...
2024-12-16 18:33:09.324 | INFO     | fastCARTA:build_cdmp_model:180 - Added 318000/745578 linking constraints...
2024-12-16 18:33:09.342 | INFO     | fastCARTA:build_cdmp_model:180 - Added 319000/745578 linking constraints...
2024-12-16 18:33:09.359 | INFO     | fastCARTA:build_cdmp_model:180 - Added 320000/745578 linking constraints...
2024-12-16 18:33:09.377 | INFO     | fastCARTA:build_cdmp_model:180 - Added 321000/745578 linking constraints...
2024-12-16 18:33:09.395 | INFO     | fastCARTA:build_cdmp_model:180 - Added 322000/745578 linking constraints...
2024-12-16 18:33:09.413 | INFO     | fastCARTA:build_cdmp_model:180 - Added 323000/745578 linking constraints...
2024-12-16 18:33:09.434 | INFO     | fastCARTA:build_cdmp_model:180 - Added 324000/745578 linking constraints...
2024-12-16 18:33:09.452 | INFO     | fastCARTA:build_cdmp_model:180 - Added 325000/745578 linking constraints...
2024-12-16 18:33:09.469 | INFO     | fastCARTA:build_cdmp_model:180 - Added 326000/745578 linking constraints...
2024-12-16 18:33:09.487 | INFO     | fastCARTA:build_cdmp_model:180 - Added 327000/745578 linking constraints...
2024-12-16 18:33:09.505 | INFO     | fastCARTA:build_cdmp_model:180 - Added 328000/745578 linking constraints...
2024-12-16 18:33:09.522 | INFO     | fastCARTA:build_cdmp_model:180 - Added 329000/745578 linking constraints...
2024-12-16 18:33:09.540 | INFO     | fastCARTA:build_cdmp_model:180 - Added 330000/745578 linking constraints...
2024-12-16 18:33:09.558 | INFO     | fastCARTA:build_cdmp_model:180 - Added 331000/745578 linking constraints...
2024-12-16 18:33:09.576 | INFO     | fastCARTA:build_cdmp_model:180 - Added 332000/745578 linking constraints...
2024-12-16 18:33:09.593 | INFO     | fastCARTA:build_cdmp_model:180 - Added 333000/745578 linking constraints...
2024-12-16 18:33:09.611 | INFO     | fastCARTA:build_cdmp_model:180 - Added 334000/745578 linking constraints...
2024-12-16 18:33:09.628 | INFO     | fastCARTA:build_cdmp_model:180 - Added 335000/745578 linking constraints...
2024-12-16 18:33:09.646 | INFO     | fastCARTA:build_cdmp_model:180 - Added 336000/745578 linking constraints...
2024-12-16 18:33:09.664 | INFO     | fastCARTA:build_cdmp_model:180 - Added 337000/745578 linking constraints...
2024-12-16 18:33:09.682 | INFO     | fastCARTA:build_cdmp_model:180 - Added 338000/745578 linking constraints...
2024-12-16 18:33:09.699 | INFO     | fastCARTA:build_cdmp_model:180 - Added 339000/745578 linking constraints...
2024-12-16 18:33:09.717 | INFO     | fastCARTA:build_cdmp_model:180 - Added 340000/745578 linking constraints...
2024-12-16 18:33:09.734 | INFO     | fastCARTA:build_cdmp_model:180 - Added 341000/745578 linking constraints...
2024-12-16 18:33:09.752 | INFO     | fastCARTA:build_cdmp_model:180 - Added 342000/745578 linking constraints...
2024-12-16 18:33:09.770 | INFO     | fastCARTA:build_cdmp_model:180 - Added 343000/745578 linking constraints...
2024-12-16 18:33:09.787 | INFO     | fastCARTA:build_cdmp_model:180 - Added 344000/745578 linking constraints...
2024-12-16 18:33:09.805 | INFO     | fastCARTA:build_cdmp_model:180 - Added 345000/745578 linking constraints...
2024-12-16 18:33:09.824 | INFO     | fastCARTA:build_cdmp_model:180 - Added 346000/745578 linking constraints...
2024-12-16 18:33:09.841 | INFO     | fastCARTA:build_cdmp_model:180 - Added 347000/745578 linking constraints...
2024-12-16 18:33:09.859 | INFO     | fastCARTA:build_cdmp_model:180 - Added 348000/745578 linking constraints...
2024-12-16 18:33:09.877 | INFO     | fastCARTA:build_cdmp_model:180 - Added 349000/745578 linking constraints...
2024-12-16 18:33:09.895 | INFO     | fastCARTA:build_cdmp_model:180 - Added 350000/745578 linking constraints...
2024-12-16 18:33:09.912 | INFO     | fastCARTA:build_cdmp_model:180 - Added 351000/745578 linking constraints...
2024-12-16 18:33:09.930 | INFO     | fastCARTA:build_cdmp_model:180 - Added 352000/745578 linking constraints...
2024-12-16 18:33:09.947 | INFO     | fastCARTA:build_cdmp_model:180 - Added 353000/745578 linking constraints...
2024-12-16 18:33:09.965 | INFO     | fastCARTA:build_cdmp_model:180 - Added 354000/745578 linking constraints...
2024-12-16 18:33:09.982 | INFO     | fastCARTA:build_cdmp_model:180 - Added 355000/745578 linking constraints...
2024-12-16 18:33:10.000 | INFO     | fastCARTA:build_cdmp_model:180 - Added 356000/745578 linking constraints...
2024-12-16 18:33:10.018 | INFO     | fastCARTA:build_cdmp_model:180 - Added 357000/745578 linking constraints...
2024-12-16 18:33:10.036 | INFO     | fastCARTA:build_cdmp_model:180 - Added 358000/745578 linking constraints...
2024-12-16 18:33:10.053 | INFO     | fastCARTA:build_cdmp_model:180 - Added 359000/745578 linking constraints...
2024-12-16 18:33:10.071 | INFO     | fastCARTA:build_cdmp_model:180 - Added 360000/745578 linking constraints...
2024-12-16 18:33:10.088 | INFO     | fastCARTA:build_cdmp_model:180 - Added 361000/745578 linking constraints...
2024-12-16 18:33:10.106 | INFO     | fastCARTA:build_cdmp_model:180 - Added 362000/745578 linking constraints...
2024-12-16 18:33:10.124 | INFO     | fastCARTA:build_cdmp_model:180 - Added 363000/745578 linking constraints...
2024-12-16 18:33:10.142 | INFO     | fastCARTA:build_cdmp_model:180 - Added 364000/745578 linking constraints...
2024-12-16 18:33:10.159 | INFO     | fastCARTA:build_cdmp_model:180 - Added 365000/745578 linking constraints...
2024-12-16 18:33:10.177 | INFO     | fastCARTA:build_cdmp_model:180 - Added 366000/745578 linking constraints...
2024-12-16 18:33:10.194 | INFO     | fastCARTA:build_cdmp_model:180 - Added 367000/745578 linking constraints...
2024-12-16 18:33:10.212 | INFO     | fastCARTA:build_cdmp_model:180 - Added 368000/745578 linking constraints...
2024-12-16 18:33:10.230 | INFO     | fastCARTA:build_cdmp_model:180 - Added 369000/745578 linking constraints...
2024-12-16 18:33:10.247 | INFO     | fastCARTA:build_cdmp_model:180 - Added 370000/745578 linking constraints...
2024-12-16 18:33:10.265 | INFO     | fastCARTA:build_cdmp_model:180 - Added 371000/745578 linking constraints...
2024-12-16 18:33:10.283 | INFO     | fastCARTA:build_cdmp_model:180 - Added 372000/745578 linking constraints...
2024-12-16 18:33:10.300 | INFO     | fastCARTA:build_cdmp_model:180 - Added 373000/745578 linking constraints...
2024-12-16 18:33:10.318 | INFO     | fastCARTA:build_cdmp_model:180 - Added 374000/745578 linking constraints...
2024-12-16 18:33:10.335 | INFO     | fastCARTA:build_cdmp_model:180 - Added 375000/745578 linking constraints...
2024-12-16 18:33:10.353 | INFO     | fastCARTA:build_cdmp_model:180 - Added 376000/745578 linking constraints...
2024-12-16 18:33:10.370 | INFO     | fastCARTA:build_cdmp_model:180 - Added 377000/745578 linking constraints...
2024-12-16 18:33:10.388 | INFO     | fastCARTA:build_cdmp_model:180 - Added 378000/745578 linking constraints...
2024-12-16 18:33:10.406 | INFO     | fastCARTA:build_cdmp_model:180 - Added 379000/745578 linking constraints...
2024-12-16 18:33:10.424 | INFO     | fastCARTA:build_cdmp_model:180 - Added 380000/745578 linking constraints...
2024-12-16 18:33:10.441 | INFO     | fastCARTA:build_cdmp_model:180 - Added 381000/745578 linking constraints...
2024-12-16 18:33:10.459 | INFO     | fastCARTA:build_cdmp_model:180 - Added 382000/745578 linking constraints...
2024-12-16 18:33:10.477 | INFO     | fastCARTA:build_cdmp_model:180 - Added 383000/745578 linking constraints...
2024-12-16 18:33:10.496 | INFO     | fastCARTA:build_cdmp_model:180 - Added 384000/745578 linking constraints...
2024-12-16 18:33:10.514 | INFO     | fastCARTA:build_cdmp_model:180 - Added 385000/745578 linking constraints...
2024-12-16 18:33:10.531 | INFO     | fastCARTA:build_cdmp_model:180 - Added 386000/745578 linking constraints...
2024-12-16 18:33:10.549 | INFO     | fastCARTA:build_cdmp_model:180 - Added 387000/745578 linking constraints...
2024-12-16 18:33:10.567 | INFO     | fastCARTA:build_cdmp_model:180 - Added 388000/745578 linking constraints...
2024-12-16 18:33:10.585 | INFO     | fastCARTA:build_cdmp_model:180 - Added 389000/745578 linking constraints...
2024-12-16 18:33:10.603 | INFO     | fastCARTA:build_cdmp_model:180 - Added 390000/745578 linking constraints...
2024-12-16 18:33:10.620 | INFO     | fastCARTA:build_cdmp_model:180 - Added 391000/745578 linking constraints...
2024-12-16 18:33:10.638 | INFO     | fastCARTA:build_cdmp_model:180 - Added 392000/745578 linking constraints...
2024-12-16 18:33:10.655 | INFO     | fastCARTA:build_cdmp_model:180 - Added 393000/745578 linking constraints...
2024-12-16 18:33:10.673 | INFO     | fastCARTA:build_cdmp_model:180 - Added 394000/745578 linking constraints...
2024-12-16 18:33:10.691 | INFO     | fastCARTA:build_cdmp_model:180 - Added 395000/745578 linking constraints...
2024-12-16 18:33:10.709 | INFO     | fastCARTA:build_cdmp_model:180 - Added 396000/745578 linking constraints...
2024-12-16 18:33:10.726 | INFO     | fastCARTA:build_cdmp_model:180 - Added 397000/745578 linking constraints...
2024-12-16 18:33:10.744 | INFO     | fastCARTA:build_cdmp_model:180 - Added 398000/745578 linking constraints...
2024-12-16 18:33:10.762 | INFO     | fastCARTA:build_cdmp_model:180 - Added 399000/745578 linking constraints...
2024-12-16 18:33:10.779 | INFO     | fastCARTA:build_cdmp_model:180 - Added 400000/745578 linking constraints...
2024-12-16 18:33:10.797 | INFO     | fastCARTA:build_cdmp_model:180 - Added 401000/745578 linking constraints...
2024-12-16 18:33:10.815 | INFO     | fastCARTA:build_cdmp_model:180 - Added 402000/745578 linking constraints...
2024-12-16 18:33:10.832 | INFO     | fastCARTA:build_cdmp_model:180 - Added 403000/745578 linking constraints...
2024-12-16 18:33:10.850 | INFO     | fastCARTA:build_cdmp_model:180 - Added 404000/745578 linking constraints...
2024-12-16 18:33:10.867 | INFO     | fastCARTA:build_cdmp_model:180 - Added 405000/745578 linking constraints...
2024-12-16 18:33:10.885 | INFO     | fastCARTA:build_cdmp_model:180 - Added 406000/745578 linking constraints...
2024-12-16 18:33:10.903 | INFO     | fastCARTA:build_cdmp_model:180 - Added 407000/745578 linking constraints...
2024-12-16 18:33:10.920 | INFO     | fastCARTA:build_cdmp_model:180 - Added 408000/745578 linking constraints...
2024-12-16 18:33:10.938 | INFO     | fastCARTA:build_cdmp_model:180 - Added 409000/745578 linking constraints...
2024-12-16 18:33:10.956 | INFO     | fastCARTA:build_cdmp_model:180 - Added 410000/745578 linking constraints...
2024-12-16 18:33:10.974 | INFO     | fastCARTA:build_cdmp_model:180 - Added 411000/745578 linking constraints...
2024-12-16 18:33:10.991 | INFO     | fastCARTA:build_cdmp_model:180 - Added 412000/745578 linking constraints...
2024-12-16 18:33:11.009 | INFO     | fastCARTA:build_cdmp_model:180 - Added 413000/745578 linking constraints...
2024-12-16 18:33:11.027 | INFO     | fastCARTA:build_cdmp_model:180 - Added 414000/745578 linking constraints...
2024-12-16 18:33:11.045 | INFO     | fastCARTA:build_cdmp_model:180 - Added 415000/745578 linking constraints...
2024-12-16 18:33:11.062 | INFO     | fastCARTA:build_cdmp_model:180 - Added 416000/745578 linking constraints...
2024-12-16 18:33:11.080 | INFO     | fastCARTA:build_cdmp_model:180 - Added 417000/745578 linking constraints...
2024-12-16 18:33:11.097 | INFO     | fastCARTA:build_cdmp_model:180 - Added 418000/745578 linking constraints...
2024-12-16 18:33:11.115 | INFO     | fastCARTA:build_cdmp_model:180 - Added 419000/745578 linking constraints...
2024-12-16 18:33:11.133 | INFO     | fastCARTA:build_cdmp_model:180 - Added 420000/745578 linking constraints...
2024-12-16 18:33:11.150 | INFO     | fastCARTA:build_cdmp_model:180 - Added 421000/745578 linking constraints...
2024-12-16 18:33:11.168 | INFO     | fastCARTA:build_cdmp_model:180 - Added 422000/745578 linking constraints...
2024-12-16 18:33:11.186 | INFO     | fastCARTA:build_cdmp_model:180 - Added 423000/745578 linking constraints...
2024-12-16 18:33:11.203 | INFO     | fastCARTA:build_cdmp_model:180 - Added 424000/745578 linking constraints...
2024-12-16 18:33:11.221 | INFO     | fastCARTA:build_cdmp_model:180 - Added 425000/745578 linking constraints...
2024-12-16 18:33:11.239 | INFO     | fastCARTA:build_cdmp_model:180 - Added 426000/745578 linking constraints...
2024-12-16 18:33:11.256 | INFO     | fastCARTA:build_cdmp_model:180 - Added 427000/745578 linking constraints...
2024-12-16 18:33:11.274 | INFO     | fastCARTA:build_cdmp_model:180 - Added 428000/745578 linking constraints...
2024-12-16 18:33:11.292 | INFO     | fastCARTA:build_cdmp_model:180 - Added 429000/745578 linking constraints...
2024-12-16 18:33:11.309 | INFO     | fastCARTA:build_cdmp_model:180 - Added 430000/745578 linking constraints...
2024-12-16 18:33:11.327 | INFO     | fastCARTA:build_cdmp_model:180 - Added 431000/745578 linking constraints...
2024-12-16 18:33:11.344 | INFO     | fastCARTA:build_cdmp_model:180 - Added 432000/745578 linking constraints...
2024-12-16 18:33:11.362 | INFO     | fastCARTA:build_cdmp_model:180 - Added 433000/745578 linking constraints...
2024-12-16 18:33:11.380 | INFO     | fastCARTA:build_cdmp_model:180 - Added 434000/745578 linking constraints...
2024-12-16 18:33:11.398 | INFO     | fastCARTA:build_cdmp_model:180 - Added 435000/745578 linking constraints...
2024-12-16 18:33:11.416 | INFO     | fastCARTA:build_cdmp_model:180 - Added 436000/745578 linking constraints...
2024-12-16 18:33:11.433 | INFO     | fastCARTA:build_cdmp_model:180 - Added 437000/745578 linking constraints...
2024-12-16 18:33:11.451 | INFO     | fastCARTA:build_cdmp_model:180 - Added 438000/745578 linking constraints...
2024-12-16 18:33:11.469 | INFO     | fastCARTA:build_cdmp_model:180 - Added 439000/745578 linking constraints...
2024-12-16 18:33:11.486 | INFO     | fastCARTA:build_cdmp_model:180 - Added 440000/745578 linking constraints...
2024-12-16 18:33:11.504 | INFO     | fastCARTA:build_cdmp_model:180 - Added 441000/745578 linking constraints...
2024-12-16 18:33:11.522 | INFO     | fastCARTA:build_cdmp_model:180 - Added 442000/745578 linking constraints...
2024-12-16 18:33:11.539 | INFO     | fastCARTA:build_cdmp_model:180 - Added 443000/745578 linking constraints...
2024-12-16 18:33:11.557 | INFO     | fastCARTA:build_cdmp_model:180 - Added 444000/745578 linking constraints...
2024-12-16 18:33:11.574 | INFO     | fastCARTA:build_cdmp_model:180 - Added 445000/745578 linking constraints...
2024-12-16 18:33:11.592 | INFO     | fastCARTA:build_cdmp_model:180 - Added 446000/745578 linking constraints...
2024-12-16 18:33:11.610 | INFO     | fastCARTA:build_cdmp_model:180 - Added 447000/745578 linking constraints...
2024-12-16 18:33:11.627 | INFO     | fastCARTA:build_cdmp_model:180 - Added 448000/745578 linking constraints...
2024-12-16 18:33:11.645 | INFO     | fastCARTA:build_cdmp_model:180 - Added 449000/745578 linking constraints...
2024-12-16 18:33:11.662 | INFO     | fastCARTA:build_cdmp_model:180 - Added 450000/745578 linking constraints...
2024-12-16 18:33:11.680 | INFO     | fastCARTA:build_cdmp_model:180 - Added 451000/745578 linking constraints...
2024-12-16 18:33:11.698 | INFO     | fastCARTA:build_cdmp_model:180 - Added 452000/745578 linking constraints...
2024-12-16 18:33:11.716 | INFO     | fastCARTA:build_cdmp_model:180 - Added 453000/745578 linking constraints...
2024-12-16 18:33:11.734 | INFO     | fastCARTA:build_cdmp_model:180 - Added 454000/745578 linking constraints...
2024-12-16 18:33:11.751 | INFO     | fastCARTA:build_cdmp_model:180 - Added 455000/745578 linking constraints...
2024-12-16 18:33:11.769 | INFO     | fastCARTA:build_cdmp_model:180 - Added 456000/745578 linking constraints...
2024-12-16 18:33:11.787 | INFO     | fastCARTA:build_cdmp_model:180 - Added 457000/745578 linking constraints...
2024-12-16 18:33:11.805 | INFO     | fastCARTA:build_cdmp_model:180 - Added 458000/745578 linking constraints...
2024-12-16 18:33:11.823 | INFO     | fastCARTA:build_cdmp_model:180 - Added 459000/745578 linking constraints...
2024-12-16 18:33:11.840 | INFO     | fastCARTA:build_cdmp_model:180 - Added 460000/745578 linking constraints...
2024-12-16 18:33:11.858 | INFO     | fastCARTA:build_cdmp_model:180 - Added 461000/745578 linking constraints...
2024-12-16 18:33:11.876 | INFO     | fastCARTA:build_cdmp_model:180 - Added 462000/745578 linking constraints...
2024-12-16 18:33:11.894 | INFO     | fastCARTA:build_cdmp_model:180 - Added 463000/745578 linking constraints...
2024-12-16 18:33:11.912 | INFO     | fastCARTA:build_cdmp_model:180 - Added 464000/745578 linking constraints...
2024-12-16 18:33:11.929 | INFO     | fastCARTA:build_cdmp_model:180 - Added 465000/745578 linking constraints...
2024-12-16 18:33:11.947 | INFO     | fastCARTA:build_cdmp_model:180 - Added 466000/745578 linking constraints...
2024-12-16 18:33:11.965 | INFO     | fastCARTA:build_cdmp_model:180 - Added 467000/745578 linking constraints...
2024-12-16 18:33:11.982 | INFO     | fastCARTA:build_cdmp_model:180 - Added 468000/745578 linking constraints...
2024-12-16 18:33:12.000 | INFO     | fastCARTA:build_cdmp_model:180 - Added 469000/745578 linking constraints...
2024-12-16 18:33:12.017 | INFO     | fastCARTA:build_cdmp_model:180 - Added 470000/745578 linking constraints...
2024-12-16 18:33:12.035 | INFO     | fastCARTA:build_cdmp_model:180 - Added 471000/745578 linking constraints...
2024-12-16 18:33:12.053 | INFO     | fastCARTA:build_cdmp_model:180 - Added 472000/745578 linking constraints...
2024-12-16 18:33:12.071 | INFO     | fastCARTA:build_cdmp_model:180 - Added 473000/745578 linking constraints...
2024-12-16 18:33:12.089 | INFO     | fastCARTA:build_cdmp_model:180 - Added 474000/745578 linking constraints...
2024-12-16 18:33:12.106 | INFO     | fastCARTA:build_cdmp_model:180 - Added 475000/745578 linking constraints...
2024-12-16 18:33:12.124 | INFO     | fastCARTA:build_cdmp_model:180 - Added 476000/745578 linking constraints...
2024-12-16 18:33:12.141 | INFO     | fastCARTA:build_cdmp_model:180 - Added 477000/745578 linking constraints...
2024-12-16 18:33:12.159 | INFO     | fastCARTA:build_cdmp_model:180 - Added 478000/745578 linking constraints...
2024-12-16 18:33:12.177 | INFO     | fastCARTA:build_cdmp_model:180 - Added 479000/745578 linking constraints...
2024-12-16 18:33:12.195 | INFO     | fastCARTA:build_cdmp_model:180 - Added 480000/745578 linking constraints...
2024-12-16 18:33:12.212 | INFO     | fastCARTA:build_cdmp_model:180 - Added 481000/745578 linking constraints...
2024-12-16 18:33:12.230 | INFO     | fastCARTA:build_cdmp_model:180 - Added 482000/745578 linking constraints...
2024-12-16 18:33:12.248 | INFO     | fastCARTA:build_cdmp_model:180 - Added 483000/745578 linking constraints...
2024-12-16 18:33:12.266 | INFO     | fastCARTA:build_cdmp_model:180 - Added 484000/745578 linking constraints...
2024-12-16 18:33:12.284 | INFO     | fastCARTA:build_cdmp_model:180 - Added 485000/745578 linking constraints...
2024-12-16 18:33:12.301 | INFO     | fastCARTA:build_cdmp_model:180 - Added 486000/745578 linking constraints...
2024-12-16 18:33:12.319 | INFO     | fastCARTA:build_cdmp_model:180 - Added 487000/745578 linking constraints...
2024-12-16 18:33:12.337 | INFO     | fastCARTA:build_cdmp_model:180 - Added 488000/745578 linking constraints...
2024-12-16 18:33:12.354 | INFO     | fastCARTA:build_cdmp_model:180 - Added 489000/745578 linking constraints...
2024-12-16 18:33:12.372 | INFO     | fastCARTA:build_cdmp_model:180 - Added 490000/745578 linking constraints...
2024-12-16 18:33:12.389 | INFO     | fastCARTA:build_cdmp_model:180 - Added 491000/745578 linking constraints...
2024-12-16 18:33:12.407 | INFO     | fastCARTA:build_cdmp_model:180 - Added 492000/745578 linking constraints...
2024-12-16 18:33:12.425 | INFO     | fastCARTA:build_cdmp_model:180 - Added 493000/745578 linking constraints...
2024-12-16 18:33:12.442 | INFO     | fastCARTA:build_cdmp_model:180 - Added 494000/745578 linking constraints...
2024-12-16 18:33:12.460 | INFO     | fastCARTA:build_cdmp_model:180 - Added 495000/745578 linking constraints...
2024-12-16 18:33:12.478 | INFO     | fastCARTA:build_cdmp_model:180 - Added 496000/745578 linking constraints...
2024-12-16 18:33:12.495 | INFO     | fastCARTA:build_cdmp_model:180 - Added 497000/745578 linking constraints...
2024-12-16 18:33:12.513 | INFO     | fastCARTA:build_cdmp_model:180 - Added 498000/745578 linking constraints...
2024-12-16 18:33:12.531 | INFO     | fastCARTA:build_cdmp_model:180 - Added 499000/745578 linking constraints...
2024-12-16 18:33:12.549 | INFO     | fastCARTA:build_cdmp_model:180 - Added 500000/745578 linking constraints...
2024-12-16 18:33:12.567 | INFO     | fastCARTA:build_cdmp_model:180 - Added 501000/745578 linking constraints...
2024-12-16 18:33:12.584 | INFO     | fastCARTA:build_cdmp_model:180 - Added 502000/745578 linking constraints...
2024-12-16 18:33:12.602 | INFO     | fastCARTA:build_cdmp_model:180 - Added 503000/745578 linking constraints...
2024-12-16 18:33:12.620 | INFO     | fastCARTA:build_cdmp_model:180 - Added 504000/745578 linking constraints...
2024-12-16 18:33:12.637 | INFO     | fastCARTA:build_cdmp_model:180 - Added 505000/745578 linking constraints...
2024-12-16 18:33:12.655 | INFO     | fastCARTA:build_cdmp_model:180 - Added 506000/745578 linking constraints...
2024-12-16 18:33:12.673 | INFO     | fastCARTA:build_cdmp_model:180 - Added 507000/745578 linking constraints...
2024-12-16 18:33:12.690 | INFO     | fastCARTA:build_cdmp_model:180 - Added 508000/745578 linking constraints...
2024-12-16 18:33:12.708 | INFO     | fastCARTA:build_cdmp_model:180 - Added 509000/745578 linking constraints...
2024-12-16 18:33:12.725 | INFO     | fastCARTA:build_cdmp_model:180 - Added 510000/745578 linking constraints...
2024-12-16 18:33:12.743 | INFO     | fastCARTA:build_cdmp_model:180 - Added 511000/745578 linking constraints...
2024-12-16 18:33:12.761 | INFO     | fastCARTA:build_cdmp_model:180 - Added 512000/745578 linking constraints...
2024-12-16 18:33:12.779 | INFO     | fastCARTA:build_cdmp_model:180 - Added 513000/745578 linking constraints...
2024-12-16 18:33:12.797 | INFO     | fastCARTA:build_cdmp_model:180 - Added 514000/745578 linking constraints...
2024-12-16 18:33:12.815 | INFO     | fastCARTA:build_cdmp_model:180 - Added 515000/745578 linking constraints...
2024-12-16 18:33:12.832 | INFO     | fastCARTA:build_cdmp_model:180 - Added 516000/745578 linking constraints...
2024-12-16 18:33:12.850 | INFO     | fastCARTA:build_cdmp_model:180 - Added 517000/745578 linking constraints...
2024-12-16 18:33:12.867 | INFO     | fastCARTA:build_cdmp_model:180 - Added 518000/745578 linking constraints...
2024-12-16 18:33:12.885 | INFO     | fastCARTA:build_cdmp_model:180 - Added 519000/745578 linking constraints...
2024-12-16 18:33:12.903 | INFO     | fastCARTA:build_cdmp_model:180 - Added 520000/745578 linking constraints...
2024-12-16 18:33:12.920 | INFO     | fastCARTA:build_cdmp_model:180 - Added 521000/745578 linking constraints...
2024-12-16 18:33:12.939 | INFO     | fastCARTA:build_cdmp_model:180 - Added 522000/745578 linking constraints...
2024-12-16 18:33:12.956 | INFO     | fastCARTA:build_cdmp_model:180 - Added 523000/745578 linking constraints...
2024-12-16 18:33:12.974 | INFO     | fastCARTA:build_cdmp_model:180 - Added 524000/745578 linking constraints...
2024-12-16 18:33:12.992 | INFO     | fastCARTA:build_cdmp_model:180 - Added 525000/745578 linking constraints...
2024-12-16 18:33:13.009 | INFO     | fastCARTA:build_cdmp_model:180 - Added 526000/745578 linking constraints...
2024-12-16 18:33:13.027 | INFO     | fastCARTA:build_cdmp_model:180 - Added 527000/745578 linking constraints...
2024-12-16 18:33:13.045 | INFO     | fastCARTA:build_cdmp_model:180 - Added 528000/745578 linking constraints...
2024-12-16 18:33:13.062 | INFO     | fastCARTA:build_cdmp_model:180 - Added 529000/745578 linking constraints...
2024-12-16 18:33:13.080 | INFO     | fastCARTA:build_cdmp_model:180 - Added 530000/745578 linking constraints...
2024-12-16 18:33:13.098 | INFO     | fastCARTA:build_cdmp_model:180 - Added 531000/745578 linking constraints...
2024-12-16 18:33:13.116 | INFO     | fastCARTA:build_cdmp_model:180 - Added 532000/745578 linking constraints...
2024-12-16 18:33:13.133 | INFO     | fastCARTA:build_cdmp_model:180 - Added 533000/745578 linking constraints...
2024-12-16 18:33:13.151 | INFO     | fastCARTA:build_cdmp_model:180 - Added 534000/745578 linking constraints...
2024-12-16 18:33:13.169 | INFO     | fastCARTA:build_cdmp_model:180 - Added 535000/745578 linking constraints...
2024-12-16 18:33:13.186 | INFO     | fastCARTA:build_cdmp_model:180 - Added 536000/745578 linking constraints...
2024-12-16 18:33:13.204 | INFO     | fastCARTA:build_cdmp_model:180 - Added 537000/745578 linking constraints...
2024-12-16 18:33:13.222 | INFO     | fastCARTA:build_cdmp_model:180 - Added 538000/745578 linking constraints...
2024-12-16 18:33:13.240 | INFO     | fastCARTA:build_cdmp_model:180 - Added 539000/745578 linking constraints...
2024-12-16 18:33:13.258 | INFO     | fastCARTA:build_cdmp_model:180 - Added 540000/745578 linking constraints...
2024-12-16 18:33:13.275 | INFO     | fastCARTA:build_cdmp_model:180 - Added 541000/745578 linking constraints...
2024-12-16 18:33:13.292 | INFO     | fastCARTA:build_cdmp_model:180 - Added 542000/745578 linking constraints...
2024-12-16 18:33:13.310 | INFO     | fastCARTA:build_cdmp_model:180 - Added 543000/745578 linking constraints...
2024-12-16 18:33:13.328 | INFO     | fastCARTA:build_cdmp_model:180 - Added 544000/745578 linking constraints...
2024-12-16 18:33:13.345 | INFO     | fastCARTA:build_cdmp_model:180 - Added 545000/745578 linking constraints...
2024-12-16 18:33:13.363 | INFO     | fastCARTA:build_cdmp_model:180 - Added 546000/745578 linking constraints...
2024-12-16 18:33:13.381 | INFO     | fastCARTA:build_cdmp_model:180 - Added 547000/745578 linking constraints...
2024-12-16 18:33:13.399 | INFO     | fastCARTA:build_cdmp_model:180 - Added 548000/745578 linking constraints...
2024-12-16 18:33:13.417 | INFO     | fastCARTA:build_cdmp_model:180 - Added 549000/745578 linking constraints...
2024-12-16 18:33:13.434 | INFO     | fastCARTA:build_cdmp_model:180 - Added 550000/745578 linking constraints...
2024-12-16 18:33:13.452 | INFO     | fastCARTA:build_cdmp_model:180 - Added 551000/745578 linking constraints...
2024-12-16 18:33:13.470 | INFO     | fastCARTA:build_cdmp_model:180 - Added 552000/745578 linking constraints...
2024-12-16 18:33:13.488 | INFO     | fastCARTA:build_cdmp_model:180 - Added 553000/745578 linking constraints...
2024-12-16 18:33:13.505 | INFO     | fastCARTA:build_cdmp_model:180 - Added 554000/745578 linking constraints...
2024-12-16 18:33:13.523 | INFO     | fastCARTA:build_cdmp_model:180 - Added 555000/745578 linking constraints...
2024-12-16 18:33:13.541 | INFO     | fastCARTA:build_cdmp_model:180 - Added 556000/745578 linking constraints...
2024-12-16 18:33:13.559 | INFO     | fastCARTA:build_cdmp_model:180 - Added 557000/745578 linking constraints...
2024-12-16 18:33:13.594 | INFO     | fastCARTA:build_cdmp_model:180 - Added 558000/745578 linking constraints...
2024-12-16 18:33:13.612 | INFO     | fastCARTA:build_cdmp_model:180 - Added 559000/745578 linking constraints...
2024-12-16 18:33:13.629 | INFO     | fastCARTA:build_cdmp_model:180 - Added 560000/745578 linking constraints...
2024-12-16 18:33:13.647 | INFO     | fastCARTA:build_cdmp_model:180 - Added 561000/745578 linking constraints...
2024-12-16 18:33:13.664 | INFO     | fastCARTA:build_cdmp_model:180 - Added 562000/745578 linking constraints...
2024-12-16 18:33:13.683 | INFO     | fastCARTA:build_cdmp_model:180 - Added 563000/745578 linking constraints...
2024-12-16 18:33:13.701 | INFO     | fastCARTA:build_cdmp_model:180 - Added 564000/745578 linking constraints...
2024-12-16 18:33:13.719 | INFO     | fastCARTA:build_cdmp_model:180 - Added 565000/745578 linking constraints...
2024-12-16 18:33:13.737 | INFO     | fastCARTA:build_cdmp_model:180 - Added 566000/745578 linking constraints...
2024-12-16 18:33:13.755 | INFO     | fastCARTA:build_cdmp_model:180 - Added 567000/745578 linking constraints...
2024-12-16 18:33:13.772 | INFO     | fastCARTA:build_cdmp_model:180 - Added 568000/745578 linking constraints...
2024-12-16 18:33:13.790 | INFO     | fastCARTA:build_cdmp_model:180 - Added 569000/745578 linking constraints...
2024-12-16 18:33:13.807 | INFO     | fastCARTA:build_cdmp_model:180 - Added 570000/745578 linking constraints...
2024-12-16 18:33:13.825 | INFO     | fastCARTA:build_cdmp_model:180 - Added 571000/745578 linking constraints...
2024-12-16 18:33:13.843 | INFO     | fastCARTA:build_cdmp_model:180 - Added 572000/745578 linking constraints...
2024-12-16 18:33:13.860 | INFO     | fastCARTA:build_cdmp_model:180 - Added 573000/745578 linking constraints...
2024-12-16 18:33:13.878 | INFO     | fastCARTA:build_cdmp_model:180 - Added 574000/745578 linking constraints...
2024-12-16 18:33:13.896 | INFO     | fastCARTA:build_cdmp_model:180 - Added 575000/745578 linking constraints...
2024-12-16 18:33:13.914 | INFO     | fastCARTA:build_cdmp_model:180 - Added 576000/745578 linking constraints...
2024-12-16 18:33:13.932 | INFO     | fastCARTA:build_cdmp_model:180 - Added 577000/745578 linking constraints...
2024-12-16 18:33:13.949 | INFO     | fastCARTA:build_cdmp_model:180 - Added 578000/745578 linking constraints...
2024-12-16 18:33:13.967 | INFO     | fastCARTA:build_cdmp_model:180 - Added 579000/745578 linking constraints...
2024-12-16 18:33:13.985 | INFO     | fastCARTA:build_cdmp_model:180 - Added 580000/745578 linking constraints...
2024-12-16 18:33:14.002 | INFO     | fastCARTA:build_cdmp_model:180 - Added 581000/745578 linking constraints...
2024-12-16 18:33:14.020 | INFO     | fastCARTA:build_cdmp_model:180 - Added 582000/745578 linking constraints...
2024-12-16 18:33:14.038 | INFO     | fastCARTA:build_cdmp_model:180 - Added 583000/745578 linking constraints...
2024-12-16 18:33:14.056 | INFO     | fastCARTA:build_cdmp_model:180 - Added 584000/745578 linking constraints...
2024-12-16 18:33:14.074 | INFO     | fastCARTA:build_cdmp_model:180 - Added 585000/745578 linking constraints...
2024-12-16 18:33:14.091 | INFO     | fastCARTA:build_cdmp_model:180 - Added 586000/745578 linking constraints...
2024-12-16 18:33:14.109 | INFO     | fastCARTA:build_cdmp_model:180 - Added 587000/745578 linking constraints...
2024-12-16 18:33:14.127 | INFO     | fastCARTA:build_cdmp_model:180 - Added 588000/745578 linking constraints...
2024-12-16 18:33:14.146 | INFO     | fastCARTA:build_cdmp_model:180 - Added 589000/745578 linking constraints...
2024-12-16 18:33:14.163 | INFO     | fastCARTA:build_cdmp_model:180 - Added 590000/745578 linking constraints...
2024-12-16 18:33:14.181 | INFO     | fastCARTA:build_cdmp_model:180 - Added 591000/745578 linking constraints...
2024-12-16 18:33:14.199 | INFO     | fastCARTA:build_cdmp_model:180 - Added 592000/745578 linking constraints...
2024-12-16 18:33:14.216 | INFO     | fastCARTA:build_cdmp_model:180 - Added 593000/745578 linking constraints...
2024-12-16 18:33:14.234 | INFO     | fastCARTA:build_cdmp_model:180 - Added 594000/745578 linking constraints...
2024-12-16 18:33:14.253 | INFO     | fastCARTA:build_cdmp_model:180 - Added 595000/745578 linking constraints...
2024-12-16 18:33:14.270 | INFO     | fastCARTA:build_cdmp_model:180 - Added 596000/745578 linking constraints...
2024-12-16 18:33:14.288 | INFO     | fastCARTA:build_cdmp_model:180 - Added 597000/745578 linking constraints...
2024-12-16 18:33:14.306 | INFO     | fastCARTA:build_cdmp_model:180 - Added 598000/745578 linking constraints...
2024-12-16 18:33:14.324 | INFO     | fastCARTA:build_cdmp_model:180 - Added 599000/745578 linking constraints...
2024-12-16 18:33:14.341 | INFO     | fastCARTA:build_cdmp_model:180 - Added 600000/745578 linking constraints...
2024-12-16 18:33:14.359 | INFO     | fastCARTA:build_cdmp_model:180 - Added 601000/745578 linking constraints...
2024-12-16 18:33:14.377 | INFO     | fastCARTA:build_cdmp_model:180 - Added 602000/745578 linking constraints...
2024-12-16 18:33:14.395 | INFO     | fastCARTA:build_cdmp_model:180 - Added 603000/745578 linking constraints...
2024-12-16 18:33:14.413 | INFO     | fastCARTA:build_cdmp_model:180 - Added 604000/745578 linking constraints...
2024-12-16 18:33:15.142 | INFO     | fastCARTA:build_cdmp_model:180 - Added 605000/745578 linking constraints...
2024-12-16 18:33:15.160 | INFO     | fastCARTA:build_cdmp_model:180 - Added 606000/745578 linking constraints...
2024-12-16 18:33:15.177 | INFO     | fastCARTA:build_cdmp_model:180 - Added 607000/745578 linking constraints...
2024-12-16 18:33:15.195 | INFO     | fastCARTA:build_cdmp_model:180 - Added 608000/745578 linking constraints...
2024-12-16 18:33:15.213 | INFO     | fastCARTA:build_cdmp_model:180 - Added 609000/745578 linking constraints...
2024-12-16 18:33:15.231 | INFO     | fastCARTA:build_cdmp_model:180 - Added 610000/745578 linking constraints...
2024-12-16 18:33:15.248 | INFO     | fastCARTA:build_cdmp_model:180 - Added 611000/745578 linking constraints...
2024-12-16 18:33:15.266 | INFO     | fastCARTA:build_cdmp_model:180 - Added 612000/745578 linking constraints...
2024-12-16 18:33:15.284 | INFO     | fastCARTA:build_cdmp_model:180 - Added 613000/745578 linking constraints...
2024-12-16 18:33:15.302 | INFO     | fastCARTA:build_cdmp_model:180 - Added 614000/745578 linking constraints...
2024-12-16 18:33:15.320 | INFO     | fastCARTA:build_cdmp_model:180 - Added 615000/745578 linking constraints...
2024-12-16 18:33:15.338 | INFO     | fastCARTA:build_cdmp_model:180 - Added 616000/745578 linking constraints...
2024-12-16 18:33:15.356 | INFO     | fastCARTA:build_cdmp_model:180 - Added 617000/745578 linking constraints...
2024-12-16 18:33:15.379 | INFO     | fastCARTA:build_cdmp_model:180 - Added 618000/745578 linking constraints...
2024-12-16 18:33:15.396 | INFO     | fastCARTA:build_cdmp_model:180 - Added 619000/745578 linking constraints...
2024-12-16 18:33:15.414 | INFO     | fastCARTA:build_cdmp_model:180 - Added 620000/745578 linking constraints...
2024-12-16 18:33:15.432 | INFO     | fastCARTA:build_cdmp_model:180 - Added 621000/745578 linking constraints...
2024-12-16 18:33:15.451 | INFO     | fastCARTA:build_cdmp_model:180 - Added 622000/745578 linking constraints...
2024-12-16 18:33:15.468 | INFO     | fastCARTA:build_cdmp_model:180 - Added 623000/745578 linking constraints...
2024-12-16 18:33:15.486 | INFO     | fastCARTA:build_cdmp_model:180 - Added 624000/745578 linking constraints...
2024-12-16 18:33:15.504 | INFO     | fastCARTA:build_cdmp_model:180 - Added 625000/745578 linking constraints...
2024-12-16 18:33:15.522 | INFO     | fastCARTA:build_cdmp_model:180 - Added 626000/745578 linking constraints...
2024-12-16 18:33:15.540 | INFO     | fastCARTA:build_cdmp_model:180 - Added 627000/745578 linking constraints...
2024-12-16 18:33:15.558 | INFO     | fastCARTA:build_cdmp_model:180 - Added 628000/745578 linking constraints...
2024-12-16 18:33:15.577 | INFO     | fastCARTA:build_cdmp_model:180 - Added 629000/745578 linking constraints...
2024-12-16 18:33:15.595 | INFO     | fastCARTA:build_cdmp_model:180 - Added 630000/745578 linking constraints...
2024-12-16 18:33:15.612 | INFO     | fastCARTA:build_cdmp_model:180 - Added 631000/745578 linking constraints...
2024-12-16 18:33:15.630 | INFO     | fastCARTA:build_cdmp_model:180 - Added 632000/745578 linking constraints...
2024-12-16 18:33:15.648 | INFO     | fastCARTA:build_cdmp_model:180 - Added 633000/745578 linking constraints...
2024-12-16 18:33:15.666 | INFO     | fastCARTA:build_cdmp_model:180 - Added 634000/745578 linking constraints...
2024-12-16 18:33:15.684 | INFO     | fastCARTA:build_cdmp_model:180 - Added 635000/745578 linking constraints...
2024-12-16 18:33:15.702 | INFO     | fastCARTA:build_cdmp_model:180 - Added 636000/745578 linking constraints...
2024-12-16 18:33:15.720 | INFO     | fastCARTA:build_cdmp_model:180 - Added 637000/745578 linking constraints...
2024-12-16 18:33:15.738 | INFO     | fastCARTA:build_cdmp_model:180 - Added 638000/745578 linking constraints...
2024-12-16 18:33:15.756 | INFO     | fastCARTA:build_cdmp_model:180 - Added 639000/745578 linking constraints...
2024-12-16 18:33:15.774 | INFO     | fastCARTA:build_cdmp_model:180 - Added 640000/745578 linking constraints...
2024-12-16 18:33:15.794 | INFO     | fastCARTA:build_cdmp_model:180 - Added 641000/745578 linking constraints...
2024-12-16 18:33:15.811 | INFO     | fastCARTA:build_cdmp_model:180 - Added 642000/745578 linking constraints...
2024-12-16 18:33:15.830 | INFO     | fastCARTA:build_cdmp_model:180 - Added 643000/745578 linking constraints...
2024-12-16 18:33:15.847 | INFO     | fastCARTA:build_cdmp_model:180 - Added 644000/745578 linking constraints...
2024-12-16 18:33:15.865 | INFO     | fastCARTA:build_cdmp_model:180 - Added 645000/745578 linking constraints...
2024-12-16 18:33:15.883 | INFO     | fastCARTA:build_cdmp_model:180 - Added 646000/745578 linking constraints...
2024-12-16 18:33:15.902 | INFO     | fastCARTA:build_cdmp_model:180 - Added 647000/745578 linking constraints...
2024-12-16 18:33:15.919 | INFO     | fastCARTA:build_cdmp_model:180 - Added 648000/745578 linking constraints...
2024-12-16 18:33:15.938 | INFO     | fastCARTA:build_cdmp_model:180 - Added 649000/745578 linking constraints...
2024-12-16 18:33:15.955 | INFO     | fastCARTA:build_cdmp_model:180 - Added 650000/745578 linking constraints...
2024-12-16 18:33:15.973 | INFO     | fastCARTA:build_cdmp_model:180 - Added 651000/745578 linking constraints...
2024-12-16 18:33:15.991 | INFO     | fastCARTA:build_cdmp_model:180 - Added 652000/745578 linking constraints...
2024-12-16 18:33:16.010 | INFO     | fastCARTA:build_cdmp_model:180 - Added 653000/745578 linking constraints...
2024-12-16 18:33:16.027 | INFO     | fastCARTA:build_cdmp_model:180 - Added 654000/745578 linking constraints...
2024-12-16 18:33:16.045 | INFO     | fastCARTA:build_cdmp_model:180 - Added 655000/745578 linking constraints...
2024-12-16 18:33:16.063 | INFO     | fastCARTA:build_cdmp_model:180 - Added 656000/745578 linking constraints...
2024-12-16 18:33:16.081 | INFO     | fastCARTA:build_cdmp_model:180 - Added 657000/745578 linking constraints...
2024-12-16 18:33:16.099 | INFO     | fastCARTA:build_cdmp_model:180 - Added 658000/745578 linking constraints...
2024-12-16 18:33:16.117 | INFO     | fastCARTA:build_cdmp_model:180 - Added 659000/745578 linking constraints...
2024-12-16 18:33:16.135 | INFO     | fastCARTA:build_cdmp_model:180 - Added 660000/745578 linking constraints...
2024-12-16 18:33:16.153 | INFO     | fastCARTA:build_cdmp_model:180 - Added 661000/745578 linking constraints...
2024-12-16 18:33:16.171 | INFO     | fastCARTA:build_cdmp_model:180 - Added 662000/745578 linking constraints...
2024-12-16 18:33:16.189 | INFO     | fastCARTA:build_cdmp_model:180 - Added 663000/745578 linking constraints...
2024-12-16 18:33:16.207 | INFO     | fastCARTA:build_cdmp_model:180 - Added 664000/745578 linking constraints...
2024-12-16 18:33:16.225 | INFO     | fastCARTA:build_cdmp_model:180 - Added 665000/745578 linking constraints...
2024-12-16 18:33:16.243 | INFO     | fastCARTA:build_cdmp_model:180 - Added 666000/745578 linking constraints...
2024-12-16 18:33:16.261 | INFO     | fastCARTA:build_cdmp_model:180 - Added 667000/745578 linking constraints...
2024-12-16 18:33:16.279 | INFO     | fastCARTA:build_cdmp_model:180 - Added 668000/745578 linking constraints...
2024-12-16 18:33:16.296 | INFO     | fastCARTA:build_cdmp_model:180 - Added 669000/745578 linking constraints...
2024-12-16 18:33:16.314 | INFO     | fastCARTA:build_cdmp_model:180 - Added 670000/745578 linking constraints...
2024-12-16 18:33:16.332 | INFO     | fastCARTA:build_cdmp_model:180 - Added 671000/745578 linking constraints...
2024-12-16 18:33:16.350 | INFO     | fastCARTA:build_cdmp_model:180 - Added 672000/745578 linking constraints...
2024-12-16 18:33:16.368 | INFO     | fastCARTA:build_cdmp_model:180 - Added 673000/745578 linking constraints...
2024-12-16 18:33:16.386 | INFO     | fastCARTA:build_cdmp_model:180 - Added 674000/745578 linking constraints...
2024-12-16 18:33:16.404 | INFO     | fastCARTA:build_cdmp_model:180 - Added 675000/745578 linking constraints...
2024-12-16 18:33:16.421 | INFO     | fastCARTA:build_cdmp_model:180 - Added 676000/745578 linking constraints...
2024-12-16 18:33:16.439 | INFO     | fastCARTA:build_cdmp_model:180 - Added 677000/745578 linking constraints...
2024-12-16 18:33:16.457 | INFO     | fastCARTA:build_cdmp_model:180 - Added 678000/745578 linking constraints...
2024-12-16 18:33:16.475 | INFO     | fastCARTA:build_cdmp_model:180 - Added 679000/745578 linking constraints...
2024-12-16 18:33:16.493 | INFO     | fastCARTA:build_cdmp_model:180 - Added 680000/745578 linking constraints...
2024-12-16 18:33:16.511 | INFO     | fastCARTA:build_cdmp_model:180 - Added 681000/745578 linking constraints...
2024-12-16 18:33:16.529 | INFO     | fastCARTA:build_cdmp_model:180 - Added 682000/745578 linking constraints...
2024-12-16 18:33:16.547 | INFO     | fastCARTA:build_cdmp_model:180 - Added 683000/745578 linking constraints...
2024-12-16 18:33:16.565 | INFO     | fastCARTA:build_cdmp_model:180 - Added 684000/745578 linking constraints...
2024-12-16 18:33:16.583 | INFO     | fastCARTA:build_cdmp_model:180 - Added 685000/745578 linking constraints...
2024-12-16 18:33:16.601 | INFO     | fastCARTA:build_cdmp_model:180 - Added 686000/745578 linking constraints...
2024-12-16 18:33:16.619 | INFO     | fastCARTA:build_cdmp_model:180 - Added 687000/745578 linking constraints...
2024-12-16 18:33:16.637 | INFO     | fastCARTA:build_cdmp_model:180 - Added 688000/745578 linking constraints...
2024-12-16 18:33:16.655 | INFO     | fastCARTA:build_cdmp_model:180 - Added 689000/745578 linking constraints...
2024-12-16 18:33:16.673 | INFO     | fastCARTA:build_cdmp_model:180 - Added 690000/745578 linking constraints...
2024-12-16 18:33:16.691 | INFO     | fastCARTA:build_cdmp_model:180 - Added 691000/745578 linking constraints...
2024-12-16 18:33:16.708 | INFO     | fastCARTA:build_cdmp_model:180 - Added 692000/745578 linking constraints...
2024-12-16 18:33:16.726 | INFO     | fastCARTA:build_cdmp_model:180 - Added 693000/745578 linking constraints...
2024-12-16 18:33:16.745 | INFO     | fastCARTA:build_cdmp_model:180 - Added 694000/745578 linking constraints...
2024-12-16 18:33:16.764 | INFO     | fastCARTA:build_cdmp_model:180 - Added 695000/745578 linking constraints...
2024-12-16 18:33:16.782 | INFO     | fastCARTA:build_cdmp_model:180 - Added 696000/745578 linking constraints...
2024-12-16 18:33:16.800 | INFO     | fastCARTA:build_cdmp_model:180 - Added 697000/745578 linking constraints...
2024-12-16 18:33:16.818 | INFO     | fastCARTA:build_cdmp_model:180 - Added 698000/745578 linking constraints...
2024-12-16 18:33:16.836 | INFO     | fastCARTA:build_cdmp_model:180 - Added 699000/745578 linking constraints...
2024-12-16 18:33:16.854 | INFO     | fastCARTA:build_cdmp_model:180 - Added 700000/745578 linking constraints...
2024-12-16 18:33:16.872 | INFO     | fastCARTA:build_cdmp_model:180 - Added 701000/745578 linking constraints...
2024-12-16 18:33:16.890 | INFO     | fastCARTA:build_cdmp_model:180 - Added 702000/745578 linking constraints...
2024-12-16 18:33:16.908 | INFO     | fastCARTA:build_cdmp_model:180 - Added 703000/745578 linking constraints...
2024-12-16 18:33:16.927 | INFO     | fastCARTA:build_cdmp_model:180 - Added 704000/745578 linking constraints...
2024-12-16 18:33:16.945 | INFO     | fastCARTA:build_cdmp_model:180 - Added 705000/745578 linking constraints...
2024-12-16 18:33:16.963 | INFO     | fastCARTA:build_cdmp_model:180 - Added 706000/745578 linking constraints...
2024-12-16 18:33:16.981 | INFO     | fastCARTA:build_cdmp_model:180 - Added 707000/745578 linking constraints...
2024-12-16 18:33:16.999 | INFO     | fastCARTA:build_cdmp_model:180 - Added 708000/745578 linking constraints...
2024-12-16 18:33:17.017 | INFO     | fastCARTA:build_cdmp_model:180 - Added 709000/745578 linking constraints...
2024-12-16 18:33:17.035 | INFO     | fastCARTA:build_cdmp_model:180 - Added 710000/745578 linking constraints...
2024-12-16 18:33:17.053 | INFO     | fastCARTA:build_cdmp_model:180 - Added 711000/745578 linking constraints...
2024-12-16 18:33:17.071 | INFO     | fastCARTA:build_cdmp_model:180 - Added 712000/745578 linking constraints...
2024-12-16 18:33:17.089 | INFO     | fastCARTA:build_cdmp_model:180 - Added 713000/745578 linking constraints...
2024-12-16 18:33:17.107 | INFO     | fastCARTA:build_cdmp_model:180 - Added 714000/745578 linking constraints...
2024-12-16 18:33:17.125 | INFO     | fastCARTA:build_cdmp_model:180 - Added 715000/745578 linking constraints...
2024-12-16 18:33:17.143 | INFO     | fastCARTA:build_cdmp_model:180 - Added 716000/745578 linking constraints...
2024-12-16 18:33:17.161 | INFO     | fastCARTA:build_cdmp_model:180 - Added 717000/745578 linking constraints...
2024-12-16 18:33:17.179 | INFO     | fastCARTA:build_cdmp_model:180 - Added 718000/745578 linking constraints...
2024-12-16 18:33:17.198 | INFO     | fastCARTA:build_cdmp_model:180 - Added 719000/745578 linking constraints...
2024-12-16 18:33:17.216 | INFO     | fastCARTA:build_cdmp_model:180 - Added 720000/745578 linking constraints...
2024-12-16 18:33:17.234 | INFO     | fastCARTA:build_cdmp_model:180 - Added 721000/745578 linking constraints...
2024-12-16 18:33:17.252 | INFO     | fastCARTA:build_cdmp_model:180 - Added 722000/745578 linking constraints...
2024-12-16 18:33:17.270 | INFO     | fastCARTA:build_cdmp_model:180 - Added 723000/745578 linking constraints...
2024-12-16 18:33:17.288 | INFO     | fastCARTA:build_cdmp_model:180 - Added 724000/745578 linking constraints...
2024-12-16 18:33:17.306 | INFO     | fastCARTA:build_cdmp_model:180 - Added 725000/745578 linking constraints...
2024-12-16 18:33:17.324 | INFO     | fastCARTA:build_cdmp_model:180 - Added 726000/745578 linking constraints...
2024-12-16 18:33:17.343 | INFO     | fastCARTA:build_cdmp_model:180 - Added 727000/745578 linking constraints...
2024-12-16 18:33:17.361 | INFO     | fastCARTA:build_cdmp_model:180 - Added 728000/745578 linking constraints...
2024-12-16 18:33:17.379 | INFO     | fastCARTA:build_cdmp_model:180 - Added 729000/745578 linking constraints...
2024-12-16 18:33:17.397 | INFO     | fastCARTA:build_cdmp_model:180 - Added 730000/745578 linking constraints...
2024-12-16 18:33:17.415 | INFO     | fastCARTA:build_cdmp_model:180 - Added 731000/745578 linking constraints...
2024-12-16 18:33:17.433 | INFO     | fastCARTA:build_cdmp_model:180 - Added 732000/745578 linking constraints...
2024-12-16 18:33:17.451 | INFO     | fastCARTA:build_cdmp_model:180 - Added 733000/745578 linking constraints...
2024-12-16 18:33:17.469 | INFO     | fastCARTA:build_cdmp_model:180 - Added 734000/745578 linking constraints...
2024-12-16 18:33:17.487 | INFO     | fastCARTA:build_cdmp_model:180 - Added 735000/745578 linking constraints...
2024-12-16 18:33:17.505 | INFO     | fastCARTA:build_cdmp_model:180 - Added 736000/745578 linking constraints...
2024-12-16 18:33:17.524 | INFO     | fastCARTA:build_cdmp_model:180 - Added 737000/745578 linking constraints...
2024-12-16 18:33:17.541 | INFO     | fastCARTA:build_cdmp_model:180 - Added 738000/745578 linking constraints...
2024-12-16 18:33:17.560 | INFO     | fastCARTA:build_cdmp_model:180 - Added 739000/745578 linking constraints...
2024-12-16 18:33:17.577 | INFO     | fastCARTA:build_cdmp_model:180 - Added 740000/745578 linking constraints...
2024-12-16 18:33:17.595 | INFO     | fastCARTA:build_cdmp_model:180 - Added 741000/745578 linking constraints...
2024-12-16 18:33:17.613 | INFO     | fastCARTA:build_cdmp_model:180 - Added 742000/745578 linking constraints...
2024-12-16 18:33:17.632 | INFO     | fastCARTA:build_cdmp_model:180 - Added 743000/745578 linking constraints...
2024-12-16 18:33:17.649 | INFO     | fastCARTA:build_cdmp_model:180 - Added 744000/745578 linking constraints...
2024-12-16 18:33:17.668 | INFO     | fastCARTA:build_cdmp_model:180 - Added 745000/745578 linking constraints...
2024-12-16 18:33:19.842 | INFO     | __main__:<module>:89 - Solving for k = 1 ...
2024-12-16 18:33:19.842 | INFO     | __main__:<module>:96 - Solving model using Gurobi...
2024-12-16 18:33:27.770 | INFO     | __main__:<module>:103 - Writing output files...
2024-12-16 18:33:32.525 | INFO     | __main__:<module>:89 - Solving for k = 2 ...
2024-12-16 18:33:32.526 | INFO     | __main__:<module>:96 - Solving model using Gurobi...
2024-12-16 18:38:46.087 | INFO     | __main__:<module>:103 - Writing output files...
2024-12-16 18:38:48.797 | INFO     | __main__:<module>:89 - Solving for k = 3 ...
2024-12-16 18:38:48.798 | INFO     | __main__:<module>:96 - Solving model using Gurobi...
2024-12-16 18:41:05.532 | INFO     | __main__:<module>:103 - Writing output files...
2024-12-16 18:41:09.997 | INFO     | __main__:<module>:89 - Solving for k = 4 ...
2024-12-16 18:41:09.998 | INFO     | __main__:<module>:96 - Solving model using Gurobi...
2024-12-16 18:43:11.719 | INFO     | __main__:<module>:103 - Writing output files...
2024-12-16 18:43:17.307 | INFO     | __main__:<module>:89 - Solving for k = 5 ...
2024-12-16 18:43:17.308 | INFO     | __main__:<module>:96 - Solving model using Gurobi...
2024-12-16 18:45:23.239 | INFO     | __main__:<module>:103 - Writing output files...
2024-12-16 18:45:28.179 | INFO     | __main__:<module>:89 - Solving for k = 6 ...
2024-12-16 18:45:28.180 | INFO     | __main__:<module>:96 - Solving model using Gurobi...
2024-12-16 18:51:04.590 | INFO     | __main__:<module>:103 - Writing output files...
2024-12-16 18:51:07.649 | INFO     | __main__:<module>:89 - Solving for k = 7 ...
2024-12-16 18:51:07.650 | INFO     | __main__:<module>:96 - Solving model using Gurobi...
2024-12-16 18:57:23.647 | INFO     | __main__:<module>:103 - Writing output files...
2024-12-16 18:57:28.434 | INFO     | __main__:<module>:89 - Solving for k = 8 ...
2024-12-16 18:57:28.434 | INFO     | __main__:<module>:96 - Solving model using Gurobi...
2024-12-16 18:59:17.986 | INFO     | __main__:<module>:103 - Writing output files...
2024-12-16 18:59:20.778 | INFO     | __main__:<module>:89 - Solving for k = 9 ...
2024-12-16 18:59:20.779 | INFO     | __main__:<module>:96 - Solving model using Gurobi...
2024-12-16 19:00:36.233 | INFO     | __main__:<module>:103 - Writing output files...
2024-12-16 19:00:40.751 | INFO     | __main__:<module>:89 - Solving for k = 10 ...
2024-12-16 19:00:40.752 | INFO     | __main__:<module>:96 - Solving model using Gurobi...
2024-12-16 19:01:50.011 | INFO     | __main__:<module>:103 - Writing output files...
