Set parameter Username
Academic license - for non-commercial use only - expires 2025-08-28
Set parameter Threads to value 1
Set parameter Method to value 4
Gurobi Optimizer version 11.0.0 build v11.0.0rc2 (mac64[arm] - Darwin 23.5.0 23F79)

CPU model: Apple M3 Pro
Thread count: 12 physical cores, 12 logical processors, using up to 1 threads

Optimize a model with 2718 rows, 404 columns and 8172 nonzeros
Model fingerprint: 0xa557ef7f
Variable types: 254 continuous, 150 integer (150 binary)
Coefficient statistics:
  Matrix range     [1e+00, 1e+00]
  Objective range  [1e+01, 2e+02]
  Bounds range     [1e+00, 1e+00]
  RHS range        [1e+00, 2e+00]
Presolve removed 1247 rows and 124 columns
Presolve time: 0.01s
Presolved: 1471 rows, 280 columns, 4345 nonzeros
Variable types: 0 continuous, 280 integer (280 binary)
Found heuristic solution: objective 325.0000000
Found heuristic solution: objective 308.0000000

Root relaxation: objective 0.000000e+00, 145 iterations, 0.00 seconds (0.00 work units)

    Nodes    |    Current Node    |     Objective Bounds      |     Work
 Expl Unexpl |  Obj  Depth IntInf | Incumbent    BestBd   Gap | It/Node Time

     0     0    0.00000    0   40  308.00000    0.00000   100%     -    0s
H    0     0                     289.0000000    0.00000   100%     -    0s
H    0     0                     184.0000000    0.00000   100%     -    0s
     0     0    0.00000    0   49  184.00000    0.00000   100%     -    0s
H    0     0                     159.0000000    0.00000   100%     -    0s
H    0     0                     124.0000000    0.00000   100%     -    0s
     0     0    0.00000    0   40  124.00000    0.00000   100%     -    0s
H    0     0                     116.0000000    0.00000   100%     -    0s
H    0     0                      58.0000000    0.00000   100%     -    0s
     0     0    0.00000    0   29   58.00000    0.00000   100%     -    0s
     0     0    0.00000    0   45   58.00000    0.00000   100%     -    0s
     0     0    0.00000    0   49   58.00000    0.00000   100%     -    0s
     0     0    0.00000    0   44   58.00000    0.00000   100%     -    0s
     0     0    0.00000    0   34   58.00000    0.00000   100%     -    0s
     0     0    0.00000    0   15   58.00000    0.00000   100%     -    0s
     0     2    0.00000    0   15   58.00000    0.00000   100%     -    0s

Cutting planes:
  MIR: 8
  Inf proof: 4
  Zero half: 20
  RLT: 6
  BQP: 1

Explored 152 nodes (5529 simplex iterations) in 0.33 seconds (0.41 work units)
Thread count was 1 (of 12 available processors)

Solution count 8: 58 116 124 ... 325

Optimal solution found (tolerance 1.00e-04)
Best objective 5.800000000000e+01, best bound 5.800000000000e+01, gap 0.0000%
58.0
