Set parameter Username
Academic license - for non-commercial use only - expires 2025-08-28
Set parameter Threads to value 1
Set parameter Method to value 4
Gurobi Optimizer version 11.0.0 build v11.0.0rc2 (mac64[arm] - Darwin 23.5.0 23F79)

CPU model: Apple M3 Pro
Thread count: 12 physical cores, 12 logical processors, using up to 1 threads

Optimize a model with 3451 rows, 480 columns and 10381 nonzeros
Model fingerprint: 0x892589c5
Variable types: 290 continuous, 190 integer (190 binary)
Coefficient statistics:
  Matrix range     [1e+00, 1e+00]
  Objective range  [1e+01, 3e+02]
  Bounds range     [1e+00, 1e+00]
  RHS range        [1e+00, 2e+00]
Presolve removed 591 rows and 86 columns
Presolve time: 0.01s
Presolved: 2860 rows, 394 columns, 8440 nonzeros
Variable types: 0 continuous, 394 integer (394 binary)
Found heuristic solution: objective 642.0000000

Root relaxation: objective 0.000000e+00, 175 iterations, 0.00 seconds (0.01 work units)

    Nodes    |    Current Node    |     Objective Bounds      |     Work
 Expl Unexpl |  Obj  Depth IntInf | Incumbent    BestBd   Gap | It/Node Time

     0     0    0.00000    0   34  642.00000    0.00000   100%     -    0s
H    0     0                     487.0000000    0.00000   100%     -    0s
     0     0    0.00000    0   72  487.00000    0.00000   100%     -    0s
H    0     0                     434.0000000    0.00000   100%     -    0s
     0     0    0.00000    0   66  434.00000    0.00000   100%     -    0s
H    0     0                     338.0000000    0.00000   100%     -    0s
     0     0    0.00000    0   66  338.00000    0.00000   100%     -    0s
     0     0    0.00000    0   71  338.00000    0.00000   100%     -    0s
H    0     0                     295.0000000    0.00000   100%     -    0s
     0     0    0.00000    0   78  295.00000    0.00000   100%     -    0s
     0     0    0.00000    0   83  295.00000    0.00000   100%     -    0s
     0     0    0.00000    0   91  295.00000    0.00000   100%     -    0s
     0     0    0.00000    0   85  295.00000    0.00000   100%     -    0s
     0     0    0.00000    0   72  295.00000    0.00000   100%     -    0s
     0     0    0.00000    0   72  295.00000    0.00000   100%     -    0s
     0     2    0.00000    0   72  295.00000    0.00000   100%     -    0s
H   26    19                     284.0000000    0.00000   100%  53.0    0s
H   70    40                     273.0000000    0.00000   100%  47.8    0s
*   75    41              23     262.0000000    0.00000   100%  45.0    0s
H  150    84                     257.0000000    0.00000   100%  42.3    0s
H  392   193                     239.0000000   10.83333  95.5%  34.9    1s
H  422   203                     236.0000000   10.83333  95.4%  33.4    1s
  1320   346  233.00000   20   24  236.00000  112.00000  52.5%  28.0    5s

Cutting planes:
  Gomory: 1
  Zero half: 4
  BQP: 1

Explored 3241 nodes (73341 simplex iterations) in 9.35 seconds (10.14 work units)
Thread count was 1 (of 12 available processors)

Solution count 10: 236 239 257 ... 487

Optimal solution found (tolerance 1.00e-04)
Best objective 2.360000000000e+02, best bound 2.360000000000e+02, gap 0.0000%
236.0
