Set parameter Username
Academic license - for non-commercial use only - expires 2025-08-28
Set parameter Threads to value 1
Set parameter Method to value 4
Gurobi Optimizer version 11.0.0 build v11.0.0rc2 (mac64[arm] - Darwin 23.5.0 23F79)

CPU model: Apple M3 Pro
Thread count: 12 physical cores, 12 logical processors, using up to 1 threads

Optimize a model with 3818 rows, 518 columns and 11486 nonzeros
Model fingerprint: 0xf9cd9e7d
Variable types: 308 continuous, 210 integer (210 binary)
Coefficient statistics:
  Matrix range     [1e+00, 1e+00]
  Objective range  [1e+01, 3e+02]
  Bounds range     [1e+00, 1e+00]
  RHS range        [1e+00, 2e+00]
Presolve removed 646 rows and 91 columns
Presolve time: 0.01s
Presolved: 3172 rows, 427 columns, 9340 nonzeros
Variable types: 0 continuous, 427 integer (427 binary)
Found heuristic solution: objective 3746.0000000
Found heuristic solution: objective 3536.0000000

Root relaxation: objective 0.000000e+00, 218 iterations, 0.00 seconds (0.01 work units)

    Nodes    |    Current Node    |     Objective Bounds      |     Work
 Expl Unexpl |  Obj  Depth IntInf | Incumbent    BestBd   Gap | It/Node Time

     0     0    0.00000    0   42 3536.00000    0.00000   100%     -    0s
H    0     0                    1109.0000000    0.00000   100%     -    0s
H    0     0                    1099.0000000    0.00000   100%     -    0s
     0     0    0.00000    0   97 1099.00000    0.00000   100%     -    0s
H    0     0                     839.0000000    0.00000   100%     -    0s
H    0     0                     779.0000000    0.00000   100%     -    0s
     0     0    0.00000    0  102  779.00000    0.00000   100%     -    0s
H    0     0                     741.0000000    0.00000   100%     -    0s
H    0     0                     719.0000000    0.00000   100%     -    0s
     0     0    0.00000    0  103  719.00000    0.00000   100%     -    0s
     0     0    0.00000    0   76  719.00000    0.00000   100%     -    0s
     0     0    0.00000    0   73  719.00000    0.00000   100%     -    0s
     0     0    0.00000    0   66  719.00000    0.00000   100%     -    0s
     0     0    0.00000    0   66  719.00000    0.00000   100%     -    0s
H    0     0                     689.0000000    0.00000   100%     -    0s
H    0     0                     633.0000000    0.00000   100%     -    0s
     0     2    0.00000    0   66  633.00000    0.00000   100%     -    0s
*   41    37              23     496.0000000    0.00000   100%  74.6    0s
*   49    37              26     488.0000000    0.00000   100%  63.4    0s
H   78    57                     467.0000000    0.00000   100%  66.0    0s
H  110    74                     442.0000000    0.00000   100%  63.4    0s
H  137    96                     395.0000000    0.00000   100%  57.7    0s
  1133   434  141.50000   25  100  395.00000   82.00000  79.2%  53.5    5s
  2734   890  380.73333   38   83  395.00000  137.00000  65.3%  41.4   10s
  4565  1608     cutoff   37       395.00000  165.50000  58.1%  36.7   15s
  6503  2318  379.33333   28   82  395.00000  182.75000  53.7%  34.4   20s
  8676  3044 infeasible   35       395.00000  196.06250  50.4%  32.7   25s
 10202  3601     cutoff   40       395.00000  202.75000  48.7%  31.7   33s
 10799  3740  377.00000   33   93  395.00000  206.28571  47.8%  31.7   35s
 13143  4415  360.00000   34   74  395.00000  217.00000  45.1%  31.8   40s
 15478  5012  278.25000   32   90  395.00000  227.63636  42.4%  32.0   45s
 17532  5465     cutoff   36       395.00000  235.00000  40.5%  32.2   50s
 19342  5874     cutoff   38       395.00000  242.00000  38.7%  32.4   55s
 21374  6283  329.38660   29  157  395.00000  249.00000  37.0%  32.4   60s
 23688  6721  263.90000   32  103  395.00000  256.22917  35.1%  32.3   65s
 25867  7140  372.54902   45  106  395.00000  262.20000  33.6%  32.1   70s
 28248  7458  300.25000   45  110  395.00000  268.11111  32.1%  31.8   75s
 30713  7749 infeasible   43       395.00000  273.93750  30.6%  31.6   80s
 33449  8116     cutoff   43       395.00000  278.75000  29.4%  31.1   85s
 36154  8401  310.75000   32   90  395.00000  283.00000  28.4%  30.8   90s
 38724  8649  359.09524   41   77  395.00000  287.25000  27.3%  30.6   95s
 41413  8910  307.50000   41   73  395.00000  291.50000  26.2%  30.4  100s
 44094  9070  392.75000   43   26  395.00000  295.83333  25.1%  30.2  105s
 46912  9209  372.33333   38   27  395.00000  300.00000  24.1%  29.9  110s
 49359  9285  337.55952   35   69  395.00000  303.07143  23.3%  29.7  115s
 51938  9252  338.38688   33  127  395.00000  306.40000  22.4%  29.6  120s
 54633  9232  351.25000   40   77  395.00000  310.00000  21.5%  29.4  125s
 57541  9163  347.75000   36  148  395.00000  313.50000  20.6%  29.2  130s
 60426  9020  377.10000   46   35  395.00000  316.58333  19.9%  29.0  135s
 63126  8858  383.18333   41  118  395.00000  320.00000  19.0%  28.9  140s
 65906  8575  361.37500   35   87  395.00000  323.05882  18.2%  28.7  145s
 68845  8283     cutoff   50       395.00000  326.77778  17.3%  28.5  150s
 71717  7958  375.73684   34   98  395.00000  330.00000  16.5%  28.3  155s
 74676  7505  375.50000   35   29  395.00000  334.00000  15.4%  28.2  160s
 77553  6997  384.60000   36   29  395.00000  337.90000  14.5%  28.0  165s
 80650  6377  382.10256   39  108  395.00000  341.99167  13.4%  27.8  170s
 83605  5554     cutoff   45       395.00000  346.53182  12.3%  27.6  175s
 86994  4449     cutoff   55       395.00000  352.66667  10.7%  27.3  180s
 90231  3223  367.33878   33  135  395.00000  359.45494  9.00%  27.0  185s
 93787  1528  379.59524   37   48  395.00000  369.10000  6.56%  26.7  190s

Cutting planes:
  Implied bound: 20
  MIR: 1
  Flow cover: 10
  Inf proof: 2
  Zero half: 64
  RLT: 43
  BQP: 54

Explored 95989 nodes (2531562 simplex iterations) in 192.71 seconds (234.51 work units)
Thread count was 1 (of 12 available processors)

Solution count 10: 395 395 442 ... 741

Optimal solution found (tolerance 1.00e-04)
Best objective 3.950000000000e+02, best bound 3.950000000000e+02, gap 0.0000%
395.0
