Set parameter Username
Academic license - for non-commercial use only - expires 2025-08-28
Set parameter Threads to value 1
Set parameter Method to value 4
Gurobi Optimizer version 11.0.0 build v11.0.0rc2 (mac64[arm] - Darwin 23.5.0 23F79)

CPU model: Apple M3 Pro
Thread count: 12 physical cores, 12 logical processors, using up to 1 threads

Optimize a model with 2352 rows, 366 columns and 7068 nonzeros
Model fingerprint: 0xaeda27d5
Variable types: 236 continuous, 130 integer (130 binary)
Coefficient statistics:
  Matrix range     [1e+00, 1e+00]
  Objective range  [1e+01, 9e+01]
  Bounds range     [1e+00, 1e+00]
  RHS range        [1e+00, 2e+00]
Presolve removed 1308 rows and 129 columns
Presolve time: 0.01s
Presolved: 1044 rows, 237 columns, 3080 nonzeros
Variable types: 0 continuous, 237 integer (237 binary)
Found heuristic solution: objective 304.0000000
Found heuristic solution: objective 167.0000000
Found heuristic solution: objective 52.0000000

Root relaxation: objective 0.000000e+00, 94 iterations, 0.00 seconds (0.00 work units)

    Nodes    |    Current Node    |     Objective Bounds      |     Work
 Expl Unexpl |  Obj  Depth IntInf | Incumbent    BestBd   Gap | It/Node Time

     0     0    0.00000    0   16   52.00000    0.00000   100%     -    0s
H    0     0                      22.0000000    0.00000   100%     -    0s
     0     0    0.00000    0   39   22.00000    0.00000   100%     -    0s
     0     0    0.00000    0   28   22.00000    0.00000   100%     -    0s
     0     0    0.00000    0   21   22.00000    0.00000   100%     -    0s
     0     0    0.00000    0   36   22.00000    0.00000   100%     -    0s
     0     0    0.00000    0   17   22.00000    0.00000   100%     -    0s
     0     0    0.00000    0   17   22.00000    0.00000   100%     -    0s

Cutting planes:
  Clique: 7
  MIR: 7
  Flow cover: 1
  Zero half: 11
  RLT: 7

Explored 1 nodes (1166 simplex iterations) in 0.06 seconds (0.09 work units)
Thread count was 1 (of 12 available processors)

Solution count 4: 22 52 167 304 

Optimal solution found (tolerance 1.00e-04)
Best objective 2.200000000000e+01, best bound 2.200000000000e+01, gap 0.0000%
22.0
