Set parameter Username
Academic license - for non-commercial use only - expires 2025-08-28
Set parameter Threads to value 1
Set parameter Method to value 4
Gurobi Optimizer version 11.0.0 build v11.0.0rc2 (mac64[arm] - Darwin 23.5.0 23F79)

CPU model: Apple M3 Pro
Thread count: 12 physical cores, 12 logical processors, using up to 1 threads

Optimize a model with 3268 rows, 461 columns and 9829 nonzeros
Model fingerprint: 0x6d3c8e5a
Variable types: 281 continuous, 180 integer (180 binary)
Coefficient statistics:
  Matrix range     [1e+00, 1e+00]
  Objective range  [1e+01, 2e+02]
  Bounds range     [1e+00, 1e+00]
  RHS range        [1e+00, 2e+00]
Presolve removed 874 rows and 102 columns
Presolve time: 0.01s
Presolved: 2394 rows, 359 columns, 7065 nonzeros
Variable types: 0 continuous, 359 integer (359 binary)
Found heuristic solution: objective 2438.0000000
Found heuristic solution: objective 2330.0000000

Root relaxation: objective 0.000000e+00, 150 iterations, 0.00 seconds (0.01 work units)

    Nodes    |    Current Node    |     Objective Bounds      |     Work
 Expl Unexpl |  Obj  Depth IntInf | Incumbent    BestBd   Gap | It/Node Time

     0     0    0.00000    0   38 2330.00000    0.00000   100%     -    0s
H    0     0                    1550.0000000    0.00000   100%     -    0s
H    0     0                     590.0000000    0.00000   100%     -    0s
H    0     0                     451.0000000    0.00000   100%     -    0s
     0     0    0.00000    0  118  451.00000    0.00000   100%     -    0s
H    0     0                     386.0000000    0.00000   100%     -    0s
H    0     0                     270.0000000    0.00000   100%     -    0s
     0     0    0.00000    0   79  270.00000    0.00000   100%     -    0s
H    0     0                     197.0000000    0.00000   100%     -    0s
     0     0    0.00000    0   80  197.00000    0.00000   100%     -    0s
     0     0    0.00000    0   76  197.00000    0.00000   100%     -    0s
     0     0    0.00000    0   76  197.00000    0.00000   100%     -    0s
     0     0    0.00000    0   56  197.00000    0.00000   100%     -    0s
     0     0    0.00000    0   56  197.00000    0.00000   100%     -    0s
     0     2    0.00000    0   56  197.00000    0.00000   100%     -    0s
H  227   102                     194.0000000    0.00000   100%  32.0    0s
  2302   273  154.00000   28   31  194.00000  136.33333  29.7%  22.0    5s

Cutting planes:
  RLT: 2
  BQP: 1

Explored 4243 nodes (73873 simplex iterations) in 7.31 seconds (8.67 work units)
Thread count was 1 (of 12 available processors)

Solution count 9: 194 197 270 ... 2438

Optimal solution found (tolerance 1.00e-04)
Best objective 1.940000000000e+02, best bound 1.940000000000e+02, gap 0.0000%
194.0
