Set parameter Username
Academic license - for non-commercial use only - expires 2025-08-28
Set parameter Threads to value 1
Set parameter Method to value 4
Gurobi Optimizer version 11.0.0 build v11.0.0rc2 (mac64[arm] - Darwin 23.5.0 23F79)

CPU model: Apple M3 Pro
Thread count: 12 physical cores, 12 logical processors, using up to 1 threads

Optimize a model with 3634 rows, 499 columns and 10933 nonzeros
Model fingerprint: 0x18bba9b6
Variable types: 299 continuous, 200 integer (200 binary)
Coefficient statistics:
  Matrix range     [1e+00, 1e+00]
  Objective range  [1e+01, 3e+02]
  Bounds range     [1e+00, 1e+00]
  RHS range        [1e+00, 2e+00]
Presolve removed 613 rows and 88 columns
Presolve time: 0.01s
Presolved: 3021 rows, 411 columns, 8910 nonzeros
Variable types: 0 continuous, 411 integer (411 binary)
Found heuristic solution: objective 2966.0000000
Found heuristic solution: objective 2810.0000000

Root relaxation: objective 0.000000e+00, 174 iterations, 0.01 seconds (0.01 work units)

    Nodes    |    Current Node    |     Objective Bounds      |     Work
 Expl Unexpl |  Obj  Depth IntInf | Incumbent    BestBd   Gap | It/Node Time

     0     0    0.00000    0   38 2810.00000    0.00000   100%     -    0s
H    0     0                    1392.0000000    0.00000   100%     -    0s
H    0     0                    1274.0000000    0.00000   100%     -    0s
H    0     0                    1224.0000000    0.00000   100%     -    0s
H    0     0                    1152.0000000    0.00000   100%     -    0s
     0     0    0.00000    0  110 1152.00000    0.00000   100%     -    0s
H    0     0                    1124.0000000    0.00000   100%     -    0s
H    0     0                     647.0000000    0.00000   100%     -    0s
     0     0    0.00000    0   75  647.00000    0.00000   100%     -    0s
H    0     0                     627.0000000    0.00000   100%     -    0s
     0     0    0.00000    0   95  627.00000    0.00000   100%     -    0s
     0     0    0.00000    0   83  627.00000    0.00000   100%     -    0s
     0     0    0.00000    0   92  627.00000    0.00000   100%     -    0s
     0     0    0.00000    0   87  627.00000    0.00000   100%     -    0s
H    0     0                     549.0000000    0.00000   100%     -    0s
     0     0    0.00000    0   92  549.00000    0.00000   100%     -    0s
     0     0    0.00000    0   92  549.00000    0.00000   100%     -    0s
     0     2    0.00000    0   92  549.00000    0.00000   100%     -    0s
*   52    49              29     499.0000000   15.00000  97.0%  56.5    0s
H   56    45                     489.0000000   15.00000  96.9%  52.6    0s
H   80    64                     443.0000000   18.66667  95.8%  48.0    0s
H  110    78                     433.0000000   20.00000  95.4%  53.1    0s
H  150   101                     428.0000000   20.00000  95.3%  49.7    0s
*  160    99              17     368.0000000   20.00000  94.6%  48.8    0s
H  165    96                     358.0000000   20.00000  94.4%  47.7    0s
H  246   145                     349.0000000   20.00000  94.3%  46.1    1s
H  248   140                     332.0000000   20.00000  94.0%  45.8    1s
H  252   132                     313.0000000   20.00000  93.6%  45.1    1s
*  781   411              29     308.0000000   36.00000  88.3%  38.5    2s
  1579   426  128.00000   21   49  308.00000  128.00000  58.4%  33.6    5s
  3555   772  219.18750   22   82  308.00000  195.00000  36.7%  28.6   10s
  5760  1053  265.66667   33   47  308.00000  221.00000  28.2%  26.0   15s
  8079   982  306.77778   29   81  308.00000  244.37500  20.7%  24.8   20s
 10815   496  300.00000   31   56  308.00000  272.00000  11.7%  23.9   25s

Cutting planes:
  Inf proof: 1
  Zero half: 3

Explored 11796 nodes (278024 simplex iterations) in 26.54 seconds (31.27 work units)
Thread count was 1 (of 12 available processors)

Solution count 10: 308 313 332 ... 489

Optimal solution found (tolerance 1.00e-04)
Best objective 3.080000000000e+02, best bound 3.080000000000e+02, gap 0.0000%
308.0
