Set parameter Username
Academic license - for non-commercial use only - expires 2025-08-28
Set parameter Threads to value 1
Set parameter Method to value 4
Gurobi Optimizer version 11.0.0 build v11.0.0rc2 (mac64[arm] - Darwin 23.5.0 23F79)

CPU model: Apple M3 Pro
Thread count: 12 physical cores, 12 logical processors, using up to 1 threads

Optimize a model with 3634 rows, 499 columns and 10933 nonzeros
Model fingerprint: 0x5098f5b2
Variable types: 299 continuous, 200 integer (200 binary)
Coefficient statistics:
  Matrix range     [1e+00, 1e+00]
  Objective range  [1e+01, 3e+02]
  Bounds range     [1e+00, 1e+00]
  RHS range        [1e+00, 2e+00]
Presolve removed 613 rows and 88 columns
Presolve time: 0.01s
Presolved: 3021 rows, 411 columns, 8910 nonzeros
Variable types: 0 continuous, 411 integer (411 binary)
Found heuristic solution: objective 3434.0000000
Found heuristic solution: objective 3245.0000000

Root relaxation: objective 0.000000e+00, 180 iterations, 0.01 seconds (0.01 work units)

    Nodes    |    Current Node    |     Objective Bounds      |     Work
 Expl Unexpl |  Obj  Depth IntInf | Incumbent    BestBd   Gap | It/Node Time

     0     0    0.00000    0   40 3245.00000    0.00000   100%     -    0s
H    0     0                    1231.0000000    0.00000   100%     -    0s
     0     0    0.00000    0   76 1231.00000    0.00000   100%     -    0s
H    0     0                     809.0000000    0.00000   100%     -    0s
H    0     0                     693.0000000    0.00000   100%     -    0s
     0     0    0.00000    0   96  693.00000    0.00000   100%     -    0s
     0     0    0.00000    0  105  693.00000    0.00000   100%     -    0s
     0     0    0.00000    0  112  693.00000    0.00000   100%     -    0s
H    0     0                     553.0000000    0.00000   100%     -    0s
H    0     0                     540.0000000    0.00000   100%     -    0s
     0     0    0.00000    0  107  540.00000    0.00000   100%     -    0s
     0     0    0.00000    0  114  540.00000    0.00000   100%     -    0s
H    0     0                     486.0000000    0.00000   100%     -    0s
H    0     0                     476.0000000    0.00000   100%     -    0s
     0     0    0.00000    0  109  476.00000    0.00000   100%     -    0s
     0     0    0.00000    0  139  476.00000    0.00000   100%     -    0s
     0     0    0.00000    0  117  476.00000    0.00000   100%     -    0s
H    0     0                     398.0000000    0.00000   100%     -    0s
H    0     0                     388.0000000    0.00000   100%     -    0s
     0     2    0.00000    0  117  388.00000    0.00000   100%     -    0s
H   56    45                     384.0000000    0.00000   100%  56.5    0s
H  131    79                     382.0000000    0.00000   100%  43.0    0s
H  157    93                     372.0000000    0.00000   100%  42.8    0s
H  683   328                     358.0000000   40.00000  88.8%  47.2    3s
  1097   474   85.50000   25   96  358.00000   41.85714  88.3%  46.0    5s
  2621  1010  284.75000   42   46  358.00000   72.00000  79.9%  39.0   10s
  4460  1767  205.00000   38   66  358.00000   96.00000  73.2%  36.1   15s
  6337  2500  311.03571   40   83  358.00000  107.66667  69.9%  34.8   20s
  8319  3247  284.46667   31   80  358.00000  116.41111  67.5%  33.3   25s
  9993  3846  256.20000   31   98  358.00000  126.33333  64.7%  32.7   30s
 10203  3902  254.00000   39  117  358.00000  128.00000  64.2%  32.8   35s
 10479  3985  136.08036   42  127  358.00000  128.00000  64.2%  34.6   40s
 11873  4033  307.66667   54   67  358.00000  192.85714  46.1%  35.4   45s
 14091  3891  293.81818   51  140  358.00000  225.25000  37.1%  35.5   50s
 16395  3614  344.10909   56   69  358.00000  245.44737  31.4%  35.0   55s
 19066  3015  308.78947   48  103  358.00000  267.22304  25.4%  34.5   60s
 22078  2081  333.50000   55   40  358.00000  286.26923  20.0%  33.6   65s
 25288  1781 infeasible   55       358.00000  303.45455  15.2%  32.8   70s
 28837   674     cutoff   48       358.00000  328.50000  8.24%  31.7   75s

Cutting planes:
  Gomory: 14
  Implied bound: 15
  MIR: 12
  StrongCG: 1
  Flow cover: 27
  Zero half: 108
  RLT: 50
  BQP: 34

Explored 29970 nodes (939603 simplex iterations) in 76.40 seconds (92.25 work units)
Thread count was 1 (of 12 available processors)

Solution count 10: 358 372 372 ... 486

Optimal solution found (tolerance 1.00e-04)
Best objective 3.580000000000e+02, best bound 3.580000000000e+02, gap 0.0000%
358.0
