Set parameter Username
Academic license - for non-commercial use only - expires 2025-08-28
Set parameter Threads to value 1
Set parameter Method to value 4
Gurobi Optimizer version 11.0.0 build v11.0.0rc2 (mac64[arm] - Darwin 23.5.0 23F79)

CPU model: Apple M3 Pro
Thread count: 12 physical cores, 12 logical processors, using up to 1 threads

Optimize a model with 3817 rows, 518 columns and 11485 nonzeros
Model fingerprint: 0x4cf11efc
Variable types: 308 continuous, 210 integer (210 binary)
Coefficient statistics:
  Matrix range     [1e+00, 1e+00]
  Objective range  [1e+01, 3e+02]
  Bounds range     [1e+00, 1e+00]
  RHS range        [1e+00, 2e+00]
Presolve removed 635 rows and 90 columns
Presolve time: 0.01s
Presolved: 3182 rows, 428 columns, 9380 nonzeros
Variable types: 0 continuous, 428 integer (428 binary)
Found heuristic solution: objective 3746.0000000
Found heuristic solution: objective 3557.0000000

Root relaxation: objective 0.000000e+00, 228 iterations, 0.01 seconds (0.01 work units)

    Nodes    |    Current Node    |     Objective Bounds      |     Work
 Expl Unexpl |  Obj  Depth IntInf | Incumbent    BestBd   Gap | It/Node Time

     0     0    0.00000    0   47 3557.00000    0.00000   100%     -    0s
H    0     0                    2933.0000000    0.00000   100%     -    0s
H    0     0                    1470.0000000    0.00000   100%     -    0s
H    0     0                    1443.0000000    0.00000   100%     -    0s
H    0     0                    1308.0000000    0.00000   100%     -    0s
     0     0    0.00000    0  129 1308.00000    0.00000   100%     -    0s
H    0     0                     682.0000000    0.00000   100%     -    0s
H    0     0                     599.0000000    0.00000   100%     -    0s
     0     0    0.00000    0   95  599.00000    0.00000   100%     -    0s
     0     0    0.00000    0   94  599.00000    0.00000   100%     -    0s
     0     0    0.00000    0   87  599.00000    0.00000   100%     -    0s
     0     0    0.00000    0  114  599.00000    0.00000   100%     -    0s
     0     0    0.00000    0  114  599.00000    0.00000   100%     -    0s
     0     2    0.00000    0   88  599.00000    0.00000   100%     -    0s
H   27    27                     437.0000000   13.00000  97.0%  98.7    0s
H  104    67                     432.0000000   13.00000  97.0%  58.2    0s
H  262   166                     421.0000000   13.00000  96.9%  50.9    1s
  1176   545  231.65000   28   99  421.00000   68.00000  83.8%  48.0    5s
H 1402   592                     419.0000000   72.00000  82.8%  45.8    5s
H 1478   584                     415.0000000   72.00000  82.7%  45.0    6s
  2838  1189  258.00000   33   75  415.00000   98.00000  76.4%  37.2   10s
  4653  2010     cutoff   49       415.00000  130.16667  68.6%  33.8   15s
  6591  2811  247.16667   35  105  415.00000  148.00000  64.3%  31.8   20s
  8714  3774  183.00000   31   70  415.00000  161.50000  61.1%  31.3   25s
 10203  4422  228.00000   37  114  415.00000  170.33333  59.0%  30.8   32s
 10322  4466  197.00000   32  113  415.00000  170.33333  59.0%  31.8   35s
 11307  4636  199.50000   40   78  415.00000  170.33333  59.0%  32.5   40s
 12891  4661  349.50000   49  109  415.00000  184.10000  55.6%  32.5   45s
 14736  4732  379.60000   50   75  415.00000  203.50000  51.0%  32.0   50s
 16967  4718  370.25000   50   69  415.00000  218.50000  47.3%  31.6   55s
 19124  4633  284.45833   48  103  415.00000  233.16667  43.8%  31.3   60s
 21501  4433  344.25000   34   62  415.00000  244.50000  41.1%  31.2   65s
 24135  4361  350.75000   32   99  415.00000  255.30000  38.5%  30.9   70s
 26823  4922  378.00000   38   74  415.00000  264.42308  36.3%  30.5   75s
 29580  5470  343.75000   53   29  415.00000  271.75000  34.5%  30.4   80s
 32455  5985  283.16429   47  108  415.00000  279.50000  32.7%  30.0   85s
 35298  6401  389.78205   46  114  415.00000  286.00000  31.1%  29.7   90s
 38140  6803  364.83333   39   93  415.00000  291.54167  29.7%  29.5   95s
 40849  7095  399.00000   44   46  415.00000  297.00000  28.4%  29.2  100s
 43793  7358     cutoff   50       415.00000  302.26667  27.2%  28.9  105s
 46750  7559  329.50000   41   96  415.00000  307.50000  25.9%  28.6  110s
 49835  7779  394.85714   49   87  415.00000  312.00000  24.8%  28.4  115s
 52829  7850  324.73333   35  117  415.00000  316.88889  23.6%  28.1  120s
 55687  7827  344.00000   42   73  415.00000  321.50000  22.5%  28.0  125s
 58558  7779  389.50000   53   67  415.00000  326.25000  21.4%  27.8  130s
 61643  7630     cutoff   54       415.00000  331.00000  20.2%  27.6  135s
 64422  7467  406.04167   41   61  415.00000  335.00000  19.3%  27.5  140s
 67561  7229 infeasible   41       415.00000  339.64532  18.2%  27.3  145s
 70626  6874     cutoff   63       415.00000  344.37500  17.0%  27.2  150s
 73901  6374  400.14286   47  148  415.00000  349.62500  15.8%  27.0  155s
 77199  5729  403.50000   47   51  415.00000  355.00000  14.5%  26.8  160s
 80616  4715  392.00000   60   67  415.00000  362.66667  12.6%  26.6  165s
 84008  3440  406.66667   45   87  415.00000  371.50000  10.5%  26.4  170s
 87685  1521     cutoff   47       415.00000  386.20000  6.94%  26.1  175s

Cutting planes:
  Gomory: 8
  Implied bound: 4
  MIR: 1
  Flow cover: 10
  Zero half: 46
  RLT: 9
  BQP: 15

Explored 89971 nodes (2321481 simplex iterations) in 177.55 seconds (214.60 work units)
Thread count was 1 (of 12 available processors)

Solution count 10: 415 415 419 ... 1443

Optimal solution found (tolerance 1.00e-04)
Best objective 4.150000000000e+02, best bound 4.150000000000e+02, gap 0.0000%
415.0
