Set parameter Username
Academic license - for non-commercial use only - expires 2025-08-28
Set parameter Threads to value 1
Set parameter Method to value 4
Gurobi Optimizer version 11.0.0 build v11.0.0rc2 (mac64[arm] - Darwin 23.5.0 23F79)

CPU model: Apple M3 Pro
Thread count: 12 physical cores, 12 logical processors, using up to 1 threads

Optimize a model with 3451 rows, 480 columns and 10381 nonzeros
Model fingerprint: 0x1fd7b38e
Variable types: 290 continuous, 190 integer (190 binary)
Coefficient statistics:
  Matrix range     [1e+00, 1e+00]
  Objective range  [1e+01, 3e+02]
  Bounds range     [1e+00, 1e+00]
  RHS range        [1e+00, 2e+00]
Presolve removed 916 rows and 105 columns
Presolve time: 0.01s
Presolved: 2535 rows, 375 columns, 7475 nonzeros
Variable types: 0 continuous, 375 integer (375 binary)
Found heuristic solution: objective 2155.0000000

Root relaxation: objective 0.000000e+00, 215 iterations, 0.00 seconds (0.01 work units)

    Nodes    |    Current Node    |     Objective Bounds      |     Work
 Expl Unexpl |  Obj  Depth IntInf | Incumbent    BestBd   Gap | It/Node Time

     0     0    0.00000    0   42 2155.00000    0.00000   100%     -    0s
H    0     0                    1215.0000000    0.00000   100%     -    0s
H    0     0                    1065.0000000    0.00000   100%     -    0s
H    0     0                     840.0000000    0.00000   100%     -    0s
H    0     0                     810.0000000    0.00000   100%     -    0s
     0     0    0.00000    0   71  810.00000    0.00000   100%     -    0s
H    0     0                     703.0000000    0.00000   100%     -    0s
H    0     0                     615.0000000    0.00000   100%     -    0s
     0     0    0.00000    0   86  615.00000    0.00000   100%     -    0s
H    0     0                     568.0000000    0.00000   100%     -    0s
     0     0    0.00000    0  108  568.00000    0.00000   100%     -    0s
H    0     0                     404.0000000    0.00000   100%     -    0s
     0     0    0.00000    0  108  404.00000    0.00000   100%     -    0s
     0     0    0.00000    0   70  404.00000    0.00000   100%     -    0s
     0     0    0.00000    0   70  404.00000    0.00000   100%     -    0s
H    0     0                     339.0000000    0.00000   100%     -    0s
     0     2    0.00000    0   70  339.00000    0.00000   100%     -    0s
H   26    26                     291.0000000   15.62500  94.6%  86.2    0s
H   81    64                     278.0000000   16.70000  94.0%  63.6    0s
H  246   133                     272.0000000   23.00000  91.5%  47.5    0s
  1982   179  240.50000   22   42  272.00000  201.00000  26.1%  30.7    5s

Cutting planes:
  Zero half: 6
  RLT: 8
  BQP: 11

Explored 2496 nodes (71389 simplex iterations) in 5.81 seconds (6.90 work units)
Thread count was 1 (of 12 available processors)

Solution count 10: 272 278 291 ... 840

Optimal solution found (tolerance 1.00e-04)
Best objective 2.720000000000e+02, best bound 2.720000000000e+02, gap 0.0000%
272.0
