Set parameter Username
Academic license - for non-commercial use only - expires 2025-08-28
Set parameter Threads to value 1
Set parameter Method to value 4
Gurobi Optimizer version 11.0.0 build v11.0.0rc2 (mac64[arm] - Darwin 23.5.0 23F79)

CPU model: Apple M3 Pro
Thread count: 12 physical cores, 12 logical processors, using up to 1 threads

Optimize a model with 4001 rows, 537 columns and 12038 nonzeros
Model fingerprint: 0xda7a00df
Variable types: 317 continuous, 220 integer (220 binary)
Coefficient statistics:
  Matrix range     [1e+00, 1e+00]
  Objective range  [1e+01, 3e+02]
  Bounds range     [1e+00, 1e+00]
  RHS range        [1e+00, 2e+00]
Presolve removed 668 rows and 93 columns
Presolve time: 0.01s
Presolved: 3333 rows, 444 columns, 9810 nonzeros
Variable types: 0 continuous, 444 integer (444 binary)
Found heuristic solution: objective 3686.0000000
Found heuristic solution: objective 3497.0000000

Root relaxation: objective 0.000000e+00, 196 iterations, 0.00 seconds (0.01 work units)

    Nodes    |    Current Node    |     Objective Bounds      |     Work
 Expl Unexpl |  Obj  Depth IntInf | Incumbent    BestBd   Gap | It/Node Time

     0     0    0.00000    0   44 3497.00000    0.00000   100%     -    0s
H    0     0                    2953.0000000    0.00000   100%     -    0s
H    0     0                    1670.0000000    0.00000   100%     -    0s
H    0     0                    1586.0000000    0.00000   100%     -    0s
H    0     0                    1531.0000000    0.00000   100%     -    0s
     0     0    0.00000    0   87 1531.00000    0.00000   100%     -    0s
H    0     0                    1372.0000000    0.00000   100%     -    0s
H    0     0                     982.0000000    0.00000   100%     -    0s
     0     0    0.00000    0  118  982.00000    0.00000   100%     -    0s
H    0     0                     945.0000000    0.00000   100%     -    0s
H    0     0                     837.0000000    0.00000   100%     -    0s
     0     0    0.00000    0  117  837.00000    0.00000   100%     -    0s
     0     0    0.00000    0  112  837.00000    0.00000   100%     -    0s
H    0     0                     668.0000000    0.00000   100%     -    0s
H    0     0                     626.0000000    0.00000   100%     -    0s
     0     0    0.00000    0  110  626.00000    0.00000   100%     -    0s
     0     0    0.00000    0  121  626.00000    0.00000   100%     -    0s
H    0     0                     558.0000000    0.00000   100%     -    0s
H    0     0                     548.0000000    0.00000   100%     -    0s
     0     0    0.00000    0  122  548.00000    0.00000   100%     -    0s
     0     0    0.00000    0   78  548.00000    0.00000   100%     -    0s
     0     0    0.00000    0   78  548.00000    0.00000   100%     -    0s
H    0     0                     506.0000000    0.00000   100%     -    0s
     0     2    0.00000    0   78  506.00000    0.00000   100%     -    0s
H   26    26                     492.0000000    0.00000   100%  80.0    0s
H   52    46                     478.0000000    0.00000   100%  67.3    0s
H  106    68                     464.0000000    0.00000   100%  53.9    0s
H  135    92                     453.0000000    0.00000   100%  49.7    0s
H  266   166                     426.0000000    2.75000  99.4%  44.9    1s
H  403   220                     421.0000000   10.00000  97.6%  40.3    1s
H  429   220                     408.0000000   10.00000  97.5%  38.7    1s
  1165   476  259.33333   38   67  408.00000   94.00000  77.0%  40.2    5s
H 1649   552                     402.0000000  124.00000  69.2%  38.0    6s
  2442   795  208.50000   25   64  402.00000  154.00000  61.7%  36.1   10s
  4088  1413  285.00000   42   38  402.00000  179.30000  55.4%  33.3   15s
  5784  1961  311.75000   32   73  402.00000  195.20000  51.4%  32.2   20s
  7390  2347  242.00000   36   55  402.00000  207.81250  48.3%  31.1   25s
  9356  2813  387.00000   39   39  402.00000  218.91667  45.5%  30.1   30s
 10202  2954  282.00000   32   86  402.00000  223.16667  44.5%  29.8   37s
 11293  3187     cutoff   37       402.00000  228.83333  43.1%  29.7   40s
 13164  3451  367.25000   37   27  402.00000  238.57143  40.7%  30.2   45s
 14713  3725  366.01389   39  139  402.00000  244.75000  39.1%  30.6   50s
 16850  3978  352.87619   38   99  402.00000  255.50000  36.4%  31.0   55s
 18934  4216  344.60000   33   88  402.00000  264.66667  34.2%  31.3   60s
 21128  4415  315.00000   40   65  402.00000  274.54167  31.7%  31.3   65s
 23263  4501  313.00000   38   77  402.00000  282.50000  29.7%  31.4   70s
 25735  4603     cutoff   35       402.00000  291.30000  27.5%  31.2   75s
 28321  4622  349.76923   30   77  402.00000  299.33333  25.5%  31.1   80s
 31008  4629  400.40000   41   61  402.00000  306.20000  23.8%  30.8   85s
 33656  4496     cutoff   41       402.00000  314.16667  21.8%  30.6   90s
 36158  4207  355.91667   43   77  402.00000  322.00000  19.9%  30.5   95s
 38867  3799  358.80952   46  112  402.00000  330.20000  17.9%  30.2  100s
 41434  3312  351.58571   31   84  402.00000  338.33333  15.8%  30.1  105s
 43983  2653  363.66667   36   87  402.00000  348.25128  13.4%  29.9  110s
 46795  1721  399.00000   56   30  402.00000  361.00000  10.2%  29.5  115s

Cutting planes:
  Implied bound: 5
  MIR: 1
  Flow cover: 29
  Zero half: 39
  RLT: 15
  BQP: 20

Explored 50165 nodes (1437816 simplex iterations) in 119.92 seconds (145.33 work units)
Thread count was 1 (of 12 available processors)

Solution count 10: 402 402 408 ... 506

Optimal solution found (tolerance 1.00e-04)
Best objective 4.020000000000e+02, best bound 4.020000000000e+02, gap 0.0000%
402.0
