Set parameter Username
Academic license - for non-commercial use only - expires 2025-08-28
Set parameter Threads to value 1
Set parameter Method to value 4
Gurobi Optimizer version 11.0.0 build v11.0.0rc2 (mac64[arm] - Darwin 23.5.0 23F79)

CPU model: Apple M3 Pro
Thread count: 12 physical cores, 12 logical processors, using up to 1 threads

Optimize a model with 105 rows, 61 columns and 285 nonzeros
Model fingerprint: 0x8927a184
Variable types: 47 continuous, 14 integer (14 binary)
Coefficient statistics:
  Matrix range     [1e+00, 1e+00]
  Objective range  [1e+01, 1e+02]
  Bounds range     [1e+00, 1e+00]
  RHS range        [1e+00, 1e+00]
Found heuristic solution: objective 976.0000000
Presolve removed 105 rows and 61 columns
Presolve time: 0.00s
Presolve: All rows and columns removed

Explored 0 nodes (0 simplex iterations) in 0.00 seconds (0.00 work units)
Thread count was 1 (of 12 available processors)

Solution count 1: 976 

Optimal solution found (tolerance 1.00e-04)
Best objective 9.760000000000e+02, best bound 9.760000000000e+02, gap 0.0000%
976.0
