Set parameter Username
Academic license - for non-commercial use only - expires 2025-08-28
Set parameter Threads to value 1
Set parameter Method to value 4
Gurobi Optimizer version 11.0.0 build v11.0.0rc2 (mac64[arm] - Darwin 23.5.0 23F79)

CPU model: Apple M3 Pro
Thread count: 12 physical cores, 12 logical processors, using up to 1 threads

Optimize a model with 231 rows, 81 columns and 668 nonzeros
Model fingerprint: 0xe0594aae
Variable types: 53 continuous, 28 integer (28 binary)
Coefficient statistics:
  Matrix range     [1e+00, 1e+00]
  Objective range  [1e+01, 1e+02]
  Bounds range     [1e+00, 1e+00]
  RHS range        [1e+00, 2e+00]
Found heuristic solution: objective 865.0000000
Presolve removed 165 rows and 47 columns
Presolve time: 0.00s
Presolved: 66 rows, 34 columns, 180 nonzeros
Variable types: 0 continuous, 34 integer (34 binary)

Root relaxation: objective 0.000000e+00, 17 iterations, 0.00 seconds (0.00 work units)

    Nodes    |    Current Node    |     Objective Bounds      |     Work
 Expl Unexpl |  Obj  Depth IntInf | Incumbent    BestBd   Gap | It/Node Time

     0     0    0.00000    0   15  865.00000    0.00000   100%     -    0s
H    0     0                     316.0000000    0.00000   100%     -    0s
H    0     0                     200.0000000    0.00000   100%     -    0s
     0     0   75.33333    0   21  200.00000   75.33333  62.3%     -    0s
     0     0 infeasible    0       200.00000  200.00000  0.00%     -    0s

Cutting planes:
  Gomory: 1
  Clique: 6
  MIR: 1
  Zero half: 11
  RLT: 4

Explored 1 nodes (63 simplex iterations) in 0.00 seconds (0.00 work units)
Thread count was 1 (of 12 available processors)

Solution count 3: 200 316 865 

Optimal solution found (tolerance 1.00e-04)
Best objective 2.000000000000e+02, best bound 2.000000000000e+02, gap 0.0000%
200.0
