Set parameter Username
Academic license - for non-commercial use only - expires 2025-08-28
Set parameter Threads to value 1
Set parameter Method to value 4
Gurobi Optimizer version 11.0.0 build v11.0.0rc2 (mac64[arm] - Darwin 23.5.0 23F79)

CPU model: Apple M3 Pro
Thread count: 12 physical cores, 12 logical processors, using up to 1 threads

Optimize a model with 466 rows, 147 columns and 1341 nonzeros
Model fingerprint: 0xbf535ae3
Variable types: 107 continuous, 40 integer (40 binary)
Coefficient statistics:
  Matrix range     [1e+00, 1e+00]
  Objective range  [1e+01, 3e+02]
  Bounds range     [1e+00, 1e+00]
  RHS range        [1e+00, 2e+00]
Found heuristic solution: objective 1353.0000000
Presolve removed 240 rows and 39 columns
Presolve time: 0.00s
Presolved: 226 rows, 108 columns, 632 nonzeros
Variable types: 0 continuous, 108 integer (108 binary)
Found heuristic solution: objective 1209.0000000

Root relaxation: objective 0.000000e+00, 31 iterations, 0.00 seconds (0.00 work units)

    Nodes    |    Current Node    |     Objective Bounds      |     Work
 Expl Unexpl |  Obj  Depth IntInf | Incumbent    BestBd   Gap | It/Node Time

     0     0    0.00000    0   27 1209.00000    0.00000   100%     -    0s
     0     0  311.25000    0   45 1209.00000  311.25000  74.3%     -    0s
H    0     0                     989.0000000  311.25000  68.5%     -    0s
     0     0  316.25000    0   44  989.00000  316.25000  68.0%     -    0s
     0     0  335.75000    0   51  989.00000  335.75000  66.1%     -    0s
H    0     0                     979.0000000  335.75000  65.7%     -    0s
     0     0  340.75000    0   52  979.00000  340.75000  65.2%     -    0s
     0     0  449.75000    0   60  979.00000  449.75000  54.1%     -    0s
     0     0  465.00000    0   67  979.00000  465.00000  52.5%     -    0s
     0     0  467.25000    0   62  979.00000  467.25000  52.3%     -    0s
     0     0  573.00000    0   51  979.00000  573.00000  41.5%     -    0s
     0     0  587.50000    0   45  979.00000  587.50000  40.0%     -    0s
     0     0  599.33333    0   65  979.00000  599.33333  38.8%     -    0s
     0     0  600.75000    0   53  979.00000  600.75000  38.6%     -    0s
     0     0  607.00000    0   39  979.00000  607.00000  38.0%     -    0s
     0     0  619.43750    0   84  979.00000  619.43750  36.7%     -    0s
     0     0  623.51111    0   85  979.00000  623.51111  36.3%     -    0s
     0     0  624.60000    0   85  979.00000  624.60000  36.2%     -    0s
     0     0  624.60000    0   85  979.00000  624.60000  36.2%     -    0s
     0     0  661.00000    0   68  979.00000  661.00000  32.5%     -    0s
     0     0  666.00000    0   48  979.00000  666.00000  32.0%     -    0s
     0     0  671.57000    0   83  979.00000  671.57000  31.4%     -    0s
     0     0  674.04545    0   72  979.00000  674.04545  31.1%     -    0s
     0     0  674.75000    0   85  979.00000  674.75000  31.1%     -    0s
     0     0  674.88462    0   85  979.00000  674.88462  31.1%     -    0s
     0     0  679.82500    0   83  979.00000  679.82500  30.6%     -    0s
     0     0  679.87500    0   82  979.00000  679.87500  30.6%     -    0s
     0     0  682.70833    0   82  979.00000  682.70833  30.3%     -    0s
     0     0  682.70833    0   81  979.00000  682.70833  30.3%     -    0s
     0     2  684.83333    0   81  979.00000  684.83333  30.0%     -    0s

Cutting planes:
  Gomory: 1
  Clique: 7
  MIR: 28
  Zero half: 27
  RLT: 5
  BQP: 12

Explored 7 nodes (745 simplex iterations) in 0.06 seconds (0.06 work units)
Thread count was 1 (of 12 available processors)

Solution count 4: 979 989 1209 1353 

Optimal solution found (tolerance 1.00e-04)
Best objective 9.790000000000e+02, best bound 9.790000000000e+02, gap 0.0000%
979.0
