Set parameter Username
Academic license - for non-commercial use only - expires 2025-08-28
Set parameter Threads to value 1
Set parameter Method to value 4
Gurobi Optimizer version 11.0.0 build v11.0.0rc2 (mac64[arm] - Darwin 23.5.0 23F79)

CPU model: Apple M3 Pro
Thread count: 12 physical cores, 12 logical processors, using up to 1 threads

Optimize a model with 348 rows, 114 columns and 1004 nonzeros
Model fingerprint: 0x7db29e88
Variable types: 80 continuous, 34 integer (34 binary)
Coefficient statistics:
  Matrix range     [1e+00, 1e+00]
  Objective range  [1e+01, 2e+02]
  Bounds range     [1e+00, 1e+00]
  RHS range        [1e+00, 2e+00]
Found heuristic solution: objective 937.0000000
Presolve removed 176 rows and 29 columns
Presolve time: 0.00s
Presolved: 172 rows, 85 columns, 484 nonzeros
Variable types: 0 continuous, 85 integer (85 binary)
Found heuristic solution: objective 907.0000000

Root relaxation: objective 0.000000e+00, 24 iterations, 0.00 seconds (0.00 work units)

    Nodes    |    Current Node    |     Objective Bounds      |     Work
 Expl Unexpl |  Obj  Depth IntInf | Incumbent    BestBd   Gap | It/Node Time

     0     0    0.00000    0   22  907.00000    0.00000   100%     -    0s
H    0     0                     650.0000000    0.00000   100%     -    0s
     0     0  206.69231    0   55  650.00000  206.69231  68.2%     -    0s
H    0     0                     580.0000000  206.69231  64.4%     -    0s
     0     0  298.50000    0   44  580.00000  298.50000  48.5%     -    0s
     0     0  298.50000    0   19  580.00000  298.50000  48.5%     -    0s
     0     0  298.50000    0   45  580.00000  298.50000  48.5%     -    0s
     0     0  310.50000    0   36  580.00000  310.50000  46.5%     -    0s
     0     0  361.66667    0   41  580.00000  361.66667  37.6%     -    0s
     0     0  384.50000    0   47  580.00000  384.50000  33.7%     -    0s
     0     0  385.66667    0   47  580.00000  385.66667  33.5%     -    0s
     0     0  385.72222    0   47  580.00000  385.72222  33.5%     -    0s
     0     0  421.18644    0   47  580.00000  421.18644  27.4%     -    0s
     0     0  421.50000    0   41  580.00000  421.50000  27.3%     -    0s
     0     0  421.50000    0   43  580.00000  421.50000  27.3%     -    0s
     0     0  421.50000    0   43  580.00000  421.50000  27.3%     -    0s
     0     0  421.50000    0   44  580.00000  421.50000  27.3%     -    0s
     0     0  421.50000    0   44  580.00000  421.50000  27.3%     -    0s
     0     0  460.10000    0   41  580.00000  460.10000  20.7%     -    0s
     0     2  465.25000    0   41  580.00000  465.25000  19.8%     -    0s

Cutting planes:
  Gomory: 3
  MIR: 14
  Zero half: 8
  RLT: 9
  BQP: 7

Explored 5 nodes (439 simplex iterations) in 0.04 seconds (0.03 work units)
Thread count was 1 (of 12 available processors)

Solution count 4: 580 650 907 937 

Optimal solution found (tolerance 1.00e-04)
Best objective 5.800000000000e+02, best bound 5.800000000000e+02, gap 0.0000%
580.0
