Set parameter Username
Academic license - for non-commercial use only - expires 2025-08-28
Set parameter Threads to value 1
Set parameter Method to value 4
Gurobi Optimizer version 11.0.0 build v11.0.0rc2 (mac64[arm] - Darwin 23.5.0 23F79)

CPU model: Apple M3 Pro
Thread count: 12 physical cores, 12 logical processors, using up to 1 threads

Optimize a model with 349 rows, 114 columns and 1005 nonzeros
Model fingerprint: 0x22c2492d
Variable types: 80 continuous, 34 integer (34 binary)
Coefficient statistics:
  Matrix range     [1e+00, 1e+00]
  Objective range  [1e+01, 2e+02]
  Bounds range     [1e+00, 1e+00]
  RHS range        [1e+00, 2e+00]
Found heuristic solution: objective 1120.0000000
Presolve removed 234 rows and 59 columns
Presolve time: 0.00s
Presolved: 115 rows, 55 columns, 313 nonzeros
Variable types: 0 continuous, 55 integer (55 binary)

Root relaxation: objective 0.000000e+00, 24 iterations, 0.00 seconds (0.00 work units)

    Nodes    |    Current Node    |     Objective Bounds      |     Work
 Expl Unexpl |  Obj  Depth IntInf | Incumbent    BestBd   Gap | It/Node Time

     0     0    0.00000    0   20 1120.00000    0.00000   100%     -    0s
H    0     0                     624.0000000    0.00000   100%     -    0s
     0     0  205.66667    0   40  624.00000  205.66667  67.0%     -    0s
     0     0  295.75000    0   39  624.00000  295.75000  52.6%     -    0s
     0     0  298.75000    0   39  624.00000  298.75000  52.1%     -    0s
     0     0  353.71429    0   48  624.00000  353.71429  43.3%     -    0s
     0     0  372.89189    0   50  624.00000  372.89189  40.2%     -    0s
     0     0  374.32895    0   50  624.00000  374.32895  40.0%     -    0s
     0     0  374.32895    0   50  624.00000  374.32895  40.0%     -    0s
     0     0  388.13793    0   46  624.00000  388.13793  37.8%     -    0s
     0     0  389.97283    0   50  624.00000  389.97283  37.5%     -    0s
     0     0  390.62025    0   51  624.00000  390.62025  37.4%     -    0s
     0     0  401.17105    0   50  624.00000  401.17105  35.7%     -    0s
     0     0  402.00000    0   48  624.00000  402.00000  35.6%     -    0s
     0     0  411.10000    0   49  624.00000  411.10000  34.1%     -    0s
     0     0  412.82051    0   50  624.00000  412.82051  33.8%     -    0s
     0     0  418.50000    0   50  624.00000  418.50000  32.9%     -    0s
     0     0  422.30000    0   51  624.00000  422.30000  32.3%     -    0s
     0     0  422.53846    0   51  624.00000  422.53846  32.3%     -    0s
     0     0  422.53846    0   52  624.00000  422.53846  32.3%     -    0s
     0     0  422.53846    0   51  624.00000  422.53846  32.3%     -    0s
     0     2  423.22222    0   50  624.00000  423.22222  32.2%     -    0s

Cutting planes:
  Implied bound: 1
  Clique: 1
  MIR: 15
  Zero half: 11
  Mod-K: 1
  RLT: 9
  BQP: 10

Explored 6 nodes (372 simplex iterations) in 0.03 seconds (0.03 work units)
Thread count was 1 (of 12 available processors)

Solution count 2: 624 1120 

Optimal solution found (tolerance 1.00e-04)
Best objective 6.240000000000e+02, best bound 6.240000000000e+02, gap 0.0000%
624.0
