Set parameter Username
Academic license - for non-commercial use only - expires 2025-08-28
Set parameter Threads to value 1
Set parameter Method to value 4
Gurobi Optimizer version 11.0.0 build v11.0.0rc2 (mac64[arm] - Darwin 23.5.0 23F79)

CPU model: Apple M3 Pro
Thread count: 12 physical cores, 12 logical processors, using up to 1 threads

Optimize a model with 466 rows, 147 columns and 1341 nonzeros
Model fingerprint: 0x609692fd
Variable types: 107 continuous, 40 integer (40 binary)
Coefficient statistics:
  Matrix range     [1e+00, 1e+00]
  Objective range  [1e+01, 3e+02]
  Bounds range     [1e+00, 1e+00]
  RHS range        [1e+00, 2e+00]
Found heuristic solution: objective 1434.0000000
Presolve removed 240 rows and 39 columns
Presolve time: 0.00s
Presolved: 226 rows, 108 columns, 632 nonzeros
Variable types: 0 continuous, 108 integer (108 binary)
Found heuristic solution: objective 1290.0000000

Root relaxation: objective 0.000000e+00, 31 iterations, 0.00 seconds (0.00 work units)

    Nodes    |    Current Node    |     Objective Bounds      |     Work
 Expl Unexpl |  Obj  Depth IntInf | Incumbent    BestBd   Gap | It/Node Time

     0     0    0.00000    0   27 1290.00000    0.00000   100%     -    0s
     0     0  329.50000    0   45 1290.00000  329.50000  74.5%     -    0s
     0     0  334.50000    0   44 1290.00000  334.50000  74.1%     -    0s
     0     0  360.00000    0   52 1290.00000  360.00000  72.1%     -    0s
     0     0  365.00000    0   53 1290.00000  365.00000  71.7%     -    0s
     0     0  475.50000    0   56 1290.00000  475.50000  63.1%     -    0s
     0     0  493.50000    0   58 1290.00000  493.50000  61.7%     -    0s
     0     0  572.00000    0   74 1290.00000  572.00000  55.7%     -    0s
     0     0  586.16667    0   76 1290.00000  586.16667  54.6%     -    0s
     0     0  587.70000    0   79 1290.00000  587.70000  54.4%     -    0s
     0     0  588.33333    0   76 1290.00000  588.33333  54.4%     -    0s
     0     0  629.50000    0   68 1290.00000  629.50000  51.2%     -    0s
     0     0  632.00000    0   80 1290.00000  632.00000  51.0%     -    0s
     0     0  632.75000    0   82 1290.00000  632.75000  50.9%     -    0s
     0     0  633.05556    0   82 1290.00000  633.05556  50.9%     -    0s
     0     0  641.40625    0   84 1290.00000  641.40625  50.3%     -    0s
H    0     0                    1056.0000000  641.40625  39.3%     -    0s
     0     0  642.66667    0   81 1056.00000  642.66667  39.1%     -    0s
     0     0  643.00000    0   73 1056.00000  643.00000  39.1%     -    0s
     0     0  671.25000    0   53 1056.00000  671.25000  36.4%     -    0s
     0     0  675.25000    0   67 1056.00000  675.25000  36.1%     -    0s
     0     0  678.73333    0   84 1056.00000  678.73333  35.7%     -    0s
     0     0  682.33333    0   70 1056.00000  682.33333  35.4%     -    0s
     0     0  682.33333    0   69 1056.00000  682.33333  35.4%     -    0s
     0     0  689.96296    0   85 1056.00000  689.96296  34.7%     -    0s
     0     0  693.22222    0   84 1056.00000  693.22222  34.4%     -    0s
     0     0  697.88889    0   71 1056.00000  697.88889  33.9%     -    0s
H    0     0                    1040.0000000  697.88889  32.9%     -    0s
     0     0  702.66667    0   69 1040.00000  702.66667  32.4%     -    0s
     0     0  702.80000    0   69 1040.00000  702.80000  32.4%     -    0s
     0     0  707.96380    0   87 1040.00000  707.96380  31.9%     -    0s
     0     0  708.84615    0   85 1040.00000  708.84615  31.8%     -    0s
     0     0  711.08000    0   85 1040.00000  711.08000  31.6%     -    0s
     0     0  711.08000    0   84 1040.00000  711.08000  31.6%     -    0s
     0     2  711.35366    0   84 1040.00000  711.35366  31.6%     -    0s

Cutting planes:
  Clique: 9
  MIR: 25
  Zero half: 29
  RLT: 3
  BQP: 7

Explored 7 nodes (809 simplex iterations) in 0.09 seconds (0.07 work units)
Thread count was 1 (of 12 available processors)

Solution count 4: 1040 1056 1290 1434 

Optimal solution found (tolerance 1.00e-04)
Best objective 1.040000000000e+03, best bound 1.040000000000e+03, gap 0.0000%
1040.0
