Set parameter Username
Academic license - for non-commercial use only - expires 2025-08-28
Set parameter Threads to value 1
Set parameter Method to value 4
Gurobi Optimizer version 11.0.0 build v11.0.0rc2 (mac64[arm] - Darwin 23.5.0 23F79)

CPU model: Apple M3 Pro
Thread count: 12 physical cores, 12 logical processors, using up to 1 threads

Optimize a model with 427 rows, 136 columns and 1229 nonzeros
Model fingerprint: 0x54f8a3ac
Variable types: 98 continuous, 38 integer (38 binary)
Coefficient statistics:
  Matrix range     [1e+00, 1e+00]
  Objective range  [1e+01, 3e+02]
  Bounds range     [1e+00, 1e+00]
  RHS range        [1e+00, 2e+00]
Found heuristic solution: objective 775.0000000
Presolve removed 265 rows and 60 columns
Presolve time: 0.00s
Presolved: 162 rows, 76 columns, 444 nonzeros
Variable types: 0 continuous, 76 integer (76 binary)

Root relaxation: objective 0.000000e+00, 26 iterations, 0.00 seconds (0.00 work units)

    Nodes    |    Current Node    |     Objective Bounds      |     Work
 Expl Unexpl |  Obj  Depth IntInf | Incumbent    BestBd   Gap | It/Node Time

     0     0    0.00000    0   24  775.00000    0.00000   100%     -    0s
     0     0  279.50000    0   33  775.00000  279.50000  63.9%     -    0s
     0     0  364.50000    0   46  775.00000  364.50000  53.0%     -    0s
     0     0  370.50000    0   35  775.00000  370.50000  52.2%     -    0s
     0     0  370.50000    0   35  775.00000  370.50000  52.2%     -    0s
     0     0  427.50000    0   38  775.00000  427.50000  44.8%     -    0s
     0     0  436.50000    0   36  775.00000  436.50000  43.7%     -    0s
     0     0  437.00000    0   58  775.00000  437.00000  43.6%     -    0s
     0     0  437.25000    0   52  775.00000  437.25000  43.6%     -    0s
     0     0  460.00000    0   52  775.00000  460.00000  40.6%     -    0s
     0     0  465.00000    0   53  775.00000  465.00000  40.0%     -    0s
     0     0  474.50000    0   54  775.00000  474.50000  38.8%     -    0s
     0     0  477.00000    0   53  775.00000  477.00000  38.5%     -    0s
     0     0  477.00000    0   51  775.00000  477.00000  38.5%     -    0s
     0     2  477.71429    0   51  775.00000  477.71429  38.4%     -    0s

Cutting planes:
  Gomory: 3
  Clique: 10
  MIR: 18
  Zero half: 26
  RLT: 13
  BQP: 10

Explored 6 nodes (388 simplex iterations) in 0.06 seconds (0.04 work units)
Thread count was 1 (of 12 available processors)

Solution count 1: 775 

Optimal solution found (tolerance 1.00e-04)
Best objective 7.750000000000e+02, best bound 7.750000000000e+02, gap 0.0000%
775.0
