Set parameter Username
Academic license - for non-commercial use only - expires 2025-08-28
Set parameter Threads to value 1
Set parameter Method to value 4
Gurobi Optimizer version 11.0.0 build v11.0.0rc2 (mac64[arm] - Darwin 23.5.0 23F79)

CPU model: Apple M3 Pro
Thread count: 12 physical cores, 12 logical processors, using up to 1 threads

Optimize a model with 505 rows, 158 columns and 1453 nonzeros
Model fingerprint: 0x11b03baf
Variable types: 116 continuous, 42 integer (42 binary)
Coefficient statistics:
  Matrix range     [1e+00, 1e+00]
  Objective range  [1e+01, 3e+02]
  Bounds range     [1e+00, 1e+00]
  RHS range        [1e+00, 2e+00]
Found heuristic solution: objective 3213.0000000
Presolve removed 261 rows and 42 columns
Presolve time: 0.00s
Presolved: 244 rows, 116 columns, 682 nonzeros
Variable types: 0 continuous, 116 integer (116 binary)

Root relaxation: objective 0.000000e+00, 32 iterations, 0.00 seconds (0.00 work units)

    Nodes    |    Current Node    |     Objective Bounds      |     Work
 Expl Unexpl |  Obj  Depth IntInf | Incumbent    BestBd   Gap | It/Node Time

     0     0    0.00000    0   30 3213.00000    0.00000   100%     -    0s
H    0     0                    2341.0000000    0.00000   100%     -    0s
     0     0  445.50000    0   53 2341.00000  445.50000  81.0%     -    0s
H    0     0                    1586.0000000  445.50000  71.9%     -    0s
     0     0  451.50000    0   52 1586.00000  451.50000  71.5%     -    0s
     0     0  649.50000    0   45 1586.00000  649.50000  59.0%     -    0s
H    0     0                    1375.0000000  649.50000  52.8%     -    0s
     0     0  750.00000    0   57 1375.00000  750.00000  45.5%     -    0s
     0     0  793.87500    0   95 1375.00000  793.87500  42.3%     -    0s
     0     0  797.50000    0   63 1375.00000  797.50000  42.0%     -    0s
     0     0  806.00000    0   70 1375.00000  806.00000  41.4%     -    0s
     0     0  828.72222    0   98 1375.00000  828.72222  39.7%     -    0s
     0     0  830.66667    0   97 1375.00000  830.66667  39.6%     -    0s
     0     0  830.75000    0   87 1375.00000  830.75000  39.6%     -    0s
     0     0  892.05000    0  101 1375.00000  892.05000  35.1%     -    0s
     0     0  897.99138    0  108 1375.00000  897.99138  34.7%     -    0s
     0     0  899.50000    0  108 1375.00000  899.50000  34.6%     -    0s
     0     0  899.53000    0  108 1375.00000  899.53000  34.6%     -    0s
     0     0  930.50000    0   54 1375.00000  930.50000  32.3%     -    0s
     0     0  944.33333    0  104 1375.00000  944.33333  31.3%     -    0s
     0     0  947.75000    0  105 1375.00000  947.75000  31.1%     -    0s
     0     0  950.63855    0  104 1375.00000  950.63855  30.9%     -    0s
     0     0  951.80348    0  106 1375.00000  951.80348  30.8%     -    0s
     0     0  952.31443    0  106 1375.00000  952.31443  30.7%     -    0s
     0     0  961.54430    0  106 1375.00000  961.54430  30.1%     -    0s
     0     0  965.70370    0  106 1375.00000  965.70370  29.8%     -    0s
     0     0  967.34286    0  108 1375.00000  967.34286  29.6%     -    0s
     0     0  967.51667    0  109 1375.00000  967.51667  29.6%     -    0s
     0     0  973.11111    0  103 1375.00000  973.11111  29.2%     -    0s
     0     0  974.17188    0  107 1375.00000  974.17188  29.2%     -    0s
     0     0  974.32303    0  107 1375.00000  974.32303  29.1%     -    0s
     0     0  974.35000    0  107 1375.00000  974.35000  29.1%     -    0s
     0     0  974.35000    0  107 1375.00000  974.35000  29.1%     -    0s
     0     2  975.21809    0  107 1375.00000  975.21809  29.1%     -    0s

Cutting planes:
  Gomory: 4
  Clique: 19
  MIR: 27
  Zero half: 40
  RLT: 15
  BQP: 7

Explored 7 nodes (1207 simplex iterations) in 0.08 seconds (0.09 work units)
Thread count was 1 (of 12 available processors)

Solution count 4: 1375 1586 2341 3213 

Optimal solution found (tolerance 1.00e-04)
Best objective 1.375000000000e+03, best bound 1.375000000000e+03, gap 0.0000%
1375.0
