Set parameter Username
Academic license - for non-commercial use only - expires 2025-08-28
Set parameter Threads to value 1
Set parameter Method to value 4
Gurobi Optimizer version 11.0.0 build v11.0.0rc2 (mac64[arm] - Darwin 23.5.0 23F79)

CPU model: Apple M3 Pro
Thread count: 12 physical cores, 12 logical processors, using up to 1 threads

Optimize a model with 270 rows, 92 columns and 780 nonzeros
Model fingerprint: 0xd2f834fa
Variable types: 62 continuous, 30 integer (30 binary)
Coefficient statistics:
  Matrix range     [1e+00, 1e+00]
  Objective range  [1e+01, 2e+02]
  Bounds range     [1e+00, 1e+00]
  RHS range        [1e+00, 2e+00]
Found heuristic solution: objective 921.0000000
Presolve removed 179 rows and 46 columns
Presolve time: 0.00s
Presolved: 91 rows, 46 columns, 251 nonzeros
Variable types: 0 continuous, 46 integer (46 binary)

Root relaxation: objective 0.000000e+00, 21 iterations, 0.00 seconds (0.00 work units)

    Nodes    |    Current Node    |     Objective Bounds      |     Work
 Expl Unexpl |  Obj  Depth IntInf | Incumbent    BestBd   Gap | It/Node Time

     0     0    0.00000    0   18  921.00000    0.00000   100%     -    0s
H    0     0                     773.0000000    0.00000   100%     -    0s
H    0     0                     425.0000000    0.00000   100%     -    0s
     0     0   95.50000    0   21  425.00000   95.50000  77.5%     -    0s
     0     0  189.40000    0   37  425.00000  189.40000  55.4%     -    0s
     0     0  190.60000    0   37  425.00000  190.60000  55.2%     -    0s
     0     0  253.50000    0   39  425.00000  253.50000  40.4%     -    0s
     0     0  254.06250    0   39  425.00000  254.06250  40.2%     -    0s
     0     0  254.06250    0   40  425.00000  254.06250  40.2%     -    0s
     0     0  278.00000    0   28  425.00000  278.00000  34.6%     -    0s
     0     0  283.25000    0   29  425.00000  283.25000  33.4%     -    0s
     0     0  288.50000    0   27  425.00000  288.50000  32.1%     -    0s
     0     0  288.50000    0   28  425.00000  288.50000  32.1%     -    0s
     0     0  288.50000    0   27  425.00000  288.50000  32.1%     -    0s
     0     0  288.50000    0   27  425.00000  288.50000  32.1%     -    0s
     0     2  288.75000    0   27  425.00000  288.75000  32.1%     -    0s

Cutting planes:
  Gomory: 1
  Implied bound: 3
  Clique: 8
  MIR: 14
  Zero half: 9
  RLT: 8
  BQP: 5

Explored 9 nodes (283 simplex iterations) in 0.02 seconds (0.02 work units)
Thread count was 1 (of 12 available processors)

Solution count 3: 425 773 921 

Optimal solution found (tolerance 1.00e-04)
Best objective 4.250000000000e+02, best bound 4.250000000000e+02, gap 0.0000%
425.0
