Set parameter Username
Academic license - for non-commercial use only - expires 2025-08-28
Set parameter Threads to value 1
Set parameter Method to value 4
Gurobi Optimizer version 11.0.0 build v11.0.0rc2 (mac64[arm] - Darwin 23.5.0 23F79)

CPU model: Apple M3 Pro
Thread count: 12 physical cores, 12 logical processors, using up to 1 threads

Optimize a model with 505 rows, 158 columns and 1453 nonzeros
Model fingerprint: 0xb3a5de90
Variable types: 116 continuous, 42 integer (42 binary)
Coefficient statistics:
  Matrix range     [1e+00, 1e+00]
  Objective range  [1e+01, 3e+02]
  Bounds range     [1e+00, 1e+00]
  RHS range        [1e+00, 2e+00]
Found heuristic solution: objective 2294.0000000
Presolve removed 261 rows and 42 columns
Presolve time: 0.00s
Presolved: 244 rows, 116 columns, 682 nonzeros
Variable types: 0 continuous, 116 integer (116 binary)

Root relaxation: objective 0.000000e+00, 32 iterations, 0.00 seconds (0.00 work units)

    Nodes    |    Current Node    |     Objective Bounds      |     Work
 Expl Unexpl |  Obj  Depth IntInf | Incumbent    BestBd   Gap | It/Node Time

     0     0    0.00000    0   30 2294.00000    0.00000   100%     -    0s
     0     0  358.00000    0   52 2294.00000  358.00000  84.4%     -    0s
H    0     0                    2026.0000000  358.00000  82.3%     -    0s
     0     0  401.75000    0   61 2026.00000  401.75000  80.2%     -    0s
H    0     0                    1938.0000000  401.75000  79.3%     -    0s
     0     0  498.75000    0   67 1938.00000  498.75000  74.3%     -    0s
H    0     0                    1671.0000000  498.75000  70.2%     -    0s
     0     0  504.25000    0   66 1671.00000  504.25000  69.8%     -    0s
     0     0  504.25000    0   68 1671.00000  504.25000  69.8%     -    0s
     0     0  569.75000    0   73 1671.00000  569.75000  65.9%     -    0s
     0     0  570.83333    0   75 1671.00000  570.83333  65.8%     -    0s
     0     0  571.66667    0   77 1671.00000  571.66667  65.8%     -    0s
     0     0  619.50000    0   62 1671.00000  619.50000  62.9%     -    0s
H    0     0                    1322.0000000  619.50000  53.1%     -    0s
     0     0  630.45833    0   91 1322.00000  630.45833  52.3%     -    0s
     0     0  636.00000    0   80 1322.00000  636.00000  51.9%     -    0s
     0     0  651.25000    0   91 1322.00000  651.25000  50.7%     -    0s
     0     0  658.50000    0   93 1322.00000  658.50000  50.2%     -    0s
     0     0  695.00000    0   71 1322.00000  695.00000  47.4%     -    0s
     0     0  737.00000    0   85 1322.00000  737.00000  44.3%     -    0s
     0     0  737.00000    0   85 1322.00000  737.00000  44.3%     -    0s
     0     0  760.91667    0   86 1322.00000  760.91667  42.4%     -    0s
     0     0  761.50000    0   86 1322.00000  761.50000  42.4%     -    0s
     0     0  761.66667    0   86 1322.00000  761.66667  42.4%     -    0s
     0     0  773.29167    0   90 1322.00000  773.29167  41.5%     -    0s
     0     0  773.80556    0  101 1322.00000  773.80556  41.5%     -    0s
     0     0  780.33333    0   89 1322.00000  780.33333  41.0%     -    0s
     0     0  786.03333    0   91 1322.00000  786.03333  40.5%     -    0s
     0     0  786.03333    0   91 1322.00000  786.03333  40.5%     -    0s
     0     2  786.40000    0   91 1322.00000  786.40000  40.5%     -    0s

Cutting planes:
  Gomory: 1
  Clique: 11
  MIR: 28
  Zero half: 59
  RLT: 14
  BQP: 5

Explored 7 nodes (1006 simplex iterations) in 0.07 seconds (0.07 work units)
Thread count was 1 (of 12 available processors)

Solution count 5: 1322 1671 1938 ... 2294

Optimal solution found (tolerance 1.00e-04)
Best objective 1.322000000000e+03, best bound 1.322000000000e+03, gap 0.0000%
1322.0
