Set parameter Username
Academic license - for non-commercial use only - expires 2025-08-28
Set parameter Threads to value 1
Set parameter Method to value 4
Gurobi Optimizer version 11.0.0 build v11.0.0rc2 (mac64[arm] - Darwin 23.5.0 23F79)

CPU model: Apple M3 Pro
Thread count: 12 physical cores, 12 logical processors, using up to 1 threads

Optimize a model with 427 rows, 136 columns and 1229 nonzeros
Model fingerprint: 0xbe7e382b
Variable types: 98 continuous, 38 integer (38 binary)
Coefficient statistics:
  Matrix range     [1e+00, 1e+00]
  Objective range  [1e+01, 3e+02]
  Bounds range     [1e+00, 1e+00]
  RHS range        [1e+00, 2e+00]
Found heuristic solution: objective 2767.0000000
Presolve removed 219 rows and 36 columns
Presolve time: 0.00s
Presolved: 208 rows, 100 columns, 582 nonzeros
Variable types: 0 continuous, 100 integer (100 binary)
Found heuristic solution: objective 2445.0000000

Root relaxation: objective 0.000000e+00, 29 iterations, 0.00 seconds (0.00 work units)

    Nodes    |    Current Node    |     Objective Bounds      |     Work
 Expl Unexpl |  Obj  Depth IntInf | Incumbent    BestBd   Gap | It/Node Time

     0     0    0.00000    0   26 2445.00000    0.00000   100%     -    0s
H    0     0                    1618.0000000    0.00000   100%     -    0s
     0     0  297.00000    0   42 1618.00000  297.00000  81.6%     -    0s
H    0     0                    1315.0000000  297.00000  77.4%     -    0s
H    0     0                     974.0000000  297.00000  69.5%     -    0s
     0     0  302.50000    0   41  974.00000  302.50000  68.9%     -    0s
     0     0  335.50000    0   49  974.00000  335.50000  65.6%     -    0s
H    0     0                     967.0000000  335.50000  65.3%     -    0s
     0     0  338.75000    0   49  967.00000  338.75000  65.0%     -    0s
     0     0  463.00000    0   52  967.00000  463.00000  52.1%     -    0s
     0     0  471.00000    0   51  967.00000  471.00000  51.3%     -    0s
     0     0  472.00000    0   53  967.00000  472.00000  51.2%     -    0s
     0     0  498.50000    0   51  967.00000  498.50000  48.4%     -    0s
     0     0  508.50000    0   55  967.00000  508.50000  47.4%     -    0s
     0     0  525.72727    0   74  967.00000  525.72727  45.6%     -    0s
     0     0  533.30000    0   70  967.00000  533.30000  44.9%     -    0s
     0     0  533.85294    0   74  967.00000  533.85294  44.8%     -    0s
     0     0  533.90000    0   72  967.00000  533.90000  44.8%     -    0s
     0     0  566.50000    0   58  967.00000  566.50000  41.4%     -    0s
     0     0  567.15000    0   75  967.00000  567.15000  41.3%     -    0s
     0     0  567.28571    0   74  967.00000  567.28571  41.3%     -    0s
     0     0  613.40000    0   67  967.00000  613.40000  36.6%     -    0s
     0     0  616.73913    0   81  967.00000  616.73913  36.2%     -    0s
     0     0  619.94737    0   80  967.00000  619.94737  35.9%     -    0s
     0     0  620.34286    0   80  967.00000  620.34286  35.8%     -    0s
     0     0  620.88525    0   82  967.00000  620.88525  35.8%     -    0s
     0     0  621.05714    0   82  967.00000  621.05714  35.8%     -    0s
     0     0  635.00000    0   46  967.00000  635.00000  34.3%     -    0s
     0     0  635.57143    0   68  967.00000  635.57143  34.3%     -    0s
     0     0  637.66667    0   67  967.00000  637.66667  34.1%     -    0s
     0     0  656.71605    0   82  967.00000  656.71605  32.1%     -    0s
     0     0  661.39850    0   82  967.00000  661.39850  31.6%     -    0s
     0     0  662.55556    0   82  967.00000  662.55556  31.5%     -    0s
     0     0  665.87500    0   69  967.00000  665.87500  31.1%     -    0s
     0     0  666.00000    0   69  967.00000  666.00000  31.1%     -    0s
     0     0  667.50000    0   83  967.00000  667.50000  31.0%     -    0s
     0     0  667.50000    0   83  967.00000  667.50000  31.0%     -    0s
     0     2  668.87500    0   83  967.00000  668.87500  30.8%     -    0s

Cutting planes:
  Gomory: 1
  Clique: 11
  MIR: 22
  Zero half: 28
  RLT: 9
  BQP: 6

Explored 7 nodes (789 simplex iterations) in 0.06 seconds (0.06 work units)
Thread count was 1 (of 12 available processors)

Solution count 6: 967 974 1315 ... 2767

Optimal solution found (tolerance 1.00e-04)
Best objective 9.670000000000e+02, best bound 9.670000000000e+02, gap 0.0000%
967.0
