Set parameter Username
Academic license - for non-commercial use only - expires 2025-08-28
Set parameter Threads to value 1
Set parameter Method to value 4
Gurobi Optimizer version 11.0.0 build v11.0.0rc2 (mac64[arm] - Darwin 23.5.0 23F79)

CPU model: Apple M3 Pro
Thread count: 12 physical cores, 12 logical processors, using up to 1 threads

Optimize a model with 231 rows, 81 columns and 668 nonzeros
Model fingerprint: 0xd1ce525d
Variable types: 53 continuous, 28 integer (28 binary)
Coefficient statistics:
  Matrix range     [1e+00, 1e+00]
  Objective range  [1e+01, 1e+02]
  Bounds range     [1e+00, 1e+00]
  RHS range        [1e+00, 2e+00]
Found heuristic solution: objective 782.0000000
Presolve removed 165 rows and 47 columns
Presolve time: 0.00s
Presolved: 66 rows, 34 columns, 180 nonzeros
Variable types: 0 continuous, 34 integer (34 binary)

Root relaxation: objective 0.000000e+00, 17 iterations, 0.00 seconds (0.00 work units)

    Nodes    |    Current Node    |     Objective Bounds      |     Work
 Expl Unexpl |  Obj  Depth IntInf | Incumbent    BestBd   Gap | It/Node Time

     0     0    0.00000    0   15  782.00000    0.00000   100%     -    0s
H    0     0                     311.0000000    0.00000   100%     -    0s
H    0     0                     204.0000000    0.00000   100%     -    0s
     0     0   51.00000    0   17  204.00000   51.00000  75.0%     -    0s
     0     0   81.75000    0   19  204.00000   81.75000  59.9%     -    0s
     0     0   81.75000    0   20  204.00000   81.75000  59.9%     -    0s
     0     0   96.87500    0   22  204.00000   96.87500  52.5%     -    0s
     0     0  124.46154    0   29  204.00000  124.46154  39.0%     -    0s
     0     0  131.00000    0   20  204.00000  131.00000  35.8%     -    0s
     0     0  131.00000    0   21  204.00000  131.00000  35.8%     -    0s
     0     0  133.78571    0   29  204.00000  133.78571  34.4%     -    0s
     0     0  135.00000    0   28  204.00000  135.00000  33.8%     -    0s
     0     0  138.64706    0   27  204.00000  138.64706  32.0%     -    0s
     0     0  140.83333    0   26  204.00000  140.83333  31.0%     -    0s
     0     0  141.12500    0   26  204.00000  141.12500  30.8%     -    0s
     0     0  141.41176    0   28  204.00000  141.41176  30.7%     -    0s
     0     0  142.00000    0   18  204.00000  142.00000  30.4%     -    0s
     0     0  142.00000    0   18  204.00000  142.00000  30.4%     -    0s
     0     2  152.00000    0   18  204.00000  152.00000  25.5%     -    0s

Cutting planes:
  Implied bound: 1
  Clique: 7
  MIR: 5
  Flow cover: 1
  Zero half: 2
  RLT: 2
  BQP: 1

Explored 3 nodes (184 simplex iterations) in 0.02 seconds (0.01 work units)
Thread count was 1 (of 12 available processors)

Solution count 3: 204 311 782 

Optimal solution found (tolerance 1.00e-04)
Best objective 2.040000000000e+02, best bound 2.040000000000e+02, gap 0.0000%
204.0
