Set parameter Username
Academic license - for non-commercial use only - expires 2025-08-28
Set parameter Threads to value 1
Set parameter Method to value 4
Gurobi Optimizer version 11.0.0 build v11.0.0rc2 (mac64[arm] - Darwin 23.5.0 23F79)

CPU model: Apple M3 Pro
Thread count: 12 physical cores, 12 logical processors, using up to 1 threads

Optimize a model with 679 rows, 165 columns and 1995 nonzeros
Model fingerprint: 0x91049505
Variable types: 108 continuous, 57 integer (57 binary)
Coefficient statistics:
  Matrix range     [1e+00, 1e+00]
  Objective range  [1e+01, 3e+02]
  Bounds range     [1e+00, 1e+00]
  RHS range        [1e+00, 2e+00]
Presolve removed 174 rows and 42 columns
Presolve time: 0.00s
Presolved: 505 rows, 123 columns, 1455 nonzeros
Variable types: 0 continuous, 123 integer (123 binary)
Found heuristic solution: objective 2547.0000000
Found heuristic solution: objective 1092.0000000

Root relaxation: objective 0.000000e+00, 74 iterations, 0.00 seconds (0.00 work units)

    Nodes    |    Current Node    |     Objective Bounds      |     Work
 Expl Unexpl |  Obj  Depth IntInf | Incumbent    BestBd   Gap | It/Node Time

     0     0    0.00000    0   32 1092.00000    0.00000   100%     -    0s
H    0     0                     987.0000000    0.00000   100%     -    0s
H    0     0                     840.0000000    0.00000   100%     -    0s
H    0     0                     645.0000000    0.00000   100%     -    0s
     0     0    0.00000    0   59  645.00000    0.00000   100%     -    0s
     0     0   98.25000    0   55  645.00000   98.25000  84.8%     -    0s
H    0     0                     622.0000000   98.25000  84.2%     -    0s
     0     0  105.68750    0   74  622.00000  105.68750  83.0%     -    0s
     0     0  105.98214    0   77  622.00000  105.98214  83.0%     -    0s
     0     0  125.38462    0   82  622.00000  125.38462  79.8%     -    0s
     0     0  137.69444    0   82  622.00000  137.69444  77.9%     -    0s
     0     0  140.18750    0   79  622.00000  140.18750  77.5%     -    0s
     0     0  141.00000    0   79  622.00000  141.00000  77.3%     -    0s
     0     0  152.46667    0   81  622.00000  152.46667  75.5%     -    0s
     0     0  154.25455    0   87  622.00000  154.25455  75.2%     -    0s
     0     0  165.30000    0   81  622.00000  165.30000  73.4%     -    0s
     0     0  172.32500    0   88  622.00000  172.32500  72.3%     -    0s
     0     0  172.50000    0   92  622.00000  172.50000  72.3%     -    0s
     0     0  174.63636    0   92  622.00000  174.63636  71.9%     -    0s
     0     0  185.08333    0   92  622.00000  185.08333  70.2%     -    0s
     0     0  185.22222    0   92  622.00000  185.22222  70.2%     -    0s
     0     0  190.56944    0   90  622.00000  190.56944  69.4%     -    0s
     0     0  190.94613    0   91  622.00000  190.94613  69.3%     -    0s
     0     0  190.94613    0   93  622.00000  190.94613  69.3%     -    0s
     0     0  190.95614    0   94  622.00000  190.95614  69.3%     -    0s
     0     0  190.95614    0   94  622.00000  190.95614  69.3%     -    0s
     0     0  190.95614    0   91  622.00000  190.95614  69.3%     -    0s
     0     2  190.98538    0   89  622.00000  190.98538  69.3%     -    0s

Cutting planes:
  MIR: 12
  Zero half: 23
  RLT: 18
  BQP: 12

Explored 34 nodes (1394 simplex iterations) in 0.11 seconds (0.11 work units)
Thread count was 1 (of 12 available processors)

Solution count 6: 622 645 840 ... 2547

Optimal solution found (tolerance 1.00e-04)
Best objective 6.220000000000e+02, best bound 6.220000000000e+02, gap 0.0000%
622.0
