Set parameter Username
Academic license - for non-commercial use only - expires 2025-08-28
Set parameter Threads to value 1
Set parameter Method to value 4
Gurobi Optimizer version 11.0.0 build v11.0.0rc2 (mac64[arm] - Darwin 23.5.0 23F79)

CPU model: Apple M3 Pro
Thread count: 12 physical cores, 12 logical processors, using up to 1 threads

Optimize a model with 450 rows, 117 columns and 1326 nonzeros
Model fingerprint: 0xade9b17d
Variable types: 72 continuous, 45 integer (45 binary)
Coefficient statistics:
  Matrix range     [1e+00, 1e+00]
  Objective range  [1e+01, 2e+02]
  Bounds range     [1e+00, 1e+00]
  RHS range        [1e+00, 2e+00]
Presolve removed 159 rows and 38 columns
Presolve time: 0.00s
Presolved: 291 rows, 79 columns, 840 nonzeros
Variable types: 0 continuous, 79 integer (79 binary)
Found heuristic solution: objective 2013.0000000
Found heuristic solution: objective 1640.0000000
Found heuristic solution: objective 1535.0000000

Root relaxation: objective 0.000000e+00, 44 iterations, 0.00 seconds (0.00 work units)

    Nodes    |    Current Node    |     Objective Bounds      |     Work
 Expl Unexpl |  Obj  Depth IntInf | Incumbent    BestBd   Gap | It/Node Time

     0     0    0.00000    0   24 1535.00000    0.00000   100%     -    0s
H    0     0                    1481.0000000    0.00000   100%     -    0s
H    0     0                     595.0000000    0.00000   100%     -    0s
H    0     0                     459.0000000    0.00000   100%     -    0s
H    0     0                     323.0000000    0.00000   100%     -    0s
     0     0    0.00000    0   41  323.00000    0.00000   100%     -    0s
H    0     0                     294.0000000    0.00000   100%     -    0s
H    0     0                     192.0000000    0.00000   100%     -    0s
     0     0   16.50000    0   24  192.00000   16.50000  91.4%     -    0s
     0     0   22.50000    0   25  192.00000   22.50000  88.3%     -    0s
     0     0   48.71739    0   43  192.00000   48.71739  74.6%     -    0s
     0     0   49.00000    0   28  192.00000   49.00000  74.5%     -    0s
     0     0   59.12360    0   46  192.00000   59.12360  69.2%     -    0s
     0     0   59.98138    0   47  192.00000   59.98138  68.8%     -    0s
     0     0   64.66667    0   46  192.00000   64.66667  66.3%     -    0s
     0     0   67.11842    0   45  192.00000   67.11842  65.0%     -    0s
     0     0   67.60000    0   45  192.00000   67.60000  64.8%     -    0s
     0     0   67.67164    0   45  192.00000   67.67164  64.8%     -    0s
     0     0   67.82979    0   46  192.00000   67.82979  64.7%     -    0s
     0     0   68.08434    0   46  192.00000   68.08434  64.5%     -    0s
     0     0   68.41667    0   42  192.00000   68.41667  64.4%     -    0s
     0     0   69.33333    0   44  192.00000   69.33333  63.9%     -    0s
     0     0   69.91667    0   52  192.00000   69.91667  63.6%     -    0s
     0     0   70.13354    0   56  192.00000   70.13354  63.5%     -    0s
     0     0   70.14130    0   56  192.00000   70.14130  63.5%     -    0s
     0     0   71.70455    0   59  192.00000   71.70455  62.7%     -    0s
     0     0   72.63333    0   59  192.00000   72.63333  62.2%     -    0s
     0     0   72.65556    0   59  192.00000   72.65556  62.2%     -    0s
     0     0   72.68462    0   59  192.00000   72.68462  62.1%     -    0s
     0     0   72.73636    0   57  192.00000   72.73636  62.1%     -    0s
     0     0   72.73636    0   59  192.00000   72.73636  62.1%     -    0s
     0     0   73.33333    0   54  192.00000   73.33333  61.8%     -    0s
     0     0   73.41379    0   55  192.00000   73.41379  61.8%     -    0s
     0     0   73.45690    0   55  192.00000   73.45690  61.7%     -    0s
     0     0   73.47802    0   60  192.00000   73.47802  61.7%     -    0s
     0     0   73.48387    0   60  192.00000   73.48387  61.7%     -    0s
     0     0   73.96988    0   59  192.00000   73.96988  61.5%     -    0s
     0     0   74.06250    0   57  192.00000   74.06250  61.4%     -    0s
     0     0   74.06250    0   59  192.00000   74.06250  61.4%     -    0s
     0     0   74.06250    0   59  192.00000   74.06250  61.4%     -    0s
     0     0   74.06250    0   22  192.00000   74.06250  61.4%     -    0s
     0     0   74.06250    0   45  192.00000   74.06250  61.4%     -    0s
     0     0   74.06250    0   50  192.00000   74.06250  61.4%     -    0s
     0     0   74.08333    0   55  192.00000   74.08333  61.4%     -    0s
     0     0   74.53030    0   55  192.00000   74.53030  61.2%     -    0s
     0     0   74.60312    0   53  192.00000   74.60312  61.1%     -    0s
     0     0   74.62844    0   55  192.00000   74.62844  61.1%     -    0s
     0     0   76.96577    0   51  192.00000   76.96577  59.9%     -    0s
     0     0   77.54167    0   51  192.00000   77.54167  59.6%     -    0s
     0     0   77.56532    0   52  192.00000   77.56532  59.6%     -    0s
     0     0   77.83698    0   54  192.00000   77.83698  59.5%     -    0s
     0     0   77.84783    0   54  192.00000   77.84783  59.5%     -    0s
     0     0   77.88889    0   53  192.00000   77.88889  59.4%     -    0s
     0     0   78.93939    0   50  192.00000   78.93939  58.9%     -    0s
     0     0   79.75000    0   54  192.00000   79.75000  58.5%     -    0s
     0     0   79.75556    0   54  192.00000   79.75556  58.5%     -    0s
     0     0   79.77083    0   54  192.00000   79.77083  58.5%     -    0s
     0     0   95.23611    0   54  192.00000   95.23611  50.4%     -    0s
     0     2  104.00000    0   54  192.00000  104.00000  45.8%     -    0s

Cutting planes:
  MIR: 6
  Zero half: 12
  RLT: 9
  BQP: 5

Explored 5 nodes (670 simplex iterations) in 0.09 seconds (0.08 work units)
Thread count was 1 (of 12 available processors)

Solution count 10: 192 289 294 ... 2013

Optimal solution found (tolerance 1.00e-04)
Best objective 1.920000000000e+02, best bound 1.920000000000e+02, gap 0.0000%
192.0
