Set parameter Username
Academic license - for non-commercial use only - expires 2025-08-28
Set parameter Threads to value 1
Set parameter Method to value 4
Gurobi Optimizer version 11.0.0 build v11.0.0rc2 (mac64[arm] - Darwin 23.5.0 23F79)

CPU model: Apple M3 Pro
Thread count: 12 physical cores, 12 logical processors, using up to 1 threads

Optimize a model with 507 rows, 129 columns and 1493 nonzeros
Model fingerprint: 0x745645d4
Variable types: 81 continuous, 48 integer (48 binary)
Coefficient statistics:
  Matrix range     [1e+00, 1e+00]
  Objective range  [1e+01, 2e+02]
  Bounds range     [1e+00, 1e+00]
  RHS range        [1e+00, 2e+00]
Found heuristic solution: objective 972.0000000
Presolve removed 179 rows and 42 columns
Presolve time: 0.00s
Presolved: 328 rows, 87 columns, 945 nonzeros
Variable types: 0 continuous, 87 integer (87 binary)

Root relaxation: objective 0.000000e+00, 43 iterations, 0.00 seconds (0.00 work units)

    Nodes    |    Current Node    |     Objective Bounds      |     Work
 Expl Unexpl |  Obj  Depth IntInf | Incumbent    BestBd   Gap | It/Node Time

     0     0    0.00000    0   29  972.00000    0.00000   100%     -    0s
H    0     0                     929.0000000    0.00000   100%     -    0s
H    0     0                     519.0000000    0.00000   100%     -    0s
H    0     0                     339.0000000    0.00000   100%     -    0s
     0     0    0.00000    0   41  339.00000    0.00000   100%     -    0s
     0     0   19.00000    0   26  339.00000   19.00000  94.4%     -    0s
     0     0   19.00000    0   27  339.00000   19.00000  94.4%     -    0s
     0     0   49.00000    0   35  339.00000   49.00000  85.5%     -    0s
     0     0   61.76471    0   50  339.00000   61.76471  81.8%     -    0s
     0     0   65.66667    0   44  339.00000   65.66667  80.6%     -    0s
H    0     0                     237.0000000   65.66667  72.3%     -    0s
     0     0   65.66667    0   43  237.00000   65.66667  72.3%     -    0s
     0     0   74.50000    0   47  237.00000   74.50000  68.6%     -    0s
     0     0   74.50000    0   46  237.00000   74.50000  68.6%     -    0s
     0     0   79.10000    0   53  237.00000   79.10000  66.6%     -    0s
     0     0   82.62500    0   53  237.00000   82.62500  65.1%     -    0s
     0     0   83.88889    0   58  237.00000   83.88889  64.6%     -    0s
     0     0   83.91667    0   53  237.00000   83.91667  64.6%     -    0s
     0     0   83.91667    0   54  237.00000   83.91667  64.6%     -    0s
     0     0   86.20000    0   50  237.00000   86.20000  63.6%     -    0s
     0     0   86.58065    0   57  237.00000   86.58065  63.5%     -    0s
     0     0   86.58065    0   56  237.00000   86.58065  63.5%     -    0s
     0     0   86.58065    0   23  237.00000   86.58065  63.5%     -    0s
     0     0   86.58065    0   47  237.00000   86.58065  63.5%     -    0s
     0     0   86.58065    0   49  237.00000   86.58065  63.5%     -    0s
     0     0   86.84848    0   53  237.00000   86.84848  63.4%     -    0s
     0     0   86.90476    0   54  237.00000   86.90476  63.3%     -    0s
     0     0   92.52500    0   50  237.00000   92.52500  61.0%     -    0s
     0     0   93.63333    0   51  237.00000   93.63333  60.5%     -    0s
     0     0   93.71739    0   53  237.00000   93.71739  60.5%     -    0s
     0     0   93.71739    0   53  237.00000   93.71739  60.5%     -    0s
     0     0   94.31707    0   52  237.00000   94.31707  60.2%     -    0s
     0     0   94.88034    0   53  237.00000   94.88034  60.0%     -    0s
     0     0   94.96667    0   54  237.00000   94.96667  59.9%     -    0s
     0     0   94.97143    0   55  237.00000   94.97143  59.9%     -    0s
     0     0   94.98413    0   55  237.00000   94.98413  59.9%     -    0s
     0     0   99.00000    0   55  237.00000   99.00000  58.2%     -    0s
     0     2  101.06667    0   55  237.00000  101.06667  57.4%     -    0s

Cutting planes:
  Gomory: 1
  Implied bound: 2
  MIR: 3
  Zero half: 15
  RLT: 7
  BQP: 2

Explored 15 nodes (920 simplex iterations) in 0.08 seconds (0.09 work units)
Thread count was 1 (of 12 available processors)

Solution count 7: 237 339 379 ... 972

Optimal solution found (tolerance 1.00e-04)
Best objective 2.370000000000e+02, best bound 2.370000000000e+02, gap 0.0000%
237.0
