Set parameter Username
Academic license - for non-commercial use only - expires 2025-08-28
Set parameter Threads to value 1
Set parameter Method to value 4
Gurobi Optimizer version 11.0.0 build v11.0.0rc2 (mac64[arm] - Darwin 23.5.0 23F79)

CPU model: Apple M3 Pro
Thread count: 12 physical cores, 12 logical processors, using up to 1 threads

Optimize a model with 621 rows, 153 columns and 1827 nonzeros
Model fingerprint: 0xd57b09df
Variable types: 99 continuous, 54 integer (54 binary)
Coefficient statistics:
  Matrix range     [1e+00, 1e+00]
  Objective range  [1e+01, 3e+02]
  Bounds range     [1e+00, 1e+00]
  RHS range        [1e+00, 2e+00]
Found heuristic solution: objective 510.0000000
Presolve removed 96 rows and 27 columns
Presolve time: 0.00s
Presolved: 525 rows, 126 columns, 1521 nonzeros
Variable types: 0 continuous, 126 integer (126 binary)

Root relaxation: objective 0.000000e+00, 53 iterations, 0.00 seconds (0.00 work units)

    Nodes    |    Current Node    |     Objective Bounds      |     Work
 Expl Unexpl |  Obj  Depth IntInf | Incumbent    BestBd   Gap | It/Node Time

     0     0    0.00000    0   34  510.00000    0.00000   100%     -    0s
     0     0    0.00000    0   54  510.00000    0.00000   100%     -    0s
     0     0   92.00000    0   60  510.00000   92.00000  82.0%     -    0s
H    0     0                     498.0000000   92.00000  81.5%     -    0s
     0     0   99.50000    0   57  498.00000   99.50000  80.0%     -    0s
     0     0   99.50000    0   57  498.00000   99.50000  80.0%     -    0s
     0     0  112.13019    0   73  498.00000  112.13019  77.5%     -    0s
     0     0  114.85000    0   70  498.00000  114.85000  76.9%     -    0s
     0     0  114.88889    0   67  498.00000  114.88889  76.9%     -    0s
     0     0  114.88889    0   69  498.00000  114.88889  76.9%     -    0s
     0     0  116.75758    0   71  498.00000  116.75758  76.6%     -    0s
H    0     0                     468.0000000  116.75758  75.1%     -    0s
     0     0  117.26351    0   70  468.00000  117.26351  74.9%     -    0s
     0     0  117.26351    0   70  468.00000  117.26351  74.9%     -    0s
     0     0  117.30159    0   69  468.00000  117.30159  74.9%     -    0s
     0     0  117.38636    0   70  468.00000  117.38636  74.9%     -    0s
     0     0  117.41228    0   71  468.00000  117.41228  74.9%     -    0s
     0     0  117.41228    0   71  468.00000  117.41228  74.9%     -    0s
     0     0  117.41228    0   29  468.00000  117.41228  74.9%     -    0s
     0     0  117.41228    0   57  468.00000  117.41228  74.9%     -    0s
     0     0  117.41228    0   62  468.00000  117.41228  74.9%     -    0s
     0     0  117.41228    0   63  468.00000  117.41228  74.9%     -    0s
     0     0  117.41228    0   65  468.00000  117.41228  74.9%     -    0s
     0     0  117.41228    0   66  468.00000  117.41228  74.9%     -    0s
     0     0  117.41228    0   66  468.00000  117.41228  74.9%     -    0s
     0     0  117.41228    0   67  468.00000  117.41228  74.9%     -    0s
     0     0  128.91209    0   67  468.00000  128.91209  72.5%     -    0s
     0     2  134.41228    0   67  468.00000  134.41228  71.3%     -    0s

Cutting planes:
  Gomory: 2
  Clique: 1
  MIR: 8
  Zero half: 28
  RLT: 9
  BQP: 11

Explored 106 nodes (2174 simplex iterations) in 0.14 seconds (0.15 work units)
Thread count was 1 (of 12 available processors)

Solution count 3: 468 498 510 

Optimal solution found (tolerance 1.00e-04)
Best objective 4.680000000000e+02, best bound 4.680000000000e+02, gap 0.0000%
468.0
