Set parameter Username
Academic license - for non-commercial use only - expires 2025-08-28
Set parameter Threads to value 1
Set parameter Method to value 4
Gurobi Optimizer version 11.0.0 build v11.0.0rc2 (mac64[arm] - Darwin 23.5.0 23F79)

CPU model: Apple M3 Pro
Thread count: 12 physical cores, 12 logical processors, using up to 1 threads

Optimize a model with 507 rows, 129 columns and 1493 nonzeros
Model fingerprint: 0xe7de8378
Variable types: 81 continuous, 48 integer (48 binary)
Coefficient statistics:
  Matrix range     [1e+00, 1e+00]
  Objective range  [1e+01, 2e+02]
  Bounds range     [1e+00, 1e+00]
  RHS range        [1e+00, 2e+00]
Found heuristic solution: objective 1181.0000000
Presolve removed 230 rows and 52 columns
Presolve time: 0.00s
Presolved: 277 rows, 77 columns, 792 nonzeros
Variable types: 0 continuous, 77 integer (77 binary)

Root relaxation: objective 0.000000e+00, 38 iterations, 0.00 seconds (0.00 work units)

    Nodes    |    Current Node    |     Objective Bounds      |     Work
 Expl Unexpl |  Obj  Depth IntInf | Incumbent    BestBd   Gap | It/Node Time

     0     0    0.00000    0   25 1181.00000    0.00000   100%     -    0s
H    0     0                    1143.0000000    0.00000   100%     -    0s
H    0     0                     568.0000000    0.00000   100%     -    0s
H    0     0                     454.0000000    0.00000   100%     -    0s
H    0     0                     421.0000000    0.00000   100%     -    0s
H    0     0                     245.0000000    0.00000   100%     -    0s
     0     0    0.00000    0   36  245.00000    0.00000   100%     -    0s
     0     0   15.50000    0   31  245.00000   15.50000  93.7%     -    0s
     0     0   33.50000    0   33  245.00000   33.50000  86.3%     -    0s
     0     0   48.56522    0   46  245.00000   48.56522  80.2%     -    0s
H    0     0                     154.0000000   48.56522  68.5%     -    0s
     0     0   53.85714    0   45  154.00000   53.85714  65.0%     -    0s
     0     0   54.03226    0   45  154.00000   54.03226  64.9%     -    0s
     0     0   54.03226    0   45  154.00000   54.03226  64.9%     -    0s
     0     0   59.75000    0   41  154.00000   59.75000  61.2%     -    0s
     0     0   60.00000    0   41  154.00000   60.00000  61.0%     -    0s
     0     0   62.25000    0   44  154.00000   62.25000  59.6%     -    0s
     0     0   62.59091    0   46  154.00000   62.59091  59.4%     -    0s
     0     0   63.13462    0   47  154.00000   63.13462  59.0%     -    0s
     0     0   63.20588    0   47  154.00000   63.20588  59.0%     -    0s
     0     0   64.37500    0   45  154.00000   64.37500  58.2%     -    0s
     0     0   64.50000    0   46  154.00000   64.50000  58.1%     -    0s
     0     0   64.50000    0   44  154.00000   64.50000  58.1%     -    0s
     0     0   64.50000    0   46  154.00000   64.50000  58.1%     -    0s
     0     0   64.50000    0   42  154.00000   64.50000  58.1%     -    0s
     0     0   64.50000    0   21  154.00000   64.50000  58.1%     -    0s
     0     0   64.50000    0   30  154.00000   64.50000  58.1%     -    0s
     0     0   66.00000    0   35  154.00000   66.00000  57.1%     -    0s
     0     0   76.33333    0   37  154.00000   76.33333  50.4%     -    0s
     0     0   77.25000    0   37  154.00000   77.25000  49.8%     -    0s
     0     0   80.19355    0   47  154.00000   80.19355  47.9%     -    0s
     0     0   81.28571    0   43  154.00000   81.28571  47.2%     -    0s
     0     0   81.50000    0   42  154.00000   81.50000  47.1%     -    0s
     0     0   90.33333    0   38  154.00000   90.33333  41.3%     -    0s
     0     0   91.52941    0   45  154.00000   91.52941  40.6%     -    0s
     0     0   94.13393    0   51  154.00000   94.13393  38.9%     -    0s
     0     0   94.47368    0   51  154.00000   94.47368  38.7%     -    0s
     0     0   94.54930    0   51  154.00000   94.54930  38.6%     -    0s
     0     0   94.57534    0   51  154.00000   94.57534  38.6%     -    0s
     0     0   94.70833    0   50  154.00000   94.70833  38.5%     -    0s
     0     0   95.91608    0   50  154.00000   95.91608  37.7%     -    0s
     0     0   99.79032    0   50  154.00000   99.79032  35.2%     -    0s
     0     0  100.18954    0   50  154.00000  100.18954  34.9%     -    0s
     0     0  100.18954    0   50  154.00000  100.18954  34.9%     -    0s
     0     0  100.19697    0   50  154.00000  100.19697  34.9%     -    0s
     0     0  109.00000    0   50  154.00000  109.00000  29.2%     -    0s
     0     2  119.00000    0   50  154.00000  119.00000  22.7%     -    0s

Cutting planes:
  Implied bound: 7
  Clique: 3
  MIR: 3
  GUB cover: 1
  Zero half: 8
  RLT: 4
  BQP: 1

Explored 4 nodes (693 simplex iterations) in 0.07 seconds (0.07 work units)
Thread count was 1 (of 12 available processors)

Solution count 7: 154 245 421 ... 1181

Optimal solution found (tolerance 1.00e-04)
Best objective 1.540000000000e+02, best bound 1.540000000000e+02, gap 0.0000%
154.0
