Set parameter Username
Academic license - for non-commercial use only - expires 2025-08-28
Set parameter Threads to value 1
Set parameter Method to value 4
Gurobi Optimizer version 11.0.0 build v11.0.0rc2 (mac64[arm] - Darwin 23.5.0 23F79)

CPU model: Apple M3 Pro
Thread count: 12 physical cores, 12 logical processors, using up to 1 threads

Optimize a model with 564 rows, 141 columns and 1660 nonzeros
Model fingerprint: 0x21c4314c
Variable types: 90 continuous, 51 integer (51 binary)
Coefficient statistics:
  Matrix range     [1e+00, 1e+00]
  Objective range  [1e+01, 2e+02]
  Bounds range     [1e+00, 1e+00]
  RHS range        [1e+00, 2e+00]
Found heuristic solution: objective 1301.0000000
Presolve removed 88 rows and 25 columns
Presolve time: 0.00s
Presolved: 476 rows, 116 columns, 1380 nonzeros
Variable types: 0 continuous, 116 integer (116 binary)

Root relaxation: objective 0.000000e+00, 51 iterations, 0.00 seconds (0.00 work units)

    Nodes    |    Current Node    |     Objective Bounds      |     Work
 Expl Unexpl |  Obj  Depth IntInf | Incumbent    BestBd   Gap | It/Node Time

     0     0    0.00000    0   37 1301.00000    0.00000   100%     -    0s
H    0     0                    1115.0000000    0.00000   100%     -    0s
H    0     0                     495.0000000    0.00000   100%     -    0s
     0     0    1.60000    0   52  495.00000    1.60000   100%     -    0s
H    0     0                     479.0000000    1.60000   100%     -    0s
     0     0   63.00000    0   51  479.00000   63.00000  86.8%     -    0s
H    0     0                     462.0000000   63.00000  86.4%     -    0s
     0     0   67.00000    0   33  462.00000   67.00000  85.5%     -    0s
     0     0   67.00000    0   29  462.00000   67.00000  85.5%     -    0s
     0     0   86.23077    0   59  462.00000   86.23077  81.3%     -    0s
     0     0   90.71429    0   63  462.00000   90.71429  80.4%     -    0s
     0     0   91.22549    0   63  462.00000   91.22549  80.3%     -    0s
     0     0   91.23438    0   63  462.00000   91.23438  80.3%     -    0s
     0     0   98.62500    0   62  462.00000   98.62500  78.7%     -    0s
H    0     0                     435.0000000   98.62500  77.3%     -    0s
     0     0  101.45205    0   67  435.00000  101.45205  76.7%     -    0s
     0     0  102.31250    0   66  435.00000  102.31250  76.5%     -    0s
     0     0  102.47727    0   67  435.00000  102.47727  76.4%     -    0s
     0     0  102.47727    0   67  435.00000  102.47727  76.4%     -    0s
     0     0  105.67647    0   66  435.00000  105.67647  75.7%     -    0s
H    0     0                     396.0000000  105.67647  73.3%     -    0s
     0     0  105.80000    0   63  396.00000  105.80000  73.3%     -    0s
     0     0  106.13362    0   65  396.00000  106.13362  73.2%     -    0s
     0     0  106.13362    0   65  396.00000  106.13362  73.2%     -    0s
     0     0  106.13362    0   27  396.00000  106.13362  73.2%     -    0s
     0     0  106.13362    0   49  396.00000  106.13362  73.2%     -    0s
     0     0  106.13362    0   55  396.00000  106.13362  73.2%     -    0s
     0     0  106.13362    0   58  396.00000  106.13362  73.2%     -    0s
     0     0  106.13362    0   58  396.00000  106.13362  73.2%     -    0s
     0     0  106.13362    0   58  396.00000  106.13362  73.2%     -    0s
     0     0  106.13362    0   60  396.00000  106.13362  73.2%     -    0s
     0     0  119.09483    0   60  396.00000  119.09483  69.9%     -    0s
     0     0  120.70000    0   62  396.00000  120.70000  69.5%     -    0s
     0     0  120.73684    0   62  396.00000  120.73684  69.5%     -    0s
     0     0  121.90741    0   60  396.00000  121.90741  69.2%     -    0s
     0     0  122.50000    0   61  396.00000  122.50000  69.1%     -    0s
     0     0  122.63158    0   62  396.00000  122.63158  69.0%     -    0s
     0     0  122.90000    0   62  396.00000  122.90000  69.0%     -    0s
     0     0  129.50000    0   62  396.00000  129.50000  67.3%     -    0s
     0     2  129.50000    0   62  396.00000  129.50000  67.3%     -    0s

Cutting planes:
  Gomory: 2
  MIR: 7
  Zero half: 20
  RLT: 14
  BQP: 5

Explored 61 nodes (1744 simplex iterations) in 0.12 seconds (0.13 work units)
Thread count was 1 (of 12 available processors)

Solution count 7: 396 435 462 ... 1301

Optimal solution found (tolerance 1.00e-04)
Best objective 3.960000000000e+02, best bound 3.960000000000e+02, gap 0.0000%
396.0
