Set parameter Username
Academic license - for non-commercial use only - expires 2025-08-28
Set parameter Threads to value 1
Set parameter Method to value 4
Gurobi Optimizer version 11.0.0 build v11.0.0rc2 (mac64[arm] - Darwin 23.5.0 23F79)

CPU model: Apple M3 Pro
Thread count: 12 physical cores, 12 logical processors, using up to 1 threads

Optimize a model with 736 rows, 177 columns and 2162 nonzeros
Model fingerprint: 0x7eac7c4f
Variable types: 117 continuous, 60 integer (60 binary)
Coefficient statistics:
  Matrix range     [1e+00, 1e+00]
  Objective range  [1e+01, 3e+02]
  Bounds range     [1e+00, 1e+00]
  RHS range        [1e+00, 2e+00]
Found heuristic solution: objective 3434.0000000
Presolve removed 116 rows and 32 columns
Presolve time: 0.00s
Presolved: 620 rows, 145 columns, 1791 nonzeros
Variable types: 0 continuous, 145 integer (145 binary)

Root relaxation: objective 0.000000e+00, 77 iterations, 0.00 seconds (0.00 work units)

    Nodes    |    Current Node    |     Objective Bounds      |     Work
 Expl Unexpl |  Obj  Depth IntInf | Incumbent    BestBd   Gap | It/Node Time

     0     0    0.00000    0   40 3434.00000    0.00000   100%     -    0s
H    0     0                    2932.0000000    0.00000   100%     -    0s
H    0     0                    1488.0000000    0.00000   100%     -    0s
H    0     0                    1285.0000000    0.00000   100%     -    0s
     0     0    0.00000    0   66 1285.00000    0.00000   100%     -    0s
     0     0  109.91259    0   86 1285.00000  109.91259  91.4%     -    0s
H    0     0                    1237.0000000  109.91259  91.1%     -    0s
     0     0  136.28571    0   95 1237.00000  136.28571  89.0%     -    0s
     0     0  137.80000    0   96 1237.00000  137.80000  88.9%     -    0s
     0     0  174.35897    0   98 1237.00000  174.35897  85.9%     -    0s
H    0     0                    1134.0000000  174.35897  84.6%     -    0s
H    0     0                    1035.0000000  174.35897  83.2%     -    0s
H    0     0                     931.0000000  174.35897  81.3%     -    0s
     0     0  174.58065    0  100  931.00000  174.58065  81.2%     -    0s
     0     0  176.18966    0   99  931.00000  176.18966  81.1%     -    0s
     0     0  176.29787    0  100  931.00000  176.29787  81.1%     -    0s
     0     0  192.41216    0  100  931.00000  192.41216  79.3%     -    0s
H    0     0                     895.0000000  192.41216  78.5%     -    0s
H    0     0                     865.0000000  192.41216  77.8%     -    0s
     0     0  193.11111    0   99  865.00000  193.11111  77.7%     -    0s
     0     0  194.34303    0  102  865.00000  194.34303  77.5%     -    0s
     0     0  194.85965    0  103  865.00000  194.85965  77.5%     -    0s
     0     0  195.02863    0  102  865.00000  195.02863  77.5%     -    0s
     0     0  195.12794    0  105  865.00000  195.12794  77.4%     -    0s
     0     0  195.12878    0  105  865.00000  195.12878  77.4%     -    0s
     0     0  200.29592    0  109  865.00000  200.29592  76.8%     -    0s
H    0     0                     770.0000000  200.29592  74.0%     -    0s
     0     0  201.70833    0  104  770.00000  201.70833  73.8%     -    0s
     0     0  203.11765    0  102  770.00000  203.11765  73.6%     -    0s
     0     0  203.22222    0  105  770.00000  203.22222  73.6%     -    0s
     0     0  206.85000    0  103  770.00000  206.85000  73.1%     -    0s
     0     0  207.02994    0  104  770.00000  207.02994  73.1%     -    0s
     0     0  207.11842    0  109  770.00000  207.11842  73.1%     -    0s
     0     0  207.11842    0  109  770.00000  207.11842  73.1%     -    0s
     0     0  208.35714    0  108  770.00000  208.35714  72.9%     -    0s
     0     0  209.75000    0  108  770.00000  209.75000  72.8%     -    0s
     0     0  209.80769    0  108  770.00000  209.80769  72.8%     -    0s
     0     0  209.86029    0  109  770.00000  209.86029  72.7%     -    0s
     0     0  212.12037    0  110  770.00000  212.12037  72.5%     -    0s
     0     0  212.90972    0  107  770.00000  212.90972  72.3%     -    0s
     0     0  213.11389    0  110  770.00000  213.11389  72.3%     -    0s
     0     0  213.16204    0  110  770.00000  213.16204  72.3%     -    0s
     0     0  213.16204    0  110  770.00000  213.16204  72.3%     -    0s
     0     0  213.16204    0  111  770.00000  213.16204  72.3%     -    0s
     0     0  213.19643    0  112  770.00000  213.19643  72.3%     -    0s
     0     0  213.19643    0  110  770.00000  213.19643  72.3%     -    0s
     0     2  214.42262    0  108  770.00000  214.42262  72.2%     -    0s
*   44     6               7     759.0000000  512.50000  32.5%  24.4    0s

Cutting planes:
  MIR: 18
  Zero half: 25
  RLT: 27
  BQP: 18

Explored 63 nodes (2293 simplex iterations) in 0.17 seconds (0.17 work units)
Thread count was 1 (of 12 available processors)

Solution count 10: 759 770 865 ... 1488

Optimal solution found (tolerance 1.00e-04)
Best objective 7.590000000000e+02, best bound 7.590000000000e+02, gap 0.0000%
759.0
