Set parameter Username
Academic license - for non-commercial use only - expires 2025-08-28
Set parameter Threads to value 1
Set parameter Method to value 4
Gurobi Optimizer version 11.0.0 build v11.0.0rc2 (mac64[arm] - Darwin 23.5.0 23F79)

CPU model: Apple M3 Pro
Thread count: 12 physical cores, 12 logical processors, using up to 1 threads

Optimize a model with 393 rows, 105 columns and 1159 nonzeros
Model fingerprint: 0xa4050d8b
Variable types: 63 continuous, 42 integer (42 binary)
Coefficient statistics:
  Matrix range     [1e+00, 1e+00]
  Objective range  [1e+01, 1e+02]
  Bounds range     [1e+00, 1e+00]
  RHS range        [1e+00, 2e+00]
Found heuristic solution: objective 937.0000000
Presolve removed 178 rows and 42 columns
Presolve time: 0.00s
Presolved: 215 rows, 63 columns, 618 nonzeros
Variable types: 0 continuous, 63 integer (63 binary)

Root relaxation: objective 0.000000e+00, 31 iterations, 0.00 seconds (0.00 work units)

    Nodes    |    Current Node    |     Objective Bounds      |     Work
 Expl Unexpl |  Obj  Depth IntInf | Incumbent    BestBd   Gap | It/Node Time

     0     0    0.00000    0   16  937.00000    0.00000   100%     -    0s
H    0     0                      74.0000000    0.00000   100%     -    0s
     0     0    0.00000    0   23   74.00000    0.00000   100%     -    0s
     0     0 infeasible    0        74.00000   74.00000  0.00%     -    0s

Cutting planes:
  Gomory: 2
  Flow cover: 1
  Zero half: 6
  RLT: 12
  BQP: 3

Explored 1 nodes (133 simplex iterations) in 0.01 seconds (0.01 work units)
Thread count was 1 (of 12 available processors)

Solution count 2: 74 937 

Optimal solution found (tolerance 1.00e-04)
Best objective 7.400000000000e+01, best bound 7.400000000000e+01, gap 0.0000%
74.0
