Set parameter Username
Academic license - for non-commercial use only - expires 2025-08-28
Set parameter Threads to value 1
Set parameter Method to value 4
Gurobi Optimizer version 11.0.0 build v11.0.0rc2 (mac64[arm] - Darwin 23.5.0 23F79)

CPU model: Apple M3 Pro
Thread count: 12 physical cores, 12 logical processors, using up to 1 threads

Optimize a model with 564 rows, 141 columns and 1660 nonzeros
Model fingerprint: 0x1c6dde0b
Variable types: 90 continuous, 51 integer (51 binary)
Coefficient statistics:
  Matrix range     [1e+00, 1e+00]
  Objective range  [1e+01, 2e+02]
  Bounds range     [1e+00, 1e+00]
  RHS range        [1e+00, 2e+00]
Found heuristic solution: objective 1272.0000000
Presolve removed 88 rows and 25 columns
Presolve time: 0.00s
Presolved: 476 rows, 116 columns, 1380 nonzeros
Variable types: 0 continuous, 116 integer (116 binary)

Root relaxation: objective 0.000000e+00, 52 iterations, 0.00 seconds (0.00 work units)

    Nodes    |    Current Node    |     Objective Bounds      |     Work
 Expl Unexpl |  Obj  Depth IntInf | Incumbent    BestBd   Gap | It/Node Time

     0     0    0.00000    0   24 1272.00000    0.00000   100%     -    0s
H    0     0                    1059.0000000    0.00000   100%     -    0s
H    0     0                     498.0000000    0.00000   100%     -    0s
H    0     0                     393.0000000    0.00000   100%     -    0s
H    0     0                     285.0000000    0.00000   100%     -    0s
     0     0    0.00000    0   50  285.00000    0.00000   100%     -    0s
     0     0   75.15000    0   64  285.00000   75.15000  73.6%     -    0s
     0     0   75.15000    0   25  285.00000   75.15000  73.6%     -    0s
     0     0   86.50000    0   43  285.00000   86.50000  69.6%     -    0s
     0     0   92.66297    0   59  285.00000   92.66297  67.5%     -    0s
     0     0   92.89641    0   60  285.00000   92.89641  67.4%     -    0s
     0     0  103.43648    0   59  285.00000  103.43648  63.7%     -    0s
     0     0  108.65333    0   59  285.00000  108.65333  61.9%     -    0s
     0     0  109.07439    0   61  285.00000  109.07439  61.7%     -    0s
     0     0  109.13360    0   61  285.00000  109.13360  61.7%     -    0s
     0     0  109.23317    0   61  285.00000  109.23317  61.7%     -    0s
     0     0  111.72727    0   55  285.00000  111.72727  60.8%     -    0s
     0     0  114.81761    0   63  285.00000  114.81761  59.7%     -    0s
     0     0  115.22036    0   64  285.00000  115.22036  59.6%     -    0s
     0     0  115.44512    0   66  285.00000  115.44512  59.5%     -    0s
     0     0  115.49390    0   66  285.00000  115.49390  59.5%     -    0s
     0     0  115.57143    0   64  285.00000  115.57143  59.4%     -    0s
     0     0  115.78125    0   57  285.00000  115.78125  59.4%     -    0s
     0     0  116.72222    0   59  285.00000  116.72222  59.0%     -    0s
     0     0  116.98958    0   58  285.00000  116.98958  59.0%     -    0s
     0     0  117.21556    0   61  285.00000  117.21556  58.9%     -    0s
     0     0  117.44373    0   60  285.00000  117.44373  58.8%     -    0s
     0     0  117.44644    0   62  285.00000  117.44644  58.8%     -    0s
     0     0  118.03030    0   62  285.00000  118.03030  58.6%     -    0s
     0     0  118.48747    0   62  285.00000  118.48747  58.4%     -    0s
     0     0  118.51515    0   63  285.00000  118.51515  58.4%     -    0s
     0     0  118.87075    0   62  285.00000  118.87075  58.3%     -    0s
     0     0  119.12796    0   62  285.00000  119.12796  58.2%     -    0s
     0     0  119.22353    0   61  285.00000  119.22353  58.2%     -    0s
     0     0  119.22624    0   61  285.00000  119.22624  58.2%     -    0s
     0     0  119.39810    0   60  285.00000  119.39810  58.1%     -    0s
     0     0  119.39810    0   61  285.00000  119.39810  58.1%     -    0s
     0     0  119.39810    0   60  285.00000  119.39810  58.1%     -    0s
     0     0  121.47157    0   62  285.00000  121.47157  57.4%     -    0s
     0     0  122.72575    0   57  285.00000  122.72575  56.9%     -    0s
     0     0  122.89108    0   63  285.00000  122.89108  56.9%     -    0s
     0     0  122.89582    0   63  285.00000  122.89582  56.9%     -    0s
     0     0  122.89582    0   63  285.00000  122.89582  56.9%     -    0s
     0     0  122.90804    0   63  285.00000  122.90804  56.9%     -    0s
     0     0  130.07246    0   63  285.00000  130.07246  54.4%     -    0s
     0     2  133.19512    0   63  285.00000  133.19512  53.3%     -    0s

Cutting planes:
  Implied bound: 3
  MIR: 1
  Zero half: 18
  RLT: 10
  BQP: 6

Explored 15 nodes (1299 simplex iterations) in 0.10 seconds (0.10 work units)
Thread count was 1 (of 12 available processors)

Solution count 5: 285 393 498 ... 1272

Optimal solution found (tolerance 1.00e-04)
Best objective 2.850000000000e+02, best bound 2.850000000000e+02, gap 0.0000%
285.0
