Set parameter Username
Academic license - for non-commercial use only - expires 2025-08-28
Set parameter Threads to value 1
Set parameter Method to value 4
Gurobi Optimizer version 11.0.0 build v11.0.0rc2 (mac64[arm] - Darwin 23.5.0 23F79)

CPU model: Apple M3 Pro
Thread count: 12 physical cores, 12 logical processors, using up to 1 threads

Optimize a model with 564 rows, 141 columns and 1660 nonzeros
Model fingerprint: 0x24e7859e
Variable types: 90 continuous, 51 integer (51 binary)
Coefficient statistics:
  Matrix range     [1e+00, 1e+00]
  Objective range  [1e+01, 2e+02]
  Bounds range     [1e+00, 1e+00]
  RHS range        [1e+00, 2e+00]
Presolve removed 88 rows and 25 columns
Presolve time: 0.00s
Presolved: 476 rows, 116 columns, 1380 nonzeros
Variable types: 0 continuous, 116 integer (116 binary)
Found heuristic solution: objective 1554.0000000
Found heuristic solution: objective 1149.0000000

Root relaxation: objective 0.000000e+00, 54 iterations, 0.00 seconds (0.00 work units)

    Nodes    |    Current Node    |     Objective Bounds      |     Work
 Expl Unexpl |  Obj  Depth IntInf | Incumbent    BestBd   Gap | It/Node Time

     0     0    0.00000    0   36 1149.00000    0.00000   100%     -    0s
H    0     0                     493.0000000    0.00000   100%     -    0s
H    0     0                     285.0000000    0.00000   100%     -    0s
     0     0    0.00000    0   51  285.00000    0.00000   100%     -    0s
     0     0   43.00000    0   32  285.00000   43.00000  84.9%     -    0s
     0     0   43.00000    0   25  285.00000   43.00000  84.9%     -    0s
     0     0   65.43750    0   49  285.00000   65.43750  77.0%     -    0s
     0     0   89.01579    0   47  285.00000   89.01579  68.8%     -    0s
     0     0   90.57813    0   52  285.00000   90.57813  68.2%     -    0s
     0     0   94.50000    0   48  285.00000   94.50000  66.8%     -    0s
     0     0   94.66983    0   55  285.00000   94.66983  66.8%     -    0s
     0     0   95.23529    0   52  285.00000   95.23529  66.6%     -    0s
     0     0   96.73295    0   56  285.00000   96.73295  66.1%     -    0s
     0     0   96.83430    0   55  285.00000   96.83430  66.0%     -    0s
     0     0   97.03929    0   55  285.00000   97.03929  66.0%     -    0s
     0     0   97.73333    0   57  285.00000   97.73333  65.7%     -    0s
     0     0   98.08199    0   61  285.00000   98.08199  65.6%     -    0s
     0     0   98.09781    0   59  285.00000   98.09781  65.6%     -    0s
     0     0   98.09781    0   59  285.00000   98.09781  65.6%     -    0s
     0     0  106.63107    0   57  285.00000  106.63107  62.6%     -    0s
     0     2  114.89773    0   56  285.00000  114.89773  59.7%     -    0s

Cutting planes:
  Gomory: 1
  Implied bound: 6
  MIR: 3
  Zero half: 14
  RLT: 8
  BQP: 5

Explored 17 nodes (861 simplex iterations) in 0.08 seconds (0.08 work units)
Thread count was 1 (of 12 available processors)

Solution count 4: 285 493 1149 1554 

Optimal solution found (tolerance 1.00e-04)
Best objective 2.850000000000e+02, best bound 2.850000000000e+02, gap 0.0000%
285.0
