Set parameter Username
Academic license - for non-commercial use only - expires 2025-08-28
Set parameter Threads to value 1
Set parameter Method to value 4
Gurobi Optimizer version 11.0.0 build v11.0.0rc2 (mac64[arm] - Darwin 23.5.0 23F79)

CPU model: Apple M3 Pro
Thread count: 12 physical cores, 12 logical processors, using up to 1 threads

Optimize a model with 450 rows, 117 columns and 1326 nonzeros
Model fingerprint: 0x222d4119
Variable types: 72 continuous, 45 integer (45 binary)
Coefficient statistics:
  Matrix range     [1e+00, 1e+00]
  Objective range  [1e+01, 2e+02]
  Bounds range     [1e+00, 1e+00]
  RHS range        [1e+00, 2e+00]
Found heuristic solution: objective 1111.0000000
Presolve removed 204 rows and 47 columns
Presolve time: 0.00s
Presolved: 246 rows, 70 columns, 705 nonzeros
Variable types: 0 continuous, 70 integer (70 binary)

Root relaxation: objective 0.000000e+00, 37 iterations, 0.00 seconds (0.00 work units)

    Nodes    |    Current Node    |     Objective Bounds      |     Work
 Expl Unexpl |  Obj  Depth IntInf | Incumbent    BestBd   Gap | It/Node Time

     0     0    0.00000    0   25 1111.00000    0.00000   100%     -    0s
H    0     0                     486.0000000    0.00000   100%     -    0s
H    0     0                     118.0000000    0.00000   100%     -    0s
     0     0    0.00000    0   26  118.00000    0.00000   100%     -    0s
     0     0   65.28571    0   30  118.00000   65.28571  44.7%     -    0s
     0     0   94.50000    0   21  118.00000   94.50000  19.9%     -    0s
     0     0  103.50000    0   20  118.00000  103.50000  12.3%     -    0s
     0     0     cutoff    0       118.00000  118.00000  0.00%     -    0s

Cutting planes:
  Clique: 3
  MIR: 3
  Zero half: 6
  RLT: 12
  BQP: 3

Explored 1 nodes (159 simplex iterations) in 0.01 seconds (0.01 work units)
Thread count was 1 (of 12 available processors)

Solution count 3: 118 486 1111 

Optimal solution found (tolerance 1.00e-04)
Best objective 1.180000000000e+02, best bound 1.180000000000e+02, gap 0.0000%
118.0
