Set parameter Username
Academic license - for non-commercial use only - expires 2025-08-28
Set parameter Threads to value 1
Set parameter Method to value 4
Gurobi Optimizer version 11.0.0 build v11.0.0rc2 (mac64[arm] - Darwin 23.5.0 23F79)

CPU model: Apple M3 Pro
Thread count: 12 physical cores, 12 logical processors, using up to 1 threads

Optimize a model with 336 rows, 93 columns and 992 nonzeros
Model fingerprint: 0x2f4ce83c
Variable types: 54 continuous, 39 integer (39 binary)
Coefficient statistics:
  Matrix range     [1e+00, 1e+00]
  Objective range  [1e+01, 9e+01]
  Bounds range     [1e+00, 1e+00]
  RHS range        [1e+00, 2e+00]
Found heuristic solution: objective 297.0000000
Presolve removed 191 rows and 46 columns
Presolve time: 0.00s
Presolved: 145 rows, 47 columns, 408 nonzeros
Variable types: 0 continuous, 47 integer (47 binary)
Found heuristic solution: objective 284.0000000

Root relaxation: objective 0.000000e+00, 30 iterations, 0.00 seconds (0.00 work units)

    Nodes    |    Current Node    |     Objective Bounds      |     Work
 Expl Unexpl |  Obj  Depth IntInf | Incumbent    BestBd   Gap | It/Node Time

     0     0    0.00000    0   21  284.00000    0.00000   100%     -    0s
H    0     0                     122.0000000    0.00000   100%     -    0s
H    0     0                      56.0000000    0.00000   100%     -    0s
H    0     0                      30.0000000    0.00000   100%     -    0s
     0     0    0.00000    0   22   30.00000    0.00000   100%     -    0s
     0     0   13.66667    0   18   30.00000   13.66667  54.4%     -    0s

Cutting planes:
  Zero half: 3
  RLT: 4
  BQP: 2

Explored 1 nodes (112 simplex iterations) in 0.01 seconds (0.01 work units)
Thread count was 1 (of 12 available processors)

Solution count 5: 30 56 122 ... 297

Optimal solution found (tolerance 1.00e-04)
Best objective 3.000000000000e+01, best bound 3.000000000000e+01, gap 0.0000%
30.0
