Set parameter Username
Academic license - for non-commercial use only - expires 2025-08-28
Set parameter Threads to value 1
Set parameter Method to value 4
Gurobi Optimizer version 11.0.0 build v11.0.0rc2 (mac64[arm] - Darwin 23.5.0 23F79)

CPU model: Apple M3 Pro
Thread count: 12 physical cores, 12 logical processors, using up to 1 threads

Optimize a model with 450 rows, 117 columns and 1326 nonzeros
Model fingerprint: 0x90e93365
Variable types: 72 continuous, 45 integer (45 binary)
Coefficient statistics:
  Matrix range     [1e+00, 1e+00]
  Objective range  [1e+01, 1e+02]
  Bounds range     [1e+00, 1e+00]
  RHS range        [1e+00, 2e+00]
Found heuristic solution: objective 916.0000000
Presolve removed 204 rows and 47 columns
Presolve time: 0.00s
Presolved: 246 rows, 70 columns, 705 nonzeros
Variable types: 0 continuous, 70 integer (70 binary)

Root relaxation: objective 0.000000e+00, 37 iterations, 0.00 seconds (0.00 work units)

    Nodes    |    Current Node    |     Objective Bounds      |     Work
 Expl Unexpl |  Obj  Depth IntInf | Incumbent    BestBd   Gap | It/Node Time

     0     0    0.00000    0   25  916.00000    0.00000   100%     -    0s
H    0     0                     404.0000000    0.00000   100%     -    0s
H    0     0                     102.0000000    0.00000   100%     -    0s
     0     0    0.00000    0   26  102.00000    0.00000   100%     -    0s
     0     0   54.00000    0   23  102.00000   54.00000  47.1%     -    0s
     0     0   72.00000    0   21  102.00000   72.00000  29.4%     -    0s
     0     0   78.00000    0   20  102.00000   78.00000  23.5%     -    0s
     0     0   91.50000    0   24  102.00000   91.50000  10.3%     -    0s

Cutting planes:
  Clique: 13
  Zero half: 5
  RLT: 10
  BQP: 1

Explored 1 nodes (168 simplex iterations) in 0.02 seconds (0.01 work units)
Thread count was 1 (of 12 available processors)

Solution count 3: 102 404 916 

Optimal solution found (tolerance 1.00e-04)
Best objective 1.020000000000e+02, best bound 1.020000000000e+02, gap 0.0000%
102.0
