Set parameter Username
Academic license - for non-commercial use only - expires 2025-08-28
Set parameter Threads to value 1
Set parameter Method to value 4
Gurobi Optimizer version 11.0.0 build v11.0.0rc2 (mac64[arm] - Darwin 23.5.0 23F79)

CPU model: Apple M3 Pro
Thread count: 12 physical cores, 12 logical processors, using up to 1 threads

Optimize a model with 793 rows, 189 columns and 2329 nonzeros
Model fingerprint: 0xbe0136db
Variable types: 126 continuous, 63 integer (63 binary)
Coefficient statistics:
  Matrix range     [1e+00, 1e+00]
  Objective range  [1e+01, 3e+02]
  Bounds range     [1e+00, 1e+00]
  RHS range        [1e+00, 2e+00]
Found heuristic solution: objective 3721.0000000
Presolve removed 124 rows and 34 columns
Presolve time: 0.00s
Presolved: 669 rows, 155 columns, 1932 nonzeros
Variable types: 0 continuous, 155 integer (155 binary)

Root relaxation: objective 0.000000e+00, 77 iterations, 0.00 seconds (0.00 work units)

    Nodes    |    Current Node    |     Objective Bounds      |     Work
 Expl Unexpl |  Obj  Depth IntInf | Incumbent    BestBd   Gap | It/Node Time

     0     0    0.00000    0   44 3721.00000    0.00000   100%     -    0s
H    0     0                    2793.0000000    0.00000   100%     -    0s
H    0     0                    1867.0000000    0.00000   100%     -    0s
H    0     0                    1425.0000000    0.00000   100%     -    0s
     0     0    0.00000    0   69 1425.00000    0.00000   100%     -    0s
H    0     0                    1191.0000000    0.00000   100%     -    0s
     0     0  139.36364    0   87 1191.00000  139.36364  88.3%     -    0s
H    0     0                    1056.0000000  139.36364  86.8%     -    0s
     0     0  156.88889    0   95 1056.00000  156.88889  85.1%     -    0s
     0     0  157.54762    0   94 1056.00000  157.54762  85.1%     -    0s
     0     0  157.58333    0   93 1056.00000  157.58333  85.1%     -    0s
     0     0  180.00000    0   93 1056.00000  180.00000  83.0%     -    0s
     0     0  181.00000    0   87 1056.00000  181.00000  82.9%     -    0s
     0     0  182.06667    0   94 1056.00000  182.06667  82.8%     -    0s
     0     0  182.12500    0   94 1056.00000  182.12500  82.8%     -    0s
     0     0  209.69317    0  109 1056.00000  209.69317  80.1%     -    0s
     0     0  211.53235    0  112 1056.00000  211.53235  80.0%     -    0s
     0     0  211.67887    0  113 1056.00000  211.67887  80.0%     -    0s
     0     0  211.67887    0  113 1056.00000  211.67887  80.0%     -    0s
     0     0  217.92467    0  108 1056.00000  217.92467  79.4%     -    0s
     0     0  220.71217    0  111 1056.00000  220.71217  79.1%     -    0s
     0     0  221.73204    0  112 1056.00000  221.73204  79.0%     -    0s
     0     0  221.96094    0  111 1056.00000  221.96094  79.0%     -    0s
     0     0  221.96429    0  114 1056.00000  221.96429  79.0%     -    0s
     0     0  222.46591    0  114 1056.00000  222.46591  78.9%     -    0s
     0     0  222.61905    0  115 1056.00000  222.61905  78.9%     -    0s
     0     0  223.37500    0  111 1056.00000  223.37500  78.8%     -    0s
     0     0  223.74421    0  113 1056.00000  223.74421  78.8%     -    0s
     0     0  223.77495    0  114 1056.00000  223.77495  78.8%     -    0s
     0     0  225.34146    0  112 1056.00000  225.34146  78.7%     -    0s
H    0     0                    1001.0000000  225.34146  77.5%     -    0s
     0     0  225.49025    0  112 1001.00000  225.49025  77.5%     -    0s
     0     0  226.29545    0  113 1001.00000  226.29545  77.4%     -    0s
     0     0  230.36059    0  115 1001.00000  230.36059  77.0%     -    0s
     0     0  230.78696    0  118 1001.00000  230.78696  76.9%     -    0s
     0     0  230.95238    0  115 1001.00000  230.95238  76.9%     -    0s
     0     0  230.96667    0  119 1001.00000  230.96667  76.9%     -    0s
     0     0  234.37136    0  118 1001.00000  234.37136  76.6%     -    0s
     0     0  235.81627    0  116 1001.00000  235.81627  76.4%     -    0s
     0     0  235.85013    0  119 1001.00000  235.85013  76.4%     -    0s
     0     0  235.98804    0  117 1001.00000  235.98804  76.4%     -    0s
     0     0  235.98804    0  118 1001.00000  235.98804  76.4%     -    0s
     0     0  235.98804    0  119 1001.00000  235.98804  76.4%     -    0s
     0     0  235.98804    0  119 1001.00000  235.98804  76.4%     -    0s
     0     0  235.98804    0  117 1001.00000  235.98804  76.4%     -    0s
     0     0  235.98804    0  115 1001.00000  235.98804  76.4%     -    0s
     0     2  247.72608    0  114 1001.00000  247.72608  75.3%     -    0s
H    8     1                     996.0000000  269.00000  73.0%  42.0    0s
*   16     9               7     928.0000000  446.66667  51.9%  54.8    0s
*   51     9               9     916.0000000  542.50000  40.8%  32.1    0s
*   52     8               9     880.0000000  542.50000  38.4%  31.5    0s
H   86     0                     876.0000000  746.00000  14.8%  25.7    0s
*   87     1               7     832.0000000  782.00000  6.01%  25.6    0s

Cutting planes:
  MIR: 23
  Zero half: 58
  RLT: 33
  BQP: 17

Explored 89 nodes (3196 simplex iterations) in 0.19 seconds (0.23 work units)
Thread count was 1 (of 12 available processors)

Solution count 10: 832 876 880 ... 1425

Optimal solution found (tolerance 1.00e-04)
Best objective 8.320000000000e+02, best bound 8.320000000000e+02, gap 0.0000%
832.0
