Set parameter Username
Academic license - for non-commercial use only - expires 2025-08-28
Set parameter Threads to value 1
Set parameter Method to value 4
Gurobi Optimizer version 11.0.0 build v11.0.0rc2 (mac64[arm] - Darwin 23.5.0 23F79)

CPU model: Apple M3 Pro
Thread count: 12 physical cores, 12 logical processors, using up to 1 threads

Optimize a model with 393 rows, 105 columns and 1159 nonzeros
Model fingerprint: 0x1f7f8fa8
Variable types: 63 continuous, 42 integer (42 binary)
Coefficient statistics:
  Matrix range     [1e+00, 1e+00]
  Objective range  [1e+01, 1e+02]
  Bounds range     [1e+00, 1e+00]
  RHS range        [1e+00, 2e+00]
Found heuristic solution: objective 861.0000000
Presolve removed 178 rows and 42 columns
Presolve time: 0.00s
Presolved: 215 rows, 63 columns, 618 nonzeros
Variable types: 0 continuous, 63 integer (63 binary)

Root relaxation: objective 0.000000e+00, 31 iterations, 0.00 seconds (0.00 work units)

    Nodes    |    Current Node    |     Objective Bounds      |     Work
 Expl Unexpl |  Obj  Depth IntInf | Incumbent    BestBd   Gap | It/Node Time

     0     0    0.00000    0   16  861.00000    0.00000   100%     -    0s
H    0     0                      76.0000000    0.00000   100%     -    0s
     0     0    0.00000    0   23   76.00000    0.00000   100%     -    0s
     0     0    6.50000    0   19   76.00000    6.50000  91.4%     -    0s
     0     0   16.42857    0   25   76.00000   16.42857  78.4%     -    0s
     0     0   30.33333    0   30   76.00000   30.33333  60.1%     -    0s
     0     0   32.71429    0   34   76.00000   32.71429  57.0%     -    0s
     0     0   33.36364    0   34   76.00000   33.36364  56.1%     -    0s
     0     0   39.83333    0   30   76.00000   39.83333  47.6%     -    0s
     0     0   40.50000    0   32   76.00000   40.50000  46.7%     -    0s
     0     0   40.50000    0   32   76.00000   40.50000  46.7%     -    0s
     0     0   42.50000    0   39   76.00000   42.50000  44.1%     -    0s
     0     0   42.50000    0   38   76.00000   42.50000  44.1%     -    0s
     0     0   43.14286    0   35   76.00000   43.14286  43.2%     -    0s
     0     0   43.33333    0   38   76.00000   43.33333  43.0%     -    0s
     0     0   43.50000    0   36   76.00000   43.50000  42.8%     -    0s
     0     0   43.50000    0   36   76.00000   43.50000  42.8%     -    0s
     0     0   43.50000    0   37   76.00000   43.50000  42.8%     -    0s
     0     0   43.50000    0   37   76.00000   43.50000  42.8%     -    0s
     0     0   43.50000    0   16   76.00000   43.50000  42.8%     -    0s
     0     0   43.50000    0   22   76.00000   43.50000  42.8%     -    0s
     0     0   46.00000    0   17   76.00000   46.00000  39.5%     -    0s
     0     0   52.50000    0   18   76.00000   52.50000  30.9%     -    0s
     0     0   52.50000    0   18   76.00000   52.50000  30.9%     -    0s
     0     0   59.14286    0   27   76.00000   59.14286  22.2%     -    0s

Cutting planes:
  Gomory: 1
  Implied bound: 4
  MIR: 2
  Zero half: 7
  RLT: 1

Explored 1 nodes (355 simplex iterations) in 0.03 seconds (0.03 work units)
Thread count was 1 (of 12 available processors)

Solution count 2: 76 861 

Optimal solution found (tolerance 1.00e-04)
Best objective 7.600000000000e+01, best bound 7.600000000000e+01, gap 0.0000%
76.0
