Set parameter Username
Academic license - for non-commercial use only - expires 2025-08-28
Set parameter Threads to value 1
Set parameter Method to value 4
Gurobi Optimizer version 11.0.0 build v11.0.0rc2 (mac64[arm] - Darwin 23.5.0 23F79)

CPU model: Apple M3 Pro
Thread count: 12 physical cores, 12 logical processors, using up to 1 threads

Optimize a model with 507 rows, 129 columns and 1493 nonzeros
Model fingerprint: 0x7dae0161
Variable types: 81 continuous, 48 integer (48 binary)
Coefficient statistics:
  Matrix range     [1e+00, 1e+00]
  Objective range  [1e+01, 2e+02]
  Bounds range     [1e+00, 1e+00]
  RHS range        [1e+00, 2e+00]
Found heuristic solution: objective 1029.0000000
Presolve removed 230 rows and 52 columns
Presolve time: 0.00s
Presolved: 277 rows, 77 columns, 792 nonzeros
Variable types: 0 continuous, 77 integer (77 binary)

Root relaxation: objective 0.000000e+00, 38 iterations, 0.00 seconds (0.00 work units)

    Nodes    |    Current Node    |     Objective Bounds      |     Work
 Expl Unexpl |  Obj  Depth IntInf | Incumbent    BestBd   Gap | It/Node Time

     0     0    0.00000    0   25 1029.00000    0.00000   100%     -    0s
H    0     0                    1003.0000000    0.00000   100%     -    0s
H    0     0                     480.0000000    0.00000   100%     -    0s
H    0     0                     402.0000000    0.00000   100%     -    0s
H    0     0                     372.0000000    0.00000   100%     -    0s
H    0     0                     204.0000000    0.00000   100%     -    0s
     0     0    0.00000    0   42  204.00000    0.00000   100%     -    0s
     0     0   17.00000    0   24  204.00000   17.00000  91.7%     -    0s
H    0     0                     190.0000000   17.00000  91.1%     -    0s
     0     0   37.75000    0   37  190.00000   37.75000  80.1%     -    0s
     0     0   37.75000    0   40  190.00000   37.75000  80.1%     -    0s
     0     0   48.60000    0   40  190.00000   48.60000  74.4%     -    0s
     0     0   49.33333    0   44  190.00000   49.33333  74.0%     -    0s
     0     0   49.33333    0   45  190.00000   49.33333  74.0%     -    0s
     0     0   50.33333    0   42  190.00000   50.33333  73.5%     -    0s
H    0     0                     122.0000000   50.33333  58.7%     -    0s
     0     0   50.42857    0   42  122.00000   50.42857  58.7%     -    0s
     0     0   51.16667    0   42  122.00000   51.16667  58.1%     -    0s
     0     0   51.54545    0   45  122.00000   51.54545  57.7%     -    0s
     0     0   51.60000    0   42  122.00000   51.60000  57.7%     -    0s
     0     0   51.87179    0   47  122.00000   51.87179  57.5%     -    0s
     0     0   51.87179    0   48  122.00000   51.87179  57.5%     -    0s
     0     0   53.00000    0   45  122.00000   53.00000  56.6%     -    0s
     0     0   53.50000    0   45  122.00000   53.50000  56.1%     -    0s
     0     0   53.50000    0   46  122.00000   53.50000  56.1%     -    0s
     0     0   53.50000    0   43  122.00000   53.50000  56.1%     -    0s
     0     0   53.50000    0   21  122.00000   53.50000  56.1%     -    0s
     0     0   53.50000    0   30  122.00000   53.50000  56.1%     -    0s
     0     0   57.45455    0   44  122.00000   57.45455  52.9%     -    0s
     0     0   57.50000    0   31  122.00000   57.50000  52.9%     -    0s
     0     0   64.66667    0   46  122.00000   64.66667  47.0%     -    0s
     0     0   64.71429    0   45  122.00000   64.71429  47.0%     -    0s
     0     0   64.73333    0   47  122.00000   64.73333  46.9%     -    0s
     0     0   66.86364    0   43  122.00000   66.86364  45.2%     -    0s
     0     0   69.80000    0   43  122.00000   69.80000  42.8%     -    0s
     0     0   70.86614    0   49  122.00000   70.86614  41.9%     -    0s
     0     0   72.77778    0   48  122.00000   72.77778  40.3%     -    0s
     0     0   73.03704    0   49  122.00000   73.03704  40.1%     -    0s
     0     0   73.30000    0   42  122.00000   73.30000  39.9%     -    0s
     0     0   73.45161    0   49  122.00000   73.45161  39.8%     -    0s
     0     0   73.45161    0   49  122.00000   73.45161  39.8%     -    0s
     0     0   73.72727    0   48  122.00000   73.72727  39.6%     -    0s
     0     0   73.72727    0   48  122.00000   73.72727  39.6%     -    0s
     0     0   73.72727    0   48  122.00000   73.72727  39.6%     -    0s
     0     0   86.50000    0   45  122.00000   86.50000  29.1%     -    0s
     0     2   96.25000    0   45  122.00000   96.25000  21.1%     -    0s

Cutting planes:
  Implied bound: 5
  Clique: 4
  MIR: 3
  Zero half: 8
  Mod-K: 1
  RLT: 6
  BQP: 2

Explored 4 nodes (550 simplex iterations) in 0.08 seconds (0.07 work units)
Thread count was 1 (of 12 available processors)

Solution count 8: 122 190 204 ... 1029

Optimal solution found (tolerance 1.00e-04)
Best objective 1.220000000000e+02, best bound 1.220000000000e+02, gap 0.0000%
122.0
