Set parameter Username
Academic license - for non-commercial use only - expires 2025-08-28
Set parameter Threads to value 1
Set parameter Method to value 4
Gurobi Optimizer version 11.0.0 build v11.0.0rc2 (mac64[arm] - Darwin 23.5.0 23F79)

CPU model: Apple M3 Pro
Thread count: 12 physical cores, 12 logical processors, using up to 1 threads

Optimize a model with 741 rows, 159 columns and 2202 nonzeros
Model fingerprint: 0x765832d2
Variable types: 95 continuous, 64 integer (64 binary)
Coefficient statistics:
  Matrix range     [1e+00, 1e+00]
  Objective range  [1e+01, 2e+02]
  Bounds range     [1e+00, 1e+00]
  RHS range        [1e+00, 2e+00]
Presolve removed 336 rows and 60 columns
Presolve time: 0.00s
Presolved: 405 rows, 99 columns, 1170 nonzeros
Variable types: 0 continuous, 99 integer (99 binary)
Found heuristic solution: objective 1181.0000000
Found heuristic solution: objective 664.0000000

Root relaxation: objective 0.000000e+00, 55 iterations, 0.00 seconds (0.00 work units)

    Nodes    |    Current Node    |     Objective Bounds      |     Work
 Expl Unexpl |  Obj  Depth IntInf | Incumbent    BestBd   Gap | It/Node Time

     0     0    0.00000    0   27  664.00000    0.00000   100%     -    0s
H    0     0                     530.0000000    0.00000   100%     -    0s
H    0     0                     454.0000000    0.00000   100%     -    0s
     0     0    0.00000    0   30  454.00000    0.00000   100%     -    0s
H    0     0                     444.0000000    0.00000   100%     -    0s
H    0     0                     326.0000000    0.00000   100%     -    0s
     0     0    0.00000    0   22  326.00000    0.00000   100%     -    0s
H    0     0                     280.0000000    0.00000   100%     -    0s
H    0     0                     260.0000000    0.00000   100%     -    0s
H    0     0                     176.0000000    0.00000   100%     -    0s
     0     0    0.00000    0   30  176.00000    0.00000   100%     -    0s
H    0     0                      98.0000000    0.00000   100%     -    0s
     0     0    0.00000    0   18   98.00000    0.00000   100%     -    0s
     0     0    0.00000    0   32   98.00000    0.00000   100%     -    0s
     0     0    1.42857    0   44   98.00000    1.42857  98.5%     -    0s
     0     0    1.42857    0   44   98.00000    1.42857  98.5%     -    0s
     0     0    3.33333    0   47   98.00000    3.33333  96.6%     -    0s
     0     0    3.33333    0   41   98.00000    3.33333  96.6%     -    0s
     0     0    3.33333    0   42   98.00000    3.33333  96.6%     -    0s
     0     0    3.33333    0   36   98.00000    3.33333  96.6%     -    0s
     0     0    3.33333    0   36   98.00000    3.33333  96.6%     -    0s
     0     0    3.33333    0   44   98.00000    3.33333  96.6%     -    0s
     0     0    3.33333    0   45   98.00000    3.33333  96.6%     -    0s
     0     0    3.66667    0   41   98.00000    3.66667  96.3%     -    0s
     0     0    3.66667    0   38   98.00000    3.66667  96.3%     -    0s
     0     0    4.25000    0   52   98.00000    4.25000  95.7%     -    0s
     0     0    4.67684    0   58   98.00000    4.67684  95.2%     -    0s
     0     0    4.91429    0   55   98.00000    4.91429  95.0%     -    0s
     0     0    7.90000    0   53   98.00000    7.90000  91.9%     -    0s
     0     0    7.90000    0   50   98.00000    7.90000  91.9%     -    0s
     0     0    7.90000    0   53   98.00000    7.90000  91.9%     -    0s
     0     0    7.90000    0   53   98.00000    7.90000  91.9%     -    0s
     0     0    8.93333    0   50   98.00000    8.93333  90.9%     -    0s
     0     0    9.17949    0   51   98.00000    9.17949  90.6%     -    0s
     0     0    9.33333    0   51   98.00000    9.33333  90.5%     -    0s
     0     0    9.33333    0   51   98.00000    9.33333  90.5%     -    0s
     0     0    9.33333    0   51   98.00000    9.33333  90.5%     -    0s
     0     0    9.33333    0   51   98.00000    9.33333  90.5%     -    0s
     0     0   10.00000    0   22   98.00000   10.00000  89.8%     -    0s
     0     0   10.00000    0   41   98.00000   10.00000  89.8%     -    0s
     0     0   17.33333    0   33   98.00000   17.33333  82.3%     -    0s
     0     0   17.81818    0   35   98.00000   17.81818  81.8%     -    0s
     0     0   18.85714    0   37   98.00000   18.85714  80.8%     -    0s
     0     0   22.00000    0   38   98.00000   22.00000  77.6%     -    0s
     0     0   22.00000    0   38   98.00000   22.00000  77.6%     -    0s
     0     0   33.00000    0   43   98.00000   33.00000  66.3%     -    0s
     0     0   33.66667    0   46   98.00000   33.66667  65.6%     -    0s
     0     0   34.00000    0   50   98.00000   34.00000  65.3%     -    0s
     0     0   34.25806    0   49   98.00000   34.25806  65.0%     -    0s
     0     0   34.25806    0   50   98.00000   34.25806  65.0%     -    0s
     0     0   46.55556    0   47   98.00000   46.55556  52.5%     -    0s
     0     0   46.71429    0   44   98.00000   46.71429  52.3%     -    0s
     0     0   46.71429    0   47   98.00000   46.71429  52.3%     -    0s
     0     0   46.80000    0   43   98.00000   46.80000  52.2%     -    0s
     0     0   46.80000    0   43   98.00000   46.80000  52.2%     -    0s
     0     0   46.80000    0   47   98.00000   46.80000  52.2%     -    0s
     0     0   46.80000    0   47   98.00000   46.80000  52.2%     -    0s
     0     0   46.80000    0   41   98.00000   46.80000  52.2%     -    0s
     0     0   46.80000    0   47   98.00000   46.80000  52.2%     -    0s
     0     0   46.80000    0   42   98.00000   46.80000  52.2%     -    0s
     0     0   49.00000    0   42   98.00000   49.00000  50.0%     -    0s
     0     0   49.00000    0   20   98.00000   49.00000  50.0%     -    0s
     0     0   49.00000    0   26   98.00000   49.00000  50.0%     -    0s
     0     0   49.00000    0   46   98.00000   49.00000  50.0%     -    0s
     0     0   49.00000    0   39   98.00000   49.00000  50.0%     -    0s
     0     0   49.00000    0   44   98.00000   49.00000  50.0%     -    0s
     0     0   50.30303    0   50   98.00000   50.30303  48.7%     -    0s
     0     0   51.86667    0   52   98.00000   51.86667  47.1%     -    0s
     0     0   51.86667    0   52   98.00000   51.86667  47.1%     -    0s
     0     0   52.55556    0   50   98.00000   52.55556  46.4%     -    0s
     0     0   52.63014    0   47   98.00000   52.63014  46.3%     -    0s
     0     0   52.93651    0   51   98.00000   52.93651  46.0%     -    0s
     0     0   52.96785    0   52   98.00000   52.96785  46.0%     -    0s
     0     0   53.83607    0   53   98.00000   53.83607  45.1%     -    0s
     0     0   55.59375    0   43   98.00000   55.59375  43.3%     -    0s
     0     0   55.59375    0   43   98.00000   55.59375  43.3%     -    0s
     0     0   55.59375    0   43   98.00000   55.59375  43.3%     -    0s
     0     0   55.59375    0   43   98.00000   55.59375  43.3%     -    0s
     0     0   55.60377    0   46   98.00000   55.60377  43.3%     -    0s
     0     0   55.60377    0   46   98.00000   55.60377  43.3%     -    0s
     0     0   56.00000    0   46   98.00000   56.00000  42.9%     -    0s
     0     0   56.00000    0   47   98.00000   56.00000  42.9%     -    0s
     0     0   56.27830    0   52   98.00000   56.27830  42.6%     -    0s
     0     0   56.50000    0   52   98.00000   56.50000  42.3%     -    0s
     0     0   56.56065    0   54   98.00000   56.56065  42.3%     -    0s
     0     0   56.56065    0   55   98.00000   56.56065  42.3%     -    0s
     0     0   56.56065    0   55   98.00000   56.56065  42.3%     -    0s
     0     0   56.56065    0   55   98.00000   56.56065  42.3%     -    0s
     0     0   56.56065    0   55   98.00000   56.56065  42.3%     -    0s
     0     0   56.58333    0   49   98.00000   56.58333  42.3%     -    0s
     0     0   56.58333    0   52   98.00000   56.58333  42.3%     -    0s
     0     0   64.66667    0   50   98.00000   64.66667  34.0%     -    0s
     0     2   65.00000    0   49   98.00000   65.00000  33.7%     -    0s

Cutting planes:
  MIR: 6
  Zero half: 6
  RLT: 10
  BQP: 6

Explored 13 nodes (1884 simplex iterations) in 0.18 seconds (0.17 work units)
Thread count was 1 (of 12 available processors)

Solution count 10: 98 176 260 ... 1181

Optimal solution found (tolerance 1.00e-04)
Best objective 9.800000000000e+01, best bound 9.800000000000e+01, gap 0.0000%
98.0
