Set parameter Username
Academic license - for non-commercial use only - expires 2025-08-28
Set parameter Threads to value 1
Set parameter Method to value 4
Gurobi Optimizer version 11.0.0 build v11.0.0rc2 (mac64[arm] - Darwin 23.5.0 23F79)

CPU model: Apple M3 Pro
Thread count: 12 physical cores, 12 logical processors, using up to 1 threads

Optimize a model with 1117 rows, 224 columns and 3313 nonzeros
Model fingerprint: 0x5b7f09bf
Variable types: 140 continuous, 84 integer (84 binary)
Coefficient statistics:
  Matrix range     [1e+00, 1e+00]
  Objective range  [1e+01, 3e+02]
  Bounds range     [1e+00, 1e+00]
  RHS range        [1e+00, 2e+00]
Presolve removed 173 rows and 39 columns
Presolve time: 0.00s
Presolved: 944 rows, 185 columns, 2744 nonzeros
Variable types: 0 continuous, 185 integer (185 binary)
Found heuristic solution: objective 3359.0000000
Found heuristic solution: objective 1322.0000000

Root relaxation: objective 0.000000e+00, 94 iterations, 0.00 seconds (0.00 work units)

    Nodes    |    Current Node    |     Objective Bounds      |     Work
 Expl Unexpl |  Obj  Depth IntInf | Incumbent    BestBd   Gap | It/Node Time

     0     0    0.00000    0   42 1322.00000    0.00000   100%     -    0s
H    0     0                    1205.0000000    0.00000   100%     -    0s
     0     0    0.00000    0   69 1205.00000    0.00000   100%     -    0s
H    0     0                    1022.0000000    0.00000   100%     -    0s
H    0     0                     835.0000000    0.00000   100%     -    0s
     0     0    8.41844    0   79  835.00000    8.41844  99.0%     -    0s
     0     0   10.43137    0   77  835.00000   10.43137  98.8%     -    0s
     0     0   11.60465    0   80  835.00000   11.60465  98.6%     -    0s
     0     0   11.60870    0   79  835.00000   11.60870  98.6%     -    0s
     0     0   32.51486    0  104  835.00000   32.51486  96.1%     -    0s
H    0     0                     834.0000000   32.51486  96.1%     -    0s
     0     0   40.81683    0  101  834.00000   40.81683  95.1%     -    0s
     0     0   42.35673    0  115  834.00000   42.35673  94.9%     -    0s
     0     0   43.40476    0   96  834.00000   43.40476  94.8%     -    0s
     0     0   43.88007    0  104  834.00000   43.88007  94.7%     -    0s
     0     0   44.23534    0  112  834.00000   44.23534  94.7%     -    0s
     0     0   44.31287    0  105  834.00000   44.31287  94.7%     -    0s
     0     0   44.34745    0  110  834.00000   44.34745  94.7%     -    0s
     0     0   44.35314    0  110  834.00000   44.35314  94.7%     -    0s
     0     0   62.91556    0  111  834.00000   62.91556  92.5%     -    0s
     0     0   65.28934    0  109  834.00000   65.28934  92.2%     -    0s
     0     0   66.14695    0  107  834.00000   66.14695  92.1%     -    0s
     0     0   66.40398    0  108  834.00000   66.40398  92.0%     -    0s
     0     0   66.65015    0  108  834.00000   66.65015  92.0%     -    0s
     0     0   66.67989    0  107  834.00000   66.67989  92.0%     -    0s
     0     0   66.68081    0  109  834.00000   66.68081  92.0%     -    0s
     0     0   67.82576    0  102  834.00000   67.82576  91.9%     -    0s
     0     0   68.00000    0   94  834.00000   68.00000  91.8%     -    0s
     0     0   68.00000    0   94  834.00000   68.00000  91.8%     -    0s
     0     0   68.25000    0   95  834.00000   68.25000  91.8%     -    0s
     0     0   70.40105    0  107  834.00000   70.40105  91.6%     -    0s
     0     0   71.94444    0  109  834.00000   71.94444  91.4%     -    0s
     0     0   71.95556    0  106  834.00000   71.95556  91.4%     -    0s
     0     0   71.95556    0  105  834.00000   71.95556  91.4%     -    0s
     0     0   71.95556    0  106  834.00000   71.95556  91.4%     -    0s
     0     0   72.05556    0  114  834.00000   72.05556  91.4%     -    0s
     0     0   72.12644    0  110  834.00000   72.12644  91.4%     -    0s
     0     0   72.14286    0  110  834.00000   72.14286  91.3%     -    0s
     0     0   72.16792    0  117  834.00000   72.16792  91.3%     -    0s
     0     0   72.16792    0  115  834.00000   72.16792  91.3%     -    0s
     0     2   72.18212    0  113  834.00000   72.18212  91.3%     -    0s
*   34    28              12     741.0000000  184.70000  75.1%  53.5    0s
*   35    27              12     736.0000000  184.70000  74.9%  52.0    0s
*  167    44              11     709.0000000  359.00000  49.4%  28.5    0s
*  168    40              11     663.0000000  359.00000  45.9%  28.4    0s

Cutting planes:
  MIR: 13
  Zero half: 64
  RLT: 27
  BQP: 20

Explored 336 nodes (9845 simplex iterations) in 0.41 seconds (0.50 work units)
Thread count was 1 (of 12 available processors)

Solution count 10: 663 709 736 ... 3359

Optimal solution found (tolerance 1.00e-04)
Best objective 6.630000000000e+02, best bound 6.630000000000e+02, gap 0.0000%
663.0
