Set parameter Username
Academic license - for non-commercial use only - expires 2025-08-28
Set parameter Threads to value 1
Set parameter Method to value 4
Gurobi Optimizer version 11.0.0 build v11.0.0rc2 (mac64[arm] - Darwin 23.5.0 23F79)

CPU model: Apple M3 Pro
Thread count: 12 physical cores, 12 logical processors, using up to 1 threads

Optimize a model with 816 rows, 172 columns and 2424 nonzeros
Model fingerprint: 0x76688488
Variable types: 104 continuous, 68 integer (68 binary)
Coefficient statistics:
  Matrix range     [1e+00, 1e+00]
  Objective range  [1e+01, 2e+02]
  Bounds range     [1e+00, 1e+00]
  RHS range        [1e+00, 2e+00]
Found heuristic solution: objective 1264.0000000
Presolve removed 128 rows and 30 columns
Presolve time: 0.00s
Presolved: 688 rows, 142 columns, 2008 nonzeros
Variable types: 0 continuous, 142 integer (142 binary)

Root relaxation: objective 0.000000e+00, 69 iterations, 0.00 seconds (0.00 work units)

    Nodes    |    Current Node    |     Objective Bounds      |     Work
 Expl Unexpl |  Obj  Depth IntInf | Incumbent    BestBd   Gap | It/Node Time

     0     0    0.00000    0   33 1264.00000    0.00000   100%     -    0s
H    0     0                     791.0000000    0.00000   100%     -    0s
H    0     0                     655.0000000    0.00000   100%     -    0s
H    0     0                     393.0000000    0.00000   100%     -    0s
H    0     0                     357.0000000    0.00000   100%     -    0s
     0     0    0.00000    0   65  357.00000    0.00000   100%     -    0s
H    0     0                     205.0000000    0.00000   100%     -    0s
H    0     0                     185.0000000    0.00000   100%     -    0s
     0     0    0.00000    0   37  185.00000    0.00000   100%     -    0s
     0     0    7.00000    0   51  185.00000    7.00000  96.2%     -    0s
     0     0   16.64041    0   64  185.00000   16.64041  91.0%     -    0s
     0     0   17.82407    0   65  185.00000   17.82407  90.4%     -    0s
     0     0   18.20000    0   64  185.00000   18.20000  90.2%     -    0s
     0     0   18.22423    0   64  185.00000   18.22423  90.1%     -    0s
     0     0   22.91304    0   64  185.00000   22.91304  87.6%     -    0s
     0     0   27.46988    0   71  185.00000   27.46988  85.2%     -    0s
     0     0   28.81818    0   69  185.00000   28.81818  84.4%     -    0s
     0     0   29.01775    0   70  185.00000   29.01775  84.3%     -    0s
     0     0   29.28455    0   72  185.00000   29.28455  84.2%     -    0s
     0     0   29.36327    0   72  185.00000   29.36327  84.1%     -    0s
     0     0   29.52536    0   72  185.00000   29.52536  84.0%     -    0s
     0     0   29.71819    0   72  185.00000   29.71819  83.9%     -    0s
     0     0   29.74233    0   72  185.00000   29.74233  83.9%     -    0s
     0     0   29.74528    0   72  185.00000   29.74528  83.9%     -    0s
     0     0   30.11111    0   64  185.00000   30.11111  83.7%     -    0s
     0     0   30.88462    0   70  185.00000   30.88462  83.3%     -    0s
     0     0   31.02439    0   72  185.00000   31.02439  83.2%     -    0s
     0     0   31.08333    0   72  185.00000   31.08333  83.2%     -    0s
     0     0   31.14286    0   69  185.00000   31.14286  83.2%     -    0s
     0     0   31.20261    0   71  185.00000   31.20261  83.1%     -    0s
     0     0   31.29778    0   72  185.00000   31.29778  83.1%     -    0s
     0     0   31.33333    0   69  185.00000   31.33333  83.1%     -    0s
     0     0   31.33333    0   71  185.00000   31.33333  83.1%     -    0s
     0     0   31.33333    0   66  185.00000   31.33333  83.1%     -    0s
     0     0   31.33333    0   22  185.00000   31.33333  83.1%     -    0s
     0     0   31.33333    0   46  185.00000   31.33333  83.1%     -    0s
     0     0   41.00000    0   31  185.00000   41.00000  77.8%     -    0s
     0     0   59.94326    0   55  185.00000   59.94326  67.6%     -    0s
     0     0   59.94326    0   26  185.00000   59.94326  67.6%     -    0s
     0     0   82.14286    0   41  185.00000   82.14286  55.6%     -    0s
     0     0   87.50000    0   33  185.00000   87.50000  52.7%     -    0s
     0     0   93.28571    0   45  185.00000   93.28571  49.6%     -    0s
     0     0   96.12500    0   42  185.00000   96.12500  48.0%     -    0s
     0     0   96.25000    0   45  185.00000   96.25000  48.0%     -    0s
     0     0   98.25000    0   54  185.00000   98.25000  46.9%     -    0s
     0     0   99.58824    0   55  185.00000   99.58824  46.2%     -    0s
     0     0   99.58824    0   55  185.00000   99.58824  46.2%     -    0s
     0     0  100.17857    0   52  185.00000  100.17857  45.8%     -    0s
     0     0  100.32353    0   51  185.00000  100.32353  45.8%     -    0s
     0     0  102.37500    0   50  185.00000  102.37500  44.7%     -    0s
     0     0  102.50000    0   29  185.00000  102.50000  44.6%     -    0s
     0     0  102.66667    0   53  185.00000  102.66667  44.5%     -    0s
     0     0  103.10000    0   46  185.00000  103.10000  44.3%     -    0s
     0     0  103.14286    0   47  185.00000  103.14286  44.2%     -    0s
     0     0  103.18182    0   52  185.00000  103.18182  44.2%     -    0s
     0     0  103.20313    0   53  185.00000  103.20313  44.2%     -    0s
     0     0  103.25000    0   47  185.00000  103.25000  44.2%     -    0s
     0     0  103.28571    0   53  185.00000  103.28571  44.2%     -    0s
     0     0  113.62500    0   53  185.00000  113.62500  38.6%     -    0s
     0     2  113.62500    0   53  185.00000  113.62500  38.6%     -    0s

Cutting planes:
  Gomory: 2
  Implied bound: 5
  Clique: 2
  MIR: 9
  Zero half: 19
  RLT: 6
  BQP: 1

Explored 14 nodes (1656 simplex iterations) in 0.19 seconds (0.18 work units)
Thread count was 1 (of 12 available processors)

Solution count 8: 185 205 357 ... 1264

Optimal solution found (tolerance 1.00e-04)
Best objective 1.850000000000e+02, best bound 1.850000000000e+02, gap 0.0000%
185.0
