Set parameter Username
Academic license - for non-commercial use only - expires 2025-08-28
Set parameter Threads to value 1
Set parameter Method to value 4
Gurobi Optimizer version 11.0.0 build v11.0.0rc2 (mac64[arm] - Darwin 23.5.0 23F79)

CPU model: Apple M3 Pro
Thread count: 12 physical cores, 12 logical processors, using up to 1 threads

Optimize a model with 816 rows, 172 columns and 2424 nonzeros
Model fingerprint: 0xde7cdac8
Variable types: 104 continuous, 68 integer (68 binary)
Coefficient statistics:
  Matrix range     [1e+00, 1e+00]
  Objective range  [1e+01, 2e+02]
  Bounds range     [1e+00, 1e+00]
  RHS range        [1e+00, 2e+00]
Presolve removed 128 rows and 30 columns
Presolve time: 0.00s
Presolved: 688 rows, 142 columns, 2008 nonzeros
Variable types: 0 continuous, 142 integer (142 binary)
Found heuristic solution: objective 1178.0000000
Found heuristic solution: objective 805.0000000

Root relaxation: objective 0.000000e+00, 67 iterations, 0.00 seconds (0.00 work units)

    Nodes    |    Current Node    |     Objective Bounds      |     Work
 Expl Unexpl |  Obj  Depth IntInf | Incumbent    BestBd   Gap | It/Node Time

     0     0    0.00000    0   39  805.00000    0.00000   100%     -    0s
H    0     0                     729.0000000    0.00000   100%     -    0s
H    0     0                     685.0000000    0.00000   100%     -    0s
H    0     0                     613.0000000    0.00000   100%     -    0s
H    0     0                     493.0000000    0.00000   100%     -    0s
     0     0    0.00000    0   57  493.00000    0.00000   100%     -    0s
     0     0    2.83333    0   55  493.00000    2.83333  99.4%     -    0s
H    0     0                     492.0000000    2.83333  99.4%     -    0s
H    0     0                     444.0000000    2.83333  99.4%     -    0s
     0     0    5.66667    0   57  444.00000    5.66667  98.7%     -    0s
     0     0    6.00000    0   55  444.00000    6.00000  98.6%     -    0s
     0     0   16.61728    0   65  444.00000   16.61728  96.3%     -    0s
H    0     0                     412.0000000   16.61728  96.0%     -    0s
H    0     0                     331.0000000   16.61728  95.0%     -    0s
     0     0   18.34419    0   71  331.00000   18.34419  94.5%     -    0s
     0     0   18.93659    0   73  331.00000   18.93659  94.3%     -    0s
     0     0   22.66667    0   55  331.00000   22.66667  93.2%     -    0s
H    0     0                     317.0000000   22.66667  92.8%     -    0s
     0     0   23.33333    0   60  317.00000   23.33333  92.6%     -    0s
     0     0   24.00000    0   57  317.00000   24.00000  92.4%     -    0s
     0     0   25.01724    0   69  317.00000   25.01724  92.1%     -    0s
     0     0   25.14507    0   73  317.00000   25.14507  92.1%     -    0s
     0     0   25.24772    0   79  317.00000   25.24772  92.0%     -    0s
     0     0   25.29124    0   77  317.00000   25.29124  92.0%     -    0s
     0     0   25.31806    0   79  317.00000   25.31806  92.0%     -    0s
     0     0   25.35309    0   77  317.00000   25.35309  92.0%     -    0s
     0     0   25.37277    0   79  317.00000   25.37277  92.0%     -    0s
     0     0   27.85882    0   69  317.00000   27.85882  91.2%     -    0s
H    0     0                     276.0000000   27.85882  89.9%     -    0s
     0     0   28.22759    0   77  276.00000   28.22759  89.8%     -    0s
     0     0   28.39411    0   79  276.00000   28.39411  89.7%     -    0s
     0     0   28.40050    0   81  276.00000   28.40050  89.7%     -    0s
     0     0   28.40638    0   81  276.00000   28.40638  89.7%     -    0s
     0     0   28.72222    0   65  276.00000   28.72222  89.6%     -    0s
     0     0   28.78788    0   68  276.00000   28.78788  89.6%     -    0s
     0     0   28.83333    0   68  276.00000   28.83333  89.6%     -    0s
     0     0   28.83333    0   68  276.00000   28.83333  89.6%     -    0s
     0     0   28.83333    0   68  276.00000   28.83333  89.6%     -    0s
     0     0   28.83333    0   68  276.00000   28.83333  89.6%     -    0s
     0     2   29.50000    0   68  276.00000   29.50000  89.3%     -    0s

Cutting planes:
  MIR: 10
  Zero half: 35
  RLT: 16
  BQP: 9

Explored 77 nodes (2403 simplex iterations) in 0.14 seconds (0.16 work units)
Thread count was 1 (of 12 available processors)

Solution count 10: 276 317 331 ... 729

Optimal solution found (tolerance 1.00e-04)
Best objective 2.760000000000e+02, best bound 2.760000000000e+02, gap 0.0000%
276.0
