Set parameter Username
Academic license - for non-commercial use only - expires 2025-08-28
Set parameter Threads to value 1
Set parameter Method to value 4
Gurobi Optimizer version 11.0.0 build v11.0.0rc2 (mac64[arm] - Darwin 23.5.0 23F79)

CPU model: Apple M3 Pro
Thread count: 12 physical cores, 12 logical processors, using up to 1 threads

Optimize a model with 741 rows, 159 columns and 2202 nonzeros
Model fingerprint: 0x2e7ec9fa
Variable types: 95 continuous, 64 integer (64 binary)
Coefficient statistics:
  Matrix range     [1e+00, 1e+00]
  Objective range  [1e+01, 2e+02]
  Bounds range     [1e+00, 1e+00]
  RHS range        [1e+00, 2e+00]
Presolve removed 336 rows and 60 columns
Presolve time: 0.00s
Presolved: 405 rows, 99 columns, 1170 nonzeros
Variable types: 0 continuous, 99 integer (99 binary)
Found heuristic solution: objective 1029.0000000
Found heuristic solution: objective 572.0000000

Root relaxation: objective 0.000000e+00, 55 iterations, 0.00 seconds (0.00 work units)

    Nodes    |    Current Node    |     Objective Bounds      |     Work
 Expl Unexpl |  Obj  Depth IntInf | Incumbent    BestBd   Gap | It/Node Time

     0     0    0.00000    0   27  572.00000    0.00000   100%     -    0s
H    0     0                     439.0000000    0.00000   100%     -    0s
H    0     0                     385.0000000    0.00000   100%     -    0s
H    0     0                     380.0000000    0.00000   100%     -    0s
H    0     0                     212.0000000    0.00000   100%     -    0s
     0     0    0.00000    0   36  212.00000    0.00000   100%     -    0s
H    0     0                     142.0000000    0.00000   100%     -    0s
H    0     0                     122.0000000    0.00000   100%     -    0s
     0     0    0.00000    0   18  122.00000    0.00000   100%     -    0s
H    0     0                      96.0000000    0.00000   100%     -    0s
H    0     0                      86.0000000    0.00000   100%     -    0s
     0     0    0.00000    0   29   86.00000    0.00000   100%     -    0s
H    0     0                      72.0000000    0.00000   100%     -    0s
     0     0    0.00000    0   18   72.00000    0.00000   100%     -    0s
     0     0    0.00000    0   35   72.00000    0.00000   100%     -    0s
     0     0    0.00000    0   33   72.00000    0.00000   100%     -    0s
     0     0    0.00000    0   25   72.00000    0.00000   100%     -    0s
     0     0    0.00000    0   22   72.00000    0.00000   100%     -    0s
     0     0    0.00000    0   27   72.00000    0.00000   100%     -    0s
     0     0    6.22222    0   37   72.00000    6.22222  91.4%     -    0s
     0     0   24.48148    0   47   72.00000   24.48148  66.0%     -    0s
     0     0   27.73913    0   40   72.00000   27.73913  61.5%     -    0s
     0     0   31.65385    0   41   72.00000   31.65385  56.0%     -    0s
     0     0   33.16667    0   47   72.00000   33.16667  53.9%     -    0s
     0     0   33.16667    0   37   72.00000   33.16667  53.9%     -    0s
     0     0   57.66667    0   35   72.00000   57.66667  19.9%     -    0s
     0     0   57.66667    0   35   72.00000   57.66667  19.9%     -    0s
     0     0   57.71429    0   46   72.00000   57.71429  19.8%     -    0s
     0     0   58.28571    0   46   72.00000   58.28571  19.0%     -    0s
     0     0   58.57895    0   48   72.00000   58.57895  18.6%     -    0s
     0     0   59.10000    0   41   72.00000   59.10000  17.9%     -    0s
     0     0   59.10000    0   41   72.00000   59.10000  17.9%     -    0s
     0     0   59.10000    0   41   72.00000   59.10000  17.9%     -    0s
     0     0   60.66667    0   43   72.00000   60.66667  15.7%     -    0s
     0     0   62.57143    0   38   72.00000   62.57143  13.1%     -    0s
     0     0   62.66667    0   38   72.00000   62.66667  13.0%     -    0s
     0     0   67.00000    0   38   72.00000   67.00000  6.94%     -    0s

Cutting planes:
  MIR: 3
  Zero half: 12
  RLT: 3
  BQP: 1

Explored 1 nodes (877 simplex iterations) in 0.06 seconds (0.07 work units)
Thread count was 1 (of 12 available processors)

Solution count 10: 72 86 96 ... 572

Optimal solution found (tolerance 1.00e-04)
Best objective 7.200000000000e+01, best bound 7.200000000000e+01, gap 0.0000%
72.0
