Set parameter Username
Academic license - for non-commercial use only - expires 2025-08-28
Set parameter Threads to value 1
Set parameter Method to value 4
Gurobi Optimizer version 11.0.0 build v11.0.0rc2 (mac64[arm] - Darwin 23.5.0 23F79)

CPU model: Apple M3 Pro
Thread count: 12 physical cores, 12 logical processors, using up to 1 threads

Optimize a model with 516 rows, 120 columns and 1536 nonzeros
Model fingerprint: 0x2342db64
Variable types: 68 continuous, 52 integer (52 binary)
Coefficient statistics:
  Matrix range     [1e+00, 1e+00]
  Objective range  [1e+01, 9e+01]
  Bounds range     [1e+00, 1e+00]
  RHS range        [1e+00, 2e+00]
Found heuristic solution: objective 56.0000000
Presolve removed 312 rows and 60 columns
Presolve time: 0.00s
Presolved: 204 rows, 60 columns, 560 nonzeros
Variable types: 0 continuous, 60 integer (60 binary)

Root relaxation: objective 0.000000e+00, 43 iterations, 0.00 seconds (0.00 work units)

    Nodes    |    Current Node    |     Objective Bounds      |     Work
 Expl Unexpl |  Obj  Depth IntInf | Incumbent    BestBd   Gap | It/Node Time

     0     0    0.00000    0   22   56.00000    0.00000   100%     -    0s
H    0     0                      30.0000000    0.00000   100%     -    0s
     0     0    0.00000    0   28   30.00000    0.00000   100%     -    0s
     0     0    0.00000    0   15   30.00000    0.00000   100%     -    0s
     0     0    0.00000    0   18   30.00000    0.00000   100%     -    0s
     0     0    0.00000    0   17   30.00000    0.00000   100%     -    0s
     0     0    7.50000    0   13   30.00000    7.50000  75.0%     -    0s
     0     0    7.50000    0   21   30.00000    7.50000  75.0%     -    0s
     0     0   12.00000    0   14   30.00000   12.00000  60.0%     -    0s
     0     0   12.00000    0   14   30.00000   12.00000  60.0%     -    0s
     0     0   15.00000    0   11   30.00000   15.00000  50.0%     -    0s
     0     0   15.00000    0   11   30.00000   15.00000  50.0%     -    0s
     0     0   15.00000    0   11   30.00000   15.00000  50.0%     -    0s
     0     0   15.00000    0   11   30.00000   15.00000  50.0%     -    0s

Cutting planes:
  MIR: 5
  Zero half: 5
  Mod-K: 2
  RLT: 4
  BQP: 1

Explored 1 nodes (307 simplex iterations) in 0.02 seconds (0.02 work units)
Thread count was 1 (of 12 available processors)

Solution count 2: 30 56 

Optimal solution found (tolerance 1.00e-04)
Best objective 3.000000000000e+01, best bound 3.000000000000e+01, gap 0.0000%
30.0
