Set parameter Username
Academic license - for non-commercial use only - expires 2025-08-28
Set parameter Threads to value 1
Set parameter Method to value 4
Gurobi Optimizer version 11.0.0 build v11.0.0rc2 (mac64[arm] - Darwin 23.5.0 23F79)

CPU model: Apple M3 Pro
Thread count: 12 physical cores, 12 logical processors, using up to 1 threads

Optimize a model with 591 rows, 133 columns and 1758 nonzeros
Model fingerprint: 0x5dc65905
Variable types: 77 continuous, 56 integer (56 binary)
Coefficient statistics:
  Matrix range     [1e+00, 1e+00]
  Objective range  [2e+01, 2e+02]
  Bounds range     [1e+00, 1e+00]
  RHS range        [1e+00, 2e+00]
Found heuristic solution: objective 542.0000000
Presolve removed 268 rows and 50 columns
Presolve time: 0.00s
Presolved: 323 rows, 83 columns, 938 nonzeros
Variable types: 0 continuous, 83 integer (83 binary)

Root relaxation: objective 0.000000e+00, 43 iterations, 0.00 seconds (0.00 work units)

    Nodes    |    Current Node    |     Objective Bounds      |     Work
 Expl Unexpl |  Obj  Depth IntInf | Incumbent    BestBd   Gap | It/Node Time

     0     0    0.00000    0   21  542.00000    0.00000   100%     -    0s
H    0     0                     216.0000000    0.00000   100%     -    0s
H    0     0                     184.0000000    0.00000   100%     -    0s
H    0     0                     149.0000000    0.00000   100%     -    0s
H    0     0                     108.0000000    0.00000   100%     -    0s
H    0     0                      67.0000000    0.00000   100%     -    0s
     0     0    0.00000    0   34   67.00000    0.00000   100%     -    0s
     0     0    0.00000    0   20   67.00000    0.00000   100%     -    0s
     0     0    7.60000    0   26   67.00000    7.60000  88.7%     -    0s
     0     0   11.66667    0   19   67.00000   11.66667  82.6%     -    0s
     0     0   31.75000    0   25   67.00000   31.75000  52.6%     -    0s

Cutting planes:
  MIR: 2
  Zero half: 5
  RLT: 2
  BQP: 1

Explored 1 nodes (247 simplex iterations) in 0.02 seconds (0.01 work units)
Thread count was 1 (of 12 available processors)

Solution count 6: 67 108 149 ... 542

Optimal solution found (tolerance 1.00e-04)
Best objective 6.700000000000e+01, best bound 6.700000000000e+01, gap 0.0000%
67.0
