Set parameter Username
Academic license - for non-commercial use only - expires 2025-08-28
Set parameter Threads to value 1
Set parameter Method to value 4
Gurobi Optimizer version 11.0.0 build v11.0.0rc2 (mac64[arm] - Darwin 23.5.0 23F79)

CPU model: Apple M3 Pro
Thread count: 12 physical cores, 12 logical processors, using up to 1 threads

Optimize a model with 666 rows, 146 columns and 1980 nonzeros
Model fingerprint: 0x7a7e31ba
Variable types: 86 continuous, 60 integer (60 binary)
Coefficient statistics:
  Matrix range     [1e+00, 1e+00]
  Objective range  [1e+01, 2e+02]
  Bounds range     [1e+00, 1e+00]
  RHS range        [1e+00, 2e+00]
Presolve removed 236 rows and 45 columns
Presolve time: 0.00s
Presolved: 430 rows, 101 columns, 1252 nonzeros
Variable types: 0 continuous, 101 integer (101 binary)
Found heuristic solution: objective 1543.0000000
Found heuristic solution: objective 1410.0000000
Found heuristic solution: objective 1138.0000000
Found heuristic solution: objective 795.0000000

Root relaxation: objective 0.000000e+00, 69 iterations, 0.00 seconds (0.00 work units)

    Nodes    |    Current Node    |     Objective Bounds      |     Work
 Expl Unexpl |  Obj  Depth IntInf | Incumbent    BestBd   Gap | It/Node Time

     0     0    0.00000    0   34  795.00000    0.00000   100%     -    0s
H    0     0                     319.0000000    0.00000   100%     -    0s
H    0     0                     204.0000000    0.00000   100%     -    0s
H    0     0                     123.0000000    0.00000   100%     -    0s
     0     0    0.00000    0   47  123.00000    0.00000   100%     -    0s
     0     0    8.50000    0   26  123.00000    8.50000  93.1%     -    0s
     0     0   21.50000    0   28  123.00000   21.50000  82.5%     -    0s
     0     0   27.00000    0   28  123.00000   27.00000  78.0%     -    0s
H    0     0                     105.0000000   27.00000  74.3%     -    0s
     0     0   37.18182    0   52  105.00000   37.18182  64.6%     -    0s
     0     0   54.90000    0   38  105.00000   54.90000  47.7%     -    0s
     0     0   56.00000    0   27  105.00000   56.00000  46.7%     -    0s
     0     0   56.00000    0   18  105.00000   56.00000  46.7%     -    0s
     0     0   56.00000    0   26  105.00000   56.00000  46.7%     -    0s
     0     0   56.16667    0   30  105.00000   56.16667  46.5%     -    0s
     0     0   56.80000    0   30  105.00000   56.80000  45.9%     -    0s
     0     0   66.50000    0   24  105.00000   66.50000  36.7%     -    0s
     0     0   69.25000    0   27  105.00000   69.25000  34.0%     -    0s
     0     0   70.25000    0   32  105.00000   70.25000  33.1%     -    0s
     0     0   70.60000    0   35  105.00000   70.60000  32.8%     -    0s
     0     0   70.60000    0   34  105.00000   70.60000  32.8%     -    0s
     0     0   70.60000    0   36  105.00000   70.60000  32.8%     -    0s
     0     0   70.60000    0   36  105.00000   70.60000  32.8%     -    0s
     0     0   70.60000    0   36  105.00000   70.60000  32.8%     -    0s
     0     0   72.00000    0   34  105.00000   72.00000  31.4%     -    0s
     0     2   76.42857    0   34  105.00000   76.42857  27.2%     -    0s

Cutting planes:
  Gomory: 1
  MIR: 2
  Flow cover: 1
  Zero half: 7
  RLT: 5

Explored 6 nodes (591 simplex iterations) in 0.05 seconds (0.05 work units)
Thread count was 1 (of 12 available processors)

Solution count 8: 105 123 204 ... 1543

Optimal solution found (tolerance 1.00e-04)
Best objective 1.050000000000e+02, best bound 1.050000000000e+02, gap 0.0000%
105.0
