Set parameter Username
Academic license - for non-commercial use only - expires 2025-08-28
Set parameter Threads to value 1
Set parameter Method to value 4
Gurobi Optimizer version 11.0.0 build v11.0.0rc2 (mac64[arm] - Darwin 23.5.0 23F79)

CPU model: Apple M3 Pro
Thread count: 12 physical cores, 12 logical processors, using up to 1 threads

Optimize a model with 666 rows, 146 columns and 1980 nonzeros
Model fingerprint: 0x7828f1e1
Variable types: 86 continuous, 60 integer (60 binary)
Coefficient statistics:
  Matrix range     [1e+00, 1e+00]
  Objective range  [1e+01, 2e+02]
  Bounds range     [1e+00, 1e+00]
  RHS range        [1e+00, 2e+00]
Presolve removed 236 rows and 45 columns
Presolve time: 0.00s
Presolved: 430 rows, 101 columns, 1252 nonzeros
Variable types: 0 continuous, 101 integer (101 binary)
Found heuristic solution: objective 1334.0000000
Found heuristic solution: objective 489.0000000

Root relaxation: objective 0.000000e+00, 68 iterations, 0.00 seconds (0.00 work units)

    Nodes    |    Current Node    |     Objective Bounds      |     Work
 Expl Unexpl |  Obj  Depth IntInf | Incumbent    BestBd   Gap | It/Node Time

     0     0    0.00000    0   28  489.00000    0.00000   100%     -    0s
H    0     0                     424.0000000    0.00000   100%     -    0s
     0     0    0.00000    0   45  424.00000    0.00000   100%     -    0s
H    0     0                     310.0000000    0.00000   100%     -    0s
H    0     0                     239.0000000    0.00000   100%     -    0s
     0     0    0.00000    0   18  239.00000    0.00000   100%     -    0s
H    0     0                     186.0000000    0.00000   100%     -    0s
H    0     0                     145.0000000    0.00000   100%     -    0s
     0     0    0.00000    0   31  145.00000    0.00000   100%     -    0s
     0     0    0.00000    0   23  145.00000    0.00000   100%     -    0s
H    0     0                     118.0000000    0.00000   100%     -    0s
     0     0    0.00000    0   27  118.00000    0.00000   100%     -    0s
     0     0    9.33333    0   32  118.00000    9.33333  92.1%     -    0s
     0     0    9.33333    0   35  118.00000    9.33333  92.1%     -    0s
     0     0    9.33333    0   38  118.00000    9.33333  92.1%     -    0s
     0     0    9.33333    0   35  118.00000    9.33333  92.1%     -    0s
     0     0    9.33333    0   37  118.00000    9.33333  92.1%     -    0s
     0     0   13.37500    0   42  118.00000   13.37500  88.7%     -    0s
     0     0   15.11111    0   45  118.00000   15.11111  87.2%     -    0s
     0     0   15.11111    0   45  118.00000   15.11111  87.2%     -    0s
     0     0   17.83333    0   42  118.00000   17.83333  84.9%     -    0s
     0     0   17.92593    0   47  118.00000   17.92593  84.8%     -    0s
     0     0   17.92593    0   45  118.00000   17.92593  84.8%     -    0s
     0     0   22.33333    0   41  118.00000   22.33333  81.1%     -    0s
     0     0   22.33333    0   39  118.00000   22.33333  81.1%     -    0s
     0     0   22.33333    0   37  118.00000   22.33333  81.1%     -    0s
     0     0   22.33333    0   40  118.00000   22.33333  81.1%     -    0s
     0     0   22.33333    0   36  118.00000   22.33333  81.1%     -    0s
     0     0   22.33333    0   43  118.00000   22.33333  81.1%     -    0s
     0     0   22.33333    0   32  118.00000   22.33333  81.1%     -    0s
     0     0   22.33333    0   43  118.00000   22.33333  81.1%     -    0s
     0     0   22.33333    0   36  118.00000   22.33333  81.1%     -    0s
     0     0   22.33333    0   36  118.00000   22.33333  81.1%     -    0s
     0     0   28.00000    0   22  118.00000   28.00000  76.3%     -    0s
     0     0   28.00000    0   50  118.00000   28.00000  76.3%     -    0s
     0     0   31.00000    0   28  118.00000   31.00000  73.7%     -    0s
     0     0   31.00000    0   28  118.00000   31.00000  73.7%     -    0s
     0     0   43.66667    0   22  118.00000   43.66667  63.0%     -    0s
     0     0   45.00000    0   21  118.00000   45.00000  61.9%     -    0s
     0     0   48.88889    0   32  118.00000   48.88889  58.6%     -    0s
     0     0   49.33333    0   32  118.00000   49.33333  58.2%     -    0s
     0     0   49.33333    0   31  118.00000   49.33333  58.2%     -    0s
     0     0   50.66667    0   31  118.00000   50.66667  57.1%     -    0s
     0     0   58.00000    0   34  118.00000   58.00000  50.8%     -    0s
     0     0   59.53846    0   34  118.00000   59.53846  49.5%     -    0s
     0     0   59.60000    0   35  118.00000   59.60000  49.5%     -    0s
     0     0   59.71429    0   34  118.00000   59.71429  49.4%     -    0s
     0     0   59.84615    0   36  118.00000   59.84615  49.3%     -    0s
     0     0   60.00000    0   35  118.00000   60.00000  49.2%     -    0s
     0     0   60.00000    0   36  118.00000   60.00000  49.2%     -    0s
     0     0   61.42857    0   36  118.00000   61.42857  47.9%     -    0s
     0     0   61.42857    0   36  118.00000   61.42857  47.9%     -    0s
     0     0   61.58333    0   36  118.00000   61.58333  47.8%     -    0s
     0     0   61.72000    0   49  118.00000   61.72000  47.7%     -    0s
     0     0   61.72000    0   49  118.00000   61.72000  47.7%     -    0s
     0     0   61.72000    0   49  118.00000   61.72000  47.7%     -    0s
     0     0   63.50000    0   48  118.00000   63.50000  46.2%     -    0s
     0     0   69.00000    0   18  118.00000   69.00000  41.5%     -    0s
     0     0   69.00000    0   27  118.00000   69.00000  41.5%     -    0s
     0     0   69.00000    0   35  118.00000   69.00000  41.5%     -    0s
     0     0   69.00000    0   35  118.00000   69.00000  41.5%     -    0s
     0     0   69.00000    0   37  118.00000   69.00000  41.5%     -    0s
     0     0   69.00000    0   37  118.00000   69.00000  41.5%     -    0s
     0     0   69.00000    0   37  118.00000   69.00000  41.5%     -    0s
     0     0   69.00000    0   37  118.00000   69.00000  41.5%     -    0s
     0     0   69.00000    0   28  118.00000   69.00000  41.5%     -    0s
     0     0   69.00000    0   32  118.00000   69.00000  41.5%     -    0s
     0     0   69.00000    0   32  118.00000   69.00000  41.5%     -    0s
     0     0   69.00000    0   22  118.00000   69.00000  41.5%     -    0s
     0     0   69.00000    0   23  118.00000   69.00000  41.5%     -    0s
     0     0   69.00000    0   24  118.00000   69.00000  41.5%     -    0s
     0     0   69.00000    0   24  118.00000   69.00000  41.5%     -    0s
     0     2   72.95000    0   22  118.00000   72.95000  38.2%     -    0s

Cutting planes:
  Gomory: 1
  MIR: 7
  Zero half: 9
  RLT: 6
  BQP: 3

Explored 12 nodes (2060 simplex iterations) in 0.17 seconds (0.15 work units)
Thread count was 1 (of 12 available processors)

Solution count 9: 118 145 186 ... 1334

Optimal solution found (tolerance 1.00e-04)
Best objective 1.180000000000e+02, best bound 1.180000000000e+02, gap 0.0000%
118.0
