Set parameter Username
Academic license - for non-commercial use only - expires 2025-08-28
Set parameter Threads to value 1
Set parameter Method to value 4
Gurobi Optimizer version 11.0.0 build v11.0.0rc2 (mac64[arm] - Darwin 23.5.0 23F79)

CPU model: Apple M3 Pro
Thread count: 12 physical cores, 12 logical processors, using up to 1 threads

Optimize a model with 516 rows, 120 columns and 1536 nonzeros
Model fingerprint: 0x394d966e
Variable types: 68 continuous, 52 integer (52 binary)
Coefficient statistics:
  Matrix range     [1e+00, 1e+00]
  Objective range  [1e+01, 1e+02]
  Bounds range     [1e+00, 1e+00]
  RHS range        [1e+00, 2e+00]
Found heuristic solution: objective 159.0000000
Presolve removed 296 rows and 56 columns
Presolve time: 0.00s
Presolved: 220 rows, 64 columns, 624 nonzeros
Variable types: 0 continuous, 64 integer (64 binary)

Root relaxation: objective 0.000000e+00, 37 iterations, 0.00 seconds (0.00 work units)

    Nodes    |    Current Node    |     Objective Bounds      |     Work
 Expl Unexpl |  Obj  Depth IntInf | Incumbent    BestBd   Gap | It/Node Time

     0     0    0.00000    0   18  159.00000    0.00000   100%     -    0s
H    0     0                      45.0000000    0.00000   100%     -    0s
H    0     0                      15.0000000    0.00000   100%     -    0s
     0     0    0.00000    0   25   15.00000    0.00000   100%     -    0s

Cutting planes:
  Gomory: 1
  MIR: 2
  Zero half: 2
  RLT: 2

Explored 1 nodes (101 simplex iterations) in 0.01 seconds (0.01 work units)
Thread count was 1 (of 12 available processors)

Solution count 3: 15 45 159 

Optimal solution found (tolerance 1.00e-04)
Best objective 1.500000000000e+01, best bound 1.500000000000e+01, gap 0.0000%
15.0
