Set parameter Username
Academic license - for non-commercial use only - expires 2025-08-28
Set parameter Threads to value 1
Set parameter Method to value 4
Gurobi Optimizer version 11.0.0 build v11.0.0rc2 (mac64[arm] - Darwin 23.5.0 23F79)

CPU model: Apple M3 Pro
Thread count: 12 physical cores, 12 logical processors, using up to 1 threads

Optimize a model with 516 rows, 120 columns and 1536 nonzeros
Model fingerprint: 0x29b2ac26
Variable types: 68 continuous, 52 integer (52 binary)
Coefficient statistics:
  Matrix range     [1e+00, 1e+00]
  Objective range  [1e+01, 9e+01]
  Bounds range     [1e+00, 1e+00]
  RHS range        [1e+00, 2e+00]
Found heuristic solution: objective 52.0000000
Presolve removed 312 rows and 60 columns
Presolve time: 0.00s
Presolved: 204 rows, 60 columns, 560 nonzeros
Variable types: 0 continuous, 60 integer (60 binary)

Root relaxation: objective 0.000000e+00, 41 iterations, 0.00 seconds (0.00 work units)

    Nodes    |    Current Node    |     Objective Bounds      |     Work
 Expl Unexpl |  Obj  Depth IntInf | Incumbent    BestBd   Gap | It/Node Time

     0     0    0.00000    0   22   52.00000    0.00000   100%     -    0s
H    0     0                      22.0000000    0.00000   100%     -    0s
     0     0    0.00000    0   28   22.00000    0.00000   100%     -    0s
     0     0    0.00000    0   18   22.00000    0.00000   100%     -    0s
     0     0    0.00000    0   14   22.00000    0.00000   100%     -    0s
     0     0    0.00000    0   17   22.00000    0.00000   100%     -    0s
     0     0    3.14286    0   21   22.00000    3.14286  85.7%     -    0s
     0     0    8.80000    0   23   22.00000    8.80000  60.0%     -    0s
     0     0   11.00000    0   22   22.00000   11.00000  50.0%     -    0s

Explored 1 nodes (245 simplex iterations) in 0.02 seconds (0.01 work units)
Thread count was 1 (of 12 available processors)

Solution count 3: 22 22 52 

Optimal solution found (tolerance 1.00e-04)
Best objective 2.200000000000e+01, best bound 2.200000000000e+01, gap 0.0000%
22.0
