Set parameter Username
Academic license - for non-commercial use only - expires 2025-08-28
Set parameter Threads to value 1
Set parameter Method to value 4
Gurobi Optimizer version 11.0.0 build v11.0.0rc2 (mac64[arm] - Darwin 23.5.0 23F79)

CPU model: Apple M3 Pro
Thread count: 12 physical cores, 12 logical processors, using up to 1 threads

Optimize a model with 666 rows, 146 columns and 1980 nonzeros
Model fingerprint: 0x1adca34e
Variable types: 86 continuous, 60 integer (60 binary)
Coefficient statistics:
  Matrix range     [1e+00, 1e+00]
  Objective range  [1e+01, 2e+02]
  Bounds range     [1e+00, 1e+00]
  RHS range        [1e+00, 2e+00]
Presolve removed 236 rows and 45 columns
Presolve time: 0.00s
Presolved: 430 rows, 101 columns, 1252 nonzeros
Variable types: 0 continuous, 101 integer (101 binary)
Found heuristic solution: objective 1377.0000000
Found heuristic solution: objective 1368.0000000
Found heuristic solution: objective 1026.0000000
Found heuristic solution: objective 921.0000000

Root relaxation: objective 0.000000e+00, 68 iterations, 0.00 seconds (0.00 work units)

    Nodes    |    Current Node    |     Objective Bounds      |     Work
 Expl Unexpl |  Obj  Depth IntInf | Incumbent    BestBd   Gap | It/Node Time

     0     0    0.00000    0   28  921.00000    0.00000   100%     -    0s
H    0     0                     240.0000000    0.00000   100%     -    0s
     0     0    0.00000    0   40  240.00000    0.00000   100%     -    0s
H    0     0                     192.0000000    0.00000   100%     -    0s
H    0     0                     156.0000000    0.00000   100%     -    0s
     0     0    0.00000    0   21  156.00000    0.00000   100%     -    0s
H    0     0                     132.0000000    0.00000   100%     -    0s
     0     0    0.00000    0   32  132.00000    0.00000   100%     -    0s
H    0     0                     124.0000000    0.00000   100%     -    0s
     0     0    0.00000    0   35  124.00000    0.00000   100%     -    0s
     0     0    0.00000    0   37  124.00000    0.00000   100%     -    0s
     0     0    0.00000    0   33  124.00000    0.00000   100%     -    0s
     0     0    0.00000    0   27  124.00000    0.00000   100%     -    0s
     0     0    0.00000    0   26  124.00000    0.00000   100%     -    0s
     0     0    0.00000    0   39  124.00000    0.00000   100%     -    0s
     0     0    0.00000    0   37  124.00000    0.00000   100%     -    0s
     0     0    3.32609    0   45  124.00000    3.32609  97.3%     -    0s
     0     0    5.19512    0   46  124.00000    5.19512  95.8%     -    0s
     0     0    5.22857    0   46  124.00000    5.22857  95.8%     -    0s
     0     0   10.80000    0   47  124.00000   10.80000  91.3%     -    0s
     0     0   11.33333    0   41  124.00000   11.33333  90.9%     -    0s
     0     0   18.30000    0   49  124.00000   18.30000  85.2%     -    0s
     0     0   18.30000    0   46  124.00000   18.30000  85.2%     -    0s
     0     0   18.40310    0   50  124.00000   18.40310  85.2%     -    0s
     0     0   19.78788    0   54  124.00000   19.78788  84.0%     -    0s
     0     0   19.83333    0   50  124.00000   19.83333  84.0%     -    0s
     0     0   19.83333    0   51  124.00000   19.83333  84.0%     -    0s
     0     0   19.83333    0   52  124.00000   19.83333  84.0%     -    0s
     0     0   19.83333    0   48  124.00000   19.83333  84.0%     -    0s
     0     0   20.42857    0   48  124.00000   20.42857  83.5%     -    0s
     0     2   37.60000    0   48  124.00000   37.60000  69.7%     -    0s

Cutting planes:
  Gomory: 2
  MIR: 16
  Zero half: 15
  RLT: 4
  BQP: 3

Explored 22 nodes (1291 simplex iterations) in 0.10 seconds (0.10 work units)
Thread count was 1 (of 12 available processors)

Solution count 9: 124 132 156 ... 1377

Optimal solution found (tolerance 1.00e-04)
Best objective 1.240000000000e+02, best bound 1.240000000000e+02, gap 0.0000%
124.0
