Set parameter Username
Academic license - for non-commercial use only - expires 2025-08-28
Set parameter Threads to value 1
Set parameter Method to value 4
Gurobi Optimizer version 11.0.0 build v11.0.0rc2 (mac64[arm] - Darwin 23.5.0 23F79)

CPU model: Apple M3 Pro
Thread count: 12 physical cores, 12 logical processors, using up to 1 threads

Optimize a model with 816 rows, 172 columns and 2424 nonzeros
Model fingerprint: 0xc005ff03
Variable types: 104 continuous, 68 integer (68 binary)
Coefficient statistics:
  Matrix range     [1e+00, 1e+00]
  Objective range  [1e+01, 2e+02]
  Bounds range     [1e+00, 1e+00]
  RHS range        [1e+00, 2e+00]
Found heuristic solution: objective 1695.0000000
Presolve removed 288 rows and 53 columns
Presolve time: 0.00s
Presolved: 528 rows, 119 columns, 1532 nonzeros
Variable types: 0 continuous, 119 integer (119 binary)

Root relaxation: objective 0.000000e+00, 62 iterations, 0.00 seconds (0.00 work units)

    Nodes    |    Current Node    |     Objective Bounds      |     Work
 Expl Unexpl |  Obj  Depth IntInf | Incumbent    BestBd   Gap | It/Node Time

     0     0    0.00000    0   32 1695.00000    0.00000   100%     -    0s
H    0     0                    1130.0000000    0.00000   100%     -    0s
H    0     0                    1092.0000000    0.00000   100%     -    0s
H    0     0                    1017.0000000    0.00000   100%     -    0s
     0     0    0.00000    0   59 1017.00000    0.00000   100%     -    0s
H    0     0                     268.0000000    0.00000   100%     -    0s
H    0     0                     223.0000000    0.00000   100%     -    0s
     0     0    0.00000    0   36  223.00000    0.00000   100%     -    0s
H    0     0                     180.0000000    0.00000   100%     -    0s
     0     0    0.00000    0   43  180.00000    0.00000   100%     -    0s
     0     0    1.50000    0   53  180.00000    1.50000  99.2%     -    0s
     0     0    2.83529    0   55  180.00000    2.83529  98.4%     -    0s
     0     0    8.33333    0   44  180.00000    8.33333  95.4%     -    0s
H    0     0                     157.0000000    8.33333  94.7%     -    0s
     0     0    8.33333    0   46  157.00000    8.33333  94.7%     -    0s
     0     0   10.00000    0   55  157.00000   10.00000  93.6%     -    0s
     0     0   11.54098    0   56  157.00000   11.54098  92.6%     -    0s
     0     0   11.95767    0   61  157.00000   11.95767  92.4%     -    0s
     0     0   12.33871    0   61  157.00000   12.33871  92.1%     -    0s
     0     0   13.65347    0   63  157.00000   13.65347  91.3%     -    0s
     0     0   14.00000    0   49  157.00000   14.00000  91.1%     -    0s
     0     0   14.00000    0   53  157.00000   14.00000  91.1%     -    0s
     0     0   14.00000    0   57  157.00000   14.00000  91.1%     -    0s
     0     0   14.00000    0   59  157.00000   14.00000  91.1%     -    0s
     0     0   14.15770    0   67  157.00000   14.15770  91.0%     -    0s
     0     0   14.57193    0   69  157.00000   14.57193  90.7%     -    0s
     0     0   14.60145    0   66  157.00000   14.60145  90.7%     -    0s
     0     0   14.60145    0   66  157.00000   14.60145  90.7%     -    0s
     0     0   14.60145    0   60  157.00000   14.60145  90.7%     -    0s
     0     0   15.00000    0   36  157.00000   15.00000  90.4%     -    0s
     0     0   15.00000    0   51  157.00000   15.00000  90.4%     -    0s
     0     0   23.50000    0   41  157.00000   23.50000  85.0%     -    0s
     0     0   23.93431    0   53  157.00000   23.93431  84.8%     -    0s
     0     0   43.25000    0   49  157.00000   43.25000  72.5%     -    0s
     0     0   65.17094    0   52  157.00000   65.17094  58.5%     -    0s
     0     0   66.75410    0   53  157.00000   66.75410  57.5%     -    0s
     0     0   67.71429    0   50  157.00000   67.71429  56.9%     -    0s
     0     0   81.33333    0   41  157.00000   81.33333  48.2%     -    0s
     0     0   82.00000    0   39  157.00000   82.00000  47.8%     -    0s
     0     0   82.70000    0   45  157.00000   82.70000  47.3%     -    0s
     0     0   85.72727    0   52  157.00000   85.72727  45.4%     -    0s
     0     0   90.80000    0   51  157.00000   90.80000  42.2%     -    0s
     0     0   91.09091    0   55  157.00000   91.09091  42.0%     -    0s
     0     0   91.16129    0   55  157.00000   91.16129  41.9%     -    0s
     0     0   98.50000    0   38  157.00000   98.50000  37.3%     -    0s
     0     0   98.50000    0   38  157.00000   98.50000  37.3%     -    0s
     0     0   98.50000    0   37  157.00000   98.50000  37.3%     -    0s
     0     0   98.50000    0   37  157.00000   98.50000  37.3%     -    0s
     0     0   98.50000    0   37  157.00000   98.50000  37.3%     -    0s
     0     0  104.00000    0   37  157.00000  104.00000  33.8%     -    0s
     0     0  110.73333    0   20  157.00000  110.73333  29.5%     -    0s
     0     0  110.73333    0   33  157.00000  110.73333  29.5%     -    0s
     0     0  110.73333    0   31  157.00000  110.73333  29.5%     -    0s
     0     0  110.73333    0   32  157.00000  110.73333  29.5%     -    0s
     0     0  110.73333    0   40  157.00000  110.73333  29.5%     -    0s
     0     0  110.73333    0   38  157.00000  110.73333  29.5%     -    0s
     0     0  110.73333    0   40  157.00000  110.73333  29.5%     -    0s
     0     0  110.73333    0   41  157.00000  110.73333  29.5%     -    0s
     0     0  110.73333    0   41  157.00000  110.73333  29.5%     -    0s
     0     0  110.73333    0   43  157.00000  110.73333  29.5%     -    0s
     0     0  110.73333    0   33  157.00000  110.73333  29.5%     -    0s
     0     0  110.73333    0   33  157.00000  110.73333  29.5%     -    0s
     0     0  110.73333    0   33  157.00000  110.73333  29.5%     -    0s
     0     0  110.73333    0   36  157.00000  110.73333  29.5%     -    0s
     0     0  110.73333    0   32  157.00000  110.73333  29.5%     -    0s
     0     2  110.73333    0   32  157.00000  110.73333  29.5%     -    0s

Cutting planes:
  Gomory: 4
  Cover: 1
  MIR: 1
  Zero half: 13
  RLT: 2
  BQP: 5

Explored 11 nodes (1729 simplex iterations) in 0.20 seconds (0.16 work units)
Thread count was 1 (of 12 available processors)

Solution count 8: 157 180 223 ... 1695

Optimal solution found (tolerance 1.00e-04)
Best objective 1.570000000000e+02, best bound 1.570000000000e+02, gap 0.0000%
157.0
