Set parameter Username
Academic license - for non-commercial use only - expires 2025-08-28
Set parameter Threads to value 1
Set parameter Method to value 4
Gurobi Optimizer version 11.0.0 build v11.0.0rc2 (mac64[arm] - Darwin 23.5.0 23F79)

CPU model: Apple M3 Pro
Thread count: 12 physical cores, 12 logical processors, using up to 1 threads

Optimize a model with 892 rows, 185 columns and 2647 nonzeros
Model fingerprint: 0x33b4fb4e
Variable types: 113 continuous, 72 integer (72 binary)
Coefficient statistics:
  Matrix range     [1e+00, 1e+00]
  Objective range  [1e+01, 2e+02]
  Bounds range     [1e+00, 1e+00]
  RHS range        [1e+00, 2e+00]
Found heuristic solution: objective 1977.0000000
Presolve removed 143 rows and 33 columns
Presolve time: 0.00s
Presolved: 749 rows, 152 columns, 2180 nonzeros
Variable types: 0 continuous, 152 integer (152 binary)

Root relaxation: objective 0.000000e+00, 89 iterations, 0.00 seconds (0.00 work units)

    Nodes    |    Current Node    |     Objective Bounds      |     Work
 Expl Unexpl |  Obj  Depth IntInf | Incumbent    BestBd   Gap | It/Node Time

     0     0    0.00000    0   37 1977.00000    0.00000   100%     -    0s
H    0     0                    1796.0000000    0.00000   100%     -    0s
H    0     0                     884.0000000    0.00000   100%     -    0s
H    0     0                     844.0000000    0.00000   100%     -    0s
H    0     0                     752.0000000    0.00000   100%     -    0s
     0     0    0.00000    0   66  752.00000    0.00000   100%     -    0s
H    0     0                     718.0000000    0.00000   100%     -    0s
H    0     0                     434.0000000    0.00000   100%     -    0s
H    0     0                     358.0000000    0.00000   100%     -    0s
     0     0    0.00000    0   46  358.00000    0.00000   100%     -    0s
H    0     0                     326.0000000    0.00000   100%     -    0s
H    0     0                     250.0000000    0.00000   100%     -    0s
H    0     0                     247.0000000    0.00000   100%     -    0s
     0     0    1.70000    0   59  247.00000    1.70000  99.3%     -    0s
     0     0   11.83099    0   65  247.00000   11.83099  95.2%     -    0s
     0     0   11.91169    0   74  247.00000   11.91169  95.2%     -    0s
     0     0   24.49289    0   73  247.00000   24.49289  90.1%     -    0s
     0     0   26.71552    0   79  247.00000   26.71552  89.2%     -    0s
     0     0   27.17739    0   78  247.00000   27.17739  89.0%     -    0s
     0     0   27.19923    0   80  247.00000   27.19923  89.0%     -    0s
     0     0   27.66667    0   66  247.00000   27.66667  88.8%     -    0s
     0     0   28.33333    0   63  247.00000   28.33333  88.5%     -    0s
     0     0   29.56311    0   85  247.00000   29.56311  88.0%     -    0s
     0     0   29.94341    0   86  247.00000   29.94341  87.9%     -    0s
     0     0   30.18922    0   84  247.00000   30.18922  87.8%     -    0s
     0     0   30.20000    0   84  247.00000   30.20000  87.8%     -    0s
     0     0   30.20319    0   84  247.00000   30.20319  87.8%     -    0s
     0     0   32.04992    0   87  247.00000   32.04992  87.0%     -    0s
     0     0   32.21171    0   88  247.00000   32.21171  87.0%     -    0s
     0     0   32.21354    0   88  247.00000   32.21354  87.0%     -    0s
     0     0   33.68790    0   87  247.00000   33.68790  86.4%     -    0s
     0     0   33.75000    0   71  247.00000   33.75000  86.3%     -    0s
     0     0   33.81092    0   85  247.00000   33.81092  86.3%     -    0s
     0     0   33.81246    0   85  247.00000   33.81246  86.3%     -    0s
     0     0   35.29240    0   87  247.00000   35.29240  85.7%     -    0s
     0     0   35.66667    0   65  247.00000   35.66667  85.6%     -    0s
     0     0   35.66667    0   70  247.00000   35.66667  85.6%     -    0s
     0     0   35.84154    0   91  247.00000   35.84154  85.5%     -    0s
     0     0   35.95735    0   86  247.00000   35.95735  85.4%     -    0s
     0     0   35.96177    0   86  247.00000   35.96177  85.4%     -    0s
     0     0   36.19126    0   86  247.00000   36.19126  85.3%     -    0s
     0     0   36.19231    0   86  247.00000   36.19231  85.3%     -    0s
     0     0   36.19231    0   84  247.00000   36.19231  85.3%     -    0s
     0     0   36.48341    0   31  247.00000   36.48341  85.2%     -    0s
     0     0   36.48341    0   58  247.00000   36.48341  85.2%     -    0s
     0     0   45.07018    0   62  247.00000   45.07018  81.8%     -    0s
     0     0   46.14201    0   62  247.00000   46.14201  81.3%     -    0s
     0     0   46.26812    0   63  247.00000   46.26812  81.3%     -    0s
     0     0   46.29167    0   63  247.00000   46.29167  81.3%     -    0s
     0     0   56.37500    0   62  247.00000   56.37500  77.2%     -    0s
     0     0   56.63750    0   64  247.00000   56.63750  77.1%     -    0s
     0     0   56.64063    0   66  247.00000   56.64063  77.1%     -    0s
     0     0   60.31461    0   67  247.00000   60.31461  75.6%     -    0s
     0     0   61.68340    0   67  247.00000   61.68340  75.0%     -    0s
     0     0   61.87490    0   69  247.00000   61.87490  74.9%     -    0s
     0     0   62.06400    0   69  247.00000   62.06400  74.9%     -    0s
     0     0   62.06400    0   70  247.00000   62.06400  74.9%     -    0s
     0     0   69.06849    0   61  247.00000   69.06849  72.0%     -    0s
H    0     0                     238.0000000   69.06849  71.0%     -    0s
     0     0   69.92308    0   68  238.00000   69.92308  70.6%     -    0s
     0     0   69.99000    0   67  238.00000   69.99000  70.6%     -    0s
     0     0   70.00000    0   65  238.00000   70.00000  70.6%     -    0s
     0     0   73.50909    0   70  238.00000   73.50909  69.1%     -    0s
     0     0   73.65000    0   69  238.00000   73.65000  69.1%     -    0s
     0     0   73.65000    0   69  238.00000   73.65000  69.1%     -    0s
     0     0   73.65000    0   70  238.00000   73.65000  69.1%     -    0s
     0     0   81.75603    0   70  238.00000   81.75603  65.6%     -    0s
     0     0   92.27500    0   30  238.00000   92.27500  61.2%     -    0s
H    0     0                     222.0000000   92.27500  58.4%     -    0s
     0     0   92.27500    0   66  222.00000   92.27500  58.4%     -    0s
     0     0   92.27500    0   62  222.00000   92.27500  58.4%     -    0s
     0     0   92.27500    0   66  222.00000   92.27500  58.4%     -    0s
     0     0   92.27500    0   66  222.00000   92.27500  58.4%     -    0s
     0     0   92.27500    0   64  222.00000   92.27500  58.4%     -    0s
     0     0   92.27500    0   64  222.00000   92.27500  58.4%     -    0s
     0     0   92.27500    0   61  222.00000   92.27500  58.4%     -    0s
     0     2   99.80000    0   61  222.00000   99.80000  55.0%     -    0s

Cutting planes:
  Implied bound: 10
  Clique: 1
  MIR: 4
  Zero half: 20
  RLT: 4
  BQP: 3

Explored 21 nodes (2350 simplex iterations) in 0.26 seconds (0.26 work units)
Thread count was 1 (of 12 available processors)

Solution count 10: 222 238 247 ... 844

Optimal solution found (tolerance 1.00e-04)
Best objective 2.220000000000e+02, best bound 2.220000000000e+02, gap 0.0000%
222.0
