Set parameter Username
Academic license - for non-commercial use only - expires 2025-08-28
Set parameter Threads to value 1
Set parameter Method to value 4
Gurobi Optimizer version 11.0.0 build v11.0.0rc2 (mac64[arm] - Darwin 23.5.0 23F79)

CPU model: Apple M3 Pro
Thread count: 12 physical cores, 12 logical processors, using up to 1 threads

Optimize a model with 1117 rows, 224 columns and 3313 nonzeros
Model fingerprint: 0x26d38ceb
Variable types: 140 continuous, 84 integer (84 binary)
Coefficient statistics:
  Matrix range     [1e+00, 1e+00]
  Objective range  [1e+01, 3e+02]
  Bounds range     [1e+00, 1e+00]
  RHS range        [1e+00, 2e+00]
Found heuristic solution: objective 2729.0000000
Presolve removed 173 rows and 39 columns
Presolve time: 0.00s
Presolved: 944 rows, 185 columns, 2744 nonzeros
Variable types: 0 continuous, 185 integer (185 binary)

Root relaxation: objective 0.000000e+00, 99 iterations, 0.00 seconds (0.00 work units)

    Nodes    |    Current Node    |     Objective Bounds      |     Work
 Expl Unexpl |  Obj  Depth IntInf | Incumbent    BestBd   Gap | It/Node Time

     0     0    0.00000    0   42 2729.00000    0.00000   100%     -    0s
H    0     0                    2174.0000000    0.00000   100%     -    0s
H    0     0                    1649.0000000    0.00000   100%     -    0s
H    0     0                    1424.0000000    0.00000   100%     -    0s
     0     0    0.00000    0   67 1424.00000    0.00000   100%     -    0s
H    0     0                    1404.0000000    0.00000   100%     -    0s
H    0     0                    1372.0000000    0.00000   100%     -    0s
     0     0    0.00000    0   70 1372.00000    0.00000   100%     -    0s
H    0     0                    1220.0000000    0.00000   100%     -    0s
H    0     0                    1195.0000000    0.00000   100%     -    0s
H    0     0                     922.0000000    0.00000   100%     -    0s
     0     0    0.00000    0   70  922.00000    0.00000   100%     -    0s
     0     0   10.66667    0   75  922.00000   10.66667  98.8%     -    0s
     0     0   21.43939    0   87  922.00000   21.43939  97.7%     -    0s
     0     0   23.62626    0   89  922.00000   23.62626  97.4%     -    0s
     0     0   57.66667    0   80  922.00000   57.66667  93.7%     -    0s
H    0     0                     904.0000000   57.66667  93.6%     -    0s
H    0     0                     894.0000000   57.66667  93.5%     -    0s
     0     0   64.13870    0  121  894.00000   64.13870  92.8%     -    0s
     0     0   64.82640    0  116  894.00000   64.82640  92.7%     -    0s
     0     0   65.00338    0  117  894.00000   65.00338  92.7%     -    0s
     0     0   65.15168    0  125  894.00000   65.15168  92.7%     -    0s
     0     0   65.24301    0  117  894.00000   65.24301  92.7%     -    0s
     0     0   65.31650    0  121  894.00000   65.31650  92.7%     -    0s
     0     0   65.32259    0  126  894.00000   65.32259  92.7%     -    0s
     0     0   67.43617    0  113  894.00000   67.43617  92.5%     -    0s
     0     0   68.24120    0  119  894.00000   68.24120  92.4%     -    0s
     0     0   68.85298    0  126  894.00000   68.85298  92.3%     -    0s
     0     0   69.11253    0  117  894.00000   69.11253  92.3%     -    0s
     0     0   69.13725    0  108  894.00000   69.13725  92.3%     -    0s
     0     0   69.13725    0  108  894.00000   69.13725  92.3%     -    0s
     0     0   69.13725    0  111  894.00000   69.13725  92.3%     -    0s
H    0     0                     884.0000000   69.13725  92.2%     -    0s
     0     0   69.13725    0  112  884.00000   69.13725  92.2%     -    0s
     0     0   69.13725    0  112  884.00000   69.13725  92.2%     -    0s
     0     0   69.13725    0  110  884.00000   69.13725  92.2%     -    0s
     0     0   69.13725    0  107  884.00000   69.13725  92.2%     -    0s
H    0     0                     864.0000000   69.13725  92.0%     -    0s
     0     2   69.32761    0  104  864.00000   69.32761  92.0%     -    0s
*   40    24              13     826.0000000  144.69565  82.5%  48.0    0s
*   59    32              12     822.0000000  256.92857  68.7%  44.4    0s
*   62    31              13     798.0000000  256.92857  67.8%  42.4    0s
*   97    45              13     764.0000000  362.00000  52.6%  36.9    0s
H  112    42                     720.0000000  383.00000  46.8%  33.6    0s
*  138    41              13     716.0000000  388.75000  45.7%  30.5    0s
*  238    42               9     657.0000000  472.50000  28.1%  26.0    0s

Cutting planes:
  MIR: 8
  Zero half: 74
  RLT: 22
  BQP: 31

Explored 385 nodes (10147 simplex iterations) in 0.36 seconds (0.45 work units)
Thread count was 1 (of 12 available processors)

Solution count 10: 657 716 720 ... 894

Optimal solution found (tolerance 1.00e-04)
Best objective 6.570000000000e+02, best bound 6.570000000000e+02, gap 0.0000%
657.0
