Set parameter Username
Academic license - for non-commercial use only - expires 2025-08-28
Set parameter Threads to value 1
Set parameter Method to value 4
Gurobi Optimizer version 11.0.0 build v11.0.0rc2 (mac64[arm] - Darwin 23.5.0 23F79)

CPU model: Apple M3 Pro
Thread count: 12 physical cores, 12 logical processors, using up to 1 threads

Optimize a model with 816 rows, 172 columns and 2424 nonzeros
Model fingerprint: 0x099eb345
Variable types: 104 continuous, 68 integer (68 binary)
Coefficient statistics:
  Matrix range     [1e+00, 1e+00]
  Objective range  [1e+01, 3e+02]
  Bounds range     [1e+00, 1e+00]
  RHS range        [1e+00, 2e+00]
Found heuristic solution: objective 1062.0000000
Presolve removed 128 rows and 30 columns
Presolve time: 0.00s
Presolved: 688 rows, 142 columns, 2008 nonzeros
Variable types: 0 continuous, 142 integer (142 binary)

Root relaxation: objective 0.000000e+00, 71 iterations, 0.00 seconds (0.00 work units)

    Nodes    |    Current Node    |     Objective Bounds      |     Work
 Expl Unexpl |  Obj  Depth IntInf | Incumbent    BestBd   Gap | It/Node Time

     0     0    0.00000    0   35 1062.00000    0.00000   100%     -    0s
H    0     0                     651.0000000    0.00000   100%     -    0s
H    0     0                     612.0000000    0.00000   100%     -    0s
     0     0    0.00000    0   63  612.00000    0.00000   100%     -    0s
H    0     0                     520.0000000    0.00000   100%     -    0s
H    0     0                     408.0000000    0.00000   100%     -    0s
     0     0    0.00000    0   35  408.00000    0.00000   100%     -    0s
     0     0    3.11111    0   51  408.00000    3.11111  99.2%     -    0s
     0     0   21.26471    0   64  408.00000   21.26471  94.8%     -    0s
     0     0   22.45361    0   65  408.00000   22.45361  94.5%     -    0s
     0     0   22.50685    0   65  408.00000   22.50685  94.5%     -    0s
     0     0   28.38172    0   73  408.00000   28.38172  93.0%     -    0s
H    0     0                     288.0000000   28.38172  90.1%     -    0s
H    0     0                     284.0000000   28.38172  90.0%     -    0s
     0     0   28.42609    0   77  284.00000   28.42609  90.0%     -    0s
     0     0   29.43434    0   72  284.00000   29.43434  89.6%     -    0s
     0     0   29.88889    0   70  284.00000   29.88889  89.5%     -    0s
     0     0   29.88889    0   70  284.00000   29.88889  89.5%     -    0s
     0     0   30.25926    0   68  284.00000   30.25926  89.3%     -    0s
     0     0   30.58333    0   63  284.00000   30.58333  89.2%     -    0s
     0     0   30.58333    0   63  284.00000   30.58333  89.2%     -    0s
     0     0   31.69148    0   80  284.00000   31.69148  88.8%     -    0s
     0     0   31.82027    0   80  284.00000   31.82027  88.8%     -    0s
     0     0   31.85891    0   80  284.00000   31.85891  88.8%     -    0s
     0     0   31.89761    0   80  284.00000   31.89761  88.8%     -    0s
     0     0   31.98789    0   81  284.00000   31.98789  88.7%     -    0s
     0     0   32.55856    0   75  284.00000   32.55856  88.5%     -    0s
     0     0   32.69658    0   75  284.00000   32.69658  88.5%     -    0s
     0     0   32.83333    0   74  284.00000   32.83333  88.4%     -    0s
H    0     0                     270.0000000   32.83333  87.8%     -    0s
     0     0   32.83333    0   69  270.00000   32.83333  87.8%     -    0s
     0     0   32.83333    0   24  270.00000   32.83333  87.8%     -    0s
     0     0   32.83333    0   37  270.00000   32.83333  87.8%     -    0s
     0     0   39.60000    0   55  270.00000   39.60000  85.3%     -    0s
     0     0   62.54082    0   64  270.00000   62.54082  76.8%     -    0s
     0     0   62.98403    0   64  270.00000   62.98403  76.7%     -    0s
     0     0   78.73211    0   61  270.00000   78.73211  70.8%     -    0s
     0     0   81.99387    0   67  270.00000   81.99387  69.6%     -    0s
     0     0   82.46391    0   68  270.00000   82.46391  69.5%     -    0s
     0     0   82.48141    0   68  270.00000   82.48141  69.5%     -    0s
     0     0   88.83333    0   69  270.00000   88.83333  67.1%     -    0s
     0     0   88.83333    0   28  270.00000   88.83333  67.1%     -    0s
     0     0  105.50000    0   44  270.00000  105.50000  60.9%     -    0s
     0     0  118.03226    0   52  270.00000  118.03226  56.3%     -    0s
     0     0  121.44681    0   56  270.00000  121.44681  55.0%     -    0s
     0     0  121.44681    0   56  270.00000  121.44681  55.0%     -    0s
     0     0  128.99686    0   57  270.00000  128.99686  52.2%     -    0s
     0     0  129.73729    0   57  270.00000  129.73729  51.9%     -    0s
     0     0  130.20276    0   58  270.00000  130.20276  51.8%     -    0s
     0     0  132.26998    0   57  270.00000  132.26998  51.0%     -    0s
     0     0  132.59154    0   58  270.00000  132.59154  50.9%     -    0s
     0     0  132.65515    0   58  270.00000  132.65515  50.9%     -    0s
     0     0  137.63989    0   60  270.00000  137.63989  49.0%     -    0s
     0     0  137.78521    0   60  270.00000  137.78521  49.0%     -    0s
     0     0  138.02034    0   59  270.00000  138.02034  48.9%     -    0s
     0     0  138.07840    0   60  270.00000  138.07840  48.9%     -    0s
     0     0  138.33019    0   61  270.00000  138.33019  48.8%     -    0s
     0     0  138.34569    0   60  270.00000  138.34569  48.8%     -    0s
     0     0  138.36187    0   60  270.00000  138.36187  48.8%     -    0s
     0     0  138.36187    0   60  270.00000  138.36187  48.8%     -    0s
     0     0  143.96265    0   60  270.00000  143.96265  46.7%     -    0s
     0     2  147.74474    0   58  270.00000  147.74474  45.3%     -    0s

Cutting planes:
  Gomory: 1
  Implied bound: 5
  Clique: 2
  MIR: 6
  Zero half: 14
  RLT: 12
  BQP: 1

Explored 18 nodes (2002 simplex iterations) in 0.19 seconds (0.21 work units)
Thread count was 1 (of 12 available processors)

Solution count 8: 270 284 288 ... 1062

Optimal solution found (tolerance 1.00e-04)
Best objective 2.700000000000e+02, best bound 2.700000000000e+02, gap 0.0000%
270.0
