Set parameter Username
Academic license - for non-commercial use only - expires 2025-08-28
Set parameter Threads to value 1
Set parameter Method to value 4
Gurobi Optimizer version 11.0.0 build v11.0.0rc2 (mac64[arm] - Darwin 23.5.0 23F79)

CPU model: Apple M3 Pro
Thread count: 12 physical cores, 12 logical processors, using up to 1 threads

Optimize a model with 591 rows, 133 columns and 1758 nonzeros
Model fingerprint: 0x58a564bf
Variable types: 77 continuous, 56 integer (56 binary)
Coefficient statistics:
  Matrix range     [1e+00, 1e+00]
  Objective range  [1e+01, 9e+01]
  Bounds range     [1e+00, 1e+00]
  RHS range        [1e+00, 2e+00]
Found heuristic solution: objective 197.0000000
Presolve removed 338 rows and 62 columns
Presolve time: 0.00s
Presolved: 253 rows, 71 columns, 716 nonzeros
Variable types: 0 continuous, 71 integer (71 binary)

Root relaxation: objective 0.000000e+00, 42 iterations, 0.00 seconds (0.00 work units)

    Nodes    |    Current Node    |     Objective Bounds      |     Work
 Expl Unexpl |  Obj  Depth IntInf | Incumbent    BestBd   Gap | It/Node Time

     0     0    0.00000    0   18  197.00000    0.00000   100%     -    0s
H    0     0                      32.0000000    0.00000   100%     -    0s
     0     0    0.00000    0   21   32.00000    0.00000   100%     -    0s
     0     0    0.00000    0   22   32.00000    0.00000   100%     -    0s

Cutting planes:
  Zero half: 5
  BQP: 1

Explored 1 nodes (151 simplex iterations) in 0.01 seconds (0.01 work units)
Thread count was 1 (of 12 available processors)

Solution count 2: 32 197 

Optimal solution found (tolerance 1.00e-04)
Best objective 3.200000000000e+01, best bound 3.200000000000e+01, gap 0.0000%
32.0
