Set parameter Username
Academic license - for non-commercial use only - expires 2025-08-28
Set parameter Threads to value 1
Set parameter Method to value 4
Gurobi Optimizer version 11.0.0 build v11.0.0rc2 (mac64[arm] - Darwin 23.5.0 23F79)

CPU model: Apple M3 Pro
Thread count: 12 physical cores, 12 logical processors, using up to 1 threads

Optimize a model with 967 rows, 198 columns and 2869 nonzeros
Model fingerprint: 0x1b8c7ba9
Variable types: 122 continuous, 76 integer (76 binary)
Coefficient statistics:
  Matrix range     [1e+00, 1e+00]
  Objective range  [1e+01, 3e+02]
  Bounds range     [1e+00, 1e+00]
  RHS range        [1e+00, 2e+00]
Found heuristic solution: objective 2680.0000000
Presolve removed 153 rows and 35 columns
Presolve time: 0.00s
Presolved: 814 rows, 163 columns, 2368 nonzeros
Variable types: 0 continuous, 163 integer (163 binary)
Found heuristic solution: objective 2662.0000000

Root relaxation: objective 0.000000e+00, 88 iterations, 0.00 seconds (0.00 work units)

    Nodes    |    Current Node    |     Objective Bounds      |     Work
 Expl Unexpl |  Obj  Depth IntInf | Incumbent    BestBd   Gap | It/Node Time

     0     0    0.00000    0   57 2662.00000    0.00000   100%     -    0s
H    0     0                    2497.0000000    0.00000   100%     -    0s
H    0     0                    1201.0000000    0.00000   100%     -    0s
H    0     0                    1146.0000000    0.00000   100%     -    0s
H    0     0                    1113.0000000    0.00000   100%     -    0s
     0     0    0.00000    0   67 1113.00000    0.00000   100%     -    0s
H    0     0                     727.0000000    0.00000   100%     -    0s
H    0     0                     519.0000000    0.00000   100%     -    0s
     0     0    7.83333    0   62  519.00000    7.83333  98.5%     -    0s
     0     0   11.66667    0   62  519.00000   11.66667  97.8%     -    0s
     0     0   11.66667    0   62  519.00000   11.66667  97.8%     -    0s
     0     0   21.36957    0   76  519.00000   21.36957  95.9%     -    0s
H    0     0                     441.0000000   21.36957  95.2%     -    0s
     0     0   24.00000    0   61  441.00000   24.00000  94.6%     -    0s
     0     0   24.72466    0   85  441.00000   24.72466  94.4%     -    0s
     0     0   25.33333    0   64  441.00000   25.33333  94.3%     -    0s
     0     0   27.00000    0   64  441.00000   27.00000  93.9%     -    0s
     0     0   36.71704    0   94  441.00000   36.71704  91.7%     -    0s
     0     0   40.81648    0   93  441.00000   40.81648  90.7%     -    0s
     0     0   41.96775    0   98  441.00000   41.96775  90.5%     -    0s
     0     0   42.07248    0   99  441.00000   42.07248  90.5%     -    0s
     0     0   42.58609    0   98  441.00000   42.58609  90.3%     -    0s
     0     0   42.63274    0   99  441.00000   42.63274  90.3%     -    0s
     0     0   44.94384    0   91  441.00000   44.94384  89.8%     -    0s
     0     0   45.84601    0   92  441.00000   45.84601  89.6%     -    0s
     0     0   46.05783    0   91  441.00000   46.05783  89.6%     -    0s
     0     0   46.15103    0  101  441.00000   46.15103  89.5%     -    0s
     0     0   46.17668    0   92  441.00000   46.17668  89.5%     -    0s
     0     0   46.18263    0   93  441.00000   46.18263  89.5%     -    0s
     0     0   46.21902    0  100  441.00000   46.21902  89.5%     -    0s
     0     0   46.23397    0  101  441.00000   46.23397  89.5%     -    0s
     0     0   46.23418    0   99  441.00000   46.23418  89.5%     -    0s
     0     0   46.23418    0  102  441.00000   46.23418  89.5%     -    0s
     0     0   46.23418    0  102  441.00000   46.23418  89.5%     -    0s
     0     0   46.23418    0   98  441.00000   46.23418  89.5%     -    0s
     0     2   46.38000    0   98  441.00000   46.38000  89.5%     -    0s

Cutting planes:
  MIR: 4
  GUB cover: 2
  Zero half: 34
  RLT: 18
  BQP: 20

Explored 88 nodes (3651 simplex iterations) in 0.19 seconds (0.23 work units)
Thread count was 1 (of 12 available processors)

Solution count 9: 441 519 727 ... 2680

Optimal solution found (tolerance 1.00e-04)
Best objective 4.410000000000e+02, best bound 4.410000000000e+02, gap 0.0000%
441.0
