Set parameter Username
Academic license - for non-commercial use only - expires 2025-08-28
Set parameter Threads to value 1
Set parameter Method to value 4
Gurobi Optimizer version 11.0.0 build v11.0.0rc2 (mac64[arm] - Darwin 23.5.0 23F79)

CPU model: Apple M3 Pro
Thread count: 12 physical cores, 12 logical processors, using up to 1 threads

Optimize a model with 741 rows, 159 columns and 2202 nonzeros
Model fingerprint: 0x82e575d2
Variable types: 95 continuous, 64 integer (64 binary)
Coefficient statistics:
  Matrix range     [1e+00, 1e+00]
  Objective range  [1e+01, 2e+02]
  Bounds range     [1e+00, 1e+00]
  RHS range        [1e+00, 2e+00]
Found heuristic solution: objective 1072.0000000
Presolve removed 262 rows and 49 columns
Presolve time: 0.00s
Presolved: 479 rows, 110 columns, 1392 nonzeros
Variable types: 0 continuous, 110 integer (110 binary)

Root relaxation: objective 0.000000e+00, 62 iterations, 0.00 seconds (0.00 work units)

    Nodes    |    Current Node    |     Objective Bounds      |     Work
 Expl Unexpl |  Obj  Depth IntInf | Incumbent    BestBd   Gap | It/Node Time

     0     0    0.00000    0   30 1072.00000    0.00000   100%     -    0s
H    0     0                     174.0000000    0.00000   100%     -    0s
     0     0    0.00000    0   48  174.00000    0.00000   100%     -    0s
H    0     0                     159.0000000    0.00000   100%     -    0s
     0     0    0.00000    0   26  159.00000    0.00000   100%     -    0s
     0     0   22.00000    0   33  159.00000   22.00000  86.2%     -    0s
     0     0   30.00000    0   51  159.00000   30.00000  81.1%     -    0s
H    0     0                     157.0000000   30.00000  80.9%     -    0s
     0     0   30.00000    0   51  157.00000   30.00000  80.9%     -    0s
     0     0   44.00000    0   36  157.00000   44.00000  72.0%     -    0s
     0     0   44.00000    0   22  157.00000   44.00000  72.0%     -    0s
     0     0   58.50000    0   34  157.00000   58.50000  62.7%     -    0s
     0     0   75.00000    0   37  157.00000   75.00000  52.2%     -    0s
     0     0   82.85714    0   46  157.00000   82.85714  47.2%     -    0s
     0     0   83.66667    0   40  157.00000   83.66667  46.7%     -    0s
     0     0   89.83333    0   39  157.00000   89.83333  42.8%     -    0s
     0     0  100.00000    0   18  157.00000  100.00000  36.3%     -    0s
     0     0  103.59091    0   39  157.00000  103.59091  34.0%     -    0s
     0     0  103.90000    0   40  157.00000  103.90000  33.8%     -    0s
     0     0  106.33333    0   40  157.00000  106.33333  32.3%     -    0s
     0     2  113.22222    0   40  157.00000  113.22222  27.9%     -    0s

Cutting planes:
  Implied bound: 2
  Clique: 4
  MIR: 3
  Zero half: 14
  RLT: 7
  BQP: 1

Explored 10 nodes (690 simplex iterations) in 0.05 seconds (0.05 work units)
Thread count was 1 (of 12 available processors)

Solution count 4: 157 159 174 1072 

Optimal solution found (tolerance 1.00e-04)
Best objective 1.570000000000e+02, best bound 1.570000000000e+02, gap 0.0000%
157.0
