Set parameter Username
Academic license - for non-commercial use only - expires 2025-08-28
Set parameter Threads to value 1
Set parameter Method to value 4
Gurobi Optimizer version 11.0.0 build v11.0.0rc2 (mac64[arm] - Darwin 23.5.0 23F79)

CPU model: Apple M3 Pro
Thread count: 12 physical cores, 12 logical processors, using up to 1 threads

Optimize a model with 967 rows, 198 columns and 2869 nonzeros
Model fingerprint: 0x0b05be8a
Variable types: 122 continuous, 76 integer (76 binary)
Coefficient statistics:
  Matrix range     [1e+00, 1e+00]
  Objective range  [1e+01, 3e+02]
  Bounds range     [1e+00, 1e+00]
  RHS range        [1e+00, 2e+00]
Presolve removed 153 rows and 35 columns
Presolve time: 0.00s
Presolved: 814 rows, 163 columns, 2368 nonzeros
Variable types: 0 continuous, 163 integer (163 binary)
Found heuristic solution: objective 889.0000000

Root relaxation: objective 0.000000e+00, 85 iterations, 0.00 seconds (0.00 work units)

    Nodes    |    Current Node    |     Objective Bounds      |     Work
 Expl Unexpl |  Obj  Depth IntInf | Incumbent    BestBd   Gap | It/Node Time

     0     0    0.00000    0   50  889.00000    0.00000   100%     -    0s
H    0     0                     548.0000000    0.00000   100%     -    0s
     0     0    0.00000    0   63  548.00000    0.00000   100%     -    0s
     0     0    0.00000    0   50  548.00000    0.00000   100%     -    0s
H    0     0                     475.0000000    0.00000   100%     -    0s
H    0     0                     459.0000000    0.00000   100%     -    0s
     0     0    0.00000    0   51  459.00000    0.00000   100%     -    0s
     0     0    7.00000    0   60  459.00000    7.00000  98.5%     -    0s
H    0     0                     420.0000000    7.00000  98.3%     -    0s
     0     0   11.12302    0   79  420.00000   11.12302  97.4%     -    0s
     0     0   11.55339    0   79  420.00000   11.55339  97.2%     -    0s
     0     0   11.66667    0   68  420.00000   11.66667  97.2%     -    0s
     0     0   26.26037    0   75  420.00000   26.26037  93.7%     -    0s
H    0     0                     390.0000000   26.26037  93.3%     -    0s
     0     0   29.11111    0   75  390.00000   29.11111  92.5%     -    0s
     0     0   29.16981    0   73  390.00000   29.16981  92.5%     -    0s
     0     0   29.25546    0   75  390.00000   29.25546  92.5%     -    0s
     0     0   29.28037    0   75  390.00000   29.28037  92.5%     -    0s
     0     0   31.57590    0   78  390.00000   31.57590  91.9%     -    0s
     0     0   33.80967    0   81  390.00000   33.80967  91.3%     -    0s
     0     0   33.95369    0   85  390.00000   33.95369  91.3%     -    0s
     0     0   33.97896    0   78  390.00000   33.97896  91.3%     -    0s
     0     0   33.98276    0   78  390.00000   33.98276  91.3%     -    0s
     0     0   34.85494    0   77  390.00000   34.85494  91.1%     -    0s
     0     0   34.90714    0   81  390.00000   34.90714  91.0%     -    0s
     0     0   34.93056    0   78  390.00000   34.93056  91.0%     -    0s
     0     0   34.96875    0   78  390.00000   34.96875  91.0%     -    0s
     0     0   35.01961    0   79  390.00000   35.01961  91.0%     -    0s
     0     0   35.05495    0   82  390.00000   35.05495  91.0%     -    0s
     0     0   35.05508    0   85  390.00000   35.05508  91.0%     -    0s
     0     0   35.05660    0   81  390.00000   35.05660  91.0%     -    0s
     0     0   35.05660    0   83  390.00000   35.05660  91.0%     -    0s
     0     0   35.05660    0   86  390.00000   35.05660  91.0%     -    0s
     0     0   35.05660    0   84  390.00000   35.05660  91.0%     -    0s
     0     0   35.05660    0   34  390.00000   35.05660  91.0%     -    0s
     0     0   35.05660    0   57  390.00000   35.05660  91.0%     -    0s
H    0     0                     377.0000000   35.05660  90.7%     -    0s
     0     0   53.25000    0   52  377.00000   53.25000  85.9%     -    0s
     0     0   54.89671    0   64  377.00000   54.89671  85.4%     -    0s
     0     0   66.34711    0   68  377.00000   66.34711  82.4%     -    0s
     0     0   69.57143    0   71  377.00000   69.57143  81.5%     -    0s
     0     0   71.52000    0   67  377.00000   71.52000  81.0%     -    0s
     0     0   72.00000    0   64  377.00000   72.00000  80.9%     -    0s
     0     0   86.12834    0   72  377.00000   86.12834  77.2%     -    0s
     0     0   87.79762    0   76  377.00000   87.79762  76.7%     -    0s
     0     0   87.80429    0   75  377.00000   87.80429  76.7%     -    0s
     0     0   91.51316    0   76  377.00000   91.51316  75.7%     -    0s
     0     0   92.40609    0   75  377.00000   92.40609  75.5%     -    0s
     0     0   92.66383    0   75  377.00000   92.66383  75.4%     -    0s
     0     0   95.34717    0   75  377.00000   95.34717  74.7%     -    0s
     0     0   95.58958    0   74  377.00000   95.58958  74.6%     -    0s
     0     0   95.71677    0   75  377.00000   95.71677  74.6%     -    0s
     0     0   95.97826    0   77  377.00000   95.97826  74.5%     -    0s
     0     0   96.00000    0   69  377.00000   96.00000  74.5%     -    0s
     0     0   96.06667    0   76  377.00000   96.06667  74.5%     -    0s
     0     0   96.06667    0   76  377.00000   96.06667  74.5%     -    0s
     0     0   96.57679    0   77  377.00000   96.57679  74.4%     -    0s
     0     0   96.72565    0   77  377.00000   96.72565  74.3%     -    0s
     0     0   96.72749    0   78  377.00000   96.72749  74.3%     -    0s
     0     0   96.76357    0   77  377.00000   96.76357  74.3%     -    0s
     0     0  108.10000    0   75  377.00000  108.10000  71.3%     -    0s
     0     0  117.93278    0   32  377.00000  117.93278  68.7%     -    0s
     0     0  117.93278    0   66  377.00000  117.93278  68.7%     -    0s
     0     0  117.93278    0   61  377.00000  117.93278  68.7%     -    0s
     0     0  117.93278    0   68  377.00000  117.93278  68.7%     -    0s
     0     0  117.93278    0   52  377.00000  117.93278  68.7%     -    0s
     0     0  117.93278    0   53  377.00000  117.93278  68.7%     -    0s
     0     0  117.93278    0   58  377.00000  117.93278  68.7%     -    0s
     0     0  117.93278    0   58  377.00000  117.93278  68.7%     -    0s
     0     0  117.93278    0   58  377.00000  117.93278  68.7%     -    0s
     0     0  117.93278    0   68  377.00000  117.93278  68.7%     -    0s
     0     0  117.93278    0   69  377.00000  117.93278  68.7%     -    0s
     0     0  117.93278    0   69  377.00000  117.93278  68.7%     -    0s
     0     0  117.93278    0   69  377.00000  117.93278  68.7%     -    0s
     0     0  117.93278    0   69  377.00000  117.93278  68.7%     -    0s
     0     2  125.87432    0   66  377.00000  125.87432  66.6%     -    0s

Cutting planes:
  Implied bound: 2
  Clique: 2
  MIR: 3
  Inf proof: 1
  Zero half: 23
  Mod-K: 1
  RLT: 7
  BQP: 9

Explored 135 nodes (4326 simplex iterations) in 0.26 seconds (0.34 work units)
Thread count was 1 (of 12 available processors)

Solution count 7: 377 390 420 ... 889

Optimal solution found (tolerance 1.00e-04)
Best objective 3.770000000000e+02, best bound 3.770000000000e+02, gap 0.0000%
377.0
