Set parameter Username
Academic license - for non-commercial use only - expires 2025-08-28
Set parameter Threads to value 1
Set parameter Method to value 4
Gurobi Optimizer version 11.0.0 build v11.0.0rc2 (mac64[arm] - Darwin 23.5.0 23F79)

CPU model: Apple M3 Pro
Thread count: 12 physical cores, 12 logical processors, using up to 1 threads

Optimize a model with 918 rows, 179 columns and 2742 nonzeros
Model fingerprint: 0x0b974dcb
Variable types: 104 continuous, 75 integer (75 binary)
Coefficient statistics:
  Matrix range     [1e+00, 1e+00]
  Objective range  [1e+01, 2e+02]
  Bounds range     [1e+00, 1e+00]
  RHS range        [1e+00, 2e+00]
Presolve removed 417 rows and 64 columns
Presolve time: 0.00s
Presolved: 501 rows, 115 columns, 1460 nonzeros
Variable types: 0 continuous, 115 integer (115 binary)
Found heuristic solution: objective 892.0000000
Found heuristic solution: objective 448.0000000
Found heuristic solution: objective 435.0000000
Found heuristic solution: objective 308.0000000

Root relaxation: objective 0.000000e+00, 68 iterations, 0.00 seconds (0.00 work units)

    Nodes    |    Current Node    |     Objective Bounds      |     Work
 Expl Unexpl |  Obj  Depth IntInf | Incumbent    BestBd   Gap | It/Node Time

     0     0    0.00000    0   29  308.00000    0.00000   100%     -    0s
H    0     0                     188.0000000    0.00000   100%     -    0s
H    0     0                     159.0000000    0.00000   100%     -    0s
H    0     0                      89.0000000    0.00000   100%     -    0s
     0     0    0.00000    0   36   89.00000    0.00000   100%     -    0s
H    0     0                      58.0000000    0.00000   100%     -    0s
     0     0    0.00000    0   20   58.00000    0.00000   100%     -    0s
     0     0    0.00000    0   16   58.00000    0.00000   100%     -    0s
     0     0    0.00000    0   24   58.00000    0.00000   100%     -    0s
     0     0    0.00000    0   19   58.00000    0.00000   100%     -    0s
     0     0    0.00000    0   21   58.00000    0.00000   100%     -    0s
     0     0   17.66667    0   37   58.00000   17.66667  69.5%     -    0s
     0     0   37.00000    0   39   58.00000   37.00000  36.2%     -    0s
     0     0   37.00000    0   39   58.00000   37.00000  36.2%     -    0s
     0     0   37.00000    0   38   58.00000   37.00000  36.2%     -    0s
     0     0   37.00000    0   18   58.00000   37.00000  36.2%     -    0s
     0     0   37.00000    0   30   58.00000   37.00000  36.2%     -    0s
     0     0   53.00000    0   25   58.00000   53.00000  8.62%     -    0s
     0     0   53.00000    0   25   58.00000   53.00000  8.62%     -    0s

Cutting planes:
  Clique: 1
  Zero half: 2
  RLT: 2

Explored 1 nodes (682 simplex iterations) in 0.04 seconds (0.04 work units)
Thread count was 1 (of 12 available processors)

Solution count 8: 58 89 159 ... 892

Optimal solution found (tolerance 1.00e-04)
Best objective 5.800000000000e+01, best bound 5.800000000000e+01, gap 0.0000%
58.0
