Set parameter Username
Academic license - for non-commercial use only - expires 2025-08-28
Set parameter Threads to value 1
Set parameter Method to value 4
Gurobi Optimizer version 11.0.0 build v11.0.0rc2 (mac64[arm] - Darwin 23.5.0 23F79)

CPU model: Apple M3 Pro
Thread count: 12 physical cores, 12 logical processors, using up to 1 threads

Optimize a model with 1291 rows, 235 columns and 3851 nonzeros
Model fingerprint: 0xcda39f7d
Variable types: 140 continuous, 95 integer (95 binary)
Coefficient statistics:
  Matrix range     [1e+00, 1e+00]
  Objective range  [1e+01, 3e+02]
  Bounds range     [1e+00, 1e+00]
  RHS range        [1e+00, 2e+00]
Presolve removed 331 rows and 55 columns
Presolve time: 0.00s
Presolved: 960 rows, 180 columns, 2800 nonzeros
Variable types: 0 continuous, 180 integer (180 binary)
Found heuristic solution: objective 2130.0000000
Found heuristic solution: objective 1092.0000000

Root relaxation: objective 0.000000e+00, 88 iterations, 0.00 seconds (0.00 work units)

    Nodes    |    Current Node    |     Objective Bounds      |     Work
 Expl Unexpl |  Obj  Depth IntInf | Incumbent    BestBd   Gap | It/Node Time

     0     0    0.00000    0   42 1092.00000    0.00000   100%     -    0s
H    0     0                    1023.0000000    0.00000   100%     -    0s
H    0     0                     987.0000000    0.00000   100%     -    0s
H    0     0                     840.0000000    0.00000   100%     -    0s
H    0     0                     800.0000000    0.00000   100%     -    0s
     0     0    0.00000    0   71  800.00000    0.00000   100%     -    0s
     0     0    0.00000    0   49  800.00000    0.00000   100%     -    0s
H    0     0                     690.0000000    0.00000   100%     -    0s
H    0     0                     676.0000000    0.00000   100%     -    0s
     0     0    0.00000    0   50  676.00000    0.00000   100%     -    0s
     0     0    0.00000    0   81  676.00000    0.00000   100%     -    0s
H    0     0                     389.0000000    0.00000   100%     -    0s
     0     0    0.00000    0   80  389.00000    0.00000   100%     -    0s
     0     0    0.00000    0   82  389.00000    0.00000   100%     -    0s
     0     0    0.00000    0   63  389.00000    0.00000   100%     -    0s
H    0     0                     360.0000000    0.00000   100%     -    0s
     0     2    0.00000    0   55  360.00000    0.00000   100%     -    0s
*   51    32              17     357.0000000   29.00000  91.9%  36.7    0s
H   52    30                     347.0000000   29.00000  91.6%  36.0    0s
*  188    70              12     339.0000000   93.90000  72.3%  37.6    0s
*  277    83              14     333.0000000  106.14286  68.1%  34.7    0s
*  298    81              11     321.0000000  111.00000  65.4%  34.2    0s

Cutting planes:
  Gomory: 1
  MIR: 10
  Inf proof: 5
  Zero half: 48
  RLT: 25
  BQP: 29

Explored 897 nodes (26567 simplex iterations) in 0.89 seconds (0.97 work units)
Thread count was 1 (of 12 available processors)

Solution count 10: 321 333 339 ... 800

Optimal solution found (tolerance 1.00e-04)
Best objective 3.210000000000e+02, best bound 3.210000000000e+02, gap 0.0000%
321.0
