Set parameter Username
Academic license - for non-commercial use only - expires 2025-08-28
Set parameter Threads to value 1
Set parameter Method to value 4
Gurobi Optimizer version 11.0.0 build v11.0.0rc2 (mac64[arm] - Darwin 23.5.0 23F79)

CPU model: Apple M3 Pro
Thread count: 12 physical cores, 12 logical processors, using up to 1 threads

Optimize a model with 1198 rows, 221 columns and 3574 nonzeros
Model fingerprint: 0x759c0354
Variable types: 131 continuous, 90 integer (90 binary)
Coefficient statistics:
  Matrix range     [1e+00, 1e+00]
  Objective range  [1e+01, 2e+02]
  Bounds range     [1e+00, 1e+00]
  RHS range        [1e+00, 2e+00]
Presolve removed 309 rows and 52 columns
Presolve time: 0.01s
Presolved: 889 rows, 169 columns, 2595 nonzeros
Variable types: 0 continuous, 169 integer (169 binary)
Found heuristic solution: objective 1540.0000000
Found heuristic solution: objective 1050.0000000

Root relaxation: objective 0.000000e+00, 89 iterations, 0.00 seconds (0.00 work units)

    Nodes    |    Current Node    |     Objective Bounds      |     Work
 Expl Unexpl |  Obj  Depth IntInf | Incumbent    BestBd   Gap | It/Node Time

     0     0    0.00000    0   40 1050.00000    0.00000   100%     -    0s
H    0     0                     890.0000000    0.00000   100%     -    0s
H    0     0                     698.0000000    0.00000   100%     -    0s
H    0     0                     590.0000000    0.00000   100%     -    0s
     0     0    0.00000    0   69  590.00000    0.00000   100%     -    0s
H    0     0                     404.0000000    0.00000   100%     -    0s
H    0     0                     367.0000000    0.00000   100%     -    0s
     0     0    0.00000    0   48  367.00000    0.00000   100%     -    0s
H    0     0                     281.0000000    0.00000   100%     -    0s
H    0     0                     238.0000000    0.00000   100%     -    0s
     0     0    0.00000    0   50  238.00000    0.00000   100%     -    0s
     0     0    0.00000    0   61  238.00000    0.00000   100%     -    0s
H    0     0                     234.0000000    0.00000   100%     -    0s
H    0     0                     224.0000000    0.00000   100%     -    0s
     0     0    0.00000    0   57  224.00000    0.00000   100%     -    0s
     0     0    0.00000    0   63  224.00000    0.00000   100%     -    0s
     0     0    0.00000    0   57  224.00000    0.00000   100%     -    0s
     0     2    0.00000    0   57  224.00000    0.00000   100%     -    0s
*   78    28               9     216.0000000   54.75000  74.7%  27.1    0s

Cutting planes:
  Gomory: 1
  Cover: 1
  Inf proof: 1
  Zero half: 12
  RLT: 16
  BQP: 22

Explored 283 nodes (6817 simplex iterations) in 0.27 seconds (0.31 work units)
Thread count was 1 (of 12 available processors)

Solution count 10: 216 224 234 ... 890

Optimal solution found (tolerance 1.00e-04)
Best objective 2.160000000000e+02, best bound 2.160000000000e+02, gap 0.0000%
216.0
