Set parameter Username
Academic license - for non-commercial use only - expires 2025-08-28
Set parameter Threads to value 1
Set parameter Method to value 4
Gurobi Optimizer version 11.0.0 build v11.0.0rc2 (mac64[arm] - Darwin 23.5.0 23F79)

CPU model: Apple M3 Pro
Thread count: 12 physical cores, 12 logical processors, using up to 1 threads

Optimize a model with 1477 rows, 263 columns and 4405 nonzeros
Model fingerprint: 0xba610a29
Variable types: 158 continuous, 105 integer (105 binary)
Coefficient statistics:
  Matrix range     [1e+00, 1e+00]
  Objective range  [1e+01, 3e+02]
  Bounds range     [1e+00, 1e+00]
  RHS range        [1e+00, 2e+00]
Presolve removed 230 rows and 45 columns
Presolve time: 0.01s
Presolved: 1247 rows, 218 columns, 3640 nonzeros
Variable types: 0 continuous, 218 integer (218 binary)
Found heuristic solution: objective 3229.0000000
Found heuristic solution: objective 1322.0000000

Root relaxation: objective 0.000000e+00, 115 iterations, 0.00 seconds (0.00 work units)

    Nodes    |    Current Node    |     Objective Bounds      |     Work
 Expl Unexpl |  Obj  Depth IntInf | Incumbent    BestBd   Gap | It/Node Time

     0     0    0.00000    0   42 1322.00000    0.00000   100%     -    0s
     0     0    0.00000    0   82 1322.00000    0.00000   100%     -    0s
H    0     0                    1068.0000000    0.00000   100%     -    0s
H    0     0                     920.0000000    0.00000   100%     -    0s
     0     0    0.00000    0   68  920.00000    0.00000   100%     -    0s
     0     0    0.00000    0   69  920.00000    0.00000   100%     -    0s
     0     0    0.00000    0   70  920.00000    0.00000   100%     -    0s
     0     0    0.00000    0   70  920.00000    0.00000   100%     -    0s
H    0     0                     772.0000000    0.00000   100%     -    0s
     0     2    0.00000    0   70  772.00000    0.00000   100%     -    0s
H   26    24                     746.0000000   10.22727  98.6%  68.7    0s
*  192   115              18     745.0000000   83.00000  88.9%  44.8    0s
*  285   131              16     628.0000000  154.00000  75.5%  40.1    0s
*  405   168              15     569.0000000  199.42857  65.0%  40.8    0s
H  447   154                     543.0000000  225.50000  58.5%  39.1    0s
H  614   156                     523.0000000  264.00000  49.5%  36.6    0s

Cutting planes:
  Gomory: 1
  Inf proof: 7
  Zero half: 32
  RLT: 40
  BQP: 56

Explored 1891 nodes (52436 simplex iterations) in 1.79 seconds (2.36 work units)
Thread count was 1 (of 12 available processors)

Solution count 10: 523 543 569 ... 1322

Optimal solution found (tolerance 1.00e-04)
Best objective 5.230000000000e+02, best bound 5.230000000000e+02, gap 0.0000%
523.0
