Set parameter Username
Academic license - for non-commercial use only - expires 2025-08-28
Set parameter Threads to value 1
Set parameter Method to value 4
Gurobi Optimizer version 11.0.0 build v11.0.0rc2 (mac64[arm] - Darwin 23.5.0 23F79)

CPU model: Apple M3 Pro
Thread count: 12 physical cores, 12 logical processors, using up to 1 threads

Optimize a model with 1105 rows, 207 columns and 3297 nonzeros
Model fingerprint: 0x0e688d1e
Variable types: 122 continuous, 85 integer (85 binary)
Coefficient statistics:
  Matrix range     [1e+00, 1e+00]
  Objective range  [1e+01, 2e+02]
  Bounds range     [1e+00, 1e+00]
  RHS range        [1e+00, 2e+00]
Presolve removed 397 rows and 62 columns
Presolve time: 0.01s
Presolved: 708 rows, 145 columns, 2060 nonzeros
Variable types: 0 continuous, 145 integer (145 binary)
Found heuristic solution: objective 1120.0000000

Root relaxation: objective 0.000000e+00, 79 iterations, 0.00 seconds (0.00 work units)

    Nodes    |    Current Node    |     Objective Bounds      |     Work
 Expl Unexpl |  Obj  Depth IntInf | Incumbent    BestBd   Gap | It/Node Time

     0     0    0.00000    0   44 1120.00000    0.00000   100%     -    0s
H    0     0                    1081.0000000    0.00000   100%     -    0s
H    0     0                     778.0000000    0.00000   100%     -    0s
H    0     0                     767.0000000    0.00000   100%     -    0s
H    0     0                     723.0000000    0.00000   100%     -    0s
     0     0    0.00000    0   60  723.00000    0.00000   100%     -    0s
H    0     0                     679.0000000    0.00000   100%     -    0s
H    0     0                     645.0000000    0.00000   100%     -    0s
     0     0    0.00000    0   39  645.00000    0.00000   100%     -    0s
H    0     0                     193.0000000    0.00000   100%     -    0s
H    0     0                     149.0000000    0.00000   100%     -    0s
H    0     0                     138.0000000    0.00000   100%     -    0s
     0     0    0.00000    0   52  138.00000    0.00000   100%     -    0s
     0     0    0.00000    0   57  138.00000    0.00000   100%     -    0s
     0     0    0.00000    0   49  138.00000    0.00000   100%     -    0s
     0     0    0.00000    0   41  138.00000    0.00000   100%     -    0s
     0     0    0.00000    0   41  138.00000    0.00000   100%     -    0s
     0     0    0.00000    0   45  138.00000    0.00000   100%     -    0s
     0     0    0.00000    0   45  138.00000    0.00000   100%     -    0s
     0     2    0.00000    0   45  138.00000    0.00000   100%     -    0s

Cutting planes:
  Zero half: 14
  RLT: 14
  BQP: 9

Explored 98 nodes (2981 simplex iterations) in 0.13 seconds (0.14 work units)
Thread count was 1 (of 12 available processors)

Solution count 10: 138 149 193 ... 1120

Optimal solution found (tolerance 1.00e-04)
Best objective 1.380000000000e+02, best bound 1.380000000000e+02, gap 0.0000%
138.0
