Set parameter Username
Academic license - for non-commercial use only - expires 2025-08-28
Set parameter Threads to value 1
Set parameter Method to value 4
Gurobi Optimizer version 11.0.0 build v11.0.0rc2 (mac64[arm] - Darwin 23.5.0 23F79)

CPU model: Apple M3 Pro
Thread count: 12 physical cores, 12 logical processors, using up to 1 threads

Optimize a model with 1384 rows, 249 columns and 4128 nonzeros
Model fingerprint: 0x0558fac1
Variable types: 149 continuous, 100 integer (100 binary)
Coefficient statistics:
  Matrix range     [1e+00, 1e+00]
  Objective range  [1e+01, 3e+02]
  Bounds range     [1e+00, 1e+00]
  RHS range        [1e+00, 2e+00]
Presolve removed 218 rows and 43 columns
Presolve time: 0.01s
Presolved: 1166 rows, 206 columns, 3405 nonzeros
Variable types: 0 continuous, 206 integer (206 binary)
Found heuristic solution: objective 2809.0000000
Found heuristic solution: objective 2659.0000000

Root relaxation: objective 0.000000e+00, 102 iterations, 0.00 seconds (0.00 work units)

    Nodes    |    Current Node    |     Objective Bounds      |     Work
 Expl Unexpl |  Obj  Depth IntInf | Incumbent    BestBd   Gap | It/Node Time

     0     0    0.00000    0   38 2659.00000    0.00000   100%     -    0s
H    0     0                    2504.0000000    0.00000   100%     -    0s
H    0     0                    1189.0000000    0.00000   100%     -    0s
H    0     0                    1134.0000000    0.00000   100%     -    0s
H    0     0                    1094.0000000    0.00000   100%     -    0s
     0     0    0.00000    0   64 1094.00000    0.00000   100%     -    0s
H    0     0                     999.0000000    0.00000   100%     -    0s
H    0     0                     948.0000000    0.00000   100%     -    0s
H    0     0                     910.0000000    0.00000   100%     -    0s
     0     0    0.00000    0   53  910.00000    0.00000   100%     -    0s
H    0     0                     699.0000000    0.00000   100%     -    0s
H    0     0                     537.0000000    0.00000   100%     -    0s
     0     0    0.00000    0   42  537.00000    0.00000   100%     -    0s
     0     0    0.00000    0   68  537.00000    0.00000   100%     -    0s
H    0     0                     419.0000000    0.00000   100%     -    0s
     0     0    0.00000    0   75  419.00000    0.00000   100%     -    0s
     0     0    0.00000    0   65  419.00000    0.00000   100%     -    0s
     0     0    0.00000    0   65  419.00000    0.00000   100%     -    0s
     0     2    0.00000    0   65  419.00000    0.00000   100%     -    0s
H   82    44                     386.0000000   80.00000  79.3%  55.2    0s
H  190    60                     380.0000000  105.00000  72.4%  39.8    0s
H  295    56                     347.0000000  158.25000  54.4%  38.5    0s

Cutting planes:
  Gomory: 1
  MIR: 2
  Zero half: 30
  RLT: 28
  BQP: 32

Explored 606 nodes (21280 simplex iterations) in 0.82 seconds (0.90 work units)
Thread count was 1 (of 12 available processors)

Solution count 10: 347 380 386 ... 1094

Optimal solution found (tolerance 1.00e-04)
Best objective 3.470000000000e+02, best bound 3.470000000000e+02, gap 0.0000%
347.0
