Set parameter Username
Academic license - for non-commercial use only - expires 2025-08-28
Set parameter Threads to value 1
Set parameter Method to value 4
Gurobi Optimizer version 11.0.0 build v11.0.0rc2 (mac64[arm] - Darwin 23.5.0 23F79)

CPU model: Apple M3 Pro
Thread count: 12 physical cores, 12 logical processors, using up to 1 threads

Optimize a model with 918 rows, 179 columns and 2742 nonzeros
Model fingerprint: 0x522c345f
Variable types: 104 continuous, 75 integer (75 binary)
Coefficient statistics:
  Matrix range     [1e+00, 1e+00]
  Objective range  [1e+01, 1e+02]
  Bounds range     [1e+00, 1e+00]
  RHS range        [1e+00, 2e+00]
Found heuristic solution: objective 555.0000000
Presolve removed 422 rows and 65 columns
Presolve time: 0.00s
Presolved: 496 rows, 114 columns, 1440 nonzeros
Variable types: 0 continuous, 114 integer (114 binary)

Root relaxation: objective 0.000000e+00, 68 iterations, 0.00 seconds (0.00 work units)

    Nodes    |    Current Node    |     Objective Bounds      |     Work
 Expl Unexpl |  Obj  Depth IntInf | Incumbent    BestBd   Gap | It/Node Time

     0     0    0.00000    0   25  555.00000    0.00000   100%     -    0s
H    0     0                     106.0000000    0.00000   100%     -    0s
H    0     0                      96.0000000    0.00000   100%     -    0s
     0     0    0.00000    0   48   96.00000    0.00000   100%     -    0s
H    0     0                      76.0000000    0.00000   100%     -    0s
     0     0    0.00000    0   31   76.00000    0.00000   100%     -    0s
     0     0    0.00000    0   30   76.00000    0.00000   100%     -    0s
     0     0    0.00000    0   30   76.00000    0.00000   100%     -    0s
     0     0    0.00000    0   33   76.00000    0.00000   100%     -    0s
     0     0    0.00000    0   40   76.00000    0.00000   100%     -    0s
     0     0    0.00000    0   33   76.00000    0.00000   100%     -    0s
     0     0    0.00000    0   18   76.00000    0.00000   100%     -    0s
     0     0    0.00000    0   24   76.00000    0.00000   100%     -    0s
     0     0    0.00000    0   26   76.00000    0.00000   100%     -    0s
     0     0   23.00000    0   27   76.00000   23.00000  69.7%     -    0s
     0     0   23.00000    0   39   76.00000   23.00000  69.7%     -    0s
     0     0   23.00000    0   36   76.00000   23.00000  69.7%     -    0s
     0     0   23.00000    0   27   76.00000   23.00000  69.7%     -    0s
     0     0   23.00000    0   41   76.00000   23.00000  69.7%     -    0s
     0     0   24.00000    0   42   76.00000   24.00000  68.4%     -    0s
     0     0   24.00000    0   44   76.00000   24.00000  68.4%     -    0s
     0     0   24.33333    0   49   76.00000   24.33333  68.0%     -    0s
     0     0   24.42857    0   49   76.00000   24.42857  67.9%     -    0s
     0     0   25.85714    0   46   76.00000   25.85714  66.0%     -    0s
     0     0   25.85714    0   43   76.00000   25.85714  66.0%     -    0s
     0     0   29.66667    0   47   76.00000   29.66667  61.0%     -    0s
     0     0   33.00000    0   40   76.00000   33.00000  56.6%     -    0s
     0     2   38.00000    0   38   76.00000   38.00000  50.0%     -    0s

Cutting planes:
  Gomory: 1
  Clique: 2
  MIR: 3
  Zero half: 10
  RLT: 2
  BQP: 3

Explored 9 nodes (1270 simplex iterations) in 0.07 seconds (0.08 work units)
Thread count was 1 (of 12 available processors)

Solution count 5: 76 96 106 ... 555

Optimal solution found (tolerance 1.00e-04)
Best objective 7.600000000000e+01, best bound 7.600000000000e+01, gap 0.0000%
76.0
