Set parameter Username
Academic license - for non-commercial use only - expires 2025-08-28
Set parameter Threads to value 1
Set parameter Method to value 4
Gurobi Optimizer version 11.0.0 build v11.0.0rc2 (mac64[arm] - Darwin 23.5.0 23F79)

CPU model: Apple M3 Pro
Thread count: 12 physical cores, 12 logical processors, using up to 1 threads

Optimize a model with 1197 rows, 221 columns and 3573 nonzeros
Model fingerprint: 0x7bb9021f
Variable types: 131 continuous, 90 integer (90 binary)
Coefficient statistics:
  Matrix range     [1e+00, 1e+00]
  Objective range  [1e+01, 2e+02]
  Bounds range     [1e+00, 1e+00]
  RHS range        [1e+00, 2e+00]
Presolve removed 188 rows and 38 columns
Presolve time: 0.00s
Presolved: 1009 rows, 183 columns, 2955 nonzeros
Variable types: 0 continuous, 183 integer (183 binary)
Found heuristic solution: objective 833.0000000

Root relaxation: objective 0.000000e+00, 96 iterations, 0.00 seconds (0.00 work units)

    Nodes    |    Current Node    |     Objective Bounds      |     Work
 Expl Unexpl |  Obj  Depth IntInf | Incumbent    BestBd   Gap | It/Node Time

     0     0    0.00000    0   51  833.00000    0.00000   100%     -    0s
H    0     0                     626.0000000    0.00000   100%     -    0s
H    0     0                     598.0000000    0.00000   100%     -    0s
     0     0    0.00000    0   70  598.00000    0.00000   100%     -    0s
H    0     0                     488.0000000    0.00000   100%     -    0s
H    0     0                     427.0000000    0.00000   100%     -    0s
     0     0    0.00000    0   52  427.00000    0.00000   100%     -    0s
H    0     0                     401.0000000    0.00000   100%     -    0s
     0     0    0.00000    0   55  401.00000    0.00000   100%     -    0s
     0     0    0.00000    0   69  401.00000    0.00000   100%     -    0s
     0     0    0.00000    0   63  401.00000    0.00000   100%     -    0s
     0     0    0.00000    0   65  401.00000    0.00000   100%     -    0s
     0     0    0.00000    0   65  401.00000    0.00000   100%     -    0s
H    0     0                     362.0000000    0.00000   100%     -    0s
     0     2    0.00000    0   56  362.00000    0.00000   100%     -    0s
*   25    17               9     350.0000000   11.88889  96.6%  50.6    0s
*   44    22               9     342.0000000  133.50000  61.0%  41.5    0s
H  140    23                     332.0000000  235.25000  29.1%  29.6    0s

Cutting planes:
  Gomory: 1
  MIR: 2
  Zero half: 20
  RLT: 20
  BQP: 21

Explored 182 nodes (5925 simplex iterations) in 0.24 seconds (0.28 work units)
Thread count was 1 (of 12 available processors)

Solution count 10: 332 342 350 ... 833

Optimal solution found (tolerance 1.00e-04)
Best objective 3.320000000000e+02, best bound 3.320000000000e+02, gap 0.0000%
332.0
