Set parameter Username
Academic license - for non-commercial use only - expires 2025-08-28
Set parameter Threads to value 1
Set parameter Method to value 4
Gurobi Optimizer version 11.0.0 build v11.0.0rc2 (mac64[arm] - Darwin 23.5.0 23F79)

CPU model: Apple M3 Pro
Thread count: 12 physical cores, 12 logical processors, using up to 1 threads

Optimize a model with 918 rows, 179 columns and 2742 nonzeros
Model fingerprint: 0x8c51364a
Variable types: 104 continuous, 75 integer (75 binary)
Coefficient statistics:
  Matrix range     [1e+00, 1e+00]
  Objective range  [1e+01, 2e+02]
  Bounds range     [1e+00, 1e+00]
  RHS range        [1e+00, 2e+00]
Found heuristic solution: objective 660.0000000
Presolve removed 327 rows and 53 columns
Presolve time: 0.00s
Presolved: 591 rows, 126 columns, 1730 nonzeros
Variable types: 0 continuous, 126 integer (126 binary)

Root relaxation: objective 0.000000e+00, 68 iterations, 0.00 seconds (0.00 work units)

    Nodes    |    Current Node    |     Objective Bounds      |     Work
 Expl Unexpl |  Obj  Depth IntInf | Incumbent    BestBd   Gap | It/Node Time

     0     0    0.00000    0   28  660.00000    0.00000   100%     -    0s
H    0     0                     644.0000000    0.00000   100%     -    0s
H    0     0                     272.0000000    0.00000   100%     -    0s
H    0     0                     120.0000000    0.00000   100%     -    0s
     0     0    0.00000    0   27  120.00000    0.00000   100%     -    0s
     0     0    0.00000    0   30  120.00000    0.00000   100%     -    0s
     0     0    0.00000    0   26  120.00000    0.00000   100%     -    0s
H    0     0                     114.0000000    0.00000   100%     -    0s
     0     0    0.00000    0   24  114.00000    0.00000   100%     -    0s
     0     0    0.00000    0   22  114.00000    0.00000   100%     -    0s
     0     0    0.00000    0   19  114.00000    0.00000   100%     -    0s
H    0     0                     104.0000000    0.00000   100%     -    0s
     0     0    0.00000    0   35  104.00000    0.00000   100%     -    0s
     0     0    4.53333    0   54  104.00000    4.53333  95.6%     -    0s
     0     0    4.53333    0   54  104.00000    4.53333  95.6%     -    0s
     0     0    7.55556    0   56  104.00000    7.55556  92.7%     -    0s
     0     0    7.55556    0   55  104.00000    7.55556  92.7%     -    0s
     0     0    7.55556    0   55  104.00000    7.55556  92.7%     -    0s
     0     0    7.55556    0   51  104.00000    7.55556  92.7%     -    0s
     0     0    7.55556    0   57  104.00000    7.55556  92.7%     -    0s
     0     0   10.75000    0   53  104.00000   10.75000  89.7%     -    0s
     0     0   10.75000    0   53  104.00000   10.75000  89.7%     -    0s
     0     0   11.50000    0   55  104.00000   11.50000  88.9%     -    0s
     0     0   11.50000    0   59  104.00000   11.50000  88.9%     -    0s
     0     0   11.50000    0   62  104.00000   11.50000  88.9%     -    0s
     0     0   11.50000    0   50  104.00000   11.50000  88.9%     -    0s
     0     0   11.50000    0   50  104.00000   11.50000  88.9%     -    0s
     0     0   34.00000    0   31  104.00000   34.00000  67.3%     -    0s
     0     0   34.00000    0   59  104.00000   34.00000  67.3%     -    0s
     0     0   34.00000    0   32  104.00000   34.00000  67.3%     -    0s
     0     0   34.00000    0   44  104.00000   34.00000  67.3%     -    0s
     0     0   34.00000    0   40  104.00000   34.00000  67.3%     -    0s
     0     0   34.00000    0   40  104.00000   34.00000  67.3%     -    0s
     0     0   34.00000    0   38  104.00000   34.00000  67.3%     -    0s
     0     0   34.00000    0   28  104.00000   34.00000  67.3%     -    0s
     0     0   34.00000    0   36  104.00000   34.00000  67.3%     -    0s
     0     0   34.00000    0   35  104.00000   34.00000  67.3%     -    0s
     0     0   34.00000    0   39  104.00000   34.00000  67.3%     -    0s
     0     0   34.00000    0   35  104.00000   34.00000  67.3%     -    0s
     0     0   34.00000    0   31  104.00000   34.00000  67.3%     -    0s
     0     0   34.00000    0   40  104.00000   34.00000  67.3%     -    0s
     0     0   34.00000    0   31  104.00000   34.00000  67.3%     -    0s
     0     0   34.00000    0   31  104.00000   34.00000  67.3%     -    0s
     0     2   34.00000    0   31  104.00000   34.00000  67.3%     -    0s

Cutting planes:
  Gomory: 1
  MIR: 9
  Zero half: 14
  RLT: 4
  BQP: 3

Explored 57 nodes (2593 simplex iterations) in 0.16 seconds (0.17 work units)
Thread count was 1 (of 12 available processors)

Solution count 7: 104 114 120 ... 660

Optimal solution found (tolerance 1.00e-04)
Best objective 1.040000000000e+02, best bound 1.040000000000e+02, gap 0.0000%
104.0
