Set parameter Username
Academic license - for non-commercial use only - expires 2025-08-28
Set parameter Threads to value 1
Set parameter Method to value 4
Gurobi Optimizer version 11.0.0 build v11.0.0rc2 (mac64[arm] - Darwin 23.5.0 23F79)

CPU model: Apple M3 Pro
Thread count: 12 physical cores, 12 logical processors, using up to 1 threads

Optimize a model with 1384 rows, 249 columns and 4128 nonzeros
Model fingerprint: 0x13f99c0c
Variable types: 149 continuous, 100 integer (100 binary)
Coefficient statistics:
  Matrix range     [1e+00, 1e+00]
  Objective range  [1e+01, 3e+02]
  Bounds range     [1e+00, 1e+00]
  RHS range        [1e+00, 2e+00]
Presolve removed 218 rows and 43 columns
Presolve time: 0.00s
Presolved: 1166 rows, 206 columns, 3405 nonzeros
Variable types: 0 continuous, 206 integer (206 binary)
Found heuristic solution: objective 2966.0000000
Found heuristic solution: objective 2798.0000000

Root relaxation: objective 0.000000e+00, 102 iterations, 0.00 seconds (0.00 work units)

    Nodes    |    Current Node    |     Objective Bounds      |     Work
 Expl Unexpl |  Obj  Depth IntInf | Incumbent    BestBd   Gap | It/Node Time

     0     0    0.00000    0   38 2798.00000    0.00000   100%     -    0s
H    0     0                    2635.0000000    0.00000   100%     -    0s
H    0     0                    1274.0000000    0.00000   100%     -    0s
H    0     0                    1224.0000000    0.00000   100%     -    0s
H    0     0                    1184.0000000    0.00000   100%     -    0s
     0     0    0.00000    0   64 1184.00000    0.00000   100%     -    0s
H    0     0                    1073.0000000    0.00000   100%     -    0s
H    0     0                    1006.0000000    0.00000   100%     -    0s
H    0     0                     947.0000000    0.00000   100%     -    0s
     0     0    0.00000    0   53  947.00000    0.00000   100%     -    0s
H    0     0                     751.0000000    0.00000   100%     -    0s
     0     0    0.00000    0   69  751.00000    0.00000   100%     -    0s
     0     0    0.00000    0   75  751.00000    0.00000   100%     -    0s
H    0     0                     725.0000000    0.00000   100%     -    0s
H    0     0                     634.0000000    0.00000   100%     -    0s
H    0     0                     588.0000000    0.00000   100%     -    0s
     0     0    0.00000    0   80  588.00000    0.00000   100%     -    0s
     0     0    0.00000    0   79  588.00000    0.00000   100%     -    0s
     0     0    0.00000    0   62  588.00000    0.00000   100%     -    0s
H    0     0                     477.0000000    0.00000   100%     -    0s
     0     2    0.00000    0   62  477.00000    0.00000   100%     -    0s
H   27    24                     458.0000000    8.66667  98.1%  58.6    0s
*  408   127              16     431.0000000  150.66667  65.0%  39.7    0s
*  409   116              16     411.0000000  150.66667  63.3%  39.6    0s
*  427   117              17     410.0000000  165.00000  59.8%  39.0    0s
*  431   115              19     408.0000000  165.00000  59.6%  38.7    0s
H  480   115                     404.0000000  177.00000  56.2%  38.6    0s
H  500   107                     384.0000000  189.00000  50.8%  38.7    0s
*  628   115              15     376.0000000  223.00000  40.7%  36.5    0s

Cutting planes:
  Gomory: 1
  Inf proof: 3
  Zero half: 33
  RLT: 32
  BQP: 34

Explored 984 nodes (33741 simplex iterations) in 1.11 seconds (1.34 work units)
Thread count was 1 (of 12 available processors)

Solution count 10: 376 384 404 ... 588

Optimal solution found (tolerance 1.00e-04)
Best objective 3.760000000000e+02, best bound 3.760000000000e+02, gap 0.0000%
376.0
