Set parameter Username
Academic license - for non-commercial use only - expires 2025-08-28
Set parameter Threads to value 1
Set parameter Method to value 4
Gurobi Optimizer version 11.0.0 build v11.0.0rc2 (mac64[arm] - Darwin 23.5.0 23F79)

CPU model: Apple M3 Pro
Thread count: 12 physical cores, 12 logical processors, using up to 1 threads

Optimize a model with 1477 rows, 263 columns and 4405 nonzeros
Model fingerprint: 0x7d44f46d
Variable types: 158 continuous, 105 integer (105 binary)
Coefficient statistics:
  Matrix range     [1e+00, 1e+00]
  Objective range  [1e+01, 3e+02]
  Bounds range     [1e+00, 1e+00]
  RHS range        [1e+00, 2e+00]
Presolve removed 230 rows and 45 columns
Presolve time: 0.01s
Presolved: 1247 rows, 218 columns, 3640 nonzeros
Variable types: 0 continuous, 218 integer (218 binary)
Found heuristic solution: objective 1906.0000000
Found heuristic solution: objective 1375.0000000

Root relaxation: objective 0.000000e+00, 111 iterations, 0.00 seconds (0.00 work units)

    Nodes    |    Current Node    |     Objective Bounds      |     Work
 Expl Unexpl |  Obj  Depth IntInf | Incumbent    BestBd   Gap | It/Node Time

     0     0    0.00000    0   42 1375.00000    0.00000   100%     -    0s
H    0     0                    1247.0000000    0.00000   100%     -    0s
H    0     0                    1225.0000000    0.00000   100%     -    0s
     0     0    0.00000    0   89 1225.00000    0.00000   100%     -    0s
H    0     0                     808.0000000    0.00000   100%     -    0s
     0     0    0.00000    0   60  808.00000    0.00000   100%     -    0s
H    0     0                     730.0000000    0.00000   100%     -    0s
     0     0    0.00000    0   50  730.00000    0.00000   100%     -    0s
     0     0    0.00000    0   66  730.00000    0.00000   100%     -    0s
H    0     0                     605.0000000    0.00000   100%     -    0s
     0     0    0.00000    0   90  605.00000    0.00000   100%     -    0s
     0     0    0.00000    0   85  605.00000    0.00000   100%     -    0s
     0     0    0.00000    0   80  605.00000    0.00000   100%     -    0s
     0     2    0.00000    0   70  605.00000    0.00000   100%     -    0s
H   83    53                     589.0000000   55.00000  90.7%  53.4    0s
*  214   108              13     570.0000000   96.55556  83.1%  44.0    0s
*  219   107              15     565.0000000   96.55556  82.9%  43.2    0s
H  222   104                     545.0000000   96.55556  82.3%  42.6    0s
H  642   181                     517.0000000  191.41667  63.0%  36.9    0s

Cutting planes:
  Gomory: 5
  Cover: 2
  Inf proof: 4
  Zero half: 62
  RLT: 29
  BQP: 39

Explored 2335 nodes (73586 simplex iterations) in 2.46 seconds (3.16 work units)
Thread count was 1 (of 12 available processors)

Solution count 10: 517 545 565 ... 1247

Optimal solution found (tolerance 1.00e-04)
Best objective 5.170000000000e+02, best bound 5.170000000000e+02, gap 0.0000%
517.0
