Set parameter Username
Academic license - for non-commercial use only - expires 2025-08-28
Set parameter Threads to value 1
Set parameter Method to value 4
Gurobi Optimizer version 11.0.0 build v11.0.0rc2 (mac64[arm] - Darwin 23.5.0 23F79)

CPU model: Apple M3 Pro
Thread count: 12 physical cores, 12 logical processors, using up to 1 threads

Optimize a model with 1198 rows, 221 columns and 3574 nonzeros
Model fingerprint: 0xeab72be7
Variable types: 131 continuous, 90 integer (90 binary)
Coefficient statistics:
  Matrix range     [1e+00, 1e+00]
  Objective range  [1e+01, 2e+02]
  Bounds range     [1e+00, 1e+00]
  RHS range        [1e+00, 2e+00]
Presolve removed 309 rows and 52 columns
Presolve time: 0.01s
Presolved: 889 rows, 169 columns, 2595 nonzeros
Variable types: 0 continuous, 169 integer (169 binary)
Found heuristic solution: objective 1292.0000000

Root relaxation: objective 0.000000e+00, 87 iterations, 0.00 seconds (0.00 work units)

    Nodes    |    Current Node    |     Objective Bounds      |     Work
 Expl Unexpl |  Obj  Depth IntInf | Incumbent    BestBd   Gap | It/Node Time

     0     0    0.00000    0   40 1292.00000    0.00000   100%     -    0s
H    0     0                     791.0000000    0.00000   100%     -    0s
H    0     0                     648.0000000    0.00000   100%     -    0s
H    0     0                     522.0000000    0.00000   100%     -    0s
H    0     0                     492.0000000    0.00000   100%     -    0s
     0     0    0.00000    0   58  492.00000    0.00000   100%     -    0s
H    0     0                     466.0000000    0.00000   100%     -    0s
H    0     0                     442.0000000    0.00000   100%     -    0s
H    0     0                     370.0000000    0.00000   100%     -    0s
     0     0    0.00000    0   58  370.00000    0.00000   100%     -    0s
H    0     0                     341.0000000    0.00000   100%     -    0s
H    0     0                     330.0000000    0.00000   100%     -    0s
H    0     0                     217.0000000    0.00000   100%     -    0s
     0     0    0.00000    0   58  217.00000    0.00000   100%     -    0s
     0     0    0.00000    0   70  217.00000    0.00000   100%     -    0s
     0     0    0.00000    0   69  217.00000    0.00000   100%     -    0s
     0     0    0.00000    0   63  217.00000    0.00000   100%     -    0s
     0     0    0.00000    0   63  217.00000    0.00000   100%     -    0s
     0     2    0.00000    0   42  217.00000    0.00000   100%     -    0s
*   38    22              11     211.0000000   31.00000  85.3%  36.8    0s
H   81    21                     197.0000000   81.50000  58.6%  26.5    0s
H  132    18                     178.0000000   89.90000  49.5%  21.2    0s
*  157    13              10     162.0000000   99.00000  38.9%  21.6    0s

Cutting planes:
  Zero half: 20
  RLT: 16
  BQP: 19

Explored 189 nodes (4869 simplex iterations) in 0.20 seconds (0.24 work units)
Thread count was 1 (of 12 available processors)

Solution count 10: 162 178 197 ... 466

Optimal solution found (tolerance 1.00e-04)
Best objective 1.620000000000e+02, best bound 1.620000000000e+02, gap 0.0000%
162.0
