Set parameter Username
Academic license - for non-commercial use only - expires 2025-08-28
Set parameter Threads to value 1
Set parameter Method to value 4
Gurobi Optimizer version 11.0.0 build v11.0.0rc2 (mac64[arm] - Darwin 23.5.0 23F79)

CPU model: Apple M3 Pro
Thread count: 12 physical cores, 12 logical processors, using up to 1 threads

Optimize a model with 1104 rows, 207 columns and 3296 nonzeros
Model fingerprint: 0x88d20a02
Variable types: 122 continuous, 85 integer (85 binary)
Coefficient statistics:
  Matrix range     [1e+00, 1e+00]
  Objective range  [1e+01, 2e+02]
  Bounds range     [1e+00, 1e+00]
  RHS range        [1e+00, 2e+00]
Found heuristic solution: objective 1729.0000000
Presolve removed 286 rows and 49 columns
Presolve time: 0.00s
Presolved: 818 rows, 158 columns, 2390 nonzeros
Variable types: 0 continuous, 158 integer (158 binary)

Root relaxation: objective 0.000000e+00, 79 iterations, 0.00 seconds (0.00 work units)

    Nodes    |    Current Node    |     Objective Bounds      |     Work
 Expl Unexpl |  Obj  Depth IntInf | Incumbent    BestBd   Gap | It/Node Time

     0     0    0.00000    0   33 1729.00000    0.00000   100%     -    0s
H    0     0                    1646.0000000    0.00000   100%     -    0s
H    0     0                     805.0000000    0.00000   100%     -    0s
H    0     0                     793.0000000    0.00000   100%     -    0s
H    0     0                     757.0000000    0.00000   100%     -    0s
     0     0    0.00000    0   41  757.00000    0.00000   100%     -    0s
H    0     0                     585.0000000    0.00000   100%     -    0s
H    0     0                     570.0000000    0.00000   100%     -    0s
H    0     0                     530.0000000    0.00000   100%     -    0s
     0     0    0.00000    0   46  530.00000    0.00000   100%     -    0s
H    0     0                     402.0000000    0.00000   100%     -    0s
     0     0    0.00000    0   43  402.00000    0.00000   100%     -    0s
     0     0    0.00000    0   53  402.00000    0.00000   100%     -    0s
     0     0    0.00000    0   58  402.00000    0.00000   100%     -    0s
     0     0    0.00000    0   56  402.00000    0.00000   100%     -    0s
     0     0    0.00000    0   53  402.00000    0.00000   100%     -    0s
H    0     0                     326.0000000    0.00000   100%     -    0s
H    0     0                     242.0000000    0.00000   100%     -    0s
H    0     0                     226.0000000    0.00000   100%     -    0s
     0     2    0.00000    0   53  226.00000    0.00000   100%     -    0s
*  181     3               8     221.0000000  188.00000  14.9%  18.2    0s

Cutting planes:
  MIR: 2
  Inf proof: 2
  Zero half: 11
  RLT: 19
  BQP: 10

Explored 185 nodes (4384 simplex iterations) in 0.20 seconds (0.21 work units)
Thread count was 1 (of 12 available processors)

Solution count 10: 221 226 242 ... 793

Optimal solution found (tolerance 1.00e-04)
Best objective 2.210000000000e+02, best bound 2.210000000000e+02, gap 0.0000%
221.0
