Set parameter Username
Academic license - for non-commercial use only - expires 2025-08-28
Set parameter Threads to value 1
Set parameter Method to value 4
Gurobi Optimizer version 11.0.0 build v11.0.0rc2 (mac64[arm] - Darwin 23.5.0 23F79)

CPU model: Apple M3 Pro
Thread count: 12 physical cores, 12 logical processors, using up to 1 threads

Optimize a model with 825 rows, 165 columns and 2465 nonzeros
Model fingerprint: 0x14082092
Variable types: 95 continuous, 70 integer (70 binary)
Coefficient statistics:
  Matrix range     [1e+00, 1e+00]
  Objective range  [1e+01, 1e+02]
  Bounds range     [1e+00, 1e+00]
  RHS range        [1e+00, 2e+00]
Presolve removed 140 rows and 30 columns
Presolve time: 0.00s
Presolved: 685 rows, 135 columns, 2015 nonzeros
Variable types: 0 continuous, 135 integer (135 binary)
Found heuristic solution: objective 896.0000000
Found heuristic solution: objective 844.0000000

Root relaxation: objective 0.000000e+00, 60 iterations, 0.00 seconds (0.00 work units)

    Nodes    |    Current Node    |     Objective Bounds      |     Work
 Expl Unexpl |  Obj  Depth IntInf | Incumbent    BestBd   Gap | It/Node Time

     0     0    0.00000    0   31  844.00000    0.00000   100%     -    0s
H    0     0                      76.0000000    0.00000   100%     -    0s
H    0     0                      44.0000000    0.00000   100%     -    0s
     0     0    0.00000    0   38   44.00000    0.00000   100%     -    0s
     0     0    0.00000    0   19   44.00000    0.00000   100%     -    0s
     0     0    0.00000    0   16   44.00000    0.00000   100%     -    0s
     0     0    0.00000    0   17   44.00000    0.00000   100%     -    0s
     0     0    0.00000    0   14   44.00000    0.00000   100%     -    0s
     0     0    0.00000    0   14   44.00000    0.00000   100%     -    0s
     0     0    0.00000    0   24   44.00000    0.00000   100%     -    0s
     0     0    0.00000    0   16   44.00000    0.00000   100%     -    0s
     0     0    0.00000    0   16   44.00000    0.00000   100%     -    0s
     0     0    0.00000    0   14   44.00000    0.00000   100%     -    0s
     0     0    0.00000    0   21   44.00000    0.00000   100%     -    0s
     0     0   22.00000    0   16   44.00000   22.00000  50.0%     -    0s

Cutting planes:
  Gomory: 1
  Zero half: 4
  RLT: 2

Explored 1 nodes (1058 simplex iterations) in 0.07 seconds (0.07 work units)
Thread count was 1 (of 12 available processors)

Solution count 5: 44 76 106 ... 896

Optimal solution found (tolerance 1.00e-04)
Best objective 4.400000000000e+01, best bound 4.400000000000e+01, gap 0.0000%
44.0
