Set parameter Username
Academic license - for non-commercial use only - expires 2025-08-28
Set parameter Threads to value 1
Set parameter Method to value 4
Gurobi Optimizer version 11.0.0 build v11.0.0rc2 (mac64[arm] - Darwin 23.5.0 23F79)

CPU model: Apple M3 Pro
Thread count: 12 physical cores, 12 logical processors, using up to 1 threads

Optimize a model with 1011 rows, 193 columns and 3019 nonzeros
Model fingerprint: 0x6fec221a
Variable types: 113 continuous, 80 integer (80 binary)
Coefficient statistics:
  Matrix range     [1e+00, 1e+00]
  Objective range  [1e+01, 2e+02]
  Bounds range     [1e+00, 1e+00]
  RHS range        [1e+00, 2e+00]
Found heuristic solution: objective 429.0000000
Presolve removed 164 rows and 34 columns
Presolve time: 0.00s
Presolved: 847 rows, 159 columns, 2485 nonzeros
Variable types: 0 continuous, 159 integer (159 binary)

Root relaxation: objective 0.000000e+00, 79 iterations, 0.00 seconds (0.00 work units)

    Nodes    |    Current Node    |     Objective Bounds      |     Work
 Expl Unexpl |  Obj  Depth IntInf | Incumbent    BestBd   Gap | It/Node Time

     0     0    0.00000    0   30  429.00000    0.00000   100%     -    0s
H    0     0                      86.0000000    0.00000   100%     -    0s
H    0     0                      72.0000000    0.00000   100%     -    0s
     0     0    0.00000    0   18   72.00000    0.00000   100%     -    0s
     0     0    0.00000    0   40   72.00000    0.00000   100%     -    0s
     0     0    0.00000    0   26   72.00000    0.00000   100%     -    0s
     0     0   12.00000    0   29   72.00000   12.00000  83.3%     -    0s
     0     0   36.00000    0   28   72.00000   36.00000  50.0%     -    0s
     0     0   36.00000    0   20   72.00000   36.00000  50.0%     -    0s
     0     0   36.00000    0   13   72.00000   36.00000  50.0%     -    0s
     0     0   40.44444    0   20   72.00000   40.44444  43.8%     -    0s
     0     0   51.00000    0   11   72.00000   51.00000  29.2%     -    0s
     0     0   51.00000    0   10   72.00000   51.00000  29.2%     -    0s
     0     0   56.00000    0   12   72.00000   56.00000  22.2%     -    0s
     0     0   56.00000    0   11   72.00000   56.00000  22.2%     -    0s
     0     0 infeasible    0        72.00000   72.00000  0.00%     -    0s

Cutting planes:
  Gomory: 1
  Clique: 1
  MIR: 3
  Zero half: 4
  RLT: 1

Explored 1 nodes (561 simplex iterations) in 0.04 seconds (0.04 work units)
Thread count was 1 (of 12 available processors)

Solution count 3: 72 86 429 

Optimal solution found (tolerance 1.00e-04)
Best objective 7.200000000000e+01, best bound 7.200000000000e+01, gap 0.0000%
72.0
