Set parameter Username
Academic license - for non-commercial use only - expires 2025-08-28
Set parameter Threads to value 1
Set parameter Method to value 4
Gurobi Optimizer version 11.0.0 build v11.0.0rc2 (mac64[arm] - Darwin 23.5.0 23F79)

CPU model: Apple M3 Pro
Thread count: 12 physical cores, 12 logical processors, using up to 1 threads

Optimize a model with 825 rows, 165 columns and 2465 nonzeros
Model fingerprint: 0x381ae3e5
Variable types: 95 continuous, 70 integer (70 binary)
Coefficient statistics:
  Matrix range     [1e+00, 1e+00]
  Objective range  [1e+01, 9e+01]
  Bounds range     [1e+00, 1e+00]
  RHS range        [1e+00, 2e+00]
Presolve removed 460 rows and 70 columns
Presolve time: 0.00s
Presolved: 365 rows, 95 columns, 1055 nonzeros
Variable types: 0 continuous, 95 integer (95 binary)
Found heuristic solution: objective 1067.0000000
Found heuristic solution: objective 346.0000000
Found heuristic solution: objective 298.0000000

Root relaxation: objective 0.000000e+00, 50 iterations, 0.00 seconds (0.00 work units)

    Nodes    |    Current Node    |     Objective Bounds      |     Work
 Expl Unexpl |  Obj  Depth IntInf | Incumbent    BestBd   Gap | It/Node Time

     0     0    0.00000    0   18  298.00000    0.00000   100%     -    0s
H    0     0                     170.0000000    0.00000   100%     -    0s
H    0     0                     154.0000000    0.00000   100%     -    0s
H    0     0                     109.0000000    0.00000   100%     -    0s
H    0     0                      64.0000000    0.00000   100%     -    0s
     0     0    0.00000    0   23   64.00000    0.00000   100%     -    0s
H    0     0                      32.0000000    0.00000   100%     -    0s
     0     0    0.00000    0   23   32.00000    0.00000   100%     -    0s
     0     0    0.00000    0   22   32.00000    0.00000   100%     -    0s
     0     0    8.00000    0   17   32.00000    8.00000  75.0%     -    0s
     0     0   16.00000    0   16   32.00000   16.00000  50.0%     -    0s

Cutting planes:
  Gomory: 1
  Clique: 4
  Zero half: 5

Explored 1 nodes (229 simplex iterations) in 0.01 seconds (0.02 work units)
Thread count was 1 (of 12 available processors)

Solution count 9: 32 32 64 ... 1067

Optimal solution found (tolerance 1.00e-04)
Best objective 3.200000000000e+01, best bound 3.200000000000e+01, gap 0.0000%
32.0
