Set parameter Username
Academic license - for non-commercial use only - expires 2025-08-28
Set parameter Threads to value 1
Set parameter Method to value 4
Gurobi Optimizer version 11.0.0 build v11.0.0rc2 (mac64[arm] - Darwin 23.5.0 23F79)

CPU model: Apple M3 Pro
Thread count: 12 physical cores, 12 logical processors, using up to 1 threads

Optimize a model with 1539 rows, 261 columns and 4608 nonzeros
Model fingerprint: 0x5c87d6a4
Variable types: 153 continuous, 108 integer (108 binary)
Coefficient statistics:
  Matrix range     [1e+00, 1e+00]
  Objective range  [1e+01, 3e+02]
  Bounds range     [1e+00, 1e+00]
  RHS range        [1e+00, 2e+00]
Presolve removed 246 rows and 45 columns
Presolve time: 0.00s
Presolved: 1293 rows, 216 columns, 3798 nonzeros
Variable types: 0 continuous, 216 integer (216 binary)
Found heuristic solution: objective 2690.0000000
Found heuristic solution: objective 2200.0000000
Found heuristic solution: objective 2075.0000000

Root relaxation: objective 0.000000e+00, 88 iterations, 0.00 seconds (0.00 work units)

    Nodes    |    Current Node    |     Objective Bounds      |     Work
 Expl Unexpl |  Obj  Depth IntInf | Incumbent    BestBd   Gap | It/Node Time

     0     0    0.00000    0   33 2075.00000    0.00000   100%     -    0s
H    0     0                    1376.0000000    0.00000   100%     -    0s
H    0     0                     930.0000000    0.00000   100%     -    0s
H    0     0                     750.0000000    0.00000   100%     -    0s
H    0     0                     723.0000000    0.00000   100%     -    0s
     0     0    0.00000    0   78  723.00000    0.00000   100%     -    0s
H    0     0                     525.0000000    0.00000   100%     -    0s
H    0     0                     417.0000000    0.00000   100%     -    0s
H    0     0                     345.0000000    0.00000   100%     -    0s
     0     0    0.00000    0   55  345.00000    0.00000   100%     -    0s
H    0     0                     343.0000000    0.00000   100%     -    0s
     0     0    0.00000    0   57  343.00000    0.00000   100%     -    0s
     0     0    0.00000    0   43  343.00000    0.00000   100%     -    0s
H    0     0                     314.0000000    0.00000   100%     -    0s
H    0     0                     287.0000000    0.00000   100%     -    0s
     0     0    0.00000    0   58  287.00000    0.00000   100%     -    0s
     0     0    0.00000    0   73  287.00000    0.00000   100%     -    0s
     0     0    0.00000    0   73  287.00000    0.00000   100%     -    0s
     0     0    0.00000    0   59  287.00000    0.00000   100%     -    0s
     0     0    0.00000    0   59  287.00000    0.00000   100%     -    0s
     0     2    0.00000    0   59  287.00000    0.00000   100%     -    0s
H   82    32                     219.0000000   24.00000  89.0%  31.8    0s

Cutting planes:
  Inf proof: 20
  Zero half: 29
  RLT: 24
  BQP: 19

Explored 923 nodes (22409 simplex iterations) in 0.93 seconds (1.19 work units)
Thread count was 1 (of 12 available processors)

Solution count 10: 219 287 314 ... 930

Optimal solution found (tolerance 1.00e-04)
Best objective 2.190000000000e+02, best bound 2.190000000000e+02, gap 0.0000%
219.0
