Set parameter Username
Academic license - for non-commercial use only - expires 2025-08-28
Set parameter Threads to value 1
Set parameter Method to value 4
Gurobi Optimizer version 11.0.0 build v11.0.0rc2 (mac64[arm] - Darwin 23.5.0 23F79)

CPU model: Apple M3 Pro
Thread count: 12 physical cores, 12 logical processors, using up to 1 threads

Optimize a model with 1206 rows, 216 columns and 3612 nonzeros
Model fingerprint: 0xd2749c74
Variable types: 126 continuous, 90 integer (90 binary)
Coefficient statistics:
  Matrix range     [1e+00, 1e+00]
  Objective range  [1e+01, 2e+02]
  Bounds range     [1e+00, 1e+00]
  RHS range        [1e+00, 2e+00]
Presolve removed 204 rows and 39 columns
Presolve time: 0.00s
Presolved: 1002 rows, 177 columns, 2952 nonzeros
Variable types: 0 continuous, 177 integer (177 binary)
Found heuristic solution: objective 788.0000000
Found heuristic solution: objective 586.0000000

Root relaxation: objective 0.000000e+00, 104 iterations, 0.00 seconds (0.00 work units)

    Nodes    |    Current Node    |     Objective Bounds      |     Work
 Expl Unexpl |  Obj  Depth IntInf | Incumbent    BestBd   Gap | It/Node Time

     0     0    0.00000    0   48  586.00000    0.00000   100%     -    0s
H    0     0                     105.0000000    0.00000   100%     -    0s
H    0     0                      95.0000000    0.00000   100%     -    0s
     0     0    0.00000    0   40   95.00000    0.00000   100%     -    0s
     0     0    0.00000    0   26   95.00000    0.00000   100%     -    0s
     0     0    0.00000    0   34   95.00000    0.00000   100%     -    0s
H    0     0                      88.0000000    0.00000   100%     -    0s
H    0     0                      82.0000000    0.00000   100%     -    0s
     0     0    0.00000    0   35   82.00000    0.00000   100%     -    0s
     0     0    0.00000    0   24   82.00000    0.00000   100%     -    0s
     0     0    0.00000    0   43   82.00000    0.00000   100%     -    0s
     0     0    0.00000    0   37   82.00000    0.00000   100%     -    0s
     0     0    0.00000    0   49   82.00000    0.00000   100%     -    0s
     0     0   13.00000    0   43   82.00000   13.00000  84.1%     -    0s
     0     0   13.00000    0   38   82.00000   13.00000  84.1%     -    0s
     0     0   15.33333    0   64   82.00000   15.33333  81.3%     -    0s
     0     0   15.33333    0   60   82.00000   15.33333  81.3%     -    0s
     0     0   23.00000    0   27   82.00000   23.00000  72.0%     -    0s
     0     0   24.00000    0   53   82.00000   24.00000  70.7%     -    0s
     0     0   24.00000    0   53   82.00000   24.00000  70.7%     -    0s
     0     0   24.85714    0   61   82.00000   24.85714  69.7%     -    0s
     0     0   24.85714    0   62   82.00000   24.85714  69.7%     -    0s
     0     0   28.50000    0   64   82.00000   28.50000  65.2%     -    0s
     0     0   28.50000    0   69   82.00000   28.50000  65.2%     -    0s
     0     0   31.83333    0   80   82.00000   31.83333  61.2%     -    0s
     0     0   32.94444    0   80   82.00000   32.94444  59.8%     -    0s
     0     0   32.94444    0   80   82.00000   32.94444  59.8%     -    0s
     0     0   33.44444    0   80   82.00000   33.44444  59.2%     -    0s
     0     0   33.44444    0   76   82.00000   33.44444  59.2%     -    0s
     0     0   33.44444    0   75   82.00000   33.44444  59.2%     -    0s
     0     0   33.44444    0   74   82.00000   33.44444  59.2%     -    0s
     0     0   33.44444    0   62   82.00000   33.44444  59.2%     -    0s
     0     0   33.44444    0   75   82.00000   33.44444  59.2%     -    0s
     0     0   33.76190    0   77   82.00000   33.76190  58.8%     -    0s
     0     0   34.07937    0   80   82.00000   34.07937  58.4%     -    0s
     0     0   34.21429    0   76   82.00000   34.21429  58.3%     -    0s
     0     0   34.21429    0   75   82.00000   34.21429  58.3%     -    0s
     0     0   34.21429    0   71   82.00000   34.21429  58.3%     -    0s
     0     0   34.21429    0   73   82.00000   34.21429  58.3%     -    0s
     0     0   34.21429    0   72   82.00000   34.21429  58.3%     -    0s
     0     0   34.21429    0   73   82.00000   34.21429  58.3%     -    0s
     0     0   34.21429    0   72   82.00000   34.21429  58.3%     -    0s
     0     0   34.21429    0   72   82.00000   34.21429  58.3%     -    0s
     0     0   34.21429    0   24   82.00000   34.21429  58.3%     -    0s
     0     0   34.21429    0   52   82.00000   34.21429  58.3%     -    0s
     0     0   36.22857    0   61   82.00000   36.22857  55.8%     -    0s
     0     0   37.00000    0   64   82.00000   37.00000  54.9%     -    0s
     0     0   37.00000    0   63   82.00000   37.00000  54.9%     -    0s
     0     0   37.00000    0   67   82.00000   37.00000  54.9%     -    0s
     0     0   43.28571    0   61   82.00000   43.28571  47.2%     -    0s
     0     0   43.39286    0   64   82.00000   43.39286  47.1%     -    0s
     0     0   43.39286    0   66   82.00000   43.39286  47.1%     -    0s
     0     0   53.00000    0   43   82.00000   53.00000  35.4%     -    0s
     0     0   53.00000    0   65   82.00000   53.00000  35.4%     -    0s
     0     0   53.00000    0   65   82.00000   53.00000  35.4%     -    0s
     0     0   53.00000    0   69   82.00000   53.00000  35.4%     -    0s
     0     0   53.00000    0   50   82.00000   53.00000  35.4%     -    0s
     0     0   53.05941    0   67   82.00000   53.05941  35.3%     -    0s
     0     0   53.07143    0   66   82.00000   53.07143  35.3%     -    0s
     0     0   53.07692    0   64   82.00000   53.07692  35.3%     -    0s
     0     0   53.50000    0   62   82.00000   53.50000  34.8%     -    0s
     0     0   56.00000    0   18   82.00000   56.00000  31.7%     -    0s
     0     0   56.00000    0   51   82.00000   56.00000  31.7%     -    0s
     0     0   56.00000    0   35   82.00000   56.00000  31.7%     -    0s
     0     0   56.00000    0   35   82.00000   56.00000  31.7%     -    0s
     0     0   56.00000    0   32   82.00000   56.00000  31.7%     -    0s
     0     0   56.00000    0   28   82.00000   56.00000  31.7%     -    0s
     0     0   56.00000    0   24   82.00000   56.00000  31.7%     -    0s
     0     0   56.00000    0   11   82.00000   56.00000  31.7%     -    0s
     0     0   67.33333    0   33   82.00000   67.33333  17.9%     -    0s

Cutting planes:
  Gomory: 3
  MIR: 10
  Flow cover: 2
  Zero half: 7
  Mod-K: 1
  RLT: 2

Explored 1 nodes (3157 simplex iterations) in 0.26 seconds (0.25 work units)
Thread count was 1 (of 12 available processors)

Solution count 8: 82 88 88 ... 788

Optimal solution found (tolerance 1.00e-04)
Best objective 8.200000000000e+01, best bound 8.200000000000e+01, gap 0.0000%
82.0
