Set parameter Username
Academic license - for non-commercial use only - expires 2025-08-28
Set parameter Threads to value 1
Set parameter Method to value 4
Gurobi Optimizer version 11.0.0 build v11.0.0rc2 (mac64[arm] - Darwin 23.5.0 23F79)

CPU model: Apple M3 Pro
Thread count: 12 physical cores, 12 logical processors, using up to 1 threads

Optimize a model with 1095 rows, 201 columns and 3280 nonzeros
Model fingerprint: 0x36111b7f
Variable types: 117 continuous, 84 integer (84 binary)
Coefficient statistics:
  Matrix range     [1e+00, 1e+00]
  Objective range  [1e+01, 1e+02]
  Bounds range     [1e+00, 1e+00]
  RHS range        [1e+00, 2e+00]
Found heuristic solution: objective 865.0000000
Presolve removed 499 rows and 69 columns
Presolve time: 0.00s
Presolved: 596 rows, 132 columns, 1749 nonzeros
Variable types: 0 continuous, 132 integer (132 binary)

Root relaxation: objective 0.000000e+00, 65 iterations, 0.00 seconds (0.00 work units)

    Nodes    |    Current Node    |     Objective Bounds      |     Work
 Expl Unexpl |  Obj  Depth IntInf | Incumbent    BestBd   Gap | It/Node Time

     0     0    0.00000    0   22  865.00000    0.00000   100%     -    0s
H    0     0                     368.0000000    0.00000   100%     -    0s
H    0     0                     310.0000000    0.00000   100%     -    0s
H    0     0                     288.0000000    0.00000   100%     -    0s
     0     0    0.00000    0   27  288.00000    0.00000   100%     -    0s
H    0     0                     169.0000000    0.00000   100%     -    0s
H    0     0                     152.0000000    0.00000   100%     -    0s
     0     0    0.00000    0   44  152.00000    0.00000   100%     -    0s
H    0     0                      52.0000000    0.00000   100%     -    0s
H    0     0                      48.0000000    0.00000   100%     -    0s
     0     0    0.00000    0   43   48.00000    0.00000   100%     -    0s
     0     0    0.00000    0   20   48.00000    0.00000   100%     -    0s
     0     0    0.00000    0   20   48.00000    0.00000   100%     -    0s
     0     0    0.00000    0   20   48.00000    0.00000   100%     -    0s
     0     0    0.00000    0   19   48.00000    0.00000   100%     -    0s
     0     0    0.00000    0   18   48.00000    0.00000   100%     -    0s
     0     0    0.00000    0   14   48.00000    0.00000   100%     -    0s
     0     0    0.00000    0   14   48.00000    0.00000   100%     -    0s
     0     0    0.00000    0   14   48.00000    0.00000   100%     -    0s
     0     0    0.00000    0   21   48.00000    0.00000   100%     -    0s
     0     0    0.00000    0   38   48.00000    0.00000   100%     -    0s
     0     0   26.00000    0   16   48.00000   26.00000  45.8%     -    0s
     0     0   26.00000    0   16   48.00000   26.00000  45.8%     -    0s
     0     0   31.50000    0   23   48.00000   31.50000  34.4%     -    0s
     0     0   37.00000    0   21   48.00000   37.00000  22.9%     -    0s

Cutting planes:
  Gomory: 1
  Implied bound: 1
  Clique: 7
  MIR: 5
  Flow cover: 4
  Zero half: 9
  RLT: 3

Explored 1 nodes (1287 simplex iterations) in 0.07 seconds (0.07 work units)
Thread count was 1 (of 12 available processors)

Solution count 9: 48 52 152 ... 865

Optimal solution found (tolerance 1.00e-04)
Best objective 4.800000000000e+01, best bound 4.800000000000e+01, gap 0.0000%
48.0
