Set parameter Username
Academic license - for non-commercial use only - expires 2025-08-28
Set parameter Threads to value 1
Set parameter Method to value 4
Gurobi Optimizer version 11.0.0 build v11.0.0rc2 (mac64[arm] - Darwin 23.5.0 23F79)

CPU model: Apple M3 Pro
Thread count: 12 physical cores, 12 logical processors, using up to 1 threads

Optimize a model with 1540 rows, 261 columns and 4609 nonzeros
Model fingerprint: 0xbadd9246
Variable types: 153 continuous, 108 integer (108 binary)
Coefficient statistics:
  Matrix range     [1e+00, 1e+00]
  Objective range  [1e+01, 2e+02]
  Bounds range     [1e+00, 1e+00]
  RHS range        [1e+00, 2e+00]
Presolve removed 400 rows and 60 columns
Presolve time: 0.00s
Presolved: 1140 rows, 201 columns, 3339 nonzeros
Variable types: 0 continuous, 201 integer (201 binary)
Found heuristic solution: objective 2450.0000000
Found heuristic solution: objective 2438.0000000
Found heuristic solution: objective 2330.0000000

Root relaxation: objective 0.000000e+00, 84 iterations, 0.00 seconds (0.00 work units)

    Nodes    |    Current Node    |     Objective Bounds      |     Work
 Expl Unexpl |  Obj  Depth IntInf | Incumbent    BestBd   Gap | It/Node Time

     0     0    0.00000    0   33 2330.00000    0.00000   100%     -    0s
H    0     0                     724.0000000    0.00000   100%     -    0s
H    0     0                     590.0000000    0.00000   100%     -    0s
H    0     0                     451.0000000    0.00000   100%     -    0s
H    0     0                     436.0000000    0.00000   100%     -    0s
     0     0    0.00000    0   58  436.00000    0.00000   100%     -    0s
H    0     0                     334.0000000    0.00000   100%     -    0s
     0     0    0.00000    0   60  334.00000    0.00000   100%     -    0s
     0     0    0.00000    0   54  334.00000    0.00000   100%     -    0s
     0     0    0.00000    0   47  334.00000    0.00000   100%     -    0s
H    0     0                     263.0000000    0.00000   100%     -    0s
H    0     0                     219.0000000    0.00000   100%     -    0s
     0     0    0.00000    0   72  219.00000    0.00000   100%     -    0s
     0     0    0.00000    0   64  219.00000    0.00000   100%     -    0s
     0     0    0.00000    0   47  219.00000    0.00000   100%     -    0s
H    0     0                     197.0000000    0.00000   100%     -    0s
     0     2    0.00000    0   47  197.00000    0.00000   100%     -    0s
H  184    46                     194.0000000   30.00000  84.5%  19.9    0s

Cutting planes:
  Flow cover: 1
  Inf proof: 4
  Zero half: 9
  RLT: 18
  BQP: 15

Explored 598 nodes (10880 simplex iterations) in 0.52 seconds (0.62 work units)
Thread count was 1 (of 12 available processors)

Solution count 10: 194 197 219 ... 2330

Optimal solution found (tolerance 1.00e-04)
Best objective 1.940000000000e+02, best bound 1.940000000000e+02, gap 0.0000%
194.0
