Set parameter Username
Academic license - for non-commercial use only - expires 2025-08-28
Set parameter Threads to value 1
Set parameter Method to value 4
Gurobi Optimizer version 11.0.0 build v11.0.0rc2 (mac64[arm] - Darwin 23.5.0 23F79)

CPU model: Apple M3 Pro
Thread count: 12 physical cores, 12 logical processors, using up to 1 threads

Optimize a model with 1095 rows, 201 columns and 3280 nonzeros
Model fingerprint: 0xe62a44c1
Variable types: 117 continuous, 84 integer (84 binary)
Coefficient statistics:
  Matrix range     [1e+00, 1e+00]
  Objective range  [1e+01, 9e+01]
  Bounds range     [1e+00, 1e+00]
  RHS range        [1e+00, 2e+00]
Found heuristic solution: objective 298.0000000
Presolve removed 616 rows and 82 columns
Presolve time: 0.00s
Presolved: 479 rows, 119 columns, 1386 nonzeros
Variable types: 0 continuous, 119 integer (119 binary)

Root relaxation: objective 0.000000e+00, 79 iterations, 0.00 seconds (0.00 work units)

    Nodes    |    Current Node    |     Objective Bounds      |     Work
 Expl Unexpl |  Obj  Depth IntInf | Incumbent    BestBd   Gap | It/Node Time

     0     0    0.00000    0   32  298.00000    0.00000   100%     -    0s
H    0     0                     170.0000000    0.00000   100%     -    0s
     0     0    0.00000    0   40  170.00000    0.00000   100%     -    0s
H    0     0                      54.0000000    0.00000   100%     -    0s
H    0     0                      32.0000000    0.00000   100%     -    0s
     0     0    0.00000    0   31   32.00000    0.00000   100%     -    0s
     0     0    0.00000    0   30   32.00000    0.00000   100%     -    0s
     0     0    0.00000    0   30   32.00000    0.00000   100%     -    0s
     0     0    0.00000    0   23   32.00000    0.00000   100%     -    0s
     0     0    0.00000    0   20   32.00000    0.00000   100%     -    0s
     0     0    0.00000    0   20   32.00000    0.00000   100%     -    0s
     0     0    0.00000    0   18   32.00000    0.00000   100%     -    0s
     0     0    0.00000    0   18   32.00000    0.00000   100%     -    0s
     0     0    0.00000    0   16   32.00000    0.00000   100%     -    0s
     0     0    0.00000    0   20   32.00000    0.00000   100%     -    0s
     0     0    0.00000    0   28   32.00000    0.00000   100%     -    0s
     0     0    5.33333    0   29   32.00000    5.33333  83.3%     -    0s
     0     0   16.00000    0   34   32.00000   16.00000  50.0%     -    0s
     0     0   16.00000    0   30   32.00000   16.00000  50.0%     -    0s
     0     0   16.00000    0   20   32.00000   16.00000  50.0%     -    0s
     0     0   16.00000    0   16   32.00000   16.00000  50.0%     -    0s
     0     0 infeasible    0        32.00000   32.00000  0.00%     -    0s

Cutting planes:
  Clique: 3
  MIR: 7
  Zero half: 9
  RLT: 3

Explored 1 nodes (1194 simplex iterations) in 0.06 seconds (0.06 work units)
Thread count was 1 (of 12 available processors)

Solution count 5: 32 54 80 ... 298

Optimal solution found (tolerance 1.00e-04)
Best objective 3.200000000000e+01, best bound 3.200000000000e+01, gap 0.0000%
32.0
