Set parameter Username
Academic license - for non-commercial use only - expires 2025-08-28
Set parameter Threads to value 1
Set parameter Method to value 4
Gurobi Optimizer version 11.0.0 build v11.0.0rc2 (mac64[arm] - Darwin 23.5.0 23F79)

CPU model: Apple M3 Pro
Thread count: 12 physical cores, 12 logical processors, using up to 1 threads

Optimize a model with 1095 rows, 201 columns and 3280 nonzeros
Model fingerprint: 0x9e58bc87
Variable types: 117 continuous, 84 integer (84 binary)
Coefficient statistics:
  Matrix range     [1e+00, 1e+00]
  Objective range  [1e+01, 1e+02]
  Bounds range     [1e+00, 1e+00]
  RHS range        [1e+00, 2e+00]
Found heuristic solution: objective 782.0000000
Presolve removed 499 rows and 69 columns
Presolve time: 0.01s
Presolved: 596 rows, 132 columns, 1749 nonzeros
Variable types: 0 continuous, 132 integer (132 binary)

Root relaxation: objective 0.000000e+00, 65 iterations, 0.00 seconds (0.00 work units)

    Nodes    |    Current Node    |     Objective Bounds      |     Work
 Expl Unexpl |  Obj  Depth IntInf | Incumbent    BestBd   Gap | It/Node Time

     0     0    0.00000    0   22  782.00000    0.00000   100%     -    0s
H    0     0                     360.0000000    0.00000   100%     -    0s
H    0     0                     328.0000000    0.00000   100%     -    0s
H    0     0                     262.0000000    0.00000   100%     -    0s
H    0     0                     230.0000000    0.00000   100%     -    0s
     0     0    0.00000    0   27  230.00000    0.00000   100%     -    0s
H    0     0                     169.0000000    0.00000   100%     -    0s
H    0     0                      76.0000000    0.00000   100%     -    0s
H    0     0                      54.0000000    0.00000   100%     -    0s
     0     0    0.00000    0   33   54.00000    0.00000   100%     -    0s
H    0     0                      44.0000000    0.00000   100%     -    0s
     0     0    0.00000    0   31   44.00000    0.00000   100%     -    0s
     0     0    0.00000    0   27   44.00000    0.00000   100%     -    0s
     0     0    0.00000    0   15   44.00000    0.00000   100%     -    0s
     0     0    0.00000    0   22   44.00000    0.00000   100%     -    0s
     0     0    0.00000    0   26   44.00000    0.00000   100%     -    0s
     0     0    0.00000    0   20   44.00000    0.00000   100%     -    0s
     0     0    0.00000    0   33   44.00000    0.00000   100%     -    0s
     0     0    0.00000    0   36   44.00000    0.00000   100%     -    0s
     0     0   22.00000    0   20   44.00000   22.00000  50.0%     -    0s
     0     0   22.00000    0   22   44.00000   22.00000  50.0%     -    0s
     0     0   22.00000    0   22   44.00000   22.00000  50.0%     -    0s
     0     0   25.00000    0   34   44.00000   25.00000  43.2%     -    0s
     0     0   25.00000    0   32   44.00000   25.00000  43.2%     -    0s
     0     0   25.00000    0   37   44.00000   25.00000  43.2%     -    0s

Cutting planes:
  Gomory: 1
  MIR: 8
  Flow cover: 1
  Zero half: 5
  RLT: 1

Explored 1 nodes (1204 simplex iterations) in 0.07 seconds (0.07 work units)
Thread count was 1 (of 12 available processors)

Solution count 9: 44 54 76 ... 782

Optimal solution found (tolerance 1.00e-04)
Best objective 4.400000000000e+01, best bound 4.400000000000e+01, gap 0.0000%
44.0
