Set parameter Username
Academic license - for non-commercial use only - expires 2025-08-28
Set parameter Threads to value 1
Set parameter Method to value 4
Gurobi Optimizer version 11.0.0 build v11.0.0rc2 (mac64[arm] - Darwin 23.5.0 23F79)

CPU model: Apple M3 Pro
Thread count: 12 physical cores, 12 logical processors, using up to 1 threads

Optimize a model with 1762 rows, 291 columns and 5273 nonzeros
Model fingerprint: 0x5203bb44
Variable types: 171 continuous, 120 integer (120 binary)
Coefficient statistics:
  Matrix range     [1e+00, 1e+00]
  Objective range  [1e+01, 3e+02]
  Bounds range     [1e+00, 1e+00]
  RHS range        [1e+00, 2e+00]
Presolve removed 281 rows and 50 columns
Presolve time: 0.00s
Presolved: 1481 rows, 241 columns, 4338 nonzeros
Variable types: 0 continuous, 241 integer (241 binary)
Found heuristic solution: objective 2809.0000000
Found heuristic solution: objective 2659.0000000

Root relaxation: objective 0.000000e+00, 127 iterations, 0.00 seconds (0.00 work units)

    Nodes    |    Current Node    |     Objective Bounds      |     Work
 Expl Unexpl |  Obj  Depth IntInf | Incumbent    BestBd   Gap | It/Node Time

     0     0    0.00000    0   38 2659.00000    0.00000   100%     -    0s
H    0     0                    1712.0000000    0.00000   100%     -    0s
H    0     0                    1119.0000000    0.00000   100%     -    0s
H    0     0                     999.0000000    0.00000   100%     -    0s
     0     0    0.00000    0   60  999.00000    0.00000   100%     -    0s
H    0     0                     945.0000000    0.00000   100%     -    0s
H    0     0                     835.0000000    0.00000   100%     -    0s
     0     0    0.00000    0   78  835.00000    0.00000   100%     -    0s
H    0     0                     681.0000000    0.00000   100%     -    0s
H    0     0                     537.0000000    0.00000   100%     -    0s
     0     0    0.00000    0   83  537.00000    0.00000   100%     -    0s
     0     0    0.00000    0   55  537.00000    0.00000   100%     -    0s
H    0     0                     533.0000000    0.00000   100%     -    0s
H    0     0                     458.0000000    0.00000   100%     -    0s
     0     0    0.00000    0   74  458.00000    0.00000   100%     -    0s
     0     0    0.76923    0   94  458.00000    0.76923   100%     -    0s
H    0     0                     430.0000000    0.76923   100%     -    0s
     0     0    0.76923    0   94  430.00000    0.76923   100%     -    0s
     0     0    2.00000    0   95  430.00000    2.00000   100%     -    0s
     0     0    2.00000    0   94  430.00000    2.00000   100%     -    0s
     0     0    2.00000    0  100  430.00000    2.00000   100%     -    0s
     0     0    2.00000    0  103  430.00000    2.00000   100%     -    0s
     0     0    2.00000    0   83  430.00000    2.00000   100%     -    0s
     0     0    2.00000    0   96  430.00000    2.00000   100%     -    0s
     0     0    2.00000    0   98  430.00000    2.00000   100%     -    0s
     0     0    2.00000    0  100  430.00000    2.00000   100%     -    0s
     0     0    2.00000    0   81  430.00000    2.00000   100%     -    0s
     0     0    2.00000    0   81  430.00000    2.00000   100%     -    0s
     0     2   10.00000    0   81  430.00000   10.00000  97.7%     -    0s
*   33    27              20     326.0000000   10.00000  96.9%  42.5    0s
H  262   100                     315.0000000   31.00000  90.2%  48.0    0s
*  418   152              19     313.0000000   61.44410  80.4%  45.5    0s
H  424   148                     302.0000000   61.44410  79.7%  44.9    0s

Cutting planes:
  Gomory: 1
  Cover: 1
  MIR: 1
  Inf proof: 36
  Zero half: 151
  RLT: 53
  BQP: 57

Explored 2581 nodes (76947 simplex iterations) in 3.50 seconds (4.57 work units)
Thread count was 1 (of 12 available processors)

Solution count 10: 302 313 315 ... 835

Optimal solution found (tolerance 1.00e-04)
Best objective 3.020000000000e+02, best bound 3.020000000000e+02, gap 0.0000%
302.0
