Set parameter Username
Academic license - for non-commercial use only - expires 2025-08-28
Set parameter Threads to value 1
Set parameter Method to value 4
Gurobi Optimizer version 11.0.0 build v11.0.0rc2 (mac64[arm] - Darwin 23.5.0 23F79)

CPU model: Apple M3 Pro
Thread count: 12 physical cores, 12 logical processors, using up to 1 threads

Optimize a model with 1206 rows, 216 columns and 3612 nonzeros
Model fingerprint: 0x756a7cbb
Variable types: 126 continuous, 90 integer (90 binary)
Coefficient statistics:
  Matrix range     [1e+00, 1e+00]
  Objective range  [1e+01, 2e+02]
  Bounds range     [1e+00, 1e+00]
  RHS range        [1e+00, 2e+00]
Found heuristic solution: objective 188.0000000
Presolve removed 561 rows and 76 columns
Presolve time: 0.00s
Presolved: 645 rows, 140 columns, 1875 nonzeros
Variable types: 0 continuous, 140 integer (140 binary)

Root relaxation: objective 0.000000e+00, 67 iterations, 0.00 seconds (0.00 work units)

    Nodes    |    Current Node    |     Objective Bounds      |     Work
 Expl Unexpl |  Obj  Depth IntInf | Incumbent    BestBd   Gap | It/Node Time

     0     0    0.00000    0   24  188.00000    0.00000   100%     -    0s
H    0     0                     159.0000000    0.00000   100%     -    0s
H    0     0                     124.0000000    0.00000   100%     -    0s
     0     0    0.00000    0   36  124.00000    0.00000   100%     -    0s
H    0     0                     118.0000000    0.00000   100%     -    0s
H    0     0                      89.0000000    0.00000   100%     -    0s
H    0     0                      58.0000000    0.00000   100%     -    0s
     0     0    0.00000    0   18   58.00000    0.00000   100%     -    0s
     0     0    0.00000    0   15   58.00000    0.00000   100%     -    0s
     0     0    0.00000    0   15   58.00000    0.00000   100%     -    0s
     0     0    0.00000    0   15   58.00000    0.00000   100%     -    0s
     0     0    0.00000    0   20   58.00000    0.00000   100%     -    0s
     0     0    0.00000    0   20   58.00000    0.00000   100%     -    0s
     0     0    3.62500    0   32   58.00000    3.62500  93.8%     -    0s
     0     0   14.50000    0   18   58.00000   14.50000  75.0%     -    0s
     0     0   17.66667    0   46   58.00000   17.66667  69.5%     -    0s
     0     0   17.66667    0   44   58.00000   17.66667  69.5%     -    0s
     0     0   26.50000    0   25   58.00000   26.50000  54.3%     -    0s
     0     0   29.00000    0   28   58.00000   29.00000  50.0%     -    0s
     0     0   29.00000    0   14   58.00000   29.00000  50.0%     -    0s
     0     0   29.00000    0   30   58.00000   29.00000  50.0%     -    0s
     0     0 infeasible    0        58.00000   58.00000  0.00%     -    0s

Cutting planes:
  Gomory: 1
  Clique: 5
  MIR: 4
  Zero half: 4
  RLT: 1

Explored 1 nodes (931 simplex iterations) in 0.07 seconds (0.06 work units)
Thread count was 1 (of 12 available processors)

Solution count 8: 58 89 89 ... 188

Optimal solution found (tolerance 1.00e-04)
Best objective 5.800000000000e+01, best bound 5.800000000000e+01, gap 0.0000%
58.0
