Set parameter Username
Academic license - for non-commercial use only - expires 2025-08-28
Set parameter Threads to value 1
Set parameter Method to value 4
Gurobi Optimizer version 11.0.0 build v11.0.0rc2 (mac64[arm] - Darwin 23.5.0 23F79)

CPU model: Apple M3 Pro
Thread count: 12 physical cores, 12 logical processors, using up to 1 threads

Optimize a model with 1206 rows, 216 columns and 3612 nonzeros
Model fingerprint: 0x47b8a6ad
Variable types: 126 continuous, 90 integer (90 binary)
Coefficient statistics:
  Matrix range     [1e+00, 1e+00]
  Objective range  [1e+01, 1e+02]
  Bounds range     [1e+00, 1e+00]
  RHS range        [1e+00, 2e+00]
Found heuristic solution: objective 705.0000000
Presolve removed 204 rows and 39 columns
Presolve time: 0.00s
Presolved: 1002 rows, 177 columns, 2952 nonzeros
Variable types: 0 continuous, 177 integer (177 binary)

Root relaxation: objective 0.000000e+00, 95 iterations, 0.00 seconds (0.00 work units)

    Nodes    |    Current Node    |     Objective Bounds      |     Work
 Expl Unexpl |  Obj  Depth IntInf | Incumbent    BestBd   Gap | It/Node Time

     0     0    0.00000    0   56  705.00000    0.00000   100%     -    0s
H    0     0                     333.0000000    0.00000   100%     -    0s
H    0     0                     180.0000000    0.00000   100%     -    0s
H    0     0                     170.0000000    0.00000   100%     -    0s
     0     0    0.00000    0   58  170.00000    0.00000   100%     -    0s
H    0     0                     110.0000000    0.00000   100%     -    0s
     0     0    0.00000    0   19  110.00000    0.00000   100%     -    0s
H    0     0                      99.0000000    0.00000   100%     -    0s
H    0     0                      79.0000000    0.00000   100%     -    0s
H    0     0                      76.0000000    0.00000   100%     -    0s
     0     0    0.00000    0   20   76.00000    0.00000   100%     -    0s
     0     0    0.00000    0   29   76.00000    0.00000   100%     -    0s
     0     0    0.00000    0   34   76.00000    0.00000   100%     -    0s
     0     0    0.00000    0   27   76.00000    0.00000   100%     -    0s
     0     0    0.00000    0   26   76.00000    0.00000   100%     -    0s
     0     2    0.00000    0   26   76.00000    0.00000   100%     -    0s

Cutting planes:
  Inf proof: 10
  Zero half: 12
  RLT: 14
  BQP: 10

Explored 341 nodes (4903 simplex iterations) in 0.36 seconds (0.38 work units)
Thread count was 1 (of 12 available processors)

Solution count 8: 76 79 99 ... 705

Optimal solution found (tolerance 1.00e-04)
Best objective 7.600000000000e+01, best bound 7.600000000000e+01, gap 0.0000%
76.0
