Set parameter Username
Academic license - for non-commercial use only - expires 2025-08-28
Set parameter Threads to value 1
Set parameter Method to value 4
Gurobi Optimizer version 11.0.0 build v11.0.0rc2 (mac64[arm] - Darwin 23.5.0 23F79)

CPU model: Apple M3 Pro
Thread count: 12 physical cores, 12 logical processors, using up to 1 threads

Optimize a model with 1317 rows, 231 columns and 3944 nonzeros
Model fingerprint: 0x83d97576
Variable types: 135 continuous, 96 integer (96 binary)
Coefficient statistics:
  Matrix range     [1e+00, 1e+00]
  Objective range  [1e+01, 2e+02]
  Bounds range     [1e+00, 1e+00]
  RHS range        [1e+00, 2e+00]
Presolve removed 599 rows and 79 columns
Presolve time: 0.00s
Presolved: 718 rows, 152 columns, 2097 nonzeros
Variable types: 0 continuous, 152 integer (152 binary)
Found heuristic solution: objective 1363.0000000
Found heuristic solution: objective 1216.0000000
Found heuristic solution: objective 664.0000000

Root relaxation: objective 0.000000e+00, 87 iterations, 0.00 seconds (0.00 work units)

    Nodes    |    Current Node    |     Objective Bounds      |     Work
 Expl Unexpl |  Obj  Depth IntInf | Incumbent    BestBd   Gap | It/Node Time

     0     0    0.00000    0   40  664.00000    0.00000   100%     -    0s
H    0     0                     186.0000000    0.00000   100%     -    0s
H    0     0                     154.0000000    0.00000   100%     -    0s
H    0     0                     143.0000000    0.00000   100%     -    0s
     0     0    0.00000    0   44  143.00000    0.00000   100%     -    0s
H    0     0                      98.0000000    0.00000   100%     -    0s
     0     0    0.00000    0   29   98.00000    0.00000   100%     -    0s
     0     0    0.00000    0   28   98.00000    0.00000   100%     -    0s
     0     0    0.00000    0   28   98.00000    0.00000   100%     -    0s
     0     0    0.00000    0   16   98.00000    0.00000   100%     -    0s
     0     0    0.00000    0   24   98.00000    0.00000   100%     -    0s
     0     0    0.00000    0   35   98.00000    0.00000   100%     -    0s
     0     0    0.00000    0   35   98.00000    0.00000   100%     -    0s
     0     0    0.00000    0   25   98.00000    0.00000   100%     -    0s
     0     0    0.00000    0   42   98.00000    0.00000   100%     -    0s
     0     0    0.00000    0   45   98.00000    0.00000   100%     -    0s
     0     0   29.66667    0   34   98.00000   29.66667  69.7%     -    0s
     0     0   51.00000    0   56   98.00000   51.00000  48.0%     -    0s
     0     0   51.85714    0   53   98.00000   51.85714  47.1%     -    0s
     0     0   56.75000    0   50   98.00000   56.75000  42.1%     -    0s
     0     0   58.58333    0   51   98.00000   58.58333  40.2%     -    0s
     0     0   69.00000    0   38   98.00000   69.00000  29.6%     -    0s
     0     0   69.00000    0   24   98.00000   69.00000  29.6%     -    0s
     0     0   69.00000    0   17   98.00000   69.00000  29.6%     -    0s
     0     0   69.00000    0   25   98.00000   69.00000  29.6%     -    0s
     0     0   69.00000    0   27   98.00000   69.00000  29.6%     -    0s
     0     0   69.00000    0   15   98.00000   69.00000  29.6%     -    0s
     0     0   69.00000    0   17   98.00000   69.00000  29.6%     -    0s
     0     0   69.00000    0   17   98.00000   69.00000  29.6%     -    0s
     0     0   69.00000    0   15   98.00000   69.00000  29.6%     -    0s
     0     0   69.00000    0   27   98.00000   69.00000  29.6%     -    0s

Cutting planes:
  Gomory: 1
  Zero half: 1
  RLT: 1
  BQP: 3

Explored 1 nodes (1750 simplex iterations) in 0.11 seconds (0.12 work units)
Thread count was 1 (of 12 available processors)

Solution count 7: 98 143 154 ... 1363

Optimal solution found (tolerance 1.00e-04)
Best objective 9.800000000000e+01, best bound 9.800000000000e+01, gap 0.0000%
98.0
