Set parameter Username
Academic license - for non-commercial use only - expires 2025-08-28
Set parameter Threads to value 1
Set parameter Method to value 4
Gurobi Optimizer version 11.0.0 build v11.0.0rc2 (mac64[arm] - Darwin 23.5.0 23F79)

CPU model: Apple M3 Pro
Thread count: 12 physical cores, 12 logical processors, using up to 1 threads

Optimize a model with 1206 rows, 216 columns and 3612 nonzeros
Model fingerprint: 0x291edcaa
Variable types: 126 continuous, 90 integer (90 binary)
Coefficient statistics:
  Matrix range     [1e+00, 1e+00]
  Objective range  [1e+01, 2e+02]
  Bounds range     [1e+00, 1e+00]
  RHS range        [1e+00, 2e+00]
Presolve removed 204 rows and 39 columns
Presolve time: 0.00s
Presolved: 1002 rows, 177 columns, 2952 nonzeros
Variable types: 0 continuous, 177 integer (177 binary)
Found heuristic solution: objective 838.0000000
Found heuristic solution: objective 693.0000000
Found heuristic solution: objective 680.0000000

Root relaxation: objective 0.000000e+00, 122 iterations, 0.00 seconds (0.00 work units)

    Nodes    |    Current Node    |     Objective Bounds      |     Work
 Expl Unexpl |  Obj  Depth IntInf | Incumbent    BestBd   Gap | It/Node Time

     0     0    0.00000    0   41  680.00000    0.00000   100%     -    0s
H    0     0                     147.0000000    0.00000   100%     -    0s
H    0     0                      97.0000000    0.00000   100%     -    0s
H    0     0                      95.0000000    0.00000   100%     -    0s
     0     0    0.00000    0   41   95.00000    0.00000   100%     -    0s
     0     0    0.00000    0   26   95.00000    0.00000   100%     -    0s
     0     0    0.00000    0   29   95.00000    0.00000   100%     -    0s
     0     0    0.00000    0   45   95.00000    0.00000   100%     -    0s
     0     0    0.00000    0   32   95.00000    0.00000   100%     -    0s
     0     0    0.00000    0   30   95.00000    0.00000   100%     -    0s
     0     0    0.00000    0   26   95.00000    0.00000   100%     -    0s
     0     0    0.00000    0   41   95.00000    0.00000   100%     -    0s
     0     0    0.00000    0   19   95.00000    0.00000   100%     -    0s
     0     0    0.00000    0   33   95.00000    0.00000   100%     -    0s
     0     0    0.00000    0   33   95.00000    0.00000   100%     -    0s
     0     2    0.00000    0   33   95.00000    0.00000   100%     -    0s

Cutting planes:
  Zero half: 11
  RLT: 7
  BQP: 3

Explored 13 nodes (1517 simplex iterations) in 0.09 seconds (0.11 work units)
Thread count was 1 (of 12 available processors)

Solution count 6: 95 97 147 ... 838

Optimal solution found (tolerance 1.00e-04)
Best objective 9.500000000000e+01, best bound 9.500000000000e+01, gap 0.0000%
95.0
