Set parameter Username
Academic license - for non-commercial use only - expires 2025-08-28
Set parameter Threads to value 1
Set parameter Method to value 4
Gurobi Optimizer version 11.0.0 build v11.0.0rc2 (mac64[arm] - Darwin 23.5.0 23F79)

CPU model: Apple M3 Pro
Thread count: 12 physical cores, 12 logical processors, using up to 1 threads

Optimize a model with 1095 rows, 201 columns and 3280 nonzeros
Model fingerprint: 0xd7e7b1a3
Variable types: 117 continuous, 84 integer (84 binary)
Coefficient statistics:
  Matrix range     [1e+00, 1e+00]
  Objective range  [1e+01, 1e+02]
  Bounds range     [1e+00, 1e+00]
  RHS range        [1e+00, 2e+00]
Found heuristic solution: objective 873.0000000
Presolve removed 499 rows and 69 columns
Presolve time: 0.00s
Presolved: 596 rows, 132 columns, 1749 nonzeros
Variable types: 0 continuous, 132 integer (132 binary)

Root relaxation: objective 0.000000e+00, 65 iterations, 0.00 seconds (0.00 work units)

    Nodes    |    Current Node    |     Objective Bounds      |     Work
 Expl Unexpl |  Obj  Depth IntInf | Incumbent    BestBd   Gap | It/Node Time

     0     0    0.00000    0   22  873.00000    0.00000   100%     -    0s
H    0     0                     364.0000000    0.00000   100%     -    0s
H    0     0                     345.0000000    0.00000   100%     -    0s
H    0     0                     321.0000000    0.00000   100%     -    0s
     0     0    0.00000    0   27  321.00000    0.00000   100%     -    0s
H    0     0                     198.0000000    0.00000   100%     -    0s
H    0     0                     180.0000000    0.00000   100%     -    0s
H    0     0                     102.0000000    0.00000   100%     -    0s
     0     0    0.00000    0   28  102.00000    0.00000   100%     -    0s
H    0     0                      58.0000000    0.00000   100%     -    0s
H    0     0                      53.0000000    0.00000   100%     -    0s
     0     0    0.00000    0   32   53.00000    0.00000   100%     -    0s
     0     0    0.00000    0   19   53.00000    0.00000   100%     -    0s
     0     0    0.00000    0   19   53.00000    0.00000   100%     -    0s
     0     0    0.00000    0   21   53.00000    0.00000   100%     -    0s
     0     0    0.00000    0   20   53.00000    0.00000   100%     -    0s
     0     0    0.00000    0   25   53.00000    0.00000   100%     -    0s
     0     0    0.00000    0   25   53.00000    0.00000   100%     -    0s
     0     0    0.00000    0   33   53.00000    0.00000   100%     -    0s
     0     0    0.00000    0   25   53.00000    0.00000   100%     -    0s
     0     0   29.00000    0   22   53.00000   29.00000  45.3%     -    0s
     0     0   29.00000    0   16   53.00000   29.00000  45.3%     -    0s
     0     0   29.00000    0   21   53.00000   29.00000  45.3%     -    0s
     0     0   29.00000    0   18   53.00000   29.00000  45.3%     -    0s
     0     0   32.00000    0   30   53.00000   32.00000  39.6%     -    0s
     0     0   41.00000    0   23   53.00000   41.00000  22.6%     -    0s

Cutting planes:
  Zero half: 9

Explored 1 nodes (1161 simplex iterations) in 0.08 seconds (0.07 work units)
Thread count was 1 (of 12 available processors)

Solution count 10: 53 58 102 ... 873

Optimal solution found (tolerance 1.00e-04)
Best objective 5.300000000000e+01, best bound 5.300000000000e+01, gap 0.0000%
53.0
