Set parameter Username
Academic license - for non-commercial use only - expires 2025-08-28
Set parameter Threads to value 1
Set parameter Method to value 4
Gurobi Optimizer version 11.0.0 build v11.0.0rc2 (mac64[arm] - Darwin 23.5.0 23F79)

CPU model: Apple M3 Pro
Thread count: 12 physical cores, 12 logical processors, using up to 1 threads

Optimize a model with 984 rows, 186 columns and 2948 nonzeros
Model fingerprint: 0x7e2d74b5
Variable types: 108 continuous, 78 integer (78 binary)
Coefficient statistics:
  Matrix range     [1e+00, 1e+00]
  Objective range  [1e+01, 9e+01]
  Bounds range     [1e+00, 1e+00]
  RHS range        [1e+00, 2e+00]
Found heuristic solution: objective 56.0000000
Presolve removed 584 rows and 81 columns
Presolve time: 0.00s
Presolved: 400 rows, 105 columns, 1128 nonzeros
Variable types: 0 continuous, 105 integer (105 binary)

Root relaxation: objective 0.000000e+00, 46 iterations, 0.00 seconds (0.00 work units)

    Nodes    |    Current Node    |     Objective Bounds      |     Work
 Expl Unexpl |  Obj  Depth IntInf | Incumbent    BestBd   Gap | It/Node Time

     0     0    0.00000    0   16   56.00000    0.00000   100%     -    0s
H    0     0                      30.0000000    0.00000   100%     -    0s
     0     0    0.00000    0   31   30.00000    0.00000   100%     -    0s
     0     0    0.00000    0   42   30.00000    0.00000   100%     -    0s
     0     0    0.00000    0   22   30.00000    0.00000   100%     -    0s
     0     0    3.75000    0   24   30.00000    3.75000  87.5%     -    0s
     0     0   15.00000    0   13   30.00000   15.00000  50.0%     -    0s
     0     0   15.00000    0   16   30.00000   15.00000  50.0%     -    0s
     0     0   15.00000    0   18   30.00000   15.00000  50.0%     -    0s
     0     0   15.00000    0   14   30.00000   15.00000  50.0%     -    0s
     0     0   15.00000    0   27   30.00000   15.00000  50.0%     -    0s
     0     0   15.00000    0   10   30.00000   15.00000  50.0%     -    0s
     0     0   15.00000    0   20   30.00000   15.00000  50.0%     -    0s
     0     0   15.00000    0   15   30.00000   15.00000  50.0%     -    0s
     0     0   15.00000    0   15   30.00000   15.00000  50.0%     -    0s
     0     0   15.00000    0   32   30.00000   15.00000  50.0%     -    0s
     0     0   15.00000    0   30   30.00000   15.00000  50.0%     -    0s

Cutting planes:
  Clique: 1
  MIR: 1
  Zero half: 12

Explored 1 nodes (699 simplex iterations) in 0.04 seconds (0.04 work units)
Thread count was 1 (of 12 available processors)

Solution count 2: 30 56 

Optimal solution found (tolerance 1.00e-04)
Best objective 3.000000000000e+01, best bound 3.000000000000e+01, gap 0.0000%
30.0
