Set parameter Username
Academic license - for non-commercial use only - expires 2025-08-28
Set parameter Threads to value 1
Set parameter Method to value 4
Gurobi Optimizer version 11.0.0 build v11.0.0rc2 (mac64[arm] - Darwin 23.5.0 23F79)

CPU model: Apple M3 Pro
Thread count: 12 physical cores, 12 logical processors, using up to 1 threads

Optimize a model with 984 rows, 186 columns and 2948 nonzeros
Model fingerprint: 0x7f2b8d9b
Variable types: 108 continuous, 78 integer (78 binary)
Coefficient statistics:
  Matrix range     [1e+00, 1e+00]
  Objective range  [1e+01, 9e+01]
  Bounds range     [1e+00, 1e+00]
  RHS range        [1e+00, 2e+00]
Presolve removed 548 rows and 75 columns
Presolve time: 0.00s
Presolved: 436 rows, 111 columns, 1272 nonzeros
Variable types: 0 continuous, 111 integer (111 binary)
Found heuristic solution: objective 801.0000000
Found heuristic solution: objective 304.0000000
Found heuristic solution: objective 167.0000000
Found heuristic solution: objective 52.0000000

Root relaxation: objective 0.000000e+00, 64 iterations, 0.00 seconds (0.00 work units)

    Nodes    |    Current Node    |     Objective Bounds      |     Work
 Expl Unexpl |  Obj  Depth IntInf | Incumbent    BestBd   Gap | It/Node Time

     0     0    0.00000    0   18   52.00000    0.00000   100%     -    0s
H    0     0                      22.0000000    0.00000   100%     -    0s
     0     0    0.00000    0   28   22.00000    0.00000   100%     -    0s
     0     0    0.00000    0   19   22.00000    0.00000   100%     -    0s
     0     0    0.00000    0   22   22.00000    0.00000   100%     -    0s
     0     0    0.00000    0   21   22.00000    0.00000   100%     -    0s
     0     0    2.75000    0   35   22.00000    2.75000  87.5%     -    0s
     0     0   11.00000    0   17   22.00000   11.00000  50.0%     -    0s
     0     0   11.00000    0   21   22.00000   11.00000  50.0%     -    0s

Cutting planes:
  MIR: 2
  Zero half: 10
  RLT: 2

Explored 1 nodes (386 simplex iterations) in 0.02 seconds (0.02 work units)
Thread count was 1 (of 12 available processors)

Solution count 5: 22 52 167 ... 801

Optimal solution found (tolerance 1.00e-04)
Best objective 2.200000000000e+01, best bound 2.200000000000e+01, gap 0.0000%
22.0
