Set parameter Username
Academic license - for non-commercial use only - expires 2025-08-28
Set parameter Threads to value 1
Set parameter Method to value 4
Gurobi Optimizer version 11.0.0 build v11.0.0rc2 (mac64[arm] - Darwin 23.5.0 23F79)

CPU model: Apple M3 Pro
Thread count: 12 physical cores, 12 logical processors, using up to 1 threads

Optimize a model with 1873 rows, 306 columns and 5605 nonzeros
Model fingerprint: 0x050aac17
Variable types: 180 continuous, 126 integer (126 binary)
Coefficient statistics:
  Matrix range     [1e+00, 1e+00]
  Objective range  [1e+01, 3e+02]
  Bounds range     [1e+00, 1e+00]
  RHS range        [1e+00, 2e+00]
Presolve removed 295 rows and 52 columns
Presolve time: 0.00s
Presolved: 1578 rows, 254 columns, 4620 nonzeros
Variable types: 0 continuous, 254 integer (254 binary)
Found heuristic solution: objective 3721.0000000
Found heuristic solution: objective 3546.0000000

Root relaxation: objective 0.000000e+00, 147 iterations, 0.00 seconds (0.01 work units)

    Nodes    |    Current Node    |     Objective Bounds      |     Work
 Expl Unexpl |  Obj  Depth IntInf | Incumbent    BestBd   Gap | It/Node Time

     0     0    0.00000    0   61 3546.00000    0.00000   100%     -    0s
H    0     0                    3016.0000000    0.00000   100%     -    0s
H    0     0                    2106.0000000    0.00000   100%     -    0s
H    0     0                    2061.0000000    0.00000   100%     -    0s
H    0     0                    1781.0000000    0.00000   100%     -    0s
     0     0    0.00000    0   70 1781.00000    0.00000   100%     -    0s
H    0     0                    1565.0000000    0.00000   100%     -    0s
H    0     0                    1353.0000000    0.00000   100%     -    0s
H    0     0                    1346.0000000    0.00000   100%     -    0s
H    0     0                    1324.0000000    0.00000   100%     -    0s
     0     0    0.00000    0   83 1324.00000    0.00000   100%     -    0s
H    0     0                    1244.0000000    0.00000   100%     -    0s
H    0     0                    1138.0000000    0.00000   100%     -    0s
H    0     0                    1088.0000000    0.00000   100%     -    0s
     0     0    0.00000    0   61 1088.00000    0.00000   100%     -    0s
H    0     0                     786.0000000    0.00000   100%     -    0s
H    0     0                     618.0000000    0.00000   100%     -    0s
     0     0    0.00000    0   97  618.00000    0.00000   100%     -    0s
     0     0    0.00000    0   89  618.00000    0.00000   100%     -    0s
     0     0    0.00000    0   86  618.00000    0.00000   100%     -    0s
H    0     0                     510.0000000    0.00000   100%     -    0s
     0     2    0.00000    0   70  510.00000    0.00000   100%     -    0s
H   82    43                     508.0000000    0.00000   100%  45.8    0s
H  240    94                     481.0000000   62.00000  87.1%  38.2    0s
H  604   202                     467.0000000  148.00000  68.3%  33.8    0s

Cutting planes:
  Zero half: 2
  RLT: 4
  BQP: 9

Explored 3292 nodes (85076 simplex iterations) in 3.23 seconds (4.08 work units)
Thread count was 1 (of 12 available processors)

Solution count 10: 467 481 508 ... 1324

Optimal solution found (tolerance 1.00e-04)
Best objective 4.670000000000e+02, best bound 4.670000000000e+02, gap 0.0000%
467.0
