Set parameter Username
Academic license - for non-commercial use only - expires 2025-08-28
Set parameter Threads to value 1
Set parameter Method to value 4
Gurobi Optimizer version 11.0.0 build v11.0.0rc2 (mac64[arm] - Darwin 23.5.0 23F79)

CPU model: Apple M3 Pro
Thread count: 12 physical cores, 12 logical processors, using up to 1 threads

Optimize a model with 1874 rows, 306 columns and 5606 nonzeros
Model fingerprint: 0x3d237e45
Variable types: 180 continuous, 126 integer (126 binary)
Coefficient statistics:
  Matrix range     [1e+00, 1e+00]
  Objective range  [1e+01, 3e+02]
  Bounds range     [1e+00, 1e+00]
  RHS range        [1e+00, 2e+00]
Presolve removed 302 rows and 53 columns
Presolve time: 0.01s
Presolved: 1572 rows, 253 columns, 4596 nonzeros
Variable types: 0 continuous, 253 integer (253 binary)
Found heuristic solution: objective 3160.0000000
Found heuristic solution: objective 1604.0000000

Root relaxation: objective 0.000000e+00, 158 iterations, 0.00 seconds (0.01 work units)

    Nodes    |    Current Node    |     Objective Bounds      |     Work
 Expl Unexpl |  Obj  Depth IntInf | Incumbent    BestBd   Gap | It/Node Time

     0     0    0.00000    0   47 1604.00000    0.00000   100%     -    0s
H    0     0                     920.0000000    0.00000   100%     -    0s
     0     0    0.00000    0   75  920.00000    0.00000   100%     -    0s
H    0     0                     856.0000000    0.00000   100%     -    0s
H    0     0                     826.0000000    0.00000   100%     -    0s
     0     0    0.00000    0   59  826.00000    0.00000   100%     -    0s
H    0     0                     825.0000000    0.00000   100%     -    0s
     0     0    0.00000    0   84  825.00000    0.00000   100%     -    0s
     0     0    0.00000    0   78  825.00000    0.00000   100%     -    0s
     0     0    0.00000    0   74  825.00000    0.00000   100%     -    0s
     0     0    0.00000    0   74  825.00000    0.00000   100%     -    0s
     0     2    0.00000    0   74  825.00000    0.00000   100%     -    0s
H   53    32                     735.0000000   11.75000  98.4%  51.9    0s
*   73    49              24     583.0000000   11.75000  98.0%  46.8    0s
H   82    43                     513.0000000   13.00000  97.5%  42.0    0s
H  109    70                     489.0000000   22.00000  95.5%  51.7    0s
H  187   111                     475.0000000   59.00000  87.6%  49.8    0s
H  897   327                     452.0000000  135.00000  70.1%  40.3    1s
* 2121   163              35     442.0000000  287.00000  35.1%  31.9    3s

Cutting planes:
  Zero half: 3
  RLT: 6
  BQP: 10

Explored 2965 nodes (83600 simplex iterations) in 4.33 seconds (4.86 work units)
Thread count was 1 (of 12 available processors)

Solution count 10: 442 452 475 ... 856

Optimal solution found (tolerance 1.00e-04)
Best objective 4.420000000000e+02, best bound 4.420000000000e+02, gap 0.0000%
442.0
