Set parameter Username
Academic license - for non-commercial use only - expires 2025-08-28
Set parameter Threads to value 1
Set parameter Method to value 4
Gurobi Optimizer version 11.0.0 build v11.0.0rc2 (mac64[arm] - Darwin 23.5.0 23F79)

CPU model: Apple M3 Pro
Thread count: 12 physical cores, 12 logical processors, using up to 1 threads

Optimize a model with 1317 rows, 231 columns and 3944 nonzeros
Model fingerprint: 0x496f20bd
Variable types: 135 continuous, 96 integer (96 binary)
Coefficient statistics:
  Matrix range     [1e+00, 1e+00]
  Objective range  [1e+01, 2e+02]
  Bounds range     [1e+00, 1e+00]
  RHS range        [1e+00, 2e+00]
Found heuristic solution: objective 1172.0000000
Presolve removed 218 rows and 41 columns
Presolve time: 0.00s
Presolved: 1099 rows, 190 columns, 3234 nonzeros
Variable types: 0 continuous, 190 integer (190 binary)

Root relaxation: objective 0.000000e+00, 88 iterations, 0.00 seconds (0.00 work units)

    Nodes    |    Current Node    |     Objective Bounds      |     Work
 Expl Unexpl |  Obj  Depth IntInf | Incumbent    BestBd   Gap | It/Node Time

     0     0    0.00000    0   30 1172.00000    0.00000   100%     -    0s
H    0     0                     329.0000000    0.00000   100%     -    0s
H    0     0                     318.0000000    0.00000   100%     -    0s
     0     0    0.00000    0   74  318.00000    0.00000   100%     -    0s
H    0     0                     290.0000000    0.00000   100%     -    0s
H    0     0                     190.0000000    0.00000   100%     -    0s
     0     0    0.00000    0   20  190.00000    0.00000   100%     -    0s
H    0     0                     174.0000000    0.00000   100%     -    0s
H    0     0                     134.0000000    0.00000   100%     -    0s
     0     0    0.00000    0   32  134.00000    0.00000   100%     -    0s
     0     0    0.00000    0   45  134.00000    0.00000   100%     -    0s
     0     0    0.00000    0   45  134.00000    0.00000   100%     -    0s
     0     0    0.00000    0   38  134.00000    0.00000   100%     -    0s
     0     0    0.00000    0   38  134.00000    0.00000   100%     -    0s
     0     0    0.00000    0   36  134.00000    0.00000   100%     -    0s
     0     0    0.00000    0   36  134.00000    0.00000   100%     -    0s
     0     0    0.00000    0   36  134.00000    0.00000   100%     -    0s
     0     2    0.00000    0   36  134.00000    0.00000   100%     -    0s

Cutting planes:
  MIR: 3
  Inf proof: 6
  Zero half: 11
  RLT: 8
  BQP: 9

Explored 310 nodes (6863 simplex iterations) in 0.35 seconds (0.40 work units)
Thread count was 1 (of 12 available processors)

Solution count 7: 134 174 190 ... 1172

Optimal solution found (tolerance 1.00e-04)
Best objective 1.340000000000e+02, best bound 1.340000000000e+02, gap 0.0000%
134.0
