Set parameter Username
Academic license - for non-commercial use only - expires 2025-08-28
Set parameter Threads to value 1
Set parameter Method to value 4
Gurobi Optimizer version 11.0.0 build v11.0.0rc2 (mac64[arm] - Darwin 23.5.0 23F79)

CPU model: Apple M3 Pro
Thread count: 12 physical cores, 12 logical processors, using up to 1 threads

Optimize a model with 1429 rows, 246 columns and 4277 nonzeros
Model fingerprint: 0x6393c641
Variable types: 144 continuous, 102 integer (102 binary)
Coefficient statistics:
  Matrix range     [1e+00, 1e+00]
  Objective range  [1e+01, 2e+02]
  Bounds range     [1e+00, 1e+00]
  RHS range        [1e+00, 2e+00]
Presolve removed 515 rows and 71 columns
Presolve time: 0.01s
Presolved: 914 rows, 175 columns, 2670 nonzeros
Variable types: 0 continuous, 175 integer (175 binary)
Found heuristic solution: objective 1149.0000000
Found heuristic solution: objective 1120.0000000

Root relaxation: objective 0.000000e+00, 95 iterations, 0.00 seconds (0.00 work units)

    Nodes    |    Current Node    |     Objective Bounds      |     Work
 Expl Unexpl |  Obj  Depth IntInf | Incumbent    BestBd   Gap | It/Node Time

     0     0    0.00000    0   38 1120.00000    0.00000   100%     -    0s
H    0     0                     910.0000000    0.00000   100%     -    0s
H    0     0                     650.0000000    0.00000   100%     -    0s
H    0     0                     510.0000000    0.00000   100%     -    0s
     0     0    0.00000    0   56  510.00000    0.00000   100%     -    0s
H    0     0                     462.0000000    0.00000   100%     -    0s
     0     0    0.00000    0   33  462.00000    0.00000   100%     -    0s
H    0     0                     193.0000000    0.00000   100%     -    0s
H    0     0                     189.0000000    0.00000   100%     -    0s
     0     0    0.00000    0   32  189.00000    0.00000   100%     -    0s
     0     0    0.00000    0   45  189.00000    0.00000   100%     -    0s
H    0     0                     167.0000000    0.00000   100%     -    0s
     0     0    0.00000    0   67  167.00000    0.00000   100%     -    0s
     0     0    0.00000    0   58  167.00000    0.00000   100%     -    0s
H    0     0                     149.0000000    0.00000   100%     -    0s
H    0     0                     138.0000000    0.00000   100%     -    0s
     0     0    0.00000    0   60  138.00000    0.00000   100%     -    0s
     0     0    0.00000    0   47  138.00000    0.00000   100%     -    0s
     0     0    0.00000    0   48  138.00000    0.00000   100%     -    0s
     0     0    0.00000    0   31  138.00000    0.00000   100%     -    0s
     0     0    0.00000    0   31  138.00000    0.00000   100%     -    0s
     0     2    0.00000    0   31  138.00000    0.00000   100%     -    0s

Cutting planes:
  MIR: 2
  Inf proof: 6
  Zero half: 21
  RLT: 22
  BQP: 17

Explored 498 nodes (12472 simplex iterations) in 0.41 seconds (0.50 work units)
Thread count was 1 (of 12 available processors)

Solution count 10: 138 149 167 ... 1120

Optimal solution found (tolerance 1.00e-04)
Best objective 1.380000000000e+02, best bound 1.380000000000e+02, gap 0.0000%
138.0
