Set parameter Username
Academic license - for non-commercial use only - expires 2025-08-28
Set parameter Threads to value 1
Set parameter Method to value 4
Gurobi Optimizer version 11.0.0 build v11.0.0rc2 (mac64[arm] - Darwin 23.5.0 23F79)

CPU model: Apple M3 Pro
Thread count: 12 physical cores, 12 logical processors, using up to 1 threads

Optimize a model with 1095 rows, 201 columns and 3280 nonzeros
Model fingerprint: 0x2a10c938
Variable types: 117 continuous, 84 integer (84 binary)
Coefficient statistics:
  Matrix range     [1e+00, 1e+00]
  Objective range  [2e+01, 2e+02]
  Bounds range     [1e+00, 1e+00]
  RHS range        [1e+00, 2e+00]
Found heuristic solution: objective 1011.0000000
Presolve removed 499 rows and 69 columns
Presolve time: 0.01s
Presolved: 596 rows, 132 columns, 1749 nonzeros
Variable types: 0 continuous, 132 integer (132 binary)

Root relaxation: objective 0.000000e+00, 65 iterations, 0.00 seconds (0.00 work units)

    Nodes    |    Current Node    |     Objective Bounds      |     Work
 Expl Unexpl |  Obj  Depth IntInf | Incumbent    BestBd   Gap | It/Node Time

     0     0    0.00000    0   22 1011.00000    0.00000   100%     -    0s
H    0     0                     460.0000000    0.00000   100%     -    0s
H    0     0                     448.0000000    0.00000   100%     -    0s
H    0     0                     343.0000000    0.00000   100%     -    0s
H    0     0                     311.0000000    0.00000   100%     -    0s
     0     0    0.00000    0   27  311.00000    0.00000   100%     -    0s
H    0     0                     220.0000000    0.00000   100%     -    0s
H    0     0                     102.0000000    0.00000   100%     -    0s
H    0     0                      67.0000000    0.00000   100%     -    0s
     0     0    0.00000    0   33   67.00000    0.00000   100%     -    0s
     0     0    0.00000    0   31   67.00000    0.00000   100%     -    0s
     0     0    0.00000    0   27   67.00000    0.00000   100%     -    0s
     0     0    0.00000    0   20   67.00000    0.00000   100%     -    0s
     0     0    0.00000    0   19   67.00000    0.00000   100%     -    0s
     0     0    0.00000    0   33   67.00000    0.00000   100%     -    0s
     0     0    0.00000    0   24   67.00000    0.00000   100%     -    0s
     0     0    0.00000    0   23   67.00000    0.00000   100%     -    0s
     0     0    0.00000    0   21   67.00000    0.00000   100%     -    0s
     0     0    0.00000    0   37   67.00000    0.00000   100%     -    0s
     0     0   35.00000    0   26   67.00000   35.00000  47.8%     -    0s
     0     0 infeasible    0        67.00000   67.00000  0.00%     -    0s

Cutting planes:
  Gomory: 3
  Clique: 7
  Zero half: 6
  RLT: 3
  BQP: 2

Explored 1 nodes (1216 simplex iterations) in 0.06 seconds (0.06 work units)
Thread count was 1 (of 12 available processors)

Solution count 9: 67 102 220 ... 1011

Optimal solution found (tolerance 1.00e-04)
Best objective 6.700000000000e+01, best bound 6.700000000000e+01, gap 0.0000%
67.0
