Set parameter Username
Academic license - for non-commercial use only - expires 2025-08-28
Set parameter Threads to value 1
Set parameter Method to value 4
Gurobi Optimizer version 11.0.0 build v11.0.0rc2 (mac64[arm] - Darwin 23.5.0 23F79)

CPU model: Apple M3 Pro
Thread count: 12 physical cores, 12 logical processors, using up to 1 threads

Optimize a model with 1317 rows, 231 columns and 3944 nonzeros
Model fingerprint: 0x24096ce6
Variable types: 135 continuous, 96 integer (96 binary)
Coefficient statistics:
  Matrix range     [1e+00, 1e+00]
  Objective range  [1e+01, 2e+02]
  Bounds range     [1e+00, 1e+00]
  RHS range        [1e+00, 2e+00]
Presolve removed 599 rows and 79 columns
Presolve time: 0.01s
Presolved: 718 rows, 152 columns, 2097 nonzeros
Variable types: 0 continuous, 152 integer (152 binary)
Found heuristic solution: objective 1170.0000000
Found heuristic solution: objective 1068.0000000
Found heuristic solution: objective 572.0000000

Root relaxation: objective 0.000000e+00, 87 iterations, 0.00 seconds (0.00 work units)

    Nodes    |    Current Node    |     Objective Bounds      |     Work
 Expl Unexpl |  Obj  Depth IntInf | Incumbent    BestBd   Gap | It/Node Time

     0     0    0.00000    0   40  572.00000    0.00000   100%     -    0s
H    0     0                     156.0000000    0.00000   100%     -    0s
H    0     0                     122.0000000    0.00000   100%     -    0s
H    0     0                     112.0000000    0.00000   100%     -    0s
     0     0    0.00000    0   48  112.00000    0.00000   100%     -    0s
H    0     0                      72.0000000    0.00000   100%     -    0s
     0     0    0.00000    0   29   72.00000    0.00000   100%     -    0s
     0     0    0.00000    0   17   72.00000    0.00000   100%     -    0s
     0     0    0.00000    0   17   72.00000    0.00000   100%     -    0s
     0     0    0.00000    0   18   72.00000    0.00000   100%     -    0s
     0     0    0.00000    0   34   72.00000    0.00000   100%     -    0s
     0     0    0.00000    0   30   72.00000    0.00000   100%     -    0s
     0     0    0.00000    0   29   72.00000    0.00000   100%     -    0s
     0     0    0.00000    0   24   72.00000    0.00000   100%     -    0s
     0     0    0.00000    0   33   72.00000    0.00000   100%     -    0s
     0     0   48.00000    0   49   72.00000   48.00000  33.3%     -    0s
     0     0   56.00000    0   25   72.00000   56.00000  22.2%     -    0s
     0     0   56.00000    0   23   72.00000   56.00000  22.2%     -    0s
     0     0   56.00000    0   19   72.00000   56.00000  22.2%     -    0s
     0     0   57.50000    0   37   72.00000   57.50000  20.1%     -    0s
     0     0   57.50000    0   38   72.00000   57.50000  20.1%     -    0s
     0     0   57.50000    0   21   72.00000   57.50000  20.1%     -    0s
     0     0 infeasible    0        72.00000   72.00000  0.00%     -    0s

Cutting planes:
  Gomory: 1
  Clique: 2
  MIR: 2
  Zero half: 8
  RLT: 4
  BQP: 4

Explored 1 nodes (1483 simplex iterations) in 0.08 seconds (0.10 work units)
Thread count was 1 (of 12 available processors)

Solution count 8: 72 72 112 ... 1170

Optimal solution found (tolerance 1.00e-04)
Best objective 7.200000000000e+01, best bound 7.200000000000e+01, gap 0.0000%
72.0
