Set parameter Username
Academic license - for non-commercial use only - expires 2025-08-28
Set parameter Threads to value 1
Set parameter Method to value 4
Gurobi Optimizer version 11.0.0 build v11.0.0rc2 (mac64[arm] - Darwin 23.5.0 23F79)

CPU model: Apple M3 Pro
Thread count: 12 physical cores, 12 logical processors, using up to 1 threads

Optimize a model with 1651 rows, 276 columns and 4941 nonzeros
Model fingerprint: 0xfe3bb7c1
Variable types: 162 continuous, 114 integer (114 binary)
Coefficient statistics:
  Matrix range     [1e+00, 1e+00]
  Objective range  [1e+01, 3e+02]
  Bounds range     [1e+00, 1e+00]
  RHS range        [1e+00, 2e+00]
Presolve removed 267 rows and 48 columns
Presolve time: 0.01s
Presolved: 1384 rows, 228 columns, 4056 nonzeros
Variable types: 0 continuous, 228 integer (228 binary)
Found heuristic solution: objective 3110.0000000
Found heuristic solution: objective 2899.0000000
Found heuristic solution: objective 2749.0000000

Root relaxation: objective 0.000000e+00, 94 iterations, 0.00 seconds (0.00 work units)

    Nodes    |    Current Node    |     Objective Bounds      |     Work
 Expl Unexpl |  Obj  Depth IntInf | Incumbent    BestBd   Gap | It/Node Time

     0     0    0.00000    0   37 2749.00000    0.00000   100%     -    0s
H    0     0                    2160.0000000    0.00000   100%     -    0s
H    0     0                    1201.0000000    0.00000   100%     -    0s
H    0     0                    1146.0000000    0.00000   100%     -    0s
H    0     0                    1058.0000000    0.00000   100%     -    0s
     0     0    0.00000    0   91 1058.00000    0.00000   100%     -    0s
H    0     0                     864.0000000    0.00000   100%     -    0s
     0     0    0.00000    0   78  864.00000    0.00000   100%     -    0s
H    0     0                     859.0000000    0.00000   100%     -    0s
H    0     0                     685.0000000    0.00000   100%     -    0s
     0     0    0.00000    0   80  685.00000    0.00000   100%     -    0s
     0     0    0.00000    0   57  685.00000    0.00000   100%     -    0s
H    0     0                     555.0000000    0.00000   100%     -    0s
H    0     0                     544.0000000    0.00000   100%     -    0s
     0     0    0.00000    0   62  544.00000    0.00000   100%     -    0s
     0     0    0.00000    0   62  544.00000    0.00000   100%     -    0s
H    0     0                     539.0000000    0.00000   100%     -    0s
H    0     0                     408.0000000    0.00000   100%     -    0s
H    0     0                     386.0000000    0.00000   100%     -    0s
     0     0    0.00000    0   81  386.00000    0.00000   100%     -    0s
     0     0    0.00000    0   61  386.00000    0.00000   100%     -    0s
     0     0    0.00000    0   59  386.00000    0.00000   100%     -    0s
     0     2    0.00000    0   59  386.00000    0.00000   100%     -    0s
H  111    50                     384.0000000   25.00000  93.5%  44.6    0s
H  138    72                     373.0000000   25.00000  93.3%  51.4    0s
H  269    93                     332.0000000   66.62500  79.9%  43.5    0s
H  414   110                     312.0000000   92.00000  70.5%  40.2    0s

Cutting planes:
  MIR: 2
  Inf proof: 11
  Zero half: 40
  RLT: 30
  BQP: 39

Explored 1413 nodes (42386 simplex iterations) in 1.78 seconds (2.14 work units)
Thread count was 1 (of 12 available processors)

Solution count 10: 312 332 373 ... 685

Optimal solution found (tolerance 1.00e-04)
Best objective 3.120000000000e+02, best bound 3.120000000000e+02, gap 0.0000%
312.0
