Set parameter Username
Academic license - for non-commercial use only - expires 2025-08-28
Set parameter Threads to value 1
Set parameter Method to value 4
Gurobi Optimizer version 11.0.0 build v11.0.0rc2 (mac64[arm] - Darwin 23.5.0 23F79)

CPU model: Apple M3 Pro
Thread count: 12 physical cores, 12 logical processors, using up to 1 threads

Optimize a model with 1272 rows, 225 columns and 3816 nonzeros
Model fingerprint: 0xd388a945
Variable types: 134 continuous, 91 integer (91 binary)
Coefficient statistics:
  Matrix range     [1e+00, 1e+00]
  Objective range  [1e+01, 9e+01]
  Bounds range     [1e+00, 1e+00]
  RHS range        [1e+00, 2e+00]
Found heuristic solution: objective 146.0000000
Presolve removed 722 rows and 89 columns
Presolve time: 0.00s
Presolved: 550 rows, 136 columns, 1596 nonzeros
Variable types: 0 continuous, 136 integer (136 binary)

Root relaxation: objective 0.000000e+00, 71 iterations, 0.00 seconds (0.00 work units)

    Nodes    |    Current Node    |     Objective Bounds      |     Work
 Expl Unexpl |  Obj  Depth IntInf | Incumbent    BestBd   Gap | It/Node Time

     0     0    0.00000    0   15  146.00000    0.00000   100%     -    0s
H    0     0                      13.0000000    0.00000   100%     -    0s
     0     0    0.00000    0   29   13.00000    0.00000   100%     -    0s

Cutting planes:
  Gomory: 1
  Zero half: 1
  RLT: 2

Explored 1 nodes (210 simplex iterations) in 0.01 seconds (0.01 work units)
Thread count was 1 (of 12 available processors)

Solution count 2: 13 146 

Optimal solution found (tolerance 1.00e-04)
Best objective 1.300000000000e+01, best bound 1.300000000000e+01, gap 0.0000%
13.0
