Set parameter Username
Academic license - for non-commercial use only - expires 2025-08-28
Set parameter Threads to value 1
Set parameter Method to value 4
Gurobi Optimizer version 11.0.0 build v11.0.0rc2 (mac64[arm] - Darwin 23.5.0 23F79)

CPU model: Apple M3 Pro
Thread count: 12 physical cores, 12 logical processors, using up to 1 threads

Optimize a model with 2176 rows, 337 columns and 6526 nonzeros
Model fingerprint: 0xf23e6833
Variable types: 197 continuous, 140 integer (140 binary)
Coefficient statistics:
  Matrix range     [1e+00, 1e+00]
  Objective range  [1e+01, 3e+02]
  Bounds range     [1e+00, 1e+00]
  RHS range        [1e+00, 2e+00]
Presolve removed 352 rows and 58 columns
Presolve time: 0.01s
Presolved: 1824 rows, 279 columns, 5355 nonzeros
Variable types: 0 continuous, 279 integer (279 binary)
Found heuristic solution: objective 3434.0000000
Found heuristic solution: objective 3245.0000000

Root relaxation: objective 0.000000e+00, 158 iterations, 0.00 seconds (0.01 work units)

    Nodes    |    Current Node    |     Objective Bounds      |     Work
 Expl Unexpl |  Obj  Depth IntInf | Incumbent    BestBd   Gap | It/Node Time

     0     0    0.00000    0   44 3245.00000    0.00000   100%     -    0s
H    0     0                    2167.0000000    0.00000   100%     -    0s
H    0     0                    1488.0000000    0.00000   100%     -    0s
H    0     0                    1032.0000000    0.00000   100%     -    0s
H    0     0                     876.0000000    0.00000   100%     -    0s
     0     0    0.00000    0   97  876.00000    0.00000   100%     -    0s
H    0     0                     839.0000000    0.00000   100%     -    0s
     0     0    0.00000    0   80  839.00000    0.00000   100%     -    0s
H    0     0                     736.0000000    0.00000   100%     -    0s
H    0     0                     724.0000000    0.00000   100%     -    0s
     0     0    0.00000    0   85  724.00000    0.00000   100%     -    0s
     0     0    0.00000    0   90  724.00000    0.00000   100%     -    0s
H    0     0                     612.0000000    0.00000   100%     -    0s
     0     0    0.00000    0  102  612.00000    0.00000   100%     -    0s
     0     0    0.00000    0   88  612.00000    0.00000   100%     -    0s
H    0     0                     531.0000000    0.00000   100%     -    0s
H    0     0                     511.0000000    0.00000   100%     -    0s
     0     0    0.00000    0   78  511.00000    0.00000   100%     -    0s
     0     0    0.00000    0   91  511.00000    0.00000   100%     -    0s
     0     0    0.00000    0   89  511.00000    0.00000   100%     -    0s
H    0     0                     472.0000000    0.00000   100%     -    0s
     0     2    0.00000    0   85  472.00000    0.00000   100%     -    0s
H  105    65                     428.0000000    6.25000  98.5%  49.9    0s
H  164   103                     416.0000000    7.75000  98.1%  49.2    0s
H  393   223                     397.0000000   23.16667  94.2%  49.0    0s
H  471   260                     379.0000000   27.00000  92.9%  50.2    1s
H 1068   384                     371.0000000  143.25000  61.4%  47.6    2s

Cutting planes:
  Zero half: 7
  RLT: 11
  BQP: 12

Explored 2587 nodes (91554 simplex iterations) in 4.64 seconds (5.60 work units)
Thread count was 1 (of 12 available processors)

Solution count 10: 371 379 397 ... 724

Optimal solution found (tolerance 1.00e-04)
Best objective 3.710000000000e+02, best bound 3.710000000000e+02, gap 0.0000%
371.0
