Set parameter Username
Academic license - for non-commercial use only - expires 2025-08-28
Set parameter Threads to value 1
Set parameter Method to value 4
Gurobi Optimizer version 11.0.0 build v11.0.0rc2 (mac64[arm] - Darwin 23.5.0 23F79)

CPU model: Apple M3 Pro
Thread count: 12 physical cores, 12 logical processors, using up to 1 threads

Optimize a model with 2047 rows, 321 columns and 6139 nonzeros
Model fingerprint: 0x061616ce
Variable types: 188 continuous, 133 integer (133 binary)
Coefficient statistics:
  Matrix range     [1e+00, 1e+00]
  Objective range  [1e+01, 3e+02]
  Bounds range     [1e+00, 1e+00]
  RHS range        [1e+00, 2e+00]
Presolve removed 336 rows and 56 columns
Presolve time: 0.00s
Presolved: 1711 rows, 265 columns, 5026 nonzeros
Variable types: 0 continuous, 265 integer (265 binary)
Found heuristic solution: objective 3168.0000000
Found heuristic solution: objective 3021.0000000

Root relaxation: objective 0.000000e+00, 164 iterations, 0.00 seconds (0.01 work units)

    Nodes    |    Current Node    |     Objective Bounds      |     Work
 Expl Unexpl |  Obj  Depth IntInf | Incumbent    BestBd   Gap | It/Node Time

     0     0    0.00000    0   56 3021.00000    0.00000   100%     -    0s
H    0     0                    1701.0000000    0.00000   100%     -    0s
H    0     0                    1276.0000000    0.00000   100%     -    0s
     0     0    0.00000    0   81 1276.00000    0.00000   100%     -    0s
H    0     0                    1086.0000000    0.00000   100%     -    0s
     0     0    0.00000    0   75 1086.00000    0.00000   100%     -    0s
H    0     0                     745.0000000    0.00000   100%     -    0s
H    0     0                     572.0000000    0.00000   100%     -    0s
     0     0    0.00000    0   72  572.00000    0.00000   100%     -    0s
     0     0    0.00000    0  103  572.00000    0.00000   100%     -    0s
H    0     0                     345.0000000    0.00000   100%     -    0s
     0     0    0.00000    0  109  345.00000    0.00000   100%     -    0s
     0     0    0.00000    0   62  345.00000    0.00000   100%     -    0s
H    0     0                     339.0000000    0.00000   100%     -    0s
H    0     0                     329.0000000    0.00000   100%     -    0s
     0     0    0.00000    0   56  329.00000    0.00000   100%     -    0s
     0     0    0.00000    0   68  329.00000    0.00000   100%     -    0s
     0     0    0.00000    0   68  329.00000    0.00000   100%     -    0s
H    0     0                     285.0000000    0.00000   100%     -    0s
     0     2    0.00000    0   68  285.00000    0.00000   100%     -    0s
H  251   112                     272.0000000   33.00000  87.9%  33.7    0s

Cutting planes:
  Zero half: 1
  RLT: 3
  BQP: 5

Explored 3437 nodes (89719 simplex iterations) in 4.16 seconds (4.92 work units)
Thread count was 1 (of 12 available processors)

Solution count 10: 272 285 329 ... 1701

Optimal solution found (tolerance 1.00e-04)
Best objective 2.720000000000e+02, best bound 2.720000000000e+02, gap 0.0000%
272.0
