Set parameter Username
Academic license - for non-commercial use only - expires 2025-08-28
Set parameter Threads to value 1
Set parameter Method to value 4
Gurobi Optimizer version 11.0.0 build v11.0.0rc2 (mac64[arm] - Darwin 23.5.0 23F79)

CPU model: Apple M3 Pro
Thread count: 12 physical cores, 12 logical processors, using up to 1 threads

Optimize a model with 2176 rows, 337 columns and 6526 nonzeros
Model fingerprint: 0x515bd0a8
Variable types: 197 continuous, 140 integer (140 binary)
Coefficient statistics:
  Matrix range     [1e+00, 1e+00]
  Objective range  [1e+01, 3e+02]
  Bounds range     [1e+00, 1e+00]
  RHS range        [1e+00, 2e+00]
Presolve removed 352 rows and 58 columns
Presolve time: 0.00s
Presolved: 1824 rows, 279 columns, 5355 nonzeros
Variable types: 0 continuous, 279 integer (279 binary)
Found heuristic solution: objective 2809.0000000
Found heuristic solution: objective 2659.0000000

Root relaxation: objective 0.000000e+00, 147 iterations, 0.00 seconds (0.01 work units)

    Nodes    |    Current Node    |     Objective Bounds      |     Work
 Expl Unexpl |  Obj  Depth IntInf | Incumbent    BestBd   Gap | It/Node Time

     0     0    0.00000    0   44 2659.00000    0.00000   100%     -    0s
H    0     0                    1813.0000000    0.00000   100%     -    0s
H    0     0                    1189.0000000    0.00000   100%     -    0s
H    0     0                     949.0000000    0.00000   100%     -    0s
     0     0    0.00000    0   76  949.00000    0.00000   100%     -    0s
H    0     0                     885.0000000    0.00000   100%     -    0s
H    0     0                     847.0000000    0.00000   100%     -    0s
H    0     0                     542.0000000    0.00000   100%     -    0s
     0     0    0.00000    0   92  542.00000    0.00000   100%     -    0s
     0     0    0.00000    0   92  542.00000    0.00000   100%     -    0s
     0     0    0.00000    0   53  542.00000    0.00000   100%     -    0s
H    0     0                     531.0000000    0.00000   100%     -    0s
H    0     0                     472.0000000    0.00000   100%     -    0s
     0     0    0.00000    0   46  472.00000    0.00000   100%     -    0s
     0     0    0.00000    0   88  472.00000    0.00000   100%     -    0s
     0     0    0.00000    0   88  472.00000    0.00000   100%     -    0s
H    0     0                     322.0000000    0.00000   100%     -    0s
H    0     0                     311.0000000    0.00000   100%     -    0s
     0     2    0.00000    0   88  311.00000    0.00000   100%     -    0s
H  135    84                     301.0000000   16.66667  94.5%  51.7    0s
H  183   108                     292.0000000   20.00000  93.2%  49.5    0s
H  662   225                     282.0000000   48.00000  83.0%  35.8    1s
  3186   144  236.31429   26   70  282.00000  220.00000  22.0%  27.2    5s

Cutting planes:
  Gomory: 1
  Zero half: 5
  RLT: 17
  BQP: 19

Explored 3737 nodes (97561 simplex iterations) in 5.51 seconds (6.57 work units)
Thread count was 1 (of 12 available processors)

Solution count 10: 282 292 301 ... 885

Optimal solution found (tolerance 1.00e-04)
Best objective 2.820000000000e+02, best bound 2.820000000000e+02, gap 0.0000%
282.0
