Set parameter Username
Academic license - for non-commercial use only - expires 2025-08-28
Set parameter Threads to value 1
Set parameter Method to value 4
Gurobi Optimizer version 11.0.0 build v11.0.0rc2 (mac64[arm] - Darwin 23.5.0 23F79)

CPU model: Apple M3 Pro
Thread count: 12 physical cores, 12 logical processors, using up to 1 threads

Optimize a model with 1788 rows, 289 columns and 5364 nonzeros
Model fingerprint: 0xc797605b
Variable types: 170 continuous, 119 integer (119 binary)
Coefficient statistics:
  Matrix range     [1e+00, 1e+00]
  Objective range  [1e+01, 2e+02]
  Bounds range     [1e+00, 1e+00]
  RHS range        [1e+00, 2e+00]
Presolve removed 296 rows and 51 columns
Presolve time: 0.01s
Presolved: 1492 rows, 238 columns, 4396 nonzeros
Variable types: 0 continuous, 238 integer (238 binary)
Found heuristic solution: objective 779.0000000

Root relaxation: objective 0.000000e+00, 143 iterations, 0.00 seconds (0.01 work units)

    Nodes    |    Current Node    |     Objective Bounds      |     Work
 Expl Unexpl |  Obj  Depth IntInf | Incumbent    BestBd   Gap | It/Node Time

     0     0    0.00000    0   31  779.00000    0.00000   100%     -    0s
H    0     0                     553.0000000    0.00000   100%     -    0s
H    0     0                     457.0000000    0.00000   100%     -    0s
     0     0    0.00000    0   66  457.00000    0.00000   100%     -    0s
H    0     0                     379.0000000    0.00000   100%     -    0s
H    0     0                     378.0000000    0.00000   100%     -    0s
     0     0    0.00000    0   65  378.00000    0.00000   100%     -    0s
     0     0    0.00000    0   57  378.00000    0.00000   100%     -    0s
H    0     0                     318.0000000    0.00000   100%     -    0s
H    0     0                     304.0000000    0.00000   100%     -    0s
     0     0    0.00000    0   57  304.00000    0.00000   100%     -    0s
     0     0    0.00000    0   44  304.00000    0.00000   100%     -    0s
     0     0    0.00000    0   63  304.00000    0.00000   100%     -    0s
H    0     0                     226.0000000    0.00000   100%     -    0s
     0     0    0.00000    0   61  226.00000    0.00000   100%     -    0s
     0     0    0.00000    0   39  226.00000    0.00000   100%     -    0s
     0     0    0.00000    0   39  226.00000    0.00000   100%     -    0s
     0     2    0.00000    0   28  226.00000    0.00000   100%     -    0s
*   69    48              15     221.0000000   21.33333  90.3%  37.5    0s
*  184    64              17     208.0000000   39.33333  81.1%  26.5    0s
H  240    80                     196.0000000   53.03175  72.9%  26.5    0s
*  353   104              12     194.0000000   66.00000  66.0%  24.4    0s

Cutting planes:
  MIR: 2
  Flow cover: 1
  Inf proof: 2
  Zero half: 15
  RLT: 16
  BQP: 17

Explored 857 nodes (19558 simplex iterations) in 1.14 seconds (1.30 work units)
Thread count was 1 (of 12 available processors)

Solution count 10: 194 196 208 ... 457

Optimal solution found (tolerance 1.00e-04)
Best objective 1.940000000000e+02, best bound 1.940000000000e+02, gap 0.0000%
194.0
