Set parameter Username
Academic license - for non-commercial use only - expires 2025-08-28
Set parameter Threads to value 1
Set parameter Method to value 4
Gurobi Optimizer version 11.0.0 build v11.0.0rc2 (mac64[arm] - Darwin 23.5.0 23F79)

CPU model: Apple M3 Pro
Thread count: 12 physical cores, 12 logical processors, using up to 1 threads

Optimize a model with 1918 rows, 305 columns and 5752 nonzeros
Model fingerprint: 0x8387167d
Variable types: 179 continuous, 126 integer (126 binary)
Coefficient statistics:
  Matrix range     [1e+00, 1e+00]
  Objective range  [1e+01, 2e+02]
  Bounds range     [1e+00, 1e+00]
  RHS range        [1e+00, 2e+00]
Presolve removed 502 rows and 69 columns
Presolve time: 0.01s
Presolved: 1416 rows, 236 columns, 4158 nonzeros
Variable types: 0 continuous, 236 integer (236 binary)
Found heuristic solution: objective 2239.0000000
Found heuristic solution: objective 2174.0000000
Found heuristic solution: objective 2048.0000000

Root relaxation: objective 0.000000e+00, 167 iterations, 0.00 seconds (0.01 work units)

    Nodes    |    Current Node    |     Objective Bounds      |     Work
 Expl Unexpl |  Obj  Depth IntInf | Incumbent    BestBd   Gap | It/Node Time

     0     0    0.00000    0   44 2048.00000    0.00000   100%     -    0s
H    0     0                     894.0000000    0.00000   100%     -    0s
H    0     0                     250.0000000    0.00000   100%     -    0s
     0     0    0.00000    0   95  250.00000    0.00000   100%     -    0s
H    0     0                     182.0000000    0.00000   100%     -    0s
     0     0    0.00000    0   32  182.00000    0.00000   100%     -    0s
H    0     0                     162.0000000    0.00000   100%     -    0s
     0     0    0.00000    0   68  162.00000    0.00000   100%     -    0s
     0     0    0.00000    0   62  162.00000    0.00000   100%     -    0s
     0     0    0.00000    0   51  162.00000    0.00000   100%     -    0s
     0     0    0.00000    0   61  162.00000    0.00000   100%     -    0s
     0     0    0.00000    0   65  162.00000    0.00000   100%     -    0s
     0     0    0.00000    0   56  162.00000    0.00000   100%     -    0s
H    0     0                     152.0000000    0.00000   100%     -    0s
     0     0    0.00000    0   77  152.00000    0.00000   100%     -    0s
     0     0    0.00000    0   48  152.00000    0.00000   100%     -    0s
     0     0    0.00000    0   48  152.00000    0.00000   100%     -    0s
     0     2    0.00000    0   48  152.00000    0.00000   100%     -    0s
H  317   118                     151.0000000   23.66667  84.3%  29.4    0s

Cutting planes:
  Cover: 6
  MIR: 9
  Inf proof: 66
  Zero half: 29
  RLT: 31
  BQP: 30

Explored 3429 nodes (80083 simplex iterations) in 4.06 seconds (4.40 work units)
Thread count was 1 (of 12 available processors)

Solution count 9: 151 152 162 ... 2239

Optimal solution found (tolerance 1.00e-04)
Best objective 1.510000000000e+02, best bound 1.510000000000e+02, gap 0.0000%
151.0
