Set parameter Username
Academic license - for non-commercial use only - expires 2025-08-28
Set parameter Threads to value 1
Set parameter Method to value 4
Gurobi Optimizer version 11.0.0 build v11.0.0rc2 (mac64[arm] - Darwin 23.5.0 23F79)

CPU model: Apple M3 Pro
Thread count: 12 physical cores, 12 logical processors, using up to 1 threads

Optimize a model with 1530 rows, 257 columns and 4590 nonzeros
Model fingerprint: 0xbc13eeac
Variable types: 152 continuous, 105 integer (105 binary)
Coefficient statistics:
  Matrix range     [1e+00, 1e+00]
  Objective range  [1e+01, 2e+02]
  Bounds range     [1e+00, 1e+00]
  RHS range        [1e+00, 2e+00]
Presolve removed 551 rows and 72 columns
Presolve time: 0.00s
Presolved: 979 rows, 185 columns, 2884 nonzeros
Variable types: 0 continuous, 185 integer (185 binary)
Found heuristic solution: objective 1264.0000000
Found heuristic solution: objective 458.0000000

Root relaxation: objective 0.000000e+00, 96 iterations, 0.00 seconds (0.00 work units)

    Nodes    |    Current Node    |     Objective Bounds      |     Work
 Expl Unexpl |  Obj  Depth IntInf | Incumbent    BestBd   Gap | It/Node Time

     0     0    0.00000    0   34  458.00000    0.00000   100%     -    0s
H    0     0                     222.0000000    0.00000   100%     -    0s
H    0     0                     203.0000000    0.00000   100%     -    0s
H    0     0                     193.0000000    0.00000   100%     -    0s
     0     0    0.00000    0   37  193.00000    0.00000   100%     -    0s
H    0     0                     147.0000000    0.00000   100%     -    0s
     0     0    0.00000    0   53  147.00000    0.00000   100%     -    0s
H    0     0                     129.0000000    0.00000   100%     -    0s
H    0     0                     108.0000000    0.00000   100%     -    0s
     0     0    0.00000    0   53  108.00000    0.00000   100%     -    0s
     0     0    0.00000    0   34  108.00000    0.00000   100%     -    0s
H    0     0                      95.0000000    0.00000   100%     -    0s
     0     0    0.00000    0   41   95.00000    0.00000   100%     -    0s
     0     0    0.00000    0   46   95.00000    0.00000   100%     -    0s
H    0     0                      88.0000000    0.00000   100%     -    0s
     0     0    0.00000    0   40   88.00000    0.00000   100%     -    0s
     0     0    0.00000    0   20   88.00000    0.00000   100%     -    0s
     0     0    0.00000    0   33   88.00000    0.00000   100%     -    0s
     0     0    0.00000    0   31   88.00000    0.00000   100%     -    0s
     0     0    0.00000    0   31   88.00000    0.00000   100%     -    0s
H    0     0                      82.0000000    0.00000   100%     -    0s
     0     2    0.00000    0   31   82.00000    0.00000   100%     -    0s

Cutting planes:
  MIR: 3
  Zero half: 12
  RLT: 6
  BQP: 7

Explored 26 nodes (2276 simplex iterations) in 0.13 seconds (0.14 work units)
Thread count was 1 (of 12 available processors)

Solution count 10: 82 88 95 ... 458

Optimal solution found (tolerance 1.00e-04)
Best objective 8.200000000000e+01, best bound 8.200000000000e+01, gap 0.0000%
82.0
