Set parameter Username
Academic license - for non-commercial use only - expires 2025-08-28
Set parameter Threads to value 1
Set parameter Method to value 4
Gurobi Optimizer version 11.0.0 build v11.0.0rc2 (mac64[arm] - Darwin 23.5.0 23F79)

CPU model: Apple M3 Pro
Thread count: 12 physical cores, 12 logical processors, using up to 1 threads

Optimize a model with 1788 rows, 289 columns and 5364 nonzeros
Model fingerprint: 0xd9c6b3a6
Variable types: 170 continuous, 119 integer (119 binary)
Coefficient statistics:
  Matrix range     [1e+00, 1e+00]
  Objective range  [1e+01, 2e+02]
  Bounds range     [1e+00, 1e+00]
  RHS range        [1e+00, 2e+00]
Found heuristic solution: objective 995.0000000
Presolve removed 296 rows and 51 columns
Presolve time: 0.01s
Presolved: 1492 rows, 238 columns, 4396 nonzeros
Variable types: 0 continuous, 238 integer (238 binary)

Root relaxation: objective 0.000000e+00, 132 iterations, 0.00 seconds (0.00 work units)

    Nodes    |    Current Node    |     Objective Bounds      |     Work
 Expl Unexpl |  Obj  Depth IntInf | Incumbent    BestBd   Gap | It/Node Time

     0     0    0.00000    0   44  995.00000    0.00000   100%     -    0s
H    0     0                     219.0000000    0.00000   100%     -    0s
H    0     0                     171.0000000    0.00000   100%     -    0s
     0     0    0.00000    0   78  171.00000    0.00000   100%     -    0s
     0     0    0.00000    0   35  171.00000    0.00000   100%     -    0s
     0     0    0.00000    0   29  171.00000    0.00000   100%     -    0s
     0     0    0.00000    0   49  171.00000    0.00000   100%     -    0s
     0     0    0.00000    0   50  171.00000    0.00000   100%     -    0s
     0     0    0.00000    0   43  171.00000    0.00000   100%     -    0s
H    0     0                     163.0000000    0.00000   100%     -    0s
     0     0    0.00000    0   43  163.00000    0.00000   100%     -    0s
     0     0    0.00000    0   49  163.00000    0.00000   100%     -    0s
     0     0    0.00000    0   72  163.00000    0.00000   100%     -    0s
     0     0    0.00000    0   36  163.00000    0.00000   100%     -    0s
     0     0    0.00000    0   36  163.00000    0.00000   100%     -    0s
     0     0    0.00000    0   22  163.00000    0.00000   100%     -    0s
     0     0    0.00000    0   44  163.00000    0.00000   100%     -    0s
     0     0    0.00000    0   62  163.00000    0.00000   100%     -    0s
     0     0   50.00000    0   23  163.00000   50.00000  69.3%     -    0s
     0     0   50.00000    0   46  163.00000   50.00000  69.3%     -    0s
     0     0   50.00000    0   43  163.00000   50.00000  69.3%     -    0s
     0     0   54.80000    0   61  163.00000   54.80000  66.4%     -    0s
     0     0   54.80000    0   61  163.00000   54.80000  66.4%     -    0s
     0     0   54.80000    0   66  163.00000   54.80000  66.4%     -    0s
     0     0   54.80000    0   64  163.00000   54.80000  66.4%     -    0s
     0     0   54.80000    0   65  163.00000   54.80000  66.4%     -    0s
     0     0   54.80000    0   67  163.00000   54.80000  66.4%     -    0s
     0     0   54.80000    0   67  163.00000   54.80000  66.4%     -    0s
     0     0   58.00000    0   65  163.00000   58.00000  64.4%     -    0s
H    0     0                     161.0000000   58.00000  64.0%     -    0s
     0     2   66.80000    0   65  161.00000   66.80000  58.5%     -    0s

Cutting planes:
  Gomory: 4
  Implied bound: 7
  Clique: 2
  MIR: 1
  Inf proof: 2
  Zero half: 10
  RLT: 12
  BQP: 3

Explored 87 nodes (4022 simplex iterations) in 0.25 seconds (0.31 work units)
Thread count was 1 (of 12 available processors)

Solution count 5: 161 163 171 ... 995

Optimal solution found (tolerance 1.00e-04)
Best objective 1.610000000000e+02, best bound 1.610000000000e+02, gap 0.0000%
161.0
