Set parameter Username
Academic license - for non-commercial use only - expires 2025-08-28
Set parameter Threads to value 1
Set parameter Method to value 4
Gurobi Optimizer version 11.0.0 build v11.0.0rc2 (mac64[arm] - Darwin 23.5.0 23F79)

CPU model: Apple M3 Pro
Thread count: 12 physical cores, 12 logical processors, using up to 1 threads

Optimize a model with 1530 rows, 257 columns and 4590 nonzeros
Model fingerprint: 0x1aa58d5e
Variable types: 152 continuous, 105 integer (105 binary)
Coefficient statistics:
  Matrix range     [1e+00, 1e+00]
  Objective range  [1e+01, 2e+02]
  Bounds range     [1e+00, 1e+00]
  RHS range        [1e+00, 2e+00]
Presolve removed 551 rows and 72 columns
Presolve time: 0.00s
Presolved: 979 rows, 185 columns, 2884 nonzeros
Variable types: 0 continuous, 185 integer (185 binary)
Found heuristic solution: objective 678.0000000
Found heuristic solution: objective 489.0000000

Root relaxation: objective 0.000000e+00, 100 iterations, 0.00 seconds (0.00 work units)

    Nodes    |    Current Node    |     Objective Bounds      |     Work
 Expl Unexpl |  Obj  Depth IntInf | Incumbent    BestBd   Gap | It/Node Time

     0     0    0.00000    0   34  489.00000    0.00000   100%     -    0s
H    0     0                     205.0000000    0.00000   100%     -    0s
H    0     0                     179.0000000    0.00000   100%     -    0s
     0     0    0.00000    0   37  179.00000    0.00000   100%     -    0s
H    0     0                      97.0000000    0.00000   100%     -    0s
     0     0    0.00000    0   64   97.00000    0.00000   100%     -    0s
     0     0    0.00000    0   19   97.00000    0.00000   100%     -    0s
     0     0    0.00000    0   23   97.00000    0.00000   100%     -    0s
     0     0    0.00000    0   23   97.00000    0.00000   100%     -    0s
H    0     0                      95.0000000    0.00000   100%     -    0s
     0     0    0.00000    0   21   95.00000    0.00000   100%     -    0s
     0     0    0.00000    0   29   95.00000    0.00000   100%     -    0s
     0     0    0.00000    0   30   95.00000    0.00000   100%     -    0s
     0     0    0.00000    0   27   95.00000    0.00000   100%     -    0s
     0     0    0.00000    0   25   95.00000    0.00000   100%     -    0s
     0     0    0.00000    0   25   95.00000    0.00000   100%     -    0s
     0     0    0.00000    0   42   95.00000    0.00000   100%     -    0s
     0     0    0.00000    0   40   95.00000    0.00000   100%     -    0s
     0     0    0.00000    0   20   95.00000    0.00000   100%     -    0s
     0     0    0.00000    0   32   95.00000    0.00000   100%     -    0s
     0     0    0.00000    0   41   95.00000    0.00000   100%     -    0s
     0     0    0.00000    0   34   95.00000    0.00000   100%     -    0s
     0     0    0.00000    0   27   95.00000    0.00000   100%     -    0s
     0     0    0.00000    0   23   95.00000    0.00000   100%     -    0s
     0     0    0.00000    0   43   95.00000    0.00000   100%     -    0s
     0     0    0.00000    0   47   95.00000    0.00000   100%     -    0s
     0     0    0.00000    0   24   95.00000    0.00000   100%     -    0s
     0     2   28.00000    0   21   95.00000   28.00000  70.5%     -    0s

Cutting planes:
  Zero half: 9
  RLT: 4
  BQP: 5

Explored 27 nodes (3034 simplex iterations) in 0.16 seconds (0.20 work units)
Thread count was 1 (of 12 available processors)

Solution count 7: 95 97 179 ... 678

Optimal solution found (tolerance 1.00e-04)
Best objective 9.500000000000e+01, best bound 9.500000000000e+01, gap 0.0000%
95.0
