Set parameter Username
Academic license - for non-commercial use only - expires 2025-08-28
Set parameter Threads to value 1
Set parameter Method to value 4
Gurobi Optimizer version 11.0.0 build v11.0.0rc2 (mac64[arm] - Darwin 23.5.0 23F79)

CPU model: Apple M3 Pro
Thread count: 12 physical cores, 12 logical processors, using up to 1 threads

Optimize a model with 1659 rows, 273 columns and 4977 nonzeros
Model fingerprint: 0xf98d4bf6
Variable types: 161 continuous, 112 integer (112 binary)
Coefficient statistics:
  Matrix range     [1e+00, 1e+00]
  Objective range  [1e+01, 2e+02]
  Bounds range     [1e+00, 1e+00]
  RHS range        [1e+00, 2e+00]
Presolve removed 595 rows and 76 columns
Presolve time: 0.00s
Presolved: 1064 rows, 197 columns, 3129 nonzeros
Variable types: 0 continuous, 197 integer (197 binary)
Found heuristic solution: objective 1720.0000000
Found heuristic solution: objective 1620.0000000

Root relaxation: objective 0.000000e+00, 82 iterations, 0.00 seconds (0.00 work units)

    Nodes    |    Current Node    |     Objective Bounds      |     Work
 Expl Unexpl |  Obj  Depth IntInf | Incumbent    BestBd   Gap | It/Node Time

     0     0    0.00000    0   27 1620.00000    0.00000   100%     -    0s
H    0     0                     806.0000000    0.00000   100%     -    0s
H    0     0                     445.0000000    0.00000   100%     -    0s
H    0     0                     345.0000000    0.00000   100%     -    0s
H    0     0                     237.0000000    0.00000   100%     -    0s
     0     0    0.00000    0   69  237.00000    0.00000   100%     -    0s
H    0     0                     174.0000000    0.00000   100%     -    0s
     0     0    0.00000    0   47  174.00000    0.00000   100%     -    0s
H    0     0                     134.0000000    0.00000   100%     -    0s
     0     0    0.00000    0   28  134.00000    0.00000   100%     -    0s
     0     0    0.00000    0   46  134.00000    0.00000   100%     -    0s
     0     0    0.00000    0   45  134.00000    0.00000   100%     -    0s
     0     0    0.00000    0   36  134.00000    0.00000   100%     -    0s
     0     0    0.00000    0   20  134.00000    0.00000   100%     -    0s
     0     2    0.00000    0   20  134.00000    0.00000   100%     -    0s

Cutting planes:
  MIR: 1
  Inf proof: 3
  Zero half: 11
  RLT: 7
  BQP: 5

Explored 395 nodes (7476 simplex iterations) in 0.36 seconds (0.43 work units)
Thread count was 1 (of 12 available processors)

Solution count 8: 134 174 237 ... 1720

Optimal solution found (tolerance 1.00e-04)
Best objective 1.340000000000e+02, best bound 1.340000000000e+02, gap 0.0000%
134.0
