Set parameter Username
Academic license - for non-commercial use only - expires 2025-08-28
Set parameter Threads to value 1
Set parameter Method to value 4
Gurobi Optimizer version 11.0.0 build v11.0.0rc2 (mac64[arm] - Darwin 23.5.0 23F79)

CPU model: Apple M3 Pro
Thread count: 12 physical cores, 12 logical processors, using up to 1 threads

Optimize a model with 1918 rows, 305 columns and 5752 nonzeros
Model fingerprint: 0xd65621a5
Variable types: 179 continuous, 126 integer (126 binary)
Coefficient statistics:
  Matrix range     [1e+00, 1e+00]
  Objective range  [1e+01, 2e+02]
  Bounds range     [1e+00, 1e+00]
  RHS range        [1e+00, 2e+00]
Presolve removed 502 rows and 69 columns
Presolve time: 0.01s
Presolved: 1416 rows, 236 columns, 4158 nonzeros
Variable types: 0 continuous, 236 integer (236 binary)
Found heuristic solution: objective 2438.0000000
Found heuristic solution: objective 2330.0000000

Root relaxation: objective 0.000000e+00, 127 iterations, 0.00 seconds (0.00 work units)

    Nodes    |    Current Node    |     Objective Bounds      |     Work
 Expl Unexpl |  Obj  Depth IntInf | Incumbent    BestBd   Gap | It/Node Time

     0     0    0.00000    0   41 2330.00000    0.00000   100%     -    0s
H    0     0                    1134.0000000    0.00000   100%     -    0s
H    0     0                     998.0000000    0.00000   100%     -    0s
H    0     0                     740.0000000    0.00000   100%     -    0s
     0     0    0.00000    0   67  740.00000    0.00000   100%     -    0s
H    0     0                     581.0000000    0.00000   100%     -    0s
H    0     0                     344.0000000    0.00000   100%     -    0s
H    0     0                     299.0000000    0.00000   100%     -    0s
     0     0    0.00000    0   71  299.00000    0.00000   100%     -    0s
H    0     0                     277.0000000    0.00000   100%     -    0s
     0     0    0.00000    0   71  277.00000    0.00000   100%     -    0s
     0     0    0.00000    0   74  277.00000    0.00000   100%     -    0s
H    0     0                     252.0000000    0.00000   100%     -    0s
     0     0    0.00000    0   75  252.00000    0.00000   100%     -    0s
     0     0    0.00000    0   32  252.00000    0.00000   100%     -    0s
     0     0    0.00000    0   51  252.00000    0.00000   100%     -    0s
     0     0    0.00000    0   70  252.00000    0.00000   100%     -    0s
H    0     0                     241.0000000    0.00000   100%     -    0s
H    0     0                     238.0000000    0.00000   100%     -    0s
H    0     0                     211.0000000    0.00000   100%     -    0s
     0     0    0.00000    0   72  211.00000    0.00000   100%     -    0s
     0     0    0.00000    0   59  211.00000    0.00000   100%     -    0s
     0     0    0.00000    0   59  211.00000    0.00000   100%     -    0s
     0     2    0.00000    0   59  211.00000    0.00000   100%     -    0s
*   38    29              13     209.0000000   11.00000  94.7%  46.3    0s
*   43    30              17     202.0000000   11.00000  94.6%  41.8    0s
*   45    28              16     197.0000000   11.00000  94.4%  40.0    0s
H  272    73                     194.0000000  105.00000  45.9%  24.1    0s

Cutting planes:
  Gomory: 1
  MIR: 2
  Inf proof: 2
  Zero half: 22
  RLT: 30
  BQP: 19

Explored 609 nodes (14008 simplex iterations) in 0.67 seconds (0.83 work units)
Thread count was 1 (of 12 available processors)

Solution count 10: 194 197 202 ... 299

Optimal solution found (tolerance 1.00e-04)
Best objective 1.940000000000e+02, best bound 1.940000000000e+02, gap 0.0000%
194.0
