Set parameter Username
Academic license - for non-commercial use only - expires 2025-08-28
Set parameter Threads to value 1
Set parameter Method to value 4
Gurobi Optimizer version 11.0.0 build v11.0.0rc2 (mac64[arm] - Darwin 23.5.0 23F79)

CPU model: Apple M3 Pro
Thread count: 12 physical cores, 12 logical processors, using up to 1 threads

Optimize a model with 1530 rows, 257 columns and 4590 nonzeros
Model fingerprint: 0x7d982fdd
Variable types: 152 continuous, 105 integer (105 binary)
Coefficient statistics:
  Matrix range     [1e+00, 1e+00]
  Objective range  [1e+01, 1e+02]
  Bounds range     [1e+00, 1e+00]
  RHS range        [1e+00, 2e+00]
Found heuristic solution: objective 587.0000000
Presolve removed 705 rows and 86 columns
Presolve time: 0.00s
Presolved: 825 rows, 171 columns, 2415 nonzeros
Variable types: 0 continuous, 171 integer (171 binary)

Root relaxation: objective 0.000000e+00, 81 iterations, 0.00 seconds (0.00 work units)

    Nodes    |    Current Node    |     Objective Bounds      |     Work
 Expl Unexpl |  Obj  Depth IntInf | Incumbent    BestBd   Gap | It/Node Time

     0     0    0.00000    0   27  587.00000    0.00000   100%     -    0s
H    0     0                     464.0000000    0.00000   100%     -    0s
H    0     0                     333.0000000    0.00000   100%     -    0s
H    0     0                     287.0000000    0.00000   100%     -    0s
     0     0    0.00000    0   38  287.00000    0.00000   100%     -    0s
H    0     0                     252.0000000    0.00000   100%     -    0s
     0     0    0.00000    0   48  252.00000    0.00000   100%     -    0s
H    0     0                      79.0000000    0.00000   100%     -    0s
     0     0    0.00000    0   59   79.00000    0.00000   100%     -    0s
     0     0    0.00000    0   48   79.00000    0.00000   100%     -    0s
H    0     0                      76.0000000    0.00000   100%     -    0s
     0     0    0.00000    0   20   76.00000    0.00000   100%     -    0s
     0     0    0.00000    0   42   76.00000    0.00000   100%     -    0s
     0     0    0.00000    0   41   76.00000    0.00000   100%     -    0s
     0     2    0.00000    0   41   76.00000    0.00000   100%     -    0s

Cutting planes:
  MIR: 2
  Flow cover: 2
  Inf proof: 2
  Zero half: 8
  RLT: 11
  BQP: 6

Explored 103 nodes (2438 simplex iterations) in 0.13 seconds (0.15 work units)
Thread count was 1 (of 12 available processors)

Solution count 7: 76 79 252 ... 587

Optimal solution found (tolerance 1.00e-04)
Best objective 7.600000000000e+01, best bound 7.600000000000e+01, gap 0.0000%
76.0
