Set parameter Username
Academic license - for non-commercial use only - expires 2025-08-28
Set parameter Threads to value 1
Set parameter Method to value 4
Gurobi Optimizer version 11.0.0 build v11.0.0rc2 (mac64[arm] - Darwin 23.5.0 23F79)

CPU model: Apple M3 Pro
Thread count: 12 physical cores, 12 logical processors, using up to 1 threads

Optimize a model with 2435 rows, 369 columns and 7301 nonzeros
Model fingerprint: 0xc423a36d
Variable types: 215 continuous, 154 integer (154 binary)
Coefficient statistics:
  Matrix range     [1e+00, 1e+00]
  Objective range  [1e+01, 3e+02]
  Bounds range     [1e+00, 1e+00]
  RHS range        [1e+00, 2e+00]
Presolve removed 392 rows and 63 columns
Presolve time: 0.01s
Presolved: 2043 rows, 306 columns, 5985 nonzeros
Variable types: 0 continuous, 306 integer (306 binary)
Found heuristic solution: objective 3794.0000000
Found heuristic solution: objective 3605.0000000

Root relaxation: objective 0.000000e+00, 135 iterations, 0.00 seconds (0.00 work units)

    Nodes    |    Current Node    |     Objective Bounds      |     Work
 Expl Unexpl |  Obj  Depth IntInf | Incumbent    BestBd   Gap | It/Node Time

     0     0    0.00000    0   44 3605.00000    0.00000   100%     -    0s
H    0     0                    2580.0000000    0.00000   100%     -    0s
H    0     0                    1687.0000000    0.00000   100%     -    0s
H    0     0                    1621.0000000    0.00000   100%     -    0s
H    0     0                    1341.0000000    0.00000   100%     -    0s
     0     0    0.00000    0   77 1341.00000    0.00000   100%     -    0s
H    0     0                    1180.0000000    0.00000   100%     -    0s
H    0     0                     862.0000000    0.00000   100%     -    0s
     0     0    0.00000    0   77  862.00000    0.00000   100%     -    0s
H    0     0                     778.0000000    0.00000   100%     -    0s
     0     0    0.00000    0   67  778.00000    0.00000   100%     -    0s
     0     0    0.00000    0   92  778.00000    0.00000   100%     -    0s
H    0     0                     703.0000000    0.00000   100%     -    0s
     0     0    0.00000    0   96  703.00000    0.00000   100%     -    0s
     0     0    0.00000    0   73  703.00000    0.00000   100%     -    0s
     0     0    0.00000    0   73  703.00000    0.00000   100%     -    0s
H    0     0                     681.0000000    0.00000   100%     -    0s
     0     2    0.00000    0   73  681.00000    0.00000   100%     -    0s
H   88    52                     638.0000000    0.00000   100%  57.0    0s
*  104    62              25     558.0000000    0.00000   100%  52.4    0s
*  105    61              26     548.0000000    0.00000   100%  51.9    0s
*  106    60              26     538.0000000    0.00000   100%  51.4    0s
H  107    57                     488.0000000    0.00000   100%  50.9    0s
H  109    55                     455.0000000    0.00000   100%  50.0    0s
H  136    69                     447.0000000   11.00000  97.5%  50.2    0s
H  185    91                     432.0000000   21.00000  95.1%  50.6    0s
H  851   347                     430.0000000   85.00000  80.2%  52.4    2s
  2284   610  347.12500   30  106  430.00000  128.75000  70.1%  44.6    5s
  5815  1578  288.82857   24  118  430.00000  229.87500  46.5%  35.4   10s
  9825  2127  411.50000   37  116  430.00000  278.75000  35.2%  32.3   15s
 11345  2151     cutoff   37       430.00000  292.02000  32.1%  31.6   20s
 14670  2052  346.12000   31   99  430.00000  318.25000  26.0%  30.6   25s
 18693  1300  388.50000   30   57  430.00000  356.10000  17.2%  30.0   30s

Cutting planes:
  Gomory: 3
  Implied bound: 1
  Flow cover: 15
  Zero half: 12
  RLT: 13
  BQP: 17

Explored 21628 nodes (627453 simplex iterations) in 32.89 seconds (39.99 work units)
Thread count was 1 (of 12 available processors)

Solution count 10: 430 432 447 ... 681

Optimal solution found (tolerance 1.00e-04)
Best objective 4.300000000000e+02, best bound 4.300000000000e+02, gap 0.0000%
430.0
