Set parameter Username
Academic license - for non-commercial use only - expires 2025-08-28
Set parameter Threads to value 1
Set parameter Method to value 4
Gurobi Optimizer version 11.0.0 build v11.0.0rc2 (mac64[arm] - Darwin 23.5.0 23F79)

CPU model: Apple M3 Pro
Thread count: 12 physical cores, 12 logical processors, using up to 1 threads

Optimize a model with 1401 rows, 241 columns and 4203 nonzeros
Model fingerprint: 0xdc352a9c
Variable types: 143 continuous, 98 integer (98 binary)
Coefficient statistics:
  Matrix range     [1e+00, 1e+00]
  Objective range  [1e+01, 1e+02]
  Bounds range     [1e+00, 1e+00]
  RHS range        [1e+00, 2e+00]
Found heuristic solution: objective 74.0000000
Presolve removed 689 rows and 87 columns
Presolve time: 0.00s
Presolved: 712 rows, 154 columns, 2044 nonzeros
Variable types: 0 continuous, 154 integer (154 binary)

Root relaxation: objective 0.000000e+00, 97 iterations, 0.00 seconds (0.00 work units)

    Nodes    |    Current Node    |     Objective Bounds      |     Work
 Expl Unexpl |  Obj  Depth IntInf | Incumbent    BestBd   Gap | It/Node Time

     0     0    0.00000    0   27   74.00000    0.00000   100%     -    0s
H    0     0                      52.0000000    0.00000   100%     -    0s
H    0     0                      48.0000000    0.00000   100%     -    0s
     0     0    0.00000    0   25   48.00000    0.00000   100%     -    0s
     0     0    0.00000    0   21   48.00000    0.00000   100%     -    0s
     0     0    0.00000    0   19   48.00000    0.00000   100%     -    0s
     0     0    0.00000    0   21   48.00000    0.00000   100%     -    0s
     0     0    0.00000    0   26   48.00000    0.00000   100%     -    0s
     0     0    0.00000    0   29   48.00000    0.00000   100%     -    0s
     0     0    0.00000    0   26   48.00000    0.00000   100%     -    0s
     0     0    0.00000    0   14   48.00000    0.00000   100%     -    0s
     0     0    0.00000    0   18   48.00000    0.00000   100%     -    0s
     0     0    0.00000    0   28   48.00000    0.00000   100%     -    0s
     0     0    0.00000    0   27   48.00000    0.00000   100%     -    0s
     0     0    3.66667    0   37   48.00000    3.66667  92.4%     -    0s
     0     0    6.50000    0   45   48.00000    6.50000  86.5%     -    0s
     0     0    7.33333    0   37   48.00000    7.33333  84.7%     -    0s
     0     0    7.33333    0   38   48.00000    7.33333  84.7%     -    0s
     0     0    8.66667    0   21   48.00000    8.66667  81.9%     -    0s
     0     0   12.00000    0   27   48.00000   12.00000  75.0%     -    0s
     0     0   12.00000    0   31   48.00000   12.00000  75.0%     -    0s
     0     0   12.00000    0   38   48.00000   12.00000  75.0%     -    0s
     0     0   12.00000    0   41   48.00000   12.00000  75.0%     -    0s
     0     0   12.00000    0   43   48.00000   12.00000  75.0%     -    0s
     0     0   12.00000    0   28   48.00000   12.00000  75.0%     -    0s
     0     0   12.00000    0   37   48.00000   12.00000  75.0%     -    0s
     0     0   12.00000    0   25   48.00000   12.00000  75.0%     -    0s
     0     0   12.00000    0   28   48.00000   12.00000  75.0%     -    0s
     0     0   12.00000    0   30   48.00000   12.00000  75.0%     -    0s

Cutting planes:
  MIR: 5
  Zero half: 3
  RLT: 2

Explored 1 nodes (1483 simplex iterations) in 0.09 seconds (0.09 work units)
Thread count was 1 (of 12 available processors)

Solution count 4: 48 52 74 95 

Optimal solution found (tolerance 1.00e-04)
Best objective 4.800000000000e+01, best bound 4.800000000000e+01, gap 0.0000%
48.0
