Set parameter Username
Academic license - for non-commercial use only - expires 2025-08-28
Set parameter Threads to value 1
Set parameter Method to value 4
Gurobi Optimizer version 11.0.0 build v11.0.0rc2 (mac64[arm] - Darwin 23.5.0 23F79)

CPU model: Apple M3 Pro
Thread count: 12 physical cores, 12 logical processors, using up to 1 threads

Optimize a model with 2047 rows, 321 columns and 6139 nonzeros
Model fingerprint: 0x4771a121
Variable types: 188 continuous, 133 integer (133 binary)
Coefficient statistics:
  Matrix range     [1e+00, 1e+00]
  Objective range  [1e+01, 3e+02]
  Bounds range     [1e+00, 1e+00]
  RHS range        [1e+00, 2e+00]
Presolve removed 336 rows and 56 columns
Presolve time: 0.00s
Presolved: 1711 rows, 265 columns, 5026 nonzeros
Variable types: 0 continuous, 265 integer (265 binary)
Found heuristic solution: objective 2899.0000000
Found heuristic solution: objective 2749.0000000

Root relaxation: objective 0.000000e+00, 173 iterations, 0.00 seconds (0.01 work units)

    Nodes    |    Current Node    |     Objective Bounds      |     Work
 Expl Unexpl |  Obj  Depth IntInf | Incumbent    BestBd   Gap | It/Node Time

     0     0    0.00000    0   68 2749.00000    0.00000   100%     -    0s
H    0     0                    2463.0000000    0.00000   100%     -    0s
H    0     0                    2035.0000000    0.00000   100%     -    0s
H    0     0                    1991.0000000    0.00000   100%     -    0s
     0     0    0.00000    0   77 1991.00000    0.00000   100%     -    0s
H    0     0                    1715.0000000    0.00000   100%     -    0s
H    0     0                    1593.0000000    0.00000   100%     -    0s
H    0     0                    1143.0000000    0.00000   100%     -    0s
     0     0    0.00000    0   74 1143.00000    0.00000   100%     -    0s
H    0     0                     682.0000000    0.00000   100%     -    0s
H    0     0                     530.0000000    0.00000   100%     -    0s
     0     0    0.00000    0   72  530.00000    0.00000   100%     -    0s
H    0     0                     404.0000000    0.00000   100%     -    0s
     0     0    0.00000    0   74  404.00000    0.00000   100%     -    0s
     0     0    0.00000    0   92  404.00000    0.00000   100%     -    0s
     0     0    0.00000    0   87  404.00000    0.00000   100%     -    0s
     0     0    2.16667    0   79  404.00000    2.16667  99.5%     -    0s
     0     0    2.16667    0   78  404.00000    2.16667  99.5%     -    0s
     0     0    2.16667    0   82  404.00000    2.16667  99.5%     -    0s
H    0     0                     379.0000000    2.16667  99.4%     -    0s
H    0     0                     375.0000000    2.16667  99.4%     -    0s
     0     0    2.16667    0   95  375.00000    2.16667  99.4%     -    0s
     0     0    2.16667    0   73  375.00000    2.16667  99.4%     -    0s
     0     0    2.16667    0   84  375.00000    2.16667  99.4%     -    0s
     0     0    2.16667    0   90  375.00000    2.16667  99.4%     -    0s
     0     0    2.16667    0   90  375.00000    2.16667  99.4%     -    0s
H    0     0                     312.0000000   13.00000  95.8%     -    0s
     0     2   13.00000    0   90  312.00000   13.00000  95.8%     -    0s
H  248    94                     290.0000000   36.00000  87.6%  43.2    0s
  3298   245  276.00000   21   16  290.00000  208.40000  28.1%  30.6    5s

Cutting planes:
  Cover: 1
  MIR: 1
  Inf proof: 52
  Zero half: 82
  RLT: 73
  BQP: 42

Explored 4027 nodes (119379 simplex iterations) in 5.79 seconds (6.73 work units)
Thread count was 1 (of 12 available processors)

Solution count 10: 290 312 375 ... 1715

Optimal solution found (tolerance 1.00e-04)
Best objective 2.900000000000e+02, best bound 2.900000000000e+02, gap 0.0000%
290.0
