Set parameter Username
Academic license - for non-commercial use only - expires 2025-08-28
Set parameter Threads to value 1
Set parameter Method to value 4
Gurobi Optimizer version 11.0.0 build v11.0.0rc2 (mac64[arm] - Darwin 23.5.0 23F79)

CPU model: Apple M3 Pro
Thread count: 12 physical cores, 12 logical processors, using up to 1 threads

Optimize a model with 1789 rows, 289 columns and 5365 nonzeros
Model fingerprint: 0x8d1ee57b
Variable types: 170 continuous, 119 integer (119 binary)
Coefficient statistics:
  Matrix range     [1e+00, 1e+00]
  Objective range  [1e+01, 2e+02]
  Bounds range     [1e+00, 1e+00]
  RHS range        [1e+00, 2e+00]
Found heuristic solution: objective 902.0000000
Presolve removed 647 rows and 81 columns
Presolve time: 0.01s
Presolved: 1142 rows, 208 columns, 3346 nonzeros
Variable types: 0 continuous, 208 integer (208 binary)

Root relaxation: objective 0.000000e+00, 77 iterations, 0.00 seconds (0.00 work units)

    Nodes    |    Current Node    |     Objective Bounds      |     Work
 Expl Unexpl |  Obj  Depth IntInf | Incumbent    BestBd   Gap | It/Node Time

     0     0    0.00000    0   29  902.00000    0.00000   100%     -    0s
H    0     0                     848.0000000    0.00000   100%     -    0s
H    0     0                     523.0000000    0.00000   100%     -    0s
H    0     0                     403.0000000    0.00000   100%     -    0s
     0     0    0.00000    0   83  403.00000    0.00000   100%     -    0s
H    0     0                     298.0000000    0.00000   100%     -    0s
H    0     0                     259.0000000    0.00000   100%     -    0s
     0     0    0.00000    0   51  259.00000    0.00000   100%     -    0s
H    0     0                     167.0000000    0.00000   100%     -    0s
H    0     0                     138.0000000    0.00000   100%     -    0s
     0     0    0.00000    0   55  138.00000    0.00000   100%     -    0s
     0     0    0.00000    0   22  138.00000    0.00000   100%     -    0s
     0     0    0.00000    0   37  138.00000    0.00000   100%     -    0s
     0     0    0.00000    0   42  138.00000    0.00000   100%     -    0s
     0     0    0.00000    0   45  138.00000    0.00000   100%     -    0s
     0     0    0.00000    0   41  138.00000    0.00000   100%     -    0s
     0     0    0.00000    0   41  138.00000    0.00000   100%     -    0s
     0     2    0.00000    0   31  138.00000    0.00000   100%     -    0s

Cutting planes:
  Gomory: 1
  MIR: 2
  Inf proof: 15
  Zero half: 9
  RLT: 14
  BQP: 17

Explored 484 nodes (9224 simplex iterations) in 0.47 seconds (0.55 work units)
Thread count was 1 (of 12 available processors)

Solution count 8: 138 167 259 ... 902

Optimal solution found (tolerance 1.00e-04)
Best objective 1.380000000000e+02, best bound 1.380000000000e+02, gap 0.0000%
138.0
