Set parameter Username
Academic license - for non-commercial use only - expires 2025-08-28
Set parameter Threads to value 1
Set parameter Method to value 4
Gurobi Optimizer version 11.0.0 build v11.0.0rc2 (mac64[arm] - Darwin 23.5.0 23F79)

CPU model: Apple M3 Pro
Thread count: 12 physical cores, 12 logical processors, using up to 1 threads

Optimize a model with 1272 rows, 225 columns and 3816 nonzeros
Model fingerprint: 0x28f287ca
Variable types: 134 continuous, 91 integer (91 binary)
Coefficient statistics:
  Matrix range     [1e+00, 1e+00]
  Objective range  [1e+01, 9e+01]
  Bounds range     [1e+00, 1e+00]
  RHS range        [1e+00, 2e+00]
Presolve removed 708 rows and 87 columns
Presolve time: 0.00s
Presolved: 564 rows, 138 columns, 1652 nonzeros
Variable types: 0 continuous, 138 integer (138 binary)
Found heuristic solution: objective 310.0000000
Found heuristic solution: objective 280.0000000
Found heuristic solution: objective 56.0000000

Root relaxation: objective 0.000000e+00, 69 iterations, 0.00 seconds (0.00 work units)

    Nodes    |    Current Node    |     Objective Bounds      |     Work
 Expl Unexpl |  Obj  Depth IntInf | Incumbent    BestBd   Gap | It/Node Time

     0     0    0.00000    0   16   56.00000    0.00000   100%     -    0s
H    0     0                      30.0000000    0.00000   100%     -    0s
     0     0    0.00000    0   31   30.00000    0.00000   100%     -    0s
     0     0    0.00000    0   22   30.00000    0.00000   100%     -    0s
     0     0    0.00000    0   17   30.00000    0.00000   100%     -    0s
     0     0    0.00000    0   18   30.00000    0.00000   100%     -    0s
     0     0    0.00000    0   19   30.00000    0.00000   100%     -    0s
     0     0    0.00000    0   19   30.00000    0.00000   100%     -    0s
     0     0   15.00000    0   17   30.00000   15.00000  50.0%     -    0s
     0     0   15.00000    0   38   30.00000   15.00000  50.0%     -    0s
     0     0   15.00000    0   28   30.00000   15.00000  50.0%     -    0s
     0     0   15.00000    0   28   30.00000   15.00000  50.0%     -    0s
     0     0 infeasible    0        30.00000   30.00000  0.00%     -    0s
     0     0 infeasible    0        30.00000   30.00000  0.00%     -    0s

Cutting planes:
  Clique: 1
  MIR: 2
  Zero half: 2

Explored 1 nodes (893 simplex iterations) in 0.04 seconds (0.05 work units)
Thread count was 1 (of 12 available processors)

Solution count 5: 30 30 56 ... 310

Optimal solution found (tolerance 1.00e-04)
Best objective 3.000000000000e+01, best bound 3.000000000000e+01, gap 0.0000%
30.0
