Set parameter Username
Academic license - for non-commercial use only - expires 2025-08-28
Set parameter Threads to value 1
Set parameter Method to value 4
Gurobi Optimizer version 11.0.0 build v11.0.0rc2 (mac64[arm] - Darwin 23.5.0 23F79)

CPU model: Apple M3 Pro
Thread count: 12 physical cores, 12 logical processors, using up to 1 threads

Optimize a model with 2176 rows, 337 columns and 6526 nonzeros
Model fingerprint: 0x37490bb6
Variable types: 197 continuous, 140 integer (140 binary)
Coefficient statistics:
  Matrix range     [1e+00, 1e+00]
  Objective range  [1e+01, 3e+02]
  Bounds range     [1e+00, 1e+00]
  RHS range        [1e+00, 2e+00]
Presolve removed 352 rows and 58 columns
Presolve time: 0.00s
Presolved: 1824 rows, 279 columns, 5355 nonzeros
Variable types: 0 continuous, 279 integer (279 binary)
Found heuristic solution: objective 2966.0000000
Found heuristic solution: objective 2810.0000000

Root relaxation: objective 0.000000e+00, 147 iterations, 0.00 seconds (0.01 work units)

    Nodes    |    Current Node    |     Objective Bounds      |     Work
 Expl Unexpl |  Obj  Depth IntInf | Incumbent    BestBd   Gap | It/Node Time

     0     0    0.00000    0   44 2810.00000    0.00000   100%     -    0s
H    0     0                    1915.0000000    0.00000   100%     -    0s
H    0     0                    1274.0000000    0.00000   100%     -    0s
H    0     0                    1018.0000000    0.00000   100%     -    0s
     0     0    0.00000    0   75 1018.00000    0.00000   100%     -    0s
H    0     0                     927.0000000    0.00000   100%     -    0s
     0     0    0.00000    0   68  927.00000    0.00000   100%     -    0s
H    0     0                     596.0000000    0.00000   100%     -    0s
H    0     0                     395.0000000    0.00000   100%     -    0s
     0     0    0.00000    0   62  395.00000    0.00000   100%     -    0s
     0     0    0.00000    0   72  395.00000    0.00000   100%     -    0s
     0     0    0.00000    0   91  395.00000    0.00000   100%     -    0s
     0     0    0.00000    0   82  395.00000    0.00000   100%     -    0s
     0     0    0.00000    0   59  395.00000    0.00000   100%     -    0s
     0     0    0.00000    0   57  395.00000    0.00000   100%     -    0s
     0     2    0.00000    0   57  395.00000    0.00000   100%     -    0s
*   78    53              21     389.0000000    0.00000   100%  45.7    0s
H   79    52                     369.0000000    0.00000   100%  45.1    0s
H  101    65                     350.0000000    5.00000  98.6%  46.2    0s
H  223   122                     332.0000000    9.33333  97.2%  41.6    0s
H  304   154                     322.0000000   15.28947  95.3%  44.3    0s
H  772   277                     313.0000000   54.50000  82.6%  39.5    1s
H  882   291                     308.0000000   59.20000  80.8%  38.9    1s
  2992   194  254.50000   27   44  308.00000  216.00000  29.9%  29.7    5s

Cutting planes:
  Gomory: 4
  Inf proof: 1
  Zero half: 9
  RLT: 10
  BQP: 13

Explored 3849 nodes (107732 simplex iterations) in 5.86 seconds (7.36 work units)
Thread count was 1 (of 12 available processors)

Solution count 10: 308 313 322 ... 927

Optimal solution found (tolerance 1.00e-04)
Best objective 3.080000000000e+02, best bound 3.080000000000e+02, gap 0.0000%
308.0
