Set parameter Username
Academic license - for non-commercial use only - expires 2025-08-28
Set parameter Threads to value 1
Set parameter Method to value 4
Gurobi Optimizer version 11.0.0 build v11.0.0rc2 (mac64[arm] - Darwin 23.5.0 23F79)

CPU model: Apple M3 Pro
Thread count: 12 physical cores, 12 logical processors, using up to 1 threads

Optimize a model with 2331 rows, 353 columns and 7002 nonzeros
Model fingerprint: 0x8d525b6a
Variable types: 209 continuous, 144 integer (144 binary)
Coefficient statistics:
  Matrix range     [1e+00, 1e+00]
  Objective range  [1e+01, 2e+02]
  Bounds range     [1e+00, 1e+00]
  RHS range        [1e+00, 2e+00]
Presolve removed 386 rows and 62 columns
Presolve time: 0.01s
Presolved: 1945 rows, 291 columns, 5736 nonzeros
Variable types: 0 continuous, 291 integer (291 binary)
Found heuristic solution: objective 2285.0000000
Found heuristic solution: objective 2200.0000000

Root relaxation: objective 0.000000e+00, 119 iterations, 0.00 seconds (0.00 work units)

    Nodes    |    Current Node    |     Objective Bounds      |     Work
 Expl Unexpl |  Obj  Depth IntInf | Incumbent    BestBd   Gap | It/Node Time

     0     0    0.00000    0   37 2200.00000    0.00000   100%     -    0s
H    0     0                    2096.0000000    0.00000   100%     -    0s
H    0     0                    1503.0000000    0.00000   100%     -    0s
H    0     0                     753.0000000    0.00000   100%     -    0s
     0     0    0.00000    0   61  753.00000    0.00000   100%     -    0s
     0     0    0.00000    0   54  753.00000    0.00000   100%     -    0s
H    0     0                     510.0000000    0.00000   100%     -    0s
H    0     0                     488.0000000    0.00000   100%     -    0s
     0     0    0.00000    0   87  488.00000    0.00000   100%     -    0s
H    0     0                     448.0000000    0.00000   100%     -    0s
H    0     0                     427.0000000    0.00000   100%     -    0s
H    0     0                     397.0000000    0.00000   100%     -    0s
     0     0    0.00000    0   46  397.00000    0.00000   100%     -    0s
     0     0    0.00000    0   45  397.00000    0.00000   100%     -    0s
     0     2    0.00000    0   45  397.00000    0.00000   100%     -    0s
H   27    26                     386.0000000    0.00000   100%  58.5    0s
H   54    43                     346.0000000    0.00000   100%  48.4    0s
H  128    74                     312.0000000   13.00000  95.8%  35.0    0s
H  130    73                     301.0000000   13.00000  95.7%  35.2    0s
*  136    77              20     290.0000000   13.00000  95.5%  35.2    0s
*  354   144              17     270.0000000   37.16667  86.2%  31.4    0s

Cutting planes:
  Cover: 2
  MIR: 5
  Inf proof: 48
  Zero half: 27
  RLT: 34
  BQP: 22

Explored 3277 nodes (76735 simplex iterations) in 4.86 seconds (5.61 work units)
Thread count was 1 (of 12 available processors)

Solution count 10: 270 290 301 ... 488

Optimal solution found (tolerance 1.00e-04)
Best objective 2.700000000000e+02, best bound 2.700000000000e+02, gap 0.0000%
270.0
