Set parameter Username
Academic license - for non-commercial use only - expires 2025-08-28
Set parameter Threads to value 1
Set parameter Method to value 4
Gurobi Optimizer version 11.0.0 build v11.0.0rc2 (mac64[arm] - Darwin 23.5.0 23F79)

CPU model: Apple M3 Pro
Thread count: 12 physical cores, 12 logical processors, using up to 1 threads

Optimize a model with 2332 rows, 353 columns and 7003 nonzeros
Model fingerprint: 0x3e3d33a3
Variable types: 209 continuous, 144 integer (144 binary)
Coefficient statistics:
  Matrix range     [1e+00, 1e+00]
  Objective range  [1e+01, 2e+02]
  Bounds range     [1e+00, 1e+00]
  RHS range        [1e+00, 2e+00]
Presolve removed 615 rows and 79 columns
Presolve time: 0.01s
Presolved: 1717 rows, 274 columns, 5052 nonzeros
Variable types: 0 continuous, 274 integer (274 binary)
Found heuristic solution: objective 748.0000000
Found heuristic solution: objective 740.0000000

Root relaxation: objective 0.000000e+00, 135 iterations, 0.00 seconds (0.00 work units)

    Nodes    |    Current Node    |     Objective Bounds      |     Work
 Expl Unexpl |  Obj  Depth IntInf | Incumbent    BestBd   Gap | It/Node Time

     0     0    0.00000    0   55  740.00000    0.00000   100%     -    0s
H    0     0                     654.0000000    0.00000   100%     -    0s
H    0     0                     590.0000000    0.00000   100%     -    0s
H    0     0                     418.0000000    0.00000   100%     -    0s
     0     0    0.00000    0   83  418.00000    0.00000   100%     -    0s
H    0     0                     374.0000000    0.00000   100%     -    0s
     0     0    0.00000    0   83  374.00000    0.00000   100%     -    0s
H    0     0                     310.0000000    0.00000   100%     -    0s
     0     0    0.00000    0   84  310.00000    0.00000   100%     -    0s
     0     0    0.00000    0   72  310.00000    0.00000   100%     -    0s
H    0     0                     241.0000000    0.00000   100%     -    0s
     0     0    0.00000    0   68  241.00000    0.00000   100%     -    0s
     0     0    0.00000    0   72  241.00000    0.00000   100%     -    0s
     0     0    0.00000    0   62  241.00000    0.00000   100%     -    0s
     0     2    0.00000    0   50  241.00000    0.00000   100%     -    0s
H   29    13                     194.0000000   12.00000  93.8%  54.2    0s

Cutting planes:
  Gomory: 1
  Inf proof: 69
  Zero half: 30
  RLT: 35
  BQP: 15

Explored 3107 nodes (66167 simplex iterations) in 4.38 seconds (4.94 work units)
Thread count was 1 (of 12 available processors)

Solution count 9: 194 241 310 ... 748

Optimal solution found (tolerance 1.00e-04)
Best objective 1.940000000000e+02, best bound 1.940000000000e+02, gap 0.0000%
194.0
