Set parameter Username
Academic license - for non-commercial use only - expires 2025-08-28
Set parameter Threads to value 1
Set parameter Method to value 4
Gurobi Optimizer version 11.0.0 build v11.0.0rc2 (mac64[arm] - Darwin 23.5.0 23F79)

CPU model: Apple M3 Pro
Thread count: 12 physical cores, 12 logical processors, using up to 1 threads

Optimize a model with 2331 rows, 353 columns and 7002 nonzeros
Model fingerprint: 0x240273c4
Variable types: 209 continuous, 144 integer (144 binary)
Coefficient statistics:
  Matrix range     [1e+00, 1e+00]
  Objective range  [1e+01, 3e+02]
  Bounds range     [1e+00, 1e+00]
  RHS range        [1e+00, 2e+00]
Presolve removed 614 rows and 79 columns
Presolve time: 0.01s
Presolved: 1717 rows, 274 columns, 5052 nonzeros
Variable types: 0 continuous, 274 integer (274 binary)
Found heuristic solution: objective 820.0000000
Found heuristic solution: objective 720.0000000

Root relaxation: objective 0.000000e+00, 133 iterations, 0.00 seconds (0.00 work units)

    Nodes    |    Current Node    |     Objective Bounds      |     Work
 Expl Unexpl |  Obj  Depth IntInf | Incumbent    BestBd   Gap | It/Node Time

     0     0    0.00000    0   39  720.00000    0.00000   100%     -    0s
H    0     0                     315.0000000    0.00000   100%     -    0s
     0     0    0.00000    0   44  315.00000    0.00000   100%     -    0s
     0     0    0.00000    0   65  315.00000    0.00000   100%     -    0s
     0     0    0.00000    0   74  315.00000    0.00000   100%     -    0s
H    0     0                     314.0000000    0.00000   100%     -    0s
     0     0    0.00000    0   74  314.00000    0.00000   100%     -    0s
     0     0    0.00000    0   78  314.00000    0.00000   100%     -    0s
H    0     0                     292.0000000    0.00000   100%     -    0s
     0     0    0.00000    0   69  292.00000    0.00000   100%     -    0s
     0     0    0.00000    0   66  292.00000    0.00000   100%     -    0s
     0     0    0.00000    0   59  292.00000    0.00000   100%     -    0s
     0     0    0.00000    0   59  292.00000    0.00000   100%     -    0s
     0     2    0.00000    0   59  292.00000    0.00000   100%     -    0s
H   26    24                     287.0000000    0.00000   100%  54.5    0s
H   59    42                     273.0000000    0.00000   100%  34.2    0s
H  106    31                     243.0000000    0.00000   100%  32.9    0s
*  238    76              12     219.0000000   10.00000  95.4%  26.2    0s

Cutting planes:
  Gomory: 1
  Cover: 1
  MIR: 1
  Inf proof: 42
  Zero half: 25
  RLT: 19
  BQP: 13

Explored 3100 nodes (71205 simplex iterations) in 4.37 seconds (5.01 work units)
Thread count was 1 (of 12 available processors)

Solution count 9: 219 243 273 ... 820

Optimal solution found (tolerance 1.00e-04)
Best objective 2.190000000000e+02, best bound 2.190000000000e+02, gap 0.0000%
219.0
