Set parameter Username
Academic license - for non-commercial use only - expires 2025-08-28
Set parameter Threads to value 1
Set parameter Method to value 4
Gurobi Optimizer version 11.0.0 build v11.0.0rc2 (mac64[arm] - Darwin 23.5.0 23F79)

CPU model: Apple M3 Pro
Thread count: 12 physical cores, 12 logical processors, using up to 1 threads

Optimize a model with 2626 rows, 387 columns and 7887 nonzeros
Model fingerprint: 0x2f15a270
Variable types: 227 continuous, 160 integer (160 binary)
Coefficient statistics:
  Matrix range     [1e+00, 1e+00]
  Objective range  [1e+01, 3e+02]
  Bounds range     [1e+00, 1e+00]
  RHS range        [1e+00, 2e+00]
Presolve removed 431 rows and 67 columns
Presolve time: 0.01s
Presolved: 2195 rows, 320 columns, 6456 nonzeros
Variable types: 0 continuous, 320 integer (320 binary)
Found heuristic solution: objective 1179.0000000

Root relaxation: objective 0.000000e+00, 156 iterations, 0.00 seconds (0.01 work units)

    Nodes    |    Current Node    |     Objective Bounds      |     Work
 Expl Unexpl |  Obj  Depth IntInf | Incumbent    BestBd   Gap | It/Node Time

     0     0    0.00000    0   59 1179.00000    0.00000   100%     -    0s
H    0     0                    1063.0000000    0.00000   100%     -    0s
H    0     0                    1040.0000000    0.00000   100%     -    0s
H    0     0                    1032.0000000    0.00000   100%     -    0s
     0     0    0.00000    0   83 1032.00000    0.00000   100%     -    0s
H    0     0                     852.0000000    0.00000   100%     -    0s
     0     0    0.00000    0   94  852.00000    0.00000   100%     -    0s
     0     0    0.00000    0   89  852.00000    0.00000   100%     -    0s
     0     0    0.00000    0  105  852.00000    0.00000   100%     -    0s
H    0     0                     814.0000000    0.00000   100%     -    0s
     0     0    0.00000    0   94  814.00000    0.00000   100%     -    0s
     0     0    0.00000    0  107  814.00000    0.00000   100%     -    0s
H    0     0                     687.0000000    0.00000   100%     -    0s
     0     0    0.00000    0   96  687.00000    0.00000   100%     -    0s
     0     0    0.00000    0   73  687.00000    0.00000   100%     -    0s
     0     0    0.00000    0   73  687.00000    0.00000   100%     -    0s
H    0     0                     667.0000000    0.00000   100%     -    0s
H    0     0                     511.0000000    0.00000   100%     -    0s
     0     2    0.00000    0   73  511.00000    0.00000   100%     -    0s
H   27    27                     440.0000000    0.00000   100%  63.0    0s
H   54    42                     382.0000000    3.66667  99.0%  54.1    0s
H   83    60                     372.0000000   10.00000  97.3%  53.7    0s
H  191   118                     366.0000000   18.16667  95.0%  45.3    0s
H  272   166                     358.0000000   27.00000  92.5%  45.5    0s
  2369   490     cutoff   35       358.00000  102.61111  71.3%  36.0    5s
  5759   940  300.66667   26   73  358.00000  204.00000  43.0%  30.0   10s
  9534  1130  258.95238   24   91  358.00000  246.00000  31.3%  26.6   15s
 11479  1119  302.50000   23   40  358.00000  265.50000  25.8%  25.2   20s
 16445   270     cutoff   24       358.00000  325.66667  9.03%  22.4   25s

Cutting planes:
  Gomory: 2
  Implied bound: 1
  Flow cover: 8
  Zero half: 15
  RLT: 6
  BQP: 6

Explored 16806 nodes (376385 simplex iterations) in 25.32 seconds (31.09 work units)
Thread count was 1 (of 12 available processors)

Solution count 10: 358 366 372 ... 852

Optimal solution found (tolerance 1.00e-04)
Best objective 3.580000000000e+02, best bound 3.580000000000e+02, gap 0.0000%
358.0
