Set parameter Username
Academic license - for non-commercial use only - expires 2025-08-28
Set parameter Threads to value 1
Set parameter Method to value 4
Gurobi Optimizer version 11.0.0 build v11.0.0rc2 (mac64[arm] - Darwin 23.5.0 23F79)

CPU model: Apple M3 Pro
Thread count: 12 physical cores, 12 logical processors, using up to 1 threads

Optimize a model with 1743 rows, 285 columns and 5234 nonzeros
Model fingerprint: 0xf17bf352
Variable types: 173 continuous, 112 integer (112 binary)
Coefficient statistics:
  Matrix range     [1e+00, 1e+00]
  Objective range  [1e+01, 1e+02]
  Bounds range     [1e+00, 1e+00]
  RHS range        [1e+00, 2e+00]
Found heuristic solution: objective 339.0000000
Presolve removed 806 rows and 93 columns
Presolve time: 0.01s
Presolved: 937 rows, 192 columns, 2756 nonzeros
Variable types: 0 continuous, 192 integer (192 binary)

Root relaxation: objective 0.000000e+00, 121 iterations, 0.00 seconds (0.00 work units)

    Nodes    |    Current Node    |     Objective Bounds      |     Work
 Expl Unexpl |  Obj  Depth IntInf | Incumbent    BestBd   Gap | It/Node Time

     0     0    0.00000    0   38  339.00000    0.00000   100%     -    0s
H    0     0                     116.0000000    0.00000   100%     -    0s
H    0     0                      58.0000000    0.00000   100%     -    0s
     0     0    0.00000    0   24   58.00000    0.00000   100%     -    0s
H    0     0                      53.0000000    0.00000   100%     -    0s
     0     0    0.00000    0   22   53.00000    0.00000   100%     -    0s
     0     0    0.00000    0   22   53.00000    0.00000   100%     -    0s
     0     0    0.00000    0   14   53.00000    0.00000   100%     -    0s
     0     0    0.00000    0   27   53.00000    0.00000   100%     -    0s
     0     0    0.00000    0   21   53.00000    0.00000   100%     -    0s
     0     0    0.00000    0   18   53.00000    0.00000   100%     -    0s
     0     0    0.00000    0   16   53.00000    0.00000   100%     -    0s
     0     0    0.00000    0   21   53.00000    0.00000   100%     -    0s
     0     0    0.00000    0   17   53.00000    0.00000   100%     -    0s
     0     0    0.00000    0   14   53.00000    0.00000   100%     -    0s
     0     0    0.00000    0   16   53.00000    0.00000   100%     -    0s
     0     0    0.00000    0   16   53.00000    0.00000   100%     -    0s
     0     0    0.00000    0   20   53.00000    0.00000   100%     -    0s
     0     0    0.00000    0   20   53.00000    0.00000   100%     -    0s
     0     0    0.00000    0   29   53.00000    0.00000   100%     -    0s
     0     0    0.00000    0   32   53.00000    0.00000   100%     -    0s
     0     0    0.00000    0   16   53.00000    0.00000   100%     -    0s
     0     0    0.00000    0   16   53.00000    0.00000   100%     -    0s
     0     2   41.00000    0   16   53.00000   41.00000  22.6%     -    0s

Cutting planes:
  MIR: 5
  Zero half: 10
  RLT: 2
  BQP: 2

Explored 3 nodes (1909 simplex iterations) in 0.10 seconds (0.13 work units)
Thread count was 1 (of 12 available processors)

Solution count 4: 53 58 116 339 

Optimal solution found (tolerance 1.00e-04)
Best objective 5.300000000000e+01, best bound 5.300000000000e+01, gap 0.0000%
53.0
