Set parameter Username
Academic license - for non-commercial use only - expires 2025-08-28
Set parameter Threads to value 1
Set parameter Method to value 4
Gurobi Optimizer version 11.0.0 build v11.0.0rc2 (mac64[arm] - Darwin 23.5.0 23F79)

CPU model: Apple M3 Pro
Thread count: 12 physical cores, 12 logical processors, using up to 1 threads

Optimize a model with 1743 rows, 285 columns and 5234 nonzeros
Model fingerprint: 0xc98f38e0
Variable types: 173 continuous, 112 integer (112 binary)
Coefficient statistics:
  Matrix range     [1e+00, 1e+00]
  Objective range  [2e+01, 2e+02]
  Bounds range     [1e+00, 1e+00]
  RHS range        [1e+00, 2e+00]
Found heuristic solution: objective 399.0000000
Presolve removed 806 rows and 93 columns
Presolve time: 0.01s
Presolved: 937 rows, 192 columns, 2756 nonzeros
Variable types: 0 continuous, 192 integer (192 binary)

Root relaxation: objective 0.000000e+00, 121 iterations, 0.00 seconds (0.00 work units)

    Nodes    |    Current Node    |     Objective Bounds      |     Work
 Expl Unexpl |  Obj  Depth IntInf | Incumbent    BestBd   Gap | It/Node Time

     0     0    0.00000    0   38  399.00000    0.00000   100%     -    0s
H    0     0                     140.0000000    0.00000   100%     -    0s
H    0     0                      70.0000000    0.00000   100%     -    0s
     0     0    0.00000    0   24   70.00000    0.00000   100%     -    0s
H    0     0                      67.0000000    0.00000   100%     -    0s
     0     0    0.00000    0   22   67.00000    0.00000   100%     -    0s
     0     0    0.00000    0   21   67.00000    0.00000   100%     -    0s
     0     0    0.00000    0   19   67.00000    0.00000   100%     -    0s
     0     0    0.00000    0   19   67.00000    0.00000   100%     -    0s
     0     0    0.00000    0   27   67.00000    0.00000   100%     -    0s
     0     0    3.18182    0   44   67.00000    3.18182  95.3%     -    0s
     0     0    5.83333    0   45   67.00000    5.83333  91.3%     -    0s
     0     0    5.83333    0   44   67.00000    5.83333  91.3%     -    0s
     0     0    5.83333    0   44   67.00000    5.83333  91.3%     -    0s
     0     0    5.83333    0   44   67.00000    5.83333  91.3%     -    0s
     0     0    5.83333    0   44   67.00000    5.83333  91.3%     -    0s
     0     0    5.83333    0   40   67.00000    5.83333  91.3%     -    0s
     0     0   35.00000    0   18   67.00000   35.00000  47.8%     -    0s
     0     0   35.00000    0   34   67.00000   35.00000  47.8%     -    0s
     0     0   35.00000    0   50   67.00000   35.00000  47.8%     -    0s
     0     0   35.00000    0   47   67.00000   35.00000  47.8%     -    0s
     0     0   35.00000    0   38   67.00000   35.00000  47.8%     -    0s
     0     0   35.00000    0   15   67.00000   35.00000  47.8%     -    0s
     0     0   35.00000    0   18   67.00000   35.00000  47.8%     -    0s
     0     0   35.00000    0   20   67.00000   35.00000  47.8%     -    0s
     0     0   35.00000    0   15   67.00000   35.00000  47.8%     -    0s
     0     0   35.00000    0   15   67.00000   35.00000  47.8%     -    0s

Cutting planes:
  MIR: 11
  Flow cover: 4
  Zero half: 9
  RLT: 2

Explored 1 nodes (1861 simplex iterations) in 0.12 seconds (0.14 work units)
Thread count was 1 (of 12 available processors)

Solution count 4: 67 70 140 399 

Optimal solution found (tolerance 1.00e-04)
Best objective 6.700000000000e+01, best bound 6.700000000000e+01, gap 0.0000%
67.0
