Set parameter Username
Academic license - for non-commercial use only - expires 2025-08-28
Set parameter Threads to value 1
Set parameter Method to value 4
Gurobi Optimizer version 11.0.0 build v11.0.0rc2 (mac64[arm] - Darwin 23.5.0 23F79)

CPU model: Apple M3 Pro
Thread count: 12 physical cores, 12 logical processors, using up to 1 threads

Optimize a model with 1890 rows, 302 columns and 5676 nonzeros
Model fingerprint: 0x2bd2282a
Variable types: 182 continuous, 120 integer (120 binary)
Coefficient statistics:
  Matrix range     [1e+00, 1e+00]
  Objective range  [1e+01, 2e+02]
  Bounds range     [1e+00, 1e+00]
  RHS range        [1e+00, 2e+00]
Presolve removed 864 rows and 97 columns
Presolve time: 0.01s
Presolved: 1026 rows, 205 columns, 3020 nonzeros
Variable types: 0 continuous, 205 integer (205 binary)
Found heuristic solution: objective 1683.0000000
Found heuristic solution: objective 1164.0000000
Found heuristic solution: objective 1092.0000000

Root relaxation: objective 0.000000e+00, 136 iterations, 0.00 seconds (0.00 work units)

    Nodes    |    Current Node    |     Objective Bounds      |     Work
 Expl Unexpl |  Obj  Depth IntInf | Incumbent    BestBd   Gap | It/Node Time

     0     0    0.00000    0   28 1092.00000    0.00000   100%     -    0s
H    0     0                     652.0000000    0.00000   100%     -    0s
H    0     0                     448.0000000    0.00000   100%     -    0s
H    0     0                     361.0000000    0.00000   100%     -    0s
H    0     0                     221.0000000    0.00000   100%     -    0s
     0     0    0.00000    0   64  221.00000    0.00000   100%     -    0s
H    0     0                     116.0000000    0.00000   100%     -    0s
     0     0    0.00000    0   50  116.00000    0.00000   100%     -    0s
     0     0    0.00000    0   40  116.00000    0.00000   100%     -    0s
H    0     0                      58.0000000    0.00000   100%     -    0s
     0     0    0.00000    0   40   58.00000    0.00000   100%     -    0s
     0     0    0.00000    0   28   58.00000    0.00000   100%     -    0s
     0     0    0.00000    0   22   58.00000    0.00000   100%     -    0s
     0     0    0.00000    0   19   58.00000    0.00000   100%     -    0s
     0     0    0.00000    0   18   58.00000    0.00000   100%     -    0s
     0     0    0.00000    0   18   58.00000    0.00000   100%     -    0s
     0     2    0.00000    0   15   58.00000    0.00000   100%     -    0s

Cutting planes:
  Zero half: 18
  RLT: 5
  BQP: 4

Explored 9 nodes (1900 simplex iterations) in 0.09 seconds (0.13 work units)
Thread count was 1 (of 12 available processors)

Solution count 9: 58 116 221 ... 1683

Optimal solution found (tolerance 1.00e-04)
Best objective 5.800000000000e+01, best bound 5.800000000000e+01, gap 0.0000%
58.0
