Set parameter Username
Academic license - for non-commercial use only - expires 2025-08-28
Set parameter Threads to value 1
Set parameter Method to value 4
Gurobi Optimizer version 11.0.0 build v11.0.0rc2 (mac64[arm] - Darwin 23.5.0 23F79)

CPU model: Apple M3 Pro
Thread count: 12 physical cores, 12 logical processors, using up to 1 threads

Optimize a model with 2184 rows, 336 columns and 6560 nonzeros
Model fingerprint: 0xb3b384c9
Variable types: 200 continuous, 136 integer (136 binary)
Coefficient statistics:
  Matrix range     [1e+00, 1e+00]
  Objective range  [1e+01, 2e+02]
  Bounds range     [1e+00, 1e+00]
  RHS range        [1e+00, 2e+00]
Presolve removed 368 rows and 60 columns
Presolve time: 0.01s
Presolved: 1816 rows, 276 columns, 5360 nonzeros
Variable types: 0 continuous, 276 integer (276 binary)
Found heuristic solution: objective 1930.0000000
Found heuristic solution: objective 1825.0000000

Root relaxation: objective 0.000000e+00, 142 iterations, 0.00 seconds (0.01 work units)

    Nodes    |    Current Node    |     Objective Bounds      |     Work
 Expl Unexpl |  Obj  Depth IntInf | Incumbent    BestBd   Gap | It/Node Time

     0     0    0.00000    0   43 1825.00000    0.00000   100%     -    0s
H    0     0                     337.0000000    0.00000   100%     -    0s
     0     0    0.00000    0   47  337.00000    0.00000   100%     -    0s
H    0     0                     318.0000000    0.00000   100%     -    0s
     0     0    0.00000    0   65  318.00000    0.00000   100%     -    0s
H    0     0                     213.0000000    0.00000   100%     -    0s
H    0     0                     195.0000000    0.00000   100%     -    0s
H    0     0                     183.0000000    0.00000   100%     -    0s
     0     0    0.00000    0   62  183.00000    0.00000   100%     -    0s
H    0     0                     171.0000000    0.00000   100%     -    0s
     0     0    0.00000    0   45  171.00000    0.00000   100%     -    0s
     0     0    0.00000    0   44  171.00000    0.00000   100%     -    0s
     0     2    0.00000    0   44  171.00000    0.00000   100%     -    0s
*  104    38              14     161.0000000   12.00000  92.5%  27.3    0s

Cutting planes:
  Cover: 1
  Inf proof: 34
  Zero half: 22
  RLT: 32
  BQP: 35

Explored 1831 nodes (34214 simplex iterations) in 3.81 seconds (3.87 work units)
Thread count was 1 (of 12 available processors)

Solution count 9: 161 171 183 ... 1930

Optimal solution found (tolerance 1.00e-04)
Best objective 1.610000000000e+02, best bound 1.610000000000e+02, gap 0.0000%
161.0
