Set parameter Username
Academic license - for non-commercial use only - expires 2025-08-28
Set parameter Threads to value 1
Set parameter Method to value 4
Gurobi Optimizer version 11.0.0 build v11.0.0rc2 (mac64[arm] - Darwin 23.5.0 23F79)

CPU model: Apple M3 Pro
Thread count: 12 physical cores, 12 logical processors, using up to 1 threads

Optimize a model with 1890 rows, 302 columns and 5676 nonzeros
Model fingerprint: 0xff9b8353
Variable types: 182 continuous, 120 integer (120 binary)
Coefficient statistics:
  Matrix range     [1e+00, 1e+00]
  Objective range  [1e+01, 2e+02]
  Bounds range     [1e+00, 1e+00]
  RHS range        [1e+00, 2e+00]
Presolve removed 684 rows and 83 columns
Presolve time: 0.01s
Presolved: 1206 rows, 219 columns, 3560 nonzeros
Variable types: 0 continuous, 219 integer (219 binary)
Found heuristic solution: objective 1410.0000000
Found heuristic solution: objective 1325.0000000

Root relaxation: objective 0.000000e+00, 93 iterations, 0.00 seconds (0.00 work units)

    Nodes    |    Current Node    |     Objective Bounds      |     Work
 Expl Unexpl |  Obj  Depth IntInf | Incumbent    BestBd   Gap | It/Node Time

     0     0    0.00000    0   32 1325.00000    0.00000   100%     -    0s
H    0     0                     679.0000000    0.00000   100%     -    0s
H    0     0                     340.0000000    0.00000   100%     -    0s
H    0     0                     255.0000000    0.00000   100%     -    0s
H    0     0                     225.0000000    0.00000   100%     -    0s
     0     0    0.00000    0   62  225.00000    0.00000   100%     -    0s
H    0     0                     129.0000000    0.00000   100%     -    0s
     0     0    0.00000    0   39  129.00000    0.00000   100%     -    0s
H    0     0                     105.0000000    0.00000   100%     -    0s
H    0     0                      88.0000000    0.00000   100%     -    0s
     0     0    0.00000    0   50   88.00000    0.00000   100%     -    0s
     0     0    0.00000    0   49   88.00000    0.00000   100%     -    0s
     0     0    0.00000    0   46   88.00000    0.00000   100%     -    0s
     0     0    0.00000    0   74   88.00000    0.00000   100%     -    0s
     0     0    0.00000    0   73   88.00000    0.00000   100%     -    0s
     0     0    0.00000    0   37   88.00000    0.00000   100%     -    0s
     0     0    0.00000    0   37   88.00000    0.00000   100%     -    0s
     0     2    0.00000    0   37   88.00000    0.00000   100%     -    0s
*    6     4               3      82.0000000   36.00000  56.1%  47.2    0s

Cutting planes:
  Zero half: 2
  RLT: 30
  BQP: 16

Explored 18 nodes (1764 simplex iterations) in 0.14 seconds (0.14 work units)
Thread count was 1 (of 12 available processors)

Solution count 10: 82 88 105 ... 1410

Optimal solution found (tolerance 1.00e-04)
Best objective 8.200000000000e+01, best bound 8.200000000000e+01, gap 0.0000%
82.0
