Set parameter Username
Academic license - for non-commercial use only - expires 2025-08-28
Set parameter Threads to value 1
Set parameter Method to value 4
Gurobi Optimizer version 11.0.0 build v11.0.0rc2 (mac64[arm] - Darwin 23.5.0 23F79)

CPU model: Apple M3 Pro
Thread count: 12 physical cores, 12 logical processors, using up to 1 threads

Optimize a model with 2773 rows, 404 columns and 8329 nonzeros
Model fingerprint: 0xa03c5794
Variable types: 236 continuous, 168 integer (168 binary)
Coefficient statistics:
  Matrix range     [1e+00, 1e+00]
  Objective range  [1e+01, 3e+02]
  Bounds range     [1e+00, 1e+00]
  RHS range        [1e+00, 2e+00]
Presolve removed 449 rows and 69 columns
Presolve time: 0.01s
Presolved: 2324 rows, 335 columns, 6832 nonzeros
Variable types: 0 continuous, 335 integer (335 binary)
Found heuristic solution: objective 3695.0000000
Found heuristic solution: objective 3506.0000000

Root relaxation: objective 0.000000e+00, 169 iterations, 0.00 seconds (0.01 work units)

    Nodes    |    Current Node    |     Objective Bounds      |     Work
 Expl Unexpl |  Obj  Depth IntInf | Incumbent    BestBd   Gap | It/Node Time

     0     0    0.00000    0   50 3506.00000    0.00000   100%     -    0s
H    0     0                    2240.0000000    0.00000   100%     -    0s
H    0     0                    2110.0000000    0.00000   100%     -    0s
H    0     0                    1204.0000000    0.00000   100%     -    0s
     0     0    0.00000    0   76 1204.00000    0.00000   100%     -    0s
H    0     0                    1091.0000000    0.00000   100%     -    0s
H    0     0                     789.0000000    0.00000   100%     -    0s
     0     0    0.00000    0  104  789.00000    0.00000   100%     -    0s
     0     0    0.00000    0  111  789.00000    0.00000   100%     -    0s
     0     0    0.00000    0   78  789.00000    0.00000   100%     -    0s
H    0     0                     738.0000000    0.00000   100%     -    0s
     0     0    0.00000    0   70  738.00000    0.00000   100%     -    0s
     0     0    0.00000    0   66  738.00000    0.00000   100%     -    0s
     0     0    0.00000    0   66  738.00000    0.00000   100%     -    0s
     0     2    0.00000    0   66  738.00000    0.00000   100%     -    0s
H   55    34                     666.0000000    0.00000   100%  36.8    0s
*   97    62              33     592.0000000    0.00000   100%  32.8    0s
H  109    61                     572.0000000    0.00000   100%  33.2    0s
H  132    65                     522.0000000    9.37500  98.2%  34.4    0s
H  136    69                     472.0000000    9.37500  98.0%  36.0    0s
H  237   135                     469.0000000   12.00000  97.4%  39.9    0s
H  293   163                     462.0000000   13.90000  97.0%  42.1    0s
H  302   166                     424.0000000   13.90000  96.7%  42.0    0s
*  323   183              43     390.0000000   13.90000  96.4%  41.5    0s
  2150   655  324.90000   25   94  390.00000  121.83333  68.8%  38.3    5s
  5160  1443  234.25000   24   56  390.00000  186.95833  52.1%  34.3   10s
  8372  1969     cutoff   38       390.00000  229.66667  41.1%  31.9   15s
 10202  2149  367.00000   27   83  390.00000  247.08333  36.6%  31.1   21s
 12687  2260  336.80303   33   69  390.00000  266.44444  31.7%  31.0   25s
 16600  2238  323.00000   33   57  390.00000  292.77778  24.9%  30.5   30s
 20328  1708  343.73684   33  116  390.00000  319.33333  18.1%  30.4   35s
 24561    86     cutoff   35       390.00000  377.50000  3.21%  29.4   40s

Cutting planes:
  Implied bound: 6
  MIR: 1
  Flow cover: 14
  Inf proof: 2
  Zero half: 36
  RLT: 19
  BQP: 25

Explored 24668 nodes (726651 simplex iterations) in 40.09 seconds (50.33 work units)
Thread count was 1 (of 12 available processors)

Solution count 10: 390 424 462 ... 738

Optimal solution found (tolerance 1.00e-04)
Best objective 3.900000000000e+02, best bound 3.900000000000e+02, gap 0.0000%
390.0
