Set parameter Username
Academic license - for non-commercial use only - expires 2025-08-28
Set parameter Threads to value 1
Set parameter Method to value 4
Gurobi Optimizer version 11.0.0 build v11.0.0rc2 (mac64[arm] - Darwin 23.5.0 23F79)

CPU model: Apple M3 Pro
Thread count: 12 physical cores, 12 logical processors, using up to 1 threads

Optimize a model with 2774 rows, 404 columns and 8330 nonzeros
Model fingerprint: 0xe81049c6
Variable types: 236 continuous, 168 integer (168 binary)
Coefficient statistics:
  Matrix range     [1e+00, 1e+00]
  Objective range  [1e+01, 3e+02]
  Bounds range     [1e+00, 1e+00]
  RHS range        [1e+00, 2e+00]
Presolve removed 458 rows and 70 columns
Presolve time: 0.01s
Presolved: 2316 rows, 334 columns, 6800 nonzeros
Variable types: 0 continuous, 334 integer (334 binary)
Found heuristic solution: objective 3746.0000000
Found heuristic solution: objective 3536.0000000

Root relaxation: objective 0.000000e+00, 158 iterations, 0.00 seconds (0.01 work units)

    Nodes    |    Current Node    |     Objective Bounds      |     Work
 Expl Unexpl |  Obj  Depth IntInf | Incumbent    BestBd   Gap | It/Node Time

     0     0    0.00000    0   49 3536.00000    0.00000   100%     -    0s
H    0     0                    3286.0000000    0.00000   100%     -    0s
H    0     0                    2720.0000000    0.00000   100%     -    0s
H    0     0                    2680.0000000    0.00000   100%     -    0s
     0     0    0.00000    0   89 2680.00000    0.00000   100%     -    0s
H    0     0                    1800.0000000    0.00000   100%     -    0s
H    0     0                    1185.0000000    0.00000   100%     -    0s
     0     0    0.00000    0  107 1185.00000    0.00000   100%     -    0s
H    0     0                    1018.0000000    0.00000   100%     -    0s
H    0     0                     772.0000000    0.00000   100%     -    0s
     0     0    0.00000    0  110  772.00000    0.00000   100%     -    0s
     0     0    0.00000    0   95  772.00000    0.00000   100%     -    0s
     0     0    0.00000    0   89  772.00000    0.00000   100%     -    0s
     0     0    0.00000    0   98  772.00000    0.00000   100%     -    0s
     0     0    0.00000    0   89  772.00000    0.00000   100%     -    0s
H    0     0                     716.0000000    0.00000   100%     -    0s
H    0     0                     645.0000000    0.00000   100%     -    0s
     0     2    0.00000    0   89  645.00000    0.00000   100%     -    0s
H   27    27                     634.0000000   11.00000  98.3%  79.9    0s
H  150   103                     573.0000000   19.50000  96.6%  52.3    0s
*  158   110              22     569.0000000   19.50000  96.6%  50.9    0s
H  159   109                     559.0000000   19.50000  96.5%  50.6    0s
H  165   106                     529.0000000   19.50000  96.3%  48.8    0s
H  183   121                     519.0000000   22.25000  95.7%  49.7    0s
H  185   121                     509.0000000   22.25000  95.6%  49.2    0s
H  275   153                     458.0000000   24.00000  94.8%  49.8    0s
H  289   161                     448.0000000   24.00000  94.6%  50.3    0s
H  302   166                     438.0000000   24.00000  94.5%  49.7    0s
H  316   162                     428.0000000   24.25000  94.3%  48.2    0s
H  524   298                     417.0000000   41.33333  90.1%  48.5    1s
H  550   305                     406.0000000   42.00000  89.7%  48.1    1s
H  707   347                     395.0000000   54.00000  86.3%  46.6    1s

Cutting planes:
  Gomory: 1
  RLT: 4
  BQP: 5

Explored 2248 nodes (77927 simplex iterations) in 4.88 seconds (6.03 work units)
Thread count was 1 (of 12 available processors)

Solution count 10: 395 406 417 ... 529

Optimal solution found (tolerance 1.00e-04)
Best objective 3.950000000000e+02, best bound 3.950000000000e+02, gap 0.0000%
395.0
