Set parameter Username
Academic license - for non-commercial use only - expires 2025-08-28
Set parameter Threads to value 1
Set parameter Method to value 4
Gurobi Optimizer version 11.0.0 build v11.0.0rc2 (mac64[arm] - Darwin 23.5.0 23F79)

CPU model: Apple M3 Pro
Thread count: 12 physical cores, 12 logical processors, using up to 1 threads

Optimize a model with 1890 rows, 302 columns and 5676 nonzeros
Model fingerprint: 0x0cc45181
Variable types: 182 continuous, 120 integer (120 binary)
Coefficient statistics:
  Matrix range     [1e+00, 1e+00]
  Objective range  [1e+01, 1e+02]
  Bounds range     [1e+00, 1e+00]
  RHS range        [1e+00, 2e+00]
Presolve removed 864 rows and 97 columns
Presolve time: 0.00s
Presolved: 1026 rows, 205 columns, 3020 nonzeros
Variable types: 0 continuous, 205 integer (205 binary)
Found heuristic solution: objective 1381.0000000
Found heuristic solution: objective 964.0000000
Found heuristic solution: objective 916.0000000

Root relaxation: objective 0.000000e+00, 136 iterations, 0.00 seconds (0.00 work units)

    Nodes    |    Current Node    |     Objective Bounds      |     Work
 Expl Unexpl |  Obj  Depth IntInf | Incumbent    BestBd   Gap | It/Node Time

     0     0    0.00000    0   28  916.00000    0.00000   100%     -    0s
H    0     0                     536.0000000    0.00000   100%     -    0s
H    0     0                     396.0000000    0.00000   100%     -    0s
H    0     0                     324.0000000    0.00000   100%     -    0s
H    0     0                     180.0000000    0.00000   100%     -    0s
     0     0    0.00000    0   64  180.00000    0.00000   100%     -    0s
H    0     0                      96.0000000    0.00000   100%     -    0s
H    0     0                      72.0000000    0.00000   100%     -    0s
     0     0    0.00000    0   31   72.00000    0.00000   100%     -    0s
H    0     0                      48.0000000    0.00000   100%     -    0s
     0     0    0.00000    0   41   48.00000    0.00000   100%     -    0s
     0     0    0.00000    0   40   48.00000    0.00000   100%     -    0s
     0     0    0.63158    0   55   48.00000    0.63158  98.7%     -    0s
     0     0    0.63158    0   55   48.00000    0.63158  98.7%     -    0s
     0     0    1.71429    0   67   48.00000    1.71429  96.4%     -    0s
     0     0    1.71429    0   66   48.00000    1.71429  96.4%     -    0s
     0     0    1.71429    0   65   48.00000    1.71429  96.4%     -    0s
     0     0    1.71429    0   46   48.00000    1.71429  96.4%     -    0s
     0     0    1.71429    0   47   48.00000    1.71429  96.4%     -    0s
     0     0    1.71429    0   56   48.00000    1.71429  96.4%     -    0s
     0     0    1.71429    0   56   48.00000    1.71429  96.4%     -    0s
     0     0    1.71429    0   57   48.00000    1.71429  96.4%     -    0s
     0     0    1.71429    0   56   48.00000    1.71429  96.4%     -    0s
     0     0   12.00000    0   23   48.00000   12.00000  75.0%     -    0s
     0     0   12.00000    0   58   48.00000   12.00000  75.0%     -    0s
     0     0   12.00000    0   73   48.00000   12.00000  75.0%     -    0s
     0     0   12.00000    0   62   48.00000   12.00000  75.0%     -    0s
     0     0   24.00000    0   16   48.00000   24.00000  50.0%     -    0s
     0     0   24.00000    0   25   48.00000   24.00000  50.0%     -    0s
     0     0   24.00000    0   20   48.00000   24.00000  50.0%     -    0s
     0     0   24.00000    0   19   48.00000   24.00000  50.0%     -    0s
     0     0   24.00000    0   23   48.00000   24.00000  50.0%     -    0s
     0     0   24.00000    0   23   48.00000   24.00000  50.0%     -    0s
     0     0   24.00000    0   17   48.00000   24.00000  50.0%     -    0s

Cutting planes:
  Gomory: 1
  Zero half: 9
  RLT: 4

Explored 1 nodes (2683 simplex iterations) in 0.16 seconds (0.19 work units)
Thread count was 1 (of 12 available processors)

Solution count 10: 48 72 96 ... 1381

Optimal solution found (tolerance 1.00e-04)
Best objective 4.800000000000e+01, best bound 4.800000000000e+01, gap 0.0000%
48.0
