Set parameter Username
Academic license - for non-commercial use only - expires 2025-08-28
Set parameter Threads to value 1
Set parameter Method to value 4
Gurobi Optimizer version 11.0.0 build v11.0.0rc2 (mac64[arm] - Darwin 23.5.0 23F79)

CPU model: Apple M3 Pro
Thread count: 12 physical cores, 12 logical processors, using up to 1 threads

Optimize a model with 1596 rows, 268 columns and 4792 nonzeros
Model fingerprint: 0x7d274974
Variable types: 164 continuous, 104 integer (104 binary)
Coefficient statistics:
  Matrix range     [1e+00, 1e+00]
  Objective range  [1e+01, 9e+01]
  Bounds range     [1e+00, 1e+00]
  RHS range        [1e+00, 2e+00]
Found heuristic solution: objective 146.0000000
Presolve removed 904 rows and 102 columns
Presolve time: 0.00s
Presolved: 692 rows, 166 columns, 2016 nonzeros
Variable types: 0 continuous, 166 integer (166 binary)

Root relaxation: objective 0.000000e+00, 88 iterations, 0.00 seconds (0.00 work units)

    Nodes    |    Current Node    |     Objective Bounds      |     Work
 Expl Unexpl |  Obj  Depth IntInf | Incumbent    BestBd   Gap | It/Node Time

     0     0    0.00000    0   15  146.00000    0.00000   100%     -    0s
H    0     0                      13.0000000    0.00000   100%     -    0s
     0     0    0.00000    0   13   13.00000    0.00000   100%     -    0s

Cutting planes:
  Gomory: 1
  Zero half: 1
  RLT: 1

Explored 1 nodes (212 simplex iterations) in 0.01 seconds (0.02 work units)
Thread count was 1 (of 12 available processors)

Solution count 2: 13 146 

Optimal solution found (tolerance 1.00e-04)
Best objective 1.300000000000e+01, best bound 1.300000000000e+01, gap 0.0000%
13.0
