Set parameter Username
Academic license - for non-commercial use only - expires 2025-08-28
Set parameter Threads to value 1
Set parameter Method to value 4
Gurobi Optimizer version 11.0.0 build v11.0.0rc2 (mac64[arm] - Darwin 23.5.0 23F79)

CPU model: Apple M3 Pro
Thread count: 12 physical cores, 12 logical processors, using up to 1 threads

Optimize a model with 2184 rows, 336 columns and 6560 nonzeros
Model fingerprint: 0x6dab7c58
Variable types: 200 continuous, 136 integer (136 binary)
Coefficient statistics:
  Matrix range     [1e+00, 1e+00]
  Objective range  [1e+01, 3e+02]
  Bounds range     [1e+00, 1e+00]
  RHS range        [1e+00, 2e+00]
Presolve removed 572 rows and 75 columns
Presolve time: 0.01s
Presolved: 1612 rows, 261 columns, 4756 nonzeros
Variable types: 0 continuous, 261 integer (261 binary)
Found heuristic solution: objective 2652.0000000
Found heuristic solution: objective 2502.0000000

Root relaxation: objective 0.000000e+00, 147 iterations, 0.00 seconds (0.01 work units)

    Nodes    |    Current Node    |     Objective Bounds      |     Work
 Expl Unexpl |  Obj  Depth IntInf | Incumbent    BestBd   Gap | It/Node Time

     0     0    0.00000    0   32 2502.00000    0.00000   100%     -    0s
H    0     0                    1289.0000000    0.00000   100%     -    0s
H    0     0                     762.0000000    0.00000   100%     -    0s
H    0     0                     612.0000000    0.00000   100%     -    0s
H    0     0                     440.0000000    0.00000   100%     -    0s
     0     0    0.00000    0   62  440.00000    0.00000   100%     -    0s
H    0     0                     347.0000000    0.00000   100%     -    0s
H    0     0                     299.0000000    0.00000   100%     -    0s
     0     0    0.00000    0   48  299.00000    0.00000   100%     -    0s
H    0     0                     246.0000000    0.00000   100%     -    0s
H    0     0                     227.0000000    0.00000   100%     -    0s
     0     0    0.00000    0   80  227.00000    0.00000   100%     -    0s
H    0     0                     194.0000000    0.00000   100%     -    0s
     0     0    0.00000    0   29  194.00000    0.00000   100%     -    0s
     0     0    0.00000    0   29  194.00000    0.00000   100%     -    0s
     0     2    0.00000    0   29  194.00000    0.00000   100%     -    0s
H  138    59                     183.0000000   29.25000  84.0%  26.4    0s
*  151    63              14     180.0000000   29.25000  83.8%  25.1    0s

Cutting planes:
  Gomory: 1
  Cover: 1
  MIR: 1
  Inf proof: 5
  Zero half: 27
  RLT: 27
  BQP: 10

Explored 905 nodes (19257 simplex iterations) in 1.26 seconds (1.44 work units)
Thread count was 1 (of 12 available processors)

Solution count 10: 180 183 194 ... 762

Optimal solution found (tolerance 1.00e-04)
Best objective 1.800000000000e+02, best bound 1.800000000000e+02, gap 0.0000%
180.0
