Set parameter Username
Academic license - for non-commercial use only - expires 2025-08-28
Set parameter Threads to value 1
Set parameter Method to value 4
Gurobi Optimizer version 11.0.0 build v11.0.0rc2 (mac64[arm] - Darwin 23.5.0 23F79)

CPU model: Apple M3 Pro
Thread count: 12 physical cores, 12 logical processors, using up to 1 threads

Optimize a model with 2184 rows, 336 columns and 6560 nonzeros
Model fingerprint: 0x856457e5
Variable types: 200 continuous, 136 integer (136 binary)
Coefficient statistics:
  Matrix range     [1e+00, 1e+00]
  Objective range  [1e+01, 2e+02]
  Bounds range     [1e+00, 1e+00]
  RHS range        [1e+00, 2e+00]
Presolve removed 784 rows and 91 columns
Presolve time: 0.01s
Presolved: 1400 rows, 245 columns, 4120 nonzeros
Variable types: 0 continuous, 245 integer (245 binary)
Found heuristic solution: objective 2297.0000000
Found heuristic solution: objective 1770.0000000
Found heuristic solution: objective 1695.0000000

Root relaxation: objective 0.000000e+00, 130 iterations, 0.00 seconds (0.00 work units)

    Nodes    |    Current Node    |     Objective Bounds      |     Work
 Expl Unexpl |  Obj  Depth IntInf | Incumbent    BestBd   Gap | It/Node Time

     0     0    0.00000    0   32 1695.00000    0.00000   100%     -    0s
H    0     0                     455.0000000    0.00000   100%     -    0s
H    0     0                     402.0000000    0.00000   100%     -    0s
     0     0    0.00000    0   50  402.00000    0.00000   100%     -    0s
H    0     0                     286.0000000    0.00000   100%     -    0s
H    0     0                     130.0000000    0.00000   100%     -    0s
     0     0    0.00000    0   23  130.00000    0.00000   100%     -    0s
     0     0    0.00000    0   54  130.00000    0.00000   100%     -    0s
H    0     0                     126.0000000    0.00000   100%     -    0s
     0     0    0.00000    0   42  126.00000    0.00000   100%     -    0s
     0     0    0.00000    0   42  126.00000    0.00000   100%     -    0s
     0     0    0.00000    0   37  126.00000    0.00000   100%     -    0s
     0     0    0.00000    0   68  126.00000    0.00000   100%     -    0s
     0     0    0.00000    0   45  126.00000    0.00000   100%     -    0s
     0     0    0.00000    0   44  126.00000    0.00000   100%     -    0s
     0     2    0.00000    0   44  126.00000    0.00000   100%     -    0s

Cutting planes:
  MIR: 2
  Inf proof: 16
  Zero half: 13
  RLT: 4
  BQP: 12

Explored 418 nodes (8548 simplex iterations) in 0.55 seconds (0.66 work units)
Thread count was 1 (of 12 available processors)

Solution count 8: 126 130 286 ... 2297

Optimal solution found (tolerance 1.00e-04)
Best objective 1.260000000000e+02, best bound 1.260000000000e+02, gap 0.0000%
126.0
