Set parameter Username
Academic license - for non-commercial use only - expires 2025-08-28
Set parameter Threads to value 1
Set parameter Method to value 4
Gurobi Optimizer version 11.0.0 build v11.0.0rc2 (mac64[arm] - Darwin 23.5.0 23F79)

CPU model: Apple M3 Pro
Thread count: 12 physical cores, 12 logical processors, using up to 1 threads

Optimize a model with 2479 rows, 370 columns and 7445 nonzeros
Model fingerprint: 0xc34e28d7
Variable types: 218 continuous, 152 integer (152 binary)
Coefficient statistics:
  Matrix range     [1e+00, 1e+00]
  Objective range  [1e+01, 3e+02]
  Bounds range     [1e+00, 1e+00]
  RHS range        [1e+00, 2e+00]
Presolve removed 649 rows and 82 columns
Presolve time: 0.01s
Presolved: 1830 rows, 288 columns, 5380 nonzeros
Variable types: 0 continuous, 288 integer (288 binary)
Found heuristic solution: objective 1980.0000000

Root relaxation: objective 0.000000e+00, 177 iterations, 0.00 seconds (0.01 work units)

    Nodes    |    Current Node    |     Objective Bounds      |     Work
 Expl Unexpl |  Obj  Depth IntInf | Incumbent    BestBd   Gap | It/Node Time

     0     0    0.00000    0   62 1980.00000    0.00000   100%     -    0s
H    0     0                    1009.0000000    0.00000   100%     -    0s
H    0     0                     840.0000000    0.00000   100%     -    0s
H    0     0                     800.0000000    0.00000   100%     -    0s
     0     0    0.00000    0  110  800.00000    0.00000   100%     -    0s
     0     0    0.00000    0   30  800.00000    0.00000   100%     -    0s
H    0     0                     504.0000000    0.00000   100%     -    0s
H    0     0                     438.0000000    0.00000   100%     -    0s
     0     0    0.00000    0   68  438.00000    0.00000   100%     -    0s
H    0     0                     377.0000000    0.00000   100%     -    0s
H    0     0                     299.0000000    0.00000   100%     -    0s
     0     0    0.00000    0   59  299.00000    0.00000   100%     -    0s
     0     0    0.00000    0   55  299.00000    0.00000   100%     -    0s
     0     0    0.00000    0   77  299.00000    0.00000   100%     -    0s
     0     0    0.00000    0   77  299.00000    0.00000   100%     -    0s
     0     2    0.00000    0   64  299.00000    0.00000   100%     -    0s
H   27    19                     275.0000000    0.00000   100%  51.9    0s
H  135    60                     272.0000000    6.50000  97.6%  41.7    0s

Cutting planes:
  Zero half: 11
  RLT: 5
  BQP: 12

Explored 1441 nodes (56112 simplex iterations) in 2.87 seconds (3.47 work units)
Thread count was 1 (of 12 available processors)

Solution count 10: 272 275 299 ... 1980

Optimal solution found (tolerance 1.00e-04)
Best objective 2.720000000000e+02, best bound 2.720000000000e+02, gap 0.0000%
272.0
