Set parameter Username
Academic license - for non-commercial use only - expires 2025-08-28
Set parameter Threads to value 1
Set parameter Method to value 4
Gurobi Optimizer version 11.0.0 build v11.0.0rc2 (mac64[arm] - Darwin 23.5.0 23F79)

CPU model: Apple M3 Pro
Thread count: 12 physical cores, 12 logical processors, using up to 1 threads

Optimize a model with 2184 rows, 336 columns and 6560 nonzeros
Model fingerprint: 0x568bfc80
Variable types: 200 continuous, 136 integer (136 binary)
Coefficient statistics:
  Matrix range     [1e+00, 1e+00]
  Objective range  [1e+01, 2e+02]
  Bounds range     [1e+00, 1e+00]
  RHS range        [1e+00, 2e+00]
Presolve removed 368 rows and 60 columns
Presolve time: 0.00s
Presolved: 1816 rows, 276 columns, 5360 nonzeros
Variable types: 0 continuous, 276 integer (276 binary)
Found heuristic solution: objective 1945.0000000
Found heuristic solution: objective 1825.0000000

Root relaxation: objective 0.000000e+00, 127 iterations, 0.00 seconds (0.00 work units)

    Nodes    |    Current Node    |     Objective Bounds      |     Work
 Expl Unexpl |  Obj  Depth IntInf | Incumbent    BestBd   Gap | It/Node Time

     0     0    0.00000    0   31 1825.00000    0.00000   100%     -    0s
H    0     0                     535.0000000    0.00000   100%     -    0s
     0     0    0.00000    0   46  535.00000    0.00000   100%     -    0s
H    0     0                     287.0000000    0.00000   100%     -    0s
     0     0    0.00000    0   57  287.00000    0.00000   100%     -    0s
H    0     0                     286.0000000    0.00000   100%     -    0s
     0     0    0.00000    0   56  286.00000    0.00000   100%     -    0s
     0     0    0.00000    0   52  286.00000    0.00000   100%     -    0s
     0     0    0.00000    0   29  286.00000    0.00000   100%     -    0s
H    0     0                     210.0000000    0.00000   100%     -    0s
     0     2    0.00000    0   26  210.00000    0.00000   100%     -    0s
*   21    15              11     194.0000000   10.00000  94.8%  53.9    0s

Cutting planes:
  MIR: 4
  Inf proof: 32
  Zero half: 27
  RLT: 17
  BQP: 13

Explored 1737 nodes (37021 simplex iterations) in 3.37 seconds (3.69 work units)
Thread count was 1 (of 12 available processors)

Solution count 7: 194 210 286 ... 1945

Optimal solution found (tolerance 1.00e-04)
Best objective 1.940000000000e+02, best bound 1.940000000000e+02, gap 0.0000%
194.0
