Set parameter Username
Academic license - for non-commercial use only - expires 2025-08-28
Set parameter Threads to value 1
Set parameter Method to value 4
Gurobi Optimizer version 11.0.0 build v11.0.0rc2 (mac64[arm] - Darwin 23.5.0 23F79)

CPU model: Apple M3 Pro
Thread count: 12 physical cores, 12 logical processors, using up to 1 threads

Optimize a model with 1890 rows, 302 columns and 5676 nonzeros
Model fingerprint: 0x2d9e2ca9
Variable types: 182 continuous, 120 integer (120 binary)
Coefficient statistics:
  Matrix range     [1e+00, 1e+00]
  Objective range  [1e+01, 1e+02]
  Bounds range     [1e+00, 1e+00]
  RHS range        [1e+00, 2e+00]
Presolve removed 872 rows and 98 columns
Presolve time: 0.01s
Presolved: 1018 rows, 204 columns, 2988 nonzeros
Variable types: 0 continuous, 204 integer (204 binary)
Found heuristic solution: objective 735.0000000
Found heuristic solution: objective 654.0000000

Root relaxation: objective 0.000000e+00, 129 iterations, 0.00 seconds (0.00 work units)

    Nodes    |    Current Node    |     Objective Bounds      |     Work
 Expl Unexpl |  Obj  Depth IntInf | Incumbent    BestBd   Gap | It/Node Time

     0     0    0.00000    0   36  654.00000    0.00000   100%     -    0s
H    0     0                     283.0000000    0.00000   100%     -    0s
H    0     0                     232.0000000    0.00000   100%     -    0s
H    0     0                     198.0000000    0.00000   100%     -    0s
     0     0    0.00000    0   32  198.00000    0.00000   100%     -    0s
H    0     0                     180.0000000    0.00000   100%     -    0s
H    0     0                     147.0000000    0.00000   100%     -    0s
H    0     0                     140.0000000    0.00000   100%     -    0s
H    0     0                      76.0000000    0.00000   100%     -    0s
     0     0    0.00000    0   40   76.00000    0.00000   100%     -    0s
     0     0    0.00000    0   34   76.00000    0.00000   100%     -    0s
     0     0    0.00000    0   54   76.00000    0.00000   100%     -    0s
     0     0    0.00000    0   52   76.00000    0.00000   100%     -    0s
     0     0    0.00000    0   35   76.00000    0.00000   100%     -    0s
     0     0    0.00000    0   35   76.00000    0.00000   100%     -    0s
     0     2    0.00000    0   33   76.00000    0.00000   100%     -    0s

Cutting planes:
  Gomory: 1
  Cover: 1
  Inf proof: 3
  Zero half: 9
  RLT: 15
  BQP: 7

Explored 248 nodes (4605 simplex iterations) in 0.26 seconds (0.31 work units)
Thread count was 1 (of 12 available processors)

Solution count 9: 76 140 147 ... 735

Optimal solution found (tolerance 1.00e-04)
Best objective 7.600000000000e+01, best bound 7.600000000000e+01, gap 0.0000%
76.0
