Set parameter Username
Academic license - for non-commercial use only - expires 2025-08-28
Set parameter Threads to value 1
Set parameter Method to value 4
Gurobi Optimizer version 11.0.0 build v11.0.0rc2 (mac64[arm] - Darwin 23.5.0 23F79)

CPU model: Apple M3 Pro
Thread count: 12 physical cores, 12 logical processors, using up to 1 threads

Optimize a model with 1956 rows, 315 columns and 5876 nonzeros
Model fingerprint: 0x29821785
Variable types: 198 continuous, 117 integer (117 binary)
Coefficient statistics:
  Matrix range     [1e+00, 1e+00]
  Objective range  [1e+01, 9e+01]
  Bounds range     [1e+00, 1e+00]
  RHS range        [1e+00, 2e+00]
Presolve removed 1079 rows and 113 columns
Presolve time: 0.00s
Presolved: 877 rows, 202 columns, 2592 nonzeros
Variable types: 0 continuous, 202 integer (202 binary)
Found heuristic solution: objective 342.0000000
Found heuristic solution: objective 75.0000000
Found heuristic solution: objective 49.0000000
Found heuristic solution: objective 13.0000000

Root relaxation: objective 0.000000e+00, 100 iterations, 0.00 seconds (0.00 work units)

    Nodes    |    Current Node    |     Objective Bounds      |     Work
 Expl Unexpl |  Obj  Depth IntInf | Incumbent    BestBd   Gap | It/Node Time

     0     0    0.00000    0   22   13.00000    0.00000   100%     -    0s
     0     0    0.00000    0   27   13.00000    0.00000   100%     -    0s

Cutting planes:
  Gomory: 1
  Zero half: 3

Explored 1 nodes (320 simplex iterations) in 0.02 seconds (0.03 work units)
Thread count was 1 (of 12 available processors)

Solution count 4: 13 49 75 342 

Optimal solution found (tolerance 1.00e-04)
Best objective 1.300000000000e+01, best bound 1.300000000000e+01, gap 0.0000%
13.0
