Set parameter Username
Academic license - for non-commercial use only - expires 2025-08-28
Set parameter Threads to value 1
Set parameter Method to value 4
Gurobi Optimizer version 11.0.0 build v11.0.0rc2 (mac64[arm] - Darwin 23.5.0 23F79)

CPU model: Apple M3 Pro
Thread count: 12 physical cores, 12 logical processors, using up to 1 threads

Optimize a model with 2286 rows, 351 columns and 6870 nonzeros
Model fingerprint: 0x7a7cdf7e
Variable types: 216 continuous, 135 integer (135 binary)
Coefficient statistics:
  Matrix range     [1e+00, 1e+00]
  Objective range  [1e+01, 2e+02]
  Bounds range     [1e+00, 1e+00]
  RHS range        [1e+00, 2e+00]
Presolve removed 831 rows and 95 columns
Presolve time: 0.01s
Presolved: 1455 rows, 256 columns, 4302 nonzeros
Variable types: 0 continuous, 256 integer (256 binary)
Found heuristic solution: objective 1505.0000000
Found heuristic solution: objective 1440.0000000

Root relaxation: objective 0.000000e+00, 126 iterations, 0.00 seconds (0.00 work units)

    Nodes    |    Current Node    |     Objective Bounds      |     Work
 Expl Unexpl |  Obj  Depth IntInf | Incumbent    BestBd   Gap | It/Node Time

     0     0    0.00000    0   31 1440.00000    0.00000   100%     -    0s
H    0     0                    1165.0000000    0.00000   100%     -    0s
H    0     0                    1031.0000000    0.00000   100%     -    0s
H    0     0                     864.0000000    0.00000   100%     -    0s
H    0     0                     825.0000000    0.00000   100%     -    0s
     0     0    0.00000    0   63  825.00000    0.00000   100%     -    0s
H    0     0                     788.0000000    0.00000   100%     -    0s
H    0     0                     362.0000000    0.00000   100%     -    0s
H    0     0                     205.0000000    0.00000   100%     -    0s
     0     0    0.00000    0   25  205.00000    0.00000   100%     -    0s
H    0     0                     105.0000000    0.00000   100%     -    0s
     0     0    0.00000    0   25  105.00000    0.00000   100%     -    0s
H    0     0                      97.0000000    0.00000   100%     -    0s
     0     0    0.00000    0   34   97.00000    0.00000   100%     -    0s
     0     0    0.00000    0   22   97.00000    0.00000   100%     -    0s
H    0     0                      95.0000000    0.00000   100%     -    0s
     0     0    0.00000    0   18   95.00000    0.00000   100%     -    0s
     0     0    0.00000    0   47   95.00000    0.00000   100%     -    0s
     0     0    0.00000    0   47   95.00000    0.00000   100%     -    0s
     0     0    0.00000    0   63   95.00000    0.00000   100%     -    0s
     0     0    0.00000    0   54   95.00000    0.00000   100%     -    0s
     0     0    0.00000    0   57   95.00000    0.00000   100%     -    0s
     0     0    0.00000    0   55   95.00000    0.00000   100%     -    0s
     0     2    0.00000    0   55   95.00000    0.00000   100%     -    0s

Cutting planes:
  MIR: 1
  Zero half: 15
  RLT: 4
  BQP: 1

Explored 8 nodes (2852 simplex iterations) in 0.21 seconds (0.21 work units)
Thread count was 1 (of 12 available processors)

Solution count 10: 95 97 105 ... 1165

Optimal solution found (tolerance 1.00e-04)
Best objective 9.500000000000e+01, best bound 9.500000000000e+01, gap 0.0000%
95.0
