Set parameter Username
Academic license - for non-commercial use only - expires 2025-08-28
Set parameter Threads to value 1
Set parameter Method to value 4
Gurobi Optimizer version 11.0.0 build v11.0.0rc2 (mac64[arm] - Darwin 23.5.0 23F79)

CPU model: Apple M3 Pro
Thread count: 12 physical cores, 12 logical processors, using up to 1 threads

Optimize a model with 3112 rows, 441 columns and 9356 nonzeros
Model fingerprint: 0x10fbd743
Variable types: 261 continuous, 180 integer (180 binary)
Coefficient statistics:
  Matrix range     [1e+00, 1e+00]
  Objective range  [1e+01, 3e+02]
  Bounds range     [1e+00, 1e+00]
  RHS range        [1e+00, 2e+00]
Presolve removed 518 rows and 77 columns
Presolve time: 0.01s
Presolved: 2594 rows, 364 columns, 7641 nonzeros
Variable types: 0 continuous, 364 integer (364 binary)
Found heuristic solution: objective 3434.0000000
Found heuristic solution: objective 3245.0000000

Root relaxation: objective 0.000000e+00, 167 iterations, 0.00 seconds (0.01 work units)

    Nodes    |    Current Node    |     Objective Bounds      |     Work
 Expl Unexpl |  Obj  Depth IntInf | Incumbent    BestBd   Gap | It/Node Time

     0     0    0.00000    0   42 3245.00000    0.00000   100%     -    0s
H    0     0                    1988.0000000    0.00000   100%     -    0s
H    0     0                    1299.0000000    0.00000   100%     -    0s
     0     0    0.00000    0  111 1299.00000    0.00000   100%     -    0s
H    0     0                    1023.0000000    0.00000   100%     -    0s
H    0     0                     873.0000000    0.00000   100%     -    0s
H    0     0                     797.0000000    0.00000   100%     -    0s
     0     0    0.00000    0  100  797.00000    0.00000   100%     -    0s
H    0     0                     787.0000000    0.00000   100%     -    0s
     0     0    0.00000    0  100  787.00000    0.00000   100%     -    0s
     0     0    0.00000    0   73  787.00000    0.00000   100%     -    0s
H    0     0                     622.0000000    0.00000   100%     -    0s
     0     0    0.00000    0   75  622.00000    0.00000   100%     -    0s
     0     0    0.00000    0   94  622.00000    0.00000   100%     -    0s
H    0     0                     503.0000000    0.00000   100%     -    0s
     0     0    0.00000    0   94  503.00000    0.00000   100%     -    0s
     0     0    0.00000    0   70  503.00000    0.00000   100%     -    0s
     0     0    0.00000    0   68  503.00000    0.00000   100%     -    0s
H    0     0                     386.0000000    0.00000   100%     -    0s
     0     2    0.00000    0   68  386.00000    0.00000   100%     -    0s
H  106    70                     370.0000000    0.00000   100%  42.6    0s
H  343   184                     358.0000000   12.00000  96.6%  43.7    1s
  1812   458     cutoff   31       358.00000  137.40000  61.6%  35.7    5s
  3985   925  315.50000   36   62  358.00000  207.25000  42.1%  30.6   10s
  6551  1210  298.33333   28   83  358.00000  249.00000  30.4%  28.5   15s
  9401   986  284.00000   33   54  358.00000  284.00000  20.7%  27.9   20s

Cutting planes:
  Inf proof: 1
  Zero half: 2
  RLT: 3
  BQP: 10

Explored 12157 nodes (326259 simplex iterations) in 23.33 seconds (28.80 work units)
Thread count was 1 (of 12 available processors)

Solution count 10: 358 370 386 ... 1299

Optimal solution found (tolerance 1.00e-04)
Best objective 3.580000000000e+02, best bound 3.580000000000e+02, gap 0.0000%
358.0
