Set parameter Username
Academic license - for non-commercial use only - expires 2025-08-28
Set parameter Threads to value 1
Set parameter Method to value 4
Gurobi Optimizer version 11.0.0 build v11.0.0rc2 (mac64[arm] - Darwin 23.5.0 23F79)

CPU model: Apple M3 Pro
Thread count: 12 physical cores, 12 logical processors, using up to 1 threads

Optimize a model with 2286 rows, 351 columns and 6870 nonzeros
Model fingerprint: 0xc8e75fb3
Variable types: 216 continuous, 135 integer (135 binary)
Coefficient statistics:
  Matrix range     [1e+00, 1e+00]
  Objective range  [1e+01, 1e+02]
  Bounds range     [1e+00, 1e+00]
  RHS range        [1e+00, 2e+00]
Presolve removed 1047 rows and 110 columns
Presolve time: 0.01s
Presolved: 1239 rows, 241 columns, 3654 nonzeros
Variable types: 0 continuous, 241 integer (241 binary)
Found heuristic solution: objective 845.0000000
Found heuristic solution: objective 358.0000000
Found heuristic solution: objective 252.0000000

Root relaxation: objective 0.000000e+00, 112 iterations, 0.00 seconds (0.00 work units)

    Nodes    |    Current Node    |     Objective Bounds      |     Work
 Expl Unexpl |  Obj  Depth IntInf | Incumbent    BestBd   Gap | It/Node Time

     0     0    0.00000    0   22  252.00000    0.00000   100%     -    0s
H    0     0                     228.0000000    0.00000   100%     -    0s
     0     0    0.00000    0   87  228.00000    0.00000   100%     -    0s
H    0     0                      96.0000000    0.00000   100%     -    0s
     0     0    0.00000    0   47   96.00000    0.00000   100%     -    0s
H    0     0                      48.0000000    0.00000   100%     -    0s
     0     0    0.00000    0   18   48.00000    0.00000   100%     -    0s
     0     0    0.00000    0   15   48.00000    0.00000   100%     -    0s
     0     0    0.00000    0   24   48.00000    0.00000   100%     -    0s
     0     0    0.00000    0   28   48.00000    0.00000   100%     -    0s
     0     0    0.00000    0   38   48.00000    0.00000   100%     -    0s
     0     0    0.54545    0   57   48.00000    0.54545  98.9%     -    0s
     0     0    0.54545    0   63   48.00000    0.54545  98.9%     -    0s
     0     0    1.50000    0   62   48.00000    1.50000  96.9%     -    0s
     0     0    1.50000    0   61   48.00000    1.50000  96.9%     -    0s
     0     0    1.50000    0   67   48.00000    1.50000  96.9%     -    0s
     0     0    1.50000    0   67   48.00000    1.50000  96.9%     -    0s
     0     0    1.50000    0   51   48.00000    1.50000  96.9%     -    0s
     0     0    1.50000    0   62   48.00000    1.50000  96.9%     -    0s
     0     0    1.50000    0   55   48.00000    1.50000  96.9%     -    0s
     0     0    1.50000    0   55   48.00000    1.50000  96.9%     -    0s
     0     2   12.00000    0   55   48.00000   12.00000  75.0%     -    0s

Cutting planes:
  Gomory: 1
  MIR: 10
  Zero half: 14
  RLT: 16
  BQP: 2

Explored 196 nodes (5603 simplex iterations) in 0.37 seconds (0.39 work units)
Thread count was 1 (of 12 available processors)

Solution count 6: 48 96 228 ... 845

Optimal solution found (tolerance 1.00e-04)
Best objective 4.800000000000e+01, best bound 4.800000000000e+01, gap 0.0000%
48.0
