Set parameter Username
Academic license - for non-commercial use only - expires 2025-08-28
Set parameter Threads to value 1
Set parameter Method to value 4
Gurobi Optimizer version 11.0.0 build v11.0.0rc2 (mac64[arm] - Darwin 23.5.0 23F79)

CPU model: Apple M3 Pro
Thread count: 12 physical cores, 12 logical processors, using up to 1 threads

Optimize a model with 2781 rows, 405 columns and 8361 nonzeros
Model fingerprint: 0x729693c6
Variable types: 243 continuous, 162 integer (162 binary)
Coefficient statistics:
  Matrix range     [1e+00, 1e+00]
  Objective range  [1e+01, 3e+02]
  Bounds range     [1e+00, 1e+00]
  RHS range        [1e+00, 2e+00]
Presolve removed 468 rows and 72 columns
Presolve time: 0.01s
Presolved: 2313 rows, 333 columns, 6831 nonzeros
Variable types: 0 continuous, 333 integer (333 binary)
Found heuristic solution: objective 1046.0000000
Found heuristic solution: objective 836.0000000

Root relaxation: objective 0.000000e+00, 140 iterations, 0.00 seconds (0.01 work units)

    Nodes    |    Current Node    |     Objective Bounds      |     Work
 Expl Unexpl |  Obj  Depth IntInf | Incumbent    BestBd   Gap | It/Node Time

     0     0    0.00000    0   32  836.00000    0.00000   100%     -    0s
H    0     0                     544.0000000    0.00000   100%     -    0s
H    0     0                     527.0000000    0.00000   100%     -    0s
     0     0    0.00000    0   62  527.00000    0.00000   100%     -    0s
H    0     0                     504.0000000    0.00000   100%     -    0s
H    0     0                     453.0000000    0.00000   100%     -    0s
     0     0    0.00000    0   90  453.00000    0.00000   100%     -    0s
H    0     0                     442.0000000    0.00000   100%     -    0s
     0     0    0.00000    0   74  442.00000    0.00000   100%     -    0s
     0     0    0.00000    0   73  442.00000    0.00000   100%     -    0s
     0     0    0.00000    0   78  442.00000    0.00000   100%     -    0s
     0     0    0.00000    0   74  442.00000    0.00000   100%     -    0s
H    0     0                     369.0000000    0.00000   100%     -    0s
H    0     0                     358.0000000    0.00000   100%     -    0s
     0     0    0.00000    0   78  358.00000    0.00000   100%     -    0s
     0     0    0.00000    0   79  358.00000    0.00000   100%     -    0s
     0     0    0.00000    0   77  358.00000    0.00000   100%     -    0s
     0     2    0.00000    0   28  358.00000    0.00000   100%     -    0s
*   33    30              20     302.0000000   10.00000  96.7%  43.6    0s
*   50    36              13     295.0000000   10.00000  96.6%  38.0    0s
H   56    27                     247.0000000   10.00000  96.0%  34.4    0s
H  128    54                     224.0000000   10.00000  95.5%  28.9    0s
H  502   207                     219.0000000   33.25000  84.8%  30.2    1s
  2125   137  185.71429   24   35  219.00000  170.00000  22.4%  24.9    5s

Cutting planes:
  Gomory: 1
  Zero half: 7
  BQP: 1

Explored 2446 nodes (59967 simplex iterations) in 5.54 seconds (6.39 work units)
Thread count was 1 (of 12 available processors)

Solution count 10: 219 224 247 ... 504

Optimal solution found (tolerance 1.00e-04)
Best objective 2.190000000000e+02, best bound 2.190000000000e+02, gap 0.0000%
219.0
