Set parameter Username
Academic license - for non-commercial use only - expires 2025-08-28
Set parameter Threads to value 1
Set parameter Method to value 4
Gurobi Optimizer version 11.0.0 build v11.0.0rc2 (mac64[arm] - Darwin 23.5.0 23F79)

CPU model: Apple M3 Pro
Thread count: 12 physical cores, 12 logical processors, using up to 1 threads

Optimize a model with 3112 rows, 441 columns and 9356 nonzeros
Model fingerprint: 0xd273973d
Variable types: 261 continuous, 180 integer (180 binary)
Coefficient statistics:
  Matrix range     [1e+00, 1e+00]
  Objective range  [1e+01, 3e+02]
  Bounds range     [1e+00, 1e+00]
  RHS range        [1e+00, 2e+00]
Presolve removed 518 rows and 77 columns
Presolve time: 0.01s
Presolved: 2594 rows, 364 columns, 7641 nonzeros
Variable types: 0 continuous, 364 integer (364 binary)
Found heuristic solution: objective 2809.0000000
Found heuristic solution: objective 2659.0000000

Root relaxation: objective 0.000000e+00, 142 iterations, 0.00 seconds (0.01 work units)

    Nodes    |    Current Node    |     Objective Bounds      |     Work
 Expl Unexpl |  Obj  Depth IntInf | Incumbent    BestBd   Gap | It/Node Time

     0     0    0.00000    0   40 2659.00000    0.00000   100%     -    0s
H    0     0                    1513.0000000    0.00000   100%     -    0s
H    0     0                     949.0000000    0.00000   100%     -    0s
H    0     0                     769.0000000    0.00000   100%     -    0s
     0     0    0.00000    0   91  769.00000    0.00000   100%     -    0s
H    0     0                     634.0000000    0.00000   100%     -    0s
H    0     0                     381.0000000    0.00000   100%     -    0s
     0     0    0.00000    0   86  381.00000    0.00000   100%     -    0s
     0     0    0.00000    0   78  381.00000    0.00000   100%     -    0s
     0     0    0.00000    0  100  381.00000    0.00000   100%     -    0s
     0     0    0.00000    0   97  381.00000    0.00000   100%     -    0s
     0     0    0.00000    0   79  381.00000    0.00000   100%     -    0s
     0     0    0.00000    0   79  381.00000    0.00000   100%     -    0s
     0     2    0.00000    0   79  381.00000    0.00000   100%     -    0s
H   27    27                     351.0000000   10.00000  97.2%  60.2    0s
H  188   124                     332.0000000   20.00000  94.0%  46.1    0s
H  446   290                     327.0000000   35.50000  89.1%  47.7    1s
H  466   304                     312.0000000   36.16667  88.4%  48.9    1s
H  547   347                     295.0000000   36.50000  87.6%  46.5    1s
H  710   412                     291.0000000   40.00000  86.3%  49.8    2s
*  723   392              29     282.0000000   40.00000  85.8%  49.3    2s
  1929   466  203.91667   24   93  282.00000   54.00000  80.9%  38.4    5s
  4581  1096  256.00000   26   76  282.00000  124.83333  55.7%  31.1   10s
  7422  1563  219.66667   33   62  282.00000  163.37500  42.1%  28.7   15s
 10201  1766  272.00000   38   30  282.00000  188.50000  33.2%  27.5   20s
 10303  1796  188.50000   35   40  282.00000  188.50000  33.2%  28.1   25s
 12324  1793  188.50000   35   74  282.00000  188.50000  33.2%  29.2   30s
 15389  1420  188.50000   37   77  282.00000  188.50000  33.2%  29.0   35s
 18738  1644  258.20000   37   62  282.00000  191.37500  32.1%  28.5   40s
 22223  1732  222.92913   35   65  282.00000  210.25000  25.4%  27.8   45s
 26314  1376     cutoff   34       282.00000  233.00000  17.4%  26.8   50s

Cutting planes:
  Gomory: 6
  Implied bound: 1
  Flow cover: 4
  Inf proof: 1
  Zero half: 24
  RLT: 23
  BQP: 10

Explored 29856 nodes (773719 simplex iterations) in 53.86 seconds (66.02 work units)
Thread count was 1 (of 12 available processors)

Solution count 10: 282 291 295 ... 769

Optimal solution found (tolerance 1.00e-04)
Best objective 2.820000000000e+02, best bound 2.820000000000e+02, gap 0.0000%
282.0
