Set parameter Username
Academic license - for non-commercial use only - expires 2025-08-28
Set parameter Threads to value 1
Set parameter Method to value 4
Gurobi Optimizer version 11.0.0 build v11.0.0rc2 (mac64[arm] - Darwin 23.5.0 23F79)

CPU model: Apple M3 Pro
Thread count: 12 physical cores, 12 logical processors, using up to 1 threads

Optimize a model with 2782 rows, 405 columns and 8362 nonzeros
Model fingerprint: 0x4571192e
Variable types: 243 continuous, 162 integer (162 binary)
Coefficient statistics:
  Matrix range     [1e+00, 1e+00]
  Objective range  [1e+01, 2e+02]
  Bounds range     [1e+00, 1e+00]
  RHS range        [1e+00, 2e+00]
Presolve removed 739 rows and 90 columns
Presolve time: 0.01s
Presolved: 2043 rows, 315 columns, 6021 nonzeros
Variable types: 0 continuous, 315 integer (315 binary)
Found heuristic solution: objective 2392.0000000
Found heuristic solution: objective 2216.0000000
Found heuristic solution: objective 1550.0000000

Root relaxation: objective 0.000000e+00, 141 iterations, 0.00 seconds (0.00 work units)

    Nodes    |    Current Node    |     Objective Bounds      |     Work
 Expl Unexpl |  Obj  Depth IntInf | Incumbent    BestBd   Gap | It/Node Time

     0     0    0.00000    0   32 1550.00000    0.00000   100%     -    0s
H    0     0                    1408.0000000    0.00000   100%     -    0s
H    0     0                     998.0000000    0.00000   100%     -    0s
H    0     0                     841.0000000    0.00000   100%     -    0s
     0     0    0.00000    0   52  841.00000    0.00000   100%     -    0s
H    0     0                     784.0000000    0.00000   100%     -    0s
H    0     0                     769.0000000    0.00000   100%     -    0s
     0     0    0.00000    0   81  769.00000    0.00000   100%     -    0s
H    0     0                     302.0000000    0.00000   100%     -    0s
     0     0    0.00000    0   72  302.00000    0.00000   100%     -    0s
     0     0    0.00000    0   80  302.00000    0.00000   100%     -    0s
H    0     0                     241.0000000    0.00000   100%     -    0s
     0     0    0.00000    0   87  241.00000    0.00000   100%     -    0s
     0     0    0.00000    0   82  241.00000    0.00000   100%     -    0s
H    0     0                     194.0000000    0.00000   100%     -    0s
     0     0    0.00000    0   84  194.00000    0.00000   100%     -    0s
     0     0    0.00000    0   82  194.00000    0.00000   100%     -    0s
     0     0    0.00000    0   78  194.00000    0.00000   100%     -    0s
     0     2    0.00000    0   78  194.00000    0.00000   100%     -    0s

Cutting planes:
  Zero half: 4
  RLT: 1
  BQP: 2

Explored 3004 nodes (66972 simplex iterations) in 4.60 seconds (5.73 work units)
Thread count was 1 (of 12 available processors)

Solution count 10: 194 241 302 ... 2216

Optimal solution found (tolerance 1.00e-04)
Best objective 1.940000000000e+02, best bound 1.940000000000e+02, gap 0.0000%
194.0
