Set parameter Username
Academic license - for non-commercial use only - expires 2025-08-28
Set parameter Threads to value 1
Set parameter Method to value 4
Gurobi Optimizer version 11.0.0 build v11.0.0rc2 (mac64[arm] - Darwin 23.5.0 23F79)

CPU model: Apple M3 Pro
Thread count: 12 physical cores, 12 logical processors, using up to 1 threads

Optimize a model with 2451 rows, 369 columns and 7367 nonzeros
Model fingerprint: 0xc5bfea31
Variable types: 225 continuous, 144 integer (144 binary)
Coefficient statistics:
  Matrix range     [1e+00, 1e+00]
  Objective range  [1e+01, 2e+02]
  Bounds range     [1e+00, 1e+00]
  RHS range        [1e+00, 2e+00]
Presolve removed 1121 rows and 115 columns
Presolve time: 0.01s
Presolved: 1330 rows, 254 columns, 3915 nonzeros
Variable types: 0 continuous, 254 integer (254 binary)
Found heuristic solution: objective 1212.0000000
Found heuristic solution: objective 1144.0000000

Root relaxation: objective 0.000000e+00, 92 iterations, 0.00 seconds (0.00 work units)

    Nodes    |    Current Node    |     Objective Bounds      |     Work
 Expl Unexpl |  Obj  Depth IntInf | Incumbent    BestBd   Gap | It/Node Time

     0     0    0.00000    0   26 1144.00000    0.00000   100%     -    0s
H    0     0                     974.0000000    0.00000   100%     -    0s
H    0     0                     660.0000000    0.00000   100%     -    0s
H    0     0                     572.0000000    0.00000   100%     -    0s
H    0     0                     206.0000000    0.00000   100%     -    0s
     0     0    0.00000    0   66  206.00000    0.00000   100%     -    0s
H    0     0                     186.0000000    0.00000   100%     -    0s
H    0     0                     102.0000000    0.00000   100%     -    0s
     0     0    0.00000    0   56  102.00000    0.00000   100%     -    0s
H    0     0                      72.0000000    0.00000   100%     -    0s
     0     0    0.00000    0   31   72.00000    0.00000   100%     -    0s
     0     0    0.00000    0   31   72.00000    0.00000   100%     -    0s
     0     0    0.00000    0   40   72.00000    0.00000   100%     -    0s
     0     0    0.00000    0   37   72.00000    0.00000   100%     -    0s
     0     2    0.00000    0   16   72.00000    0.00000   100%     -    0s

Cutting planes:
  Gomory: 1
  MIR: 8
  Flow cover: 1
  Inf proof: 8
  Zero half: 9
  RLT: 24
  BQP: 9

Explored 625 nodes (10615 simplex iterations) in 0.98 seconds (0.88 work units)
Thread count was 1 (of 12 available processors)

Solution count 9: 72 102 186 ... 1212

Optimal solution found (tolerance 1.00e-04)
Best objective 7.200000000000e+01, best bound 7.200000000000e+01, gap 0.0000%
72.0
