Set parameter Username
Academic license - for non-commercial use only - expires 2025-08-28
Set parameter Threads to value 1
Set parameter Method to value 4
Gurobi Optimizer version 11.0.0 build v11.0.0rc2 (mac64[arm] - Darwin 23.5.0 23F79)

CPU model: Apple M3 Pro
Thread count: 12 physical cores, 12 logical processors, using up to 1 threads

Optimize a model with 3277 rows, 459 columns and 9853 nonzeros
Model fingerprint: 0x42e9bdd4
Variable types: 270 continuous, 189 integer (189 binary)
Coefficient statistics:
  Matrix range     [1e+00, 1e+00]
  Objective range  [1e+01, 3e+02]
  Bounds range     [1e+00, 1e+00]
  RHS range        [1e+00, 2e+00]
Presolve removed 538 rows and 79 columns
Presolve time: 0.01s
Presolved: 2739 rows, 380 columns, 8064 nonzeros
Variable types: 0 continuous, 380 integer (380 binary)
Found heuristic solution: objective 3746.0000000
Found heuristic solution: objective 3557.0000000

Root relaxation: objective 0.000000e+00, 159 iterations, 0.00 seconds (0.01 work units)

    Nodes    |    Current Node    |     Objective Bounds      |     Work
 Expl Unexpl |  Obj  Depth IntInf | Incumbent    BestBd   Gap | It/Node Time

     0     0    0.00000    0   42 3557.00000    0.00000   100%     -    0s
H    0     0                    1667.0000000    0.00000   100%     -    0s
H    0     0                    1589.0000000    0.00000   100%     -    0s
H    0     0                    1459.0000000    0.00000   100%     -    0s
     0     0    0.00000    0   91 1459.00000    0.00000   100%     -    0s
H    0     0                    1109.0000000    0.00000   100%     -    0s
H    0     0                     869.0000000    0.00000   100%     -    0s
     0     0    0.00000    0   85  869.00000    0.00000   100%     -    0s
H    0     0                     729.0000000    0.00000   100%     -    0s
     0     0    0.00000    0  136  729.00000    0.00000   100%     -    0s
     0     0    0.00000    0  139  729.00000    0.00000   100%     -    0s
     0     0    0.00000    0  107  729.00000    0.00000   100%     -    0s
     0     0    0.00000    0  107  729.00000    0.00000   100%     -    0s
     0     2    0.00000    0  107  729.00000    0.00000   100%     -    0s
H   26    22                     657.0000000    0.00000   100%  83.8    0s
H   27    21                     583.0000000    0.00000   100%  81.0    0s
H   54    47                     577.0000000    0.00000   100%  72.5    0s
H   99    71                     463.0000000   11.00000  97.6%  54.9    0s
H  108    78                     426.0000000   11.00000  97.4%  54.9    0s
*  213   143              28     419.0000000   22.00000  94.7%  49.9    1s
H 1150   469                     415.0000000   37.00000  91.1%  47.5    3s
  1573   521  293.00000   34   41  415.00000   37.00000  91.1%  43.7    5s
  3509  1078  378.83333   35   35  415.00000   91.25000  78.0%  38.5   10s
  5394  1548  285.50000   34   65  415.00000  179.00000  56.9%  36.3   15s
  8174  1149  337.33333   42   74  415.00000  303.75000  26.8%  32.4   20s
 11645   205  397.07143   42   39  415.00000  386.00000  6.99%  29.7   25s

Cutting planes:
  Gomory: 1
  Inf proof: 1
  Zero half: 3
  RLT: 1
  BQP: 7

Explored 12078 nodes (353273 simplex iterations) in 25.45 seconds (30.92 work units)
Thread count was 1 (of 12 available processors)

Solution count 10: 415 419 419 ... 869

Optimal solution found (tolerance 1.00e-04)
Best objective 4.150000000000e+02, best bound 4.150000000000e+02, gap 0.0000%
415.0
