Set parameter Username
Academic license - for non-commercial use only - expires 2025-08-28
Set parameter Threads to value 1
Set parameter Method to value 4
Gurobi Optimizer version 11.0.0 build v11.0.0rc2 (mac64[arm] - Darwin 23.5.0 23F79)

CPU model: Apple M3 Pro
Thread count: 12 physical cores, 12 logical processors, using up to 1 threads

Optimize a model with 2616 rows, 387 columns and 7864 nonzeros
Model fingerprint: 0x4d65603b
Variable types: 234 continuous, 153 integer (153 binary)
Coefficient statistics:
  Matrix range     [1e+00, 1e+00]
  Objective range  [1e+01, 2e+02]
  Bounds range     [1e+00, 1e+00]
  RHS range        [1e+00, 2e+00]
Found heuristic solution: objective 1945.0000000
Presolve removed 700 rows and 87 columns
Presolve time: 0.01s
Presolved: 1916 rows, 300 columns, 5652 nonzeros
Variable types: 0 continuous, 300 integer (300 binary)

Root relaxation: objective 0.000000e+00, 117 iterations, 0.00 seconds (0.00 work units)

    Nodes    |    Current Node    |     Objective Bounds      |     Work
 Expl Unexpl |  Obj  Depth IntInf | Incumbent    BestBd   Gap | It/Node Time

     0     0    0.00000    0   30 1945.00000    0.00000   100%     -    0s
H    0     0                     341.0000000    0.00000   100%     -    0s
H    0     0                     303.0000000    0.00000   100%     -    0s
     0     0    0.00000    0   92  303.00000    0.00000   100%     -    0s
H    0     0                     261.0000000    0.00000   100%     -    0s
H    0     0                     235.0000000    0.00000   100%     -    0s
     0     0    0.00000    0   64  235.00000    0.00000   100%     -    0s
     0     0    0.00000    0   76  235.00000    0.00000   100%     -    0s
     0     0    0.00000    0   83  235.00000    0.00000   100%     -    0s
     0     0    0.00000    0   80  235.00000    0.00000   100%     -    0s
     0     0    0.00000    0   49  235.00000    0.00000   100%     -    0s
     0     0    0.00000    0  106  235.00000    0.00000   100%     -    0s
     0     0    0.00000    0   38  235.00000    0.00000   100%     -    0s
     0     0    0.00000    0   38  235.00000    0.00000   100%     -    0s
     0     2    0.00000    0   38  235.00000    0.00000   100%     -    0s
H   26    16                     222.0000000    0.00000   100%  45.5    0s
*   44    31              21     196.0000000    0.00000   100%  36.2    0s
*  116    69              21     194.0000000    0.00000   100%  29.4    0s

Cutting planes:
  Gomory: 5
  MIR: 7
  Inf proof: 25
  Zero half: 29
  RLT: 28
  BQP: 15

Explored 1794 nodes (35835 simplex iterations) in 3.09 seconds (3.56 work units)
Thread count was 1 (of 12 available processors)

Solution count 8: 194 196 222 ... 1945

Optimal solution found (tolerance 1.00e-04)
Best objective 1.940000000000e+02, best bound 1.940000000000e+02, gap 0.0000%
194.0
