Set parameter Username
Academic license - for non-commercial use only - expires 2025-08-28
Set parameter Threads to value 1
Set parameter Method to value 4
Gurobi Optimizer version 11.0.0 build v11.0.0rc2 (mac64[arm] - Darwin 23.5.0 23F79)

CPU model: Apple M3 Pro
Thread count: 12 physical cores, 12 logical processors, using up to 1 threads

Optimize a model with 2616 rows, 387 columns and 7864 nonzeros
Model fingerprint: 0xea2d6632
Variable types: 234 continuous, 153 integer (153 binary)
Coefficient statistics:
  Matrix range     [1e+00, 1e+00]
  Objective range  [1e+01, 2e+02]
  Bounds range     [1e+00, 1e+00]
  RHS range        [1e+00, 2e+00]
Presolve removed 943 rows and 103 columns
Presolve time: 0.01s
Presolved: 1673 rows, 284 columns, 4932 nonzeros
Variable types: 0 continuous, 284 integer (284 binary)
Found heuristic solution: objective 1770.0000000
Found heuristic solution: objective 1695.0000000

Root relaxation: objective 0.000000e+00, 148 iterations, 0.00 seconds (0.00 work units)

    Nodes    |    Current Node    |     Objective Bounds      |     Work
 Expl Unexpl |  Obj  Depth IntInf | Incumbent    BestBd   Gap | It/Node Time

     0     0    0.00000    0   30 1695.00000    0.00000   100%     -    0s
H    0     0                     565.0000000    0.00000   100%     -    0s
     0     0    0.00000    0   47  565.00000    0.00000   100%     -    0s
H    0     0                     470.0000000    0.00000   100%     -    0s
H    0     0                     386.0000000    0.00000   100%     -    0s
H    0     0                     286.0000000    0.00000   100%     -    0s
     0     0    0.00000    0   52  286.00000    0.00000   100%     -    0s
H    0     0                     130.0000000    0.00000   100%     -    0s
     0     0    0.00000    0   22  130.00000    0.00000   100%     -    0s
     0     0    0.00000    0   26  130.00000    0.00000   100%     -    0s
     0     0    0.00000    0   42  130.00000    0.00000   100%     -    0s
H    0     0                     126.0000000    0.00000   100%     -    0s
     0     0    0.00000    0   42  126.00000    0.00000   100%     -    0s
     0     0    0.00000    0   67  126.00000    0.00000   100%     -    0s
     0     0    0.00000    0   65  126.00000    0.00000   100%     -    0s
     0     0    0.00000    0   38  126.00000    0.00000   100%     -    0s
     0     0    0.00000    0   38  126.00000    0.00000   100%     -    0s
     0     2    0.00000    0   31  126.00000    0.00000   100%     -    0s

Cutting planes:
  MIR: 8
  Inf proof: 20
  Zero half: 26
  RLT: 35
  BQP: 12

Explored 1095 nodes (20659 simplex iterations) in 1.64 seconds (1.94 work units)
Thread count was 1 (of 12 available processors)

Solution count 8: 126 130 286 ... 1770

Optimal solution found (tolerance 1.00e-04)
Best objective 1.260000000000e+02, best bound 1.260000000000e+02, gap 0.0000%
126.0
