Set parameter Username
Academic license - for non-commercial use only - expires 2025-08-28
Set parameter Threads to value 1
Set parameter Method to value 4
Gurobi Optimizer version 11.0.0 build v11.0.0rc2 (mac64[arm] - Darwin 23.5.0 23F79)

CPU model: Apple M3 Pro
Thread count: 12 physical cores, 12 logical processors, using up to 1 threads

Optimize a model with 3443 rows, 477 columns and 10351 nonzeros
Model fingerprint: 0x599ce925
Variable types: 279 continuous, 198 integer (198 binary)
Coefficient statistics:
  Matrix range     [1e+00, 1e+00]
  Objective range  [1e+01, 3e+02]
  Bounds range     [1e+00, 1e+00]
  RHS range        [1e+00, 2e+00]
Presolve removed 568 rows and 82 columns
Presolve time: 0.01s
Presolved: 2875 rows, 395 columns, 8451 nonzeros
Variable types: 0 continuous, 395 integer (395 binary)
Found heuristic solution: objective 3686.0000000
Found heuristic solution: objective 3497.0000000

Root relaxation: objective 0.000000e+00, 217 iterations, 0.01 seconds (0.01 work units)

    Nodes    |    Current Node    |     Objective Bounds      |     Work
 Expl Unexpl |  Obj  Depth IntInf | Incumbent    BestBd   Gap | It/Node Time

     0     0    0.00000    0   44 3497.00000    0.00000   100%     -    0s
H    0     0                    2890.0000000    0.00000   100%     -    0s
H    0     0                    1670.0000000    0.00000   100%     -    0s
H    0     0                    1586.0000000    0.00000   100%     -    0s
H    0     0                    1478.0000000    0.00000   100%     -    0s
     0     0    0.00000    0   97 1478.00000    0.00000   100%     -    0s
H    0     0                    1297.0000000    0.00000   100%     -    0s
H    0     0                    1247.0000000    0.00000   100%     -    0s
H    0     0                     920.0000000    0.00000   100%     -    0s
     0     0    0.00000    0  107  920.00000    0.00000   100%     -    0s
H    0     0                     778.0000000    0.00000   100%     -    0s
H    0     0                     750.0000000    0.00000   100%     -    0s
     0     0    0.00000    0  112  750.00000    0.00000   100%     -    0s
     0     0    0.00000    0  111  750.00000    0.00000   100%     -    0s
     0     0    0.00000    0  129  750.00000    0.00000   100%     -    0s
     0     0    0.00000    0  147  750.00000    0.00000   100%     -    0s
H    0     0                     642.0000000    0.00000   100%     -    0s
     0     0    0.00000    0  145  642.00000    0.00000   100%     -    0s
     0     0    0.00000    0  105  642.00000    0.00000   100%     -    0s
     0     0    0.00000    0  105  642.00000    0.00000   100%     -    0s
     0     2    0.00000    0  105  642.00000    0.00000   100%     -    0s
H   54    46                     614.0000000    0.00000   100%  53.0    0s
*   58    48              31     442.0000000    0.00000   100%  50.3    0s
H  106    78                     421.0000000   10.00000  97.6%  52.9    0s
H  162   105                     411.0000000   10.00000  97.6%  54.1    0s
H  555   320                     408.0000000   13.00000  96.8%  52.3    2s
H 1380   582                     402.0000000  113.33333  71.8%  51.7    4s
  1432   592  370.33333   51   36  402.00000  113.83333  71.7%  50.7    5s
  3510  1416  239.06250   23  120  402.00000  146.00000  63.7%  41.6   10s
  5702  2245  363.00000   31   43  402.00000  168.66667  58.0%  38.2   15s
  7821  2929  352.57143   38  132  402.00000  187.77778  53.3%  37.4   20s
 10059  3611  379.83333   31  124  402.00000  204.00000  49.3%  35.9   25s
 10202  3664  261.00000   37   97  402.00000  204.83333  49.0%  35.9   30s
 12426  4292  263.50000   32   55  402.00000  218.00000  45.8%  36.2   35s
 14686  4849  377.79167   32   99  402.00000  229.32500  43.0%  36.2   40s
 17031  5405  290.00000   36   73  402.00000  239.00000  40.5%  36.0   45s
 19630  5930  341.00000   34   78  402.00000  248.38596  38.2%  35.5   50s
 22485  6481  302.75000   29  101  402.00000  257.62500  35.9%  35.3   55s
 25820  7052  393.28774   29  136  402.00000  266.50000  33.7%  35.0   60s
 29474  7597  326.95833   37  104  402.00000  274.65023  31.7%  34.7   65s
 33040  8009  376.07143   33  129  402.00000  283.00000  29.6%  34.3   70s
 36876  8332  349.33730   46  123  402.00000  290.00000  27.9%  34.0   75s
 40721  8527  358.35714   28  117  402.00000  296.87500  26.2%  33.6   80s
 44626  8686  392.83333   36   57  402.00000  302.75000  24.7%  33.2   85s
 48608  8758  394.18750   40   64  402.00000  308.47959  23.3%  32.9   90s
 52616  8800  395.32500   34   74  402.00000  313.44444  22.0%  32.5   95s
 56793  8659  386.86667   34  124  402.00000  318.95833  20.7%  32.2  100s
 60967  8353  351.04167   35   83  402.00000  325.25200  19.1%  31.9  105s
 65194  8043     cutoff   38       402.00000  330.77778  17.7%  31.6  110s
 69677  7587  392.94444   40   74  402.00000  336.00000  16.4%  31.2  115s
 74082  6838     cutoff   30       402.00000  342.16667  14.9%  30.9  120s
 78432  5726  363.61538   39  134  402.00000  349.55556  13.0%  30.7  125s
 82927  4343  389.17308   34   60  402.00000  357.75000  11.0%  30.3  130s
 87775  2250  371.00000   34   73  402.00000  370.28571  7.89%  29.8  135s

Cutting planes:
  Gomory: 3
  Implied bound: 4
  MIR: 3
  Flow cover: 48
  Inf proof: 2
  Zero half: 63
  RLT: 18
  BQP: 25

Explored 91004 nodes (2675340 simplex iterations) in 137.93 seconds (209.22 work units)
Thread count was 1 (of 12 available processors)

Solution count 10: 402 402 408 ... 778

Optimal solution found (tolerance 1.00e-04)
Best objective 4.020000000000e+02, best bound 4.020000000000e+02, gap 0.0000%
402.0
