Set parameter Username
Academic license - for non-commercial use only - expires 2025-08-28
Set parameter Threads to value 1
Set parameter Method to value 4
Gurobi Optimizer version 11.0.0 build v11.0.0rc2 (mac64[arm] - Darwin 23.5.0 23F79)

CPU model: Apple M3 Pro
Thread count: 12 physical cores, 12 logical processors, using up to 1 threads

Optimize a model with 2781 rows, 405 columns and 8361 nonzeros
Model fingerprint: 0xbcfc25a8
Variable types: 243 continuous, 162 integer (162 binary)
Coefficient statistics:
  Matrix range     [1e+00, 1e+00]
  Objective range  [1e+01, 2e+02]
  Bounds range     [1e+00, 1e+00]
  RHS range        [1e+00, 2e+00]
Presolve removed 468 rows and 72 columns
Presolve time: 0.01s
Presolved: 2313 rows, 333 columns, 6831 nonzeros
Variable types: 0 continuous, 333 integer (333 binary)
Found heuristic solution: objective 2610.0000000
Found heuristic solution: objective 2460.0000000

Root relaxation: objective 0.000000e+00, 152 iterations, 0.00 seconds (0.01 work units)

    Nodes    |    Current Node    |     Objective Bounds      |     Work
 Expl Unexpl |  Obj  Depth IntInf | Incumbent    BestBd   Gap | It/Node Time

     0     0    0.00000    0   34 2460.00000    0.00000   100%     -    0s
H    0     0                    2236.0000000    0.00000   100%     -    0s
H    0     0                    1110.0000000    0.00000   100%     -    0s
H    0     0                     936.0000000    0.00000   100%     -    0s
     0     0    0.00000    0   72  936.00000    0.00000   100%     -    0s
H    0     0                     738.0000000    0.00000   100%     -    0s
     0     0    0.00000    0   88  738.00000    0.00000   100%     -    0s
H    0     0                     667.0000000    0.00000   100%     -    0s
H    0     0                     332.0000000    0.00000   100%     -    0s
     0     0    0.00000    0   67  332.00000    0.00000   100%     -    0s
     0     0    0.00000    0   74  332.00000    0.00000   100%     -    0s
     0     0    0.00000    0  111  332.00000    0.00000   100%     -    0s
     0     0    0.00000    0  114  332.00000    0.00000   100%     -    0s
     0     0    0.00000    0   81  332.00000    0.00000   100%     -    0s
     0     0    0.00000    0   81  332.00000    0.00000   100%     -    0s
     0     2    0.00000    0   67  332.00000    0.00000   100%     -    0s
H   54    39                     302.0000000   11.00000  96.4%  51.1    0s
*   62    45              19     291.0000000   11.00000  96.2%  49.6    0s
*   99    59              21     280.0000000   11.00000  96.1%  39.4    0s
*  937   406              36     279.0000000   31.00000  88.9%  39.7    2s
*  938   383              37     270.0000000   31.00000  88.5%  39.7    2s
  2190   377  249.25000   31   19  270.00000  157.00000  41.9%  29.7    5s
  5709   456  238.00000   33   40  270.00000  224.18750  17.0%  23.2   10s

Cutting planes:
  Zero half: 4

Explored 7441 nodes (156687 simplex iterations) in 11.91 seconds (14.35 work units)
Thread count was 1 (of 12 available processors)

Solution count 10: 270 279 280 ... 1110

Optimal solution found (tolerance 1.00e-04)
Best objective 2.700000000000e+02, best bound 2.700000000000e+02, gap 0.0000%
270.0
