Set parameter Username
Academic license - for non-commercial use only - expires 2025-08-28
Set parameter Threads to value 1
Set parameter Method to value 4
Gurobi Optimizer version 11.0.0 build v11.0.0rc2 (mac64[arm] - Darwin 23.5.0 23F79)

CPU model: Apple M3 Pro
Thread count: 12 physical cores, 12 logical processors, using up to 1 threads

Optimize a model with 3277 rows, 459 columns and 9853 nonzeros
Model fingerprint: 0x12bdb471
Variable types: 270 continuous, 189 integer (189 binary)
Coefficient statistics:
  Matrix range     [1e+00, 1e+00]
  Objective range  [1e+01, 3e+02]
  Bounds range     [1e+00, 1e+00]
  RHS range        [1e+00, 2e+00]
Presolve removed 538 rows and 79 columns
Presolve time: 0.01s
Presolved: 2739 rows, 380 columns, 8064 nonzeros
Variable types: 0 continuous, 380 integer (380 binary)
Found heuristic solution: objective 3721.0000000
Found heuristic solution: objective 3546.0000000

Root relaxation: objective 0.000000e+00, 169 iterations, 0.00 seconds (0.01 work units)

    Nodes    |    Current Node    |     Objective Bounds      |     Work
 Expl Unexpl |  Obj  Depth IntInf | Incumbent    BestBd   Gap | It/Node Time

     0     0    0.00000    0   42 3546.00000    0.00000   100%     -    0s
H    0     0                    1612.0000000    0.00000   100%     -    0s
H    0     0                    1424.0000000    0.00000   100%     -    0s
     0     0    0.00000    0  105 1424.00000    0.00000   100%     -    0s
H    0     0                     900.0000000    0.00000   100%     -    0s
H    0     0                     761.0000000    0.00000   100%     -    0s
     0     0    0.00000    0   84  761.00000    0.00000   100%     -    0s
H    0     0                     660.0000000    0.00000   100%     -    0s
     0     0    0.00000    0   90  660.00000    0.00000   100%     -    0s
     0     0    0.00000    0   91  660.00000    0.00000   100%     -    0s
H    0     0                     621.0000000    0.00000   100%     -    0s
     0     0    0.00000    0   91  621.00000    0.00000   100%     -    0s
     0     0    0.00000    0   62  621.00000    0.00000   100%     -    0s
     0     0    0.00000    0   80  621.00000    0.00000   100%     -    0s
     0     0    0.00000    0  102  621.00000    0.00000   100%     -    0s
     0     0    0.00000    0   97  621.00000    0.00000   100%     -    0s
     0     2    0.00000    0   93  621.00000    0.00000   100%     -    0s
*   34    30              19     523.0000000    0.00000   100%  40.5    0s
H  278   162                     475.0000000    0.00000   100%  45.0    1s
H  287   155                     455.0000000    5.50000  98.8%  44.2    1s
H  386   195                     442.0000000   12.00000  97.3%  44.1    1s
H  413   213                     420.0000000   12.00000  97.1%  46.3    1s
H  470   239                     418.0000000   12.00000  97.1%  43.6    1s
  1646   548     cutoff   27       418.00000  124.53333  70.2%  37.7    5s
  3839  1385  368.00000   31   58  418.00000  166.71667  60.1%  31.3   10s
  6522  2305     cutoff   21       418.00000  198.25000  52.6%  29.0   15s
  9223  3120  354.00000   24   60  418.00000  214.00000  48.8%  28.3   20s
 10202  3374  414.13675   33   87  418.00000  219.33333  47.5%  28.3   25s
 12196  3676  316.00000   33   67  418.00000  229.50000  45.1%  29.6   30s
 14470  4049 infeasible   22       418.00000  241.83333  42.1%  31.1   35s
 16924  4286  331.20000   27  105  418.00000  254.00000  39.2%  31.9   40s
 19421  4528  341.50000   29   97  418.00000  267.16667  36.1%  32.3   45s
 21965  4667  413.25000   32   43  418.00000  278.41667  33.4%  32.8   50s
 24151  4740     cutoff   29       418.00000  287.90476  31.1%  33.0   55s
 26479  4735 infeasible   27       418.00000  298.00000  28.7%  33.2   60s
 29253  4692 infeasible   35       418.00000  308.27273  26.3%  33.1   65s
 31914  4600  334.85000   26   66  418.00000  317.33333  24.1%  33.0   70s
 34676  4466  355.36000   30   99  418.00000  325.23529  22.2%  32.7   75s
 37494  4220     cutoff   34       418.00000  334.16356  20.1%  32.4   80s
 41174  3781  404.40000   30   66  418.00000  344.60000  17.6%  32.0   85s
 45374  2873  401.33333   34   64  418.00000  359.00000  14.1%  31.5   90s
 49659  1523  383.59681   30  119  418.00000  378.58333  9.43%  30.7   95s

Cutting planes:
  Gomory: 4
  Implied bound: 9
  MIR: 3
  Flow cover: 45
  Zero half: 92
  RLT: 32
  BQP: 20

Explored 52124 nodes (1570232 simplex iterations) in 97.33 seconds (123.40 work units)
Thread count was 1 (of 12 available processors)

Solution count 10: 418 418 420 ... 761

Optimal solution found (tolerance 1.00e-04)
Best objective 4.180000000000e+02, best bound 4.180000000000e+02, gap 0.0000%
418.0
