Set parameter Username
Academic license - for non-commercial use only - expires 2025-08-28
Set parameter Threads to value 1
Set parameter Method to value 4
Gurobi Optimizer version 11.0.0 build v11.0.0rc2 (mac64[arm] - Darwin 23.5.0 23F79)

CPU model: Apple M3 Pro
Thread count: 12 physical cores, 12 logical processors, using up to 1 threads

Optimize a model with 2286 rows, 351 columns and 6870 nonzeros
Model fingerprint: 0x450313b3
Variable types: 216 continuous, 135 integer (135 binary)
Coefficient statistics:
  Matrix range     [1e+00, 1e+00]
  Objective range  [1e+01, 2e+02]
  Bounds range     [1e+00, 1e+00]
  RHS range        [1e+00, 2e+00]
Presolve removed 1047 rows and 110 columns
Presolve time: 0.01s
Presolved: 1239 rows, 241 columns, 3654 nonzeros
Variable types: 0 continuous, 241 integer (241 binary)
Found heuristic solution: objective 995.0000000
Found heuristic solution: objective 435.0000000
Found heuristic solution: objective 308.0000000

Root relaxation: objective 0.000000e+00, 112 iterations, 0.00 seconds (0.00 work units)

    Nodes    |    Current Node    |     Objective Bounds      |     Work
 Expl Unexpl |  Obj  Depth IntInf | Incumbent    BestBd   Gap | It/Node Time

     0     0    0.00000    0   22  308.00000    0.00000   100%     -    0s
H    0     0                     303.0000000    0.00000   100%     -    0s
H    0     0                     268.0000000    0.00000   100%     -    0s
     0     0    0.00000    0   57  268.00000    0.00000   100%     -    0s
H    0     0                     128.0000000    0.00000   100%     -    0s
H    0     0                      58.0000000    0.00000   100%     -    0s
     0     0    0.00000    0   50   58.00000    0.00000   100%     -    0s
     0     0    0.00000    0   49   58.00000    0.00000   100%     -    0s
     0     0    0.00000    0   15   58.00000    0.00000   100%     -    0s
     0     0    0.00000    0   20   58.00000    0.00000   100%     -    0s
     0     0    0.00000    0   19   58.00000    0.00000   100%     -    0s
     0     0    0.00000    0   15   58.00000    0.00000   100%     -    0s
     0     2    0.00000    0   15   58.00000    0.00000   100%     -    0s

Cutting planes:
  Gomory: 2
  MIR: 3
  Zero half: 7
  RLT: 31
  BQP: 2

Explored 12 nodes (1665 simplex iterations) in 0.10 seconds (0.13 work units)
Thread count was 1 (of 12 available processors)

Solution count 7: 58 128 268 ... 995

Optimal solution found (tolerance 1.00e-04)
Best objective 5.800000000000e+01, best bound 5.800000000000e+01, gap 0.0000%
58.0
