Set parameter Username
Academic license - for non-commercial use only - expires 2025-08-28
Set parameter Threads to value 1
Set parameter Method to value 4
Gurobi Optimizer version 11.0.0 build v11.0.0rc2 (mac64[arm] - Darwin 23.5.0 23F79)

CPU model: Apple M3 Pro
Thread count: 12 physical cores, 12 logical processors, using up to 1 threads

Optimize a model with 2121 rows, 333 columns and 6373 nonzeros
Model fingerprint: 0x79ff26c3
Variable types: 207 continuous, 126 integer (126 binary)
Coefficient statistics:
  Matrix range     [1e+00, 1e+00]
  Objective range  [1e+01, 1e+02]
  Bounds range     [1e+00, 1e+00]
  RHS range        [1e+00, 2e+00]
Presolve removed 973 rows and 105 columns
Presolve time: 0.01s
Presolved: 1148 rows, 228 columns, 3393 nonzeros
Variable types: 0 continuous, 228 integer (228 binary)
Found heuristic solution: objective 627.0000000
Found heuristic solution: objective 200.0000000

Root relaxation: objective 0.000000e+00, 92 iterations, 0.00 seconds (0.00 work units)

    Nodes    |    Current Node    |     Objective Bounds      |     Work
 Expl Unexpl |  Obj  Depth IntInf | Incumbent    BestBd   Gap | It/Node Time

     0     0    0.00000    0   21  200.00000    0.00000   100%     -    0s
H    0     0                     148.0000000    0.00000   100%     -    0s
H    0     0                     142.0000000    0.00000   100%     -    0s
H    0     0                      95.0000000    0.00000   100%     -    0s
     0     0    0.00000    0   73   95.00000    0.00000   100%     -    0s
H    0     0                      52.0000000    0.00000   100%     -    0s
H    0     0                      48.0000000    0.00000   100%     -    0s
     0     0    0.00000    0   20   48.00000    0.00000   100%     -    0s
     0     0    0.00000    0   39   48.00000    0.00000   100%     -    0s
     0     0    0.00000    0   44   48.00000    0.00000   100%     -    0s
     0     0    0.00000    0   55   48.00000    0.00000   100%     -    0s
     0     0    0.00000    0   50   48.00000    0.00000   100%     -    0s
     0     2    0.00000    0   49   48.00000    0.00000   100%     -    0s

Cutting planes:
  Zero half: 12
  RLT: 4
  BQP: 1

Explored 74 nodes (2328 simplex iterations) in 0.15 seconds (0.18 work units)
Thread count was 1 (of 12 available processors)

Solution count 7: 48 52 95 ... 627

Optimal solution found (tolerance 1.00e-04)
Best objective 4.800000000000e+01, best bound 4.800000000000e+01, gap 0.0000%
48.0
