Set parameter Username
Academic license - for non-commercial use only - expires 2025-08-28
Set parameter Threads to value 1
Set parameter Method to value 4
Gurobi Optimizer version 11.0.0 build v11.0.0rc2 (mac64[arm] - Darwin 23.5.0 23F79)

CPU model: Apple M3 Pro
Thread count: 12 physical cores, 12 logical processors, using up to 1 threads

Optimize a model with 3112 rows, 441 columns and 9356 nonzeros
Model fingerprint: 0xc52d7e91
Variable types: 261 continuous, 180 integer (180 binary)
Coefficient statistics:
  Matrix range     [1e+00, 1e+00]
  Objective range  [1e+01, 3e+02]
  Bounds range     [1e+00, 1e+00]
  RHS range        [1e+00, 2e+00]
Presolve removed 518 rows and 77 columns
Presolve time: 0.01s
Presolved: 2594 rows, 364 columns, 7641 nonzeros
Variable types: 0 continuous, 364 integer (364 binary)
Found heuristic solution: objective 2966.0000000
Found heuristic solution: objective 2810.0000000

Root relaxation: objective 0.000000e+00, 142 iterations, 0.01 seconds (0.01 work units)

    Nodes    |    Current Node    |     Objective Bounds      |     Work
 Expl Unexpl |  Obj  Depth IntInf | Incumbent    BestBd   Gap | It/Node Time

     0     0    0.00000    0   40 2810.00000    0.00000   100%     -    0s
H    0     0                    1598.0000000    0.00000   100%     -    0s
H    0     0                    1018.0000000    0.00000   100%     -    0s
H    0     0                     824.0000000    0.00000   100%     -    0s
     0     0    0.00000    0   91  824.00000    0.00000   100%     -    0s
H    0     0                     639.0000000    0.00000   100%     -    0s
H    0     0                     621.0000000    0.00000   100%     -    0s
     0     0    0.00000    0   52  621.00000    0.00000   100%     -    0s
H    0     0                     601.0000000    0.00000   100%     -    0s
     0     0    0.00000    0   55  601.00000    0.00000   100%     -    0s
     0     0    0.00000    0   94  601.00000    0.00000   100%     -    0s
H    0     0                     467.0000000    0.00000   100%     -    0s
H    0     0                     456.0000000    0.00000   100%     -    0s
     0     0    0.00000    0   85  456.00000    0.00000   100%     -    0s
     0     0    0.00000    0   79  456.00000    0.00000   100%     -    0s
     0     0    0.00000    0  105  456.00000    0.00000   100%     -    0s
     0     0    0.00000    0  105  456.00000    0.00000   100%     -    0s
H    0     0                     339.0000000    0.00000   100%     -    0s
     0     2    0.00000    0  105  339.00000    0.00000   100%     -    0s
*  121    78              23     308.0000000   10.00000  96.8%  48.0    0s
  1839   382  272.16667   25  115  308.00000  124.40000  59.6%  37.2    5s
  4693   725  250.00000   31   37  308.00000  213.66667  30.6%  30.0   10s
  8149   296 infeasible   29       308.00000  269.00000  12.7%  26.7   15s

Cutting planes:
  Gomory: 1
  Zero half: 10
  RLT: 4
  BQP: 1

Explored 8748 nodes (229238 simplex iterations) in 15.65 seconds (19.54 work units)
Thread count was 1 (of 12 available processors)

Solution count 10: 308 339 456 ... 1598

Optimal solution found (tolerance 1.00e-04)
Best objective 3.080000000000e+02, best bound 3.080000000000e+02, gap 0.0000%
308.0
