Set parameter Username
Academic license - for non-commercial use only - expires 2025-08-28
Set parameter Threads to value 1
Set parameter Method to value 4
Gurobi Optimizer version 11.0.0 build v11.0.0rc2 (mac64[arm] - Darwin 23.5.0 23F79)

CPU model: Apple M3 Pro
Thread count: 12 physical cores, 12 logical processors, using up to 1 threads

Optimize a model with 2782 rows, 405 columns and 8362 nonzeros
Model fingerprint: 0x11862a05
Variable types: 243 continuous, 162 integer (162 binary)
Coefficient statistics:
  Matrix range     [1e+00, 1e+00]
  Objective range  [1e+01, 2e+02]
  Bounds range     [1e+00, 1e+00]
  RHS range        [1e+00, 2e+00]
Presolve removed 739 rows and 90 columns
Presolve time: 0.01s
Presolved: 2043 rows, 315 columns, 6021 nonzeros
Variable types: 0 continuous, 315 integer (315 binary)
Found heuristic solution: objective 2027.0000000
Found heuristic solution: objective 1362.0000000

Root relaxation: objective 0.000000e+00, 160 iterations, 0.00 seconds (0.01 work units)

    Nodes    |    Current Node    |     Objective Bounds      |     Work
 Expl Unexpl |  Obj  Depth IntInf | Incumbent    BestBd   Gap | It/Node Time

     0     0    0.00000    0   35 1362.00000    0.00000   100%     -    0s
H    0     0                     510.0000000    0.00000   100%     -    0s
     0     0    0.00000    0   68  510.00000    0.00000   100%     -    0s
H    0     0                     419.0000000    0.00000   100%     -    0s
H    0     0                     305.0000000    0.00000   100%     -    0s
     0     0    0.00000    0   37  305.00000    0.00000   100%     -    0s
H    0     0                     285.0000000    0.00000   100%     -    0s
     0     0    0.00000    0   56  285.00000    0.00000   100%     -    0s
     0     0    0.00000    0   58  285.00000    0.00000   100%     -    0s
H    0     0                     250.0000000    0.00000   100%     -    0s
H    0     0                     222.0000000    0.00000   100%     -    0s
H    0     0                     178.0000000    0.00000   100%     -    0s
     0     0    0.00000    0   58  178.00000    0.00000   100%     -    0s
     0     0    0.00000    0   62  178.00000    0.00000   100%     -    0s
     0     0    0.00000    0   58  178.00000    0.00000   100%     -    0s
     0     2    0.00000    0   58  178.00000    0.00000   100%     -    0s
H   27    17                     167.0000000   10.00000  94.0%  34.3    0s
*  377   175              18     151.0000000   24.50000  83.8%  27.1    0s

Cutting planes:
  Gomory: 1
  MIR: 1
  Inf proof: 4
  Zero half: 2
  RLT: 3
  BQP: 5

Explored 2364 nodes (58383 simplex iterations) in 4.49 seconds (4.99 work units)
Thread count was 1 (of 12 available processors)

Solution count 10: 151 167 178 ... 1362

Optimal solution found (tolerance 1.00e-04)
Best objective 1.510000000000e+02, best bound 1.510000000000e+02, gap 0.0000%
151.0
