Set parameter Username
Academic license - for non-commercial use only - expires 2025-08-28
Set parameter Threads to value 1
Set parameter Method to value 4
Gurobi Optimizer version 11.0.0 build v11.0.0rc2 (mac64[arm] - Darwin 23.5.0 23F79)

CPU model: Apple M3 Pro
Thread count: 12 physical cores, 12 logical processors, using up to 1 threads

Optimize a model with 2121 rows, 333 columns and 6373 nonzeros
Model fingerprint: 0x1ef0e465
Variable types: 207 continuous, 126 integer (126 binary)
Coefficient statistics:
  Matrix range     [1e+00, 1e+00]
  Objective range  [1e+01, 9e+01]
  Bounds range     [1e+00, 1e+00]
  RHS range        [1e+00, 2e+00]
Presolve removed 1180 rows and 120 columns
Presolve time: 0.01s
Presolved: 941 rows, 213 columns, 2763 nonzeros
Variable types: 0 continuous, 213 integer (213 binary)
Found heuristic solution: objective 54.0000000
Found heuristic solution: objective 32.0000000

Root relaxation: objective 0.000000e+00, 86 iterations, 0.00 seconds (0.00 work units)

    Nodes    |    Current Node    |     Objective Bounds      |     Work
 Expl Unexpl |  Obj  Depth IntInf | Incumbent    BestBd   Gap | It/Node Time

     0     0    0.00000    0   18   32.00000    0.00000   100%     -    0s
     0     0    0.00000    0   50   32.00000    0.00000   100%     -    0s
     0     0    0.00000    0   37   32.00000    0.00000   100%     -    0s
     0     0    0.00000    0   37   32.00000    0.00000   100%     -    0s
     0     0    0.00000    0   34   32.00000    0.00000   100%     -    0s
     0     0    0.00000    0   25   32.00000    0.00000   100%     -    0s
     0     0    0.00000    0   25   32.00000    0.00000   100%     -    0s
     0     0   16.00000    0   19   32.00000   16.00000  50.0%     -    0s
     0     0   16.00000    0   30   32.00000   16.00000  50.0%     -    0s

Cutting planes:
  Clique: 5

Explored 1 nodes (1276 simplex iterations) in 0.07 seconds (0.08 work units)
Thread count was 1 (of 12 available processors)

Solution count 2: 32 54 

Optimal solution found (tolerance 1.00e-04)
Best objective 3.200000000000e+01, best bound 3.200000000000e+01, gap 0.0000%
32.0
