Set parameter Username
Academic license - for non-commercial use only - expires 2025-08-28
Set parameter Threads to value 1
Set parameter Method to value 4
Gurobi Optimizer version 11.0.0 build v11.0.0rc2 (mac64[arm] - Darwin 23.5.0 23F79)

CPU model: Apple M3 Pro
Thread count: 12 physical cores, 12 logical processors, using up to 1 threads

Optimize a model with 2617 rows, 387 columns and 7865 nonzeros
Model fingerprint: 0x9ce7b1e6
Variable types: 234 continuous, 153 integer (153 binary)
Coefficient statistics:
  Matrix range     [1e+00, 1e+00]
  Objective range  [1e+01, 2e+02]
  Bounds range     [1e+00, 1e+00]
  RHS range        [1e+00, 2e+00]
Found heuristic solution: objective 962.0000000
Presolve removed 953 rows and 104 columns
Presolve time: 0.01s
Presolved: 1664 rows, 283 columns, 4896 nonzeros
Variable types: 0 continuous, 283 integer (283 binary)

Root relaxation: objective 0.000000e+00, 174 iterations, 0.00 seconds (0.01 work units)

    Nodes    |    Current Node    |     Objective Bounds      |     Work
 Expl Unexpl |  Obj  Depth IntInf | Incumbent    BestBd   Gap | It/Node Time

     0     0    0.00000    0   59  962.00000    0.00000   100%     -    0s
H    0     0                     834.0000000    0.00000   100%     -    0s
H    0     0                     403.0000000    0.00000   100%     -    0s
H    0     0                     367.0000000    0.00000   100%     -    0s
     0     0    0.00000    0   62  367.00000    0.00000   100%     -    0s
H    0     0                     193.0000000    0.00000   100%     -    0s
     0     0    0.00000    0   64  193.00000    0.00000   100%     -    0s
H    0     0                     167.0000000    0.00000   100%     -    0s
H    0     0                     149.0000000    0.00000   100%     -    0s
     0     0    0.00000    0   61  149.00000    0.00000   100%     -    0s
     0     0    0.00000    0   22  149.00000    0.00000   100%     -    0s
H    0     0                     138.0000000    0.00000   100%     -    0s
     0     0    0.00000    0   57  138.00000    0.00000   100%     -    0s
     0     0    0.00000    0   49  138.00000    0.00000   100%     -    0s
     0     0    0.00000    0   51  138.00000    0.00000   100%     -    0s
     0     0    0.00000    0   46  138.00000    0.00000   100%     -    0s
     0     0    0.00000    0   56  138.00000    0.00000   100%     -    0s
     0     0    0.00000    0   22  138.00000    0.00000   100%     -    0s
     0     2    0.00000    0   22  138.00000    0.00000   100%     -    0s

Cutting planes:
  MIR: 5
  Inf proof: 41
  Zero half: 25
  RLT: 24
  BQP: 28

Explored 1979 nodes (41221 simplex iterations) in 3.03 seconds (3.47 work units)
Thread count was 1 (of 12 available processors)

Solution count 8: 138 149 167 ... 962

Optimal solution found (tolerance 1.00e-04)
Best objective 1.380000000000e+02, best bound 1.380000000000e+02, gap 0.0000%
138.0
