Set parameter Username
Academic license - for non-commercial use only - expires 2025-08-28
Set parameter Threads to value 1
Set parameter Method to value 4
Gurobi Optimizer version 11.0.0 build v11.0.0rc2 (mac64[arm] - Darwin 23.5.0 23F79)

CPU model: Apple M3 Pro
Thread count: 12 physical cores, 12 logical processors, using up to 1 threads

Optimize a model with 2121 rows, 333 columns and 6373 nonzeros
Model fingerprint: 0xa2a53688
Variable types: 207 continuous, 126 integer (126 binary)
Coefficient statistics:
  Matrix range     [1e+00, 1e+00]
  Objective range  [2e+01, 2e+02]
  Bounds range     [1e+00, 1e+00]
  RHS range        [1e+00, 2e+00]
Presolve removed 973 rows and 105 columns
Presolve time: 0.01s
Presolved: 1148 rows, 228 columns, 3393 nonzeros
Variable types: 0 continuous, 228 integer (228 binary)
Found heuristic solution: objective 704.0000000
Found heuristic solution: objective 284.0000000

Root relaxation: objective 0.000000e+00, 92 iterations, 0.00 seconds (0.00 work units)

    Nodes    |    Current Node    |     Objective Bounds      |     Work
 Expl Unexpl |  Obj  Depth IntInf | Incumbent    BestBd   Gap | It/Node Time

     0     0    0.00000    0   21  284.00000    0.00000   100%     -    0s
H    0     0                     204.0000000    0.00000   100%     -    0s
H    0     0                     184.0000000    0.00000   100%     -    0s
H    0     0                     149.0000000    0.00000   100%     -    0s
H    0     0                     108.0000000    0.00000   100%     -    0s
     0     0    0.00000    0   73  108.00000    0.00000   100%     -    0s
H    0     0                      70.0000000    0.00000   100%     -    0s
     0     0    0.00000    0   20   70.00000    0.00000   100%     -    0s
H    0     0                      67.0000000    0.00000   100%     -    0s
     0     0    0.00000    0   23   67.00000    0.00000   100%     -    0s
     0     0    0.00000    0   23   67.00000    0.00000   100%     -    0s
     0     0    0.00000    0   39   67.00000    0.00000   100%     -    0s
     0     0    0.00000    0   29   67.00000    0.00000   100%     -    0s
     0     0    0.00000    0   15   67.00000    0.00000   100%     -    0s
     0     2    0.00000    0   14   67.00000    0.00000   100%     -    0s

Cutting planes:
  Gomory: 1
  Zero half: 5
  RLT: 10
  BQP: 2

Explored 39 nodes (1699 simplex iterations) in 0.11 seconds (0.14 work units)
Thread count was 1 (of 12 available processors)

Solution count 8: 67 70 108 ... 704

Optimal solution found (tolerance 1.00e-04)
Best objective 6.700000000000e+01, best bound 6.700000000000e+01, gap 0.0000%
67.0
