Set parameter Username
Set parameter LicenseID to value 2589207
Academic license - for non-commercial use only - expires 2025-11-23
Set parameter Threads to value 1
Set parameter Method to value 4
Gurobi Optimizer version 11.0.0 build v11.0.0rc2 (linux64 - "Red Hat Enterprise Linux 9.4 (Plow)")

CPU model: Intel(R) Xeon(R) CPU E5-2690 v4 @ 2.60GHz, instruction set [SSE2|AVX|AVX2]
Thread count: 28 physical cores, 56 logical processors, using up to 1 threads

Optimize a model with 5276 rows, 710 columns and 15868 nonzeros
Model fingerprint: 0x4001a106
Variable types: 386 continuous, 324 integer (324 binary)
Coefficient statistics:
  Matrix range     [1e+00, 1e+00]
  Objective range  [5e+00, 3e+02]
  Bounds range     [1e+00, 1e+00]
  RHS range        [1e+00, 2e+00]
Presolve removed 892 rows and 118 columns
Presolve time: 0.03s
Presolved: 4384 rows, 592 columns, 12744 nonzeros
Variable types: 0 continuous, 592 integer (592 binary)
Found heuristic solution: objective 3977.0000000
Found heuristic solution: objective 3761.0000000

Use crossover to convert LP symmetric solution to basic solution...

Root relaxation: objective 0.000000e+00, 299 iterations, 0.01 seconds (0.01 work units)

    Nodes    |    Current Node    |     Objective Bounds      |     Work
 Expl Unexpl |  Obj  Depth IntInf | Incumbent    BestBd   Gap | It/Node Time

     0     0    0.00000    0  179 3761.00000    0.00000   100%     -    0s
H    0     0                    2353.0000000    0.00000   100%     -    0s
     0     0    0.00000    0  277 2353.00000    0.00000   100%     -    0s
H    0     0                    2105.0000000    0.00000   100%     -    0s
     0     0    0.00000    0  143 2105.00000    0.00000   100%     -    0s
H    0     0                     999.0000000    0.00000   100%     -    0s
H    0     0                     987.0000000    0.00000   100%     -    0s
     0     0    0.00000    0  150  987.00000    0.00000   100%     -    0s
     0     0    0.00000    0  146  987.00000    0.00000   100%     -    0s
H    0     0                     880.0000000    0.00000   100%     -    0s
     0     0    0.00000    0  188  880.00000    0.00000   100%     -    0s
     0     0    0.00000    0   88  880.00000    0.00000   100%     -    1s
H    0     0                     874.0000000    0.00000   100%     -    1s
     0     0    0.00000    0  116  874.00000    0.00000   100%     -    1s
     0     0    0.00000    0  204  874.00000    0.00000   100%     -    1s
     0     0    0.00000    0  210  874.00000    0.00000   100%     -    1s
     0     0    0.00000    0  139  874.00000    0.00000   100%     -    1s
     0     0    0.00000    0  139  874.00000    0.00000   100%     -    1s
H    0     0                     854.0000000    0.00000   100%     -    1s
H    0     0                     836.0000000    0.00000   100%     -    2s
     0     2    0.00000    0  139  836.00000    0.00000   100%     -    2s
H   26    24                     824.0000000    0.00000   100%   158    2s
H  203   165                     815.0000000    3.50000   100%   102    4s
   339   256   12.16667    8  201  815.00000    7.54167  99.1%  92.1    5s
   737   521  599.58333   38  128  815.00000   10.50000  98.7%   104   10s
H 1074   607                     809.0000000   10.50000  98.7%   100   13s
  1168   644  210.68571   21  229  809.00000   10.50000  98.7%   100   15s
H 1583   768                     793.0000000   10.50000  98.7%  97.3   19s
H 1610   750                     785.0000000   10.50000  98.7%  97.8   19s
  1682   771   30.00000   24  146  785.00000   10.50000  98.7%  96.4   20s
  2112  1002   10.50000   17  136  785.00000   10.50000  98.7%  91.1   25s
  2610  1285  306.57500   31  197  785.00000   10.50000  98.7%  87.2   30s
  3200  1618  647.75000   45  141  785.00000   10.50000  98.7%  83.3   35s
  4020  2072  723.08333   37  167  785.00000   12.58333  98.4%  77.9   40s
  4687  2456  750.19048   64  187  785.00000   16.50000  97.9%  76.2   45s
  5506  2886  697.96806   40  296  785.00000   19.58333  97.5%  73.9   50s
  6141  3221  608.83333   43  133  785.00000   22.40000  97.1%  72.9   55s
  6850  3619  716.25000   52  100  785.00000   27.65000  96.5%  71.9   60s
  7682  4087   51.00000   26  169  785.00000   30.79167  96.1%  69.7   65s
  8393  4491  260.10660   27  268  785.00000   34.16667  95.6%  69.0   70s
  9115  4826   44.12500   20  172  785.00000   37.50000  95.2%  69.1   75s
  9762  5193  134.29167   24  151  785.00000   39.80000  94.9%  68.7   80s
 10203  5379   69.61111   26  139  785.00000   40.66667  94.8%  68.2   95s
 10222  5392  370.25000   37  257  785.00000   40.66667  94.8%  68.1  100s
 10238  5402  343.85278   29  282  785.00000   40.66667  94.8%  68.0  105s
 10263  5419  202.66667   29  300  785.00000   40.66667  94.8%  67.8  110s
 10294  5440  635.97857   38  309  785.00000   40.66667  94.8%  67.6  115s
 10441  5500   48.76989   30  148  785.00000   40.66667  94.8%  72.4  120s
 10656  5559   40.66667   29  195  785.00000   40.66667  94.8%  74.3  125s
 10917  5654  262.15139   44  226  785.00000   40.66667  94.8%  76.2  130s
 11129  5733   40.66667   31  231  785.00000   40.66667  94.8%  77.8  135s
 11391  5809  296.23868   45  238  785.00000   40.66667  94.8%  78.9  140s
 11663  5871   41.92949   32  190  785.00000   40.66667  94.8%  79.0  145s
 12145  5959  684.33333   49  133  785.00000   40.66667  94.8%  79.6  150s
 12543  6040  442.15212   52  262  785.00000   40.66667  94.8%  80.3  155s
 13076  6110   40.66667   26  214  785.00000   40.66667  94.8%  80.6  160s
 13526  6200  351.86780   40  237  785.00000   40.66667  94.8%  81.1  165s
 13971  6271  497.61429   45  180  785.00000   40.66667  94.8%  81.8  170s
 14510  6295  216.97713   42  190  785.00000   43.09171  94.5%  82.0  175s
 14960  6349  515.87500   46  167  785.00000   47.37381  94.0%  82.4  180s
 15497  6424  204.25000   36  152  785.00000   50.13750  93.6%  82.8  185s
 16074  6473  467.95312   39  341  785.00000   53.86806  93.1%  82.9  190s
 16554  6517  670.27778   38  122  785.00000   56.59191  92.8%  83.5  195s
 17069  6549  114.31061   34  198  785.00000   58.46292  92.6%  84.0  200s
 17571  6601  618.53333   41  194  785.00000   60.69876  92.3%  84.1  205s
 18036  6666  241.00000   34  168  785.00000   62.21969  92.1%  84.5  210s
 18532  6718  249.50000   43  159  785.00000   64.23438  91.8%  84.9  215s
 18888  6760  516.92551   41  251  785.00000   66.32123  91.6%  85.4  220s
 19450  6822  328.00000   44  210  785.00000   67.85859  91.4%  85.5  225s
 19951  6852  755.41667   44  169  785.00000   69.51458  91.1%  85.8  230s
 20469  6930  177.29306   34  192  785.00000   70.92115  91.0%  86.0  235s
 20955  6997  660.23355   38  196  785.00000   72.67424  90.7%  86.2  240s
 21396  7011  529.86667   43  243  785.00000   74.32222  90.5%  86.5  245s
 21886  7024  281.80000   38  181  785.00000   76.44444  90.3%  86.9  250s
 22418  7080  450.50000   39  188  785.00000   77.85714  90.1%  87.0  255s
 22931  7130  537.85185   47  161  785.00000   79.30625  89.9%  87.0  260s
 23517  7204  698.66667   53  143  785.00000   80.68148  89.7%  86.9  265s
 24076  7237  731.14000   44  195  785.00000   81.85556  89.6%  87.0  270s
 24635  7315     cutoff   40       785.00000   83.60667  89.3%  86.9  275s
 25225  7365  569.50000   52  106  785.00000   84.90038  89.2%  86.9  280s
 25748  7388  145.74286   34  236  785.00000   86.15625  89.0%  87.2  285s
 26242  7403  155.89980   34  202  785.00000   86.97778  88.9%  87.5  290s
 26782  7522 infeasible   39       785.00000   88.42687  88.7%  87.7  295s
 27356  7757  433.29630   43  164  785.00000   89.97619  88.5%  87.7  300s
 27928  8002  237.00000   30  190  785.00000   91.08333  88.4%  87.6  305s
 28461  8224     cutoff   49       785.00000   92.50710  88.2%  87.7  310s
 28999  8382  515.29000   41  223  785.00000   93.63857  88.1%  87.8  315s
 29570  8617  281.71429   37  196  785.00000   95.16667  87.9%  87.9  320s
 30056  8779  150.46970   32  143  785.00000   96.59091  87.7%  88.0  325s
 30606  8956 infeasible   54       785.00000   98.16389  87.5%  88.2  330s
 31167  9162  238.04118   37  243  785.00000   99.12727  87.4%  88.2  335s
 31753  9407  200.33696   40  183  785.00000  100.72242  87.2%  88.1  340s
 32293  9625  776.46667   54  166  785.00000  102.08069  87.0%  88.1  345s
 32849  9809 infeasible   49       785.00000  103.79844  86.8%  88.2  350s
 33346  9986  441.62500   51  201  785.00000  105.44152  86.6%  88.5  355s
 33888 10191  400.72222   43  200  785.00000  106.72500  86.4%  88.5  360s
 34485 10396  486.00000   36  155  785.00000  108.60000  86.2%  88.5  365s
 35057 10609  448.83333   42  148  785.00000  109.66599  86.0%  88.5  370s
 35646 10812  390.19658   38  197  785.00000  111.16702  85.8%  88.4  375s
 36217 11068     cutoff   41       785.00000  111.91964  85.7%  88.5  380s
 36746 11246     cutoff   53       785.00000  112.52315  85.7%  88.5  385s
 37293 11483  688.27335   47  310  785.00000  113.87500  85.5%  88.5  390s
 37824 11657  248.07614   38  250  785.00000  114.72100  85.4%  88.7  395s
 38397 11891  462.93571   48  172  785.00000  116.00000  85.2%  88.6  400s
 38956 12095  424.59259   40  194  785.00000  117.00000  85.1%  88.6  405s
 39508 12283  150.59066   45  214  785.00000  118.02679  85.0%  88.6  410s
 40067 12497  778.60000   43  119  785.00000  118.85050  84.9%  88.7  416s
 40522 12678  751.15897   41  286  785.00000  119.87006  84.7%  88.6  420s
 41058 12878  383.78333   42  199  785.00000  120.66667  84.6%  88.7  425s
 41663 13087  639.25000   49  121  785.00000  121.63807  84.5%  88.7  430s
 42258 13330  458.00000   37  138  785.00000  122.58929  84.4%  88.8  435s
 42834 13500  234.80035   39  199  785.00000  123.62500  84.3%  88.8  440s
 43337 13674  131.25000   38  150  785.00000  124.55808  84.1%  88.8  445s
 43903 13886  567.36447   44  257  785.00000  125.25000  84.0%  88.9  450s
 44490 14121  763.73324   47  300  785.00000  125.83428  84.0%  88.9  455s
 45017 14338     cutoff   34       785.00000  126.30663  83.9%  89.0  460s
 45555 14535  269.96401   45  268  785.00000  126.77778  83.8%  89.2  465s
 46039 14768  606.07579   43  221  785.00000  127.30465  83.8%  89.2  470s
 46586 14980  227.65556   49  214  785.00000  128.24936  83.7%  89.3  475s
 47136 15202  240.84115   45  199  785.00000  129.00537  83.6%  89.2  480s
 47690 15400     cutoff   54       785.00000  129.82812  83.5%  89.3  485s
 48257 15632  636.05000   40  139  785.00000  130.66228  83.4%  89.3  490s
 48812 15825  468.57143   45  126  785.00000  131.49510  83.2%  89.3  495s
 49403 16079  210.43750   38  234  785.00000  132.26429  83.2%  89.3  500s
 49906 16284  413.75000   35  134  785.00000  132.95385  83.1%  89.3  505s
 50420 16436  323.61031   42  225  785.00000  133.58333  83.0%  89.4  510s
 51001 16659  482.17963   39  183  785.00000  134.29167  82.9%  89.4  515s
 51570 16917  157.80769   41  224  785.00000  134.96429  82.8%  89.4  520s
 52106 17093  183.38750   44  232  785.00000  135.75000  82.7%  89.4  525s
 52669 17311  337.18274   43  295  785.00000  136.44949  82.6%  89.3  530s
 53222 17542  166.69444   34  196  785.00000  137.25000  82.5%  89.4  535s
 53738 17715     cutoff   40       785.00000  138.05289  82.4%  89.4  540s
 54264 17899  431.48889   46  256  785.00000  138.65556  82.3%  89.5  545s
 54794 18101  322.54808   39  177  785.00000  139.32292  82.3%  89.5  550s
 55339 18294  296.00000   39  193  785.00000  139.95370  82.2%  89.5  555s
 55922 18503  580.41000   46  203  785.00000  141.08889  82.0%  89.5  560s
 56509 18706  620.76667   45  255  785.00000  141.53881  82.0%  89.5  565s
 57055 18882  373.86667   41  231  785.00000  142.25500  81.9%  89.5  570s
 57581 19054  215.13793   34  168  785.00000  142.90179  81.8%  89.5  575s
 58147 19261     cutoff   49       785.00000  143.62472  81.7%  89.5  580s
 58687 19470  386.64184   32  217  785.00000  144.07342  81.6%  89.5  585s
 59232 19638  202.71979   41  220  785.00000  144.61012  81.6%  89.5  590s
 59719 19832  533.25000   42  183  785.00000  145.30303  81.5%  89.6  595s
 60244 20058  670.25000   53  136  785.00000  145.75000  81.4%  89.7  600s
 60805 20296  494.25000   56  151  785.00000  146.22222  81.4%  89.6  605s
 61383 20511  401.00000   46  155  785.00000  146.86078  81.3%  89.6  610s
 61974 20729  526.83333   41  235  785.00000  147.61500  81.2%  89.6  615s
 62607 20958 infeasible   49       785.00000  148.47959  81.1%  89.5  620s
 63202 21216  760.27778   51  109  785.00000  148.99549  81.0%  89.4  625s
 63783 21424  623.25000   50  142  785.00000  149.83796  80.9%  89.4  630s
 64263 21585  585.08333   49  133  785.00000  150.54167  80.8%  89.4  635s
 64830 21807  493.37037   50  249  785.00000  151.25000  80.7%  89.4  640s
 65496 22000  156.18333   38  188  785.00000  152.03833  80.6%  89.3  645s
 66101 22183  183.61653   37  331  785.00000  152.56045  80.6%  89.3  650s
 66688 22445  348.50000   32  152  785.00000  153.00000  80.5%  89.3  655s
 67249 22633  302.33667   39  241  785.00000  153.83333  80.4%  89.3  660s
 67832 22879  594.08333   47  169  785.00000  154.25000  80.4%  89.3  665s
 68355 23064  473.62500   46  175  785.00000  155.00000  80.3%  89.3  670s
 68771 23228  296.89668   38  211  785.00000  155.63058  80.2%  89.3  675s
 69315 23414  320.41667   37  215  785.00000  156.42308  80.1%  89.4  680s
 69959 23694  284.54530   44  333  785.00000  156.94231  80.0%  89.3  685s
 70569 23897  165.22357   37  297  785.00000  157.57296  79.9%  89.3  690s
 71114 24088  425.88492   40  198  785.00000  158.12294  79.9%  89.3  695s
 71648 24270  580.02778   49  201  785.00000  158.76190  79.8%  89.3  700s
 72221 24440  260.54167   38  203  785.00000  159.38333  79.7%  89.3  705s
 72794 24661  418.28163   42  205  785.00000  159.79924  79.6%  89.3  710s
 73353 24873  383.67852   42  230  785.00000  160.21310  79.6%  89.2  715s
 74048 25108  253.87879   41  212  785.00000  160.71088  79.5%  89.1  720s
 74630 25310  690.81497   50  245  785.00000  161.41005  79.4%  89.1  725s

Cutting planes:
  Gomory: 3
  Implied bound: 7
  MIR: 13
  Flow cover: 54
  Inf proof: 2
  Zero half: 111
  RLT: 15
  BQP: 39

Explored 75045 nodes (6695912 simplex iterations) in 728.37 seconds (633.01 work units)
Thread count was 1 (of 56 available processors)

Solution count 10: 785 793 809 ... 987

Solve interrupted
Best objective 7.850000000000e+02, best bound 1.620000000000e+02, gap 79.3631%
785.0

Interrupt request received
