Set parameter Username
Set parameter LicenseID to value 2589207
Academic license - for non-commercial use only - expires 2025-11-23
Set parameter Threads to value 1
Set parameter Method to value 4
Gurobi Optimizer version 11.0.0 build v11.0.0rc2 (linux64 - "Red Hat Enterprise Linux 9.4 (Plow)")

CPU model: Intel(R) Xeon(R) CPU E5-2690 v4 @ 2.60GHz, instruction set [SSE2|AVX|AVX2]
Thread count: 28 physical cores, 56 logical processors, using up to 1 threads

Optimize a model with 2076 rows, 400 columns and 6128 nonzeros
Model fingerprint: 0x1b9a625e
Variable types: 256 continuous, 144 integer (144 binary)
Coefficient statistics:
  Matrix range     [1e+00, 1e+00]
  Objective range  [5e+00, 3e+02]
  Bounds range     [1e+00, 1e+00]
  RHS range        [1e+00, 2e+00]
Presolve removed 362 rows and 78 columns
Presolve time: 0.01s
Presolved: 1714 rows, 322 columns, 4914 nonzeros
Variable types: 0 continuous, 322 integer (322 binary)
Found heuristic solution: objective 3863.0000000
Found heuristic solution: objective 3503.0000000
Found heuristic solution: objective 3344.0000000

Root relaxation: objective 0.000000e+00, 120 iterations, 0.00 seconds (0.00 work units)

    Nodes    |    Current Node    |     Objective Bounds      |     Work
 Expl Unexpl |  Obj  Depth IntInf | Incumbent    BestBd   Gap | It/Node Time

     0     0    0.00000    0   74 3344.00000    0.00000   100%     -    0s
H    0     0                    2136.0000000    0.00000   100%     -    0s
H    0     0                    2081.0000000    0.00000   100%     -    0s
H    0     0                    2021.0000000    0.00000   100%     -    0s
H    0     0                    1841.0000000    0.00000   100%     -    0s
     0     0    0.00000    0  115 1841.00000    0.00000   100%     -    0s
H    0     0                    1587.0000000    0.00000   100%     -    0s
     0     0    7.00000    0  115 1587.00000    7.00000   100%     -    0s
H    0     0                    1555.0000000    7.00000   100%     -    0s
     0     0    9.00000    0  121 1555.00000    9.00000  99.4%     -    0s
     0     0   66.60843    0  207 1555.00000   66.60843  95.7%     -    0s
H    0     0                    1270.0000000   66.60843  94.8%     -    0s
     0     0   69.85701    0  196 1270.00000   69.85701  94.5%     -    0s
     0     0   72.42372    0  217 1270.00000   72.42372  94.3%     -    0s
     0     0   73.12749    0  215 1270.00000   73.12749  94.2%     -    0s
     0     0   73.32280    0  214 1270.00000   73.32280  94.2%     -    0s
     0     0   73.38997    0  213 1270.00000   73.38997  94.2%     -    0s
     0     0   73.39674    0  213 1270.00000   73.39674  94.2%     -    0s
     0     0   98.88482    0  218 1270.00000   98.88482  92.2%     -    0s
H    0     0                    1262.0000000   98.88482  92.2%     -    0s
     0     0  107.86943    0  219 1262.00000  107.86943  91.5%     -    0s
     0     0  111.36697    0  223 1262.00000  111.36697  91.2%     -    0s
     0     0  113.85195    0  221 1262.00000  113.85195  91.0%     -    0s
     0     0  114.29130    0  222 1262.00000  114.29130  90.9%     -    0s
     0     0  114.45068    0  222 1262.00000  114.45068  90.9%     -    0s
     0     0  114.54776    0  225 1262.00000  114.54776  90.9%     -    0s
     0     0  114.57281    0  224 1262.00000  114.57281  90.9%     -    0s
     0     0  134.85925    0  233 1262.00000  134.85925  89.3%     -    0s
H    0     0                    1250.0000000  134.85925  89.2%     -    0s
     0     0  138.38227    0  238 1250.00000  138.38227  88.9%     -    0s
     0     0  138.68699    0  236 1250.00000  138.68699  88.9%     -    0s
     0     0  138.75085    0  236 1250.00000  138.75085  88.9%     -    0s
     0     0  138.76015    0  228 1250.00000  138.76015  88.9%     -    0s
     0     0  138.88742    0  238 1250.00000  138.88742  88.9%     -    0s
     0     0  138.91396    0  230 1250.00000  138.91396  88.9%     -    0s
     0     0  138.94272    0  234 1250.00000  138.94272  88.9%     -    0s
H    0     0                    1244.0000000  138.94272  88.8%     -    0s
     0     0  138.94817    0  234 1244.00000  138.94817  88.8%     -    0s
     0     0  139.01197    0  233 1244.00000  139.01197  88.8%     -    0s
     0     0  139.01197    0  224 1244.00000  139.01197  88.8%     -    0s
     0     2  139.14230    0  222 1244.00000  139.14230  88.8%     -    0s
H  135    87                    1177.0000000  558.87500  52.5%   104    1s
*  238   114              17    1141.0000000  569.93651  50.0%  75.6    1s
H  240   107                    1114.0000000  569.93651  48.8%  75.0    1s
H  266   108                    1096.0000000  593.60180  45.8%  73.4    1s
H  271   106                    1086.0000000  593.60180  45.3%  72.3    1s
*  275   105              13    1085.0000000  593.60180  45.3%  71.2    1s
H 1131   160                    1038.0000000  838.90000  19.2%  56.7    4s
  1459   134 1007.50000   12  131 1038.00000  884.38889  14.8%  51.0    5s

Cutting planes:
  MIR: 28
  Zero half: 91
  RLT: 105
  BQP: 239

Explored 1886 nodes (90295 simplex iterations) in 6.05 seconds (5.57 work units)
Thread count was 1 (of 56 available processors)

Solution count 10: 1038 1085 1086 ... 1262

Optimal solution found (tolerance 1.00e-04)
Best objective 1.038000000000e+03, best bound 1.038000000000e+03, gap 0.0000%
1038.0
