Set parameter Username
Set parameter LicenseID to value 2589207
Academic license - for non-commercial use only - expires 2025-11-23
Set parameter Threads to value 1
Set parameter Method to value 4
Gurobi Optimizer version 11.0.0 build v11.0.0rc2 (linux64 - "Red Hat Enterprise Linux 9.4 (Plow)")

CPU model: Intel(R) Xeon(R) CPU E5-2690 v4 @ 2.60GHz, instruction set [SSE2|AVX|AVX2]
Thread count: 28 physical cores, 56 logical processors, using up to 1 threads

Optimize a model with 1939 rows, 319 columns and 5813 nonzeros
Model fingerprint: 0x5f01a491
Variable types: 186 continuous, 133 integer (133 binary)
Coefficient statistics:
  Matrix range     [1e+00, 1e+00]
  Objective range  [1e+01, 3e+02]
  Bounds range     [1e+00, 1e+00]
  RHS range        [1e+00, 2e+00]
Presolve removed 339 rows and 59 columns
Presolve time: 0.01s
Presolved: 1600 rows, 260 columns, 4676 nonzeros
Variable types: 0 continuous, 260 integer (260 binary)
Found heuristic solution: objective 1946.0000000
Found heuristic solution: objective 1252.0000000

Root relaxation: objective 0.000000e+00, 130 iterations, 0.00 seconds (0.00 work units)

    Nodes    |    Current Node    |     Objective Bounds      |     Work
 Expl Unexpl |  Obj  Depth IntInf | Incumbent    BestBd   Gap | It/Node Time

     0     0    0.00000    0   44 1252.00000    0.00000   100%     -    0s
H    0     0                    1248.0000000    0.00000   100%     -    0s
     0     0    0.00000    0   72 1248.00000    0.00000   100%     -    0s
H    0     0                     761.0000000    0.00000   100%     -    0s
H    0     0                     622.0000000    0.00000   100%     -    0s
H    0     0                     581.0000000    0.00000   100%     -    0s
     0     0    0.00000    0   79  581.00000    0.00000   100%     -    0s
     0     0    0.00000    0   57  581.00000    0.00000   100%     -    0s
H    0     0                     550.0000000    0.00000   100%     -    0s
H    0     0                     466.0000000    0.00000   100%     -    0s
     0     0    0.00000    0   90  466.00000    0.00000   100%     -    0s
     0     0    0.00000    0   70  466.00000    0.00000   100%     -    0s
H    0     0                     434.0000000    0.00000   100%     -    0s
     0     2    0.00000    0   70  434.00000    0.00000   100%     -    0s
H   27    27                     404.0000000   11.00000  97.3%  46.9    0s

Cutting planes:
  Inf proof: 1
  Zero half: 8
  RLT: 4
  BQP: 4

Explored 1867 nodes (61208 simplex iterations) in 4.18 seconds (3.45 work units)
Thread count was 1 (of 56 available processors)

Solution count 10: 404 434 466 ... 1946

Optimal solution found (tolerance 1.00e-04)
Best objective 4.040000000000e+02, best bound 4.040000000000e+02, gap 0.0000%
404.0
