Set parameter Username
Set parameter LicenseID to value 2589207
Academic license - for non-commercial use only - expires 2025-11-23
Set parameter Threads to value 1
Set parameter Method to value 4
Gurobi Optimizer version 11.0.0 build v11.0.0rc2 (linux64 - "Red Hat Enterprise Linux 9.4 (Plow)")

CPU model: Intel(R) Xeon(R) CPU E5-2690 v4 @ 2.60GHz, instruction set [SSE2|AVX|AVX2]
Thread count: 28 physical cores, 56 logical processors, using up to 1 threads

Optimize a model with 3235 rows, 478 columns and 9734 nonzeros
Model fingerprint: 0x13f758a1
Variable types: 288 continuous, 190 integer (190 binary)
Coefficient statistics:
  Matrix range     [1e+00, 1e+00]
  Objective range  [1e+01, 3e+02]
  Bounds range     [1e+00, 1e+00]
  RHS range        [1e+00, 2e+00]
Presolve removed 579 rows and 89 columns
Presolve time: 0.03s
Presolved: 2656 rows, 389 columns, 7805 nonzeros
Variable types: 0 continuous, 389 integer (389 binary)
Found heuristic solution: objective 3362.0000000
Found heuristic solution: objective 3200.0000000

Root relaxation: objective 0.000000e+00, 176 iterations, 0.01 seconds (0.01 work units)

    Nodes    |    Current Node    |     Objective Bounds      |     Work
 Expl Unexpl |  Obj  Depth IntInf | Incumbent    BestBd   Gap | It/Node Time

     0     0    0.00000    0   38 3200.00000    0.00000   100%     -    0s
H    0     0                    2928.0000000    0.00000   100%     -    0s
H    0     0                    1466.0000000    0.00000   100%     -    0s
H    0     0                    1406.0000000    0.00000   100%     -    0s
H    0     0                    1294.0000000    0.00000   100%     -    0s
     0     0    0.00000    0   66 1294.00000    0.00000   100%     -    0s
H    0     0                    1246.0000000    0.00000   100%     -    0s
H    0     0                    1053.0000000    0.00000   100%     -    0s
H    0     0                     940.0000000    0.00000   100%     -    0s
H    0     0                     857.0000000    0.00000   100%     -    0s
     0     0    0.00000    0   90  857.00000    0.00000   100%     -    0s
H    0     0                     624.0000000    0.00000   100%     -    0s
     0     0    0.00000    0   82  624.00000    0.00000   100%     -    0s
H    0     0                     617.0000000    0.00000   100%     -    0s
H    0     0                     560.0000000    0.00000   100%     -    0s
     0     0    0.00000    0   83  560.00000    0.00000   100%     -    0s
     0     0    0.00000    0   83  560.00000    0.00000   100%     -    0s
H    0     0                     523.0000000    0.00000   100%     -    0s
     0     2    0.00000    0   82  523.00000    0.00000   100%     -    0s
H   27    23                     449.0000000   12.00000  97.3%  66.6    0s
H  208   148                     434.0000000   12.00000  97.2%  50.0    1s
H  340   201                     404.0000000   16.08333  96.0%  48.9    1s
   908   436   40.00000   21   94  404.00000   40.00000  90.1%  46.4    5s
  1910   559  132.17024   23  103  404.00000   71.50000  82.3%  39.4   10s
  3109   963  384.67347   28   83  404.00000   82.58333  79.6%  36.6   15s
  4362  1319  111.40000   23   73  404.00000  103.00000  74.5%  34.4   20s
  5705  1709  357.80000   28   68  404.00000  118.00000  70.8%  32.8   25s
  7007  2085  323.00000   32   47  404.00000  132.20000  67.3%  32.3   30s
  8448  2365  170.50000   24   89  404.00000  145.66667  63.9%  31.3   35s
  9726  2663  249.00000   27   53  404.00000  155.50000  61.5%  30.5   40s
 10203  2806  200.50000   31   83  404.00000  157.80000  60.9%  30.3   49s
 10216  2815  263.00000   27  143  404.00000  157.80000  60.9%  30.2   50s
 11000  2953     cutoff   44       404.00000  157.80000  60.9%  28.9   55s
 12510  3162  298.75000   31   44  404.00000  161.10000  60.1%  29.7   60s
 14215  3234  377.75000   42   65  404.00000  190.68750  52.8%  30.1   65s
 16081  3319  345.66667   41   55  404.00000  211.00000  47.8%  30.3   70s
 17833  3161  302.50000   38   59  404.00000  229.50000  43.2%  30.0   75s
 20016  3399  264.00000   41   66  404.00000  248.00000  38.6%  29.8   80s
 21961  3848  350.70000   38   84  404.00000  260.66667  35.5%  29.6   85s
 24084  4238     cutoff   50       404.00000  271.00000  32.9%  29.4   90s
 26195  4569  382.00000   44  100  404.00000  280.50000  30.6%  29.1   95s
 28508  4932  395.57143   49   76  404.00000  291.75000  27.8%  28.8  100s
 30744  5291  354.50000   42   60  404.00000  298.25000  26.2%  28.6  105s
 33026  5547  344.50000   49   79  404.00000  305.00000  24.5%  28.3  110s
 35433  5733  368.68850   42  124  404.00000  311.66667  22.9%  28.0  115s
 37930  5894     cutoff   53       404.00000  318.02381  21.3%  27.7  120s
 40584  5991     cutoff   44       404.00000  323.50000  19.9%  27.4  125s
 43059  6021  375.78571   50  110  404.00000  329.00000  18.6%  27.1  130s
 45626  5950     cutoff   46       404.00000  334.78125  17.1%  26.8  135s
 48290  5823 infeasible   45       404.00000  340.80000  15.6%  26.5  140s
 50890  5598  393.40000   48   26  404.00000  346.58333  14.2%  26.2  145s
 53687  5390  397.69192   48   89  404.00000  351.80000  12.9%  25.9  150s
 56486  4941  402.44545   49  121  404.00000  358.44444  11.3%  25.5  155s
 59106  4441     cutoff   48       404.00000  364.50000  9.78%  25.3  160s
 61985  3738  377.80357   38  100  404.00000  372.00000  7.92%  24.9  165s
 65125  2735     cutoff   44       404.00000  380.80000  5.74%  24.4  170s
 68161  1406  399.58333   55   77  404.00000  390.55556  3.33%  23.9  175s

Cutting planes:
  Lift-and-project: 1
  Implied bound: 8
  Flow cover: 18
  Zero half: 38
  RLT: 14
  BQP: 12

Explored 70037 nodes (1687871 simplex iterations) in 177.97 seconds (145.16 work units)
Thread count was 1 (of 56 available processors)

Solution count 10: 404 404 434 ... 940

Optimal solution found (tolerance 1.00e-04)
Best objective 4.040000000000e+02, best bound 4.040000000000e+02, gap 0.0000%
404.0
