Set parameter Username
Set parameter LicenseID to value 2589207
Academic license - for non-commercial use only - expires 2025-11-23
Set parameter Threads to value 1
Set parameter Method to value 4
Gurobi Optimizer version 11.0.0 build v11.0.0rc2 (linux64 - "Red Hat Enterprise Linux 9.4 (Plow)")

CPU model: Intel(R) Xeon(R) CPU E5-2690 v4 @ 2.60GHz, instruction set [SSE2|AVX|AVX2]
Thread count: 28 physical cores, 56 logical processors, using up to 1 threads

Optimize a model with 661 rows, 148 columns and 1962 nonzeros
Model fingerprint: 0x2686626c
Variable types: 88 continuous, 60 integer (60 binary)
Coefficient statistics:
  Matrix range     [1e+00, 1e+00]
  Objective range  [2e+01, 3e+02]
  Bounds range     [1e+00, 1e+00]
  RHS range        [1e+00, 2e+00]
Found heuristic solution: objective 1018.0000000
Presolve removed 112 rows and 28 columns
Presolve time: 0.00s
Presolved: 549 rows, 120 columns, 1598 nonzeros
Variable types: 0 continuous, 120 integer (120 binary)

Root relaxation: objective 0.000000e+00, 63 iterations, 0.00 seconds (0.00 work units)

    Nodes    |    Current Node    |     Objective Bounds      |     Work
 Expl Unexpl |  Obj  Depth IntInf | Incumbent    BestBd   Gap | It/Node Time

     0     0    0.00000    0   31 1018.00000    0.00000   100%     -    0s
H    0     0                     642.0000000    0.00000   100%     -    0s
H    0     0                     447.0000000    0.00000   100%     -    0s
     0     0    0.00000    0   43  447.00000    0.00000   100%     -    0s
H    0     0                     394.0000000    0.00000   100%     -    0s
     0     0    3.16667    0   54  394.00000    3.16667  99.2%     -    0s
H    0     0                     382.0000000    3.16667  99.2%     -    0s
     0     0    5.40000    0   53  382.00000    5.40000  98.6%     -    0s
     0     0    5.40000    0   53  382.00000    5.40000  98.6%     -    0s
     0     0    9.00000    0   48  382.00000    9.00000  97.6%     -    0s
     0     0   17.22340    0   64  382.00000   17.22340  95.5%     -    0s
     0     0   20.79842    0   63  382.00000   20.79842  94.6%     -    0s
     0     0   20.95906    0   64  382.00000   20.95906  94.5%     -    0s
     0     0   21.22509    0   64  382.00000   21.22509  94.4%     -    0s
     0     0   21.24615    0   65  382.00000   21.24615  94.4%     -    0s
     0     0   30.25000    0   60  382.00000   30.25000  92.1%     -    0s
     0     0   31.33333    0   58  382.00000   31.33333  91.8%     -    0s
     0     0   33.84223    0   68  382.00000   33.84223  91.1%     -    0s
     0     0   34.60377    0   68  382.00000   34.60377  90.9%     -    0s
     0     0   34.72917    0   68  382.00000   34.72917  90.9%     -    0s
     0     0   34.74599    0   70  382.00000   34.74599  90.9%     -    0s
     0     0   38.00000    0   54  382.00000   38.00000  90.1%     -    0s
     0     0   39.19697    0   72  382.00000   39.19697  89.7%     -    0s
     0     0   39.90741    0   72  382.00000   39.90741  89.6%     -    0s
     0     0   39.95000    0   72  382.00000   39.95000  89.5%     -    0s
     0     0   45.35309    0   70  382.00000   45.35309  88.1%     -    0s
     0     0   49.00000    0   67  382.00000   49.00000  87.2%     -    0s
     0     0   49.33333    0   59  382.00000   49.33333  87.1%     -    0s
     0     0   49.33333    0   61  382.00000   49.33333  87.1%     -    0s
     0     0   53.59211    0   71  382.00000   53.59211  86.0%     -    0s
     0     0   58.75000    0   67  382.00000   58.75000  84.6%     -    0s
     0     0   58.75000    0   68  382.00000   58.75000  84.6%     -    0s
     0     0   58.75000    0   68  382.00000   58.75000  84.6%     -    0s
     0     0   58.75000    0   63  382.00000   58.75000  84.6%     -    0s
     0     0   58.75000    0   24  382.00000   58.75000  84.6%     -    0s
     0     0   58.75000    0   50  382.00000   58.75000  84.6%     -    0s
     0     0   58.75000    0   59  382.00000   58.75000  84.6%     -    0s
     0     0   58.75000    0   63  382.00000   58.75000  84.6%     -    0s
     0     0   58.75000    0   62  382.00000   58.75000  84.6%     -    0s
     0     0   58.75000    0   64  382.00000   58.75000  84.6%     -    0s
     0     0   86.20976    0   64  382.00000   86.20976  77.4%     -    0s
     0     0   87.02381    0   65  382.00000   87.02381  77.2%     -    0s
     0     0   87.02381    0   65  382.00000   87.02381  77.2%     -    0s
     0     0   92.46809    0   67  382.00000   92.46809  75.8%     -    0s
     0     0   93.88092    0   67  382.00000   93.88092  75.4%     -    0s
     0     0   95.22222    0   62  382.00000   95.22222  75.1%     -    0s
     0     0   95.22222    0   63  382.00000   95.22222  75.1%     -    0s
     0     0   95.22222    0   67  382.00000   95.22222  75.1%     -    0s
     0     0  101.37500    0   67  382.00000  101.37500  73.5%     -    0s
     0     2  109.28906    0   62  382.00000  109.28906  71.4%     -    0s

Cutting planes:
  MIR: 5
  Zero half: 53
  RLT: 4
  BQP: 3

Explored 86 nodes (2656 simplex iterations) in 0.33 seconds (0.20 work units)
Thread count was 1 (of 56 available processors)

Solution count 5: 382 394 447 ... 1018

Optimal solution found (tolerance 1.00e-04)
Best objective 3.820000000000e+02, best bound 3.820000000000e+02, gap 0.0000%
382.0
