Set parameter Username
Set parameter LicenseID to value 2589207
Academic license - for non-commercial use only - expires 2025-11-23
Set parameter Threads to value 1
Set parameter Method to value 4
Gurobi Optimizer version 11.0.0 build v11.0.0rc2 (linux64 - "Red Hat Enterprise Linux 9.4 (Plow)")

CPU model: Intel(R) Xeon(R) CPU E5-2690 v4 @ 2.60GHz, instruction set [SSE2|AVX|AVX2]
Thread count: 28 physical cores, 56 logical processors, using up to 1 threads

Optimize a model with 1477 rows, 259 columns and 4431 nonzeros
Model fingerprint: 0x659be577
Variable types: 154 continuous, 105 integer (105 binary)
Coefficient statistics:
  Matrix range     [1e+00, 1e+00]
  Objective range  [2e+01, 3e+02]
  Bounds range     [1e+00, 1e+00]
  RHS range        [1e+00, 2e+00]
Presolve removed 413 rows and 62 columns
Presolve time: 0.01s
Presolved: 1064 rows, 197 columns, 3129 nonzeros
Variable types: 0 continuous, 197 integer (197 binary)
Found heuristic solution: objective 1222.0000000
Found heuristic solution: objective 996.0000000

Root relaxation: objective 0.000000e+00, 82 iterations, 0.00 seconds (0.00 work units)

    Nodes    |    Current Node    |     Objective Bounds      |     Work
 Expl Unexpl |  Obj  Depth IntInf | Incumbent    BestBd   Gap | It/Node Time

     0     0    0.00000    0   29  996.00000    0.00000   100%     -    0s
H    0     0                     853.0000000    0.00000   100%     -    0s
H    0     0                     704.0000000    0.00000   100%     -    0s
H    0     0                     558.0000000    0.00000   100%     -    0s
H    0     0                     468.0000000    0.00000   100%     -    0s
     0     0    0.00000    0   77  468.00000    0.00000   100%     -    0s
H    0     0                     380.0000000    0.00000   100%     -    0s
     0     0    0.00000    0   57  380.00000    0.00000   100%     -    0s
     0     0    0.00000    0   60  380.00000    0.00000   100%     -    0s
     0     0    0.00000    0   59  380.00000    0.00000   100%     -    0s
     0     0    0.00000    0   74  380.00000    0.00000   100%     -    0s
     0     0    0.00000    0   68  380.00000    0.00000   100%     -    0s
     0     0    0.00000    0   68  380.00000    0.00000   100%     -    0s
     0     0    0.00000    0   37  380.00000    0.00000   100%     -    0s
     0     0    0.00000    0   37  380.00000    0.00000   100%     -    0s
H    0     0                     372.0000000    0.00000   100%     -    0s
H    0     0                     366.0000000    0.00000   100%     -    0s
H    0     0                     318.0000000    0.00000   100%     -    0s
     0     2    0.00000    0   37  318.00000    0.00000   100%     -    0s
*   12    12               6     282.0000000   94.00000  66.7%  40.4    0s

Cutting planes:
  Inf proof: 3
  Zero half: 12
  RLT: 10
  BQP: 5

Explored 110 nodes (3414 simplex iterations) in 0.28 seconds (0.22 work units)
Thread count was 1 (of 56 available processors)

Solution count 10: 282 318 366 ... 996

Optimal solution found (tolerance 1.00e-04)
Best objective 2.820000000000e+02, best bound 2.820000000000e+02, gap 0.0000%
282.0
