Set parameter Username
Set parameter LicenseID to value 2589207
Academic license - for non-commercial use only - expires 2025-11-23
Set parameter Threads to value 1
Set parameter Method to value 4
Gurobi Optimizer version 11.0.0 build v11.0.0rc2 (linux64 - "Red Hat Enterprise Linux 9.4 (Plow)")

CPU model: Intel(R) Xeon(R) CPU E5-2690 v4 @ 2.60GHz, instruction set [SSE2|AVX|AVX2]
Thread count: 28 physical cores, 56 logical processors, using up to 1 threads

Optimize a model with 3260 rows, 512 columns and 9736 nonzeros
Model fingerprint: 0xb2451e01
Variable types: 296 continuous, 216 integer (216 binary)
Coefficient statistics:
  Matrix range     [1e+00, 1e+00]
  Objective range  [5e+00, 3e+02]
  Bounds range     [1e+00, 1e+00]
  RHS range        [1e+00, 2e+00]
Presolve removed 553 rows and 91 columns
Presolve time: 0.02s
Presolved: 2707 rows, 421 columns, 7821 nonzeros
Variable types: 0 continuous, 421 integer (421 binary)
Found heuristic solution: objective 3611.0000000
Found heuristic solution: objective 3599.0000000
Found heuristic solution: objective 3344.0000000

Root relaxation: objective 0.000000e+00, 122 iterations, 0.01 seconds (0.01 work units)

    Nodes    |    Current Node    |     Objective Bounds      |     Work
 Expl Unexpl |  Obj  Depth IntInf | Incumbent    BestBd   Gap | It/Node Time

     0     0    0.00000    0   76 3344.00000    0.00000   100%     -    0s
H    0     0                    2081.0000000    0.00000   100%     -    0s
     0     0    0.00000    0  118 2081.00000    0.00000   100%     -    0s
H    0     0                    1903.0000000    0.00000   100%     -    0s
H    0     0                    1873.0000000    0.00000   100%     -    0s
     0     0    0.00000    0  134 1873.00000    0.00000   100%     -    0s
H    0     0                    1509.0000000    0.00000   100%     -    0s
H    0     0                    1469.0000000    0.00000   100%     -    0s
     0     0    0.00000    0  119 1469.00000    0.00000   100%     -    0s
     0     0    0.00000    0  115 1469.00000    0.00000   100%     -    0s
     0     0    0.00000    0  115 1469.00000    0.00000   100%     -    0s
H    0     0                    1333.0000000    0.00000   100%     -    0s
H    0     0                    1275.0000000    0.00000   100%     -    0s
     0     2    0.00000    0  115 1275.00000    0.00000   100%     -    0s
H   27    25                    1090.0000000    2.50000   100%  91.8    0s
*   85    80              46     937.0000000    2.50000   100%  65.9    0s
H  104    82                     900.0000000    3.75000   100%  76.5    0s
H  108    84                     882.0000000    3.75000   100%  79.8    1s
H  130    88                     846.0000000   13.00000  98.5%  84.9    1s
H  135    93                     841.0000000   13.00000  98.5%  89.4    1s
   662   441   32.11905   14  120  841.00000   32.11905  96.2%   108    5s
  1450   530  514.75000   28  143  841.00000  101.85185  87.9%  91.1   10s
H 1750   484                     838.0000000  126.66806  84.9%  87.3   11s
  2345   655     cutoff   25       838.00000  181.47500  78.3%  81.1   15s
  3477  1003  442.87500   27  186  838.00000  237.53333  71.7%  73.9   20s
  4631  1358  317.83000   23  196  838.00000  279.50000  66.6%  70.4   25s
  5843  1644  763.33333   33  150  838.00000  312.21500  62.7%  67.4   30s
  7058  1871  777.77778   28  179  838.00000  336.50000  59.8%  66.5   35s
  8369  2150  442.75263   29  217  838.00000  363.16667  56.7%  64.9   40s
  9582  2374  796.72222   36  153  838.00000  384.25000  54.1%  63.8   45s
 10203  2465  655.51667   40  115  838.00000  394.36508  52.9%  63.1   55s
 10242  2491  535.50000   36  256  838.00000  394.36508  52.9%  62.9   60s
 10280  2516  608.50000   33  264  838.00000  394.36508  52.9%  62.6   65s
 10390  2575  394.36508   25  188  838.00000  394.36508  52.9%  64.3   70s
 10651  2620  699.20833   37  150  838.00000  394.36508  52.9%  66.2   75s
 10984  2632  394.36508   25  118  838.00000  394.36508  52.9%  67.6   80s
 11300  2659  745.58333   48  194  838.00000  394.36508  52.9%  68.4   85s
 11983  2613  817.66667   43   86  838.00000  394.36508  52.9%  69.5   90s
 12893  2499  772.27778   37  130  838.00000  394.36508  52.9%  70.7   95s
 13952  2337     cutoff   36       838.00000  394.36508  52.9%  70.8  100s
 14814  2155     cutoff   41       838.00000  394.65625  52.9%  70.9  105s
 15900  1956  806.00000   42  149  838.00000  422.75714  49.6%  71.2  110s
 16904  1685  769.88810   46  229  838.00000  446.41667  46.7%  71.4  115s
 17945  1478  682.58951   38  206  838.00000  464.01389  44.6%  71.4  120s
 19051  1588  636.25000   39  191  838.00000  485.73426  42.0%  71.5  125s
 20225  1664  654.70833   36  171  838.00000  504.83333  39.8%  71.3  130s
 21397  1678  721.22857   35  222  838.00000  524.16667  37.5%  71.0  135s
 22680  1688  818.66667   43  137  838.00000  540.30000  35.5%  70.5  140s
 23799  1640  641.27778   41  109  838.00000  553.16667  34.0%  70.4  145s
 24988  1618  834.48333   48  179  838.00000  568.50000  32.2%  70.0  150s
 26206  1559  752.00000   38  174  838.00000  585.66048  30.1%  69.5  155s
 27487  1466  698.92708   31  176  838.00000  603.54971  28.0%  69.0  160s
 28764  1324  749.20000   41  200  838.00000  631.25000  24.7%  68.6  165s
 30111  1157  749.51333   40  203  838.00000  657.96667  21.5%  67.9  170s
 31487   948  804.78000   36  260  838.00000  693.13225  17.3%  67.1  175s
 33090   518     cutoff   38       838.00000  747.15000  10.8%  66.0  180s

Cutting planes:
  Gomory: 3
  Cover: 1
  Implied bound: 2
  MIR: 3
  Flow cover: 79
  Zero half: 91
  RLT: 11
  BQP: 10

Explored 34262 nodes (2221884 simplex iterations) in 182.68 seconds (155.87 work units)
Thread count was 1 (of 56 available processors)

Solution count 10: 838 841 846 ... 1469

Optimal solution found (tolerance 1.00e-04)
Best objective 8.380000000000e+02, best bound 8.380000000000e+02, gap 0.0000%
838.0
