2024-12-16 18:49:13.661 | INFO     | __main__:<module>:38 - Not Enforcing Tree
2024-12-16 18:49:13.889 | INFO     | __main__:<module>:59 - Dropping 0 leaves labeled by states {None}...
2024-12-16 18:49:13.890 | INFO     | __main__:<module>:67 - Building CDMP model...
2024-12-16 18:49:13.894 | INFO     | fastCARTA:build_cdmp_model:79 - Constructing LP model for cell differentiation mapping problem (CDMP)...
2024-12-16 18:49:18.053 | INFO     | fastCARTA:build_cdmp_model:122 - 6 cell states: {'Endothelial', 'NeuralTube', 'NMPs', 'Somite', 'PCGLC', 'Endoderm'}
2024-12-16 18:49:18.053 | INFO     | fastCARTA:build_cdmp_model:123 - 64 candidate progenitors.
2024-12-16 18:49:18.053 | INFO     | fastCARTA:build_cdmp_model:124 - Number of cells: 1314
2024-12-16 18:49:18.053 | INFO     | fastCARTA:build_cdmp_model:125 - Number of decision variables: 581582
2024-12-16 18:49:25.193 | INFO     | fastCARTA:build_cdmp_model:135 - Adding edge agreement constraints...
2024-12-16 18:49:25.194 | INFO     | fastCARTA:build_cdmp_model:140 - Added edge agreement constraints for 0/3312 edges...
2024-12-16 18:49:25.567 | INFO     | fastCARTA:build_cdmp_model:140 - Added edge agreement constraints for 50/3312 edges...
2024-12-16 18:49:25.770 | INFO     | fastCARTA:build_cdmp_model:140 - Added edge agreement constraints for 100/3312 edges...
2024-12-16 18:49:25.914 | INFO     | fastCARTA:build_cdmp_model:140 - Added edge agreement constraints for 150/3312 edges...
2024-12-16 18:49:26.090 | INFO     | fastCARTA:build_cdmp_model:140 - Added edge agreement constraints for 200/3312 edges...
2024-12-16 18:49:26.330 | INFO     | fastCARTA:build_cdmp_model:140 - Added edge agreement constraints for 250/3312 edges...
2024-12-16 18:49:26.486 | INFO     | fastCARTA:build_cdmp_model:140 - Added edge agreement constraints for 300/3312 edges...
2024-12-16 18:49:26.627 | INFO     | fastCARTA:build_cdmp_model:140 - Added edge agreement constraints for 350/3312 edges...
2024-12-16 18:49:26.808 | INFO     | fastCARTA:build_cdmp_model:140 - Added edge agreement constraints for 400/3312 edges...
2024-12-16 18:49:26.935 | INFO     | fastCARTA:build_cdmp_model:140 - Added edge agreement constraints for 450/3312 edges...
2024-12-16 18:49:27.040 | INFO     | fastCARTA:build_cdmp_model:140 - Added edge agreement constraints for 500/3312 edges...
2024-12-16 18:49:27.163 | INFO     | fastCARTA:build_cdmp_model:140 - Added edge agreement constraints for 550/3312 edges...
2024-12-16 18:49:27.288 | INFO     | fastCARTA:build_cdmp_model:140 - Added edge agreement constraints for 600/3312 edges...
2024-12-16 18:49:27.430 | INFO     | fastCARTA:build_cdmp_model:140 - Added edge agreement constraints for 650/3312 edges...
2024-12-16 18:49:27.581 | INFO     | fastCARTA:build_cdmp_model:140 - Added edge agreement constraints for 700/3312 edges...
2024-12-16 18:49:27.715 | INFO     | fastCARTA:build_cdmp_model:140 - Added edge agreement constraints for 750/3312 edges...
2024-12-16 18:49:27.883 | INFO     | fastCARTA:build_cdmp_model:140 - Added edge agreement constraints for 800/3312 edges...
2024-12-16 18:49:28.020 | INFO     | fastCARTA:build_cdmp_model:140 - Added edge agreement constraints for 850/3312 edges...
2024-12-16 18:49:28.152 | INFO     | fastCARTA:build_cdmp_model:140 - Added edge agreement constraints for 900/3312 edges...
2024-12-16 18:49:28.861 | INFO     | fastCARTA:build_cdmp_model:140 - Added edge agreement constraints for 950/3312 edges...
2024-12-16 18:49:28.995 | INFO     | fastCARTA:build_cdmp_model:140 - Added edge agreement constraints for 1000/3312 edges...
2024-12-16 18:49:29.103 | INFO     | fastCARTA:build_cdmp_model:140 - Added edge agreement constraints for 1050/3312 edges...
2024-12-16 18:49:29.232 | INFO     | fastCARTA:build_cdmp_model:140 - Added edge agreement constraints for 1100/3312 edges...
2024-12-16 18:49:29.335 | INFO     | fastCARTA:build_cdmp_model:140 - Added edge agreement constraints for 1150/3312 edges...
2024-12-16 18:49:29.476 | INFO     | fastCARTA:build_cdmp_model:140 - Added edge agreement constraints for 1200/3312 edges...
2024-12-16 18:49:29.629 | INFO     | fastCARTA:build_cdmp_model:140 - Added edge agreement constraints for 1250/3312 edges...
2024-12-16 18:49:29.762 | INFO     | fastCARTA:build_cdmp_model:140 - Added edge agreement constraints for 1300/3312 edges...
2024-12-16 18:49:29.864 | INFO     | fastCARTA:build_cdmp_model:140 - Added edge agreement constraints for 1350/3312 edges...
2024-12-16 18:49:30.002 | INFO     | fastCARTA:build_cdmp_model:140 - Added edge agreement constraints for 1400/3312 edges...
2024-12-16 18:49:30.072 | INFO     | fastCARTA:build_cdmp_model:140 - Added edge agreement constraints for 1450/3312 edges...
2024-12-16 18:49:30.145 | INFO     | fastCARTA:build_cdmp_model:140 - Added edge agreement constraints for 1500/3312 edges...
2024-12-16 18:49:30.260 | INFO     | fastCARTA:build_cdmp_model:140 - Added edge agreement constraints for 1550/3312 edges...
2024-12-16 18:49:30.471 | INFO     | fastCARTA:build_cdmp_model:140 - Added edge agreement constraints for 1600/3312 edges...
2024-12-16 18:49:30.570 | INFO     | fastCARTA:build_cdmp_model:140 - Added edge agreement constraints for 1650/3312 edges...
2024-12-16 18:49:30.628 | INFO     | fastCARTA:build_cdmp_model:140 - Added edge agreement constraints for 1700/3312 edges...
2024-12-16 18:49:30.682 | INFO     | fastCARTA:build_cdmp_model:140 - Added edge agreement constraints for 1750/3312 edges...
2024-12-16 18:49:30.794 | INFO     | fastCARTA:build_cdmp_model:140 - Added edge agreement constraints for 1800/3312 edges...
2024-12-16 18:49:30.908 | INFO     | fastCARTA:build_cdmp_model:140 - Added edge agreement constraints for 1850/3312 edges...
2024-12-16 18:49:31.015 | INFO     | fastCARTA:build_cdmp_model:140 - Added edge agreement constraints for 1900/3312 edges...
2024-12-16 18:49:31.115 | INFO     | fastCARTA:build_cdmp_model:140 - Added edge agreement constraints for 1950/3312 edges...
2024-12-16 18:49:31.210 | INFO     | fastCARTA:build_cdmp_model:140 - Added edge agreement constraints for 2000/3312 edges...
2024-12-16 18:49:31.310 | INFO     | fastCARTA:build_cdmp_model:140 - Added edge agreement constraints for 2050/3312 edges...
2024-12-16 18:49:31.371 | INFO     | fastCARTA:build_cdmp_model:140 - Added edge agreement constraints for 2100/3312 edges...
2024-12-16 18:49:31.446 | INFO     | fastCARTA:build_cdmp_model:140 - Added edge agreement constraints for 2150/3312 edges...
2024-12-16 18:49:31.599 | INFO     | fastCARTA:build_cdmp_model:140 - Added edge agreement constraints for 2200/3312 edges...
2024-12-16 18:49:31.662 | INFO     | fastCARTA:build_cdmp_model:140 - Added edge agreement constraints for 2250/3312 edges...
2024-12-16 18:49:31.720 | INFO     | fastCARTA:build_cdmp_model:140 - Added edge agreement constraints for 2300/3312 edges...
2024-12-16 18:49:31.791 | INFO     | fastCARTA:build_cdmp_model:140 - Added edge agreement constraints for 2350/3312 edges...
2024-12-16 18:49:31.899 | INFO     | fastCARTA:build_cdmp_model:140 - Added edge agreement constraints for 2400/3312 edges...
2024-12-16 18:49:31.964 | INFO     | fastCARTA:build_cdmp_model:140 - Added edge agreement constraints for 2450/3312 edges...
2024-12-16 18:49:32.069 | INFO     | fastCARTA:build_cdmp_model:140 - Added edge agreement constraints for 2500/3312 edges...
2024-12-16 18:49:32.181 | INFO     | fastCARTA:build_cdmp_model:140 - Added edge agreement constraints for 2550/3312 edges...
2024-12-16 18:49:32.280 | INFO     | fastCARTA:build_cdmp_model:140 - Added edge agreement constraints for 2600/3312 edges...
2024-12-16 18:49:32.370 | INFO     | fastCARTA:build_cdmp_model:140 - Added edge agreement constraints for 2650/3312 edges...
2024-12-16 18:49:32.494 | INFO     | fastCARTA:build_cdmp_model:140 - Added edge agreement constraints for 2700/3312 edges...
2024-12-16 18:49:32.566 | INFO     | fastCARTA:build_cdmp_model:140 - Added edge agreement constraints for 2750/3312 edges...
2024-12-16 18:49:32.626 | INFO     | fastCARTA:build_cdmp_model:140 - Added edge agreement constraints for 2800/3312 edges...
2024-12-16 18:49:32.722 | INFO     | fastCARTA:build_cdmp_model:140 - Added edge agreement constraints for 2850/3312 edges...
2024-12-16 18:49:32.814 | INFO     | fastCARTA:build_cdmp_model:140 - Added edge agreement constraints for 2900/3312 edges...
2024-12-16 18:49:32.951 | INFO     | fastCARTA:build_cdmp_model:140 - Added edge agreement constraints for 2950/3312 edges...
2024-12-16 18:49:33.044 | INFO     | fastCARTA:build_cdmp_model:140 - Added edge agreement constraints for 3000/3312 edges...
2024-12-16 18:49:33.100 | INFO     | fastCARTA:build_cdmp_model:140 - Added edge agreement constraints for 3050/3312 edges...
2024-12-16 18:49:33.162 | INFO     | fastCARTA:build_cdmp_model:140 - Added edge agreement constraints for 3100/3312 edges...
2024-12-16 18:49:33.230 | INFO     | fastCARTA:build_cdmp_model:140 - Added edge agreement constraints for 3150/3312 edges...
2024-12-16 18:49:33.279 | INFO     | fastCARTA:build_cdmp_model:140 - Added edge agreement constraints for 3200/3312 edges...
2024-12-16 18:49:33.324 | INFO     | fastCARTA:build_cdmp_model:140 - Added edge agreement constraints for 3250/3312 edges...
2024-12-16 18:49:33.375 | INFO     | fastCARTA:build_cdmp_model:140 - Added edge agreement constraints for 3300/3312 edges...
2024-12-16 18:49:37.659 | INFO     | fastCARTA:build_cdmp_model:172 - Adding linking constraints...
2024-12-16 18:49:37.664 | INFO     | fastCARTA:build_cdmp_model:180 - Added 0/581518 linking constraints...
2024-12-16 18:49:37.700 | INFO     | fastCARTA:build_cdmp_model:180 - Added 1000/581518 linking constraints...
2024-12-16 18:49:37.738 | INFO     | fastCARTA:build_cdmp_model:180 - Added 2000/581518 linking constraints...
2024-12-16 18:49:37.773 | INFO     | fastCARTA:build_cdmp_model:180 - Added 3000/581518 linking constraints...
2024-12-16 18:49:37.809 | INFO     | fastCARTA:build_cdmp_model:180 - Added 4000/581518 linking constraints...
2024-12-16 18:49:37.845 | INFO     | fastCARTA:build_cdmp_model:180 - Added 5000/581518 linking constraints...
2024-12-16 18:49:37.881 | INFO     | fastCARTA:build_cdmp_model:180 - Added 6000/581518 linking constraints...
2024-12-16 18:49:37.916 | INFO     | fastCARTA:build_cdmp_model:180 - Added 7000/581518 linking constraints...
2024-12-16 18:49:37.951 | INFO     | fastCARTA:build_cdmp_model:180 - Added 8000/581518 linking constraints...
2024-12-16 18:49:37.987 | INFO     | fastCARTA:build_cdmp_model:180 - Added 9000/581518 linking constraints...
2024-12-16 18:49:38.023 | INFO     | fastCARTA:build_cdmp_model:180 - Added 10000/581518 linking constraints...
2024-12-16 18:49:38.059 | INFO     | fastCARTA:build_cdmp_model:180 - Added 11000/581518 linking constraints...
2024-12-16 18:49:38.094 | INFO     | fastCARTA:build_cdmp_model:180 - Added 12000/581518 linking constraints...
2024-12-16 18:49:38.129 | INFO     | fastCARTA:build_cdmp_model:180 - Added 13000/581518 linking constraints...
2024-12-16 18:49:38.164 | INFO     | fastCARTA:build_cdmp_model:180 - Added 14000/581518 linking constraints...
2024-12-16 18:49:38.205 | INFO     | fastCARTA:build_cdmp_model:180 - Added 15000/581518 linking constraints...
2024-12-16 18:49:38.240 | INFO     | fastCARTA:build_cdmp_model:180 - Added 16000/581518 linking constraints...
2024-12-16 18:49:38.276 | INFO     | fastCARTA:build_cdmp_model:180 - Added 17000/581518 linking constraints...
2024-12-16 18:49:38.311 | INFO     | fastCARTA:build_cdmp_model:180 - Added 18000/581518 linking constraints...
2024-12-16 18:49:38.347 | INFO     | fastCARTA:build_cdmp_model:180 - Added 19000/581518 linking constraints...
2024-12-16 18:49:38.382 | INFO     | fastCARTA:build_cdmp_model:180 - Added 20000/581518 linking constraints...
2024-12-16 18:49:38.419 | INFO     | fastCARTA:build_cdmp_model:180 - Added 21000/581518 linking constraints...
2024-12-16 18:49:38.454 | INFO     | fastCARTA:build_cdmp_model:180 - Added 22000/581518 linking constraints...
2024-12-16 18:49:38.489 | INFO     | fastCARTA:build_cdmp_model:180 - Added 23000/581518 linking constraints...
2024-12-16 18:49:38.525 | INFO     | fastCARTA:build_cdmp_model:180 - Added 24000/581518 linking constraints...
2024-12-16 18:49:38.560 | INFO     | fastCARTA:build_cdmp_model:180 - Added 25000/581518 linking constraints...
2024-12-16 18:49:38.596 | INFO     | fastCARTA:build_cdmp_model:180 - Added 26000/581518 linking constraints...
2024-12-16 18:49:38.686 | INFO     | fastCARTA:build_cdmp_model:180 - Added 27000/581518 linking constraints...
2024-12-16 18:49:38.740 | INFO     | fastCARTA:build_cdmp_model:180 - Added 28000/581518 linking constraints...
2024-12-16 18:49:38.787 | INFO     | fastCARTA:build_cdmp_model:180 - Added 29000/581518 linking constraints...
2024-12-16 18:49:38.834 | INFO     | fastCARTA:build_cdmp_model:180 - Added 30000/581518 linking constraints...
2024-12-16 18:49:38.881 | INFO     | fastCARTA:build_cdmp_model:180 - Added 31000/581518 linking constraints...
2024-12-16 18:49:38.927 | INFO     | fastCARTA:build_cdmp_model:180 - Added 32000/581518 linking constraints...
2024-12-16 18:49:38.963 | INFO     | fastCARTA:build_cdmp_model:180 - Added 33000/581518 linking constraints...
2024-12-16 18:49:39.004 | INFO     | fastCARTA:build_cdmp_model:180 - Added 34000/581518 linking constraints...
2024-12-16 18:49:39.038 | INFO     | fastCARTA:build_cdmp_model:180 - Added 35000/581518 linking constraints...
2024-12-16 18:49:39.073 | INFO     | fastCARTA:build_cdmp_model:180 - Added 36000/581518 linking constraints...
2024-12-16 18:49:39.107 | INFO     | fastCARTA:build_cdmp_model:180 - Added 37000/581518 linking constraints...
2024-12-16 18:49:39.142 | INFO     | fastCARTA:build_cdmp_model:180 - Added 38000/581518 linking constraints...
2024-12-16 18:49:39.177 | INFO     | fastCARTA:build_cdmp_model:180 - Added 39000/581518 linking constraints...
2024-12-16 18:49:39.212 | INFO     | fastCARTA:build_cdmp_model:180 - Added 40000/581518 linking constraints...
2024-12-16 18:49:39.246 | INFO     | fastCARTA:build_cdmp_model:180 - Added 41000/581518 linking constraints...
2024-12-16 18:49:39.281 | INFO     | fastCARTA:build_cdmp_model:180 - Added 42000/581518 linking constraints...
2024-12-16 18:49:39.316 | INFO     | fastCARTA:build_cdmp_model:180 - Added 43000/581518 linking constraints...
2024-12-16 18:49:39.351 | INFO     | fastCARTA:build_cdmp_model:180 - Added 44000/581518 linking constraints...
2024-12-16 18:49:39.386 | INFO     | fastCARTA:build_cdmp_model:180 - Added 45000/581518 linking constraints...
2024-12-16 18:49:39.421 | INFO     | fastCARTA:build_cdmp_model:180 - Added 46000/581518 linking constraints...
2024-12-16 18:49:39.455 | INFO     | fastCARTA:build_cdmp_model:180 - Added 47000/581518 linking constraints...
2024-12-16 18:49:39.490 | INFO     | fastCARTA:build_cdmp_model:180 - Added 48000/581518 linking constraints...
2024-12-16 18:49:39.525 | INFO     | fastCARTA:build_cdmp_model:180 - Added 49000/581518 linking constraints...
2024-12-16 18:49:39.559 | INFO     | fastCARTA:build_cdmp_model:180 - Added 50000/581518 linking constraints...
2024-12-16 18:49:39.594 | INFO     | fastCARTA:build_cdmp_model:180 - Added 51000/581518 linking constraints...
2024-12-16 18:49:39.635 | INFO     | fastCARTA:build_cdmp_model:180 - Added 52000/581518 linking constraints...
2024-12-16 18:49:39.676 | INFO     | fastCARTA:build_cdmp_model:180 - Added 53000/581518 linking constraints...
2024-12-16 18:49:39.722 | INFO     | fastCARTA:build_cdmp_model:180 - Added 54000/581518 linking constraints...
2024-12-16 18:49:39.762 | INFO     | fastCARTA:build_cdmp_model:180 - Added 55000/581518 linking constraints...
2024-12-16 18:49:39.798 | INFO     | fastCARTA:build_cdmp_model:180 - Added 56000/581518 linking constraints...
2024-12-16 18:49:39.839 | INFO     | fastCARTA:build_cdmp_model:180 - Added 57000/581518 linking constraints...
2024-12-16 18:49:39.880 | INFO     | fastCARTA:build_cdmp_model:180 - Added 58000/581518 linking constraints...
2024-12-16 18:49:39.922 | INFO     | fastCARTA:build_cdmp_model:180 - Added 59000/581518 linking constraints...
2024-12-16 18:49:39.961 | INFO     | fastCARTA:build_cdmp_model:180 - Added 60000/581518 linking constraints...
2024-12-16 18:49:40.049 | INFO     | fastCARTA:build_cdmp_model:180 - Added 61000/581518 linking constraints...
2024-12-16 18:49:40.104 | INFO     | fastCARTA:build_cdmp_model:180 - Added 62000/581518 linking constraints...
2024-12-16 18:49:40.152 | INFO     | fastCARTA:build_cdmp_model:180 - Added 63000/581518 linking constraints...
2024-12-16 18:49:40.196 | INFO     | fastCARTA:build_cdmp_model:180 - Added 64000/581518 linking constraints...
2024-12-16 18:49:40.235 | INFO     | fastCARTA:build_cdmp_model:180 - Added 65000/581518 linking constraints...
2024-12-16 18:49:40.273 | INFO     | fastCARTA:build_cdmp_model:180 - Added 66000/581518 linking constraints...
2024-12-16 18:49:40.316 | INFO     | fastCARTA:build_cdmp_model:180 - Added 67000/581518 linking constraints...
2024-12-16 18:49:40.357 | INFO     | fastCARTA:build_cdmp_model:180 - Added 68000/581518 linking constraints...
2024-12-16 18:49:40.399 | INFO     | fastCARTA:build_cdmp_model:180 - Added 69000/581518 linking constraints...
2024-12-16 18:49:40.440 | INFO     | fastCARTA:build_cdmp_model:180 - Added 70000/581518 linking constraints...
2024-12-16 18:49:40.486 | INFO     | fastCARTA:build_cdmp_model:180 - Added 71000/581518 linking constraints...
2024-12-16 18:49:40.532 | INFO     | fastCARTA:build_cdmp_model:180 - Added 72000/581518 linking constraints...
2024-12-16 18:49:40.578 | INFO     | fastCARTA:build_cdmp_model:180 - Added 73000/581518 linking constraints...
2024-12-16 18:49:40.620 | INFO     | fastCARTA:build_cdmp_model:180 - Added 74000/581518 linking constraints...
2024-12-16 18:49:40.656 | INFO     | fastCARTA:build_cdmp_model:180 - Added 75000/581518 linking constraints...
2024-12-16 18:49:40.696 | INFO     | fastCARTA:build_cdmp_model:180 - Added 76000/581518 linking constraints...
2024-12-16 18:49:40.744 | INFO     | fastCARTA:build_cdmp_model:180 - Added 77000/581518 linking constraints...
2024-12-16 18:49:40.786 | INFO     | fastCARTA:build_cdmp_model:180 - Added 78000/581518 linking constraints...
2024-12-16 18:49:40.826 | INFO     | fastCARTA:build_cdmp_model:180 - Added 79000/581518 linking constraints...
2024-12-16 18:49:40.867 | INFO     | fastCARTA:build_cdmp_model:180 - Added 80000/581518 linking constraints...
2024-12-16 18:49:40.910 | INFO     | fastCARTA:build_cdmp_model:180 - Added 81000/581518 linking constraints...
2024-12-16 18:49:40.949 | INFO     | fastCARTA:build_cdmp_model:180 - Added 82000/581518 linking constraints...
2024-12-16 18:49:40.987 | INFO     | fastCARTA:build_cdmp_model:180 - Added 83000/581518 linking constraints...
2024-12-16 18:49:41.028 | INFO     | fastCARTA:build_cdmp_model:180 - Added 84000/581518 linking constraints...
2024-12-16 18:49:41.068 | INFO     | fastCARTA:build_cdmp_model:180 - Added 85000/581518 linking constraints...
2024-12-16 18:49:41.112 | INFO     | fastCARTA:build_cdmp_model:180 - Added 86000/581518 linking constraints...
2024-12-16 18:49:41.153 | INFO     | fastCARTA:build_cdmp_model:180 - Added 87000/581518 linking constraints...
2024-12-16 18:49:41.196 | INFO     | fastCARTA:build_cdmp_model:180 - Added 88000/581518 linking constraints...
2024-12-16 18:49:41.242 | INFO     | fastCARTA:build_cdmp_model:180 - Added 89000/581518 linking constraints...
2024-12-16 18:49:41.285 | INFO     | fastCARTA:build_cdmp_model:180 - Added 90000/581518 linking constraints...
2024-12-16 18:49:41.323 | INFO     | fastCARTA:build_cdmp_model:180 - Added 91000/581518 linking constraints...
2024-12-16 18:49:41.362 | INFO     | fastCARTA:build_cdmp_model:180 - Added 92000/581518 linking constraints...
2024-12-16 18:49:41.403 | INFO     | fastCARTA:build_cdmp_model:180 - Added 93000/581518 linking constraints...
2024-12-16 18:49:41.446 | INFO     | fastCARTA:build_cdmp_model:180 - Added 94000/581518 linking constraints...
2024-12-16 18:49:41.485 | INFO     | fastCARTA:build_cdmp_model:180 - Added 95000/581518 linking constraints...
2024-12-16 18:49:41.527 | INFO     | fastCARTA:build_cdmp_model:180 - Added 96000/581518 linking constraints...
2024-12-16 18:49:41.569 | INFO     | fastCARTA:build_cdmp_model:180 - Added 97000/581518 linking constraints...
2024-12-16 18:49:41.613 | INFO     | fastCARTA:build_cdmp_model:180 - Added 98000/581518 linking constraints...
2024-12-16 18:49:41.651 | INFO     | fastCARTA:build_cdmp_model:180 - Added 99000/581518 linking constraints...
2024-12-16 18:49:41.689 | INFO     | fastCARTA:build_cdmp_model:180 - Added 100000/581518 linking constraints...
2024-12-16 18:49:41.731 | INFO     | fastCARTA:build_cdmp_model:180 - Added 101000/581518 linking constraints...
2024-12-16 18:49:41.771 | INFO     | fastCARTA:build_cdmp_model:180 - Added 102000/581518 linking constraints...
2024-12-16 18:49:42.539 | INFO     | fastCARTA:build_cdmp_model:180 - Added 103000/581518 linking constraints...
2024-12-16 18:49:42.581 | INFO     | fastCARTA:build_cdmp_model:180 - Added 104000/581518 linking constraints...
2024-12-16 18:49:42.626 | INFO     | fastCARTA:build_cdmp_model:180 - Added 105000/581518 linking constraints...
2024-12-16 18:49:42.672 | INFO     | fastCARTA:build_cdmp_model:180 - Added 106000/581518 linking constraints...
2024-12-16 18:49:42.711 | INFO     | fastCARTA:build_cdmp_model:180 - Added 107000/581518 linking constraints...
2024-12-16 18:49:42.751 | INFO     | fastCARTA:build_cdmp_model:180 - Added 108000/581518 linking constraints...
2024-12-16 18:49:42.788 | INFO     | fastCARTA:build_cdmp_model:180 - Added 109000/581518 linking constraints...
2024-12-16 18:49:42.828 | INFO     | fastCARTA:build_cdmp_model:180 - Added 110000/581518 linking constraints...
2024-12-16 18:49:42.867 | INFO     | fastCARTA:build_cdmp_model:180 - Added 111000/581518 linking constraints...
2024-12-16 18:49:42.906 | INFO     | fastCARTA:build_cdmp_model:180 - Added 112000/581518 linking constraints...
2024-12-16 18:49:42.943 | INFO     | fastCARTA:build_cdmp_model:180 - Added 113000/581518 linking constraints...
2024-12-16 18:49:42.984 | INFO     | fastCARTA:build_cdmp_model:180 - Added 114000/581518 linking constraints...
2024-12-16 18:49:43.022 | INFO     | fastCARTA:build_cdmp_model:180 - Added 115000/581518 linking constraints...
2024-12-16 18:49:43.059 | INFO     | fastCARTA:build_cdmp_model:180 - Added 116000/581518 linking constraints...
2024-12-16 18:49:43.100 | INFO     | fastCARTA:build_cdmp_model:180 - Added 117000/581518 linking constraints...
2024-12-16 18:49:43.138 | INFO     | fastCARTA:build_cdmp_model:180 - Added 118000/581518 linking constraints...
2024-12-16 18:49:43.179 | INFO     | fastCARTA:build_cdmp_model:180 - Added 119000/581518 linking constraints...
2024-12-16 18:49:43.220 | INFO     | fastCARTA:build_cdmp_model:180 - Added 120000/581518 linking constraints...
2024-12-16 18:49:43.264 | INFO     | fastCARTA:build_cdmp_model:180 - Added 121000/581518 linking constraints...
2024-12-16 18:49:43.307 | INFO     | fastCARTA:build_cdmp_model:180 - Added 122000/581518 linking constraints...
2024-12-16 18:49:43.352 | INFO     | fastCARTA:build_cdmp_model:180 - Added 123000/581518 linking constraints...
2024-12-16 18:49:43.391 | INFO     | fastCARTA:build_cdmp_model:180 - Added 124000/581518 linking constraints...
2024-12-16 18:49:43.431 | INFO     | fastCARTA:build_cdmp_model:180 - Added 125000/581518 linking constraints...
2024-12-16 18:49:43.473 | INFO     | fastCARTA:build_cdmp_model:180 - Added 126000/581518 linking constraints...
2024-12-16 18:49:43.517 | INFO     | fastCARTA:build_cdmp_model:180 - Added 127000/581518 linking constraints...
2024-12-16 18:49:43.558 | INFO     | fastCARTA:build_cdmp_model:180 - Added 128000/581518 linking constraints...
2024-12-16 18:49:43.600 | INFO     | fastCARTA:build_cdmp_model:180 - Added 129000/581518 linking constraints...
2024-12-16 18:49:43.643 | INFO     | fastCARTA:build_cdmp_model:180 - Added 130000/581518 linking constraints...
2024-12-16 18:49:43.685 | INFO     | fastCARTA:build_cdmp_model:180 - Added 131000/581518 linking constraints...
2024-12-16 18:49:43.729 | INFO     | fastCARTA:build_cdmp_model:180 - Added 132000/581518 linking constraints...
2024-12-16 18:49:43.770 | INFO     | fastCARTA:build_cdmp_model:180 - Added 133000/581518 linking constraints...
2024-12-16 18:49:43.810 | INFO     | fastCARTA:build_cdmp_model:180 - Added 134000/581518 linking constraints...
2024-12-16 18:49:43.853 | INFO     | fastCARTA:build_cdmp_model:180 - Added 135000/581518 linking constraints...
2024-12-16 18:49:43.898 | INFO     | fastCARTA:build_cdmp_model:180 - Added 136000/581518 linking constraints...
2024-12-16 18:49:43.937 | INFO     | fastCARTA:build_cdmp_model:180 - Added 137000/581518 linking constraints...
2024-12-16 18:49:43.975 | INFO     | fastCARTA:build_cdmp_model:180 - Added 138000/581518 linking constraints...
2024-12-16 18:49:44.016 | INFO     | fastCARTA:build_cdmp_model:180 - Added 139000/581518 linking constraints...
2024-12-16 18:49:44.059 | INFO     | fastCARTA:build_cdmp_model:180 - Added 140000/581518 linking constraints...
2024-12-16 18:49:44.101 | INFO     | fastCARTA:build_cdmp_model:180 - Added 141000/581518 linking constraints...
2024-12-16 18:49:44.143 | INFO     | fastCARTA:build_cdmp_model:180 - Added 142000/581518 linking constraints...
2024-12-16 18:49:44.185 | INFO     | fastCARTA:build_cdmp_model:180 - Added 143000/581518 linking constraints...
2024-12-16 18:49:44.223 | INFO     | fastCARTA:build_cdmp_model:180 - Added 144000/581518 linking constraints...
2024-12-16 18:49:44.265 | INFO     | fastCARTA:build_cdmp_model:180 - Added 145000/581518 linking constraints...
2024-12-16 18:49:44.308 | INFO     | fastCARTA:build_cdmp_model:180 - Added 146000/581518 linking constraints...
2024-12-16 18:49:44.351 | INFO     | fastCARTA:build_cdmp_model:180 - Added 147000/581518 linking constraints...
2024-12-16 18:49:44.398 | INFO     | fastCARTA:build_cdmp_model:180 - Added 148000/581518 linking constraints...
2024-12-16 18:49:44.438 | INFO     | fastCARTA:build_cdmp_model:180 - Added 149000/581518 linking constraints...
2024-12-16 18:49:44.476 | INFO     | fastCARTA:build_cdmp_model:180 - Added 150000/581518 linking constraints...
2024-12-16 18:49:44.518 | INFO     | fastCARTA:build_cdmp_model:180 - Added 151000/581518 linking constraints...
2024-12-16 18:49:44.560 | INFO     | fastCARTA:build_cdmp_model:180 - Added 152000/581518 linking constraints...
2024-12-16 18:49:44.603 | INFO     | fastCARTA:build_cdmp_model:180 - Added 153000/581518 linking constraints...
2024-12-16 18:49:44.645 | INFO     | fastCARTA:build_cdmp_model:180 - Added 154000/581518 linking constraints...
2024-12-16 18:49:44.684 | INFO     | fastCARTA:build_cdmp_model:180 - Added 155000/581518 linking constraints...
2024-12-16 18:49:44.726 | INFO     | fastCARTA:build_cdmp_model:180 - Added 156000/581518 linking constraints...
2024-12-16 18:49:44.768 | INFO     | fastCARTA:build_cdmp_model:180 - Added 157000/581518 linking constraints...
2024-12-16 18:49:44.809 | INFO     | fastCARTA:build_cdmp_model:180 - Added 158000/581518 linking constraints...
2024-12-16 18:49:44.852 | INFO     | fastCARTA:build_cdmp_model:180 - Added 159000/581518 linking constraints...
2024-12-16 18:49:44.896 | INFO     | fastCARTA:build_cdmp_model:180 - Added 160000/581518 linking constraints...
2024-12-16 18:49:44.941 | INFO     | fastCARTA:build_cdmp_model:180 - Added 161000/581518 linking constraints...
2024-12-16 18:49:44.980 | INFO     | fastCARTA:build_cdmp_model:180 - Added 162000/581518 linking constraints...
2024-12-16 18:49:45.018 | INFO     | fastCARTA:build_cdmp_model:180 - Added 163000/581518 linking constraints...
2024-12-16 18:49:45.060 | INFO     | fastCARTA:build_cdmp_model:180 - Added 164000/581518 linking constraints...
2024-12-16 18:49:45.100 | INFO     | fastCARTA:build_cdmp_model:180 - Added 165000/581518 linking constraints...
2024-12-16 18:49:45.147 | INFO     | fastCARTA:build_cdmp_model:180 - Added 166000/581518 linking constraints...
2024-12-16 18:49:45.187 | INFO     | fastCARTA:build_cdmp_model:180 - Added 167000/581518 linking constraints...
2024-12-16 18:49:45.226 | INFO     | fastCARTA:build_cdmp_model:180 - Added 168000/581518 linking constraints...
2024-12-16 18:49:45.265 | INFO     | fastCARTA:build_cdmp_model:180 - Added 169000/581518 linking constraints...
2024-12-16 18:49:45.304 | INFO     | fastCARTA:build_cdmp_model:180 - Added 170000/581518 linking constraints...
2024-12-16 18:49:45.347 | INFO     | fastCARTA:build_cdmp_model:180 - Added 171000/581518 linking constraints...
2024-12-16 18:49:45.393 | INFO     | fastCARTA:build_cdmp_model:180 - Added 172000/581518 linking constraints...
2024-12-16 18:49:45.434 | INFO     | fastCARTA:build_cdmp_model:180 - Added 173000/581518 linking constraints...
2024-12-16 18:49:45.474 | INFO     | fastCARTA:build_cdmp_model:180 - Added 174000/581518 linking constraints...
2024-12-16 18:49:45.514 | INFO     | fastCARTA:build_cdmp_model:180 - Added 175000/581518 linking constraints...
2024-12-16 18:49:45.557 | INFO     | fastCARTA:build_cdmp_model:180 - Added 176000/581518 linking constraints...
2024-12-16 18:49:45.600 | INFO     | fastCARTA:build_cdmp_model:180 - Added 177000/581518 linking constraints...
2024-12-16 18:49:45.641 | INFO     | fastCARTA:build_cdmp_model:180 - Added 178000/581518 linking constraints...
2024-12-16 18:49:45.683 | INFO     | fastCARTA:build_cdmp_model:180 - Added 179000/581518 linking constraints...
2024-12-16 18:49:45.726 | INFO     | fastCARTA:build_cdmp_model:180 - Added 180000/581518 linking constraints...
2024-12-16 18:49:45.769 | INFO     | fastCARTA:build_cdmp_model:180 - Added 181000/581518 linking constraints...
2024-12-16 18:49:45.810 | INFO     | fastCARTA:build_cdmp_model:180 - Added 182000/581518 linking constraints...
2024-12-16 18:49:45.852 | INFO     | fastCARTA:build_cdmp_model:180 - Added 183000/581518 linking constraints...
2024-12-16 18:49:45.894 | INFO     | fastCARTA:build_cdmp_model:180 - Added 184000/581518 linking constraints...
2024-12-16 18:49:45.937 | INFO     | fastCARTA:build_cdmp_model:180 - Added 185000/581518 linking constraints...
2024-12-16 18:49:45.978 | INFO     | fastCARTA:build_cdmp_model:180 - Added 186000/581518 linking constraints...
2024-12-16 18:49:46.020 | INFO     | fastCARTA:build_cdmp_model:180 - Added 187000/581518 linking constraints...
2024-12-16 18:49:46.059 | INFO     | fastCARTA:build_cdmp_model:180 - Added 188000/581518 linking constraints...
2024-12-16 18:49:46.099 | INFO     | fastCARTA:build_cdmp_model:180 - Added 189000/581518 linking constraints...
2024-12-16 18:49:46.156 | INFO     | fastCARTA:build_cdmp_model:180 - Added 190000/581518 linking constraints...
2024-12-16 18:49:46.198 | INFO     | fastCARTA:build_cdmp_model:180 - Added 191000/581518 linking constraints...
2024-12-16 18:49:46.239 | INFO     | fastCARTA:build_cdmp_model:180 - Added 192000/581518 linking constraints...
2024-12-16 18:49:46.281 | INFO     | fastCARTA:build_cdmp_model:180 - Added 193000/581518 linking constraints...
2024-12-16 18:49:46.326 | INFO     | fastCARTA:build_cdmp_model:180 - Added 194000/581518 linking constraints...
2024-12-16 18:49:46.411 | INFO     | fastCARTA:build_cdmp_model:180 - Added 195000/581518 linking constraints...
2024-12-16 18:49:46.448 | INFO     | fastCARTA:build_cdmp_model:180 - Added 196000/581518 linking constraints...
2024-12-16 18:49:46.486 | INFO     | fastCARTA:build_cdmp_model:180 - Added 197000/581518 linking constraints...
2024-12-16 18:49:46.529 | INFO     | fastCARTA:build_cdmp_model:180 - Added 198000/581518 linking constraints...
2024-12-16 18:49:46.577 | INFO     | fastCARTA:build_cdmp_model:180 - Added 199000/581518 linking constraints...
2024-12-16 18:49:46.632 | INFO     | fastCARTA:build_cdmp_model:180 - Added 200000/581518 linking constraints...
2024-12-16 18:49:46.692 | INFO     | fastCARTA:build_cdmp_model:180 - Added 201000/581518 linking constraints...
2024-12-16 18:49:46.754 | INFO     | fastCARTA:build_cdmp_model:180 - Added 202000/581518 linking constraints...
2024-12-16 18:49:46.847 | INFO     | fastCARTA:build_cdmp_model:180 - Added 203000/581518 linking constraints...
2024-12-16 18:49:46.942 | INFO     | fastCARTA:build_cdmp_model:180 - Added 204000/581518 linking constraints...
2024-12-16 18:49:47.017 | INFO     | fastCARTA:build_cdmp_model:180 - Added 205000/581518 linking constraints...
2024-12-16 18:49:47.095 | INFO     | fastCARTA:build_cdmp_model:180 - Added 206000/581518 linking constraints...
2024-12-16 18:49:47.134 | INFO     | fastCARTA:build_cdmp_model:180 - Added 207000/581518 linking constraints...
2024-12-16 18:49:47.172 | INFO     | fastCARTA:build_cdmp_model:180 - Added 208000/581518 linking constraints...
2024-12-16 18:49:47.213 | INFO     | fastCARTA:build_cdmp_model:180 - Added 209000/581518 linking constraints...
2024-12-16 18:49:47.285 | INFO     | fastCARTA:build_cdmp_model:180 - Added 210000/581518 linking constraints...
2024-12-16 18:49:47.340 | INFO     | fastCARTA:build_cdmp_model:180 - Added 211000/581518 linking constraints...
2024-12-16 18:49:47.399 | INFO     | fastCARTA:build_cdmp_model:180 - Added 212000/581518 linking constraints...
2024-12-16 18:49:47.463 | INFO     | fastCARTA:build_cdmp_model:180 - Added 213000/581518 linking constraints...
2024-12-16 18:49:47.513 | INFO     | fastCARTA:build_cdmp_model:180 - Added 214000/581518 linking constraints...
2024-12-16 18:49:47.560 | INFO     | fastCARTA:build_cdmp_model:180 - Added 215000/581518 linking constraints...
2024-12-16 18:49:47.613 | INFO     | fastCARTA:build_cdmp_model:180 - Added 216000/581518 linking constraints...
2024-12-16 18:49:47.665 | INFO     | fastCARTA:build_cdmp_model:180 - Added 217000/581518 linking constraints...
2024-12-16 18:49:47.722 | INFO     | fastCARTA:build_cdmp_model:180 - Added 218000/581518 linking constraints...
2024-12-16 18:49:47.772 | INFO     | fastCARTA:build_cdmp_model:180 - Added 219000/581518 linking constraints...
2024-12-16 18:49:47.822 | INFO     | fastCARTA:build_cdmp_model:180 - Added 220000/581518 linking constraints...
2024-12-16 18:49:47.877 | INFO     | fastCARTA:build_cdmp_model:180 - Added 221000/581518 linking constraints...
2024-12-16 18:49:47.932 | INFO     | fastCARTA:build_cdmp_model:180 - Added 222000/581518 linking constraints...
2024-12-16 18:49:47.980 | INFO     | fastCARTA:build_cdmp_model:180 - Added 223000/581518 linking constraints...
2024-12-16 18:49:48.041 | INFO     | fastCARTA:build_cdmp_model:180 - Added 224000/581518 linking constraints...
2024-12-16 18:49:48.109 | INFO     | fastCARTA:build_cdmp_model:180 - Added 225000/581518 linking constraints...
2024-12-16 18:49:48.154 | INFO     | fastCARTA:build_cdmp_model:180 - Added 226000/581518 linking constraints...
2024-12-16 18:49:48.216 | INFO     | fastCARTA:build_cdmp_model:180 - Added 227000/581518 linking constraints...
2024-12-16 18:49:48.275 | INFO     | fastCARTA:build_cdmp_model:180 - Added 228000/581518 linking constraints...
2024-12-16 18:49:48.334 | INFO     | fastCARTA:build_cdmp_model:180 - Added 229000/581518 linking constraints...
2024-12-16 18:49:48.396 | INFO     | fastCARTA:build_cdmp_model:180 - Added 230000/581518 linking constraints...
2024-12-16 18:49:48.455 | INFO     | fastCARTA:build_cdmp_model:180 - Added 231000/581518 linking constraints...
2024-12-16 18:49:48.514 | INFO     | fastCARTA:build_cdmp_model:180 - Added 232000/581518 linking constraints...
2024-12-16 18:49:48.576 | INFO     | fastCARTA:build_cdmp_model:180 - Added 233000/581518 linking constraints...
2024-12-16 18:49:48.673 | INFO     | fastCARTA:build_cdmp_model:180 - Added 234000/581518 linking constraints...
2024-12-16 18:49:48.761 | INFO     | fastCARTA:build_cdmp_model:180 - Added 235000/581518 linking constraints...
2024-12-16 18:49:48.845 | INFO     | fastCARTA:build_cdmp_model:180 - Added 236000/581518 linking constraints...
2024-12-16 18:49:48.949 | INFO     | fastCARTA:build_cdmp_model:180 - Added 237000/581518 linking constraints...
2024-12-16 18:49:49.029 | INFO     | fastCARTA:build_cdmp_model:180 - Added 238000/581518 linking constraints...
2024-12-16 18:49:49.111 | INFO     | fastCARTA:build_cdmp_model:180 - Added 239000/581518 linking constraints...
2024-12-16 18:49:49.202 | INFO     | fastCARTA:build_cdmp_model:180 - Added 240000/581518 linking constraints...
2024-12-16 18:49:49.283 | INFO     | fastCARTA:build_cdmp_model:180 - Added 241000/581518 linking constraints...
2024-12-16 18:49:49.374 | INFO     | fastCARTA:build_cdmp_model:180 - Added 242000/581518 linking constraints...
2024-12-16 18:49:49.456 | INFO     | fastCARTA:build_cdmp_model:180 - Added 243000/581518 linking constraints...
2024-12-16 18:49:49.536 | INFO     | fastCARTA:build_cdmp_model:180 - Added 244000/581518 linking constraints...
2024-12-16 18:49:49.627 | INFO     | fastCARTA:build_cdmp_model:180 - Added 245000/581518 linking constraints...
2024-12-16 18:49:49.708 | INFO     | fastCARTA:build_cdmp_model:180 - Added 246000/581518 linking constraints...
2024-12-16 18:49:49.791 | INFO     | fastCARTA:build_cdmp_model:180 - Added 247000/581518 linking constraints...
2024-12-16 18:49:49.883 | INFO     | fastCARTA:build_cdmp_model:180 - Added 248000/581518 linking constraints...
2024-12-16 18:49:49.963 | INFO     | fastCARTA:build_cdmp_model:180 - Added 249000/581518 linking constraints...
2024-12-16 18:49:50.054 | INFO     | fastCARTA:build_cdmp_model:180 - Added 250000/581518 linking constraints...
2024-12-16 18:49:50.133 | INFO     | fastCARTA:build_cdmp_model:180 - Added 251000/581518 linking constraints...
2024-12-16 18:49:50.218 | INFO     | fastCARTA:build_cdmp_model:180 - Added 252000/581518 linking constraints...
2024-12-16 18:49:50.301 | INFO     | fastCARTA:build_cdmp_model:180 - Added 253000/581518 linking constraints...
2024-12-16 18:49:50.391 | INFO     | fastCARTA:build_cdmp_model:180 - Added 254000/581518 linking constraints...
2024-12-16 18:49:50.472 | INFO     | fastCARTA:build_cdmp_model:180 - Added 255000/581518 linking constraints...
2024-12-16 18:49:50.527 | INFO     | fastCARTA:build_cdmp_model:180 - Added 256000/581518 linking constraints...
2024-12-16 18:49:50.611 | INFO     | fastCARTA:build_cdmp_model:180 - Added 257000/581518 linking constraints...
2024-12-16 18:49:50.693 | INFO     | fastCARTA:build_cdmp_model:180 - Added 258000/581518 linking constraints...
2024-12-16 18:49:50.774 | INFO     | fastCARTA:build_cdmp_model:180 - Added 259000/581518 linking constraints...
2024-12-16 18:49:50.872 | INFO     | fastCARTA:build_cdmp_model:180 - Added 260000/581518 linking constraints...
2024-12-16 18:49:50.995 | INFO     | fastCARTA:build_cdmp_model:180 - Added 261000/581518 linking constraints...
2024-12-16 18:49:51.074 | INFO     | fastCARTA:build_cdmp_model:180 - Added 262000/581518 linking constraints...
2024-12-16 18:49:51.166 | INFO     | fastCARTA:build_cdmp_model:180 - Added 263000/581518 linking constraints...
2024-12-16 18:49:51.282 | INFO     | fastCARTA:build_cdmp_model:180 - Added 264000/581518 linking constraints...
2024-12-16 18:49:51.367 | INFO     | fastCARTA:build_cdmp_model:180 - Added 265000/581518 linking constraints...
2024-12-16 18:49:51.477 | INFO     | fastCARTA:build_cdmp_model:180 - Added 266000/581518 linking constraints...
2024-12-16 18:49:51.595 | INFO     | fastCARTA:build_cdmp_model:180 - Added 267000/581518 linking constraints...
2024-12-16 18:49:51.678 | INFO     | fastCARTA:build_cdmp_model:180 - Added 268000/581518 linking constraints...
2024-12-16 18:49:51.718 | INFO     | fastCARTA:build_cdmp_model:180 - Added 269000/581518 linking constraints...
2024-12-16 18:49:51.821 | INFO     | fastCARTA:build_cdmp_model:180 - Added 270000/581518 linking constraints...
2024-12-16 18:49:51.934 | INFO     | fastCARTA:build_cdmp_model:180 - Added 271000/581518 linking constraints...
2024-12-16 18:49:52.090 | INFO     | fastCARTA:build_cdmp_model:180 - Added 272000/581518 linking constraints...
2024-12-16 18:49:52.210 | INFO     | fastCARTA:build_cdmp_model:180 - Added 273000/581518 linking constraints...
2024-12-16 18:49:52.301 | INFO     | fastCARTA:build_cdmp_model:180 - Added 274000/581518 linking constraints...
2024-12-16 18:49:52.370 | INFO     | fastCARTA:build_cdmp_model:180 - Added 275000/581518 linking constraints...
2024-12-16 18:49:52.439 | INFO     | fastCARTA:build_cdmp_model:180 - Added 276000/581518 linking constraints...
2024-12-16 18:49:52.508 | INFO     | fastCARTA:build_cdmp_model:180 - Added 277000/581518 linking constraints...
2024-12-16 18:49:52.582 | INFO     | fastCARTA:build_cdmp_model:180 - Added 278000/581518 linking constraints...
2024-12-16 18:49:52.647 | INFO     | fastCARTA:build_cdmp_model:180 - Added 279000/581518 linking constraints...
2024-12-16 18:49:52.725 | INFO     | fastCARTA:build_cdmp_model:180 - Added 280000/581518 linking constraints...
2024-12-16 18:49:52.795 | INFO     | fastCARTA:build_cdmp_model:180 - Added 281000/581518 linking constraints...
2024-12-16 18:49:52.865 | INFO     | fastCARTA:build_cdmp_model:180 - Added 282000/581518 linking constraints...
2024-12-16 18:49:52.938 | INFO     | fastCARTA:build_cdmp_model:180 - Added 283000/581518 linking constraints...
2024-12-16 18:49:53.007 | INFO     | fastCARTA:build_cdmp_model:180 - Added 284000/581518 linking constraints...
2024-12-16 18:49:53.085 | INFO     | fastCARTA:build_cdmp_model:180 - Added 285000/581518 linking constraints...
2024-12-16 18:49:53.152 | INFO     | fastCARTA:build_cdmp_model:180 - Added 286000/581518 linking constraints...
2024-12-16 18:49:53.208 | INFO     | fastCARTA:build_cdmp_model:180 - Added 287000/581518 linking constraints...
2024-12-16 18:49:53.242 | INFO     | fastCARTA:build_cdmp_model:180 - Added 288000/581518 linking constraints...
2024-12-16 18:49:53.283 | INFO     | fastCARTA:build_cdmp_model:180 - Added 289000/581518 linking constraints...
2024-12-16 18:49:53.351 | INFO     | fastCARTA:build_cdmp_model:180 - Added 290000/581518 linking constraints...
2024-12-16 18:49:53.460 | INFO     | fastCARTA:build_cdmp_model:180 - Added 291000/581518 linking constraints...
2024-12-16 18:49:53.536 | INFO     | fastCARTA:build_cdmp_model:180 - Added 292000/581518 linking constraints...
2024-12-16 18:49:53.647 | INFO     | fastCARTA:build_cdmp_model:180 - Added 293000/581518 linking constraints...
2024-12-16 18:49:53.712 | INFO     | fastCARTA:build_cdmp_model:180 - Added 294000/581518 linking constraints...
2024-12-16 18:49:53.798 | INFO     | fastCARTA:build_cdmp_model:180 - Added 295000/581518 linking constraints...
2024-12-16 18:49:53.880 | INFO     | fastCARTA:build_cdmp_model:180 - Added 296000/581518 linking constraints...
2024-12-16 18:49:53.988 | INFO     | fastCARTA:build_cdmp_model:180 - Added 297000/581518 linking constraints...
2024-12-16 18:49:54.072 | INFO     | fastCARTA:build_cdmp_model:180 - Added 298000/581518 linking constraints...
2024-12-16 18:49:54.194 | INFO     | fastCARTA:build_cdmp_model:180 - Added 299000/581518 linking constraints...
2024-12-16 18:49:54.292 | INFO     | fastCARTA:build_cdmp_model:180 - Added 300000/581518 linking constraints...
2024-12-16 18:49:54.395 | INFO     | fastCARTA:build_cdmp_model:180 - Added 301000/581518 linking constraints...
2024-12-16 18:49:54.517 | INFO     | fastCARTA:build_cdmp_model:180 - Added 302000/581518 linking constraints...
2024-12-16 18:49:54.621 | INFO     | fastCARTA:build_cdmp_model:180 - Added 303000/581518 linking constraints...
2024-12-16 18:49:54.743 | INFO     | fastCARTA:build_cdmp_model:180 - Added 304000/581518 linking constraints...
2024-12-16 18:49:54.885 | INFO     | fastCARTA:build_cdmp_model:180 - Added 305000/581518 linking constraints...
2024-12-16 18:49:55.021 | INFO     | fastCARTA:build_cdmp_model:180 - Added 306000/581518 linking constraints...
2024-12-16 18:49:55.149 | INFO     | fastCARTA:build_cdmp_model:180 - Added 307000/581518 linking constraints...
2024-12-16 18:49:57.205 | INFO     | fastCARTA:build_cdmp_model:180 - Added 308000/581518 linking constraints...
2024-12-16 18:49:57.319 | INFO     | fastCARTA:build_cdmp_model:180 - Added 309000/581518 linking constraints...
2024-12-16 18:49:57.425 | INFO     | fastCARTA:build_cdmp_model:180 - Added 310000/581518 linking constraints...
2024-12-16 18:49:57.541 | INFO     | fastCARTA:build_cdmp_model:180 - Added 311000/581518 linking constraints...
2024-12-16 18:49:57.642 | INFO     | fastCARTA:build_cdmp_model:180 - Added 312000/581518 linking constraints...
2024-12-16 18:49:57.762 | INFO     | fastCARTA:build_cdmp_model:180 - Added 313000/581518 linking constraints...
2024-12-16 18:49:57.871 | INFO     | fastCARTA:build_cdmp_model:180 - Added 314000/581518 linking constraints...
2024-12-16 18:49:57.985 | INFO     | fastCARTA:build_cdmp_model:180 - Added 315000/581518 linking constraints...
2024-12-16 18:49:58.088 | INFO     | fastCARTA:build_cdmp_model:180 - Added 316000/581518 linking constraints...
2024-12-16 18:49:58.202 | INFO     | fastCARTA:build_cdmp_model:180 - Added 317000/581518 linking constraints...
2024-12-16 18:49:58.310 | INFO     | fastCARTA:build_cdmp_model:180 - Added 318000/581518 linking constraints...
2024-12-16 18:49:58.409 | INFO     | fastCARTA:build_cdmp_model:180 - Added 319000/581518 linking constraints...
2024-12-16 18:49:58.508 | INFO     | fastCARTA:build_cdmp_model:180 - Added 320000/581518 linking constraints...
2024-12-16 18:49:58.601 | INFO     | fastCARTA:build_cdmp_model:180 - Added 321000/581518 linking constraints...
2024-12-16 18:49:58.689 | INFO     | fastCARTA:build_cdmp_model:180 - Added 322000/581518 linking constraints...
2024-12-16 18:49:58.802 | INFO     | fastCARTA:build_cdmp_model:180 - Added 323000/581518 linking constraints...
2024-12-16 18:49:58.917 | INFO     | fastCARTA:build_cdmp_model:180 - Added 324000/581518 linking constraints...
2024-12-16 18:49:59.028 | INFO     | fastCARTA:build_cdmp_model:180 - Added 325000/581518 linking constraints...
2024-12-16 18:49:59.147 | INFO     | fastCARTA:build_cdmp_model:180 - Added 326000/581518 linking constraints...
2024-12-16 18:49:59.258 | INFO     | fastCARTA:build_cdmp_model:180 - Added 327000/581518 linking constraints...
2024-12-16 18:49:59.364 | INFO     | fastCARTA:build_cdmp_model:180 - Added 328000/581518 linking constraints...
2024-12-16 18:49:59.475 | INFO     | fastCARTA:build_cdmp_model:180 - Added 329000/581518 linking constraints...
2024-12-16 18:49:59.596 | INFO     | fastCARTA:build_cdmp_model:180 - Added 330000/581518 linking constraints...
2024-12-16 18:49:59.706 | INFO     | fastCARTA:build_cdmp_model:180 - Added 331000/581518 linking constraints...
2024-12-16 18:49:59.820 | INFO     | fastCARTA:build_cdmp_model:180 - Added 332000/581518 linking constraints...
2024-12-16 18:49:59.940 | INFO     | fastCARTA:build_cdmp_model:180 - Added 333000/581518 linking constraints...
2024-12-16 18:50:00.041 | INFO     | fastCARTA:build_cdmp_model:180 - Added 334000/581518 linking constraints...
2024-12-16 18:50:00.148 | INFO     | fastCARTA:build_cdmp_model:180 - Added 335000/581518 linking constraints...
2024-12-16 18:50:00.262 | INFO     | fastCARTA:build_cdmp_model:180 - Added 336000/581518 linking constraints...
2024-12-16 18:50:00.386 | INFO     | fastCARTA:build_cdmp_model:180 - Added 337000/581518 linking constraints...
2024-12-16 18:50:00.486 | INFO     | fastCARTA:build_cdmp_model:180 - Added 338000/581518 linking constraints...
2024-12-16 18:50:00.605 | INFO     | fastCARTA:build_cdmp_model:180 - Added 339000/581518 linking constraints...
2024-12-16 18:50:00.709 | INFO     | fastCARTA:build_cdmp_model:180 - Added 340000/581518 linking constraints...
2024-12-16 18:50:00.812 | INFO     | fastCARTA:build_cdmp_model:180 - Added 341000/581518 linking constraints...
2024-12-16 18:50:00.918 | INFO     | fastCARTA:build_cdmp_model:180 - Added 342000/581518 linking constraints...
2024-12-16 18:50:01.039 | INFO     | fastCARTA:build_cdmp_model:180 - Added 343000/581518 linking constraints...
2024-12-16 18:50:01.144 | INFO     | fastCARTA:build_cdmp_model:180 - Added 344000/581518 linking constraints...
2024-12-16 18:50:01.268 | INFO     | fastCARTA:build_cdmp_model:180 - Added 345000/581518 linking constraints...
2024-12-16 18:50:01.377 | INFO     | fastCARTA:build_cdmp_model:180 - Added 346000/581518 linking constraints...
2024-12-16 18:50:01.485 | INFO     | fastCARTA:build_cdmp_model:180 - Added 347000/581518 linking constraints...
2024-12-16 18:50:01.589 | INFO     | fastCARTA:build_cdmp_model:180 - Added 348000/581518 linking constraints...
2024-12-16 18:50:01.707 | INFO     | fastCARTA:build_cdmp_model:180 - Added 349000/581518 linking constraints...
2024-12-16 18:50:01.807 | INFO     | fastCARTA:build_cdmp_model:180 - Added 350000/581518 linking constraints...
2024-12-16 18:50:01.895 | INFO     | fastCARTA:build_cdmp_model:180 - Added 351000/581518 linking constraints...
2024-12-16 18:50:01.999 | INFO     | fastCARTA:build_cdmp_model:180 - Added 352000/581518 linking constraints...
2024-12-16 18:50:02.112 | INFO     | fastCARTA:build_cdmp_model:180 - Added 353000/581518 linking constraints...
2024-12-16 18:50:02.223 | INFO     | fastCARTA:build_cdmp_model:180 - Added 354000/581518 linking constraints...
2024-12-16 18:50:02.338 | INFO     | fastCARTA:build_cdmp_model:180 - Added 355000/581518 linking constraints...
2024-12-16 18:50:02.448 | INFO     | fastCARTA:build_cdmp_model:180 - Added 356000/581518 linking constraints...
2024-12-16 18:50:02.558 | INFO     | fastCARTA:build_cdmp_model:180 - Added 357000/581518 linking constraints...
2024-12-16 18:50:02.673 | INFO     | fastCARTA:build_cdmp_model:180 - Added 358000/581518 linking constraints...
2024-12-16 18:50:02.749 | INFO     | fastCARTA:build_cdmp_model:180 - Added 359000/581518 linking constraints...
2024-12-16 18:50:02.858 | INFO     | fastCARTA:build_cdmp_model:180 - Added 360000/581518 linking constraints...
2024-12-16 18:50:02.950 | INFO     | fastCARTA:build_cdmp_model:180 - Added 361000/581518 linking constraints...
2024-12-16 18:50:03.066 | INFO     | fastCARTA:build_cdmp_model:180 - Added 362000/581518 linking constraints...
2024-12-16 18:50:03.148 | INFO     | fastCARTA:build_cdmp_model:180 - Added 363000/581518 linking constraints...
2024-12-16 18:50:03.269 | INFO     | fastCARTA:build_cdmp_model:180 - Added 364000/581518 linking constraints...
2024-12-16 18:50:03.387 | INFO     | fastCARTA:build_cdmp_model:180 - Added 365000/581518 linking constraints...
2024-12-16 18:50:03.474 | INFO     | fastCARTA:build_cdmp_model:180 - Added 366000/581518 linking constraints...
2024-12-16 18:50:03.518 | INFO     | fastCARTA:build_cdmp_model:180 - Added 367000/581518 linking constraints...
2024-12-16 18:50:03.618 | INFO     | fastCARTA:build_cdmp_model:180 - Added 368000/581518 linking constraints...
2024-12-16 18:50:03.775 | INFO     | fastCARTA:build_cdmp_model:180 - Added 369000/581518 linking constraints...
2024-12-16 18:50:03.898 | INFO     | fastCARTA:build_cdmp_model:180 - Added 370000/581518 linking constraints...
2024-12-16 18:50:04.008 | INFO     | fastCARTA:build_cdmp_model:180 - Added 371000/581518 linking constraints...
2024-12-16 18:50:04.134 | INFO     | fastCARTA:build_cdmp_model:180 - Added 372000/581518 linking constraints...
2024-12-16 18:50:04.240 | INFO     | fastCARTA:build_cdmp_model:180 - Added 373000/581518 linking constraints...
2024-12-16 18:50:04.351 | INFO     | fastCARTA:build_cdmp_model:180 - Added 374000/581518 linking constraints...
2024-12-16 18:50:04.457 | INFO     | fastCARTA:build_cdmp_model:180 - Added 375000/581518 linking constraints...
2024-12-16 18:50:04.556 | INFO     | fastCARTA:build_cdmp_model:180 - Added 376000/581518 linking constraints...
2024-12-16 18:50:04.626 | INFO     | fastCARTA:build_cdmp_model:180 - Added 377000/581518 linking constraints...
2024-12-16 18:50:04.695 | INFO     | fastCARTA:build_cdmp_model:180 - Added 378000/581518 linking constraints...
2024-12-16 18:50:04.751 | INFO     | fastCARTA:build_cdmp_model:180 - Added 379000/581518 linking constraints...
2024-12-16 18:50:04.797 | INFO     | fastCARTA:build_cdmp_model:180 - Added 380000/581518 linking constraints...
2024-12-16 18:50:04.840 | INFO     | fastCARTA:build_cdmp_model:180 - Added 381000/581518 linking constraints...
2024-12-16 18:50:04.882 | INFO     | fastCARTA:build_cdmp_model:180 - Added 382000/581518 linking constraints...
2024-12-16 18:50:04.924 | INFO     | fastCARTA:build_cdmp_model:180 - Added 383000/581518 linking constraints...
2024-12-16 18:50:04.967 | INFO     | fastCARTA:build_cdmp_model:180 - Added 384000/581518 linking constraints...
2024-12-16 18:50:05.009 | INFO     | fastCARTA:build_cdmp_model:180 - Added 385000/581518 linking constraints...
2024-12-16 18:50:05.052 | INFO     | fastCARTA:build_cdmp_model:180 - Added 386000/581518 linking constraints...
2024-12-16 18:50:05.094 | INFO     | fastCARTA:build_cdmp_model:180 - Added 387000/581518 linking constraints...
2024-12-16 18:50:05.136 | INFO     | fastCARTA:build_cdmp_model:180 - Added 388000/581518 linking constraints...
2024-12-16 18:50:05.179 | INFO     | fastCARTA:build_cdmp_model:180 - Added 389000/581518 linking constraints...
2024-12-16 18:50:05.221 | INFO     | fastCARTA:build_cdmp_model:180 - Added 390000/581518 linking constraints...
2024-12-16 18:50:05.264 | INFO     | fastCARTA:build_cdmp_model:180 - Added 391000/581518 linking constraints...
2024-12-16 18:50:05.307 | INFO     | fastCARTA:build_cdmp_model:180 - Added 392000/581518 linking constraints...
2024-12-16 18:50:05.350 | INFO     | fastCARTA:build_cdmp_model:180 - Added 393000/581518 linking constraints...
2024-12-16 18:50:05.392 | INFO     | fastCARTA:build_cdmp_model:180 - Added 394000/581518 linking constraints...
2024-12-16 18:50:05.435 | INFO     | fastCARTA:build_cdmp_model:180 - Added 395000/581518 linking constraints...
2024-12-16 18:50:05.477 | INFO     | fastCARTA:build_cdmp_model:180 - Added 396000/581518 linking constraints...
2024-12-16 18:50:05.520 | INFO     | fastCARTA:build_cdmp_model:180 - Added 397000/581518 linking constraints...
2024-12-16 18:50:05.563 | INFO     | fastCARTA:build_cdmp_model:180 - Added 398000/581518 linking constraints...
2024-12-16 18:50:05.606 | INFO     | fastCARTA:build_cdmp_model:180 - Added 399000/581518 linking constraints...
2024-12-16 18:50:05.649 | INFO     | fastCARTA:build_cdmp_model:180 - Added 400000/581518 linking constraints...
2024-12-16 18:50:05.691 | INFO     | fastCARTA:build_cdmp_model:180 - Added 401000/581518 linking constraints...
2024-12-16 18:50:05.735 | INFO     | fastCARTA:build_cdmp_model:180 - Added 402000/581518 linking constraints...
2024-12-16 18:50:05.777 | INFO     | fastCARTA:build_cdmp_model:180 - Added 403000/581518 linking constraints...
2024-12-16 18:50:05.819 | INFO     | fastCARTA:build_cdmp_model:180 - Added 404000/581518 linking constraints...
2024-12-16 18:50:05.862 | INFO     | fastCARTA:build_cdmp_model:180 - Added 405000/581518 linking constraints...
2024-12-16 18:50:05.904 | INFO     | fastCARTA:build_cdmp_model:180 - Added 406000/581518 linking constraints...
2024-12-16 18:50:05.947 | INFO     | fastCARTA:build_cdmp_model:180 - Added 407000/581518 linking constraints...
2024-12-16 18:50:05.990 | INFO     | fastCARTA:build_cdmp_model:180 - Added 408000/581518 linking constraints...
2024-12-16 18:50:06.032 | INFO     | fastCARTA:build_cdmp_model:180 - Added 409000/581518 linking constraints...
2024-12-16 18:50:06.075 | INFO     | fastCARTA:build_cdmp_model:180 - Added 410000/581518 linking constraints...
2024-12-16 18:50:06.117 | INFO     | fastCARTA:build_cdmp_model:180 - Added 411000/581518 linking constraints...
2024-12-16 18:50:06.160 | INFO     | fastCARTA:build_cdmp_model:180 - Added 412000/581518 linking constraints...
2024-12-16 18:50:06.202 | INFO     | fastCARTA:build_cdmp_model:180 - Added 413000/581518 linking constraints...
2024-12-16 18:50:06.245 | INFO     | fastCARTA:build_cdmp_model:180 - Added 414000/581518 linking constraints...
2024-12-16 18:50:06.287 | INFO     | fastCARTA:build_cdmp_model:180 - Added 415000/581518 linking constraints...
2024-12-16 18:50:06.330 | INFO     | fastCARTA:build_cdmp_model:180 - Added 416000/581518 linking constraints...
2024-12-16 18:50:06.372 | INFO     | fastCARTA:build_cdmp_model:180 - Added 417000/581518 linking constraints...
2024-12-16 18:50:06.415 | INFO     | fastCARTA:build_cdmp_model:180 - Added 418000/581518 linking constraints...
2024-12-16 18:50:06.457 | INFO     | fastCARTA:build_cdmp_model:180 - Added 419000/581518 linking constraints...
2024-12-16 18:50:06.500 | INFO     | fastCARTA:build_cdmp_model:180 - Added 420000/581518 linking constraints...
2024-12-16 18:50:06.543 | INFO     | fastCARTA:build_cdmp_model:180 - Added 421000/581518 linking constraints...
2024-12-16 18:50:06.585 | INFO     | fastCARTA:build_cdmp_model:180 - Added 422000/581518 linking constraints...
2024-12-16 18:50:06.628 | INFO     | fastCARTA:build_cdmp_model:180 - Added 423000/581518 linking constraints...
2024-12-16 18:50:06.670 | INFO     | fastCARTA:build_cdmp_model:180 - Added 424000/581518 linking constraints...
2024-12-16 18:50:06.713 | INFO     | fastCARTA:build_cdmp_model:180 - Added 425000/581518 linking constraints...
2024-12-16 18:50:06.755 | INFO     | fastCARTA:build_cdmp_model:180 - Added 426000/581518 linking constraints...
2024-12-16 18:50:06.798 | INFO     | fastCARTA:build_cdmp_model:180 - Added 427000/581518 linking constraints...
2024-12-16 18:50:06.840 | INFO     | fastCARTA:build_cdmp_model:180 - Added 428000/581518 linking constraints...
2024-12-16 18:50:06.883 | INFO     | fastCARTA:build_cdmp_model:180 - Added 429000/581518 linking constraints...
2024-12-16 18:50:06.925 | INFO     | fastCARTA:build_cdmp_model:180 - Added 430000/581518 linking constraints...
2024-12-16 18:50:06.968 | INFO     | fastCARTA:build_cdmp_model:180 - Added 431000/581518 linking constraints...
2024-12-16 18:50:07.011 | INFO     | fastCARTA:build_cdmp_model:180 - Added 432000/581518 linking constraints...
2024-12-16 18:50:07.053 | INFO     | fastCARTA:build_cdmp_model:180 - Added 433000/581518 linking constraints...
2024-12-16 18:50:07.096 | INFO     | fastCARTA:build_cdmp_model:180 - Added 434000/581518 linking constraints...
2024-12-16 18:50:07.139 | INFO     | fastCARTA:build_cdmp_model:180 - Added 435000/581518 linking constraints...
2024-12-16 18:50:07.181 | INFO     | fastCARTA:build_cdmp_model:180 - Added 436000/581518 linking constraints...
2024-12-16 18:50:07.222 | INFO     | fastCARTA:build_cdmp_model:180 - Added 437000/581518 linking constraints...
2024-12-16 18:50:07.265 | INFO     | fastCARTA:build_cdmp_model:180 - Added 438000/581518 linking constraints...
2024-12-16 18:50:07.307 | INFO     | fastCARTA:build_cdmp_model:180 - Added 439000/581518 linking constraints...
2024-12-16 18:50:07.350 | INFO     | fastCARTA:build_cdmp_model:180 - Added 440000/581518 linking constraints...
2024-12-16 18:50:07.392 | INFO     | fastCARTA:build_cdmp_model:180 - Added 441000/581518 linking constraints...
2024-12-16 18:50:07.435 | INFO     | fastCARTA:build_cdmp_model:180 - Added 442000/581518 linking constraints...
2024-12-16 18:50:07.478 | INFO     | fastCARTA:build_cdmp_model:180 - Added 443000/581518 linking constraints...
2024-12-16 18:50:07.521 | INFO     | fastCARTA:build_cdmp_model:180 - Added 444000/581518 linking constraints...
2024-12-16 18:50:07.563 | INFO     | fastCARTA:build_cdmp_model:180 - Added 445000/581518 linking constraints...
2024-12-16 18:50:07.607 | INFO     | fastCARTA:build_cdmp_model:180 - Added 446000/581518 linking constraints...
2024-12-16 18:50:07.649 | INFO     | fastCARTA:build_cdmp_model:180 - Added 447000/581518 linking constraints...
2024-12-16 18:50:07.694 | INFO     | fastCARTA:build_cdmp_model:180 - Added 448000/581518 linking constraints...
2024-12-16 18:50:07.736 | INFO     | fastCARTA:build_cdmp_model:180 - Added 449000/581518 linking constraints...
2024-12-16 18:50:07.778 | INFO     | fastCARTA:build_cdmp_model:180 - Added 450000/581518 linking constraints...
2024-12-16 18:50:07.821 | INFO     | fastCARTA:build_cdmp_model:180 - Added 451000/581518 linking constraints...
2024-12-16 18:50:07.864 | INFO     | fastCARTA:build_cdmp_model:180 - Added 452000/581518 linking constraints...
2024-12-16 18:50:07.906 | INFO     | fastCARTA:build_cdmp_model:180 - Added 453000/581518 linking constraints...
2024-12-16 18:50:07.948 | INFO     | fastCARTA:build_cdmp_model:180 - Added 454000/581518 linking constraints...
2024-12-16 18:50:07.990 | INFO     | fastCARTA:build_cdmp_model:180 - Added 455000/581518 linking constraints...
2024-12-16 18:50:08.033 | INFO     | fastCARTA:build_cdmp_model:180 - Added 456000/581518 linking constraints...
2024-12-16 18:50:08.075 | INFO     | fastCARTA:build_cdmp_model:180 - Added 457000/581518 linking constraints...
2024-12-16 18:50:08.118 | INFO     | fastCARTA:build_cdmp_model:180 - Added 458000/581518 linking constraints...
2024-12-16 18:50:08.160 | INFO     | fastCARTA:build_cdmp_model:180 - Added 459000/581518 linking constraints...
2024-12-16 18:50:08.202 | INFO     | fastCARTA:build_cdmp_model:180 - Added 460000/581518 linking constraints...
2024-12-16 18:50:08.244 | INFO     | fastCARTA:build_cdmp_model:180 - Added 461000/581518 linking constraints...
2024-12-16 18:50:08.289 | INFO     | fastCARTA:build_cdmp_model:180 - Added 462000/581518 linking constraints...
2024-12-16 18:50:08.352 | INFO     | fastCARTA:build_cdmp_model:180 - Added 463000/581518 linking constraints...
2024-12-16 18:50:08.433 | INFO     | fastCARTA:build_cdmp_model:180 - Added 464000/581518 linking constraints...
2024-12-16 18:50:08.506 | INFO     | fastCARTA:build_cdmp_model:180 - Added 465000/581518 linking constraints...
2024-12-16 18:50:08.543 | INFO     | fastCARTA:build_cdmp_model:180 - Added 466000/581518 linking constraints...
2024-12-16 18:50:08.579 | INFO     | fastCARTA:build_cdmp_model:180 - Added 467000/581518 linking constraints...
2024-12-16 18:50:08.615 | INFO     | fastCARTA:build_cdmp_model:180 - Added 468000/581518 linking constraints...
2024-12-16 18:50:08.662 | INFO     | fastCARTA:build_cdmp_model:180 - Added 469000/581518 linking constraints...
2024-12-16 18:50:08.735 | INFO     | fastCARTA:build_cdmp_model:180 - Added 470000/581518 linking constraints...
2024-12-16 18:50:08.782 | INFO     | fastCARTA:build_cdmp_model:180 - Added 471000/581518 linking constraints...
2024-12-16 18:50:08.824 | INFO     | fastCARTA:build_cdmp_model:180 - Added 472000/581518 linking constraints...
2024-12-16 18:50:08.872 | INFO     | fastCARTA:build_cdmp_model:180 - Added 473000/581518 linking constraints...
2024-12-16 18:50:08.964 | INFO     | fastCARTA:build_cdmp_model:180 - Added 474000/581518 linking constraints...
2024-12-16 18:50:09.043 | INFO     | fastCARTA:build_cdmp_model:180 - Added 475000/581518 linking constraints...
2024-12-16 18:50:09.113 | INFO     | fastCARTA:build_cdmp_model:180 - Added 476000/581518 linking constraints...
2024-12-16 18:50:09.203 | INFO     | fastCARTA:build_cdmp_model:180 - Added 477000/581518 linking constraints...
2024-12-16 18:50:09.275 | INFO     | fastCARTA:build_cdmp_model:180 - Added 478000/581518 linking constraints...
2024-12-16 18:50:09.346 | INFO     | fastCARTA:build_cdmp_model:180 - Added 479000/581518 linking constraints...
2024-12-16 18:50:09.416 | INFO     | fastCARTA:build_cdmp_model:180 - Added 480000/581518 linking constraints...
2024-12-16 18:50:09.505 | INFO     | fastCARTA:build_cdmp_model:180 - Added 481000/581518 linking constraints...
2024-12-16 18:50:09.575 | INFO     | fastCARTA:build_cdmp_model:180 - Added 482000/581518 linking constraints...
2024-12-16 18:50:09.648 | INFO     | fastCARTA:build_cdmp_model:180 - Added 483000/581518 linking constraints...
2024-12-16 18:50:09.702 | INFO     | fastCARTA:build_cdmp_model:180 - Added 484000/581518 linking constraints...
2024-12-16 18:50:09.765 | INFO     | fastCARTA:build_cdmp_model:180 - Added 485000/581518 linking constraints...
2024-12-16 18:50:09.825 | INFO     | fastCARTA:build_cdmp_model:180 - Added 486000/581518 linking constraints...
2024-12-16 18:50:09.887 | INFO     | fastCARTA:build_cdmp_model:180 - Added 487000/581518 linking constraints...
2024-12-16 18:50:09.940 | INFO     | fastCARTA:build_cdmp_model:180 - Added 488000/581518 linking constraints...
2024-12-16 18:50:09.978 | INFO     | fastCARTA:build_cdmp_model:180 - Added 489000/581518 linking constraints...
2024-12-16 18:50:10.020 | INFO     | fastCARTA:build_cdmp_model:180 - Added 490000/581518 linking constraints...
2024-12-16 18:50:10.069 | INFO     | fastCARTA:build_cdmp_model:180 - Added 491000/581518 linking constraints...
2024-12-16 18:50:10.110 | INFO     | fastCARTA:build_cdmp_model:180 - Added 492000/581518 linking constraints...
2024-12-16 18:50:10.145 | INFO     | fastCARTA:build_cdmp_model:180 - Added 493000/581518 linking constraints...
2024-12-16 18:50:10.181 | INFO     | fastCARTA:build_cdmp_model:180 - Added 494000/581518 linking constraints...
2024-12-16 18:50:10.216 | INFO     | fastCARTA:build_cdmp_model:180 - Added 495000/581518 linking constraints...
2024-12-16 18:50:10.252 | INFO     | fastCARTA:build_cdmp_model:180 - Added 496000/581518 linking constraints...
2024-12-16 18:50:10.288 | INFO     | fastCARTA:build_cdmp_model:180 - Added 497000/581518 linking constraints...
2024-12-16 18:50:10.324 | INFO     | fastCARTA:build_cdmp_model:180 - Added 498000/581518 linking constraints...
2024-12-16 18:50:10.360 | INFO     | fastCARTA:build_cdmp_model:180 - Added 499000/581518 linking constraints...
2024-12-16 18:50:10.396 | INFO     | fastCARTA:build_cdmp_model:180 - Added 500000/581518 linking constraints...
2024-12-16 18:50:10.432 | INFO     | fastCARTA:build_cdmp_model:180 - Added 501000/581518 linking constraints...
2024-12-16 18:50:10.467 | INFO     | fastCARTA:build_cdmp_model:180 - Added 502000/581518 linking constraints...
2024-12-16 18:50:10.498 | INFO     | fastCARTA:build_cdmp_model:180 - Added 503000/581518 linking constraints...
2024-12-16 18:50:10.524 | INFO     | fastCARTA:build_cdmp_model:180 - Added 504000/581518 linking constraints...
2024-12-16 18:50:10.559 | INFO     | fastCARTA:build_cdmp_model:180 - Added 505000/581518 linking constraints...
2024-12-16 18:50:10.596 | INFO     | fastCARTA:build_cdmp_model:180 - Added 506000/581518 linking constraints...
2024-12-16 18:50:10.631 | INFO     | fastCARTA:build_cdmp_model:180 - Added 507000/581518 linking constraints...
2024-12-16 18:50:10.667 | INFO     | fastCARTA:build_cdmp_model:180 - Added 508000/581518 linking constraints...
2024-12-16 18:50:10.703 | INFO     | fastCARTA:build_cdmp_model:180 - Added 509000/581518 linking constraints...
2024-12-16 18:50:10.738 | INFO     | fastCARTA:build_cdmp_model:180 - Added 510000/581518 linking constraints...
2024-12-16 18:50:10.775 | INFO     | fastCARTA:build_cdmp_model:180 - Added 511000/581518 linking constraints...
2024-12-16 18:50:10.812 | INFO     | fastCARTA:build_cdmp_model:180 - Added 512000/581518 linking constraints...
2024-12-16 18:50:10.848 | INFO     | fastCARTA:build_cdmp_model:180 - Added 513000/581518 linking constraints...
2024-12-16 18:50:10.884 | INFO     | fastCARTA:build_cdmp_model:180 - Added 514000/581518 linking constraints...
2024-12-16 18:50:10.920 | INFO     | fastCARTA:build_cdmp_model:180 - Added 515000/581518 linking constraints...
2024-12-16 18:50:10.956 | INFO     | fastCARTA:build_cdmp_model:180 - Added 516000/581518 linking constraints...
2024-12-16 18:50:10.992 | INFO     | fastCARTA:build_cdmp_model:180 - Added 517000/581518 linking constraints...
2024-12-16 18:50:11.028 | INFO     | fastCARTA:build_cdmp_model:180 - Added 518000/581518 linking constraints...
2024-12-16 18:50:11.064 | INFO     | fastCARTA:build_cdmp_model:180 - Added 519000/581518 linking constraints...
2024-12-16 18:50:11.105 | INFO     | fastCARTA:build_cdmp_model:180 - Added 520000/581518 linking constraints...
2024-12-16 18:50:11.140 | INFO     | fastCARTA:build_cdmp_model:180 - Added 521000/581518 linking constraints...
2024-12-16 18:50:11.176 | INFO     | fastCARTA:build_cdmp_model:180 - Added 522000/581518 linking constraints...
2024-12-16 18:50:11.212 | INFO     | fastCARTA:build_cdmp_model:180 - Added 523000/581518 linking constraints...
2024-12-16 18:50:11.248 | INFO     | fastCARTA:build_cdmp_model:180 - Added 524000/581518 linking constraints...
2024-12-16 18:50:11.284 | INFO     | fastCARTA:build_cdmp_model:180 - Added 525000/581518 linking constraints...
2024-12-16 18:50:11.320 | INFO     | fastCARTA:build_cdmp_model:180 - Added 526000/581518 linking constraints...
2024-12-16 18:50:11.356 | INFO     | fastCARTA:build_cdmp_model:180 - Added 527000/581518 linking constraints...
2024-12-16 18:50:11.392 | INFO     | fastCARTA:build_cdmp_model:180 - Added 528000/581518 linking constraints...
2024-12-16 18:50:11.428 | INFO     | fastCARTA:build_cdmp_model:180 - Added 529000/581518 linking constraints...
2024-12-16 18:50:11.464 | INFO     | fastCARTA:build_cdmp_model:180 - Added 530000/581518 linking constraints...
2024-12-16 18:50:11.500 | INFO     | fastCARTA:build_cdmp_model:180 - Added 531000/581518 linking constraints...
2024-12-16 18:50:11.529 | INFO     | fastCARTA:build_cdmp_model:180 - Added 532000/581518 linking constraints...
2024-12-16 18:50:11.556 | INFO     | fastCARTA:build_cdmp_model:180 - Added 533000/581518 linking constraints...
2024-12-16 18:50:11.598 | INFO     | fastCARTA:build_cdmp_model:180 - Added 534000/581518 linking constraints...
2024-12-16 18:50:11.640 | INFO     | fastCARTA:build_cdmp_model:180 - Added 535000/581518 linking constraints...
2024-12-16 18:50:11.685 | INFO     | fastCARTA:build_cdmp_model:180 - Added 536000/581518 linking constraints...
2024-12-16 18:50:11.730 | INFO     | fastCARTA:build_cdmp_model:180 - Added 537000/581518 linking constraints...
2024-12-16 18:50:11.781 | INFO     | fastCARTA:build_cdmp_model:180 - Added 538000/581518 linking constraints...
2024-12-16 18:50:11.822 | INFO     | fastCARTA:build_cdmp_model:180 - Added 539000/581518 linking constraints...
2024-12-16 18:50:11.864 | INFO     | fastCARTA:build_cdmp_model:180 - Added 540000/581518 linking constraints...
2024-12-16 18:50:11.903 | INFO     | fastCARTA:build_cdmp_model:180 - Added 541000/581518 linking constraints...
2024-12-16 18:50:11.942 | INFO     | fastCARTA:build_cdmp_model:180 - Added 542000/581518 linking constraints...
2024-12-16 18:50:11.984 | INFO     | fastCARTA:build_cdmp_model:180 - Added 543000/581518 linking constraints...
2024-12-16 18:50:12.025 | INFO     | fastCARTA:build_cdmp_model:180 - Added 544000/581518 linking constraints...
2024-12-16 18:50:12.068 | INFO     | fastCARTA:build_cdmp_model:180 - Added 545000/581518 linking constraints...
2024-12-16 18:50:12.107 | INFO     | fastCARTA:build_cdmp_model:180 - Added 546000/581518 linking constraints...
2024-12-16 18:50:12.149 | INFO     | fastCARTA:build_cdmp_model:180 - Added 547000/581518 linking constraints...
2024-12-16 18:50:12.194 | INFO     | fastCARTA:build_cdmp_model:180 - Added 548000/581518 linking constraints...
2024-12-16 18:50:12.237 | INFO     | fastCARTA:build_cdmp_model:180 - Added 549000/581518 linking constraints...
2024-12-16 18:50:12.280 | INFO     | fastCARTA:build_cdmp_model:180 - Added 550000/581518 linking constraints...
2024-12-16 18:50:12.322 | INFO     | fastCARTA:build_cdmp_model:180 - Added 551000/581518 linking constraints...
2024-12-16 18:50:12.362 | INFO     | fastCARTA:build_cdmp_model:180 - Added 552000/581518 linking constraints...
2024-12-16 18:50:12.401 | INFO     | fastCARTA:build_cdmp_model:180 - Added 553000/581518 linking constraints...
2024-12-16 18:50:12.440 | INFO     | fastCARTA:build_cdmp_model:180 - Added 554000/581518 linking constraints...
2024-12-16 18:50:12.482 | INFO     | fastCARTA:build_cdmp_model:180 - Added 555000/581518 linking constraints...
2024-12-16 18:50:12.520 | INFO     | fastCARTA:build_cdmp_model:180 - Added 556000/581518 linking constraints...
2024-12-16 18:50:12.565 | INFO     | fastCARTA:build_cdmp_model:180 - Added 557000/581518 linking constraints...
2024-12-16 18:50:12.606 | INFO     | fastCARTA:build_cdmp_model:180 - Added 558000/581518 linking constraints...
2024-12-16 18:50:12.647 | INFO     | fastCARTA:build_cdmp_model:180 - Added 559000/581518 linking constraints...
2024-12-16 18:50:12.690 | INFO     | fastCARTA:build_cdmp_model:180 - Added 560000/581518 linking constraints...
2024-12-16 18:50:12.731 | INFO     | fastCARTA:build_cdmp_model:180 - Added 561000/581518 linking constraints...
2024-12-16 18:50:12.773 | INFO     | fastCARTA:build_cdmp_model:180 - Added 562000/581518 linking constraints...
2024-12-16 18:50:13.666 | INFO     | fastCARTA:build_cdmp_model:180 - Added 563000/581518 linking constraints...
2024-12-16 18:50:13.709 | INFO     | fastCARTA:build_cdmp_model:180 - Added 564000/581518 linking constraints...
2024-12-16 18:50:13.749 | INFO     | fastCARTA:build_cdmp_model:180 - Added 565000/581518 linking constraints...
2024-12-16 18:50:13.790 | INFO     | fastCARTA:build_cdmp_model:180 - Added 566000/581518 linking constraints...
2024-12-16 18:50:13.827 | INFO     | fastCARTA:build_cdmp_model:180 - Added 567000/581518 linking constraints...
2024-12-16 18:50:13.866 | INFO     | fastCARTA:build_cdmp_model:180 - Added 568000/581518 linking constraints...
2024-12-16 18:50:13.915 | INFO     | fastCARTA:build_cdmp_model:180 - Added 569000/581518 linking constraints...
2024-12-16 18:50:14.009 | INFO     | fastCARTA:build_cdmp_model:180 - Added 570000/581518 linking constraints...
2024-12-16 18:50:14.100 | INFO     | fastCARTA:build_cdmp_model:180 - Added 571000/581518 linking constraints...
2024-12-16 18:50:14.152 | INFO     | fastCARTA:build_cdmp_model:180 - Added 572000/581518 linking constraints...
2024-12-16 18:50:14.194 | INFO     | fastCARTA:build_cdmp_model:180 - Added 573000/581518 linking constraints...
2024-12-16 18:50:14.246 | INFO     | fastCARTA:build_cdmp_model:180 - Added 574000/581518 linking constraints...
2024-12-16 18:50:14.360 | INFO     | fastCARTA:build_cdmp_model:180 - Added 575000/581518 linking constraints...
2024-12-16 18:50:14.447 | INFO     | fastCARTA:build_cdmp_model:180 - Added 576000/581518 linking constraints...
2024-12-16 18:50:14.486 | INFO     | fastCARTA:build_cdmp_model:180 - Added 577000/581518 linking constraints...
2024-12-16 18:50:14.522 | INFO     | fastCARTA:build_cdmp_model:180 - Added 578000/581518 linking constraints...
2024-12-16 18:50:14.557 | INFO     | fastCARTA:build_cdmp_model:180 - Added 579000/581518 linking constraints...
2024-12-16 18:50:14.592 | INFO     | fastCARTA:build_cdmp_model:180 - Added 580000/581518 linking constraints...
2024-12-16 18:50:14.627 | INFO     | fastCARTA:build_cdmp_model:180 - Added 581000/581518 linking constraints...
2024-12-16 18:50:17.488 | INFO     | __main__:<module>:89 - Solving for k = 1 ...
2024-12-16 18:50:17.488 | INFO     | __main__:<module>:96 - Solving model using Gurobi...
2024-12-16 18:50:26.979 | INFO     | __main__:<module>:103 - Writing output files...
2024-12-16 18:50:30.614 | INFO     | __main__:<module>:89 - Solving for k = 2 ...
2024-12-16 18:50:30.615 | INFO     | __main__:<module>:96 - Solving model using Gurobi...
2024-12-16 18:55:43.652 | INFO     | __main__:<module>:103 - Writing output files...
2024-12-16 18:55:47.736 | INFO     | __main__:<module>:89 - Solving for k = 3 ...
2024-12-16 18:55:47.738 | INFO     | __main__:<module>:96 - Solving model using Gurobi...
2024-12-16 18:57:19.868 | INFO     | __main__:<module>:103 - Writing output files...
2024-12-16 18:57:21.993 | INFO     | __main__:<module>:89 - Solving for k = 4 ...
2024-12-16 18:57:21.993 | INFO     | __main__:<module>:96 - Solving model using Gurobi...
2024-12-16 18:58:42.527 | INFO     | __main__:<module>:103 - Writing output files...
2024-12-16 18:58:45.922 | INFO     | __main__:<module>:89 - Solving for k = 5 ...
2024-12-16 18:58:45.922 | INFO     | __main__:<module>:96 - Solving model using Gurobi...
2024-12-16 19:00:05.242 | INFO     | __main__:<module>:103 - Writing output files...
2024-12-16 19:00:07.260 | INFO     | __main__:<module>:89 - Solving for k = 6 ...
2024-12-16 19:00:07.260 | INFO     | __main__:<module>:96 - Solving model using Gurobi...
2024-12-16 19:01:10.202 | INFO     | __main__:<module>:103 - Writing output files...
2024-12-16 19:01:12.825 | INFO     | __main__:<module>:89 - Solving for k = 7 ...
2024-12-16 19:01:12.825 | INFO     | __main__:<module>:96 - Solving model using Gurobi...
2024-12-16 19:02:18.993 | INFO     | __main__:<module>:103 - Writing output files...
2024-12-16 19:02:21.086 | INFO     | __main__:<module>:89 - Solving for k = 8 ...
2024-12-16 19:02:21.086 | INFO     | __main__:<module>:96 - Solving model using Gurobi...
2024-12-16 19:03:25.257 | INFO     | __main__:<module>:103 - Writing output files...
2024-12-16 19:03:28.807 | INFO     | __main__:<module>:89 - Solving for k = 9 ...
2024-12-16 19:03:28.807 | INFO     | __main__:<module>:96 - Solving model using Gurobi...
2024-12-16 19:05:59.003 | INFO     | __main__:<module>:103 - Writing output files...
2024-12-16 19:06:01.026 | INFO     | __main__:<module>:89 - Solving for k = 10 ...
2024-12-16 19:06:01.026 | INFO     | __main__:<module>:96 - Solving model using Gurobi...
2024-12-16 19:07:04.275 | INFO     | __main__:<module>:103 - Writing output files...
