2024-12-16 18:56:39.331 | INFO     | __main__:<module>:38 - Not Enforcing Tree
2024-12-16 18:56:39.559 | INFO     | __main__:<module>:59 - Dropping 0 leaves labeled by states {None}...
2024-12-16 18:56:39.560 | INFO     | __main__:<module>:67 - Building CDMP model...
2024-12-16 18:56:39.564 | INFO     | fastCARTA:build_cdmp_model:79 - Constructing LP model for cell differentiation mapping problem (CDMP)...
2024-12-16 18:56:43.500 | INFO     | fastCARTA:build_cdmp_model:122 - 6 cell states: {'PCGLC', 'Somite', 'NMPs', 'Endothelial', 'NeuralTube', 'Endoderm'}
2024-12-16 18:56:43.501 | INFO     | fastCARTA:build_cdmp_model:123 - 64 candidate progenitors.
2024-12-16 18:56:43.501 | INFO     | fastCARTA:build_cdmp_model:124 - Number of cells: 1314
2024-12-16 18:56:43.501 | INFO     | fastCARTA:build_cdmp_model:125 - Number of decision variables: 568128
2024-12-16 18:56:49.730 | INFO     | fastCARTA:build_cdmp_model:135 - Adding edge agreement constraints...
2024-12-16 18:56:49.731 | INFO     | fastCARTA:build_cdmp_model:140 - Added edge agreement constraints for 0/3299 edges...
2024-12-16 18:56:50.060 | INFO     | fastCARTA:build_cdmp_model:140 - Added edge agreement constraints for 50/3299 edges...
2024-12-16 18:56:50.253 | INFO     | fastCARTA:build_cdmp_model:140 - Added edge agreement constraints for 100/3299 edges...
2024-12-16 18:56:50.407 | INFO     | fastCARTA:build_cdmp_model:140 - Added edge agreement constraints for 150/3299 edges...
2024-12-16 18:56:50.546 | INFO     | fastCARTA:build_cdmp_model:140 - Added edge agreement constraints for 200/3299 edges...
2024-12-16 18:56:50.713 | INFO     | fastCARTA:build_cdmp_model:140 - Added edge agreement constraints for 250/3299 edges...
2024-12-16 18:56:50.888 | INFO     | fastCARTA:build_cdmp_model:140 - Added edge agreement constraints for 300/3299 edges...
2024-12-16 18:56:51.029 | INFO     | fastCARTA:build_cdmp_model:140 - Added edge agreement constraints for 350/3299 edges...
2024-12-16 18:56:51.171 | INFO     | fastCARTA:build_cdmp_model:140 - Added edge agreement constraints for 400/3299 edges...
2024-12-16 18:56:51.275 | INFO     | fastCARTA:build_cdmp_model:140 - Added edge agreement constraints for 450/3299 edges...
2024-12-16 18:56:51.389 | INFO     | fastCARTA:build_cdmp_model:140 - Added edge agreement constraints for 500/3299 edges...
2024-12-16 18:56:51.507 | INFO     | fastCARTA:build_cdmp_model:140 - Added edge agreement constraints for 550/3299 edges...
2024-12-16 18:56:51.587 | INFO     | fastCARTA:build_cdmp_model:140 - Added edge agreement constraints for 600/3299 edges...
2024-12-16 18:56:51.700 | INFO     | fastCARTA:build_cdmp_model:140 - Added edge agreement constraints for 650/3299 edges...
2024-12-16 18:56:51.845 | INFO     | fastCARTA:build_cdmp_model:140 - Added edge agreement constraints for 700/3299 edges...
2024-12-16 18:56:51.989 | INFO     | fastCARTA:build_cdmp_model:140 - Added edge agreement constraints for 750/3299 edges...
2024-12-16 18:56:52.155 | INFO     | fastCARTA:build_cdmp_model:140 - Added edge agreement constraints for 800/3299 edges...
2024-12-16 18:56:52.212 | INFO     | fastCARTA:build_cdmp_model:140 - Added edge agreement constraints for 850/3299 edges...
2024-12-16 18:56:52.314 | INFO     | fastCARTA:build_cdmp_model:140 - Added edge agreement constraints for 900/3299 edges...
2024-12-16 18:56:52.437 | INFO     | fastCARTA:build_cdmp_model:140 - Added edge agreement constraints for 950/3299 edges...
2024-12-16 18:56:52.996 | INFO     | fastCARTA:build_cdmp_model:140 - Added edge agreement constraints for 1000/3299 edges...
2024-12-16 18:56:53.083 | INFO     | fastCARTA:build_cdmp_model:140 - Added edge agreement constraints for 1050/3299 edges...
2024-12-16 18:56:53.197 | INFO     | fastCARTA:build_cdmp_model:140 - Added edge agreement constraints for 1100/3299 edges...
2024-12-16 18:56:53.331 | INFO     | fastCARTA:build_cdmp_model:140 - Added edge agreement constraints for 1150/3299 edges...
2024-12-16 18:56:53.429 | INFO     | fastCARTA:build_cdmp_model:140 - Added edge agreement constraints for 1200/3299 edges...
2024-12-16 18:56:53.538 | INFO     | fastCARTA:build_cdmp_model:140 - Added edge agreement constraints for 1250/3299 edges...
2024-12-16 18:56:53.660 | INFO     | fastCARTA:build_cdmp_model:140 - Added edge agreement constraints for 1300/3299 edges...
2024-12-16 18:56:53.707 | INFO     | fastCARTA:build_cdmp_model:140 - Added edge agreement constraints for 1350/3299 edges...
2024-12-16 18:56:53.830 | INFO     | fastCARTA:build_cdmp_model:140 - Added edge agreement constraints for 1400/3299 edges...
2024-12-16 18:56:53.879 | INFO     | fastCARTA:build_cdmp_model:140 - Added edge agreement constraints for 1450/3299 edges...
2024-12-16 18:56:53.929 | INFO     | fastCARTA:build_cdmp_model:140 - Added edge agreement constraints for 1500/3299 edges...
2024-12-16 18:56:54.076 | INFO     | fastCARTA:build_cdmp_model:140 - Added edge agreement constraints for 1550/3299 edges...
2024-12-16 18:56:54.183 | INFO     | fastCARTA:build_cdmp_model:140 - Added edge agreement constraints for 1600/3299 edges...
2024-12-16 18:56:54.261 | INFO     | fastCARTA:build_cdmp_model:140 - Added edge agreement constraints for 1650/3299 edges...
2024-12-16 18:56:54.297 | INFO     | fastCARTA:build_cdmp_model:140 - Added edge agreement constraints for 1700/3299 edges...
2024-12-16 18:56:54.398 | INFO     | fastCARTA:build_cdmp_model:140 - Added edge agreement constraints for 1750/3299 edges...
2024-12-16 18:56:54.535 | INFO     | fastCARTA:build_cdmp_model:140 - Added edge agreement constraints for 1800/3299 edges...
2024-12-16 18:56:54.636 | INFO     | fastCARTA:build_cdmp_model:140 - Added edge agreement constraints for 1850/3299 edges...
2024-12-16 18:56:54.717 | INFO     | fastCARTA:build_cdmp_model:140 - Added edge agreement constraints for 1900/3299 edges...
2024-12-16 18:56:54.813 | INFO     | fastCARTA:build_cdmp_model:140 - Added edge agreement constraints for 1950/3299 edges...
2024-12-16 18:56:54.935 | INFO     | fastCARTA:build_cdmp_model:140 - Added edge agreement constraints for 2000/3299 edges...
2024-12-16 18:56:54.985 | INFO     | fastCARTA:build_cdmp_model:140 - Added edge agreement constraints for 2050/3299 edges...
2024-12-16 18:56:55.049 | INFO     | fastCARTA:build_cdmp_model:140 - Added edge agreement constraints for 2100/3299 edges...
2024-12-16 18:56:55.174 | INFO     | fastCARTA:build_cdmp_model:140 - Added edge agreement constraints for 2150/3299 edges...
2024-12-16 18:56:55.224 | INFO     | fastCARTA:build_cdmp_model:140 - Added edge agreement constraints for 2200/3299 edges...
2024-12-16 18:56:55.296 | INFO     | fastCARTA:build_cdmp_model:140 - Added edge agreement constraints for 2250/3299 edges...
2024-12-16 18:56:55.358 | INFO     | fastCARTA:build_cdmp_model:140 - Added edge agreement constraints for 2300/3299 edges...
2024-12-16 18:56:55.429 | INFO     | fastCARTA:build_cdmp_model:140 - Added edge agreement constraints for 2350/3299 edges...
2024-12-16 18:56:55.507 | INFO     | fastCARTA:build_cdmp_model:140 - Added edge agreement constraints for 2400/3299 edges...
2024-12-16 18:56:55.587 | INFO     | fastCARTA:build_cdmp_model:140 - Added edge agreement constraints for 2450/3299 edges...
2024-12-16 18:56:55.698 | INFO     | fastCARTA:build_cdmp_model:140 - Added edge agreement constraints for 2500/3299 edges...
2024-12-16 18:56:55.791 | INFO     | fastCARTA:build_cdmp_model:140 - Added edge agreement constraints for 2550/3299 edges...
2024-12-16 18:56:55.877 | INFO     | fastCARTA:build_cdmp_model:140 - Added edge agreement constraints for 2600/3299 edges...
2024-12-16 18:56:55.975 | INFO     | fastCARTA:build_cdmp_model:140 - Added edge agreement constraints for 2650/3299 edges...
2024-12-16 18:56:56.060 | INFO     | fastCARTA:build_cdmp_model:140 - Added edge agreement constraints for 2700/3299 edges...
2024-12-16 18:56:56.112 | INFO     | fastCARTA:build_cdmp_model:140 - Added edge agreement constraints for 2750/3299 edges...
2024-12-16 18:56:56.160 | INFO     | fastCARTA:build_cdmp_model:140 - Added edge agreement constraints for 2800/3299 edges...
2024-12-16 18:56:56.220 | INFO     | fastCARTA:build_cdmp_model:140 - Added edge agreement constraints for 2850/3299 edges...
2024-12-16 18:56:56.282 | INFO     | fastCARTA:build_cdmp_model:140 - Added edge agreement constraints for 2900/3299 edges...
2024-12-16 18:56:56.338 | INFO     | fastCARTA:build_cdmp_model:140 - Added edge agreement constraints for 2950/3299 edges...
2024-12-16 18:56:56.414 | INFO     | fastCARTA:build_cdmp_model:140 - Added edge agreement constraints for 3000/3299 edges...
2024-12-16 18:56:56.456 | INFO     | fastCARTA:build_cdmp_model:140 - Added edge agreement constraints for 3050/3299 edges...
2024-12-16 18:56:56.500 | INFO     | fastCARTA:build_cdmp_model:140 - Added edge agreement constraints for 3100/3299 edges...
2024-12-16 18:56:56.557 | INFO     | fastCARTA:build_cdmp_model:140 - Added edge agreement constraints for 3150/3299 edges...
2024-12-16 18:56:56.612 | INFO     | fastCARTA:build_cdmp_model:140 - Added edge agreement constraints for 3200/3299 edges...
2024-12-16 18:56:56.659 | INFO     | fastCARTA:build_cdmp_model:140 - Added edge agreement constraints for 3250/3299 edges...
2024-12-16 18:57:00.268 | INFO     | fastCARTA:build_cdmp_model:172 - Adding linking constraints...
2024-12-16 18:57:00.276 | INFO     | fastCARTA:build_cdmp_model:180 - Added 0/568064 linking constraints...
2024-12-16 18:57:00.318 | INFO     | fastCARTA:build_cdmp_model:180 - Added 1000/568064 linking constraints...
2024-12-16 18:57:00.352 | INFO     | fastCARTA:build_cdmp_model:180 - Added 2000/568064 linking constraints...
2024-12-16 18:57:00.385 | INFO     | fastCARTA:build_cdmp_model:180 - Added 3000/568064 linking constraints...
2024-12-16 18:57:00.417 | INFO     | fastCARTA:build_cdmp_model:180 - Added 4000/568064 linking constraints...
2024-12-16 18:57:00.449 | INFO     | fastCARTA:build_cdmp_model:180 - Added 5000/568064 linking constraints...
2024-12-16 18:57:00.482 | INFO     | fastCARTA:build_cdmp_model:180 - Added 6000/568064 linking constraints...
2024-12-16 18:57:00.516 | INFO     | fastCARTA:build_cdmp_model:180 - Added 7000/568064 linking constraints...
2024-12-16 18:57:00.554 | INFO     | fastCARTA:build_cdmp_model:180 - Added 8000/568064 linking constraints...
2024-12-16 18:57:00.588 | INFO     | fastCARTA:build_cdmp_model:180 - Added 9000/568064 linking constraints...
2024-12-16 18:57:00.621 | INFO     | fastCARTA:build_cdmp_model:180 - Added 10000/568064 linking constraints...
2024-12-16 18:57:00.654 | INFO     | fastCARTA:build_cdmp_model:180 - Added 11000/568064 linking constraints...
2024-12-16 18:57:00.687 | INFO     | fastCARTA:build_cdmp_model:180 - Added 12000/568064 linking constraints...
2024-12-16 18:57:00.721 | INFO     | fastCARTA:build_cdmp_model:180 - Added 13000/568064 linking constraints...
2024-12-16 18:57:00.755 | INFO     | fastCARTA:build_cdmp_model:180 - Added 14000/568064 linking constraints...
2024-12-16 18:57:00.789 | INFO     | fastCARTA:build_cdmp_model:180 - Added 15000/568064 linking constraints...
2024-12-16 18:57:00.823 | INFO     | fastCARTA:build_cdmp_model:180 - Added 16000/568064 linking constraints...
2024-12-16 18:57:00.856 | INFO     | fastCARTA:build_cdmp_model:180 - Added 17000/568064 linking constraints...
2024-12-16 18:57:00.890 | INFO     | fastCARTA:build_cdmp_model:180 - Added 18000/568064 linking constraints...
2024-12-16 18:57:00.924 | INFO     | fastCARTA:build_cdmp_model:180 - Added 19000/568064 linking constraints...
2024-12-16 18:57:00.957 | INFO     | fastCARTA:build_cdmp_model:180 - Added 20000/568064 linking constraints...
2024-12-16 18:57:00.991 | INFO     | fastCARTA:build_cdmp_model:180 - Added 21000/568064 linking constraints...
2024-12-16 18:57:01.024 | INFO     | fastCARTA:build_cdmp_model:180 - Added 22000/568064 linking constraints...
2024-12-16 18:57:01.058 | INFO     | fastCARTA:build_cdmp_model:180 - Added 23000/568064 linking constraints...
2024-12-16 18:57:01.091 | INFO     | fastCARTA:build_cdmp_model:180 - Added 24000/568064 linking constraints...
2024-12-16 18:57:01.124 | INFO     | fastCARTA:build_cdmp_model:180 - Added 25000/568064 linking constraints...
2024-12-16 18:57:01.156 | INFO     | fastCARTA:build_cdmp_model:180 - Added 26000/568064 linking constraints...
2024-12-16 18:57:01.188 | INFO     | fastCARTA:build_cdmp_model:180 - Added 27000/568064 linking constraints...
2024-12-16 18:57:01.221 | INFO     | fastCARTA:build_cdmp_model:180 - Added 28000/568064 linking constraints...
2024-12-16 18:57:01.253 | INFO     | fastCARTA:build_cdmp_model:180 - Added 29000/568064 linking constraints...
2024-12-16 18:57:01.285 | INFO     | fastCARTA:build_cdmp_model:180 - Added 30000/568064 linking constraints...
2024-12-16 18:57:01.317 | INFO     | fastCARTA:build_cdmp_model:180 - Added 31000/568064 linking constraints...
2024-12-16 18:57:01.349 | INFO     | fastCARTA:build_cdmp_model:180 - Added 32000/568064 linking constraints...
2024-12-16 18:57:01.370 | INFO     | fastCARTA:build_cdmp_model:180 - Added 33000/568064 linking constraints...
2024-12-16 18:57:01.400 | INFO     | fastCARTA:build_cdmp_model:180 - Added 34000/568064 linking constraints...
2024-12-16 18:57:01.434 | INFO     | fastCARTA:build_cdmp_model:180 - Added 35000/568064 linking constraints...
2024-12-16 18:57:01.469 | INFO     | fastCARTA:build_cdmp_model:180 - Added 36000/568064 linking constraints...
2024-12-16 18:57:01.502 | INFO     | fastCARTA:build_cdmp_model:180 - Added 37000/568064 linking constraints...
2024-12-16 18:57:01.536 | INFO     | fastCARTA:build_cdmp_model:180 - Added 38000/568064 linking constraints...
2024-12-16 18:57:01.571 | INFO     | fastCARTA:build_cdmp_model:180 - Added 39000/568064 linking constraints...
2024-12-16 18:57:01.610 | INFO     | fastCARTA:build_cdmp_model:180 - Added 40000/568064 linking constraints...
2024-12-16 18:57:01.643 | INFO     | fastCARTA:build_cdmp_model:180 - Added 41000/568064 linking constraints...
2024-12-16 18:57:01.676 | INFO     | fastCARTA:build_cdmp_model:180 - Added 42000/568064 linking constraints...
2024-12-16 18:57:01.710 | INFO     | fastCARTA:build_cdmp_model:180 - Added 43000/568064 linking constraints...
2024-12-16 18:57:01.743 | INFO     | fastCARTA:build_cdmp_model:180 - Added 44000/568064 linking constraints...
2024-12-16 18:57:01.776 | INFO     | fastCARTA:build_cdmp_model:180 - Added 45000/568064 linking constraints...
2024-12-16 18:57:01.808 | INFO     | fastCARTA:build_cdmp_model:180 - Added 46000/568064 linking constraints...
2024-12-16 18:57:01.841 | INFO     | fastCARTA:build_cdmp_model:180 - Added 47000/568064 linking constraints...
2024-12-16 18:57:01.873 | INFO     | fastCARTA:build_cdmp_model:180 - Added 48000/568064 linking constraints...
2024-12-16 18:57:01.906 | INFO     | fastCARTA:build_cdmp_model:180 - Added 49000/568064 linking constraints...
2024-12-16 18:57:01.938 | INFO     | fastCARTA:build_cdmp_model:180 - Added 50000/568064 linking constraints...
2024-12-16 18:57:01.971 | INFO     | fastCARTA:build_cdmp_model:180 - Added 51000/568064 linking constraints...
2024-12-16 18:57:02.003 | INFO     | fastCARTA:build_cdmp_model:180 - Added 52000/568064 linking constraints...
2024-12-16 18:57:02.036 | INFO     | fastCARTA:build_cdmp_model:180 - Added 53000/568064 linking constraints...
2024-12-16 18:57:02.072 | INFO     | fastCARTA:build_cdmp_model:180 - Added 54000/568064 linking constraints...
2024-12-16 18:57:02.106 | INFO     | fastCARTA:build_cdmp_model:180 - Added 55000/568064 linking constraints...
2024-12-16 18:57:02.139 | INFO     | fastCARTA:build_cdmp_model:180 - Added 56000/568064 linking constraints...
2024-12-16 18:57:02.179 | INFO     | fastCARTA:build_cdmp_model:180 - Added 57000/568064 linking constraints...
2024-12-16 18:57:02.212 | INFO     | fastCARTA:build_cdmp_model:180 - Added 58000/568064 linking constraints...
2024-12-16 18:57:02.245 | INFO     | fastCARTA:build_cdmp_model:180 - Added 59000/568064 linking constraints...
2024-12-16 18:57:02.278 | INFO     | fastCARTA:build_cdmp_model:180 - Added 60000/568064 linking constraints...
2024-12-16 18:57:02.311 | INFO     | fastCARTA:build_cdmp_model:180 - Added 61000/568064 linking constraints...
2024-12-16 18:57:02.344 | INFO     | fastCARTA:build_cdmp_model:180 - Added 62000/568064 linking constraints...
2024-12-16 18:57:02.377 | INFO     | fastCARTA:build_cdmp_model:180 - Added 63000/568064 linking constraints...
2024-12-16 18:57:02.410 | INFO     | fastCARTA:build_cdmp_model:180 - Added 64000/568064 linking constraints...
2024-12-16 18:57:02.443 | INFO     | fastCARTA:build_cdmp_model:180 - Added 65000/568064 linking constraints...
2024-12-16 18:57:02.476 | INFO     | fastCARTA:build_cdmp_model:180 - Added 66000/568064 linking constraints...
2024-12-16 18:57:02.508 | INFO     | fastCARTA:build_cdmp_model:180 - Added 67000/568064 linking constraints...
2024-12-16 18:57:02.555 | INFO     | fastCARTA:build_cdmp_model:180 - Added 68000/568064 linking constraints...
2024-12-16 18:57:02.605 | INFO     | fastCARTA:build_cdmp_model:180 - Added 69000/568064 linking constraints...
2024-12-16 18:57:02.639 | INFO     | fastCARTA:build_cdmp_model:180 - Added 70000/568064 linking constraints...
2024-12-16 18:57:02.681 | INFO     | fastCARTA:build_cdmp_model:180 - Added 71000/568064 linking constraints...
2024-12-16 18:57:02.724 | INFO     | fastCARTA:build_cdmp_model:180 - Added 72000/568064 linking constraints...
2024-12-16 18:57:02.769 | INFO     | fastCARTA:build_cdmp_model:180 - Added 73000/568064 linking constraints...
2024-12-16 18:57:02.814 | INFO     | fastCARTA:build_cdmp_model:180 - Added 74000/568064 linking constraints...
2024-12-16 18:57:02.858 | INFO     | fastCARTA:build_cdmp_model:180 - Added 75000/568064 linking constraints...
2024-12-16 18:57:02.901 | INFO     | fastCARTA:build_cdmp_model:180 - Added 76000/568064 linking constraints...
2024-12-16 18:57:02.941 | INFO     | fastCARTA:build_cdmp_model:180 - Added 77000/568064 linking constraints...
2024-12-16 18:57:02.978 | INFO     | fastCARTA:build_cdmp_model:180 - Added 78000/568064 linking constraints...
2024-12-16 18:57:03.010 | INFO     | fastCARTA:build_cdmp_model:180 - Added 79000/568064 linking constraints...
2024-12-16 18:57:03.042 | INFO     | fastCARTA:build_cdmp_model:180 - Added 80000/568064 linking constraints...
2024-12-16 18:57:03.074 | INFO     | fastCARTA:build_cdmp_model:180 - Added 81000/568064 linking constraints...
2024-12-16 18:57:03.106 | INFO     | fastCARTA:build_cdmp_model:180 - Added 82000/568064 linking constraints...
2024-12-16 18:57:03.140 | INFO     | fastCARTA:build_cdmp_model:180 - Added 83000/568064 linking constraints...
2024-12-16 18:57:03.173 | INFO     | fastCARTA:build_cdmp_model:180 - Added 84000/568064 linking constraints...
2024-12-16 18:57:03.203 | INFO     | fastCARTA:build_cdmp_model:180 - Added 85000/568064 linking constraints...
2024-12-16 18:57:03.240 | INFO     | fastCARTA:build_cdmp_model:180 - Added 86000/568064 linking constraints...
2024-12-16 18:57:03.276 | INFO     | fastCARTA:build_cdmp_model:180 - Added 87000/568064 linking constraints...
2024-12-16 18:57:03.309 | INFO     | fastCARTA:build_cdmp_model:180 - Added 88000/568064 linking constraints...
2024-12-16 18:57:03.342 | INFO     | fastCARTA:build_cdmp_model:180 - Added 89000/568064 linking constraints...
2024-12-16 18:57:03.376 | INFO     | fastCARTA:build_cdmp_model:180 - Added 90000/568064 linking constraints...
2024-12-16 18:57:03.410 | INFO     | fastCARTA:build_cdmp_model:180 - Added 91000/568064 linking constraints...
2024-12-16 18:57:03.443 | INFO     | fastCARTA:build_cdmp_model:180 - Added 92000/568064 linking constraints...
2024-12-16 18:57:03.476 | INFO     | fastCARTA:build_cdmp_model:180 - Added 93000/568064 linking constraints...
2024-12-16 18:57:03.510 | INFO     | fastCARTA:build_cdmp_model:180 - Added 94000/568064 linking constraints...
2024-12-16 18:57:03.542 | INFO     | fastCARTA:build_cdmp_model:180 - Added 95000/568064 linking constraints...
2024-12-16 18:57:03.574 | INFO     | fastCARTA:build_cdmp_model:180 - Added 96000/568064 linking constraints...
2024-12-16 18:57:03.606 | INFO     | fastCARTA:build_cdmp_model:180 - Added 97000/568064 linking constraints...
2024-12-16 18:57:03.638 | INFO     | fastCARTA:build_cdmp_model:180 - Added 98000/568064 linking constraints...
2024-12-16 18:57:03.670 | INFO     | fastCARTA:build_cdmp_model:180 - Added 99000/568064 linking constraints...
2024-12-16 18:57:03.702 | INFO     | fastCARTA:build_cdmp_model:180 - Added 100000/568064 linking constraints...
2024-12-16 18:57:03.735 | INFO     | fastCARTA:build_cdmp_model:180 - Added 101000/568064 linking constraints...
2024-12-16 18:57:03.768 | INFO     | fastCARTA:build_cdmp_model:180 - Added 102000/568064 linking constraints...
2024-12-16 18:57:03.800 | INFO     | fastCARTA:build_cdmp_model:180 - Added 103000/568064 linking constraints...
2024-12-16 18:57:03.833 | INFO     | fastCARTA:build_cdmp_model:180 - Added 104000/568064 linking constraints...
2024-12-16 18:57:04.407 | INFO     | fastCARTA:build_cdmp_model:180 - Added 105000/568064 linking constraints...
2024-12-16 18:57:04.429 | INFO     | fastCARTA:build_cdmp_model:180 - Added 106000/568064 linking constraints...
2024-12-16 18:57:04.449 | INFO     | fastCARTA:build_cdmp_model:180 - Added 107000/568064 linking constraints...
2024-12-16 18:57:04.470 | INFO     | fastCARTA:build_cdmp_model:180 - Added 108000/568064 linking constraints...
2024-12-16 18:57:04.503 | INFO     | fastCARTA:build_cdmp_model:180 - Added 109000/568064 linking constraints...
2024-12-16 18:57:04.536 | INFO     | fastCARTA:build_cdmp_model:180 - Added 110000/568064 linking constraints...
2024-12-16 18:57:04.568 | INFO     | fastCARTA:build_cdmp_model:180 - Added 111000/568064 linking constraints...
2024-12-16 18:57:04.600 | INFO     | fastCARTA:build_cdmp_model:180 - Added 112000/568064 linking constraints...
2024-12-16 18:57:04.633 | INFO     | fastCARTA:build_cdmp_model:180 - Added 113000/568064 linking constraints...
2024-12-16 18:57:04.666 | INFO     | fastCARTA:build_cdmp_model:180 - Added 114000/568064 linking constraints...
2024-12-16 18:57:04.698 | INFO     | fastCARTA:build_cdmp_model:180 - Added 115000/568064 linking constraints...
2024-12-16 18:57:04.730 | INFO     | fastCARTA:build_cdmp_model:180 - Added 116000/568064 linking constraints...
2024-12-16 18:57:04.762 | INFO     | fastCARTA:build_cdmp_model:180 - Added 117000/568064 linking constraints...
2024-12-16 18:57:04.796 | INFO     | fastCARTA:build_cdmp_model:180 - Added 118000/568064 linking constraints...
2024-12-16 18:57:04.828 | INFO     | fastCARTA:build_cdmp_model:180 - Added 119000/568064 linking constraints...
2024-12-16 18:57:04.861 | INFO     | fastCARTA:build_cdmp_model:180 - Added 120000/568064 linking constraints...
2024-12-16 18:57:04.893 | INFO     | fastCARTA:build_cdmp_model:180 - Added 121000/568064 linking constraints...
2024-12-16 18:57:04.926 | INFO     | fastCARTA:build_cdmp_model:180 - Added 122000/568064 linking constraints...
2024-12-16 18:57:04.958 | INFO     | fastCARTA:build_cdmp_model:180 - Added 123000/568064 linking constraints...
2024-12-16 18:57:04.991 | INFO     | fastCARTA:build_cdmp_model:180 - Added 124000/568064 linking constraints...
2024-12-16 18:57:05.023 | INFO     | fastCARTA:build_cdmp_model:180 - Added 125000/568064 linking constraints...
2024-12-16 18:57:05.056 | INFO     | fastCARTA:build_cdmp_model:180 - Added 126000/568064 linking constraints...
2024-12-16 18:57:05.088 | INFO     | fastCARTA:build_cdmp_model:180 - Added 127000/568064 linking constraints...
2024-12-16 18:57:05.127 | INFO     | fastCARTA:build_cdmp_model:180 - Added 128000/568064 linking constraints...
2024-12-16 18:57:05.160 | INFO     | fastCARTA:build_cdmp_model:180 - Added 129000/568064 linking constraints...
2024-12-16 18:57:05.193 | INFO     | fastCARTA:build_cdmp_model:180 - Added 130000/568064 linking constraints...
2024-12-16 18:57:05.225 | INFO     | fastCARTA:build_cdmp_model:180 - Added 131000/568064 linking constraints...
2024-12-16 18:57:05.257 | INFO     | fastCARTA:build_cdmp_model:180 - Added 132000/568064 linking constraints...
2024-12-16 18:57:05.290 | INFO     | fastCARTA:build_cdmp_model:180 - Added 133000/568064 linking constraints...
2024-12-16 18:57:05.322 | INFO     | fastCARTA:build_cdmp_model:180 - Added 134000/568064 linking constraints...
2024-12-16 18:57:05.354 | INFO     | fastCARTA:build_cdmp_model:180 - Added 135000/568064 linking constraints...
2024-12-16 18:57:05.387 | INFO     | fastCARTA:build_cdmp_model:180 - Added 136000/568064 linking constraints...
2024-12-16 18:57:05.420 | INFO     | fastCARTA:build_cdmp_model:180 - Added 137000/568064 linking constraints...
2024-12-16 18:57:05.452 | INFO     | fastCARTA:build_cdmp_model:180 - Added 138000/568064 linking constraints...
2024-12-16 18:57:05.485 | INFO     | fastCARTA:build_cdmp_model:180 - Added 139000/568064 linking constraints...
2024-12-16 18:57:05.517 | INFO     | fastCARTA:build_cdmp_model:180 - Added 140000/568064 linking constraints...
2024-12-16 18:57:05.550 | INFO     | fastCARTA:build_cdmp_model:180 - Added 141000/568064 linking constraints...
2024-12-16 18:57:05.583 | INFO     | fastCARTA:build_cdmp_model:180 - Added 142000/568064 linking constraints...
2024-12-16 18:57:05.615 | INFO     | fastCARTA:build_cdmp_model:180 - Added 143000/568064 linking constraints...
2024-12-16 18:57:05.648 | INFO     | fastCARTA:build_cdmp_model:180 - Added 144000/568064 linking constraints...
2024-12-16 18:57:05.680 | INFO     | fastCARTA:build_cdmp_model:180 - Added 145000/568064 linking constraints...
2024-12-16 18:57:05.713 | INFO     | fastCARTA:build_cdmp_model:180 - Added 146000/568064 linking constraints...
2024-12-16 18:57:05.745 | INFO     | fastCARTA:build_cdmp_model:180 - Added 147000/568064 linking constraints...
2024-12-16 18:57:05.778 | INFO     | fastCARTA:build_cdmp_model:180 - Added 148000/568064 linking constraints...
2024-12-16 18:57:05.810 | INFO     | fastCARTA:build_cdmp_model:180 - Added 149000/568064 linking constraints...
2024-12-16 18:57:05.843 | INFO     | fastCARTA:build_cdmp_model:180 - Added 150000/568064 linking constraints...
2024-12-16 18:57:05.875 | INFO     | fastCARTA:build_cdmp_model:180 - Added 151000/568064 linking constraints...
2024-12-16 18:57:05.914 | INFO     | fastCARTA:build_cdmp_model:180 - Added 152000/568064 linking constraints...
2024-12-16 18:57:05.948 | INFO     | fastCARTA:build_cdmp_model:180 - Added 153000/568064 linking constraints...
2024-12-16 18:57:05.981 | INFO     | fastCARTA:build_cdmp_model:180 - Added 154000/568064 linking constraints...
2024-12-16 18:57:06.013 | INFO     | fastCARTA:build_cdmp_model:180 - Added 155000/568064 linking constraints...
2024-12-16 18:57:06.046 | INFO     | fastCARTA:build_cdmp_model:180 - Added 156000/568064 linking constraints...
2024-12-16 18:57:06.079 | INFO     | fastCARTA:build_cdmp_model:180 - Added 157000/568064 linking constraints...
2024-12-16 18:57:06.111 | INFO     | fastCARTA:build_cdmp_model:180 - Added 158000/568064 linking constraints...
2024-12-16 18:57:06.144 | INFO     | fastCARTA:build_cdmp_model:180 - Added 159000/568064 linking constraints...
2024-12-16 18:57:06.177 | INFO     | fastCARTA:build_cdmp_model:180 - Added 160000/568064 linking constraints...
2024-12-16 18:57:06.209 | INFO     | fastCARTA:build_cdmp_model:180 - Added 161000/568064 linking constraints...
2024-12-16 18:57:06.242 | INFO     | fastCARTA:build_cdmp_model:180 - Added 162000/568064 linking constraints...
2024-12-16 18:57:06.274 | INFO     | fastCARTA:build_cdmp_model:180 - Added 163000/568064 linking constraints...
2024-12-16 18:57:06.307 | INFO     | fastCARTA:build_cdmp_model:180 - Added 164000/568064 linking constraints...
2024-12-16 18:57:06.339 | INFO     | fastCARTA:build_cdmp_model:180 - Added 165000/568064 linking constraints...
2024-12-16 18:57:06.372 | INFO     | fastCARTA:build_cdmp_model:180 - Added 166000/568064 linking constraints...
2024-12-16 18:57:06.404 | INFO     | fastCARTA:build_cdmp_model:180 - Added 167000/568064 linking constraints...
2024-12-16 18:57:06.437 | INFO     | fastCARTA:build_cdmp_model:180 - Added 168000/568064 linking constraints...
2024-12-16 18:57:06.469 | INFO     | fastCARTA:build_cdmp_model:180 - Added 169000/568064 linking constraints...
2024-12-16 18:57:06.502 | INFO     | fastCARTA:build_cdmp_model:180 - Added 170000/568064 linking constraints...
2024-12-16 18:57:06.535 | INFO     | fastCARTA:build_cdmp_model:180 - Added 171000/568064 linking constraints...
2024-12-16 18:57:06.569 | INFO     | fastCARTA:build_cdmp_model:180 - Added 172000/568064 linking constraints...
2024-12-16 18:57:06.602 | INFO     | fastCARTA:build_cdmp_model:180 - Added 173000/568064 linking constraints...
2024-12-16 18:57:06.634 | INFO     | fastCARTA:build_cdmp_model:180 - Added 174000/568064 linking constraints...
2024-12-16 18:57:06.666 | INFO     | fastCARTA:build_cdmp_model:180 - Added 175000/568064 linking constraints...
2024-12-16 18:57:06.700 | INFO     | fastCARTA:build_cdmp_model:180 - Added 176000/568064 linking constraints...
2024-12-16 18:57:06.740 | INFO     | fastCARTA:build_cdmp_model:180 - Added 177000/568064 linking constraints...
2024-12-16 18:57:06.779 | INFO     | fastCARTA:build_cdmp_model:180 - Added 178000/568064 linking constraints...
2024-12-16 18:57:06.817 | INFO     | fastCARTA:build_cdmp_model:180 - Added 179000/568064 linking constraints...
2024-12-16 18:57:06.855 | INFO     | fastCARTA:build_cdmp_model:180 - Added 180000/568064 linking constraints...
2024-12-16 18:57:06.890 | INFO     | fastCARTA:build_cdmp_model:180 - Added 181000/568064 linking constraints...
2024-12-16 18:57:06.923 | INFO     | fastCARTA:build_cdmp_model:180 - Added 182000/568064 linking constraints...
2024-12-16 18:57:06.956 | INFO     | fastCARTA:build_cdmp_model:180 - Added 183000/568064 linking constraints...
2024-12-16 18:57:06.988 | INFO     | fastCARTA:build_cdmp_model:180 - Added 184000/568064 linking constraints...
2024-12-16 18:57:07.021 | INFO     | fastCARTA:build_cdmp_model:180 - Added 185000/568064 linking constraints...
2024-12-16 18:57:07.053 | INFO     | fastCARTA:build_cdmp_model:180 - Added 186000/568064 linking constraints...
2024-12-16 18:57:07.085 | INFO     | fastCARTA:build_cdmp_model:180 - Added 187000/568064 linking constraints...
2024-12-16 18:57:07.117 | INFO     | fastCARTA:build_cdmp_model:180 - Added 188000/568064 linking constraints...
2024-12-16 18:57:07.150 | INFO     | fastCARTA:build_cdmp_model:180 - Added 189000/568064 linking constraints...
2024-12-16 18:57:07.183 | INFO     | fastCARTA:build_cdmp_model:180 - Added 190000/568064 linking constraints...
2024-12-16 18:57:07.224 | INFO     | fastCARTA:build_cdmp_model:180 - Added 191000/568064 linking constraints...
2024-12-16 18:57:07.256 | INFO     | fastCARTA:build_cdmp_model:180 - Added 192000/568064 linking constraints...
2024-12-16 18:57:07.289 | INFO     | fastCARTA:build_cdmp_model:180 - Added 193000/568064 linking constraints...
2024-12-16 18:57:07.321 | INFO     | fastCARTA:build_cdmp_model:180 - Added 194000/568064 linking constraints...
2024-12-16 18:57:07.353 | INFO     | fastCARTA:build_cdmp_model:180 - Added 195000/568064 linking constraints...
2024-12-16 18:57:07.386 | INFO     | fastCARTA:build_cdmp_model:180 - Added 196000/568064 linking constraints...
2024-12-16 18:57:07.418 | INFO     | fastCARTA:build_cdmp_model:180 - Added 197000/568064 linking constraints...
2024-12-16 18:57:07.451 | INFO     | fastCARTA:build_cdmp_model:180 - Added 198000/568064 linking constraints...
2024-12-16 18:57:07.483 | INFO     | fastCARTA:build_cdmp_model:180 - Added 199000/568064 linking constraints...
2024-12-16 18:57:07.515 | INFO     | fastCARTA:build_cdmp_model:180 - Added 200000/568064 linking constraints...
2024-12-16 18:57:07.548 | INFO     | fastCARTA:build_cdmp_model:180 - Added 201000/568064 linking constraints...
2024-12-16 18:57:07.577 | INFO     | fastCARTA:build_cdmp_model:180 - Added 202000/568064 linking constraints...
2024-12-16 18:57:07.609 | INFO     | fastCARTA:build_cdmp_model:180 - Added 203000/568064 linking constraints...
2024-12-16 18:57:07.642 | INFO     | fastCARTA:build_cdmp_model:180 - Added 204000/568064 linking constraints...
2024-12-16 18:57:07.674 | INFO     | fastCARTA:build_cdmp_model:180 - Added 205000/568064 linking constraints...
2024-12-16 18:57:07.704 | INFO     | fastCARTA:build_cdmp_model:180 - Added 206000/568064 linking constraints...
2024-12-16 18:57:07.723 | INFO     | fastCARTA:build_cdmp_model:180 - Added 207000/568064 linking constraints...
2024-12-16 18:57:07.743 | INFO     | fastCARTA:build_cdmp_model:180 - Added 208000/568064 linking constraints...
2024-12-16 18:57:07.763 | INFO     | fastCARTA:build_cdmp_model:180 - Added 209000/568064 linking constraints...
2024-12-16 18:57:07.797 | INFO     | fastCARTA:build_cdmp_model:180 - Added 210000/568064 linking constraints...
2024-12-16 18:57:07.831 | INFO     | fastCARTA:build_cdmp_model:180 - Added 211000/568064 linking constraints...
2024-12-16 18:57:07.865 | INFO     | fastCARTA:build_cdmp_model:180 - Added 212000/568064 linking constraints...
2024-12-16 18:57:07.898 | INFO     | fastCARTA:build_cdmp_model:180 - Added 213000/568064 linking constraints...
2024-12-16 18:57:07.933 | INFO     | fastCARTA:build_cdmp_model:180 - Added 214000/568064 linking constraints...
2024-12-16 18:57:07.967 | INFO     | fastCARTA:build_cdmp_model:180 - Added 215000/568064 linking constraints...
2024-12-16 18:57:08.003 | INFO     | fastCARTA:build_cdmp_model:180 - Added 216000/568064 linking constraints...
2024-12-16 18:57:08.040 | INFO     | fastCARTA:build_cdmp_model:180 - Added 217000/568064 linking constraints...
2024-12-16 18:57:08.077 | INFO     | fastCARTA:build_cdmp_model:180 - Added 218000/568064 linking constraints...
2024-12-16 18:57:08.117 | INFO     | fastCARTA:build_cdmp_model:180 - Added 219000/568064 linking constraints...
2024-12-16 18:57:08.158 | INFO     | fastCARTA:build_cdmp_model:180 - Added 220000/568064 linking constraints...
2024-12-16 18:57:08.202 | INFO     | fastCARTA:build_cdmp_model:180 - Added 221000/568064 linking constraints...
2024-12-16 18:57:08.235 | INFO     | fastCARTA:build_cdmp_model:180 - Added 222000/568064 linking constraints...
2024-12-16 18:57:08.270 | INFO     | fastCARTA:build_cdmp_model:180 - Added 223000/568064 linking constraints...
2024-12-16 18:57:08.302 | INFO     | fastCARTA:build_cdmp_model:180 - Added 224000/568064 linking constraints...
2024-12-16 18:57:08.335 | INFO     | fastCARTA:build_cdmp_model:180 - Added 225000/568064 linking constraints...
2024-12-16 18:57:08.368 | INFO     | fastCARTA:build_cdmp_model:180 - Added 226000/568064 linking constraints...
2024-12-16 18:57:08.401 | INFO     | fastCARTA:build_cdmp_model:180 - Added 227000/568064 linking constraints...
2024-12-16 18:57:08.434 | INFO     | fastCARTA:build_cdmp_model:180 - Added 228000/568064 linking constraints...
2024-12-16 18:57:08.467 | INFO     | fastCARTA:build_cdmp_model:180 - Added 229000/568064 linking constraints...
2024-12-16 18:57:08.499 | INFO     | fastCARTA:build_cdmp_model:180 - Added 230000/568064 linking constraints...
2024-12-16 18:57:08.532 | INFO     | fastCARTA:build_cdmp_model:180 - Added 231000/568064 linking constraints...
2024-12-16 18:57:08.565 | INFO     | fastCARTA:build_cdmp_model:180 - Added 232000/568064 linking constraints...
2024-12-16 18:57:08.597 | INFO     | fastCARTA:build_cdmp_model:180 - Added 233000/568064 linking constraints...
2024-12-16 18:57:08.631 | INFO     | fastCARTA:build_cdmp_model:180 - Added 234000/568064 linking constraints...
2024-12-16 18:57:08.663 | INFO     | fastCARTA:build_cdmp_model:180 - Added 235000/568064 linking constraints...
2024-12-16 18:57:08.696 | INFO     | fastCARTA:build_cdmp_model:180 - Added 236000/568064 linking constraints...
2024-12-16 18:57:08.729 | INFO     | fastCARTA:build_cdmp_model:180 - Added 237000/568064 linking constraints...
2024-12-16 18:57:08.761 | INFO     | fastCARTA:build_cdmp_model:180 - Added 238000/568064 linking constraints...
2024-12-16 18:57:08.794 | INFO     | fastCARTA:build_cdmp_model:180 - Added 239000/568064 linking constraints...
2024-12-16 18:57:08.824 | INFO     | fastCARTA:build_cdmp_model:180 - Added 240000/568064 linking constraints...
2024-12-16 18:57:08.845 | INFO     | fastCARTA:build_cdmp_model:180 - Added 241000/568064 linking constraints...
2024-12-16 18:57:08.885 | INFO     | fastCARTA:build_cdmp_model:180 - Added 242000/568064 linking constraints...
2024-12-16 18:57:08.918 | INFO     | fastCARTA:build_cdmp_model:180 - Added 243000/568064 linking constraints...
2024-12-16 18:57:08.951 | INFO     | fastCARTA:build_cdmp_model:180 - Added 244000/568064 linking constraints...
2024-12-16 18:57:08.984 | INFO     | fastCARTA:build_cdmp_model:180 - Added 245000/568064 linking constraints...
2024-12-16 18:57:09.017 | INFO     | fastCARTA:build_cdmp_model:180 - Added 246000/568064 linking constraints...
2024-12-16 18:57:09.049 | INFO     | fastCARTA:build_cdmp_model:180 - Added 247000/568064 linking constraints...
2024-12-16 18:57:09.082 | INFO     | fastCARTA:build_cdmp_model:180 - Added 248000/568064 linking constraints...
2024-12-16 18:57:09.114 | INFO     | fastCARTA:build_cdmp_model:180 - Added 249000/568064 linking constraints...
2024-12-16 18:57:09.147 | INFO     | fastCARTA:build_cdmp_model:180 - Added 250000/568064 linking constraints...
2024-12-16 18:57:09.179 | INFO     | fastCARTA:build_cdmp_model:180 - Added 251000/568064 linking constraints...
2024-12-16 18:57:09.212 | INFO     | fastCARTA:build_cdmp_model:180 - Added 252000/568064 linking constraints...
2024-12-16 18:57:09.245 | INFO     | fastCARTA:build_cdmp_model:180 - Added 253000/568064 linking constraints...
2024-12-16 18:57:09.278 | INFO     | fastCARTA:build_cdmp_model:180 - Added 254000/568064 linking constraints...
2024-12-16 18:57:09.310 | INFO     | fastCARTA:build_cdmp_model:180 - Added 255000/568064 linking constraints...
2024-12-16 18:57:09.343 | INFO     | fastCARTA:build_cdmp_model:180 - Added 256000/568064 linking constraints...
2024-12-16 18:57:09.376 | INFO     | fastCARTA:build_cdmp_model:180 - Added 257000/568064 linking constraints...
2024-12-16 18:57:09.409 | INFO     | fastCARTA:build_cdmp_model:180 - Added 258000/568064 linking constraints...
2024-12-16 18:57:09.441 | INFO     | fastCARTA:build_cdmp_model:180 - Added 259000/568064 linking constraints...
2024-12-16 18:57:09.474 | INFO     | fastCARTA:build_cdmp_model:180 - Added 260000/568064 linking constraints...
2024-12-16 18:57:09.507 | INFO     | fastCARTA:build_cdmp_model:180 - Added 261000/568064 linking constraints...
2024-12-16 18:57:09.539 | INFO     | fastCARTA:build_cdmp_model:180 - Added 262000/568064 linking constraints...
2024-12-16 18:57:09.572 | INFO     | fastCARTA:build_cdmp_model:180 - Added 263000/568064 linking constraints...
2024-12-16 18:57:09.605 | INFO     | fastCARTA:build_cdmp_model:180 - Added 264000/568064 linking constraints...
2024-12-16 18:57:09.637 | INFO     | fastCARTA:build_cdmp_model:180 - Added 265000/568064 linking constraints...
2024-12-16 18:57:09.671 | INFO     | fastCARTA:build_cdmp_model:180 - Added 266000/568064 linking constraints...
2024-12-16 18:57:09.710 | INFO     | fastCARTA:build_cdmp_model:180 - Added 267000/568064 linking constraints...
2024-12-16 18:57:09.745 | INFO     | fastCARTA:build_cdmp_model:180 - Added 268000/568064 linking constraints...
2024-12-16 18:57:09.780 | INFO     | fastCARTA:build_cdmp_model:180 - Added 269000/568064 linking constraints...
2024-12-16 18:57:09.814 | INFO     | fastCARTA:build_cdmp_model:180 - Added 270000/568064 linking constraints...
2024-12-16 18:57:09.848 | INFO     | fastCARTA:build_cdmp_model:180 - Added 271000/568064 linking constraints...
2024-12-16 18:57:09.884 | INFO     | fastCARTA:build_cdmp_model:180 - Added 272000/568064 linking constraints...
2024-12-16 18:57:09.918 | INFO     | fastCARTA:build_cdmp_model:180 - Added 273000/568064 linking constraints...
2024-12-16 18:57:09.954 | INFO     | fastCARTA:build_cdmp_model:180 - Added 274000/568064 linking constraints...
2024-12-16 18:57:09.988 | INFO     | fastCARTA:build_cdmp_model:180 - Added 275000/568064 linking constraints...
2024-12-16 18:57:10.022 | INFO     | fastCARTA:build_cdmp_model:180 - Added 276000/568064 linking constraints...
2024-12-16 18:57:10.056 | INFO     | fastCARTA:build_cdmp_model:180 - Added 277000/568064 linking constraints...
2024-12-16 18:57:10.090 | INFO     | fastCARTA:build_cdmp_model:180 - Added 278000/568064 linking constraints...
2024-12-16 18:57:10.124 | INFO     | fastCARTA:build_cdmp_model:180 - Added 279000/568064 linking constraints...
2024-12-16 18:57:10.158 | INFO     | fastCARTA:build_cdmp_model:180 - Added 280000/568064 linking constraints...
2024-12-16 18:57:10.192 | INFO     | fastCARTA:build_cdmp_model:180 - Added 281000/568064 linking constraints...
2024-12-16 18:57:10.226 | INFO     | fastCARTA:build_cdmp_model:180 - Added 282000/568064 linking constraints...
2024-12-16 18:57:10.260 | INFO     | fastCARTA:build_cdmp_model:180 - Added 283000/568064 linking constraints...
2024-12-16 18:57:10.294 | INFO     | fastCARTA:build_cdmp_model:180 - Added 284000/568064 linking constraints...
2024-12-16 18:57:10.328 | INFO     | fastCARTA:build_cdmp_model:180 - Added 285000/568064 linking constraints...
2024-12-16 18:57:10.362 | INFO     | fastCARTA:build_cdmp_model:180 - Added 286000/568064 linking constraints...
2024-12-16 18:57:10.396 | INFO     | fastCARTA:build_cdmp_model:180 - Added 287000/568064 linking constraints...
2024-12-16 18:57:10.430 | INFO     | fastCARTA:build_cdmp_model:180 - Added 288000/568064 linking constraints...
2024-12-16 18:57:10.464 | INFO     | fastCARTA:build_cdmp_model:180 - Added 289000/568064 linking constraints...
2024-12-16 18:57:10.503 | INFO     | fastCARTA:build_cdmp_model:180 - Added 290000/568064 linking constraints...
2024-12-16 18:57:10.537 | INFO     | fastCARTA:build_cdmp_model:180 - Added 291000/568064 linking constraints...
2024-12-16 18:57:10.570 | INFO     | fastCARTA:build_cdmp_model:180 - Added 292000/568064 linking constraints...
2024-12-16 18:57:10.604 | INFO     | fastCARTA:build_cdmp_model:180 - Added 293000/568064 linking constraints...
2024-12-16 18:57:10.638 | INFO     | fastCARTA:build_cdmp_model:180 - Added 294000/568064 linking constraints...
2024-12-16 18:57:10.671 | INFO     | fastCARTA:build_cdmp_model:180 - Added 295000/568064 linking constraints...
2024-12-16 18:57:10.703 | INFO     | fastCARTA:build_cdmp_model:180 - Added 296000/568064 linking constraints...
2024-12-16 18:57:10.735 | INFO     | fastCARTA:build_cdmp_model:180 - Added 297000/568064 linking constraints...
2024-12-16 18:57:10.768 | INFO     | fastCARTA:build_cdmp_model:180 - Added 298000/568064 linking constraints...
2024-12-16 18:57:10.800 | INFO     | fastCARTA:build_cdmp_model:180 - Added 299000/568064 linking constraints...
2024-12-16 18:57:10.832 | INFO     | fastCARTA:build_cdmp_model:180 - Added 300000/568064 linking constraints...
2024-12-16 18:57:10.866 | INFO     | fastCARTA:build_cdmp_model:180 - Added 301000/568064 linking constraints...
2024-12-16 18:57:10.899 | INFO     | fastCARTA:build_cdmp_model:180 - Added 302000/568064 linking constraints...
2024-12-16 18:57:10.932 | INFO     | fastCARTA:build_cdmp_model:180 - Added 303000/568064 linking constraints...
2024-12-16 18:57:10.964 | INFO     | fastCARTA:build_cdmp_model:180 - Added 304000/568064 linking constraints...
2024-12-16 18:57:10.997 | INFO     | fastCARTA:build_cdmp_model:180 - Added 305000/568064 linking constraints...
2024-12-16 18:57:11.029 | INFO     | fastCARTA:build_cdmp_model:180 - Added 306000/568064 linking constraints...
2024-12-16 18:57:11.062 | INFO     | fastCARTA:build_cdmp_model:180 - Added 307000/568064 linking constraints...
2024-12-16 18:57:11.703 | INFO     | fastCARTA:build_cdmp_model:180 - Added 308000/568064 linking constraints...
2024-12-16 18:57:11.737 | INFO     | fastCARTA:build_cdmp_model:180 - Added 309000/568064 linking constraints...
2024-12-16 18:57:11.770 | INFO     | fastCARTA:build_cdmp_model:180 - Added 310000/568064 linking constraints...
2024-12-16 18:57:11.804 | INFO     | fastCARTA:build_cdmp_model:180 - Added 311000/568064 linking constraints...
2024-12-16 18:57:11.837 | INFO     | fastCARTA:build_cdmp_model:180 - Added 312000/568064 linking constraints...
2024-12-16 18:57:11.870 | INFO     | fastCARTA:build_cdmp_model:180 - Added 313000/568064 linking constraints...
2024-12-16 18:57:11.903 | INFO     | fastCARTA:build_cdmp_model:180 - Added 314000/568064 linking constraints...
2024-12-16 18:57:11.935 | INFO     | fastCARTA:build_cdmp_model:180 - Added 315000/568064 linking constraints...
2024-12-16 18:57:11.968 | INFO     | fastCARTA:build_cdmp_model:180 - Added 316000/568064 linking constraints...
2024-12-16 18:57:12.001 | INFO     | fastCARTA:build_cdmp_model:180 - Added 317000/568064 linking constraints...
2024-12-16 18:57:12.034 | INFO     | fastCARTA:build_cdmp_model:180 - Added 318000/568064 linking constraints...
2024-12-16 18:57:12.060 | INFO     | fastCARTA:build_cdmp_model:180 - Added 319000/568064 linking constraints...
2024-12-16 18:57:12.085 | INFO     | fastCARTA:build_cdmp_model:180 - Added 320000/568064 linking constraints...
2024-12-16 18:57:12.118 | INFO     | fastCARTA:build_cdmp_model:180 - Added 321000/568064 linking constraints...
2024-12-16 18:57:12.150 | INFO     | fastCARTA:build_cdmp_model:180 - Added 322000/568064 linking constraints...
2024-12-16 18:57:12.183 | INFO     | fastCARTA:build_cdmp_model:180 - Added 323000/568064 linking constraints...
2024-12-16 18:57:12.216 | INFO     | fastCARTA:build_cdmp_model:180 - Added 324000/568064 linking constraints...
2024-12-16 18:57:12.248 | INFO     | fastCARTA:build_cdmp_model:180 - Added 325000/568064 linking constraints...
2024-12-16 18:57:12.281 | INFO     | fastCARTA:build_cdmp_model:180 - Added 326000/568064 linking constraints...
2024-12-16 18:57:12.314 | INFO     | fastCARTA:build_cdmp_model:180 - Added 327000/568064 linking constraints...
2024-12-16 18:57:12.334 | INFO     | fastCARTA:build_cdmp_model:180 - Added 328000/568064 linking constraints...
2024-12-16 18:57:12.355 | INFO     | fastCARTA:build_cdmp_model:180 - Added 329000/568064 linking constraints...
2024-12-16 18:57:12.383 | INFO     | fastCARTA:build_cdmp_model:180 - Added 330000/568064 linking constraints...
2024-12-16 18:57:12.416 | INFO     | fastCARTA:build_cdmp_model:180 - Added 331000/568064 linking constraints...
2024-12-16 18:57:12.449 | INFO     | fastCARTA:build_cdmp_model:180 - Added 332000/568064 linking constraints...
2024-12-16 18:57:12.482 | INFO     | fastCARTA:build_cdmp_model:180 - Added 333000/568064 linking constraints...
2024-12-16 18:57:12.515 | INFO     | fastCARTA:build_cdmp_model:180 - Added 334000/568064 linking constraints...
2024-12-16 18:57:12.549 | INFO     | fastCARTA:build_cdmp_model:180 - Added 335000/568064 linking constraints...
2024-12-16 18:57:12.582 | INFO     | fastCARTA:build_cdmp_model:180 - Added 336000/568064 linking constraints...
2024-12-16 18:57:12.615 | INFO     | fastCARTA:build_cdmp_model:180 - Added 337000/568064 linking constraints...
2024-12-16 18:57:12.648 | INFO     | fastCARTA:build_cdmp_model:180 - Added 338000/568064 linking constraints...
2024-12-16 18:57:12.681 | INFO     | fastCARTA:build_cdmp_model:180 - Added 339000/568064 linking constraints...
2024-12-16 18:57:12.714 | INFO     | fastCARTA:build_cdmp_model:180 - Added 340000/568064 linking constraints...
2024-12-16 18:57:12.754 | INFO     | fastCARTA:build_cdmp_model:180 - Added 341000/568064 linking constraints...
2024-12-16 18:57:12.789 | INFO     | fastCARTA:build_cdmp_model:180 - Added 342000/568064 linking constraints...
2024-12-16 18:57:12.822 | INFO     | fastCARTA:build_cdmp_model:180 - Added 343000/568064 linking constraints...
2024-12-16 18:57:12.856 | INFO     | fastCARTA:build_cdmp_model:180 - Added 344000/568064 linking constraints...
2024-12-16 18:57:12.889 | INFO     | fastCARTA:build_cdmp_model:180 - Added 345000/568064 linking constraints...
2024-12-16 18:57:12.922 | INFO     | fastCARTA:build_cdmp_model:180 - Added 346000/568064 linking constraints...
2024-12-16 18:57:12.955 | INFO     | fastCARTA:build_cdmp_model:180 - Added 347000/568064 linking constraints...
2024-12-16 18:57:12.989 | INFO     | fastCARTA:build_cdmp_model:180 - Added 348000/568064 linking constraints...
2024-12-16 18:57:13.021 | INFO     | fastCARTA:build_cdmp_model:180 - Added 349000/568064 linking constraints...
2024-12-16 18:57:13.055 | INFO     | fastCARTA:build_cdmp_model:180 - Added 350000/568064 linking constraints...
2024-12-16 18:57:13.087 | INFO     | fastCARTA:build_cdmp_model:180 - Added 351000/568064 linking constraints...
2024-12-16 18:57:13.120 | INFO     | fastCARTA:build_cdmp_model:180 - Added 352000/568064 linking constraints...
2024-12-16 18:57:13.153 | INFO     | fastCARTA:build_cdmp_model:180 - Added 353000/568064 linking constraints...
2024-12-16 18:57:13.187 | INFO     | fastCARTA:build_cdmp_model:180 - Added 354000/568064 linking constraints...
2024-12-16 18:57:13.220 | INFO     | fastCARTA:build_cdmp_model:180 - Added 355000/568064 linking constraints...
2024-12-16 18:57:13.253 | INFO     | fastCARTA:build_cdmp_model:180 - Added 356000/568064 linking constraints...
2024-12-16 18:57:13.287 | INFO     | fastCARTA:build_cdmp_model:180 - Added 357000/568064 linking constraints...
2024-12-16 18:57:13.321 | INFO     | fastCARTA:build_cdmp_model:180 - Added 358000/568064 linking constraints...
2024-12-16 18:57:13.356 | INFO     | fastCARTA:build_cdmp_model:180 - Added 359000/568064 linking constraints...
2024-12-16 18:57:13.402 | INFO     | fastCARTA:build_cdmp_model:180 - Added 360000/568064 linking constraints...
2024-12-16 18:57:13.437 | INFO     | fastCARTA:build_cdmp_model:180 - Added 361000/568064 linking constraints...
2024-12-16 18:57:13.471 | INFO     | fastCARTA:build_cdmp_model:180 - Added 362000/568064 linking constraints...
2024-12-16 18:57:13.506 | INFO     | fastCARTA:build_cdmp_model:180 - Added 363000/568064 linking constraints...
2024-12-16 18:57:13.542 | INFO     | fastCARTA:build_cdmp_model:180 - Added 364000/568064 linking constraints...
2024-12-16 18:57:13.581 | INFO     | fastCARTA:build_cdmp_model:180 - Added 365000/568064 linking constraints...
2024-12-16 18:57:13.614 | INFO     | fastCARTA:build_cdmp_model:180 - Added 366000/568064 linking constraints...
2024-12-16 18:57:13.647 | INFO     | fastCARTA:build_cdmp_model:180 - Added 367000/568064 linking constraints...
2024-12-16 18:57:13.681 | INFO     | fastCARTA:build_cdmp_model:180 - Added 368000/568064 linking constraints...
2024-12-16 18:57:13.715 | INFO     | fastCARTA:build_cdmp_model:180 - Added 369000/568064 linking constraints...
2024-12-16 18:57:13.749 | INFO     | fastCARTA:build_cdmp_model:180 - Added 370000/568064 linking constraints...
2024-12-16 18:57:13.783 | INFO     | fastCARTA:build_cdmp_model:180 - Added 371000/568064 linking constraints...
2024-12-16 18:57:13.817 | INFO     | fastCARTA:build_cdmp_model:180 - Added 372000/568064 linking constraints...
2024-12-16 18:57:13.851 | INFO     | fastCARTA:build_cdmp_model:180 - Added 373000/568064 linking constraints...
2024-12-16 18:57:13.885 | INFO     | fastCARTA:build_cdmp_model:180 - Added 374000/568064 linking constraints...
2024-12-16 18:57:13.919 | INFO     | fastCARTA:build_cdmp_model:180 - Added 375000/568064 linking constraints...
2024-12-16 18:57:13.953 | INFO     | fastCARTA:build_cdmp_model:180 - Added 376000/568064 linking constraints...
2024-12-16 18:57:13.987 | INFO     | fastCARTA:build_cdmp_model:180 - Added 377000/568064 linking constraints...
2024-12-16 18:57:14.021 | INFO     | fastCARTA:build_cdmp_model:180 - Added 378000/568064 linking constraints...
2024-12-16 18:57:14.061 | INFO     | fastCARTA:build_cdmp_model:180 - Added 379000/568064 linking constraints...
2024-12-16 18:57:14.095 | INFO     | fastCARTA:build_cdmp_model:180 - Added 380000/568064 linking constraints...
2024-12-16 18:57:14.129 | INFO     | fastCARTA:build_cdmp_model:180 - Added 381000/568064 linking constraints...
2024-12-16 18:57:14.163 | INFO     | fastCARTA:build_cdmp_model:180 - Added 382000/568064 linking constraints...
2024-12-16 18:57:14.197 | INFO     | fastCARTA:build_cdmp_model:180 - Added 383000/568064 linking constraints...
2024-12-16 18:57:14.231 | INFO     | fastCARTA:build_cdmp_model:180 - Added 384000/568064 linking constraints...
2024-12-16 18:57:14.265 | INFO     | fastCARTA:build_cdmp_model:180 - Added 385000/568064 linking constraints...
2024-12-16 18:57:14.299 | INFO     | fastCARTA:build_cdmp_model:180 - Added 386000/568064 linking constraints...
2024-12-16 18:57:14.333 | INFO     | fastCARTA:build_cdmp_model:180 - Added 387000/568064 linking constraints...
2024-12-16 18:57:14.367 | INFO     | fastCARTA:build_cdmp_model:180 - Added 388000/568064 linking constraints...
2024-12-16 18:57:14.401 | INFO     | fastCARTA:build_cdmp_model:180 - Added 389000/568064 linking constraints...
2024-12-16 18:57:14.435 | INFO     | fastCARTA:build_cdmp_model:180 - Added 390000/568064 linking constraints...
2024-12-16 18:57:14.469 | INFO     | fastCARTA:build_cdmp_model:180 - Added 391000/568064 linking constraints...
2024-12-16 18:57:14.503 | INFO     | fastCARTA:build_cdmp_model:180 - Added 392000/568064 linking constraints...
2024-12-16 18:57:14.536 | INFO     | fastCARTA:build_cdmp_model:180 - Added 393000/568064 linking constraints...
2024-12-16 18:57:14.571 | INFO     | fastCARTA:build_cdmp_model:180 - Added 394000/568064 linking constraints...
2024-12-16 18:57:14.610 | INFO     | fastCARTA:build_cdmp_model:180 - Added 395000/568064 linking constraints...
2024-12-16 18:57:14.644 | INFO     | fastCARTA:build_cdmp_model:180 - Added 396000/568064 linking constraints...
2024-12-16 18:57:14.678 | INFO     | fastCARTA:build_cdmp_model:180 - Added 397000/568064 linking constraints...
2024-12-16 18:57:14.711 | INFO     | fastCARTA:build_cdmp_model:180 - Added 398000/568064 linking constraints...
2024-12-16 18:57:14.744 | INFO     | fastCARTA:build_cdmp_model:180 - Added 399000/568064 linking constraints...
2024-12-16 18:57:14.777 | INFO     | fastCARTA:build_cdmp_model:180 - Added 400000/568064 linking constraints...
2024-12-16 18:57:14.809 | INFO     | fastCARTA:build_cdmp_model:180 - Added 401000/568064 linking constraints...
2024-12-16 18:57:14.842 | INFO     | fastCARTA:build_cdmp_model:180 - Added 402000/568064 linking constraints...
2024-12-16 18:57:14.876 | INFO     | fastCARTA:build_cdmp_model:180 - Added 403000/568064 linking constraints...
2024-12-16 18:57:14.909 | INFO     | fastCARTA:build_cdmp_model:180 - Added 404000/568064 linking constraints...
2024-12-16 18:57:14.942 | INFO     | fastCARTA:build_cdmp_model:180 - Added 405000/568064 linking constraints...
2024-12-16 18:57:14.975 | INFO     | fastCARTA:build_cdmp_model:180 - Added 406000/568064 linking constraints...
2024-12-16 18:57:15.007 | INFO     | fastCARTA:build_cdmp_model:180 - Added 407000/568064 linking constraints...
2024-12-16 18:57:15.040 | INFO     | fastCARTA:build_cdmp_model:180 - Added 408000/568064 linking constraints...
2024-12-16 18:57:15.073 | INFO     | fastCARTA:build_cdmp_model:180 - Added 409000/568064 linking constraints...
2024-12-16 18:57:15.106 | INFO     | fastCARTA:build_cdmp_model:180 - Added 410000/568064 linking constraints...
2024-12-16 18:57:15.138 | INFO     | fastCARTA:build_cdmp_model:180 - Added 411000/568064 linking constraints...
2024-12-16 18:57:15.171 | INFO     | fastCARTA:build_cdmp_model:180 - Added 412000/568064 linking constraints...
2024-12-16 18:57:15.204 | INFO     | fastCARTA:build_cdmp_model:180 - Added 413000/568064 linking constraints...
2024-12-16 18:57:15.236 | INFO     | fastCARTA:build_cdmp_model:180 - Added 414000/568064 linking constraints...
2024-12-16 18:57:15.269 | INFO     | fastCARTA:build_cdmp_model:180 - Added 415000/568064 linking constraints...
2024-12-16 18:57:15.302 | INFO     | fastCARTA:build_cdmp_model:180 - Added 416000/568064 linking constraints...
2024-12-16 18:57:15.335 | INFO     | fastCARTA:build_cdmp_model:180 - Added 417000/568064 linking constraints...
2024-12-16 18:57:15.367 | INFO     | fastCARTA:build_cdmp_model:180 - Added 418000/568064 linking constraints...
2024-12-16 18:57:15.400 | INFO     | fastCARTA:build_cdmp_model:180 - Added 419000/568064 linking constraints...
2024-12-16 18:57:15.433 | INFO     | fastCARTA:build_cdmp_model:180 - Added 420000/568064 linking constraints...
2024-12-16 18:57:15.466 | INFO     | fastCARTA:build_cdmp_model:180 - Added 421000/568064 linking constraints...
2024-12-16 18:57:15.506 | INFO     | fastCARTA:build_cdmp_model:180 - Added 422000/568064 linking constraints...
2024-12-16 18:57:15.540 | INFO     | fastCARTA:build_cdmp_model:180 - Added 423000/568064 linking constraints...
2024-12-16 18:57:15.573 | INFO     | fastCARTA:build_cdmp_model:180 - Added 424000/568064 linking constraints...
2024-12-16 18:57:15.607 | INFO     | fastCARTA:build_cdmp_model:180 - Added 425000/568064 linking constraints...
2024-12-16 18:57:15.640 | INFO     | fastCARTA:build_cdmp_model:180 - Added 426000/568064 linking constraints...
2024-12-16 18:57:15.672 | INFO     | fastCARTA:build_cdmp_model:180 - Added 427000/568064 linking constraints...
2024-12-16 18:57:15.705 | INFO     | fastCARTA:build_cdmp_model:180 - Added 428000/568064 linking constraints...
2024-12-16 18:57:15.738 | INFO     | fastCARTA:build_cdmp_model:180 - Added 429000/568064 linking constraints...
2024-12-16 18:57:15.771 | INFO     | fastCARTA:build_cdmp_model:180 - Added 430000/568064 linking constraints...
2024-12-16 18:57:15.804 | INFO     | fastCARTA:build_cdmp_model:180 - Added 431000/568064 linking constraints...
2024-12-16 18:57:15.836 | INFO     | fastCARTA:build_cdmp_model:180 - Added 432000/568064 linking constraints...
2024-12-16 18:57:15.869 | INFO     | fastCARTA:build_cdmp_model:180 - Added 433000/568064 linking constraints...
2024-12-16 18:57:15.901 | INFO     | fastCARTA:build_cdmp_model:180 - Added 434000/568064 linking constraints...
2024-12-16 18:57:15.933 | INFO     | fastCARTA:build_cdmp_model:180 - Added 435000/568064 linking constraints...
2024-12-16 18:57:15.967 | INFO     | fastCARTA:build_cdmp_model:180 - Added 436000/568064 linking constraints...
2024-12-16 18:57:16.000 | INFO     | fastCARTA:build_cdmp_model:180 - Added 437000/568064 linking constraints...
2024-12-16 18:57:16.032 | INFO     | fastCARTA:build_cdmp_model:180 - Added 438000/568064 linking constraints...
2024-12-16 18:57:16.065 | INFO     | fastCARTA:build_cdmp_model:180 - Added 439000/568064 linking constraints...
2024-12-16 18:57:16.098 | INFO     | fastCARTA:build_cdmp_model:180 - Added 440000/568064 linking constraints...
2024-12-16 18:57:16.130 | INFO     | fastCARTA:build_cdmp_model:180 - Added 441000/568064 linking constraints...
2024-12-16 18:57:16.163 | INFO     | fastCARTA:build_cdmp_model:180 - Added 442000/568064 linking constraints...
2024-12-16 18:57:16.196 | INFO     | fastCARTA:build_cdmp_model:180 - Added 443000/568064 linking constraints...
2024-12-16 18:57:16.229 | INFO     | fastCARTA:build_cdmp_model:180 - Added 444000/568064 linking constraints...
2024-12-16 18:57:16.261 | INFO     | fastCARTA:build_cdmp_model:180 - Added 445000/568064 linking constraints...
2024-12-16 18:57:16.294 | INFO     | fastCARTA:build_cdmp_model:180 - Added 446000/568064 linking constraints...
2024-12-16 18:57:16.327 | INFO     | fastCARTA:build_cdmp_model:180 - Added 447000/568064 linking constraints...
2024-12-16 18:57:16.359 | INFO     | fastCARTA:build_cdmp_model:180 - Added 448000/568064 linking constraints...
2024-12-16 18:57:16.392 | INFO     | fastCARTA:build_cdmp_model:180 - Added 449000/568064 linking constraints...
2024-12-16 18:57:16.425 | INFO     | fastCARTA:build_cdmp_model:180 - Added 450000/568064 linking constraints...
2024-12-16 18:57:16.457 | INFO     | fastCARTA:build_cdmp_model:180 - Added 451000/568064 linking constraints...
2024-12-16 18:57:16.489 | INFO     | fastCARTA:build_cdmp_model:180 - Added 452000/568064 linking constraints...
2024-12-16 18:57:16.526 | INFO     | fastCARTA:build_cdmp_model:180 - Added 453000/568064 linking constraints...
2024-12-16 18:57:16.563 | INFO     | fastCARTA:build_cdmp_model:180 - Added 454000/568064 linking constraints...
2024-12-16 18:57:16.597 | INFO     | fastCARTA:build_cdmp_model:180 - Added 455000/568064 linking constraints...
2024-12-16 18:57:16.631 | INFO     | fastCARTA:build_cdmp_model:180 - Added 456000/568064 linking constraints...
2024-12-16 18:57:16.665 | INFO     | fastCARTA:build_cdmp_model:180 - Added 457000/568064 linking constraints...
2024-12-16 18:57:16.699 | INFO     | fastCARTA:build_cdmp_model:180 - Added 458000/568064 linking constraints...
2024-12-16 18:57:16.731 | INFO     | fastCARTA:build_cdmp_model:180 - Added 459000/568064 linking constraints...
2024-12-16 18:57:16.764 | INFO     | fastCARTA:build_cdmp_model:180 - Added 460000/568064 linking constraints...
2024-12-16 18:57:16.796 | INFO     | fastCARTA:build_cdmp_model:180 - Added 461000/568064 linking constraints...
2024-12-16 18:57:16.829 | INFO     | fastCARTA:build_cdmp_model:180 - Added 462000/568064 linking constraints...
2024-12-16 18:57:16.862 | INFO     | fastCARTA:build_cdmp_model:180 - Added 463000/568064 linking constraints...
2024-12-16 18:57:16.894 | INFO     | fastCARTA:build_cdmp_model:180 - Added 464000/568064 linking constraints...
2024-12-16 18:57:16.927 | INFO     | fastCARTA:build_cdmp_model:180 - Added 465000/568064 linking constraints...
2024-12-16 18:57:16.960 | INFO     | fastCARTA:build_cdmp_model:180 - Added 466000/568064 linking constraints...
2024-12-16 18:57:16.993 | INFO     | fastCARTA:build_cdmp_model:180 - Added 467000/568064 linking constraints...
2024-12-16 18:57:17.025 | INFO     | fastCARTA:build_cdmp_model:180 - Added 468000/568064 linking constraints...
2024-12-16 18:57:17.059 | INFO     | fastCARTA:build_cdmp_model:180 - Added 469000/568064 linking constraints...
2024-12-16 18:57:17.092 | INFO     | fastCARTA:build_cdmp_model:180 - Added 470000/568064 linking constraints...
2024-12-16 18:57:17.125 | INFO     | fastCARTA:build_cdmp_model:180 - Added 471000/568064 linking constraints...
2024-12-16 18:57:17.157 | INFO     | fastCARTA:build_cdmp_model:180 - Added 472000/568064 linking constraints...
2024-12-16 18:57:17.190 | INFO     | fastCARTA:build_cdmp_model:180 - Added 473000/568064 linking constraints...
2024-12-16 18:57:17.222 | INFO     | fastCARTA:build_cdmp_model:180 - Added 474000/568064 linking constraints...
2024-12-16 18:57:17.255 | INFO     | fastCARTA:build_cdmp_model:180 - Added 475000/568064 linking constraints...
2024-12-16 18:57:17.288 | INFO     | fastCARTA:build_cdmp_model:180 - Added 476000/568064 linking constraints...
2024-12-16 18:57:17.320 | INFO     | fastCARTA:build_cdmp_model:180 - Added 477000/568064 linking constraints...
2024-12-16 18:57:17.353 | INFO     | fastCARTA:build_cdmp_model:180 - Added 478000/568064 linking constraints...
2024-12-16 18:57:17.385 | INFO     | fastCARTA:build_cdmp_model:180 - Added 479000/568064 linking constraints...
2024-12-16 18:57:17.418 | INFO     | fastCARTA:build_cdmp_model:180 - Added 480000/568064 linking constraints...
2024-12-16 18:57:17.451 | INFO     | fastCARTA:build_cdmp_model:180 - Added 481000/568064 linking constraints...
2024-12-16 18:57:17.490 | INFO     | fastCARTA:build_cdmp_model:180 - Added 482000/568064 linking constraints...
2024-12-16 18:57:17.525 | INFO     | fastCARTA:build_cdmp_model:180 - Added 483000/568064 linking constraints...
2024-12-16 18:57:17.558 | INFO     | fastCARTA:build_cdmp_model:180 - Added 484000/568064 linking constraints...
2024-12-16 18:57:17.591 | INFO     | fastCARTA:build_cdmp_model:180 - Added 485000/568064 linking constraints...
2024-12-16 18:57:17.624 | INFO     | fastCARTA:build_cdmp_model:180 - Added 486000/568064 linking constraints...
2024-12-16 18:57:17.656 | INFO     | fastCARTA:build_cdmp_model:180 - Added 487000/568064 linking constraints...
2024-12-16 18:57:17.689 | INFO     | fastCARTA:build_cdmp_model:180 - Added 488000/568064 linking constraints...
2024-12-16 18:57:17.722 | INFO     | fastCARTA:build_cdmp_model:180 - Added 489000/568064 linking constraints...
2024-12-16 18:57:17.754 | INFO     | fastCARTA:build_cdmp_model:180 - Added 490000/568064 linking constraints...
2024-12-16 18:57:17.787 | INFO     | fastCARTA:build_cdmp_model:180 - Added 491000/568064 linking constraints...
2024-12-16 18:57:17.820 | INFO     | fastCARTA:build_cdmp_model:180 - Added 492000/568064 linking constraints...
2024-12-16 18:57:17.852 | INFO     | fastCARTA:build_cdmp_model:180 - Added 493000/568064 linking constraints...
2024-12-16 18:57:17.885 | INFO     | fastCARTA:build_cdmp_model:180 - Added 494000/568064 linking constraints...
2024-12-16 18:57:17.917 | INFO     | fastCARTA:build_cdmp_model:180 - Added 495000/568064 linking constraints...
2024-12-16 18:57:17.950 | INFO     | fastCARTA:build_cdmp_model:180 - Added 496000/568064 linking constraints...
2024-12-16 18:57:17.983 | INFO     | fastCARTA:build_cdmp_model:180 - Added 497000/568064 linking constraints...
2024-12-16 18:57:18.015 | INFO     | fastCARTA:build_cdmp_model:180 - Added 498000/568064 linking constraints...
2024-12-16 18:57:18.048 | INFO     | fastCARTA:build_cdmp_model:180 - Added 499000/568064 linking constraints...
2024-12-16 18:57:18.081 | INFO     | fastCARTA:build_cdmp_model:180 - Added 500000/568064 linking constraints...
2024-12-16 18:57:18.113 | INFO     | fastCARTA:build_cdmp_model:180 - Added 501000/568064 linking constraints...
2024-12-16 18:57:18.146 | INFO     | fastCARTA:build_cdmp_model:180 - Added 502000/568064 linking constraints...
2024-12-16 18:57:18.182 | INFO     | fastCARTA:build_cdmp_model:180 - Added 503000/568064 linking constraints...
2024-12-16 18:57:18.219 | INFO     | fastCARTA:build_cdmp_model:180 - Added 504000/568064 linking constraints...
2024-12-16 18:57:18.252 | INFO     | fastCARTA:build_cdmp_model:180 - Added 505000/568064 linking constraints...
2024-12-16 18:57:18.285 | INFO     | fastCARTA:build_cdmp_model:180 - Added 506000/568064 linking constraints...
2024-12-16 18:57:18.318 | INFO     | fastCARTA:build_cdmp_model:180 - Added 507000/568064 linking constraints...
2024-12-16 18:57:18.351 | INFO     | fastCARTA:build_cdmp_model:180 - Added 508000/568064 linking constraints...
2024-12-16 18:57:18.384 | INFO     | fastCARTA:build_cdmp_model:180 - Added 509000/568064 linking constraints...
2024-12-16 18:57:18.416 | INFO     | fastCARTA:build_cdmp_model:180 - Added 510000/568064 linking constraints...
2024-12-16 18:57:18.449 | INFO     | fastCARTA:build_cdmp_model:180 - Added 511000/568064 linking constraints...
2024-12-16 18:57:18.481 | INFO     | fastCARTA:build_cdmp_model:180 - Added 512000/568064 linking constraints...
2024-12-16 18:57:18.515 | INFO     | fastCARTA:build_cdmp_model:180 - Added 513000/568064 linking constraints...
2024-12-16 18:57:18.547 | INFO     | fastCARTA:build_cdmp_model:180 - Added 514000/568064 linking constraints...
2024-12-16 18:57:18.580 | INFO     | fastCARTA:build_cdmp_model:180 - Added 515000/568064 linking constraints...
2024-12-16 18:57:18.613 | INFO     | fastCARTA:build_cdmp_model:180 - Added 516000/568064 linking constraints...
2024-12-16 18:57:18.645 | INFO     | fastCARTA:build_cdmp_model:180 - Added 517000/568064 linking constraints...
2024-12-16 18:57:18.678 | INFO     | fastCARTA:build_cdmp_model:180 - Added 518000/568064 linking constraints...
2024-12-16 18:57:18.710 | INFO     | fastCARTA:build_cdmp_model:180 - Added 519000/568064 linking constraints...
2024-12-16 18:57:18.743 | INFO     | fastCARTA:build_cdmp_model:180 - Added 520000/568064 linking constraints...
2024-12-16 18:57:18.777 | INFO     | fastCARTA:build_cdmp_model:180 - Added 521000/568064 linking constraints...
2024-12-16 18:57:18.805 | INFO     | fastCARTA:build_cdmp_model:180 - Added 522000/568064 linking constraints...
2024-12-16 18:57:18.841 | INFO     | fastCARTA:build_cdmp_model:180 - Added 523000/568064 linking constraints...
2024-12-16 18:57:18.877 | INFO     | fastCARTA:build_cdmp_model:180 - Added 524000/568064 linking constraints...
2024-12-16 18:57:18.914 | INFO     | fastCARTA:build_cdmp_model:180 - Added 525000/568064 linking constraints...
2024-12-16 18:57:18.949 | INFO     | fastCARTA:build_cdmp_model:180 - Added 526000/568064 linking constraints...
2024-12-16 18:57:18.986 | INFO     | fastCARTA:build_cdmp_model:180 - Added 527000/568064 linking constraints...
2024-12-16 18:57:19.021 | INFO     | fastCARTA:build_cdmp_model:180 - Added 528000/568064 linking constraints...
2024-12-16 18:57:19.041 | INFO     | fastCARTA:build_cdmp_model:180 - Added 529000/568064 linking constraints...
2024-12-16 18:57:19.061 | INFO     | fastCARTA:build_cdmp_model:180 - Added 530000/568064 linking constraints...
2024-12-16 18:57:19.081 | INFO     | fastCARTA:build_cdmp_model:180 - Added 531000/568064 linking constraints...
2024-12-16 18:57:19.102 | INFO     | fastCARTA:build_cdmp_model:180 - Added 532000/568064 linking constraints...
2024-12-16 18:57:19.122 | INFO     | fastCARTA:build_cdmp_model:180 - Added 533000/568064 linking constraints...
2024-12-16 18:57:19.142 | INFO     | fastCARTA:build_cdmp_model:180 - Added 534000/568064 linking constraints...
2024-12-16 18:57:19.163 | INFO     | fastCARTA:build_cdmp_model:180 - Added 535000/568064 linking constraints...
2024-12-16 18:57:19.183 | INFO     | fastCARTA:build_cdmp_model:180 - Added 536000/568064 linking constraints...
2024-12-16 18:57:19.203 | INFO     | fastCARTA:build_cdmp_model:180 - Added 537000/568064 linking constraints...
2024-12-16 18:57:19.224 | INFO     | fastCARTA:build_cdmp_model:180 - Added 538000/568064 linking constraints...
2024-12-16 18:57:19.244 | INFO     | fastCARTA:build_cdmp_model:180 - Added 539000/568064 linking constraints...
2024-12-16 18:57:19.265 | INFO     | fastCARTA:build_cdmp_model:180 - Added 540000/568064 linking constraints...
2024-12-16 18:57:19.285 | INFO     | fastCARTA:build_cdmp_model:180 - Added 541000/568064 linking constraints...
2024-12-16 18:57:19.306 | INFO     | fastCARTA:build_cdmp_model:180 - Added 542000/568064 linking constraints...
2024-12-16 18:57:19.327 | INFO     | fastCARTA:build_cdmp_model:180 - Added 543000/568064 linking constraints...
2024-12-16 18:57:19.347 | INFO     | fastCARTA:build_cdmp_model:180 - Added 544000/568064 linking constraints...
2024-12-16 18:57:19.367 | INFO     | fastCARTA:build_cdmp_model:180 - Added 545000/568064 linking constraints...
2024-12-16 18:57:19.388 | INFO     | fastCARTA:build_cdmp_model:180 - Added 546000/568064 linking constraints...
2024-12-16 18:57:19.408 | INFO     | fastCARTA:build_cdmp_model:180 - Added 547000/568064 linking constraints...
2024-12-16 18:57:19.429 | INFO     | fastCARTA:build_cdmp_model:180 - Added 548000/568064 linking constraints...
2024-12-16 18:57:19.449 | INFO     | fastCARTA:build_cdmp_model:180 - Added 549000/568064 linking constraints...
2024-12-16 18:57:19.469 | INFO     | fastCARTA:build_cdmp_model:180 - Added 550000/568064 linking constraints...
2024-12-16 18:57:19.496 | INFO     | fastCARTA:build_cdmp_model:180 - Added 551000/568064 linking constraints...
2024-12-16 18:57:19.517 | INFO     | fastCARTA:build_cdmp_model:180 - Added 552000/568064 linking constraints...
2024-12-16 18:57:19.537 | INFO     | fastCARTA:build_cdmp_model:180 - Added 553000/568064 linking constraints...
2024-12-16 18:57:19.557 | INFO     | fastCARTA:build_cdmp_model:180 - Added 554000/568064 linking constraints...
2024-12-16 18:57:19.578 | INFO     | fastCARTA:build_cdmp_model:180 - Added 555000/568064 linking constraints...
2024-12-16 18:57:19.598 | INFO     | fastCARTA:build_cdmp_model:180 - Added 556000/568064 linking constraints...
2024-12-16 18:57:19.619 | INFO     | fastCARTA:build_cdmp_model:180 - Added 557000/568064 linking constraints...
2024-12-16 18:57:19.639 | INFO     | fastCARTA:build_cdmp_model:180 - Added 558000/568064 linking constraints...
2024-12-16 18:57:19.660 | INFO     | fastCARTA:build_cdmp_model:180 - Added 559000/568064 linking constraints...
2024-12-16 18:57:19.680 | INFO     | fastCARTA:build_cdmp_model:180 - Added 560000/568064 linking constraints...
2024-12-16 18:57:20.318 | INFO     | fastCARTA:build_cdmp_model:180 - Added 561000/568064 linking constraints...
2024-12-16 18:57:20.339 | INFO     | fastCARTA:build_cdmp_model:180 - Added 562000/568064 linking constraints...
2024-12-16 18:57:20.359 | INFO     | fastCARTA:build_cdmp_model:180 - Added 563000/568064 linking constraints...
2024-12-16 18:57:20.379 | INFO     | fastCARTA:build_cdmp_model:180 - Added 564000/568064 linking constraints...
2024-12-16 18:57:20.400 | INFO     | fastCARTA:build_cdmp_model:180 - Added 565000/568064 linking constraints...
2024-12-16 18:57:20.420 | INFO     | fastCARTA:build_cdmp_model:180 - Added 566000/568064 linking constraints...
2024-12-16 18:57:20.441 | INFO     | fastCARTA:build_cdmp_model:180 - Added 567000/568064 linking constraints...
2024-12-16 18:57:20.461 | INFO     | fastCARTA:build_cdmp_model:180 - Added 568000/568064 linking constraints...
2024-12-16 18:57:22.124 | INFO     | __main__:<module>:89 - Solving for k = 1 ...
2024-12-16 18:57:22.125 | INFO     | __main__:<module>:96 - Solving model using Gurobi...
2024-12-16 18:57:28.048 | INFO     | __main__:<module>:103 - Writing output files...
2024-12-16 18:57:31.176 | INFO     | __main__:<module>:89 - Solving for k = 2 ...
2024-12-16 18:57:31.176 | INFO     | __main__:<module>:96 - Solving model using Gurobi...
2024-12-16 19:01:28.826 | INFO     | __main__:<module>:103 - Writing output files...
2024-12-16 19:01:31.595 | INFO     | __main__:<module>:89 - Solving for k = 3 ...
2024-12-16 19:01:31.595 | INFO     | __main__:<module>:96 - Solving model using Gurobi...
2024-12-16 19:02:59.728 | INFO     | __main__:<module>:103 - Writing output files...
2024-12-16 19:03:01.695 | INFO     | __main__:<module>:89 - Solving for k = 4 ...
2024-12-16 19:03:01.696 | INFO     | __main__:<module>:96 - Solving model using Gurobi...
2024-12-16 19:04:28.286 | INFO     | __main__:<module>:103 - Writing output files...
2024-12-16 19:04:30.446 | INFO     | __main__:<module>:89 - Solving for k = 5 ...
2024-12-16 19:04:30.447 | INFO     | __main__:<module>:96 - Solving model using Gurobi...
2024-12-16 19:05:38.799 | INFO     | __main__:<module>:103 - Writing output files...
2024-12-16 19:05:40.776 | INFO     | __main__:<module>:89 - Solving for k = 6 ...
2024-12-16 19:05:40.776 | INFO     | __main__:<module>:96 - Solving model using Gurobi...
2024-12-16 19:06:41.686 | INFO     | __main__:<module>:103 - Writing output files...
2024-12-16 19:06:43.694 | INFO     | __main__:<module>:89 - Solving for k = 7 ...
2024-12-16 19:06:43.695 | INFO     | __main__:<module>:96 - Solving model using Gurobi...
2024-12-16 19:07:47.313 | INFO     | __main__:<module>:103 - Writing output files...
2024-12-16 19:07:49.966 | INFO     | __main__:<module>:89 - Solving for k = 8 ...
2024-12-16 19:07:49.966 | INFO     | __main__:<module>:96 - Solving model using Gurobi...
2024-12-16 19:08:52.240 | INFO     | __main__:<module>:103 - Writing output files...
2024-12-16 19:08:54.138 | INFO     | __main__:<module>:89 - Solving for k = 9 ...
2024-12-16 19:08:54.139 | INFO     | __main__:<module>:96 - Solving model using Gurobi...
2024-12-16 19:10:02.090 | INFO     | __main__:<module>:103 - Writing output files...
2024-12-16 19:10:04.062 | INFO     | __main__:<module>:89 - Solving for k = 10 ...
2024-12-16 19:10:04.063 | INFO     | __main__:<module>:96 - Solving model using Gurobi...
2024-12-16 19:10:51.325 | INFO     | __main__:<module>:103 - Writing output files...
